243,243,2025-02-04 19:09:14.5508984,20001,Info,Microsoft-Windows-UserPnp,System,1704,1720,37L4247F27-25,1,S-1-5-18,Device installation,,,DriverDescription: Generic Bus,InstallStatus: Installation Successful,IsDriverOEM: False,UpgradeDevice: False,RebootOption: False,DeviceInstanceID: ACPI\PNP0A05\57,FileRepository\machine.inf_amd64_neutral_a2f120466549d68b\machine.inf,False,example_files\original\C\Windows\System32\winevt\logs\System.evtx,Classic,0,"{""UserData"":{""InstallDeviceID"":{""DriverName"":""FileRepository\\machine.inf_amd64_neutral_a2f120466549d68b\\machine.inf"",""DriverVersion"":""6.1.7601.17514"",""DriverProvider"":""Microsoft"",""DeviceInstanceID"":""ACPI\\PNP0A05\\57"",""SetupClass"":""4d36e97d-e325-11ce-bfc1-08002be10318"",""RebootOption"":""False"",""UpgradeDevice"":""False"",""IsDriverOEM"":""False"",""InstallStatus"":""0x0"",""DriverDescription"":""Generic Bus""}}}"
244,244,2025-02-04 19:09:15.0344993,20001,Info,Microsoft-Windows-UserPnp,System,1728,1812,37L4247F27-25,1,S-1-5-18,Device installation,,,DriverDescription: Generic Bus,InstallStatus: Installation Successful,IsDriverOEM: False,UpgradeDevice: False,RebootOption: False,DeviceInstanceID: ACPI\PNP0A05\20,FileRepository\machine.inf_amd64_neutral_a2f120466549d68b\machine.inf,False,example_files\original\C\Windows\System32\winevt\logs\System.evtx,Classic,0,"{""UserData"":{""InstallDeviceID"":{""DriverName"":""FileRepository\\machine.inf_amd64_neutral_a2f120466549d68b\\machine.inf"",""DriverVersion"":""6.1.7601.17514"",""DriverProvider"":""Microsoft"",""DeviceInstanceID"":""ACPI\\PNP0A05\\20"",""SetupClass"":""4d36e97d-e325-11ce-bfc1-08002be10318"",""RebootOption"":""False"",""UpgradeDevice"":""False"",""IsDriverOEM"":""False"",""InstallStatus"":""0x0"",""DriverDescription"":""Generic Bus""}}}"
245,245,2025-02-04 19:09:15.2684997,20001,Info,Microsoft-Windows-UserPnp,System,1972,1932,37L4247F27-25,1,S-1-5-18,Device installation,,,DriverDescription: Generic Bus,InstallStatus: Installation Successful,IsDriverOEM: False,UpgradeDevice: False,RebootOption: False,DeviceInstanceID: ACPI\PNP0A05\58,FileRepository\machine.inf_amd64_neutral_a2f120466549d68b\machine.inf,False,example_files\original\C\Windows\System32\winevt\logs\System.evtx,Classic,0,"{""UserData"":{""InstallDeviceID"":{""DriverName"":""FileRepository\\machine.inf_amd64_neutral_a2f120466549d68b\\machine.inf"",""DriverVersion"":""6.1.7601.17514"",""DriverProvider"":""Microsoft"",""DeviceInstanceID"":""ACPI\\PNP0A05\\58"",""SetupClass"":""4d36e97d-e325-11ce-bfc1-08002be10318"",""RebootOption"":""False"",""UpgradeDevice"":""False"",""IsDriverOEM"":""False"",""InstallStatus"":""0x0"",""DriverDescription"":""Generic Bus""}}}"
246,246,2025-02-04 19:09:15.5961003,20001,Info,Microsoft-Windows-UserPnp,System,1864,1936,37L4247F27-25,1,S-1-5-18,Device installation,,,DriverDescription: Generic Bus,InstallStatus: Installation Successful,IsDriverOEM: False,UpgradeDevice: False,RebootOption: False,DeviceInstanceID: ACPI\PNP0A05\21,FileRepository\machine.inf_amd64_neutral_a2f120466549d68b\machine.inf,False,example_files\original\C\Windows\System32\winevt\logs\System.evtx,Classic,0,"{""UserData"":{""InstallDeviceID"":{""DriverName"":""FileRepository\\machine.inf_amd64_neutral_a2f120466549d68b\\machine.inf"",""DriverVersion"":""6.1.7601.17514"",""DriverProvider"":""Microsoft"",""DeviceInstanceID"":""ACPI\\PNP0A05\\21"",""SetupClass"":""4d36e97d-e325-11ce-bfc1-08002be10318"",""RebootOption"":""False"",""UpgradeDevice"":""False"",""IsDriverOEM"":""False"",""InstallStatus"":""0x0"",""DriverDescription"":""Generic Bus""}}}"
247,247,2025-02-04 19:09:15.9705009,20001,Info,Microsoft-Windows-UserPnp,System,1920,2008,37L4247F27-25,1,S-1-5-18,Device installation,,,DriverDescription: Generic Bus,InstallStatus: Installation Successful,IsDriverOEM: False,UpgradeDevice: False,RebootOption: False,DeviceInstanceID: ACPI\PNP0A05\3D,FileRepository\machine.inf_amd64_neutral_a2f120466549d68b\machine.inf,False,example_files\original\C\Windows\System32\winevt\logs\System.evtx,Classic,0,"{""UserData"":{""InstallDeviceID"":{""DriverName"":""FileRepository\\machine.inf_amd64_neutral_a2f120466549d68b\\machine.inf"",""DriverVersion"":""6.1.7601.17514"",""DriverProvider"":""Microsoft"",""DeviceInstanceID"":""ACPI\\PNP0A05\\3D"",""SetupClass"":""4d36e97d-e325-11ce-bfc1-08002be10318"",""RebootOption"":""False"",""UpgradeDevice"":""False"",""IsDriverOEM"":""False"",""InstallStatus"":""0x0"",""DriverDescription"":""Generic Bus""}}}"
248,248,2025-02-04 19:09:16.1577013,20003,Info,Microsoft-Windows-UserPnp,System,872,2020,37L4247F27-25,1,S-1-5-18,Service installation,,,ServiceName: pci,AddServiceStatus: Unknown code (0),,UpdateService: True,PrimaryService: True,DeviceInstanceID: PCI\VEN_15AD&amp;DEV_07A0&amp;SUBSYS_07A015AD&amp;REV_01\3&amp;2B8E0B4B&amp;0&amp;B1,system32\DRIVERS\pci.sys,False,example_files\original\C\Windows\System32\winevt\logs\System.evtx,Classic,0,"{""UserData"":{""AddServiceID"":{""ServiceName"":""pci"",""DriverFileName"":""system32\\DRIVERS\\pci.sys"",""DeviceInstanceID"":""PCI\\VEN_15AD&amp;DEV_07A0&amp;SUBSYS_07A015AD&amp;REV_01\\3&amp;2B8E0B4B&amp;0&amp;B1"",""PrimaryService"":""True"",""UpdateService"":""True"",""AddServiceStatus"":""0""}}}"
249,249,2025-02-04 19:09:16.4073017,20001,Info,Microsoft-Windows-UserPnp,System,872,2020,37L4247F27-25,1,S-1-5-18,Device installation,,,DriverDescription: PCI Express standard Root Port,InstallStatus: Installation Successful,IsDriverOEM: False,UpgradeDevice: False,RebootOption: False,DeviceInstanceID: PCI\VEN_15AD&amp;DEV_07A0&amp;SUBSYS_07A015AD&amp;REV_01\3&amp;2B8E0B4B&amp;0&amp;B1,FileRepository\machine.inf_amd64_neutral_a2f120466549d68b\machine.inf,False,example_files\original\C\Windows\System32\winevt\logs\System.evtx,Classic,0,"{""UserData"":{""InstallDeviceID"":{""DriverName"":""FileRepository\\machine.inf_amd64_neutral_a2f120466549d68b\\machine.inf"",""DriverVersion"":""6.1.7601.17514"",""DriverProvider"":""Microsoft"",""DeviceInstanceID"":""PCI\\VEN_15AD&amp;DEV_07A0&amp;SUBSYS_07A015AD&amp;REV_01\\3&amp;2B8E0B4B&amp;0&amp;B1"",""SetupClass"":""4d36e97d-e325-11ce-bfc1-08002be10318"",""RebootOption"":""False"",""UpgradeDevice"":""False"",""IsDriverOEM"":""False"",""InstallStatus"":""0x0"",""DriverDescription"":""PCI Express standard Root Port""}}}"
250,250,2025-02-04 19:09:16.5165019,20003,Info,Microsoft-Windows-UserPnp,System,2016,1124,37L4247F27-25,1,S-1-5-18,Service installation,,,ServiceName: pci,AddServiceStatus: Unknown code (0),,UpdateService: True,PrimaryService: True,DeviceInstanceID: PCI\VEN_15AD&amp;DEV_07A0&amp;SUBSYS_07A015AD&amp;REV_01\3&amp;2B8E0B4B&amp;0&amp;A9,system32\DRIVERS\pci.sys,False,example_files\original\C\Windows\System32\winevt\logs\System.evtx,Classic,0,"{""UserData"":{""AddServiceID"":{""ServiceName"":""pci"",""DriverFileName"":""system32\\DRIVERS\\pci.sys"",""DeviceInstanceID"":""PCI\\VEN_15AD&amp;DEV_07A0&amp;SUBSYS_07A015AD&amp;REV_01\\3&amp;2B8E0B4B&amp;0&amp;A9"",""PrimaryService"":""True"",""UpdateService"":""True"",""AddServiceStatus"":""0""}}}"
251,251,2025-02-04 19:09:16.7661023,20001,Info,Microsoft-Windows-UserPnp,System,2016,1124,37L4247F27-25,1,S-1-5-18,Device installation,,,DriverDescription: PCI Express standard Root Port,InstallStatus: Installation Successful,IsDriverOEM: False,UpgradeDevice: False,RebootOption: False,DeviceInstanceID: PCI\VEN_15AD&amp;DEV_07A0&amp;SUBSYS_07A015AD&amp;REV_01\3&amp;2B8E0B4B&amp;0&amp;A9,FileRepository\machine.inf_amd64_neutral_a2f120466549d68b\machine.inf,False,example_files\original\C\Windows\System32\winevt\logs\System.evtx,Classic,0,"{""UserData"":{""InstallDeviceID"":{""DriverName"":""FileRepository\\machine.inf_amd64_neutral_a2f120466549d68b\\machine.inf"",""DriverVersion"":""6.1.7601.17514"",""DriverProvider"":""Microsoft"",""DeviceInstanceID"":""PCI\\VEN_15AD&amp;DEV_07A0&amp;SUBSYS_07A015AD&amp;REV_01\\3&amp;2B8E0B4B&amp;0&amp;A9"",""SetupClass"":""4d36e97d-e325-11ce-bfc1-08002be10318"",""RebootOption"":""False"",""UpgradeDevice"":""False"",""IsDriverOEM"":""False"",""InstallStatus"":""0x0"",""DriverDescription"":""PCI Express standard Root Port""}}}"
252,252,2025-02-04 19:09:16.9533027,20003,Info,Microsoft-Windows-UserPnp,System,1984,1252,37L4247F27-25,1,S-1-5-18,Service installation,,,ServiceName: pci,AddServiceStatus: Unknown code (0),,UpdateService: True,PrimaryService: True,DeviceInstanceID: PCI\VEN_15AD&amp;DEV_07A0&amp;SUBSYS_07A015AD&amp;REV_01\3&amp;2B8E0B4B&amp;0&amp;B9,system32\DRIVERS\pci.sys,False,example_files\original\C\Windows\System32\winevt\logs\System.evtx,Classic,0,"{""UserData"":{""AddServiceID"":{""ServiceName"":""pci"",""DriverFileName"":""system32\\DRIVERS\\pci.sys"",""DeviceInstanceID"":""PCI\\VEN_15AD&amp;DEV_07A0&amp;SUBSYS_07A015AD&amp;REV_01\\3&amp;2B8E0B4B&amp;0&amp;B9"",""PrimaryService"":""True"",""UpdateService"":""True"",""AddServiceStatus"":""0""}}}"
253,253,2025-02-04 19:09:17.1717030,20001,Info,Microsoft-Windows-UserPnp,System,1984,1252,37L4247F27-25,1,S-1-5-18,Device installation,,,DriverDescription: PCI Express standard Root Port,InstallStatus: Installation Successful,IsDriverOEM: False,UpgradeDevice: False,RebootOption: False,DeviceInstanceID: PCI\VEN_15AD&amp;DEV_07A0&amp;SUBSYS_07A015AD&amp;REV_01\3&amp;2B8E0B4B&amp;0&amp;B9,FileRepository\machine.inf_amd64_neutral_a2f120466549d68b\machine.inf,False,example_files\original\C\Windows\System32\winevt\logs\System.evtx,Classic,0,"{""UserData"":{""InstallDeviceID"":{""DriverName"":""FileRepository\\machine.inf_amd64_neutral_a2f120466549d68b\\machine.inf"",""DriverVersion"":""6.1.7601.17514"",""DriverProvider"":""Microsoft"",""DeviceInstanceID"":""PCI\\VEN_15AD&amp;DEV_07A0&amp;SUBSYS_07A015AD&amp;REV_01\\3&amp;2B8E0B4B&amp;0&amp;B9"",""SetupClass"":""4d36e97d-e325-11ce-bfc1-08002be10318"",""RebootOption"":""False"",""UpgradeDevice"":""False"",""IsDriverOEM"":""False"",""InstallStatus"":""0x0"",""DriverDescription"":""PCI Express standard Root Port""}}}"
254,254,2025-02-04 19:09:17.2965033,20003,Info,Microsoft-Windows-UserPnp,System,2012,1120,37L4247F27-25,1,S-1-5-18,Service installation,,,ServiceName: pci,AddServiceStatus: Unknown code (0),,UpdateService: True,PrimaryService: True,DeviceInstanceID: PCI\VEN_15AD&amp;DEV_07A0&amp;SUBSYS_07A015AD&amp;REV_01\3&amp;2B8E0B4B&amp;0&amp;C1,system32\DRIVERS\pci.sys,False,example_files\original\C\Windows\System32\winevt\logs\System.evtx,Classic,0,"{""UserData"":{""AddServiceID"":{""ServiceName"":""pci"",""DriverFileName"":""system32\\DRIVERS\\pci.sys"",""DeviceInstanceID"":""PCI\\VEN_15AD&amp;DEV_07A0&amp;SUBSYS_07A015AD&amp;REV_01\\3&amp;2B8E0B4B&amp;0&amp;C1"",""PrimaryService"":""True"",""UpdateService"":""True"",""AddServiceStatus"":""0""}}}"
255,255,2025-02-04 19:09:17.5461037,20001,Info,Microsoft-Windows-UserPnp,System,2012,1120,37L4247F27-25,1,S-1-5-18,Device installation,,,DriverDescription: PCI Express standard Root Port,InstallStatus: Installation Successful,IsDriverOEM: False,UpgradeDevice: False,RebootOption: False,DeviceInstanceID: PCI\VEN_15AD&amp;DEV_07A0&amp;SUBSYS_07A015AD&amp;REV_01\3&amp;2B8E0B4B&amp;0&amp;C1,FileRepository\machine.inf_amd64_neutral_a2f120466549d68b\machine.inf,False,example_files\original\C\Windows\System32\winevt\logs\System.evtx,Classic,0,"{""UserData"":{""InstallDeviceID"":{""DriverName"":""FileRepository\\machine.inf_amd64_neutral_a2f120466549d68b\\machine.inf"",""DriverVersion"":""6.1.7601.17514"",""DriverProvider"":""Microsoft"",""DeviceInstanceID"":""PCI\\VEN_15AD&amp;DEV_07A0&amp;SUBSYS_07A015AD&amp;REV_01\\3&amp;2B8E0B4B&amp;0&amp;C1"",""SetupClass"":""4d36e97d-e325-11ce-bfc1-08002be10318"",""RebootOption"":""False"",""UpgradeDevice"":""False"",""IsDriverOEM"":""False"",""InstallStatus"":""0x0"",""DriverDescription"":""PCI Express standard Root Port""}}}"
256,256,2025-02-04 19:09:17.9673044,20001,Info,Microsoft-Windows-UserPnp,System,1044,1372,37L4247F27-25,1,S-1-5-18,Device installation,,,DriverDescription: Generic Bus,InstallStatus: Installation Successful,IsDriverOEM: False,UpgradeDevice: False,RebootOption: False,DeviceInstanceID: ACPI\PNP0A05\3E,FileRepository\machine.inf_amd64_neutral_a2f120466549d68b\machine.inf,False,example_files\original\C\Windows\System32\winevt\logs\System.evtx,Classic,0,"{""UserData"":{""InstallDeviceID"":{""DriverName"":""FileRepository\\machine.inf_amd64_neutral_a2f120466549d68b\\machine.inf"",""DriverVersion"":""6.1.7601.17514"",""DriverProvider"":""Microsoft"",""DeviceInstanceID"":""ACPI\\PNP0A05\\3E"",""SetupClass"":""4d36e97d-e325-11ce-bfc1-08002be10318"",""RebootOption"":""False"",""UpgradeDevice"":""False"",""IsDriverOEM"":""False"",""InstallStatus"":""0x0"",""DriverDescription"":""Generic Bus""}}}"
257,257,2025-02-04 19:09:18.1701048,20001,Info,Microsoft-Windows-UserPnp,System,1540,1500,37L4247F27-25,1,S-1-5-18,Device installation,,,DriverDescription: Generic Bus,InstallStatus: Installation Successful,IsDriverOEM: False,UpgradeDevice: False,RebootOption: False,DeviceInstanceID: ACPI\PNP0A05\59,FileRepository\machine.inf_amd64_neutral_a2f120466549d68b\machine.inf,False,example_files\original\C\Windows\System32\winevt\logs\System.evtx,Classic,0,"{""UserData"":{""InstallDeviceID"":{""DriverName"":""FileRepository\\machine.inf_amd64_neutral_a2f120466549d68b\\machine.inf"",""DriverVersion"":""6.1.7601.17514"",""DriverProvider"":""Microsoft"",""DeviceInstanceID"":""ACPI\\PNP0A05\\59"",""SetupClass"":""4d36e97d-e325-11ce-bfc1-08002be10318"",""RebootOption"":""False"",""UpgradeDevice"":""False"",""IsDriverOEM"":""False"",""InstallStatus"":""0x0"",""DriverDescription"":""Generic Bus""}}}"
258,258,2025-02-04 19:09:18.5289054,20001,Info,Microsoft-Windows-UserPnp,System,1548,1688,37L4247F27-25,1,S-1-5-18,Device installation,,,DriverDescription: Generic Bus,InstallStatus: Installation Successful,IsDriverOEM: False,UpgradeDevice: False,RebootOption: False,DeviceInstanceID: ACPI\PNP0A05\22,FileRepository\machine.inf_amd64_neutral_a2f120466549d68b\machine.inf,False,example_files\original\C\Windows\System32\winevt\logs\System.evtx,Classic,0,"{""UserData"":{""InstallDeviceID"":{""DriverName"":""FileRepository\\machine.inf_amd64_neutral_a2f120466549d68b\\machine.inf"",""DriverVersion"":""6.1.7601.17514"",""DriverProvider"":""Microsoft"",""DeviceInstanceID"":""ACPI\\PNP0A05\\22"",""SetupClass"":""4d36e97d-e325-11ce-bfc1-08002be10318"",""RebootOption"":""False"",""UpgradeDevice"":""False"",""IsDriverOEM"":""False"",""InstallStatus"":""0x0"",""DriverDescription"":""Generic Bus""}}}"
259,259,2025-02-04 19:09:18.7941059,20001,Info,Microsoft-Windows-UserPnp,System,1680,1632,37L4247F27-25,1,S-1-5-18,Device installation,,,DriverDescription: Generic Bus,InstallStatus: Installation Successful,IsDriverOEM: False,UpgradeDevice: False,RebootOption: False,DeviceInstanceID: ACPI\PNP0A05\3F,FileRepository\machine.inf_amd64_neutral_a2f120466549d68b\machine.inf,False,example_files\original\C\Windows\System32\winevt\logs\System.evtx,Classic,0,"{""UserData"":{""InstallDeviceID"":{""DriverName"":""FileRepository\\machine.inf_amd64_neutral_a2f120466549d68b\\machine.inf"",""DriverVersion"":""6.1.7601.17514"",""DriverProvider"":""Microsoft"",""DeviceInstanceID"":""ACPI\\PNP0A05\\3F"",""SetupClass"":""4d36e97d-e325-11ce-bfc1-08002be10318"",""RebootOption"":""False"",""UpgradeDevice"":""False"",""IsDriverOEM"":""False"",""InstallStatus"":""0x0"",""DriverDescription"":""Generic Bus""}}}"
260,260,2025-02-04 19:09:19.1373065,20001,Info,Microsoft-Windows-UserPnp,System,1496,1528,37L4247F27-25,1,S-1-5-18,Device installation,,,DriverDescription: Generic Bus,InstallStatus: Installation Successful,IsDriverOEM: False,UpgradeDevice: False,RebootOption: False,DeviceInstanceID: ACPI\PNP0A05\23,FileRepository\machine.inf_amd64_neutral_a2f120466549d68b\machine.inf,False,example_files\original\C\Windows\System32\winevt\logs\System.evtx,Classic,0,"{""UserData"":{""InstallDeviceID"":{""DriverName"":""FileRepository\\machine.inf_amd64_neutral_a2f120466549d68b\\machine.inf"",""DriverVersion"":""6.1.7601.17514"",""DriverProvider"":""Microsoft"",""DeviceInstanceID"":""ACPI\\PNP0A05\\23"",""SetupClass"":""4d36e97d-e325-11ce-bfc1-08002be10318"",""RebootOption"":""False"",""UpgradeDevice"":""False"",""IsDriverOEM"":""False"",""InstallStatus"":""0x0"",""DriverDescription"":""Generic Bus""}}}"
261,261,2025-02-04 19:09:19.4805071,20001,Info,Microsoft-Windows-UserPnp,System,1376,1100,37L4247F27-25,1,S-1-5-18,Device installation,,,DriverDescription: Generic Bus,InstallStatus: Installation Successful,IsDriverOEM: False,UpgradeDevice: False,RebootOption: False,DeviceInstanceID: ACPI\PNP0A05\5A,FileRepository\machine.inf_amd64_neutral_a2f120466549d68b\machine.inf,False,example_files\original\C\Windows\System32\winevt\logs\System.evtx,Classic,0,"{""UserData"":{""InstallDeviceID"":{""DriverName"":""FileRepository\\machine.inf_amd64_neutral_a2f120466549d68b\\machine.inf"",""DriverVersion"":""6.1.7601.17514"",""DriverProvider"":""Microsoft"",""DeviceInstanceID"":""ACPI\\PNP0A05\\5A"",""SetupClass"":""4d36e97d-e325-11ce-bfc1-08002be10318"",""RebootOption"":""False"",""UpgradeDevice"":""False"",""IsDriverOEM"":""False"",""InstallStatus"":""0x0"",""DriverDescription"":""Generic Bus""}}}"
262,262,2025-02-04 19:09:19.7769076,20001,Info,Microsoft-Windows-UserPnp,System,1756,1612,37L4247F27-25,1,S-1-5-18,Device installation,,,DriverDescription: Generic Bus,InstallStatus: Installation Successful,IsDriverOEM: False,UpgradeDevice: False,RebootOption: False,DeviceInstanceID: ACPI\PNP0A05\5B,FileRepository\machine.inf_amd64_neutral_a2f120466549d68b\machine.inf,False,example_files\original\C\Windows\System32\winevt\logs\System.evtx,Classic,0,"{""UserData"":{""InstallDeviceID"":{""DriverName"":""FileRepository\\machine.inf_amd64_neutral_a2f120466549d68b\\machine.inf"",""DriverVersion"":""6.1.7601.17514"",""DriverProvider"":""Microsoft"",""DeviceInstanceID"":""ACPI\\PNP0A05\\5B"",""SetupClass"":""4d36e97d-e325-11ce-bfc1-08002be10318"",""RebootOption"":""False"",""UpgradeDevice"":""False"",""IsDriverOEM"":""False"",""InstallStatus"":""0x0"",""DriverDescription"":""Generic Bus""}}}"
263,263,2025-02-04 19:09:20.0265081,20001,Info,Microsoft-Windows-UserPnp,System,1560,1628,37L4247F27-25,1,S-1-5-18,Device installation,,,DriverDescription: Generic Bus,InstallStatus: Installation Successful,IsDriverOEM: False,UpgradeDevice: False,RebootOption: False,DeviceInstanceID: ACPI\PNP0A05\24,FileRepository\machine.inf_amd64_neutral_a2f120466549d68b\machine.inf,False,example_files\original\C\Windows\System32\winevt\logs\System.evtx,Classic,0,"{""UserData"":{""InstallDeviceID"":{""DriverName"":""FileRepository\\machine.inf_amd64_neutral_a2f120466549d68b\\machine.inf"",""DriverVersion"":""6.1.7601.17514"",""DriverProvider"":""Microsoft"",""DeviceInstanceID"":""ACPI\\PNP0A05\\24"",""SetupClass"":""4d36e97d-e325-11ce-bfc1-08002be10318"",""RebootOption"":""False"",""UpgradeDevice"":""False"",""IsDriverOEM"":""False"",""InstallStatus"":""0x0"",""DriverDescription"":""Generic Bus""}}}"
264,264,2025-02-04 19:09:20.2293084,20003,Info,Microsoft-Windows-UserPnp,System,1600,1116,37L4247F27-25,1,S-1-5-18,Service installation,,,ServiceName: pci,AddServiceStatus: Unknown code (0),,UpdateService: True,PrimaryService: True,DeviceInstanceID: PCI\VEN_15AD&amp;DEV_07A0&amp;SUBSYS_07A015AD&amp;REV_01\3&amp;2B8E0B4B&amp;0&amp;AA,system32\DRIVERS\pci.sys,False,example_files\original\C\Windows\System32\winevt\logs\System.evtx,Classic,0,"{""UserData"":{""AddServiceID"":{""ServiceName"":""pci"",""DriverFileName"":""system32\\DRIVERS\\pci.sys"",""DeviceInstanceID"":""PCI\\VEN_15AD&amp;DEV_07A0&amp;SUBSYS_07A015AD&amp;REV_01\\3&amp;2B8E0B4B&amp;0&amp;AA"",""PrimaryService"":""True"",""UpdateService"":""True"",""AddServiceStatus"":""0""}}}"
265,265,2025-02-04 19:09:20.4789089,20001,Info,Microsoft-Windows-UserPnp,System,1600,1116,37L4247F27-25,1,S-1-5-18,Device installation,,,DriverDescription: PCI Express standard Root Port,InstallStatus: Installation Successful,IsDriverOEM: False,UpgradeDevice: False,RebootOption: False,DeviceInstanceID: PCI\VEN_15AD&amp;DEV_07A0&amp;SUBSYS_07A015AD&amp;REV_01\3&amp;2B8E0B4B&amp;0&amp;AA,FileRepository\machine.inf_amd64_neutral_a2f120466549d68b\machine.inf,False,example_files\original\C\Windows\System32\winevt\logs\System.evtx,Classic,0,"{""UserData"":{""InstallDeviceID"":{""DriverName"":""FileRepository\\machine.inf_amd64_neutral_a2f120466549d68b\\machine.inf"",""DriverVersion"":""6.1.7601.17514"",""DriverProvider"":""Microsoft"",""DeviceInstanceID"":""PCI\\VEN_15AD&amp;DEV_07A0&amp;SUBSYS_07A015AD&amp;REV_01\\3&amp;2B8E0B4B&amp;0&amp;AA"",""SetupClass"":""4d36e97d-e325-11ce-bfc1-08002be10318"",""RebootOption"":""False"",""UpgradeDevice"":""False"",""IsDriverOEM"":""False"",""InstallStatus"":""0x0"",""DriverDescription"":""PCI Express standard Root Port""}}}"
266,266,2025-02-04 19:09:20.5881090,20003,Info,Microsoft-Windows-UserPnp,System,1596,1892,37L4247F27-25,1,S-1-5-18,Service installation,,,ServiceName: pci,AddServiceStatus: Unknown code (0),,UpdateService: True,PrimaryService: True,DeviceInstanceID: PCI\VEN_15AD&amp;DEV_07A0&amp;SUBSYS_07A015AD&amp;REV_01\3&amp;2B8E0B4B&amp;0&amp;BA,system32\DRIVERS\pci.sys,False,example_files\original\C\Windows\System32\winevt\logs\System.evtx,Classic,0,"{""UserData"":{""AddServiceID"":{""ServiceName"":""pci"",""DriverFileName"":""system32\\DRIVERS\\pci.sys"",""DeviceInstanceID"":""PCI\\VEN_15AD&amp;DEV_07A0&amp;SUBSYS_07A015AD&amp;REV_01\\3&amp;2B8E0B4B&amp;0&amp;BA"",""PrimaryService"":""True"",""UpdateService"":""True"",""AddServiceStatus"":""0""}}}"
267,267,2025-02-04 19:09:20.8065094,20001,Info,Microsoft-Windows-UserPnp,System,1596,1892,37L4247F27-25,1,S-1-5-18,Device installation,,,DriverDescription: PCI Express standard Root Port,InstallStatus: Installation Successful,IsDriverOEM: False,UpgradeDevice: False,RebootOption: False,DeviceInstanceID: PCI\VEN_15AD&amp;DEV_07A0&amp;SUBSYS_07A015AD&amp;REV_01\3&amp;2B8E0B4B&amp;0&amp;BA,FileRepository\machine.inf_amd64_neutral_a2f120466549d68b\machine.inf,False,example_files\original\C\Windows\System32\winevt\logs\System.evtx,Classic,0,"{""UserData"":{""InstallDeviceID"":{""DriverName"":""FileRepository\\machine.inf_amd64_neutral_a2f120466549d68b\\machine.inf"",""DriverVersion"":""6.1.7601.17514"",""DriverProvider"":""Microsoft"",""DeviceInstanceID"":""PCI\\VEN_15AD&amp;DEV_07A0&amp;SUBSYS_07A015AD&amp;REV_01\\3&amp;2B8E0B4B&amp;0&amp;BA"",""SetupClass"":""4d36e97d-e325-11ce-bfc1-08002be10318"",""RebootOption"":""False"",""UpgradeDevice"":""False"",""IsDriverOEM"":""False"",""InstallStatus"":""0x0"",""DriverDescription"":""PCI Express standard Root Port""}}}"
268,268,2025-02-04 19:09:20.9157096,20003,Info,Microsoft-Windows-UserPnp,System,1472,1716,37L4247F27-25,1,S-1-5-18,Service installation,,,ServiceName: pci,AddServiceStatus: Unknown code (0),,UpdateService: True,PrimaryService: True,DeviceInstanceID: PCI\VEN_15AD&amp;DEV_07A0&amp;SUBSYS_07A015AD&amp;REV_01\3&amp;2B8E0B4B&amp;0&amp;B2,system32\DRIVERS\pci.sys,False,example_files\original\C\Windows\System32\winevt\logs\System.evtx,Classic,0,"{""UserData"":{""AddServiceID"":{""ServiceName"":""pci"",""DriverFileName"":""system32\\DRIVERS\\pci.sys"",""DeviceInstanceID"":""PCI\\VEN_15AD&amp;DEV_07A0&amp;SUBSYS_07A015AD&amp;REV_01\\3&amp;2B8E0B4B&amp;0&amp;B2"",""PrimaryService"":""True"",""UpdateService"":""True"",""AddServiceStatus"":""0""}}}"
269,269,2025-02-04 19:09:21.2121101,20001,Info,Microsoft-Windows-UserPnp,System,1472,1716,37L4247F27-25,1,S-1-5-18,Device installation,,,DriverDescription: PCI Express standard Root Port,InstallStatus: Installation Successful,IsDriverOEM: False,UpgradeDevice: False,RebootOption: False,DeviceInstanceID: PCI\VEN_15AD&amp;DEV_07A0&amp;SUBSYS_07A015AD&amp;REV_01\3&amp;2B8E0B4B&amp;0&amp;B2,FileRepository\machine.inf_amd64_neutral_a2f120466549d68b\machine.inf,False,example_files\original\C\Windows\System32\winevt\logs\System.evtx,Classic,0,"{""UserData"":{""InstallDeviceID"":{""DriverName"":""FileRepository\\machine.inf_amd64_neutral_a2f120466549d68b\\machine.inf"",""DriverVersion"":""6.1.7601.17514"",""DriverProvider"":""Microsoft"",""DeviceInstanceID"":""PCI\\VEN_15AD&amp;DEV_07A0&amp;SUBSYS_07A015AD&amp;REV_01\\3&amp;2B8E0B4B&amp;0&amp;B2"",""SetupClass"":""4d36e97d-e325-11ce-bfc1-08002be10318"",""RebootOption"":""False"",""UpgradeDevice"":""False"",""IsDriverOEM"":""False"",""InstallStatus"":""0x0"",""DriverDescription"":""PCI Express standard Root Port""}}}"
270,270,2025-02-04 19:09:21.4617106,20001,Info,Microsoft-Windows-UserPnp,System,1944,1872,37L4247F27-25,1,S-1-5-18,Device installation,,,DriverDescription: Generic Bus,InstallStatus: Installation Successful,IsDriverOEM: False,UpgradeDevice: False,RebootOption: False,DeviceInstanceID: ACPI\PNP0A05\5C,FileRepository\machine.inf_amd64_neutral_a2f120466549d68b\machine.inf,False,example_files\original\C\Windows\System32\winevt\logs\System.evtx,Classic,0,"{""UserData"":{""InstallDeviceID"":{""DriverName"":""FileRepository\\machine.inf_amd64_neutral_a2f120466549d68b\\machine.inf"",""DriverVersion"":""6.1.7601.17514"",""DriverProvider"":""Microsoft"",""DeviceInstanceID"":""ACPI\\PNP0A05\\5C"",""SetupClass"":""4d36e97d-e325-11ce-bfc1-08002be10318"",""RebootOption"":""False"",""UpgradeDevice"":""False"",""IsDriverOEM"":""False"",""InstallStatus"":""0x0"",""DriverDescription"":""Generic Bus""}}}"
271,271,2025-02-04 19:09:21.6957110,20003,Info,Microsoft-Windows-UserPnp,System,1808,2040,37L4247F27-25,1,S-1-5-18,Service installation,,,ServiceName: pci,AddServiceStatus: Unknown code (0),,UpdateService: True,PrimaryService: True,DeviceInstanceID: PCI\VEN_15AD&amp;DEV_07A0&amp;SUBSYS_07A015AD&amp;REV_01\3&amp;2B8E0B4B&amp;0&amp;C2,system32\DRIVERS\pci.sys,False,example_files\original\C\Windows\System32\winevt\logs\System.evtx,Classic,0,"{""UserData"":{""AddServiceID"":{""ServiceName"":""pci"",""DriverFileName"":""system32\\DRIVERS\\pci.sys"",""DeviceInstanceID"":""PCI\\VEN_15AD&amp;DEV_07A0&amp;SUBSYS_07A015AD&amp;REV_01\\3&amp;2B8E0B4B&amp;0&amp;C2"",""PrimaryService"":""True"",""UpdateService"":""True"",""AddServiceStatus"":""0""}}}"
272,272,2025-02-04 19:09:21.9765115,20001,Info,Microsoft-Windows-UserPnp,System,1808,2040,37L4247F27-25,2,S-1-5-18,Device installation,,,DriverDescription: PCI Express standard Root Port,InstallStatus: Installation Successful,IsDriverOEM: False,UpgradeDevice: False,RebootOption: False,DeviceInstanceID: PCI\VEN_15AD&amp;DEV_07A0&amp;SUBSYS_07A015AD&amp;REV_01\3&amp;2B8E0B4B&amp;0&amp;C2,FileRepository\machine.inf_amd64_neutral_a2f120466549d68b\machine.inf,False,example_files\original\C\Windows\System32\winevt\logs\System.evtx,Classic,0,"{""UserData"":{""InstallDeviceID"":{""DriverName"":""FileRepository\\machine.inf_amd64_neutral_a2f120466549d68b\\machine.inf"",""DriverVersion"":""6.1.7601.17514"",""DriverProvider"":""Microsoft"",""DeviceInstanceID"":""PCI\\VEN_15AD&amp;DEV_07A0&amp;SUBSYS_07A015AD&amp;REV_01\\3&amp;2B8E0B4B&amp;0&amp;C2"",""SetupClass"":""4d36e97d-e325-11ce-bfc1-08002be10318"",""RebootOption"":""False"",""UpgradeDevice"":""False"",""IsDriverOEM"":""False"",""InstallStatus"":""0x0"",""DriverDescription"":""PCI Express standard Root Port""}}}"
273,273,2025-02-04 19:09:22.2105119,20001,Info,Microsoft-Windows-UserPnp,System,1804,1796,37L4247F27-25,2,S-1-5-18,Device installation,,,DriverDescription: Generic Bus,InstallStatus: Installation Successful,IsDriverOEM: False,UpgradeDevice: False,RebootOption: False,DeviceInstanceID: ACPI\PNP0A05\25,FileRepository\machine.inf_amd64_neutral_a2f120466549d68b\machine.inf,False,example_files\original\C\Windows\System32\winevt\logs\System.evtx,Classic,0,"{""UserData"":{""InstallDeviceID"":{""DriverName"":""FileRepository\\machine.inf_amd64_neutral_a2f120466549d68b\\machine.inf"",""DriverVersion"":""6.1.7601.17514"",""DriverProvider"":""Microsoft"",""DeviceInstanceID"":""ACPI\\PNP0A05\\25"",""SetupClass"":""4d36e97d-e325-11ce-bfc1-08002be10318"",""RebootOption"":""False"",""UpgradeDevice"":""False"",""IsDriverOEM"":""False"",""InstallStatus"":""0x0"",""DriverDescription"":""Generic Bus""}}}"
274,274,2025-02-04 19:09:22.4913124,20001,Info,Microsoft-Windows-UserPnp,System,1868,1748,37L4247F27-25,2,S-1-5-18,Device installation,,,DriverDescription: Generic Bus,InstallStatus: Installation Successful,IsDriverOEM: False,UpgradeDevice: False,RebootOption: False,DeviceInstanceID: ACPI\PNP0A05\40,FileRepository\machine.inf_amd64_neutral_a2f120466549d68b\machine.inf,False,example_files\original\C\Windows\System32\winevt\logs\System.evtx,Classic,0,"{""UserData"":{""InstallDeviceID"":{""DriverName"":""FileRepository\\machine.inf_amd64_neutral_a2f120466549d68b\\machine.inf"",""DriverVersion"":""6.1.7601.17514"",""DriverProvider"":""Microsoft"",""DeviceInstanceID"":""ACPI\\PNP0A05\\40"",""SetupClass"":""4d36e97d-e325-11ce-bfc1-08002be10318"",""RebootOption"":""False"",""UpgradeDevice"":""False"",""IsDriverOEM"":""False"",""InstallStatus"":""0x0"",""DriverDescription"":""Generic Bus""}}}"
275,275,2025-02-04 19:09:22.9125131,20001,Info,Microsoft-Windows-UserPnp,System,1812,1908,37L4247F27-25,2,S-1-5-18,Device installation,,,DriverDescription: Generic Bus,InstallStatus: Installation Successful,IsDriverOEM: False,UpgradeDevice: False,RebootOption: False,DeviceInstanceID: ACPI\PNP0A05\5D,FileRepository\machine.inf_amd64_neutral_a2f120466549d68b\machine.inf,False,example_files\original\C\Windows\System32\winevt\logs\System.evtx,Classic,0,"{""UserData"":{""InstallDeviceID"":{""DriverName"":""FileRepository\\machine.inf_amd64_neutral_a2f120466549d68b\\machine.inf"",""DriverVersion"":""6.1.7601.17514"",""DriverProvider"":""Microsoft"",""DeviceInstanceID"":""ACPI\\PNP0A05\\5D"",""SetupClass"":""4d36e97d-e325-11ce-bfc1-08002be10318"",""RebootOption"":""False"",""UpgradeDevice"":""False"",""IsDriverOEM"":""False"",""InstallStatus"":""0x0"",""DriverDescription"":""Generic Bus""}}}"
276,276,2025-02-04 19:09:23.2245137,20001,Info,Microsoft-Windows-UserPnp,System,2044,1080,37L4247F27-25,2,S-1-5-18,Device installation,,,DriverDescription: Generic Bus,InstallStatus: Installation Successful,IsDriverOEM: False,UpgradeDevice: False,RebootOption: False,DeviceInstanceID: ACPI\PNP0A05\26,FileRepository\machine.inf_amd64_neutral_a2f120466549d68b\machine.inf,False,example_files\original\C\Windows\System32\winevt\logs\System.evtx,Classic,0,"{""UserData"":{""InstallDeviceID"":{""DriverName"":""FileRepository\\machine.inf_amd64_neutral_a2f120466549d68b\\machine.inf"",""DriverVersion"":""6.1.7601.17514"",""DriverProvider"":""Microsoft"",""DeviceInstanceID"":""ACPI\\PNP0A05\\26"",""SetupClass"":""4d36e97d-e325-11ce-bfc1-08002be10318"",""RebootOption"":""False"",""UpgradeDevice"":""False"",""IsDriverOEM"":""False"",""InstallStatus"":""0x0"",""DriverDescription"":""Generic Bus""}}}"
277,277,2025-02-04 19:09:23.5521142,20001,Info,Microsoft-Windows-UserPnp,System,1572,1976,37L4247F27-25,2,S-1-5-18,Device installation,,,DriverDescription: Generic Bus,InstallStatus: Installation Successful,IsDriverOEM: False,UpgradeDevice: False,RebootOption: False,DeviceInstanceID: ACPI\PNP0A05\5E,FileRepository\machine.inf_amd64_neutral_a2f120466549d68b\machine.inf,False,example_files\original\C\Windows\System32\winevt\logs\System.evtx,Classic,0,"{""UserData"":{""InstallDeviceID"":{""DriverName"":""FileRepository\\machine.inf_amd64_neutral_a2f120466549d68b\\machine.inf"",""DriverVersion"":""6.1.7601.17514"",""DriverProvider"":""Microsoft"",""DeviceInstanceID"":""ACPI\\PNP0A05\\5E"",""SetupClass"":""4d36e97d-e325-11ce-bfc1-08002be10318"",""RebootOption"":""False"",""UpgradeDevice"":""False"",""IsDriverOEM"":""False"",""InstallStatus"":""0x0"",""DriverDescription"":""Generic Bus""}}}"
278,278,2025-02-04 19:09:23.8329147,20001,Info,Microsoft-Windows-UserPnp,System,2004,1884,37L4247F27-25,2,S-1-5-18,Device installation,,,DriverDescription: Generic Bus,InstallStatus: Installation Successful,IsDriverOEM: False,UpgradeDevice: False,RebootOption: False,DeviceInstanceID: ACPI\PNP0A05\41,FileRepository\machine.inf_amd64_neutral_a2f120466549d68b\machine.inf,False,example_files\original\C\Windows\System32\winevt\logs\System.evtx,Classic,0,"{""UserData"":{""InstallDeviceID"":{""DriverName"":""FileRepository\\machine.inf_amd64_neutral_a2f120466549d68b\\machine.inf"",""DriverVersion"":""6.1.7601.17514"",""DriverProvider"":""Microsoft"",""DeviceInstanceID"":""ACPI\\PNP0A05\\41"",""SetupClass"":""4d36e97d-e325-11ce-bfc1-08002be10318"",""RebootOption"":""False"",""UpgradeDevice"":""False"",""IsDriverOEM"":""False"",""InstallStatus"":""0x0"",""DriverDescription"":""Generic Bus""}}}"
279,279,2025-02-04 19:09:24.0825152,20001,Info,Microsoft-Windows-UserPnp,System,1928,1856,37L4247F27-25,2,S-1-5-18,Device installation,,,DriverDescription: Generic Bus,InstallStatus: Installation Successful,IsDriverOEM: False,UpgradeDevice: False,RebootOption: False,DeviceInstanceID: ACPI\PNP0A05\27,FileRepository\machine.inf_amd64_neutral_a2f120466549d68b\machine.inf,False,example_files\original\C\Windows\System32\winevt\logs\System.evtx,Classic,0,"{""UserData"":{""InstallDeviceID"":{""DriverName"":""FileRepository\\machine.inf_amd64_neutral_a2f120466549d68b\\machine.inf"",""DriverVersion"":""6.1.7601.17514"",""DriverProvider"":""Microsoft"",""DeviceInstanceID"":""ACPI\\PNP0A05\\27"",""SetupClass"":""4d36e97d-e325-11ce-bfc1-08002be10318"",""RebootOption"":""False"",""UpgradeDevice"":""False"",""IsDriverOEM"":""False"",""InstallStatus"":""0x0"",""DriverDescription"":""Generic Bus""}}}"
280,280,2025-02-04 19:09:24.4881159,20001,Info,Microsoft-Windows-UserPnp,System,1124,1136,37L4247F27-25,2,S-1-5-18,Device installation,,,DriverDescription: Generic Bus,InstallStatus: Installation Successful,IsDriverOEM: False,UpgradeDevice: False,RebootOption: False,DeviceInstanceID: ACPI\PNP0A05\42,FileRepository\machine.inf_amd64_neutral_a2f120466549d68b\machine.inf,False,example_files\original\C\Windows\System32\winevt\logs\System.evtx,Classic,0,"{""UserData"":{""InstallDeviceID"":{""DriverName"":""FileRepository\\machine.inf_amd64_neutral_a2f120466549d68b\\machine.inf"",""DriverVersion"":""6.1.7601.17514"",""DriverProvider"":""Microsoft"",""DeviceInstanceID"":""ACPI\\PNP0A05\\42"",""SetupClass"":""4d36e97d-e325-11ce-bfc1-08002be10318"",""RebootOption"":""False"",""UpgradeDevice"":""False"",""IsDriverOEM"":""False"",""InstallStatus"":""0x0"",""DriverDescription"":""Generic Bus""}}}"
281,281,2025-02-04 19:09:24.7377163,20001,Info,Microsoft-Windows-UserPnp,System,1120,1176,37L4247F27-25,2,S-1-5-18,Device installation,,,DriverDescription: Generic Bus,InstallStatus: Installation Successful,IsDriverOEM: False,UpgradeDevice: False,RebootOption: False,DeviceInstanceID: ACPI\PNP0A05\5F,FileRepository\machine.inf_amd64_neutral_a2f120466549d68b\machine.inf,False,example_files\original\C\Windows\System32\winevt\logs\System.evtx,Classic,0,"{""UserData"":{""InstallDeviceID"":{""DriverName"":""FileRepository\\machine.inf_amd64_neutral_a2f120466549d68b\\machine.inf"",""DriverVersion"":""6.1.7601.17514"",""DriverProvider"":""Microsoft"",""DeviceInstanceID"":""ACPI\\PNP0A05\\5F"",""SetupClass"":""4d36e97d-e325-11ce-bfc1-08002be10318"",""RebootOption"":""False"",""UpgradeDevice"":""False"",""IsDriverOEM"":""False"",""InstallStatus"":""0x0"",""DriverDescription"":""Generic Bus""}}}"
282,282,2025-02-04 19:09:24.9873168,20003,Info,Microsoft-Windows-UserPnp,System,876,1512,37L4247F27-25,2,S-1-5-18,Service installation,,,ServiceName: vga,AddServiceStatus: Unknown code (0),,UpdateService: True,PrimaryService: True,DeviceInstanceID: PCI\VEN_15AD&amp;DEV_0405&amp;SUBSYS_040515AD&amp;REV_00\3&amp;2B8E0B4B&amp;0&amp;78,system32\DRIVERS\vgapnp.sys,False,example_files\original\C\Windows\System32\winevt\logs\System.evtx,Classic,0,"{""UserData"":{""AddServiceID"":{""ServiceName"":""vga"",""DriverFileName"":""system32\\DRIVERS\\vgapnp.sys"",""DeviceInstanceID"":""PCI\\VEN_15AD&amp;DEV_0405&amp;SUBSYS_040515AD&amp;REV_00\\3&amp;2B8E0B4B&amp;0&amp;78"",""PrimaryService"":""True"",""UpdateService"":""True"",""AddServiceStatus"":""0""}}}"
283,283,2025-02-04 19:09:25.2057172,20001,Info,Microsoft-Windows-UserPnp,System,876,1512,37L4247F27-25,2,S-1-5-18,Device installation,,,DriverDescription: Standard VGA Graphics Adapter,InstallStatus: Installation Successful,IsDriverOEM: False,UpgradeDevice: False,RebootOption: False,DeviceInstanceID: PCI\VEN_15AD&amp;DEV_0405&amp;SUBSYS_040515AD&amp;REV_00\3&amp;2B8E0B4B&amp;0&amp;78,FileRepository\display.inf_amd64_neutral_ea1c8215e52777a6\display.inf,False,example_files\original\C\Windows\System32\winevt\logs\System.evtx,Classic,0,"{""UserData"":{""InstallDeviceID"":{""DriverName"":""FileRepository\\display.inf_amd64_neutral_ea1c8215e52777a6\\display.inf"",""DriverVersion"":""6.1.7600.16385"",""DriverProvider"":""Microsoft"",""DeviceInstanceID"":""PCI\\VEN_15AD&amp;DEV_0405&amp;SUBSYS_040515AD&amp;REV_00\\3&amp;2B8E0B4B&amp;0&amp;78"",""SetupClass"":""4d36e968-e325-11ce-bfc1-08002be10318"",""RebootOption"":""False"",""UpgradeDevice"":""False"",""IsDriverOEM"":""False"",""InstallStatus"":""0x0"",""DriverDescription"":""Standard VGA Graphics Adapter""}}}"
284,284,2025-02-04 19:09:25.4241175,20001,Info,Microsoft-Windows-UserPnp,System,2032,592,37L4247F27-25,2,S-1-5-18,Device installation,,,DriverDescription: Generic Bus,InstallStatus: Installation Successful,IsDriverOEM: False,UpgradeDevice: False,RebootOption: False,DeviceInstanceID: ACPI\PNP0A05\28,FileRepository\machine.inf_amd64_neutral_a2f120466549d68b\machine.inf,False,example_files\original\C\Windows\System32\winevt\logs\System.evtx,Classic,0,"{""UserData"":{""InstallDeviceID"":{""DriverName"":""FileRepository\\machine.inf_amd64_neutral_a2f120466549d68b\\machine.inf"",""DriverVersion"":""6.1.7601.17514"",""DriverProvider"":""Microsoft"",""DeviceInstanceID"":""ACPI\\PNP0A05\\28"",""SetupClass"":""4d36e97d-e325-11ce-bfc1-08002be10318"",""RebootOption"":""False"",""UpgradeDevice"":""False"",""IsDriverOEM"":""False"",""InstallStatus"":""0x0"",""DriverDescription"":""Generic Bus""}}}"
285,285,2025-02-04 19:09:25.6737180,20003,Info,Microsoft-Windows-UserPnp,System,1500,1636,37L4247F27-25,2,S-1-5-18,Service installation,,,ServiceName: pci,AddServiceStatus: Unknown code (0),,UpdateService: True,PrimaryService: True,DeviceInstanceID: PCI\VEN_15AD&amp;DEV_07A0&amp;SUBSYS_07A015AD&amp;REV_01\3&amp;2B8E0B4B&amp;0&amp;AB,system32\DRIVERS\pci.sys,False,example_files\original\C\Windows\System32\winevt\logs\System.evtx,Classic,0,"{""UserData"":{""AddServiceID"":{""ServiceName"":""pci"",""DriverFileName"":""system32\\DRIVERS\\pci.sys"",""DeviceInstanceID"":""PCI\\VEN_15AD&amp;DEV_07A0&amp;SUBSYS_07A015AD&amp;REV_01\\3&amp;2B8E0B4B&amp;0&amp;AB"",""PrimaryService"":""True"",""UpdateService"":""True"",""AddServiceStatus"":""0""}}}"
286,286,2025-02-04 19:09:25.9389184,20001,Info,Microsoft-Windows-UserPnp,System,1500,1636,37L4247F27-25,2,S-1-5-18,Device installation,,,DriverDescription: PCI Express standard Root Port,InstallStatus: Installation Successful,IsDriverOEM: False,UpgradeDevice: False,RebootOption: False,DeviceInstanceID: PCI\VEN_15AD&amp;DEV_07A0&amp;SUBSYS_07A015AD&amp;REV_01\3&amp;2B8E0B4B&amp;0&amp;AB,FileRepository\machine.inf_amd64_neutral_a2f120466549d68b\machine.inf,False,example_files\original\C\Windows\System32\winevt\logs\System.evtx,Classic,0,"{""UserData"":{""InstallDeviceID"":{""DriverName"":""FileRepository\\machine.inf_amd64_neutral_a2f120466549d68b\\machine.inf"",""DriverVersion"":""6.1.7601.17514"",""DriverProvider"":""Microsoft"",""DeviceInstanceID"":""PCI\\VEN_15AD&amp;DEV_07A0&amp;SUBSYS_07A015AD&amp;REV_01\\3&amp;2B8E0B4B&amp;0&amp;AB"",""SetupClass"":""4d36e97d-e325-11ce-bfc1-08002be10318"",""RebootOption"":""False"",""UpgradeDevice"":""False"",""IsDriverOEM"":""False"",""InstallStatus"":""0x0"",""DriverDescription"":""PCI Express standard Root Port""}}}"
287,287,2025-02-04 19:09:26.2665190,20001,Info,Microsoft-Windows-UserPnp,System,1108,1604,37L4247F27-25,2,S-1-5-18,Device installation,,,DriverDescription: Generic Bus,InstallStatus: Installation Successful,IsDriverOEM: False,UpgradeDevice: False,RebootOption: False,DeviceInstanceID: ACPI\PNP0A05\43,FileRepository\machine.inf_amd64_neutral_a2f120466549d68b\machine.inf,False,example_files\original\C\Windows\System32\winevt\logs\System.evtx,Classic,0,"{""UserData"":{""InstallDeviceID"":{""DriverName"":""FileRepository\\machine.inf_amd64_neutral_a2f120466549d68b\\machine.inf"",""DriverVersion"":""6.1.7601.17514"",""DriverProvider"":""Microsoft"",""DeviceInstanceID"":""ACPI\\PNP0A05\\43"",""SetupClass"":""4d36e97d-e325-11ce-bfc1-08002be10318"",""RebootOption"":""False"",""UpgradeDevice"":""False"",""IsDriverOEM"":""False"",""InstallStatus"":""0x0"",""DriverDescription"":""Generic Bus""}}}"
288,288,2025-02-04 19:09:26.4693194,20003,Info,Microsoft-Windows-UserPnp,System,1624,1528,37L4247F27-25,2,S-1-5-18,Service installation,,,ServiceName: pci,AddServiceStatus: Unknown code (0),,UpdateService: True,PrimaryService: True,DeviceInstanceID: PCI\VEN_15AD&amp;DEV_07A0&amp;SUBSYS_07A015AD&amp;REV_01\3&amp;2B8E0B4B&amp;0&amp;B3,system32\DRIVERS\pci.sys,False,example_files\original\C\Windows\System32\winevt\logs\System.evtx,Classic,0,"{""UserData"":{""AddServiceID"":{""ServiceName"":""pci"",""DriverFileName"":""system32\\DRIVERS\\pci.sys"",""DeviceInstanceID"":""PCI\\VEN_15AD&amp;DEV_07A0&amp;SUBSYS_07A015AD&amp;REV_01\\3&amp;2B8E0B4B&amp;0&amp;B3"",""PrimaryService"":""True"",""UpdateService"":""True"",""AddServiceStatus"":""0""}}}"
289,289,2025-02-04 19:09:26.7189198,20001,Info,Microsoft-Windows-UserPnp,System,1624,1528,37L4247F27-25,2,S-1-5-18,Device installation,,,DriverDescription: PCI Express standard Root Port,InstallStatus: Installation Successful,IsDriverOEM: False,UpgradeDevice: False,RebootOption: False,DeviceInstanceID: PCI\VEN_15AD&amp;DEV_07A0&amp;SUBSYS_07A015AD&amp;REV_01\3&amp;2B8E0B4B&amp;0&amp;B3,FileRepository\machine.inf_amd64_neutral_a2f120466549d68b\machine.inf,False,example_files\original\C\Windows\System32\winevt\logs\System.evtx,Classic,0,"{""UserData"":{""InstallDeviceID"":{""DriverName"":""FileRepository\\machine.inf_amd64_neutral_a2f120466549d68b\\machine.inf"",""DriverVersion"":""6.1.7601.17514"",""DriverProvider"":""Microsoft"",""DeviceInstanceID"":""PCI\\VEN_15AD&amp;DEV_07A0&amp;SUBSYS_07A015AD&amp;REV_01\\3&amp;2B8E0B4B&amp;0&amp;B3"",""SetupClass"":""4d36e97d-e325-11ce-bfc1-08002be10318"",""RebootOption"":""False"",""UpgradeDevice"":""False"",""IsDriverOEM"":""False"",""InstallStatus"":""0x0"",""DriverDescription"":""PCI Express standard Root Port""}}}"
290,290,2025-02-04 19:09:26.8905201,20003,Info,Microsoft-Windows-UserPnp,System,1844,1784,37L4247F27-25,2,S-1-5-18,Service installation,,,ServiceName: pci,AddServiceStatus: Unknown code (0),,UpdateService: True,PrimaryService: True,DeviceInstanceID: PCI\VEN_15AD&amp;DEV_07A0&amp;SUBSYS_07A015AD&amp;REV_01\3&amp;2B8E0B4B&amp;0&amp;BB,system32\DRIVERS\pci.sys,False,example_files\original\C\Windows\System32\winevt\logs\System.evtx,Classic,0,"{""UserData"":{""AddServiceID"":{""ServiceName"":""pci"",""DriverFileName"":""system32\\DRIVERS\\pci.sys"",""DeviceInstanceID"":""PCI\\VEN_15AD&amp;DEV_07A0&amp;SUBSYS_07A015AD&amp;REV_01\\3&amp;2B8E0B4B&amp;0&amp;BB"",""PrimaryService"":""True"",""UpdateService"":""True"",""AddServiceStatus"":""0""}}}"
291,291,2025-02-04 19:09:27.1401206,20001,Info,Microsoft-Windows-UserPnp,System,1844,1784,37L4247F27-25,2,S-1-5-18,Device installation,,,DriverDescription: PCI Express standard Root Port,InstallStatus: Installation Successful,IsDriverOEM: False,UpgradeDevice: False,RebootOption: False,DeviceInstanceID: PCI\VEN_15AD&amp;DEV_07A0&amp;SUBSYS_07A015AD&amp;REV_01\3&amp;2B8E0B4B&amp;0&amp;BB,FileRepository\machine.inf_amd64_neutral_a2f120466549d68b\machine.inf,False,example_files\original\C\Windows\System32\winevt\logs\System.evtx,Classic,0,"{""UserData"":{""InstallDeviceID"":{""DriverName"":""FileRepository\\machine.inf_amd64_neutral_a2f120466549d68b\\machine.inf"",""DriverVersion"":""6.1.7601.17514"",""DriverProvider"":""Microsoft"",""DeviceInstanceID"":""PCI\\VEN_15AD&amp;DEV_07A0&amp;SUBSYS_07A015AD&amp;REV_01\\3&amp;2B8E0B4B&amp;0&amp;BB"",""SetupClass"":""4d36e97d-e325-11ce-bfc1-08002be10318"",""RebootOption"":""False"",""UpgradeDevice"":""False"",""IsDriverOEM"":""False"",""InstallStatus"":""0x0"",""DriverDescription"":""PCI Express standard Root Port""}}}"
292,292,2025-02-04 19:09:27.2493207,20003,Info,Microsoft-Windows-UserPnp,System,1620,1476,37L4247F27-25,2,S-1-5-18,Service installation,,,ServiceName: pci,AddServiceStatus: Unknown code (0),,UpdateService: True,PrimaryService: True,DeviceInstanceID: PCI\VEN_15AD&amp;DEV_07A0&amp;SUBSYS_07A015AD&amp;REV_01\3&amp;2B8E0B4B&amp;0&amp;C3,system32\DRIVERS\pci.sys,False,example_files\original\C\Windows\System32\winevt\logs\System.evtx,Classic,0,"{""UserData"":{""AddServiceID"":{""ServiceName"":""pci"",""DriverFileName"":""system32\\DRIVERS\\pci.sys"",""DeviceInstanceID"":""PCI\\VEN_15AD&amp;DEV_07A0&amp;SUBSYS_07A015AD&amp;REV_01\\3&amp;2B8E0B4B&amp;0&amp;C3"",""PrimaryService"":""True"",""UpdateService"":""True"",""AddServiceStatus"":""0""}}}"
293,293,2025-02-04 19:09:27.5145212,20001,Info,Microsoft-Windows-UserPnp,System,1620,1476,37L4247F27-25,2,S-1-5-18,Device installation,,,DriverDescription: PCI Express standard Root Port,InstallStatus: Installation Successful,IsDriverOEM: False,UpgradeDevice: False,RebootOption: False,DeviceInstanceID: PCI\VEN_15AD&amp;DEV_07A0&amp;SUBSYS_07A015AD&amp;REV_01\3&amp;2B8E0B4B&amp;0&amp;C3,FileRepository\machine.inf_amd64_neutral_a2f120466549d68b\machine.inf,False,example_files\original\C\Windows\System32\winevt\logs\System.evtx,Classic,0,"{""UserData"":{""InstallDeviceID"":{""DriverName"":""FileRepository\\machine.inf_amd64_neutral_a2f120466549d68b\\machine.inf"",""DriverVersion"":""6.1.7601.17514"",""DriverProvider"":""Microsoft"",""DeviceInstanceID"":""PCI\\VEN_15AD&amp;DEV_07A0&amp;SUBSYS_07A015AD&amp;REV_01\\3&amp;2B8E0B4B&amp;0&amp;C3"",""SetupClass"":""4d36e97d-e325-11ce-bfc1-08002be10318"",""RebootOption"":""False"",""UpgradeDevice"":""False"",""IsDriverOEM"":""False"",""InstallStatus"":""0x0"",""DriverDescription"":""PCI Express standard Root Port""}}}"
294,294,2025-02-04 19:09:27.6393214,20003,Info,Microsoft-Windows-UserPnp,System,1652,1560,37L4247F27-25,2,S-1-5-18,Service installation,,,ServiceName: msisadrv,AddServiceStatus: Unknown code (0),,UpdateService: True,PrimaryService: True,DeviceInstanceID: PCI\VEN_8086&amp;DEV_7110&amp;SUBSYS_197615AD&amp;REV_08\3&amp;2B8E0B4B&amp;0&amp;38,system32\DRIVERS\msisadrv.sys,False,example_files\original\C\Windows\System32\winevt\logs\System.evtx,Classic,0,"{""UserData"":{""AddServiceID"":{""ServiceName"":""msisadrv"",""DriverFileName"":""system32\\DRIVERS\\msisadrv.sys"",""DeviceInstanceID"":""PCI\\VEN_8086&amp;DEV_7110&amp;SUBSYS_197615AD&amp;REV_08\\3&amp;2B8E0B4B&amp;0&amp;38"",""PrimaryService"":""True"",""UpdateService"":""True"",""AddServiceStatus"":""0""}}}"
295,295,2025-02-04 19:09:27.7641216,20001,Info,Microsoft-Windows-UserPnp,System,1652,1560,37L4247F27-25,2,S-1-5-18,Device installation,,,DriverDescription: Intel 82371AB/EB PCI to ISA bridge (ISA mode),InstallStatus: Installation Successful,IsDriverOEM: False,UpgradeDevice: False,RebootOption: True,DeviceInstanceID: PCI\VEN_8086&amp;DEV_7110&amp;SUBSYS_197615AD&amp;REV_08\3&amp;2B8E0B4B&amp;0&amp;38,FileRepository\machine.inf_amd64_neutral_a2f120466549d68b\machine.inf,False,example_files\original\C\Windows\System32\winevt\logs\System.evtx,Classic,0,"{""UserData"":{""InstallDeviceID"":{""DriverName"":""FileRepository\\machine.inf_amd64_neutral_a2f120466549d68b\\machine.inf"",""DriverVersion"":""6.1.7601.17514"",""DriverProvider"":""Microsoft"",""DeviceInstanceID"":""PCI\\VEN_8086&amp;DEV_7110&amp;SUBSYS_197615AD&amp;REV_08\\3&amp;2B8E0B4B&amp;0&amp;38"",""SetupClass"":""4d36e97d-e325-11ce-bfc1-08002be10318"",""RebootOption"":""True"",""UpgradeDevice"":""False"",""IsDriverOEM"":""False"",""InstallStatus"":""0x0"",""DriverDescription"":""Intel 82371AB/EB PCI to ISA bridge (ISA mode)""}}}"
296,296,2025-02-04 19:09:28.2009224,20001,Info,Microsoft-Windows-UserPnp,System,1860,1768,37L4247F27-25,2,S-1-5-18,Device installation,,,DriverDescription: Generic Bus,InstallStatus: Installation Successful,IsDriverOEM: False,UpgradeDevice: False,RebootOption: False,DeviceInstanceID: ACPI\PNP0A05\29,FileRepository\machine.inf_amd64_neutral_a2f120466549d68b\machine.inf,False,example_files\original\C\Windows\System32\winevt\logs\System.evtx,Classic,0,"{""UserData"":{""InstallDeviceID"":{""DriverName"":""FileRepository\\machine.inf_amd64_neutral_a2f120466549d68b\\machine.inf"",""DriverVersion"":""6.1.7601.17514"",""DriverProvider"":""Microsoft"",""DeviceInstanceID"":""ACPI\\PNP0A05\\29"",""SetupClass"":""4d36e97d-e325-11ce-bfc1-08002be10318"",""RebootOption"":""False"",""UpgradeDevice"":""False"",""IsDriverOEM"":""False"",""InstallStatus"":""0x0"",""DriverDescription"":""Generic Bus""}}}"
297,297,2025-02-04 19:09:28.4661229,20001,Info,Microsoft-Windows-UserPnp,System,1616,1832,37L4247F27-25,2,S-1-5-18,Device installation,,,DriverDescription: Generic Bus,InstallStatus: Installation Successful,IsDriverOEM: False,UpgradeDevice: False,RebootOption: False,DeviceInstanceID: ACPI\PNP0A05\44,FileRepository\machine.inf_amd64_neutral_a2f120466549d68b\machine.inf,False,example_files\original\C\Windows\System32\winevt\logs\System.evtx,Classic,0,"{""UserData"":{""InstallDeviceID"":{""DriverName"":""FileRepository\\machine.inf_amd64_neutral_a2f120466549d68b\\machine.inf"",""DriverVersion"":""6.1.7601.17514"",""DriverProvider"":""Microsoft"",""DeviceInstanceID"":""ACPI\\PNP0A05\\44"",""SetupClass"":""4d36e97d-e325-11ce-bfc1-08002be10318"",""RebootOption"":""False"",""UpgradeDevice"":""False"",""IsDriverOEM"":""False"",""InstallStatus"":""0x0"",""DriverDescription"":""Generic Bus""}}}"
