37,37,2025-02-04 19:10:24.4858213,2004,Info,Microsoft-Windows-Windows Firewall With Advanced Security,Microsoft-Windows-Windows Firewall With Advanced Security/Firewall,620,1428,37L4247F27-25,0,S-1-5-19,A rule has been added to the Windows Defender Firewall exception list,,LocalSubnet: *,: Connect to a Network Projector (TCP-In),C:\Windows\system32\netproj.exe,Direction: Inbound,Action: Allow,Protocol: TCP,,,False,example_files\original\C\Windows\System32\winevt\logs\Microsoft-Windows-Windows Firewall With Advanced Security%4Firewall.evtx,0x8000020000000000,0,"{""EventData"":{""Data"":[{""@Name"":""RuleId"",""#text"":""NetPres-In-TCP""},{""@Name"":""RuleName"",""#text"":""Connect to a Network Projector (TCP-In)""},{""@Name"":""Origin"",""#text"":""1""},{""@Name"":""ApplicationPath"",""#text"":""C:\\Windows\\system32\\netproj.exe""},{""@Name"":""ServiceName""},{""@Name"":""Direction"",""#text"":""1""},{""@Name"":""Protocol"",""#text"":""6""},{""@Name"":""LocalPorts"",""#text"":""*""},{""@Name"":""RemotePorts"",""#text"":""*""},{""@Name"":""Action"",""#text"":""3""},{""@Name"":""Profiles"",""#text"":""6""},{""@Name"":""LocalAddresses"",""#text"":""*""},{""@Name"":""RemoteAddresses"",""#text"":""LocalSubnet""},{""@Name"":""RemoteMachineAuthorizationList""},{""@Name"":""RemoteUserAuthorizationList""},{""@Name"":""EmbeddedContext"",""#text"":""@FirewallAPI.dll,-31752""},{""@Name"":""Flags"",""#text"":""0""},{""@Name"":""Active"",""#text"":""0""},{""@Name"":""EdgeTraversal"",""#text"":""0""},{""@Name"":""LooseSourceMapped"",""#text"":""0""},{""@Name"":""SecurityOptions"",""#text"":""0""},{""@Name"":""ModifyingUser"",""#text"":""S-1-5-18""},{""@Name"":""ModifyingApplication"",""#text"":""C:\\Windows\\System32\\oobe\\Setup.exe""},{""@Name"":""SchemaVersion"",""#text"":""522""},{""@Name"":""RuleStatus"",""#text"":""65536""}]}}"
38,38,2025-02-04 19:10:24.5014213,2004,Info,Microsoft-Windows-Windows Firewall With Advanced Security,Microsoft-Windows-Windows Firewall With Advanced Security/Firewall,620,1428,37L4247F27-25,0,S-1-5-19,A rule has been added to the Windows Defender Firewall exception list,,LocalSubnet: *,: Connect to a Network Projector (TCP-Out),C:\Windows\system32\netproj.exe,Direction: Outbound,Action: Allow,Protocol: TCP,,,False,example_files\original\C\Windows\System32\winevt\logs\Microsoft-Windows-Windows Firewall With Advanced Security%4Firewall.evtx,0x8000020000000000,0,"{""EventData"":{""Data"":[{""@Name"":""RuleId"",""#text"":""NetPres-Out-TCP""},{""@Name"":""RuleName"",""#text"":""Connect to a Network Projector (TCP-Out)""},{""@Name"":""Origin"",""#text"":""1""},{""@Name"":""ApplicationPath"",""#text"":""C:\\Windows\\system32\\netproj.exe""},{""@Name"":""ServiceName""},{""@Name"":""Direction"",""#text"":""2""},{""@Name"":""Protocol"",""#text"":""6""},{""@Name"":""LocalPorts"",""#text"":""*""},{""@Name"":""RemotePorts"",""#text"":""*""},{""@Name"":""Action"",""#text"":""3""},{""@Name"":""Profiles"",""#text"":""6""},{""@Name"":""LocalAddresses"",""#text"":""*""},{""@Name"":""RemoteAddresses"",""#text"":""LocalSubnet""},{""@Name"":""RemoteMachineAuthorizationList""},{""@Name"":""RemoteUserAuthorizationList""},{""@Name"":""EmbeddedContext"",""#text"":""@FirewallAPI.dll,-31752""},{""@Name"":""Flags"",""#text"":""0""},{""@Name"":""Active"",""#text"":""0""},{""@Name"":""EdgeTraversal"",""#text"":""0""},{""@Name"":""LooseSourceMapped"",""#text"":""0""},{""@Name"":""SecurityOptions"",""#text"":""0""},{""@Name"":""ModifyingUser"",""#text"":""S-1-5-18""},{""@Name"":""ModifyingApplication"",""#text"":""C:\\Windows\\System32\\oobe\\Setup.exe""},{""@Name"":""SchemaVersion"",""#text"":""522""},{""@Name"":""RuleStatus"",""#text"":""65536""}]}}"
39,39,2025-02-04 19:10:24.5014213,2004,Info,Microsoft-Windows-Windows Firewall With Advanced Security,Microsoft-Windows-Windows Firewall With Advanced Security/Firewall,620,1428,37L4247F27-25,0,S-1-5-19,A rule has been added to the Windows Defender Firewall exception list,,LocalSubnet: *,: Connect to a Network Projector (WSD Events-In),System,Direction: Inbound,Action: Allow,Protocol: TCP,,,False,example_files\original\C\Windows\System32\winevt\logs\Microsoft-Windows-Windows Firewall With Advanced Security%4Firewall.evtx,0x8000020000000000,0,"{""EventData"":{""Data"":[{""@Name"":""RuleId"",""#text"":""NetPres-WSDEVNT-In-TCP""},{""@Name"":""RuleName"",""#text"":""Connect to a Network Projector (WSD Events-In)""},{""@Name"":""Origin"",""#text"":""1""},{""@Name"":""ApplicationPath"",""#text"":""System""},{""@Name"":""ServiceName""},{""@Name"":""Direction"",""#text"":""1""},{""@Name"":""Protocol"",""#text"":""6""},{""@Name"":""LocalPorts"",""#text"":""5357""},{""@Name"":""RemotePorts"",""#text"":""*""},{""@Name"":""Action"",""#text"":""3""},{""@Name"":""Profiles"",""#text"":""6""},{""@Name"":""LocalAddresses"",""#text"":""*""},{""@Name"":""RemoteAddresses"",""#text"":""LocalSubnet""},{""@Name"":""RemoteMachineAuthorizationList""},{""@Name"":""RemoteUserAuthorizationList""},{""@Name"":""EmbeddedContext"",""#text"":""@FirewallAPI.dll,-31752""},{""@Name"":""Flags"",""#text"":""0""},{""@Name"":""Active"",""#text"":""0""},{""@Name"":""EdgeTraversal"",""#text"":""0""},{""@Name"":""LooseSourceMapped"",""#text"":""0""},{""@Name"":""SecurityOptions"",""#text"":""0""},{""@Name"":""ModifyingUser"",""#text"":""S-1-5-18""},{""@Name"":""ModifyingApplication"",""#text"":""C:\\Windows\\System32\\oobe\\Setup.exe""},{""@Name"":""SchemaVersion"",""#text"":""522""},{""@Name"":""RuleStatus"",""#text"":""65536""}]}}"
40,40,2025-02-04 19:10:24.5014213,2004,Info,Microsoft-Windows-Windows Firewall With Advanced Security,Microsoft-Windows-Windows Firewall With Advanced Security/Firewall,620,1408,37L4247F27-25,0,S-1-5-19,A rule has been added to the Windows Defender Firewall exception list,,LocalSubnet: 5357,: Connect to a Network Projector (WSD Events-Out),System,Direction: Outbound,Action: Allow,Protocol: TCP,,,False,example_files\original\C\Windows\System32\winevt\logs\Microsoft-Windows-Windows Firewall With Advanced Security%4Firewall.evtx,0x8000020000000000,0,"{""EventData"":{""Data"":[{""@Name"":""RuleId"",""#text"":""NetPres-WSDEVNT-Out-TCP""},{""@Name"":""RuleName"",""#text"":""Connect to a Network Projector (WSD Events-Out)""},{""@Name"":""Origin"",""#text"":""1""},{""@Name"":""ApplicationPath"",""#text"":""System""},{""@Name"":""ServiceName""},{""@Name"":""Direction"",""#text"":""2""},{""@Name"":""Protocol"",""#text"":""6""},{""@Name"":""LocalPorts"",""#text"":""*""},{""@Name"":""RemotePorts"",""#text"":""5357""},{""@Name"":""Action"",""#text"":""3""},{""@Name"":""Profiles"",""#text"":""6""},{""@Name"":""LocalAddresses"",""#text"":""*""},{""@Name"":""RemoteAddresses"",""#text"":""LocalSubnet""},{""@Name"":""RemoteMachineAuthorizationList""},{""@Name"":""RemoteUserAuthorizationList""},{""@Name"":""EmbeddedContext"",""#text"":""@FirewallAPI.dll,-31752""},{""@Name"":""Flags"",""#text"":""0""},{""@Name"":""Active"",""#text"":""0""},{""@Name"":""EdgeTraversal"",""#text"":""0""},{""@Name"":""LooseSourceMapped"",""#text"":""0""},{""@Name"":""SecurityOptions"",""#text"":""0""},{""@Name"":""ModifyingUser"",""#text"":""S-1-5-18""},{""@Name"":""ModifyingApplication"",""#text"":""C:\\Windows\\System32\\oobe\\Setup.exe""},{""@Name"":""SchemaVersion"",""#text"":""522""},{""@Name"":""RuleStatus"",""#text"":""65536""}]}}"
41,41,2025-02-04 19:10:24.5170213,2004,Info,Microsoft-Windows-Windows Firewall With Advanced Security,Microsoft-Windows-Windows Firewall With Advanced Security/Firewall,620,1408,37L4247F27-25,0,S-1-5-19,A rule has been added to the Windows Defender Firewall exception list,,LocalSubnet: *,: Connect to a Network Projector (WSD EventsSecure-In),System,Direction: Inbound,Action: Allow,Protocol: TCP,,,False,example_files\original\C\Windows\System32\winevt\logs\Microsoft-Windows-Windows Firewall With Advanced Security%4Firewall.evtx,0x8000020000000000,0,"{""EventData"":{""Data"":[{""@Name"":""RuleId"",""#text"":""NetPres-WSDEVNTS-In-TCP""},{""@Name"":""RuleName"",""#text"":""Connect to a Network Projector (WSD EventsSecure-In)""},{""@Name"":""Origin"",""#text"":""1""},{""@Name"":""ApplicationPath"",""#text"":""System""},{""@Name"":""ServiceName""},{""@Name"":""Direction"",""#text"":""1""},{""@Name"":""Protocol"",""#text"":""6""},{""@Name"":""LocalPorts"",""#text"":""5358""},{""@Name"":""RemotePorts"",""#text"":""*""},{""@Name"":""Action"",""#text"":""3""},{""@Name"":""Profiles"",""#text"":""6""},{""@Name"":""LocalAddresses"",""#text"":""*""},{""@Name"":""RemoteAddresses"",""#text"":""LocalSubnet""},{""@Name"":""RemoteMachineAuthorizationList""},{""@Name"":""RemoteUserAuthorizationList""},{""@Name"":""EmbeddedContext"",""#text"":""@FirewallAPI.dll,-31752""},{""@Name"":""Flags"",""#text"":""0""},{""@Name"":""Active"",""#text"":""0""},{""@Name"":""EdgeTraversal"",""#text"":""0""},{""@Name"":""LooseSourceMapped"",""#text"":""0""},{""@Name"":""SecurityOptions"",""#text"":""0""},{""@Name"":""ModifyingUser"",""#text"":""S-1-5-18""},{""@Name"":""ModifyingApplication"",""#text"":""C:\\Windows\\System32\\oobe\\Setup.exe""},{""@Name"":""SchemaVersion"",""#text"":""522""},{""@Name"":""RuleStatus"",""#text"":""65536""}]}}"
42,42,2025-02-04 19:10:24.5170213,2004,Info,Microsoft-Windows-Windows Firewall With Advanced Security,Microsoft-Windows-Windows Firewall With Advanced Security/Firewall,620,1428,37L4247F27-25,0,S-1-5-19,A rule has been added to the Windows Defender Firewall exception list,,LocalSubnet: 5358,: Connect to a Network Projector (WSD EventsSecure-Out),System,Direction: Outbound,Action: Allow,Protocol: TCP,,,False,example_files\original\C\Windows\System32\winevt\logs\Microsoft-Windows-Windows Firewall With Advanced Security%4Firewall.evtx,0x8000020000000000,0,"{""EventData"":{""Data"":[{""@Name"":""RuleId"",""#text"":""NetPres-WSDEVNTS-Out-TCP""},{""@Name"":""RuleName"",""#text"":""Connect to a Network Projector (WSD EventsSecure-Out)""},{""@Name"":""Origin"",""#text"":""1""},{""@Name"":""ApplicationPath"",""#text"":""System""},{""@Name"":""ServiceName""},{""@Name"":""Direction"",""#text"":""2""},{""@Name"":""Protocol"",""#text"":""6""},{""@Name"":""LocalPorts"",""#text"":""*""},{""@Name"":""RemotePorts"",""#text"":""5358""},{""@Name"":""Action"",""#text"":""3""},{""@Name"":""Profiles"",""#text"":""6""},{""@Name"":""LocalAddresses"",""#text"":""*""},{""@Name"":""RemoteAddresses"",""#text"":""LocalSubnet""},{""@Name"":""RemoteMachineAuthorizationList""},{""@Name"":""RemoteUserAuthorizationList""},{""@Name"":""EmbeddedContext"",""#text"":""@FirewallAPI.dll,-31752""},{""@Name"":""Flags"",""#text"":""0""},{""@Name"":""Active"",""#text"":""0""},{""@Name"":""EdgeTraversal"",""#text"":""0""},{""@Name"":""LooseSourceMapped"",""#text"":""0""},{""@Name"":""SecurityOptions"",""#text"":""0""},{""@Name"":""ModifyingUser"",""#text"":""S-1-5-18""},{""@Name"":""ModifyingApplication"",""#text"":""C:\\Windows\\System32\\oobe\\Setup.exe""},{""@Name"":""SchemaVersion"",""#text"":""522""},{""@Name"":""RuleStatus"",""#text"":""65536""}]}}"
43,43,2025-02-04 19:10:24.5326214,2004,Info,Microsoft-Windows-Windows Firewall With Advanced Security,Microsoft-Windows-Windows Firewall With Advanced Security/Firewall,620,1408,37L4247F27-25,0,S-1-5-19,A rule has been added to the Windows Defender Firewall exception list,,*: *,: Remote Desktop (TCP-In),System,Direction: Inbound,Action: Allow,Protocol: TCP,,,False,example_files\original\C\Windows\System32\winevt\logs\Microsoft-Windows-Windows Firewall With Advanced Security%4Firewall.evtx,0x8000020000000000,0,"{""EventData"":{""Data"":[{""@Name"":""RuleId"",""#text"":""RemoteDesktop-In-TCP""},{""@Name"":""RuleName"",""#text"":""Remote Desktop (TCP-In)""},{""@Name"":""Origin"",""#text"":""1""},{""@Name"":""ApplicationPath"",""#text"":""System""},{""@Name"":""ServiceName""},{""@Name"":""Direction"",""#text"":""1""},{""@Name"":""Protocol"",""#text"":""6""},{""@Name"":""LocalPorts"",""#text"":""3389""},{""@Name"":""RemotePorts"",""#text"":""*""},{""@Name"":""Action"",""#text"":""3""},{""@Name"":""Profiles"",""#text"":""2147483647""},{""@Name"":""LocalAddresses"",""#text"":""*""},{""@Name"":""RemoteAddresses"",""#text"":""*""},{""@Name"":""RemoteMachineAuthorizationList""},{""@Name"":""RemoteUserAuthorizationList""},{""@Name"":""EmbeddedContext"",""#text"":""@FirewallAPI.dll,-28752""},{""@Name"":""Flags"",""#text"":""0""},{""@Name"":""Active"",""#text"":""0""},{""@Name"":""EdgeTraversal"",""#text"":""0""},{""@Name"":""LooseSourceMapped"",""#text"":""0""},{""@Name"":""SecurityOptions"",""#text"":""0""},{""@Name"":""ModifyingUser"",""#text"":""S-1-5-18""},{""@Name"":""ModifyingApplication"",""#text"":""C:\\Windows\\System32\\oobe\\Setup.exe""},{""@Name"":""SchemaVersion"",""#text"":""522""},{""@Name"":""RuleStatus"",""#text"":""65536""}]}}"
44,44,2025-02-04 19:10:24.5326214,2004,Info,Microsoft-Windows-Windows Firewall With Advanced Security,Microsoft-Windows-Windows Firewall With Advanced Security/Firewall,620,1428,37L4247F27-25,0,S-1-5-19,A rule has been added to the Windows Defender Firewall exception list,,*: *,termservice: Remote Desktop - RemoteFX (TCP-In),C:\Windows\system32\svchost.exe,Direction: Inbound,Action: Allow,Protocol: TCP,,,False,example_files\original\C\Windows\System32\winevt\logs\Microsoft-Windows-Windows Firewall With Advanced Security%4Firewall.evtx,0x8000020000000000,0,"{""EventData"":{""Data"":[{""@Name"":""RuleId"",""#text"":""RemoteDesktop-UserMode-In-TCP""},{""@Name"":""RuleName"",""#text"":""Remote Desktop - RemoteFX (TCP-In)""},{""@Name"":""Origin"",""#text"":""1""},{""@Name"":""ApplicationPath"",""#text"":""C:\\Windows\\system32\\svchost.exe""},{""@Name"":""ServiceName"",""#text"":""termservice""},{""@Name"":""Direction"",""#text"":""1""},{""@Name"":""Protocol"",""#text"":""6""},{""@Name"":""LocalPorts"",""#text"":""3389""},{""@Name"":""RemotePorts"",""#text"":""*""},{""@Name"":""Action"",""#text"":""3""},{""@Name"":""Profiles"",""#text"":""2147483647""},{""@Name"":""LocalAddresses"",""#text"":""*""},{""@Name"":""RemoteAddresses"",""#text"":""*""},{""@Name"":""RemoteMachineAuthorizationList""},{""@Name"":""RemoteUserAuthorizationList""},{""@Name"":""EmbeddedContext"",""#text"":""@FirewallAPI.dll,-28852""},{""@Name"":""Flags"",""#text"":""0""},{""@Name"":""Active"",""#text"":""0""},{""@Name"":""EdgeTraversal"",""#text"":""0""},{""@Name"":""LooseSourceMapped"",""#text"":""0""},{""@Name"":""SecurityOptions"",""#text"":""0""},{""@Name"":""ModifyingUser"",""#text"":""S-1-5-18""},{""@Name"":""ModifyingApplication"",""#text"":""C:\\Windows\\System32\\oobe\\Setup.exe""},{""@Name"":""SchemaVersion"",""#text"":""522""},{""@Name"":""RuleStatus"",""#text"":""65536""}]}}"
45,45,2025-02-04 19:10:24.5482214,2004,Info,Microsoft-Windows-Windows Firewall With Advanced Security,Microsoft-Windows-Windows Firewall With Advanced Security/Firewall,620,1408,37L4247F27-25,0,S-1-5-19,A rule has been added to the Windows Defender Firewall exception list,,*: *,: BranchCache Content Retrieval (HTTP-In),SYSTEM,Direction: Inbound,Action: Allow,Protocol: TCP,,,False,example_files\original\C\Windows\System32\winevt\logs\Microsoft-Windows-Windows Firewall With Advanced Security%4Firewall.evtx,0x8000020000000000,0,"{""EventData"":{""Data"":[{""@Name"":""RuleId"",""#text"":""Microsoft-Windows-PeerDist-HttpTrans-In""},{""@Name"":""RuleName"",""#text"":""BranchCache Content Retrieval (HTTP-In)""},{""@Name"":""Origin"",""#text"":""1""},{""@Name"":""ApplicationPath"",""#text"":""SYSTEM""},{""@Name"":""ServiceName""},{""@Name"":""Direction"",""#text"":""1""},{""@Name"":""Protocol"",""#text"":""6""},{""@Name"":""LocalPorts"",""#text"":""80""},{""@Name"":""RemotePorts"",""#text"":""*""},{""@Name"":""Action"",""#text"":""3""},{""@Name"":""Profiles"",""#text"":""2147483647""},{""@Name"":""LocalAddresses"",""#text"":""*""},{""@Name"":""RemoteAddresses"",""#text"":""*""},{""@Name"":""RemoteMachineAuthorizationList""},{""@Name"":""RemoteUserAuthorizationList""},{""@Name"":""EmbeddedContext"",""#text"":""@peerdistsh.dll,-9000""},{""@Name"":""Flags"",""#text"":""0""},{""@Name"":""Active"",""#text"":""0""},{""@Name"":""EdgeTraversal"",""#text"":""0""},{""@Name"":""LooseSourceMapped"",""#text"":""0""},{""@Name"":""SecurityOptions"",""#text"":""0""},{""@Name"":""ModifyingUser"",""#text"":""S-1-5-18""},{""@Name"":""ModifyingApplication"",""#text"":""C:\\Windows\\System32\\oobe\\Setup.exe""},{""@Name"":""SchemaVersion"",""#text"":""522""},{""@Name"":""RuleStatus"",""#text"":""65536""}]}}"
46,46,2025-02-04 19:10:24.5638214,2004,Info,Microsoft-Windows-Windows Firewall With Advanced Security,Microsoft-Windows-Windows Firewall With Advanced Security/Firewall,620,1428,37L4247F27-25,0,S-1-5-19,A rule has been added to the Windows Defender Firewall exception list,,*: 80,: BranchCache Content Retrieval (HTTP-Out),SYSTEM,Direction: Outbound,Action: Allow,Protocol: TCP,,,False,example_files\original\C\Windows\System32\winevt\logs\Microsoft-Windows-Windows Firewall With Advanced Security%4Firewall.evtx,0x8000020000000000,0,"{""EventData"":{""Data"":[{""@Name"":""RuleId"",""#text"":""Microsoft-Windows-PeerDist-HttpTrans-Out""},{""@Name"":""RuleName"",""#text"":""BranchCache Content Retrieval (HTTP-Out)""},{""@Name"":""Origin"",""#text"":""1""},{""@Name"":""ApplicationPath"",""#text"":""SYSTEM""},{""@Name"":""ServiceName""},{""@Name"":""Direction"",""#text"":""2""},{""@Name"":""Protocol"",""#text"":""6""},{""@Name"":""LocalPorts"",""#text"":""*""},{""@Name"":""RemotePorts"",""#text"":""80""},{""@Name"":""Action"",""#text"":""3""},{""@Name"":""Profiles"",""#text"":""2147483647""},{""@Name"":""LocalAddresses"",""#text"":""*""},{""@Name"":""RemoteAddresses"",""#text"":""*""},{""@Name"":""RemoteMachineAuthorizationList""},{""@Name"":""RemoteUserAuthorizationList""},{""@Name"":""EmbeddedContext"",""#text"":""@peerdistsh.dll,-9000""},{""@Name"":""Flags"",""#text"":""0""},{""@Name"":""Active"",""#text"":""0""},{""@Name"":""EdgeTraversal"",""#text"":""0""},{""@Name"":""LooseSourceMapped"",""#text"":""0""},{""@Name"":""SecurityOptions"",""#text"":""0""},{""@Name"":""ModifyingUser"",""#text"":""S-1-5-18""},{""@Name"":""ModifyingApplication"",""#text"":""C:\\Windows\\System32\\oobe\\Setup.exe""},{""@Name"":""SchemaVersion"",""#text"":""522""},{""@Name"":""RuleStatus"",""#text"":""65536""}]}}"
47,47,2025-02-04 19:10:24.5638214,2004,Info,Microsoft-Windows-Windows Firewall With Advanced Security,Microsoft-Windows-Windows Firewall With Advanced Security/Firewall,620,1408,37L4247F27-25,0,S-1-5-19,A rule has been added to the Windows Defender Firewall exception list,,LocalSubnet: *,PeerDistSvc: BranchCache Peer Discovery (WSD-In),C:\Windows\system32\svchost.exe,Direction: Inbound,Action: Allow,Protocol: UDP,,,False,example_files\original\C\Windows\System32\winevt\logs\Microsoft-Windows-Windows Firewall With Advanced Security%4Firewall.evtx,0x8000020000000000,0,"{""EventData"":{""Data"":[{""@Name"":""RuleId"",""#text"":""Microsoft-Windows-PeerDist-WSD-In""},{""@Name"":""RuleName"",""#text"":""BranchCache Peer Discovery (WSD-In)""},{""@Name"":""Origin"",""#text"":""1""},{""@Name"":""ApplicationPath"",""#text"":""C:\\Windows\\system32\\svchost.exe""},{""@Name"":""ServiceName"",""#text"":""PeerDistSvc""},{""@Name"":""Direction"",""#text"":""1""},{""@Name"":""Protocol"",""#text"":""17""},{""@Name"":""LocalPorts"",""#text"":""3702""},{""@Name"":""RemotePorts"",""#text"":""*""},{""@Name"":""Action"",""#text"":""3""},{""@Name"":""Profiles"",""#text"":""2147483647""},{""@Name"":""LocalAddresses"",""#text"":""*""},{""@Name"":""RemoteAddresses"",""#text"":""LocalSubnet""},{""@Name"":""RemoteMachineAuthorizationList""},{""@Name"":""RemoteUserAuthorizationList""},{""@Name"":""EmbeddedContext"",""#text"":""@peerdistsh.dll,-9001""},{""@Name"":""Flags"",""#text"":""0""},{""@Name"":""Active"",""#text"":""0""},{""@Name"":""EdgeTraversal"",""#text"":""0""},{""@Name"":""LooseSourceMapped"",""#text"":""0""},{""@Name"":""SecurityOptions"",""#text"":""0""},{""@Name"":""ModifyingUser"",""#text"":""S-1-5-18""},{""@Name"":""ModifyingApplication"",""#text"":""C:\\Windows\\System32\\oobe\\Setup.exe""},{""@Name"":""SchemaVersion"",""#text"":""522""},{""@Name"":""RuleStatus"",""#text"":""65536""}]}}"
48,48,2025-02-04 19:10:24.5794214,2004,Info,Microsoft-Windows-Windows Firewall With Advanced Security,Microsoft-Windows-Windows Firewall With Advanced Security/Firewall,620,1428,37L4247F27-25,0,S-1-5-19,A rule has been added to the Windows Defender Firewall exception list,,LocalSubnet: 3702,PeerDistSvc: BranchCache Peer Discovery (WSD-Out),C:\Windows\system32\svchost.exe,Direction: Outbound,Action: Allow,Protocol: UDP,,,False,example_files\original\C\Windows\System32\winevt\logs\Microsoft-Windows-Windows Firewall With Advanced Security%4Firewall.evtx,0x8000020000000000,0,"{""EventData"":{""Data"":[{""@Name"":""RuleId"",""#text"":""Microsoft-Windows-PeerDist-WSD-Out""},{""@Name"":""RuleName"",""#text"":""BranchCache Peer Discovery (WSD-Out)""},{""@Name"":""Origin"",""#text"":""1""},{""@Name"":""ApplicationPath"",""#text"":""C:\\Windows\\system32\\svchost.exe""},{""@Name"":""ServiceName"",""#text"":""PeerDistSvc""},{""@Name"":""Direction"",""#text"":""2""},{""@Name"":""Protocol"",""#text"":""17""},{""@Name"":""LocalPorts"",""#text"":""*""},{""@Name"":""RemotePorts"",""#text"":""3702""},{""@Name"":""Action"",""#text"":""3""},{""@Name"":""Profiles"",""#text"":""2147483647""},{""@Name"":""LocalAddresses"",""#text"":""*""},{""@Name"":""RemoteAddresses"",""#text"":""LocalSubnet""},{""@Name"":""RemoteMachineAuthorizationList""},{""@Name"":""RemoteUserAuthorizationList""},{""@Name"":""EmbeddedContext"",""#text"":""@peerdistsh.dll,-9001""},{""@Name"":""Flags"",""#text"":""0""},{""@Name"":""Active"",""#text"":""0""},{""@Name"":""EdgeTraversal"",""#text"":""0""},{""@Name"":""LooseSourceMapped"",""#text"":""0""},{""@Name"":""SecurityOptions"",""#text"":""0""},{""@Name"":""ModifyingUser"",""#text"":""S-1-5-18""},{""@Name"":""ModifyingApplication"",""#text"":""C:\\Windows\\System32\\oobe\\Setup.exe""},{""@Name"":""SchemaVersion"",""#text"":""522""},{""@Name"":""RuleStatus"",""#text"":""65536""}]}}"
49,49,2025-02-04 19:10:24.5794214,2004,Info,Microsoft-Windows-Windows Firewall With Advanced Security,Microsoft-Windows-Windows Firewall With Advanced Security/Firewall,620,1428,37L4247F27-25,0,S-1-5-19,A rule has been added to the Windows Defender Firewall exception list,,*: *,: BranchCache Hosted Cache Server (HTTP-In),SYSTEM,Direction: Inbound,Action: Allow,Protocol: TCP,,,False,example_files\original\C\Windows\System32\winevt\logs\Microsoft-Windows-Windows Firewall With Advanced Security%4Firewall.evtx,0x8000020000000000,0,"{""EventData"":{""Data"":[{""@Name"":""RuleId"",""#text"":""Microsoft-Windows-PeerDist-HostedServer-In""},{""@Name"":""RuleName"",""#text"":""BranchCache Hosted Cache Server (HTTP-In)""},{""@Name"":""Origin"",""#text"":""1""},{""@Name"":""ApplicationPath"",""#text"":""SYSTEM""},{""@Name"":""ServiceName""},{""@Name"":""Direction"",""#text"":""1""},{""@Name"":""Protocol"",""#text"":""6""},{""@Name"":""LocalPorts"",""#text"":""443""},{""@Name"":""RemotePorts"",""#text"":""*""},{""@Name"":""Action"",""#text"":""3""},{""@Name"":""Profiles"",""#text"":""2147483647""},{""@Name"":""LocalAddresses"",""#text"":""*""},{""@Name"":""RemoteAddresses"",""#text"":""*""},{""@Name"":""RemoteMachineAuthorizationList""},{""@Name"":""RemoteUserAuthorizationList""},{""@Name"":""EmbeddedContext"",""#text"":""@peerdistsh.dll,-9002""},{""@Name"":""Flags"",""#text"":""0""},{""@Name"":""Active"",""#text"":""0""},{""@Name"":""EdgeTraversal"",""#text"":""0""},{""@Name"":""LooseSourceMapped"",""#text"":""0""},{""@Name"":""SecurityOptions"",""#text"":""0""},{""@Name"":""ModifyingUser"",""#text"":""S-1-5-18""},{""@Name"":""ModifyingApplication"",""#text"":""C:\\Windows\\System32\\oobe\\Setup.exe""},{""@Name"":""SchemaVersion"",""#text"":""522""},{""@Name"":""RuleStatus"",""#text"":""65536""}]}}"
50,50,2025-02-04 19:10:24.5794214,2004,Info,Microsoft-Windows-Windows Firewall With Advanced Security,Microsoft-Windows-Windows Firewall With Advanced Security/Firewall,620,1408,37L4247F27-25,0,S-1-5-19,A rule has been added to the Windows Defender Firewall exception list,,*: *,: BranchCache Hosted Cache Server(HTTP-Out),SYSTEM,Direction: Outbound,Action: Allow,Protocol: TCP,,,False,example_files\original\C\Windows\System32\winevt\logs\Microsoft-Windows-Windows Firewall With Advanced Security%4Firewall.evtx,0x8000020000000000,0,"{""EventData"":{""Data"":[{""@Name"":""RuleId"",""#text"":""Microsoft-Windows-PeerDist-HostedServer-Out""},{""@Name"":""RuleName"",""#text"":""BranchCache Hosted Cache Server(HTTP-Out)""},{""@Name"":""Origin"",""#text"":""1""},{""@Name"":""ApplicationPath"",""#text"":""SYSTEM""},{""@Name"":""ServiceName""},{""@Name"":""Direction"",""#text"":""2""},{""@Name"":""Protocol"",""#text"":""6""},{""@Name"":""LocalPorts"",""#text"":""443""},{""@Name"":""RemotePorts"",""#text"":""*""},{""@Name"":""Action"",""#text"":""3""},{""@Name"":""Profiles"",""#text"":""2147483647""},{""@Name"":""LocalAddresses"",""#text"":""*""},{""@Name"":""RemoteAddresses"",""#text"":""*""},{""@Name"":""RemoteMachineAuthorizationList""},{""@Name"":""RemoteUserAuthorizationList""},{""@Name"":""EmbeddedContext"",""#text"":""@peerdistsh.dll,-9002""},{""@Name"":""Flags"",""#text"":""0""},{""@Name"":""Active"",""#text"":""0""},{""@Name"":""EdgeTraversal"",""#text"":""0""},{""@Name"":""LooseSourceMapped"",""#text"":""0""},{""@Name"":""SecurityOptions"",""#text"":""0""},{""@Name"":""ModifyingUser"",""#text"":""S-1-5-18""},{""@Name"":""ModifyingApplication"",""#text"":""C:\\Windows\\System32\\oobe\\Setup.exe""},{""@Name"":""SchemaVersion"",""#text"":""522""},{""@Name"":""RuleStatus"",""#text"":""65536""}]}}"
51,51,2025-02-04 19:10:24.5950215,2004,Info,Microsoft-Windows-Windows Firewall With Advanced Security,Microsoft-Windows-Windows Firewall With Advanced Security/Firewall,620,1428,37L4247F27-25,0,S-1-5-19,A rule has been added to the Windows Defender Firewall exception list,,*: 443,: BranchCache Hosted Cache Client (HTTP-Out),SYSTEM,Direction: Outbound,Action: Allow,Protocol: TCP,,,False,example_files\original\C\Windows\System32\winevt\logs\Microsoft-Windows-Windows Firewall With Advanced Security%4Firewall.evtx,0x8000020000000000,0,"{""EventData"":{""Data"":[{""@Name"":""RuleId"",""#text"":""Microsoft-Windows-PeerDist-HostedClient-Out""},{""@Name"":""RuleName"",""#text"":""BranchCache Hosted Cache Client (HTTP-Out)""},{""@Name"":""Origin"",""#text"":""1""},{""@Name"":""ApplicationPath"",""#text"":""SYSTEM""},{""@Name"":""ServiceName""},{""@Name"":""Direction"",""#text"":""2""},{""@Name"":""Protocol"",""#text"":""6""},{""@Name"":""LocalPorts"",""#text"":""*""},{""@Name"":""RemotePorts"",""#text"":""443""},{""@Name"":""Action"",""#text"":""3""},{""@Name"":""Profiles"",""#text"":""2147483647""},{""@Name"":""LocalAddresses"",""#text"":""*""},{""@Name"":""RemoteAddresses"",""#text"":""*""},{""@Name"":""RemoteMachineAuthorizationList""},{""@Name"":""RemoteUserAuthorizationList""},{""@Name"":""EmbeddedContext"",""#text"":""@peerdistsh.dll,-9003""},{""@Name"":""Flags"",""#text"":""0""},{""@Name"":""Active"",""#text"":""0""},{""@Name"":""EdgeTraversal"",""#text"":""0""},{""@Name"":""LooseSourceMapped"",""#text"":""0""},{""@Name"":""SecurityOptions"",""#text"":""0""},{""@Name"":""ModifyingUser"",""#text"":""S-1-5-18""},{""@Name"":""ModifyingApplication"",""#text"":""C:\\Windows\\System32\\oobe\\Setup.exe""},{""@Name"":""SchemaVersion"",""#text"":""522""},{""@Name"":""RuleStatus"",""#text"":""65536""}]}}"
52,52,2025-02-04 19:10:24.6262215,2004,Info,Microsoft-Windows-Windows Firewall With Advanced Security,Microsoft-Windows-Windows Firewall With Advanced Security/Firewall,620,1408,37L4247F27-25,0,S-1-5-19,A rule has been added to the Windows Defender Firewall exception list,,LocalSubnet: *,sppsvc: Key Management Service (TCP-In),C:\Windows\system32\sppsvc.exe,Direction: Inbound,Action: Allow,Protocol: TCP,,,False,example_files\original\C\Windows\System32\winevt\logs\Microsoft-Windows-Windows Firewall With Advanced Security%4Firewall.evtx,0x8000020000000000,0,"{""EventData"":{""Data"":[{""@Name"":""RuleId"",""#text"":""SPPSVC-In-TCP""},{""@Name"":""RuleName"",""#text"":""Key Management Service (TCP-In)""},{""@Name"":""Origin"",""#text"":""1""},{""@Name"":""ApplicationPath"",""#text"":""C:\\Windows\\system32\\sppsvc.exe""},{""@Name"":""ServiceName"",""#text"":""sppsvc""},{""@Name"":""Direction"",""#text"":""1""},{""@Name"":""Protocol"",""#text"":""6""},{""@Name"":""LocalPorts"",""#text"":""1688""},{""@Name"":""RemotePorts"",""#text"":""*""},{""@Name"":""Action"",""#text"":""3""},{""@Name"":""Profiles"",""#text"":""6""},{""@Name"":""LocalAddresses"",""#text"":""*""},{""@Name"":""RemoteAddresses"",""#text"":""LocalSubnet""},{""@Name"":""RemoteMachineAuthorizationList""},{""@Name"":""RemoteUserAuthorizationList""},{""@Name"":""EmbeddedContext"",""#text"":""@FirewallAPI.dll,-28002""},{""@Name"":""Flags"",""#text"":""0""},{""@Name"":""Active"",""#text"":""0""},{""@Name"":""EdgeTraversal"",""#text"":""0""},{""@Name"":""LooseSourceMapped"",""#text"":""0""},{""@Name"":""SecurityOptions"",""#text"":""0""},{""@Name"":""ModifyingUser"",""#text"":""S-1-5-18""},{""@Name"":""ModifyingApplication"",""#text"":""C:\\Windows\\System32\\oobe\\Setup.exe""},{""@Name"":""SchemaVersion"",""#text"":""522""},{""@Name"":""RuleStatus"",""#text"":""65536""}]}}"
53,53,2025-02-04 19:10:24.6262215,2004,Info,Microsoft-Windows-Windows Firewall With Advanced Security,Microsoft-Windows-Windows Firewall With Advanced Security/Firewall,620,1408,37L4247F27-25,0,S-1-5-19,A rule has been added to the Windows Defender Firewall exception list,,*: *,sppsvc: Key Management Service (TCP-In),C:\Windows\system32\sppsvc.exe,Direction: Inbound,Action: Allow,Protocol: TCP,,,False,example_files\original\C\Windows\System32\winevt\logs\Microsoft-Windows-Windows Firewall With Advanced Security%4Firewall.evtx,0x8000020000000000,0,"{""EventData"":{""Data"":[{""@Name"":""RuleId"",""#text"":""SPPSVC-In-TCP-NoScope""},{""@Name"":""RuleName"",""#text"":""Key Management Service (TCP-In)""},{""@Name"":""Origin"",""#text"":""1""},{""@Name"":""ApplicationPath"",""#text"":""C:\\Windows\\system32\\sppsvc.exe""},{""@Name"":""ServiceName"",""#text"":""sppsvc""},{""@Name"":""Direction"",""#text"":""1""},{""@Name"":""Protocol"",""#text"":""6""},{""@Name"":""LocalPorts"",""#text"":""1688""},{""@Name"":""RemotePorts"",""#text"":""*""},{""@Name"":""Action"",""#text"":""3""},{""@Name"":""Profiles"",""#text"":""1""},{""@Name"":""LocalAddresses"",""#text"":""*""},{""@Name"":""RemoteAddresses"",""#text"":""*""},{""@Name"":""RemoteMachineAuthorizationList""},{""@Name"":""RemoteUserAuthorizationList""},{""@Name"":""EmbeddedContext"",""#text"":""@FirewallAPI.dll,-28002""},{""@Name"":""Flags"",""#text"":""0""},{""@Name"":""Active"",""#text"":""0""},{""@Name"":""EdgeTraversal"",""#text"":""0""},{""@Name"":""LooseSourceMapped"",""#text"":""0""},{""@Name"":""SecurityOptions"",""#text"":""0""},{""@Name"":""ModifyingUser"",""#text"":""S-1-5-18""},{""@Name"":""ModifyingApplication"",""#text"":""C:\\Windows\\System32\\oobe\\Setup.exe""},{""@Name"":""SchemaVersion"",""#text"":""522""},{""@Name"":""RuleStatus"",""#text"":""65536""}]}}"
54,54,2025-02-04 03:10:55.1882091,2010,Info,Microsoft-Windows-Windows Firewall With Advanced Security,Microsoft-Windows-Windows Firewall With Advanced Security/Firewall,1212,1244,WIN-TFHMB3RRSQV,0,S-1-5-19,,,,,,,,,,,False,example_files\original\C\Windows\System32\winevt\logs\Microsoft-Windows-Windows Firewall With Advanced Security%4Firewall.evtx,Classic,0,"{""EventData"":{""Data"":[{""@Name"":""InterfaceGuid"",""#text"":""ac4c6af4-a6c1-47f3-8a31-d969469ae0cb""},{""@Name"":""InterfaceName"",""#text"":""ethernet_6""},{""@Name"":""OldProfile"",""#text"":""2147483649""},{""@Name"":""NewProfile"",""#text"":""4""}]}}"
55,55,2025-02-04 03:10:56.2334110,2011,Info,Microsoft-Windows-Windows Firewall With Advanced Security,Microsoft-Windows-Windows Firewall With Advanced Security/Firewall,1212,1264,WIN-TFHMB3RRSQV,0,S-1-5-19,Windows Firewall unable to notify user of blocked application,,,S-1-5-18,C:\windows\system32\lsass.exe,,Protocol: TCP,,,,False,example_files\original\C\Windows\System32\winevt\logs\Microsoft-Windows-Windows Firewall With Advanced Security%4Firewall.evtx,Classic,0,"{""EventData"":{""Data"":[{""@Name"":""ReasonCode"",""#text"":""1""},{""@Name"":""ApplicationPath"",""#text"":""C:\\windows\\system32\\lsass.exe""},{""@Name"":""IPVersion"",""#text"":""0""},{""@Name"":""Protocol"",""#text"":""6""},{""@Name"":""Port"",""#text"":""49156""},{""@Name"":""ProcessId"",""#text"":""412""},{""@Name"":""ModifyingUser"",""#text"":""S-1-5-18""}]}}"
56,56,2025-02-04 03:11:45.8443000,2005,Info,Microsoft-Windows-Windows Firewall With Advanced Security,Microsoft-Windows-Windows Firewall With Advanced Security/Firewall,1212,1456,WIN-TFHMB3RRSQV,0,S-1-5-19,A rule has been modified in the Windows Defender Firewall exception list,,*: *,: Remote Assistance (TCP-In),C:\Windows\system32\msra.exe,Direction: Inbound,Action: Allow,Protocol: TCP,,,False,example_files\original\C\Windows\System32\winevt\logs\Microsoft-Windows-Windows Firewall With Advanced Security%4Firewall.evtx,0x8000020000000000,0,"{""EventData"":{""Data"":[{""@Name"":""RuleId"",""#text"":""RemoteAssistance-In-TCP-EdgeScope""},{""@Name"":""RuleName"",""#text"":""Remote Assistance (TCP-In)""},{""@Name"":""Origin"",""#text"":""1""},{""@Name"":""ApplicationPath"",""#text"":""C:\\Windows\\system32\\msra.exe""},{""@Name"":""ServiceName""},{""@Name"":""Direction"",""#text"":""1""},{""@Name"":""Protocol"",""#text"":""6""},{""@Name"":""LocalPorts"",""#text"":""*""},{""@Name"":""RemotePorts"",""#text"":""*""},{""@Name"":""Action"",""#text"":""3""},{""@Name"":""Profiles"",""#text"":""4""},{""@Name"":""LocalAddresses"",""#text"":""*""},{""@Name"":""RemoteAddresses"",""#text"":""*""},{""@Name"":""RemoteMachineAuthorizationList""},{""@Name"":""RemoteUserAuthorizationList""},{""@Name"":""EmbeddedContext"",""#text"":""@FirewallAPI.dll,-33002""},{""@Name"":""Flags"",""#text"":""137""},{""@Name"":""Active"",""#text"":""1""},{""@Name"":""EdgeTraversal"",""#text"":""1""},{""@Name"":""LooseSourceMapped"",""#text"":""0""},{""@Name"":""SecurityOptions"",""#text"":""0""},{""@Name"":""ModifyingUser"",""#text"":""S-1-5-21-2927126382-3537124110-2073285158-1000""},{""@Name"":""ModifyingApplication"",""#text"":""C:\\Windows\\System32\\SystemPropertiesRemote.exe""},{""@Name"":""SchemaVersion"",""#text"":""522""},{""@Name"":""RuleStatus"",""#text"":""65536""}]}}"
57,57,2025-02-04 03:11:45.8443000,2005,Info,Microsoft-Windows-Windows Firewall With Advanced Security,Microsoft-Windows-Windows Firewall With Advanced Security/Firewall,1212,1456,WIN-TFHMB3RRSQV,0,S-1-5-19,A rule has been modified in the Windows Defender Firewall exception list,,*: *,: Remote Assistance (TCP-Out),C:\Windows\system32\msra.exe,Direction: Outbound,Action: Allow,Protocol: TCP,,,False,example_files\original\C\Windows\System32\winevt\logs\Microsoft-Windows-Windows Firewall With Advanced Security%4Firewall.evtx,0x8000020000000000,0,"{""EventData"":{""Data"":[{""@Name"":""RuleId"",""#text"":""RemoteAssistance-Out-TCP""},{""@Name"":""RuleName"",""#text"":""Remote Assistance (TCP-Out)""},{""@Name"":""Origin"",""#text"":""1""},{""@Name"":""ApplicationPath"",""#text"":""C:\\Windows\\system32\\msra.exe""},{""@Name"":""ServiceName""},{""@Name"":""Direction"",""#text"":""2""},{""@Name"":""Protocol"",""#text"":""6""},{""@Name"":""LocalPorts"",""#text"":""*""},{""@Name"":""RemotePorts"",""#text"":""*""},{""@Name"":""Action"",""#text"":""3""},{""@Name"":""Profiles"",""#text"":""4""},{""@Name"":""LocalAddresses"",""#text"":""*""},{""@Name"":""RemoteAddresses"",""#text"":""*""},{""@Name"":""RemoteMachineAuthorizationList""},{""@Name"":""RemoteUserAuthorizationList""},{""@Name"":""EmbeddedContext"",""#text"":""@FirewallAPI.dll,-33002""},{""@Name"":""Flags"",""#text"":""1""},{""@Name"":""Active"",""#text"":""1""},{""@Name"":""EdgeTraversal"",""#text"":""0""},{""@Name"":""LooseSourceMapped"",""#text"":""0""},{""@Name"":""SecurityOptions"",""#text"":""0""},{""@Name"":""ModifyingUser"",""#text"":""S-1-5-21-2927126382-3537124110-2073285158-1000""},{""@Name"":""ModifyingApplication"",""#text"":""C:\\Windows\\System32\\SystemPropertiesRemote.exe""},{""@Name"":""SchemaVersion"",""#text"":""522""},{""@Name"":""RuleStatus"",""#text"":""65536""}]}}"
58,58,2025-02-04 03:11:45.8443000,2005,Info,Microsoft-Windows-Windows Firewall With Advanced Security,Microsoft-Windows-Windows Firewall With Advanced Security/Firewall,1212,1456,WIN-TFHMB3RRSQV,0,S-1-5-19,A rule has been modified in the Windows Defender Firewall exception list,,*: *,pnrpsvc: Remote Assistance (PNRP-In),C:\Windows\system32\svchost.exe,Direction: Inbound,Action: Allow,Protocol: UDP,,,False,example_files\original\C\Windows\System32\winevt\logs\Microsoft-Windows-Windows Firewall With Advanced Security%4Firewall.evtx,0x8000020000000000,0,"{""EventData"":{""Data"":[{""@Name"":""RuleId"",""#text"":""RemoteAssistance-PnrpSvc-UDP-In-EdgeScope""},{""@Name"":""RuleName"",""#text"":""Remote Assistance (PNRP-In)""},{""@Name"":""Origin"",""#text"":""1""},{""@Name"":""ApplicationPath"",""#text"":""C:\\Windows\\system32\\svchost.exe""},{""@Name"":""ServiceName"",""#text"":""pnrpsvc""},{""@Name"":""Direction"",""#text"":""1""},{""@Name"":""Protocol"",""#text"":""17""},{""@Name"":""LocalPorts"",""#text"":""3540""},{""@Name"":""RemotePorts"",""#text"":""*""},{""@Name"":""Action"",""#text"":""3""},{""@Name"":""Profiles"",""#text"":""4""},{""@Name"":""LocalAddresses"",""#text"":""*""},{""@Name"":""RemoteAddresses"",""#text"":""*""},{""@Name"":""RemoteMachineAuthorizationList""},{""@Name"":""RemoteUserAuthorizationList""},{""@Name"":""EmbeddedContext"",""#text"":""@FirewallAPI.dll,-33002""},{""@Name"":""Flags"",""#text"":""137""},{""@Name"":""Active"",""#text"":""1""},{""@Name"":""EdgeTraversal"",""#text"":""1""},{""@Name"":""LooseSourceMapped"",""#text"":""0""},{""@Name"":""SecurityOptions"",""#text"":""0""},{""@Name"":""ModifyingUser"",""#text"":""S-1-5-21-2927126382-3537124110-2073285158-1000""},{""@Name"":""ModifyingApplication"",""#text"":""C:\\Windows\\System32\\SystemPropertiesRemote.exe""},{""@Name"":""SchemaVersion"",""#text"":""522""},{""@Name"":""RuleStatus"",""#text"":""65536""}]}}"
59,59,2025-02-04 03:11:45.8443000,2005,Info,Microsoft-Windows-Windows Firewall With Advanced Security,Microsoft-Windows-Windows Firewall With Advanced Security/Firewall,1212,1244,WIN-TFHMB3RRSQV,0,S-1-5-19,A rule has been modified in the Windows Defender Firewall exception list,,*: *,pnrpsvc: Remote Assistance (PNRP-Out),C:\Windows\system32\svchost.exe,Direction: Outbound,Action: Allow,Protocol: UDP,,,False,example_files\original\C\Windows\System32\winevt\logs\Microsoft-Windows-Windows Firewall With Advanced Security%4Firewall.evtx,0x8000020000000000,0,"{""EventData"":{""Data"":[{""@Name"":""RuleId"",""#text"":""RemoteAssistance-PnrpSvc-UDP-OUT""},{""@Name"":""RuleName"",""#text"":""Remote Assistance (PNRP-Out)""},{""@Name"":""Origin"",""#text"":""1""},{""@Name"":""ApplicationPath"",""#text"":""C:\\Windows\\system32\\svchost.exe""},{""@Name"":""ServiceName"",""#text"":""pnrpsvc""},{""@Name"":""Direction"",""#text"":""2""},{""@Name"":""Protocol"",""#text"":""17""},{""@Name"":""LocalPorts"",""#text"":""*""},{""@Name"":""RemotePorts"",""#text"":""*""},{""@Name"":""Action"",""#text"":""3""},{""@Name"":""Profiles"",""#text"":""4""},{""@Name"":""LocalAddresses"",""#text"":""*""},{""@Name"":""RemoteAddresses"",""#text"":""*""},{""@Name"":""RemoteMachineAuthorizationList""},{""@Name"":""RemoteUserAuthorizationList""},{""@Name"":""EmbeddedContext"",""#text"":""@FirewallAPI.dll,-33002""},{""@Name"":""Flags"",""#text"":""1""},{""@Name"":""Active"",""#text"":""1""},{""@Name"":""EdgeTraversal"",""#text"":""0""},{""@Name"":""LooseSourceMapped"",""#text"":""0""},{""@Name"":""SecurityOptions"",""#text"":""0""},{""@Name"":""ModifyingUser"",""#text"":""S-1-5-21-2927126382-3537124110-2073285158-1000""},{""@Name"":""ModifyingApplication"",""#text"":""C:\\Windows\\System32\\SystemPropertiesRemote.exe""},{""@Name"":""SchemaVersion"",""#text"":""522""},{""@Name"":""RuleStatus"",""#text"":""65536""}]}}"
60,60,2025-02-04 03:11:45.8599000,2005,Info,Microsoft-Windows-Windows Firewall With Advanced Security,Microsoft-Windows-Windows Firewall With Advanced Security/Firewall,1212,1244,WIN-TFHMB3RRSQV,0,S-1-5-19,A rule has been modified in the Windows Defender Firewall exception list,,*: *,: Remote Desktop (TCP-In),System,Direction: Inbound,Action: Allow,Protocol: TCP,,,False,example_files\original\C\Windows\System32\winevt\logs\Microsoft-Windows-Windows Firewall With Advanced Security%4Firewall.evtx,0x8000020000000000,0,"{""EventData"":{""Data"":[{""@Name"":""RuleId"",""#text"":""RemoteDesktop-In-TCP""},{""@Name"":""RuleName"",""#text"":""Remote Desktop (TCP-In)""},{""@Name"":""Origin"",""#text"":""1""},{""@Name"":""ApplicationPath"",""#text"":""System""},{""@Name"":""ServiceName""},{""@Name"":""Direction"",""#text"":""1""},{""@Name"":""Protocol"",""#text"":""6""},{""@Name"":""LocalPorts"",""#text"":""3389""},{""@Name"":""RemotePorts"",""#text"":""*""},{""@Name"":""Action"",""#text"":""3""},{""@Name"":""Profiles"",""#text"":""2147483647""},{""@Name"":""LocalAddresses"",""#text"":""*""},{""@Name"":""RemoteAddresses"",""#text"":""*""},{""@Name"":""RemoteMachineAuthorizationList""},{""@Name"":""RemoteUserAuthorizationList""},{""@Name"":""EmbeddedContext"",""#text"":""@FirewallAPI.dll,-28752""},{""@Name"":""Flags"",""#text"":""1""},{""@Name"":""Active"",""#text"":""1""},{""@Name"":""EdgeTraversal"",""#text"":""0""},{""@Name"":""LooseSourceMapped"",""#text"":""0""},{""@Name"":""SecurityOptions"",""#text"":""0""},{""@Name"":""ModifyingUser"",""#text"":""S-1-5-21-2927126382-3537124110-2073285158-1000""},{""@Name"":""ModifyingApplication"",""#text"":""C:\\Windows\\System32\\SystemPropertiesRemote.exe""},{""@Name"":""SchemaVersion"",""#text"":""522""},{""@Name"":""RuleStatus"",""#text"":""65536""}]}}"
61,61,2025-02-04 03:11:45.8599000,2005,Info,Microsoft-Windows-Windows Firewall With Advanced Security,Microsoft-Windows-Windows Firewall With Advanced Security/Firewall,1212,1456,WIN-TFHMB3RRSQV,0,S-1-5-19,A rule has been modified in the Windows Defender Firewall exception list,,*: *,termservice: Remote Desktop - RemoteFX (TCP-In),C:\Windows\system32\svchost.exe,Direction: Inbound,Action: Allow,Protocol: TCP,,,False,example_files\original\C\Windows\System32\winevt\logs\Microsoft-Windows-Windows Firewall With Advanced Security%4Firewall.evtx,0x8000020000000000,0,"{""EventData"":{""Data"":[{""@Name"":""RuleId"",""#text"":""RemoteDesktop-UserMode-In-TCP""},{""@Name"":""RuleName"",""#text"":""Remote Desktop - RemoteFX (TCP-In)""},{""@Name"":""Origin"",""#text"":""1""},{""@Name"":""ApplicationPath"",""#text"":""C:\\Windows\\system32\\svchost.exe""},{""@Name"":""ServiceName"",""#text"":""termservice""},{""@Name"":""Direction"",""#text"":""1""},{""@Name"":""Protocol"",""#text"":""6""},{""@Name"":""LocalPorts"",""#text"":""3389""},{""@Name"":""RemotePorts"",""#text"":""*""},{""@Name"":""Action"",""#text"":""3""},{""@Name"":""Profiles"",""#text"":""2147483647""},{""@Name"":""LocalAddresses"",""#text"":""*""},{""@Name"":""RemoteAddresses"",""#text"":""*""},{""@Name"":""RemoteMachineAuthorizationList""},{""@Name"":""RemoteUserAuthorizationList""},{""@Name"":""EmbeddedContext"",""#text"":""@FirewallAPI.dll,-28852""},{""@Name"":""Flags"",""#text"":""1""},{""@Name"":""Active"",""#text"":""1""},{""@Name"":""EdgeTraversal"",""#text"":""0""},{""@Name"":""LooseSourceMapped"",""#text"":""0""},{""@Name"":""SecurityOptions"",""#text"":""0""},{""@Name"":""ModifyingUser"",""#text"":""S-1-5-21-2927126382-3537124110-2073285158-1000""},{""@Name"":""ModifyingApplication"",""#text"":""C:\\Windows\\System32\\SystemPropertiesRemote.exe""},{""@Name"":""SchemaVersion"",""#text"":""522""},{""@Name"":""RuleStatus"",""#text"":""65536""}]}}"
62,62,2025-02-04 03:18:30.1664321,2010,Info,Microsoft-Windows-Windows Firewall With Advanced Security,Microsoft-Windows-Windows Firewall With Advanced Security/Firewall,1140,1516,WIN-TFHMB3RRSQV,0,S-1-5-19,,,,,,,,,,,False,example_files\original\C\Windows\System32\winevt\logs\Microsoft-Windows-Windows Firewall With Advanced Security%4Firewall.evtx,Classic,0,"{""EventData"":{""Data"":[{""@Name"":""InterfaceGuid"",""#text"":""ac4c6af4-a6c1-47f3-8a31-d969469ae0cb""},{""@Name"":""InterfaceName"",""#text"":""ethernet_6""},{""@Name"":""OldProfile"",""#text"":""2147483649""},{""@Name"":""NewProfile"",""#text"":""4""}]}}"
63,63,2025-02-04 03:18:38.8336472,2011,Info,Microsoft-Windows-Windows Firewall With Advanced Security,Microsoft-Windows-Windows Firewall With Advanced Security/Firewall,1140,1192,WIN-TFHMB3RRSQV,0,S-1-5-19,Windows Firewall unable to notify user of blocked application,,,S-1-5-18,C:\windows\system32\lsass.exe,,Protocol: TCP,,,,False,example_files\original\C\Windows\System32\winevt\logs\Microsoft-Windows-Windows Firewall With Advanced Security%4Firewall.evtx,Classic,0,"{""EventData"":{""Data"":[{""@Name"":""ReasonCode"",""#text"":""1""},{""@Name"":""ApplicationPath"",""#text"":""C:\\windows\\system32\\lsass.exe""},{""@Name"":""IPVersion"",""#text"":""0""},{""@Name"":""Protocol"",""#text"":""6""},{""@Name"":""Port"",""#text"":""49156""},{""@Name"":""ProcessId"",""#text"":""464""},{""@Name"":""ModifyingUser"",""#text"":""S-1-5-18""}]}}"
64,64,2025-02-04 03:19:36.7751508,2003,Info,Microsoft-Windows-Windows Firewall With Advanced Security,Microsoft-Windows-Windows Firewall With Advanced Security/Firewall,1140,1156,WIN-TFHMB3RRSQV,0,S-1-5-19,The firewall has enabled/disabled,S-1-5-21-2927126382-3537124110-2073285158-1000,,SettingValue: Disable,,,,,,C:\Windows\System32\dllhost.exe,False,example_files\original\C\Windows\System32\winevt\logs\Microsoft-Windows-Windows Firewall With Advanced Security%4Firewall.evtx,Classic,0,"{""EventData"":{""Data"":[{""@Name"":""Profiles"",""#text"":""2""},{""@Name"":""SettingType"",""#text"":""1""},{""@Name"":""SettingValueSize"",""#text"":""4""},{""@Name"":""SettingValue"",""#text"":""00-00-00-00""},{""@Name"":""SettingValueString"",""#text"":""No""},{""@Name"":""Origin"",""#text"":""1""},{""@Name"":""ModifyingUser"",""#text"":""S-1-5-21-2927126382-3537124110-2073285158-1000""},{""@Name"":""ModifyingApplication"",""#text"":""C:\\Windows\\System32\\dllhost.exe""}]}}"
65,65,2025-02-04 03:19:36.8843510,2003,Info,Microsoft-Windows-Windows Firewall With Advanced Security,Microsoft-Windows-Windows Firewall With Advanced Security/Firewall,1140,1156,WIN-TFHMB3RRSQV,0,S-1-5-19,The firewall has enabled/disabled,S-1-5-21-2927126382-3537124110-2073285158-1000,,SettingValue: Disable,,,,,,C:\Windows\System32\dllhost.exe,False,example_files\original\C\Windows\System32\winevt\logs\Microsoft-Windows-Windows Firewall With Advanced Security%4Firewall.evtx,Classic,0,"{""EventData"":{""Data"":[{""@Name"":""Profiles"",""#text"":""4""},{""@Name"":""SettingType"",""#text"":""1""},{""@Name"":""SettingValueSize"",""#text"":""4""},{""@Name"":""SettingValue"",""#text"":""00-00-00-00""},{""@Name"":""SettingValueString"",""#text"":""No""},{""@Name"":""Origin"",""#text"":""1""},{""@Name"":""ModifyingUser"",""#text"":""S-1-5-21-2927126382-3537124110-2073285158-1000""},{""@Name"":""ModifyingApplication"",""#text"":""C:\\Windows\\System32\\dllhost.exe""}]}}"
66,66,2025-02-04 03:56:09.7684301,2004,Info,Microsoft-Windows-Windows Firewall With Advanced Security,Microsoft-Windows-Windows Firewall With Advanced Security/Firewall,1140,328,WIN-TFHMB3RRSQV,0,S-1-5-19,A rule has been added to the Windows Defender Firewall exception list,,*: *,NetTcpActivator: Windows Communication Foundation Net.TCP Listener Adapter (TCP-In),C:\Windows\Microsoft.NET\Framework64\v4.0.30319\SMSvcHost.exe,Direction: Inbound,Action: Allow,Protocol: TCP,,,False,example_files\original\C\Windows\System32\winevt\logs\Microsoft-Windows-Windows Firewall With Advanced Security%4Firewall.evtx,0x8000020000000000,0,"{""EventData"":{""Data"":[{""@Name"":""RuleId"",""#text"":""{E669CF62-0270-4C88-B240-20F8FF285041}""},{""@Name"":""RuleName"",""#text"":""Windows Communication Foundation Net.TCP Listener Adapter (TCP-In)""},{""@Name"":""Origin"",""#text"":""1""},{""@Name"":""ApplicationPath"",""#text"":""C:\\Windows\\Microsoft.NET\\Framework64\\v4.0.30319\\SMSvcHost.exe""},{""@Name"":""ServiceName"",""#text"":""NetTcpActivator""},{""@Name"":""Direction"",""#text"":""1""},{""@Name"":""Protocol"",""#text"":""6""},{""@Name"":""LocalPorts"",""#text"":""808""},{""@Name"":""RemotePorts"",""#text"":""*""},{""@Name"":""Action"",""#text"":""3""},{""@Name"":""Profiles"",""#text"":""2147483647""},{""@Name"":""LocalAddresses"",""#text"":""*""},{""@Name"":""RemoteAddresses"",""#text"":""*""},{""@Name"":""RemoteMachineAuthorizationList""},{""@Name"":""RemoteUserAuthorizationList""},{""@Name"":""EmbeddedContext"",""#text"":""@C:\\Windows\\Microsoft.NET\\Framework64\\v4.0.30319\\\\ServiceModelEvents.dll,-2002""},{""@Name"":""Flags"",""#text"":""0""},{""@Name"":""Active"",""#text"":""0""},{""@Name"":""EdgeTraversal"",""#text"":""0""},{""@Name"":""LooseSourceMapped"",""#text"":""0""},{""@Name"":""SecurityOptions"",""#text"":""0""},{""@Name"":""ModifyingUser"",""#text"":""S-1-5-18""},{""@Name"":""ModifyingApplication"",""#text"":""C:\\Windows\\Microsoft.NET\\Framework64\\v4.0.30319\\ServiceModelReg.exe""},{""@Name"":""SchemaVersion"",""#text"":""522""},{""@Name"":""RuleStatus"",""#text"":""65536""}]}}"
