354,354,2025-02-04 19:09:50.1969610,20003,Info,Microsoft-Windows-UserPnp,System,1936,1904,37L4247F27-25,2,S-1-5-18,Service installation,,,ServiceName: mouclass,AddServiceStatus: Unknown code (0),,UpdateService: True,PrimaryService: False,DeviceInstanceID: ACPI\VMW0003\4&amp;205AD762&amp;0,system32\DRIVERS\mouclass.sys,False,example_files\original\C\Windows\System32\winevt\logs\System.evtx,Classic,0,"{""UserData"":{""AddServiceID"":{""ServiceName"":""mouclass"",""DriverFileName"":""system32\\DRIVERS\\mouclass.sys"",""DeviceInstanceID"":""ACPI\\VMW0003\\4&amp;205AD762&amp;0"",""PrimaryService"":""False"",""UpdateService"":""True"",""AddServiceStatus"":""0""}}}"
355,355,2025-02-04 19:09:50.3061612,20001,Info,Microsoft-Windows-UserPnp,System,1936,1904,37L4247F27-25,2,S-1-5-18,Device installation,,,DriverDescription: PS/2 Compatible Mouse,InstallStatus: Installation Successful,IsDriverOEM: False,UpgradeDevice: False,RebootOption: True,DeviceInstanceID: ACPI\VMW0003\4&amp;205AD762&amp;0,FileRepository\msmouse.inf_amd64_neutral_7a5f47d3150cc0eb\msmouse.inf,False,example_files\original\C\Windows\System32\winevt\logs\System.evtx,Classic,0,"{""UserData"":{""InstallDeviceID"":{""DriverName"":""FileRepository\\msmouse.inf_amd64_neutral_7a5f47d3150cc0eb\\msmouse.inf"",""DriverVersion"":""6.1.7600.16385"",""DriverProvider"":""Microsoft"",""DeviceInstanceID"":""ACPI\\VMW0003\\4&amp;205AD762&amp;0"",""SetupClass"":""4d36e96f-e325-11ce-bfc1-08002be10318"",""RebootOption"":""True"",""UpgradeDevice"":""False"",""IsDriverOEM"":""False"",""InstallStatus"":""0x0"",""DriverDescription"":""PS/2 Compatible Mouse""}}}"
356,356,2025-02-04 19:09:50.4777615,20001,Info,Microsoft-Windows-UserPnp,System,1776,1728,37L4247F27-25,2,S-1-5-18,Device installation,,,DriverDescription: Direct memory access controller,InstallStatus: Installation Successful,IsDriverOEM: False,UpgradeDevice: False,RebootOption: False,DeviceInstanceID: ACPI\PNP0200\4&amp;205AD762&amp;0,FileRepository\machine.inf_amd64_neutral_a2f120466549d68b\machine.inf,False,example_files\original\C\Windows\System32\winevt\logs\System.evtx,Classic,0,"{""UserData"":{""InstallDeviceID"":{""DriverName"":""FileRepository\\machine.inf_amd64_neutral_a2f120466549d68b\\machine.inf"",""DriverVersion"":""6.1.7601.17514"",""DriverProvider"":""Microsoft"",""DeviceInstanceID"":""ACPI\\PNP0200\\4&amp;205AD762&amp;0"",""SetupClass"":""4d36e97d-e325-11ce-bfc1-08002be10318"",""RebootOption"":""False"",""UpgradeDevice"":""False"",""IsDriverOEM"":""False"",""InstallStatus"":""0x0"",""DriverDescription"":""Direct memory access controller""}}}"
357,357,2025-02-04 19:09:50.6025618,20003,Info,Microsoft-Windows-UserPnp,System,1972,1992,37L4247F27-25,2,S-1-5-18,Service installation,,,ServiceName: i8042prt,AddServiceStatus: Unknown code (0),,UpdateService: True,PrimaryService: True,DeviceInstanceID: ACPI\PNP0303\4&amp;205AD762&amp;0,system32\DRIVERS\i8042prt.sys,False,example_files\original\C\Windows\System32\winevt\logs\System.evtx,Classic,0,"{""UserData"":{""AddServiceID"":{""ServiceName"":""i8042prt"",""DriverFileName"":""system32\\DRIVERS\\i8042prt.sys"",""DeviceInstanceID"":""ACPI\\PNP0303\\4&amp;205AD762&amp;0"",""PrimaryService"":""True"",""UpdateService"":""True"",""AddServiceStatus"":""0""}}}"
358,358,2025-02-04 19:09:50.6025618,20003,Info,Microsoft-Windows-UserPnp,System,1972,1992,37L4247F27-25,2,S-1-5-18,Service installation,,,ServiceName: kbdclass,AddServiceStatus: Unknown code (0),,UpdateService: True,PrimaryService: False,DeviceInstanceID: ACPI\PNP0303\4&amp;205AD762&amp;0,system32\DRIVERS\kbdclass.sys,False,example_files\original\C\Windows\System32\winevt\logs\System.evtx,Classic,0,"{""UserData"":{""AddServiceID"":{""ServiceName"":""kbdclass"",""DriverFileName"":""system32\\DRIVERS\\kbdclass.sys"",""DeviceInstanceID"":""ACPI\\PNP0303\\4&amp;205AD762&amp;0"",""PrimaryService"":""False"",""UpdateService"":""True"",""AddServiceStatus"":""0""}}}"
359,359,2025-02-04 19:09:50.7273620,20001,Info,Microsoft-Windows-UserPnp,System,1972,1992,37L4247F27-25,2,S-1-5-18,Device installation,,,DriverDescription: Standard PS/2 Keyboard,InstallStatus: Installation Successful,IsDriverOEM: False,UpgradeDevice: False,RebootOption: True,DeviceInstanceID: ACPI\PNP0303\4&amp;205AD762&amp;0,FileRepository\keyboard.inf_amd64_neutral_0684fdc43059f486\keyboard.inf,False,example_files\original\C\Windows\System32\winevt\logs\System.evtx,Classic,0,"{""UserData"":{""InstallDeviceID"":{""DriverName"":""FileRepository\\keyboard.inf_amd64_neutral_0684fdc43059f486\\keyboard.inf"",""DriverVersion"":""6.1.7601.17514"",""DriverProvider"":""Microsoft"",""DeviceInstanceID"":""ACPI\\PNP0303\\4&amp;205AD762&amp;0"",""SetupClass"":""4d36e96b-e325-11ce-bfc1-08002be10318"",""RebootOption"":""True"",""UpgradeDevice"":""False"",""IsDriverOEM"":""False"",""InstallStatus"":""0x0"",""DriverDescription"":""Standard PS/2 Keyboard""}}}"
360,360,2025-02-04 19:09:50.9145623,20003,Info,Microsoft-Windows-UserPnp,System,1632,2024,37L4247F27-25,2,S-1-5-18,Service installation,,,ServiceName: usbehci,AddServiceStatus: Unknown code (0),,UpdateService: True,PrimaryService: True,DeviceInstanceID: PCI\VEN_15AD&amp;DEV_0770&amp;SUBSYS_077015AD&amp;REV_00\4&amp;3AD87E0A&amp;0&amp;1888,system32\DRIVERS\usbehci.sys,False,example_files\original\C\Windows\System32\winevt\logs\System.evtx,Classic,0,"{""UserData"":{""AddServiceID"":{""ServiceName"":""usbehci"",""DriverFileName"":""system32\\DRIVERS\\usbehci.sys"",""DeviceInstanceID"":""PCI\\VEN_15AD&amp;DEV_0770&amp;SUBSYS_077015AD&amp;REV_00\\4&amp;3AD87E0A&amp;0&amp;1888"",""PrimaryService"":""True"",""UpdateService"":""True"",""AddServiceStatus"":""0""}}}"
361,361,2025-02-04 19:09:51.1017626,20001,Info,Microsoft-Windows-UserPnp,System,1632,2024,37L4247F27-25,2,S-1-5-18,Device installation,,,DriverDescription: Standard Enhanced PCI to USB Host Controller,InstallStatus: Installation Successful,IsDriverOEM: False,UpgradeDevice: False,RebootOption: False,DeviceInstanceID: PCI\VEN_15AD&amp;DEV_0770&amp;SUBSYS_077015AD&amp;REV_00\4&amp;3AD87E0A&amp;0&amp;1888,FileRepository\usbport.inf_amd64_neutral_f935002f367d5bb0\usbport.inf,False,example_files\original\C\Windows\System32\winevt\logs\System.evtx,Classic,0,"{""UserData"":{""InstallDeviceID"":{""DriverName"":""FileRepository\\usbport.inf_amd64_neutral_f935002f367d5bb0\\usbport.inf"",""DriverVersion"":""6.1.7601.17514"",""DriverProvider"":""Microsoft"",""DeviceInstanceID"":""PCI\\VEN_15AD&amp;DEV_0770&amp;SUBSYS_077015AD&amp;REV_00\\4&amp;3AD87E0A&amp;0&amp;1888"",""SetupClass"":""36fc9e60-c465-11cf-8056-444553540000"",""RebootOption"":""False"",""UpgradeDevice"":""False"",""IsDriverOEM"":""False"",""InstallStatus"":""0x0"",""DriverDescription"":""Standard Enhanced PCI to USB Host Controller""}}}"
362,362,2025-02-04 19:09:51.3045630,20003,Info,Microsoft-Windows-UserPnp,System,1176,1124,37L4247F27-25,2,S-1-5-18,Service installation,,,ServiceName: atapi,AddServiceStatus: Unknown code (0),,UpdateService: True,PrimaryService: True,DeviceInstanceID: PCIIDE\IDECHANNEL\5&amp;12368B4A&amp;0&amp;3,system32\DRIVERS\atapi.sys,False,example_files\original\C\Windows\System32\winevt\logs\System.evtx,Classic,0,"{""UserData"":{""AddServiceID"":{""ServiceName"":""atapi"",""DriverFileName"":""system32\\DRIVERS\\atapi.sys"",""DeviceInstanceID"":""PCIIDE\\IDECHANNEL\\5&amp;12368B4A&amp;0&amp;3"",""PrimaryService"":""True"",""UpdateService"":""True"",""AddServiceStatus"":""0""}}}"
363,363,2025-02-04 19:09:51.5385634,20001,Info,Microsoft-Windows-UserPnp,System,1176,1124,37L4247F27-25,2,S-1-5-18,Device installation,,,DriverDescription: IDE Channel,InstallStatus: Installation Successful,IsDriverOEM: False,UpgradeDevice: False,RebootOption: False,DeviceInstanceID: PCIIDE\IDECHANNEL\5&amp;12368B4A&amp;0&amp;3,FileRepository\mshdc.inf_amd64_neutral_aad30bdeec04ea5e\mshdc.inf,False,example_files\original\C\Windows\System32\winevt\logs\System.evtx,Classic,0,"{""UserData"":{""InstallDeviceID"":{""DriverName"":""FileRepository\\mshdc.inf_amd64_neutral_aad30bdeec04ea5e\\mshdc.inf"",""DriverVersion"":""6.1.7601.17514"",""DriverProvider"":""Microsoft"",""DeviceInstanceID"":""PCIIDE\\IDECHANNEL\\5&amp;12368B4A&amp;0&amp;3"",""SetupClass"":""4d36e96a-e325-11ce-bfc1-08002be10318"",""RebootOption"":""False"",""UpgradeDevice"":""False"",""IsDriverOEM"":""False"",""InstallStatus"":""0x0"",""DriverDescription"":""IDE Channel""}}}"
364,364,2025-02-04 19:09:51.8193639,20003,Info,Microsoft-Windows-UserPnp,System,1812,1588,37L4247F27-25,2,S-1-5-18,Service installation,,,ServiceName: monitor,AddServiceStatus: Unknown code (0),,UpdateService: True,PrimaryService: True,DeviceInstanceID: DISPLAY\DEFAULT_MONITOR\4&amp;10C2E2D6&amp;0&amp;12345678&amp;00&amp;0F,system32\DRIVERS\monitor.sys,False,example_files\original\C\Windows\System32\winevt\logs\System.evtx,Classic,472,"{""UserData"":{""AddServiceID"":{""ServiceName"":""monitor"",""DriverFileName"":""system32\\DRIVERS\\monitor.sys"",""DeviceInstanceID"":""DISPLAY\\DEFAULT_MONITOR\\4&amp;10C2E2D6&amp;0&amp;12345678&amp;00&amp;0F"",""PrimaryService"":""True"",""UpdateService"":""True"",""AddServiceStatus"":""0""}}}"
365,365,2025-02-04 19:09:51.9909642,20001,Info,Microsoft-Windows-UserPnp,System,1812,1588,37L4247F27-25,2,S-1-5-18,Device installation,,,DriverDescription: Generic Non-PnP Monitor,InstallStatus: Installation Successful,IsDriverOEM: False,UpgradeDevice: False,RebootOption: False,DeviceInstanceID: DISPLAY\DEFAULT_MONITOR\4&amp;10C2E2D6&amp;0&amp;12345678&amp;00&amp;0F,FileRepository\monitor.inf_amd64_neutral_ab477c4d805d044f\monitor.inf,False,example_files\original\C\Windows\System32\winevt\logs\System.evtx,Classic,0,"{""UserData"":{""InstallDeviceID"":{""DriverName"":""FileRepository\\monitor.inf_amd64_neutral_ab477c4d805d044f\\monitor.inf"",""DriverVersion"":""6.1.7600.16385"",""DriverProvider"":""Microsoft"",""DeviceInstanceID"":""DISPLAY\\DEFAULT_MONITOR\\4&amp;10C2E2D6&amp;0&amp;12345678&amp;00&amp;0F"",""SetupClass"":""4d36e96e-e325-11ce-bfc1-08002be10318"",""RebootOption"":""False"",""UpgradeDevice"":""False"",""IsDriverOEM"":""False"",""InstallStatus"":""0x0"",""DriverDescription"":""Generic Non-PnP Monitor""}}}"
366,366,2025-02-04 19:09:52.1781645,20003,Info,Microsoft-Windows-UserPnp,System,1612,1544,37L4247F27-25,2,S-1-5-18,Service installation,,,ServiceName: atapi,AddServiceStatus: Unknown code (0),,UpdateService: True,PrimaryService: True,DeviceInstanceID: PCIIDE\IDECHANNEL\5&amp;12368B4A&amp;0&amp;17,system32\DRIVERS\atapi.sys,False,example_files\original\C\Windows\System32\winevt\logs\System.evtx,Classic,0,"{""UserData"":{""AddServiceID"":{""ServiceName"":""atapi"",""DriverFileName"":""system32\\DRIVERS\\atapi.sys"",""DeviceInstanceID"":""PCIIDE\\IDECHANNEL\\5&amp;12368B4A&amp;0&amp;17"",""PrimaryService"":""True"",""UpdateService"":""True"",""AddServiceStatus"":""0""}}}"
367,367,2025-02-04 19:09:52.3965649,20001,Info,Microsoft-Windows-UserPnp,System,1612,1544,37L4247F27-25,2,S-1-5-18,Device installation,,,DriverDescription: IDE Channel,InstallStatus: Installation Successful,IsDriverOEM: False,UpgradeDevice: False,RebootOption: False,DeviceInstanceID: PCIIDE\IDECHANNEL\5&amp;12368B4A&amp;0&amp;17,FileRepository\mshdc.inf_amd64_neutral_aad30bdeec04ea5e\mshdc.inf,False,example_files\original\C\Windows\System32\winevt\logs\System.evtx,Classic,0,"{""UserData"":{""InstallDeviceID"":{""DriverName"":""FileRepository\\mshdc.inf_amd64_neutral_aad30bdeec04ea5e\\mshdc.inf"",""DriverVersion"":""6.1.7601.17514"",""DriverProvider"":""Microsoft"",""DeviceInstanceID"":""PCIIDE\\IDECHANNEL\\5&amp;12368B4A&amp;0&amp;17"",""SetupClass"":""4d36e96a-e325-11ce-bfc1-08002be10318"",""RebootOption"":""False"",""UpgradeDevice"":""False"",""IsDriverOEM"":""False"",""InstallStatus"":""0x0"",""DriverDescription"":""IDE Channel""}}}"
368,368,2025-02-04 19:09:53.0517661,7045,Info,Service Control Manager,System,444,516,37L4247F27-25,2,S-1-5-18,A new service was installed in the system,,,Name: Microsoft 1.1 UAA Function Driver for High Definition Audio Service,StartType: demand start,"Account: ",,,,system32\drivers\HdAudio.sys,False,example_files\original\C\Windows\System32\winevt\logs\System.evtx,"Audit success, classic",0,"{""EventData"":{""Data"":[{""@Name"":""ServiceName"",""#text"":""Microsoft 1.1 UAA Function Driver for High Definition Audio Service""},{""@Name"":""ImagePath"",""#text"":""system32\\drivers\\HdAudio.sys""},{""@Name"":""ServiceType"",""#text"":""kernel mode driver""},{""@Name"":""StartType"",""#text"":""demand start""},{""@Name"":""AccountName""}]}}"
369,369,2025-02-04 19:09:53.0829661,20003,Info,Microsoft-Windows-UserPnp,System,1604,1060,37L4247F27-25,2,S-1-5-18,Service installation,,,ServiceName: HdAudAddService,AddServiceStatus: Unknown code (0),,UpdateService: False,PrimaryService: True,DeviceInstanceID: HDAUDIO\FUNC_01&amp;VEN_15AD&amp;DEV_1975&amp;SUBSYS_15AD1975&amp;REV_1001\5&amp;8A7C455&amp;0&amp;0001,system32\drivers\HdAudio.sys,False,example_files\original\C\Windows\System32\winevt\logs\System.evtx,Classic,0,"{""UserData"":{""AddServiceID"":{""ServiceName"":""HdAudAddService"",""DriverFileName"":""system32\\drivers\\HdAudio.sys"",""DeviceInstanceID"":""HDAUDIO\\FUNC_01&amp;VEN_15AD&amp;DEV_1975&amp;SUBSYS_15AD1975&amp;REV_1001\\5&amp;8A7C455&amp;0&amp;0001"",""PrimaryService"":""True"",""UpdateService"":""False"",""AddServiceStatus"":""0""}}}"
370,370,2025-02-04 19:09:53.3013665,20001,Info,Microsoft-Windows-UserPnp,System,1604,1060,37L4247F27-25,2,S-1-5-18,Device installation,,,DriverDescription: High Definition Audio Device,InstallStatus: Installation Successful,IsDriverOEM: False,UpgradeDevice: False,RebootOption: False,DeviceInstanceID: HDAUDIO\FUNC_01&amp;VEN_15AD&amp;DEV_1975&amp;SUBSYS_15AD1975&amp;REV_1001\5&amp;8A7C455&amp;0&amp;0001,FileRepository\hdaudio.inf_amd64_neutral_ce7bc199c85ae0a0\hdaudio.inf,False,example_files\original\C\Windows\System32\winevt\logs\System.evtx,Classic,0,"{""UserData"":{""InstallDeviceID"":{""DriverName"":""FileRepository\\hdaudio.inf_amd64_neutral_ce7bc199c85ae0a0\\hdaudio.inf"",""DriverVersion"":""6.1.7601.17514"",""DriverProvider"":""Microsoft"",""DeviceInstanceID"":""HDAUDIO\\FUNC_01&amp;VEN_15AD&amp;DEV_1975&amp;SUBSYS_15AD1975&amp;REV_1001\\5&amp;8A7C455&amp;0&amp;0001"",""SetupClass"":""4d36e96c-e325-11ce-bfc1-08002be10318"",""RebootOption"":""False"",""UpgradeDevice"":""False"",""IsDriverOEM"":""False"",""InstallStatus"":""0x0"",""DriverDescription"":""High Definition Audio Device""}}}"
371,371,2025-02-04 19:09:53.5041669,20003,Info,Microsoft-Windows-UserPnp,System,1288,1700,37L4247F27-25,2,S-1-5-18,Service installation,,,ServiceName: atapi,AddServiceStatus: Unknown code (0),,UpdateService: True,PrimaryService: True,DeviceInstanceID: PCIIDE\IDECHANNEL\5&amp;12368B4A&amp;0&amp;4,system32\DRIVERS\atapi.sys,False,example_files\original\C\Windows\System32\winevt\logs\System.evtx,Classic,0,"{""UserData"":{""AddServiceID"":{""ServiceName"":""atapi"",""DriverFileName"":""system32\\DRIVERS\\atapi.sys"",""DeviceInstanceID"":""PCIIDE\\IDECHANNEL\\5&amp;12368B4A&amp;0&amp;4"",""PrimaryService"":""True"",""UpdateService"":""True"",""AddServiceStatus"":""0""}}}"
372,372,2025-02-04 19:09:53.7225672,20001,Info,Microsoft-Windows-UserPnp,System,1288,1700,37L4247F27-25,2,S-1-5-18,Device installation,,,DriverDescription: IDE Channel,InstallStatus: Installation Successful,IsDriverOEM: False,UpgradeDevice: False,RebootOption: False,DeviceInstanceID: PCIIDE\IDECHANNEL\5&amp;12368B4A&amp;0&amp;4,FileRepository\mshdc.inf_amd64_neutral_aad30bdeec04ea5e\mshdc.inf,False,example_files\original\C\Windows\System32\winevt\logs\System.evtx,Classic,0,"{""UserData"":{""InstallDeviceID"":{""DriverName"":""FileRepository\\mshdc.inf_amd64_neutral_aad30bdeec04ea5e\\mshdc.inf"",""DriverVersion"":""6.1.7601.17514"",""DriverProvider"":""Microsoft"",""DeviceInstanceID"":""PCIIDE\\IDECHANNEL\\5&amp;12368B4A&amp;0&amp;4"",""SetupClass"":""4d36e96a-e325-11ce-bfc1-08002be10318"",""RebootOption"":""False"",""UpgradeDevice"":""False"",""IsDriverOEM"":""False"",""InstallStatus"":""0x0"",""DriverDescription"":""IDE Channel""}}}"
373,373,2025-02-04 19:09:53.8473675,20003,Info,Microsoft-Windows-UserPnp,System,1372,1892,37L4247F27-25,2,S-1-5-18,Service installation,,,ServiceName: atapi,AddServiceStatus: Unknown code (0),,UpdateService: True,PrimaryService: True,DeviceInstanceID: PCIIDE\IDECHANNEL\5&amp;12368B4A&amp;0&amp;18,system32\DRIVERS\atapi.sys,False,example_files\original\C\Windows\System32\winevt\logs\System.evtx,Classic,0,"{""UserData"":{""AddServiceID"":{""ServiceName"":""atapi"",""DriverFileName"":""system32\\DRIVERS\\atapi.sys"",""DeviceInstanceID"":""PCIIDE\\IDECHANNEL\\5&amp;12368B4A&amp;0&amp;18"",""PrimaryService"":""True"",""UpdateService"":""True"",""AddServiceStatus"":""0""}}}"
374,374,2025-02-04 19:09:54.1281680,20001,Info,Microsoft-Windows-UserPnp,System,1372,1892,37L4247F27-25,2,S-1-5-18,Device installation,,,DriverDescription: IDE Channel,InstallStatus: Installation Successful,IsDriverOEM: False,UpgradeDevice: False,RebootOption: False,DeviceInstanceID: PCIIDE\IDECHANNEL\5&amp;12368B4A&amp;0&amp;18,FileRepository\mshdc.inf_amd64_neutral_aad30bdeec04ea5e\mshdc.inf,False,example_files\original\C\Windows\System32\winevt\logs\System.evtx,Classic,0,"{""UserData"":{""InstallDeviceID"":{""DriverName"":""FileRepository\\mshdc.inf_amd64_neutral_aad30bdeec04ea5e\\mshdc.inf"",""DriverVersion"":""6.1.7601.17514"",""DriverProvider"":""Microsoft"",""DeviceInstanceID"":""PCIIDE\\IDECHANNEL\\5&amp;12368B4A&amp;0&amp;18"",""SetupClass"":""4d36e96a-e325-11ce-bfc1-08002be10318"",""RebootOption"":""False"",""UpgradeDevice"":""False"",""IsDriverOEM"":""False"",""InstallStatus"":""0x0"",""DriverDescription"":""IDE Channel""}}}"
375,375,2025-02-04 19:09:54.2997683,20003,Info,Microsoft-Windows-UserPnp,System,1760,1108,37L4247F27-25,2,S-1-5-18,Service installation,,,ServiceName: atapi,AddServiceStatus: Unknown code (0),,UpdateService: True,PrimaryService: True,DeviceInstanceID: PCIIDE\IDECHANNEL\5&amp;12368B4A&amp;0&amp;5,system32\DRIVERS\atapi.sys,False,example_files\original\C\Windows\System32\winevt\logs\System.evtx,Classic,0,"{""UserData"":{""AddServiceID"":{""ServiceName"":""atapi"",""DriverFileName"":""system32\\DRIVERS\\atapi.sys"",""DeviceInstanceID"":""PCIIDE\\IDECHANNEL\\5&amp;12368B4A&amp;0&amp;5"",""PrimaryService"":""True"",""UpdateService"":""True"",""AddServiceStatus"":""0""}}}"
376,376,2025-02-04 19:09:54.5337687,20001,Info,Microsoft-Windows-UserPnp,System,1760,1108,37L4247F27-25,2,S-1-5-18,Device installation,,,DriverDescription: IDE Channel,InstallStatus: Installation Successful,IsDriverOEM: False,UpgradeDevice: False,RebootOption: False,DeviceInstanceID: PCIIDE\IDECHANNEL\5&amp;12368B4A&amp;0&amp;5,FileRepository\mshdc.inf_amd64_neutral_aad30bdeec04ea5e\mshdc.inf,False,example_files\original\C\Windows\System32\winevt\logs\System.evtx,Classic,0,"{""UserData"":{""InstallDeviceID"":{""DriverName"":""FileRepository\\mshdc.inf_amd64_neutral_aad30bdeec04ea5e\\mshdc.inf"",""DriverVersion"":""6.1.7601.17514"",""DriverProvider"":""Microsoft"",""DeviceInstanceID"":""PCIIDE\\IDECHANNEL\\5&amp;12368B4A&amp;0&amp;5"",""SetupClass"":""4d36e96a-e325-11ce-bfc1-08002be10318"",""RebootOption"":""False"",""UpgradeDevice"":""False"",""IsDriverOEM"":""False"",""InstallStatus"":""0x0"",""DriverDescription"":""IDE Channel""}}}"
377,377,2025-02-04 19:09:54.6273688,7045,Info,Service Control Manager,System,444,516,37L4247F27-25,2,S-1-5-18,A new service was installed in the system,,,Name: Microsoft Streaming Clock Proxy,StartType: demand start,"Account: ",,,,system32\drivers\MSPCLOCK.sys,False,example_files\original\C\Windows\System32\winevt\logs\System.evtx,"Audit success, classic",0,"{""EventData"":{""Data"":[{""@Name"":""ServiceName"",""#text"":""Microsoft Streaming Clock Proxy""},{""@Name"":""ImagePath"",""#text"":""system32\\drivers\\MSPCLOCK.sys""},{""@Name"":""ServiceType"",""#text"":""kernel mode driver""},{""@Name"":""StartType"",""#text"":""demand start""},{""@Name"":""AccountName""}]}}"
378,378,2025-02-04 19:09:54.6429689,20003,Info,Microsoft-Windows-UserPnp,System,1944,1492,37L4247F27-25,2,S-1-5-18,Service installation,,,ServiceName: MSPCLOCK,AddServiceStatus: Unknown code (0),,UpdateService: False,PrimaryService: True,DeviceInstanceID: SW\{97EBAACC-95BD-11D0-A3EA-00A0C9223196}\{53172480-4791-11D0-A5D6-28DB04C10000},system32\drivers\MSPCLOCK.sys,False,example_files\original\C\Windows\System32\winevt\logs\System.evtx,Classic,0,"{""UserData"":{""AddServiceID"":{""ServiceName"":""MSPCLOCK"",""DriverFileName"":""system32\\drivers\\MSPCLOCK.sys"",""DeviceInstanceID"":""SW\\{97EBAACC-95BD-11D0-A3EA-00A0C9223196}\\{53172480-4791-11D0-A5D6-28DB04C10000}"",""PrimaryService"":""True"",""UpdateService"":""False"",""AddServiceStatus"":""0""}}}"
379,379,2025-02-04 19:09:54.7365690,20001,Info,Microsoft-Windows-UserPnp,System,1944,1492,37L4247F27-25,3,S-1-5-18,Device installation,,,DriverDescription: Microsoft Streaming Clock Proxy,InstallStatus: Installation Successful,IsDriverOEM: False,UpgradeDevice: False,RebootOption: False,DeviceInstanceID: SW\{97EBAACC-95BD-11D0-A3EA-00A0C9223196}\{53172480-4791-11D0-A5D6-28DB04C10000},FileRepository\ksfilter.inf_amd64_neutral_86311fdf78a07678\ksfilter.inf,False,example_files\original\C\Windows\System32\winevt\logs\System.evtx,Classic,0,"{""UserData"":{""InstallDeviceID"":{""DriverName"":""FileRepository\\ksfilter.inf_amd64_neutral_86311fdf78a07678\\ksfilter.inf"",""DriverVersion"":""6.1.7600.16385"",""DriverProvider"":""Microsoft"",""DeviceInstanceID"":""SW\\{97EBAACC-95BD-11D0-A3EA-00A0C9223196}\\{53172480-4791-11D0-A5D6-28DB04C10000}"",""SetupClass"":""4d36e96c-e325-11ce-bfc1-08002be10318"",""RebootOption"":""False"",""UpgradeDevice"":""False"",""IsDriverOEM"":""False"",""InstallStatus"":""0x0"",""DriverDescription"":""Microsoft Streaming Clock Proxy""}}}"
380,380,2025-02-04 19:09:54.9081693,7045,Info,Service Control Manager,System,444,516,37L4247F27-25,3,S-1-5-18,A new service was installed in the system,,,Name: Microsoft Streaming Quality Manager Proxy,StartType: demand start,"Account: ",,,,system32\drivers\MSPQM.sys,False,example_files\original\C\Windows\System32\winevt\logs\System.evtx,"Audit success, classic",0,"{""EventData"":{""Data"":[{""@Name"":""ServiceName"",""#text"":""Microsoft Streaming Quality Manager Proxy""},{""@Name"":""ImagePath"",""#text"":""system32\\drivers\\MSPQM.sys""},{""@Name"":""ServiceType"",""#text"":""kernel mode driver""},{""@Name"":""StartType"",""#text"":""demand start""},{""@Name"":""AccountName""}]}}"
381,381,2025-02-04 19:09:54.9237694,20003,Info,Microsoft-Windows-UserPnp,System,1688,1592,37L4247F27-25,3,S-1-5-18,Service installation,,,ServiceName: MSPQM,AddServiceStatus: Unknown code (0),,UpdateService: False,PrimaryService: True,DeviceInstanceID: SW\{DDF4358E-BB2C-11D0-A42F-00A0C9223196}\{97EBAACB-95BD-11D0-A3EA-00A0C9223196},system32\drivers\MSPQM.sys,False,example_files\original\C\Windows\System32\winevt\logs\System.evtx,Classic,0,"{""UserData"":{""AddServiceID"":{""ServiceName"":""MSPQM"",""DriverFileName"":""system32\\drivers\\MSPQM.sys"",""DeviceInstanceID"":""SW\\{DDF4358E-BB2C-11D0-A42F-00A0C9223196}\\{97EBAACB-95BD-11D0-A3EA-00A0C9223196}"",""PrimaryService"":""True"",""UpdateService"":""False"",""AddServiceStatus"":""0""}}}"
382,382,2025-02-04 19:09:55.0329695,20001,Info,Microsoft-Windows-UserPnp,System,1688,1592,37L4247F27-25,3,S-1-5-18,Device installation,,,DriverDescription: Microsoft Streaming Quality Manager Proxy,InstallStatus: Installation Successful,IsDriverOEM: False,UpgradeDevice: False,RebootOption: False,DeviceInstanceID: SW\{DDF4358E-BB2C-11D0-A42F-00A0C9223196}\{97EBAACB-95BD-11D0-A3EA-00A0C9223196},FileRepository\ksfilter.inf_amd64_neutral_86311fdf78a07678\ksfilter.inf,False,example_files\original\C\Windows\System32\winevt\logs\System.evtx,Classic,0,"{""UserData"":{""InstallDeviceID"":{""DriverName"":""FileRepository\\ksfilter.inf_amd64_neutral_86311fdf78a07678\\ksfilter.inf"",""DriverVersion"":""6.1.7600.16385"",""DriverProvider"":""Microsoft"",""DeviceInstanceID"":""SW\\{DDF4358E-BB2C-11D0-A42F-00A0C9223196}\\{97EBAACB-95BD-11D0-A3EA-00A0C9223196}"",""SetupClass"":""4d36e96c-e325-11ce-bfc1-08002be10318"",""RebootOption"":""False"",""UpgradeDevice"":""False"",""IsDriverOEM"":""False"",""InstallStatus"":""0x0"",""DriverDescription"":""Microsoft Streaming Quality Manager Proxy""}}}"
383,383,2025-02-04 19:09:55.1265697,7045,Info,Service Control Manager,System,444,516,37L4247F27-25,3,S-1-5-18,A new service was installed in the system,,,Name: Microsoft Streaming Service Proxy,StartType: demand start,"Account: ",,,,system32\drivers\MSKSSRV.sys,False,example_files\original\C\Windows\System32\winevt\logs\System.evtx,"Audit success, classic",0,"{""EventData"":{""Data"":[{""@Name"":""ServiceName"",""#text"":""Microsoft Streaming Service Proxy""},{""@Name"":""ImagePath"",""#text"":""system32\\drivers\\MSKSSRV.sys""},{""@Name"":""ServiceType"",""#text"":""kernel mode driver""},{""@Name"":""StartType"",""#text"":""demand start""},{""@Name"":""AccountName""}]}}"
384,384,2025-02-04 19:09:55.1421697,20003,Info,Microsoft-Windows-UserPnp,System,2032,872,37L4247F27-25,3,S-1-5-18,Service installation,,,ServiceName: MSKSSRV,AddServiceStatus: Unknown code (0),,UpdateService: False,PrimaryService: True,DeviceInstanceID: SW\{96E080C7-143C-11D1-B40F-00A0C9223196}\{3C0D501A-140B-11D1-B40F-00A0C9223196},system32\drivers\MSKSSRV.sys,False,example_files\original\C\Windows\System32\winevt\logs\System.evtx,Classic,0,"{""UserData"":{""AddServiceID"":{""ServiceName"":""MSKSSRV"",""DriverFileName"":""system32\\drivers\\MSKSSRV.sys"",""DeviceInstanceID"":""SW\\{96E080C7-143C-11D1-B40F-00A0C9223196}\\{3C0D501A-140B-11D1-B40F-00A0C9223196}"",""PrimaryService"":""True"",""UpdateService"":""False"",""AddServiceStatus"":""0""}}}"
385,385,2025-02-04 19:09:55.2981700,20001,Info,Microsoft-Windows-UserPnp,System,2032,872,37L4247F27-25,3,S-1-5-18,Device installation,,,DriverDescription: Microsoft Streaming Service Proxy,InstallStatus: Installation Successful,IsDriverOEM: False,UpgradeDevice: False,RebootOption: False,DeviceInstanceID: SW\{96E080C7-143C-11D1-B40F-00A0C9223196}\{3C0D501A-140B-11D1-B40F-00A0C9223196},FileRepository\ksfilter.inf_amd64_neutral_86311fdf78a07678\ksfilter.inf,False,example_files\original\C\Windows\System32\winevt\logs\System.evtx,Classic,0,"{""UserData"":{""InstallDeviceID"":{""DriverName"":""FileRepository\\ksfilter.inf_amd64_neutral_86311fdf78a07678\\ksfilter.inf"",""DriverVersion"":""6.1.7600.16385"",""DriverProvider"":""Microsoft"",""DeviceInstanceID"":""SW\\{96E080C7-143C-11D1-B40F-00A0C9223196}\\{3C0D501A-140B-11D1-B40F-00A0C9223196}"",""SetupClass"":""4d36e96c-e325-11ce-bfc1-08002be10318"",""RebootOption"":""False"",""UpgradeDevice"":""False"",""IsDriverOEM"":""False"",""InstallStatus"":""0x0"",""DriverDescription"":""Microsoft Streaming Service Proxy""}}}"
386,386,2025-02-04 19:09:55.3917702,7045,Info,Service Control Manager,System,444,516,37L4247F27-25,3,S-1-5-18,A new service was installed in the system,,,Name: Microsoft Streaming Tee/Sink-to-Sink Converter,StartType: demand start,"Account: ",,,,system32\drivers\MSTEE.sys,False,example_files\original\C\Windows\System32\winevt\logs\System.evtx,"Audit success, classic",0,"{""EventData"":{""Data"":[{""@Name"":""ServiceName"",""#text"":""Microsoft Streaming Tee/Sink-to-Sink Converter""},{""@Name"":""ImagePath"",""#text"":""system32\\drivers\\MSTEE.sys""},{""@Name"":""ServiceType"",""#text"":""kernel mode driver""},{""@Name"":""StartType"",""#text"":""demand start""},{""@Name"":""AccountName""}]}}"
387,387,2025-02-04 19:09:55.4073702,20003,Info,Microsoft-Windows-UserPnp,System,312,1964,37L4247F27-25,3,S-1-5-18,Service installation,,,ServiceName: MSTEE,AddServiceStatus: Unknown code (0),,UpdateService: False,PrimaryService: True,DeviceInstanceID: SW\{CFD669F1-9BC2-11D0-8299-0000F822FE8A}\{0A4252A0-7E70-11D0-A5D6-28DB04C10000},system32\drivers\MSTEE.sys,False,example_files\original\C\Windows\System32\winevt\logs\System.evtx,Classic,0,"{""UserData"":{""AddServiceID"":{""ServiceName"":""MSTEE"",""DriverFileName"":""system32\\drivers\\MSTEE.sys"",""DeviceInstanceID"":""SW\\{CFD669F1-9BC2-11D0-8299-0000F822FE8A}\\{0A4252A0-7E70-11D0-A5D6-28DB04C10000}"",""PrimaryService"":""True"",""UpdateService"":""False"",""AddServiceStatus"":""0""}}}"
388,388,2025-02-04 19:09:55.5633705,20001,Info,Microsoft-Windows-UserPnp,System,312,1964,37L4247F27-25,3,S-1-5-18,Device installation,,,DriverDescription: Microsoft Streaming Tee/Sink-to-Sink Converter,InstallStatus: Installation Successful,IsDriverOEM: False,UpgradeDevice: False,RebootOption: False,DeviceInstanceID: SW\{CFD669F1-9BC2-11D0-8299-0000F822FE8A}\{0A4252A0-7E70-11D0-A5D6-28DB04C10000},FileRepository\ksfilter.inf_amd64_neutral_86311fdf78a07678\ksfilter.inf,False,example_files\original\C\Windows\System32\winevt\logs\System.evtx,Classic,0,"{""UserData"":{""InstallDeviceID"":{""DriverName"":""FileRepository\\ksfilter.inf_amd64_neutral_86311fdf78a07678\\ksfilter.inf"",""DriverVersion"":""6.1.7600.16385"",""DriverProvider"":""Microsoft"",""DeviceInstanceID"":""SW\\{CFD669F1-9BC2-11D0-8299-0000F822FE8A}\\{0A4252A0-7E70-11D0-A5D6-28DB04C10000}"",""SetupClass"":""4d36e96c-e325-11ce-bfc1-08002be10318"",""RebootOption"":""False"",""UpgradeDevice"":""False"",""IsDriverOEM"":""False"",""InstallStatus"":""0x0"",""DriverDescription"":""Microsoft Streaming Tee/Sink-to-Sink Converter""}}}"
389,389,2025-02-04 19:09:55.6725707,20003,Info,Microsoft-Windows-UserPnp,System,1976,2044,37L4247F27-25,3,S-1-5-18,Service installation,,,ServiceName: MSTEE,AddServiceStatus: Unknown code (0),,UpdateService: True,PrimaryService: True,DeviceInstanceID: SW\{CFD669F1-9BC2-11D0-8299-0000F822FE8A}\{CF1DDA2C-9743-11D0-A3EE-00A0C9223196},system32\drivers\MSTEE.sys,False,example_files\original\C\Windows\System32\winevt\logs\System.evtx,Classic,0,"{""UserData"":{""AddServiceID"":{""ServiceName"":""MSTEE"",""DriverFileName"":""system32\\drivers\\MSTEE.sys"",""DeviceInstanceID"":""SW\\{CFD669F1-9BC2-11D0-8299-0000F822FE8A}\\{CF1DDA2C-9743-11D0-A3EE-00A0C9223196}"",""PrimaryService"":""True"",""UpdateService"":""True"",""AddServiceStatus"":""0""}}}"
390,390,2025-02-04 19:09:55.7817709,20001,Info,Microsoft-Windows-UserPnp,System,1976,2044,37L4247F27-25,3,S-1-5-18,Device installation,,,DriverDescription: Microsoft Streaming Tee/Sink-to-Sink Converter,InstallStatus: Installation Successful,IsDriverOEM: False,UpgradeDevice: False,RebootOption: False,DeviceInstanceID: SW\{CFD669F1-9BC2-11D0-8299-0000F822FE8A}\{CF1DDA2C-9743-11D0-A3EE-00A0C9223196},FileRepository\ksfilter.inf_amd64_neutral_86311fdf78a07678\ksfilter.inf,False,example_files\original\C\Windows\System32\winevt\logs\System.evtx,Classic,0,"{""UserData"":{""InstallDeviceID"":{""DriverName"":""FileRepository\\ksfilter.inf_amd64_neutral_86311fdf78a07678\\ksfilter.inf"",""DriverVersion"":""6.1.7600.16385"",""DriverProvider"":""Microsoft"",""DeviceInstanceID"":""SW\\{CFD669F1-9BC2-11D0-8299-0000F822FE8A}\\{CF1DDA2C-9743-11D0-A3EE-00A0C9223196}"",""SetupClass"":""4d36e96c-e325-11ce-bfc1-08002be10318"",""RebootOption"":""False"",""UpgradeDevice"":""False"",""IsDriverOEM"":""False"",""InstallStatus"":""0x0"",""DriverDescription"":""Microsoft Streaming Tee/Sink-to-Sink Converter""}}}"
391,391,2025-02-04 19:09:55.8909710,7045,Info,Service Control Manager,System,444,516,37L4247F27-25,3,S-1-5-18,A new service was installed in the system,,,Name: Microsoft Trusted Audio Drivers,StartType: demand start,"Account: ",,,,system32\drivers\drmkaud.sys,False,example_files\original\C\Windows\System32\winevt\logs\System.evtx,"Audit success, classic",0,"{""EventData"":{""Data"":[{""@Name"":""ServiceName"",""#text"":""Microsoft Trusted Audio Drivers""},{""@Name"":""ImagePath"",""#text"":""system32\\drivers\\drmkaud.sys""},{""@Name"":""ServiceType"",""#text"":""kernel mode driver""},{""@Name"":""StartType"",""#text"":""demand start""},{""@Name"":""AccountName""}]}}"
392,392,2025-02-04 19:09:55.9689712,20003,Info,Microsoft-Windows-UserPnp,System,1616,1884,37L4247F27-25,3,S-1-5-18,Service installation,,,ServiceName: drmkaud,AddServiceStatus: Unknown code (0),,UpdateService: False,PrimaryService: True,DeviceInstanceID: SW\{EEC12DB6-AD9C-4168-8658-B03DAEF417FE}\{ABD61E00-9350-47E2-A632-4438B90C6641},system32\drivers\drmkaud.sys,False,example_files\original\C\Windows\System32\winevt\logs\System.evtx,Classic,0,"{""UserData"":{""AddServiceID"":{""ServiceName"":""drmkaud"",""DriverFileName"":""system32\\drivers\\drmkaud.sys"",""DeviceInstanceID"":""SW\\{EEC12DB6-AD9C-4168-8658-B03DAEF417FE}\\{ABD61E00-9350-47E2-A632-4438B90C6641}"",""PrimaryService"":""True"",""UpdateService"":""False"",""AddServiceStatus"":""0""}}}"
393,393,2025-02-04 19:09:56.0625714,20001,Info,Microsoft-Windows-UserPnp,System,1616,1884,37L4247F27-25,3,S-1-5-18,Device installation,,,DriverDescription: Microsoft Trusted Audio Drivers,InstallStatus: Installation Successful,IsDriverOEM: False,UpgradeDevice: False,RebootOption: False,DeviceInstanceID: SW\{EEC12DB6-AD9C-4168-8658-B03DAEF417FE}\{ABD61E00-9350-47E2-A632-4438B90C6641},FileRepository\wdmaudio.inf_amd64_neutral_423894ded0ba8fdf\wdmaudio.inf,False,example_files\original\C\Windows\System32\winevt\logs\System.evtx,Classic,0,"{""UserData"":{""InstallDeviceID"":{""DriverName"":""FileRepository\\wdmaudio.inf_amd64_neutral_423894ded0ba8fdf\\wdmaudio.inf"",""DriverVersion"":""6.1.7600.16385"",""DriverProvider"":""Microsoft"",""DeviceInstanceID"":""SW\\{EEC12DB6-AD9C-4168-8658-B03DAEF417FE}\\{ABD61E00-9350-47E2-A632-4438B90C6641}"",""SetupClass"":""4d36e96c-e325-11ce-bfc1-08002be10318"",""RebootOption"":""False"",""UpgradeDevice"":""False"",""IsDriverOEM"":""False"",""InstallStatus"":""0x0"",""DriverDescription"":""Microsoft Trusted Audio Drivers""}}}"
394,394,2025-02-04 19:09:56.2497717,20003,Info,Microsoft-Windows-UserPnp,System,1984,1932,37L4247F27-25,3,S-1-5-18,Service installation,,,ServiceName: atapi,AddServiceStatus: Unknown code (0),,UpdateService: True,PrimaryService: True,DeviceInstanceID: PCIIDE\IDECHANNEL\5&amp;12368B4A&amp;0&amp;19,system32\DRIVERS\atapi.sys,False,example_files\original\C\Windows\System32\winevt\logs\System.evtx,Classic,0,"{""UserData"":{""AddServiceID"":{""ServiceName"":""atapi"",""DriverFileName"":""system32\\DRIVERS\\atapi.sys"",""DeviceInstanceID"":""PCIIDE\\IDECHANNEL\\5&amp;12368B4A&amp;0&amp;19"",""PrimaryService"":""True"",""UpdateService"":""True"",""AddServiceStatus"":""0""}}}"
395,395,2025-02-04 19:09:56.4837721,20001,Info,Microsoft-Windows-UserPnp,System,1984,1932,37L4247F27-25,3,S-1-5-18,Device installation,,,DriverDescription: IDE Channel,InstallStatus: Installation Successful,IsDriverOEM: False,UpgradeDevice: False,RebootOption: False,DeviceInstanceID: PCIIDE\IDECHANNEL\5&amp;12368B4A&amp;0&amp;19,FileRepository\mshdc.inf_amd64_neutral_aad30bdeec04ea5e\mshdc.inf,False,example_files\original\C\Windows\System32\winevt\logs\System.evtx,Classic,0,"{""UserData"":{""InstallDeviceID"":{""DriverName"":""FileRepository\\mshdc.inf_amd64_neutral_aad30bdeec04ea5e\\mshdc.inf"",""DriverVersion"":""6.1.7601.17514"",""DriverProvider"":""Microsoft"",""DeviceInstanceID"":""PCIIDE\\IDECHANNEL\\5&amp;12368B4A&amp;0&amp;19"",""SetupClass"":""4d36e96a-e325-11ce-bfc1-08002be10318"",""RebootOption"":""False"",""UpgradeDevice"":""False"",""IsDriverOEM"":""False"",""InstallStatus"":""0x0"",""DriverDescription"":""IDE Channel""}}}"
396,396,2025-02-04 19:09:56.6553724,20003,Info,Microsoft-Windows-UserPnp,System,1724,1524,37L4247F27-25,3,S-1-5-18,Service installation,,,ServiceName: atapi,AddServiceStatus: Unknown code (0),,UpdateService: True,PrimaryService: True,DeviceInstanceID: PCIIDE\IDECHANNEL\5&amp;12368B4A&amp;0&amp;2,system32\DRIVERS\atapi.sys,False,example_files\original\C\Windows\System32\winevt\logs\System.evtx,Classic,0,"{""UserData"":{""AddServiceID"":{""ServiceName"":""atapi"",""DriverFileName"":""system32\\DRIVERS\\atapi.sys"",""DeviceInstanceID"":""PCIIDE\\IDECHANNEL\\5&amp;12368B4A&amp;0&amp;2"",""PrimaryService"":""True"",""UpdateService"":""True"",""AddServiceStatus"":""0""}}}"
397,397,2025-02-04 19:09:56.8737728,20001,Info,Microsoft-Windows-UserPnp,System,1724,1524,37L4247F27-25,3,S-1-5-18,Device installation,,,DriverDescription: IDE Channel,InstallStatus: Installation Successful,IsDriverOEM: False,UpgradeDevice: False,RebootOption: False,DeviceInstanceID: PCIIDE\IDECHANNEL\5&amp;12368B4A&amp;0&amp;2,FileRepository\mshdc.inf_amd64_neutral_aad30bdeec04ea5e\mshdc.inf,False,example_files\original\C\Windows\System32\winevt\logs\System.evtx,Classic,0,"{""UserData"":{""InstallDeviceID"":{""DriverName"":""FileRepository\\mshdc.inf_amd64_neutral_aad30bdeec04ea5e\\mshdc.inf"",""DriverVersion"":""6.1.7601.17514"",""DriverProvider"":""Microsoft"",""DeviceInstanceID"":""PCIIDE\\IDECHANNEL\\5&amp;12368B4A&amp;0&amp;2"",""SetupClass"":""4d36e96a-e325-11ce-bfc1-08002be10318"",""RebootOption"":""False"",""UpgradeDevice"":""False"",""IsDriverOEM"":""False"",""InstallStatus"":""0x0"",""DriverDescription"":""IDE Channel""}}}"
398,398,2025-02-04 19:09:57.0141730,20003,Info,Microsoft-Windows-UserPnp,System,1860,1908,37L4247F27-25,3,S-1-5-18,Service installation,,,ServiceName: atapi,AddServiceStatus: Unknown code (0),,UpdateService: True,PrimaryService: True,DeviceInstanceID: PCIIDE\IDECHANNEL\5&amp;12368B4A&amp;0&amp;6,system32\DRIVERS\atapi.sys,False,example_files\original\C\Windows\System32\winevt\logs\System.evtx,Classic,0,"{""UserData"":{""AddServiceID"":{""ServiceName"":""atapi"",""DriverFileName"":""system32\\DRIVERS\\atapi.sys"",""DeviceInstanceID"":""PCIIDE\\IDECHANNEL\\5&amp;12368B4A&amp;0&amp;6"",""PrimaryService"":""True"",""UpdateService"":""True"",""AddServiceStatus"":""0""}}}"
399,399,2025-02-04 19:09:57.2949735,20001,Info,Microsoft-Windows-UserPnp,System,1860,1908,37L4247F27-25,3,S-1-5-18,Device installation,,,DriverDescription: IDE Channel,InstallStatus: Installation Successful,IsDriverOEM: False,UpgradeDevice: False,RebootOption: False,DeviceInstanceID: PCIIDE\IDECHANNEL\5&amp;12368B4A&amp;0&amp;6,FileRepository\mshdc.inf_amd64_neutral_aad30bdeec04ea5e\mshdc.inf,False,example_files\original\C\Windows\System32\winevt\logs\System.evtx,Classic,0,"{""UserData"":{""InstallDeviceID"":{""DriverName"":""FileRepository\\mshdc.inf_amd64_neutral_aad30bdeec04ea5e\\mshdc.inf"",""DriverVersion"":""6.1.7601.17514"",""DriverProvider"":""Microsoft"",""DeviceInstanceID"":""PCIIDE\\IDECHANNEL\\5&amp;12368B4A&amp;0&amp;6"",""SetupClass"":""4d36e96a-e325-11ce-bfc1-08002be10318"",""RebootOption"":""False"",""UpgradeDevice"":""False"",""IsDriverOEM"":""False"",""InstallStatus"":""0x0"",""DriverDescription"":""IDE Channel""}}}"
400,400,2025-02-04 19:09:57.4665738,20003,Info,Microsoft-Windows-UserPnp,System,1744,1776,37L4247F27-25,3,S-1-5-18,Service installation,,,ServiceName: atapi,AddServiceStatus: Unknown code (0),,UpdateService: True,PrimaryService: True,DeviceInstanceID: PCIIDE\IDECHANNEL\5&amp;12368B4A&amp;0&amp;7,system32\DRIVERS\atapi.sys,False,example_files\original\C\Windows\System32\winevt\logs\System.evtx,Classic,0,"{""UserData"":{""AddServiceID"":{""ServiceName"":""atapi"",""DriverFileName"":""system32\\DRIVERS\\atapi.sys"",""DeviceInstanceID"":""PCIIDE\\IDECHANNEL\\5&amp;12368B4A&amp;0&amp;7"",""PrimaryService"":""True"",""UpdateService"":""True"",""AddServiceStatus"":""0""}}}"
401,401,2025-02-04 19:09:57.7161743,20001,Info,Microsoft-Windows-UserPnp,System,1744,1776,37L4247F27-25,3,S-1-5-18,Device installation,,,DriverDescription: IDE Channel,InstallStatus: Installation Successful,IsDriverOEM: False,UpgradeDevice: False,RebootOption: False,DeviceInstanceID: PCIIDE\IDECHANNEL\5&amp;12368B4A&amp;0&amp;7,FileRepository\mshdc.inf_amd64_neutral_aad30bdeec04ea5e\mshdc.inf,False,example_files\original\C\Windows\System32\winevt\logs\System.evtx,Classic,0,"{""UserData"":{""InstallDeviceID"":{""DriverName"":""FileRepository\\mshdc.inf_amd64_neutral_aad30bdeec04ea5e\\mshdc.inf"",""DriverVersion"":""6.1.7601.17514"",""DriverProvider"":""Microsoft"",""DeviceInstanceID"":""PCIIDE\\IDECHANNEL\\5&amp;12368B4A&amp;0&amp;7"",""SetupClass"":""4d36e96a-e325-11ce-bfc1-08002be10318"",""RebootOption"":""False"",""UpgradeDevice"":""False"",""IsDriverOEM"":""False"",""InstallStatus"":""0x0"",""DriverDescription"":""IDE Channel""}}}"
402,402,2025-02-04 19:09:57.8409745,20003,Info,Microsoft-Windows-UserPnp,System,1640,1468,37L4247F27-25,3,S-1-5-18,Service installation,,,ServiceName: atapi,AddServiceStatus: Unknown code (0),,UpdateService: True,PrimaryService: True,DeviceInstanceID: PCIIDE\IDECHANNEL\5&amp;12368B4A&amp;0&amp;20,system32\DRIVERS\atapi.sys,False,example_files\original\C\Windows\System32\winevt\logs\System.evtx,Classic,0,"{""UserData"":{""AddServiceID"":{""ServiceName"":""atapi"",""DriverFileName"":""system32\\DRIVERS\\atapi.sys"",""DeviceInstanceID"":""PCIIDE\\IDECHANNEL\\5&amp;12368B4A&amp;0&amp;20"",""PrimaryService"":""True"",""UpdateService"":""True"",""AddServiceStatus"":""0""}}}"
403,403,2025-02-04 19:09:58.1373750,20001,Info,Microsoft-Windows-UserPnp,System,1640,1468,37L4247F27-25,3,S-1-5-18,Device installation,,,DriverDescription: IDE Channel,InstallStatus: Installation Successful,IsDriverOEM: False,UpgradeDevice: False,RebootOption: False,DeviceInstanceID: PCIIDE\IDECHANNEL\5&amp;12368B4A&amp;0&amp;20,FileRepository\mshdc.inf_amd64_neutral_aad30bdeec04ea5e\mshdc.inf,False,example_files\original\C\Windows\System32\winevt\logs\System.evtx,Classic,0,"{""UserData"":{""InstallDeviceID"":{""DriverName"":""FileRepository\\mshdc.inf_amd64_neutral_aad30bdeec04ea5e\\mshdc.inf"",""DriverVersion"":""6.1.7601.17514"",""DriverProvider"":""Microsoft"",""DeviceInstanceID"":""PCIIDE\\IDECHANNEL\\5&amp;12368B4A&amp;0&amp;20"",""SetupClass"":""4d36e96a-e325-11ce-bfc1-08002be10318"",""RebootOption"":""False"",""UpgradeDevice"":""False"",""IsDriverOEM"":""False"",""InstallStatus"":""0x0"",""DriverDescription"":""IDE Channel""}}}"
404,404,2025-02-04 19:09:58.2621752,20003,Info,Microsoft-Windows-UserPnp,System,2024,2036,37L4247F27-25,3,S-1-5-18,Service installation,,,ServiceName: atapi,AddServiceStatus: Unknown code (0),,UpdateService: True,PrimaryService: True,DeviceInstanceID: PCIIDE\IDECHANNEL\5&amp;12368B4A&amp;0&amp;8,system32\DRIVERS\atapi.sys,False,example_files\original\C\Windows\System32\winevt\logs\System.evtx,Classic,0,"{""UserData"":{""AddServiceID"":{""ServiceName"":""atapi"",""DriverFileName"":""system32\\DRIVERS\\atapi.sys"",""DeviceInstanceID"":""PCIIDE\\IDECHANNEL\\5&amp;12368B4A&amp;0&amp;8"",""PrimaryService"":""True"",""UpdateService"":""True"",""AddServiceStatus"":""0""}}}"
405,405,2025-02-04 19:09:58.5429757,20001,Info,Microsoft-Windows-UserPnp,System,2024,2036,37L4247F27-25,3,S-1-5-18,Device installation,,,DriverDescription: IDE Channel,InstallStatus: Installation Successful,IsDriverOEM: False,UpgradeDevice: False,RebootOption: False,DeviceInstanceID: PCIIDE\IDECHANNEL\5&amp;12368B4A&amp;0&amp;8,FileRepository\mshdc.inf_amd64_neutral_aad30bdeec04ea5e\mshdc.inf,False,example_files\original\C\Windows\System32\winevt\logs\System.evtx,Classic,0,"{""UserData"":{""InstallDeviceID"":{""DriverName"":""FileRepository\\mshdc.inf_amd64_neutral_aad30bdeec04ea5e\\mshdc.inf"",""DriverVersion"":""6.1.7601.17514"",""DriverProvider"":""Microsoft"",""DeviceInstanceID"":""PCIIDE\\IDECHANNEL\\5&amp;12368B4A&amp;0&amp;8"",""SetupClass"":""4d36e96a-e325-11ce-bfc1-08002be10318"",""RebootOption"":""False"",""UpgradeDevice"":""False"",""IsDriverOEM"":""False"",""InstallStatus"":""0x0"",""DriverDescription"":""IDE Channel""}}}"
406,406,2025-02-04 19:09:58.7145760,20003,Info,Microsoft-Windows-UserPnp,System,1124,1364,37L4247F27-25,3,S-1-5-18,Service installation,,,ServiceName: atapi,AddServiceStatus: Unknown code (0),,UpdateService: True,PrimaryService: True,DeviceInstanceID: PCIIDE\IDECHANNEL\5&amp;12368B4A&amp;0&amp;21,system32\DRIVERS\atapi.sys,False,example_files\original\C\Windows\System32\winevt\logs\System.evtx,Classic,0,"{""UserData"":{""AddServiceID"":{""ServiceName"":""atapi"",""DriverFileName"":""system32\\DRIVERS\\atapi.sys"",""DeviceInstanceID"":""PCIIDE\\IDECHANNEL\\5&amp;12368B4A&amp;0&amp;21"",""PrimaryService"":""True"",""UpdateService"":""True"",""AddServiceStatus"":""0""}}}"
407,407,2025-02-04 19:09:58.9485764,20001,Info,Microsoft-Windows-UserPnp,System,1124,1364,37L4247F27-25,3,S-1-5-18,Device installation,,,DriverDescription: IDE Channel,InstallStatus: Installation Successful,IsDriverOEM: False,UpgradeDevice: False,RebootOption: False,DeviceInstanceID: PCIIDE\IDECHANNEL\5&amp;12368B4A&amp;0&amp;21,FileRepository\mshdc.inf_amd64_neutral_aad30bdeec04ea5e\mshdc.inf,False,example_files\original\C\Windows\System32\winevt\logs\System.evtx,Classic,0,"{""UserData"":{""InstallDeviceID"":{""DriverName"":""FileRepository\\mshdc.inf_amd64_neutral_aad30bdeec04ea5e\\mshdc.inf"",""DriverVersion"":""6.1.7601.17514"",""DriverProvider"":""Microsoft"",""DeviceInstanceID"":""PCIIDE\\IDECHANNEL\\5&amp;12368B4A&amp;0&amp;21"",""SetupClass"":""4d36e96a-e325-11ce-bfc1-08002be10318"",""RebootOption"":""False"",""UpgradeDevice"":""False"",""IsDriverOEM"":""False"",""InstallStatus"":""0x0"",""DriverDescription"":""IDE Channel""}}}"
408,408,2025-02-04 19:09:59.1201767,20003,Info,Microsoft-Windows-UserPnp,System,852,1588,37L4247F27-25,3,S-1-5-18,Service installation,,,ServiceName: atapi,AddServiceStatus: Unknown code (0),,UpdateService: True,PrimaryService: True,DeviceInstanceID: PCIIDE\IDECHANNEL\5&amp;12368B4A&amp;0&amp;0,system32\DRIVERS\atapi.sys,False,example_files\original\C\Windows\System32\winevt\logs\System.evtx,Classic,0,"{""UserData"":{""AddServiceID"":{""ServiceName"":""atapi"",""DriverFileName"":""system32\\DRIVERS\\atapi.sys"",""DeviceInstanceID"":""PCIIDE\\IDECHANNEL\\5&amp;12368B4A&amp;0&amp;0"",""PrimaryService"":""True"",""UpdateService"":""True"",""AddServiceStatus"":""0""}}}"
409,409,2025-02-04 19:09:59.3853772,20001,Info,Microsoft-Windows-UserPnp,System,852,1588,37L4247F27-25,3,S-1-5-18,Device installation,,,DriverDescription: IDE Channel,InstallStatus: Installation Successful,IsDriverOEM: False,UpgradeDevice: False,RebootOption: False,DeviceInstanceID: PCIIDE\IDECHANNEL\5&amp;12368B4A&amp;0&amp;0,FileRepository\mshdc.inf_amd64_neutral_aad30bdeec04ea5e\mshdc.inf,False,example_files\original\C\Windows\System32\winevt\logs\System.evtx,Classic,0,"{""UserData"":{""InstallDeviceID"":{""DriverName"":""FileRepository\\mshdc.inf_amd64_neutral_aad30bdeec04ea5e\\mshdc.inf"",""DriverVersion"":""6.1.7601.17514"",""DriverProvider"":""Microsoft"",""DeviceInstanceID"":""PCIIDE\\IDECHANNEL\\5&amp;12368B4A&amp;0&amp;0"",""SetupClass"":""4d36e96a-e325-11ce-bfc1-08002be10318"",""RebootOption"":""False"",""UpgradeDevice"":""False"",""IsDriverOEM"":""False"",""InstallStatus"":""0x0"",""DriverDescription"":""IDE Channel""}}}"
410,410,2025-02-04 19:09:59.4945774,20003,Info,Microsoft-Windows-UserPnp,System,1480,1212,37L4247F27-25,3,S-1-5-18,Service installation,,,ServiceName: atapi,AddServiceStatus: Unknown code (0),,UpdateService: True,PrimaryService: True,DeviceInstanceID: PCIIDE\IDECHANNEL\5&amp;12368B4A&amp;0&amp;9,system32\DRIVERS\atapi.sys,False,example_files\original\C\Windows\System32\winevt\logs\System.evtx,Classic,0,"{""UserData"":{""AddServiceID"":{""ServiceName"":""atapi"",""DriverFileName"":""system32\\DRIVERS\\atapi.sys"",""DeviceInstanceID"":""PCIIDE\\IDECHANNEL\\5&amp;12368B4A&amp;0&amp;9"",""PrimaryService"":""True"",""UpdateService"":""True"",""AddServiceStatus"":""0""}}}"
411,411,2025-02-04 19:09:59.7753779,20001,Info,Microsoft-Windows-UserPnp,System,1480,1212,37L4247F27-25,3,S-1-5-18,Device installation,,,DriverDescription: IDE Channel,InstallStatus: Installation Successful,IsDriverOEM: False,UpgradeDevice: False,RebootOption: False,DeviceInstanceID: PCIIDE\IDECHANNEL\5&amp;12368B4A&amp;0&amp;9,FileRepository\mshdc.inf_amd64_neutral_aad30bdeec04ea5e\mshdc.inf,False,example_files\original\C\Windows\System32\winevt\logs\System.evtx,Classic,0,"{""UserData"":{""InstallDeviceID"":{""DriverName"":""FileRepository\\mshdc.inf_amd64_neutral_aad30bdeec04ea5e\\mshdc.inf"",""DriverVersion"":""6.1.7601.17514"",""DriverProvider"":""Microsoft"",""DeviceInstanceID"":""PCIIDE\\IDECHANNEL\\5&amp;12368B4A&amp;0&amp;9"",""SetupClass"":""4d36e96a-e325-11ce-bfc1-08002be10318"",""RebootOption"":""False"",""UpgradeDevice"":""False"",""IsDriverOEM"":""False"",""InstallStatus"":""0x0"",""DriverDescription"":""IDE Channel""}}}"
412,412,2025-02-04 19:09:59.9937783,20003,Info,Microsoft-Windows-UserPnp,System,868,1572,37L4247F27-25,3,S-1-5-18,Service installation,,,ServiceName: atapi,AddServiceStatus: Unknown code (0),,UpdateService: True,PrimaryService: True,DeviceInstanceID: PCIIDE\IDECHANNEL\5&amp;12368B4A&amp;0&amp;22,system32\DRIVERS\atapi.sys,False,example_files\original\C\Windows\System32\winevt\logs\System.evtx,Classic,0,"{""UserData"":{""AddServiceID"":{""ServiceName"":""atapi"",""DriverFileName"":""system32\\DRIVERS\\atapi.sys"",""DeviceInstanceID"":""PCIIDE\\IDECHANNEL\\5&amp;12368B4A&amp;0&amp;22"",""PrimaryService"":""True"",""UpdateService"":""True"",""AddServiceStatus"":""0""}}}"
