262,262,2025-02-04 03:15:13.9789106,1000,Info,Microsoft-Windows-LoadPerf,Application,2332,512,WIN-TFHMB3RRSQV,1,S-1-5-18,,,,,,,,,,,False,example_files\original\C\Windows\System32\winevt\logs\Application.evtx,Classic,0,"{""UserData"":{""EventXML"":{""param1"":""WmiApRpl"",""param2"":""WmiApRpl"",""binaryDataSize"":""16"",""binaryData"":""36-19-00-00-DC-19-00-00-37-19-00-00-DD-19-00-00""}}}"
263,263,2025-02-04 03:17:16.2221260,1001,Info,Microsoft-Windows-LoadPerf,Application,2344,2316,WIN-TFHMB3RRSQV,1,S-1-5-18,,,,,,,,,,,False,example_files\original\C\Windows\System32\winevt\logs\Application.evtx,Classic,0,"{""UserData"":{""EventXML"":{""param1"":""WmiApRpl"",""param2"":""WmiApRpl"",""binaryDataSize"":""12"",""binaryData"":""34-19-00-00-35-19-00-00-34-07-00-00""}}}"
264,264,2025-02-04 03:17:16.2689261,1000,Info,Microsoft-Windows-LoadPerf,Application,2344,2316,WIN-TFHMB3RRSQV,1,S-1-5-18,,,,,,,,,,,False,example_files\original\C\Windows\System32\winevt\logs\Application.evtx,Classic,0,"{""UserData"":{""EventXML"":{""param1"":""WmiApRpl"",""param2"":""WmiApRpl"",""binaryDataSize"":""16"",""binaryData"":""36-19-00-00-DC-19-00-00-37-19-00-00-DD-19-00-00""}}}"
265,265,2025-02-04 03:17:26.0000000,9009,Info,Desktop Window Manager,Application,0,0,WIN-TFHMB3RRSQV,1,,,,,,,,,,,,False,example_files\original\C\Windows\System32\winevt\logs\Application.evtx,0x80000000000000,0,"{""EventData"":{""Data"":""0x40010004"",""Binary"":""""}}"
266,266,2025-02-04 03:17:26.9701462,1530,Warning,Microsoft-Windows-User Profiles Service,Application,944,1468,WIN-TFHMB3RRSQV,1,S-1-5-18,,,,,,,,,,,False,example_files\original\C\Windows\System32\winevt\logs\Application.evtx,Classic,0,"{""EventData"":{""@Name"":""EVENT_HIVE_LEAK"",""Data"":{""@Name"":""Detail"",""#text"":""1 user registry handles leaked from \\Registry\\User\\S-1-5-21-2927126382-3537124110-2073285158-1000:, Process 516 (\\Device\\HarddiskVolume1\\Windows\\System32\\winlogon.exe) has opened key \\REGISTRY\\USER\\S-1-5-21-2927126382-3537124110-2073285158-1000, ""}}}"
267,267,2025-02-04 03:17:27.3601469,1532,Info,Microsoft-Windows-User Profiles Service,Application,944,804,WIN-TFHMB3RRSQV,1,S-1-5-18,,,,,,,,,,,False,example_files\original\C\Windows\System32\winevt\logs\Application.evtx,Classic,0,"{""EventData"":""""}"
268,268,2025-02-04 03:18:29.0000000,4625,Info,Microsoft-Windows-EventSystem,Application,0,0,WIN-TFHMB3RRSQV,1,,,,,,,,,,,,False,example_files\original\C\Windows\System32\winevt\logs\Application.evtx,0x80000000000000,0,"{""EventData"":{""Data"":[{""@Name"":""param1"",""#text"":""86400""},{""@Name"":""param2"",""#text"":""SuppressDuplicateDuration""},{""@Name"":""param3"",""#text"":""Software\\Microsoft\\EventSystem\\EventLog""}]}}"
269,269,2025-02-04 03:18:29.1408169,1531,Info,Microsoft-Windows-User Profiles Service,Application,848,988,WIN-TFHMB3RRSQV,1,S-1-5-18,,,,,,,,,,,False,example_files\original\C\Windows\System32\winevt\logs\Application.evtx,Classic,0,"{""EventData"":""""}"
270,270,2025-02-04 03:18:29.0000000,5615,LogAlways,Microsoft-Windows-WMI,Application,0,0,WIN-TFHMB3RRSQV,1,,,,,,,,,,,,False,example_files\original\C\Windows\System32\winevt\logs\Application.evtx,0x80000000000000,0,"{""EventData"":{""Data"":"""",""Binary"":""""}}"
271,271,2025-02-04 03:18:29.0000000,5617,LogAlways,Microsoft-Windows-WMI,Application,0,0,WIN-TFHMB3RRSQV,1,,,,,,,,,,,,False,example_files\original\C\Windows\System32\winevt\logs\Application.evtx,0x80000000000000,0,"{""EventData"":{""Data"":"""",""Binary"":""""}}"
272,272,2025-02-04 03:19:12.0000000,4101,Info,Microsoft-Windows-Winlogon,Application,0,0,WIN-TFHMB3RRSQV,1,,,,,,,,,,,,False,example_files\original\C\Windows\System32\winevt\logs\Application.evtx,0x80000000000000,0,"{""EventData"":{""Data"":""0x00000000, 0x00000001"",""Binary"":""""}}"
273,273,2025-02-04 03:19:12.0000000,9007,Info,Desktop Window Manager,Application,0,0,WIN-TFHMB3RRSQV,1,,,,,,,,,,,,False,example_files\original\C\Windows\System32\winevt\logs\Application.evtx,0x80000000000000,0,"{""EventData"":{""Data"":"""",""Binary"":""""}}"
274,274,2025-02-04 03:19:19.0000000,102,Info,ESENT,Application,0,0,WIN-TFHMB3RRSQV,1,,,,,,,,,,,,False,example_files\original\C\Windows\System32\winevt\logs\Application.evtx,0x80000000000000,0,"{""EventData"":{""Data"":""Windows, 1748, Windows: , 0, 6, 01, 7601, 0000"",""Binary"":""""}}"
275,275,2025-02-04 03:19:19.0000000,300,Info,ESENT,Application,0,0,WIN-TFHMB3RRSQV,1,,,,,,,,,,,,False,example_files\original\C\Windows\System32\winevt\logs\Application.evtx,0x80000000000000,0,"{""EventData"":{""Data"":""Windows, 1748, Windows: "",""Binary"":""""}}"
276,276,2025-02-04 03:19:19.0000000,301,Info,ESENT,Application,0,0,WIN-TFHMB3RRSQV,2,,,,,,,,,,,,False,example_files\original\C\Windows\System32\winevt\logs\Application.evtx,0x80000000000000,0,"{""EventData"":{""Data"":""Windows, 1748, Windows: , C:\\ProgramData\\Microsoft\\Search\\Data\\Applications\\Windows\\MSS00001.log"",""Binary"":""""}}"
277,277,2025-02-04 03:19:19.0000000,301,Info,ESENT,Application,0,0,WIN-TFHMB3RRSQV,2,,,,,,,,,,,,False,example_files\original\C\Windows\System32\winevt\logs\Application.evtx,0x80000000000000,0,"{""EventData"":{""Data"":""Windows, 1748, Windows: , C:\\ProgramData\\Microsoft\\Search\\Data\\Applications\\Windows\\MSS00002.log"",""Binary"":""""}}"
278,278,2025-02-04 03:19:19.0000000,301,Info,ESENT,Application,0,0,WIN-TFHMB3RRSQV,2,,,,,,,,,,,,False,example_files\original\C\Windows\System32\winevt\logs\Application.evtx,0x80000000000000,0,"{""EventData"":{""Data"":""Windows, 1748, Windows: , C:\\ProgramData\\Microsoft\\Search\\Data\\Applications\\Windows\\MSS.log"",""Binary"":""""}}"
279,279,2025-02-04 03:19:19.0000000,302,Info,ESENT,Application,0,0,WIN-TFHMB3RRSQV,2,,,,,,,,,,,,False,example_files\original\C\Windows\System32\winevt\logs\Application.evtx,0x80000000000000,0,"{""EventData"":{""Data"":""Windows, 1748, Windows: "",""Binary"":""""}}"
280,280,2025-02-04 03:19:19.0000000,1003,Info,Microsoft-Windows-Search,Application,0,0,WIN-TFHMB3RRSQV,2,,,,,,,,,,,,False,example_files\original\C\Windows\System32\winevt\logs\Application.evtx,0x80000000000000,0,"{""EventData"":{""Data"":{""@Name"":""ExtraInfo"",""#text"":"", ""}}}"
281,281,2025-02-04 03:20:13.0000000,10,Error,Microsoft-Windows-WMI,Application,0,0,WIN-TFHMB3RRSQV,2,,,,,,,,,,,,False,example_files\original\C\Windows\System32\winevt\logs\Application.evtx,0x80000000000000,0,"{""EventData"":{""Data"":""//./root/CIMV2, SELECT * FROM __InstanceModificationEvent WITHIN 60 WHERE TargetInstance ISA \""Win32_Processor\"" AND TargetInstance.LoadPercentage &gt; 99, 0x80041003"",""Binary"":""""}}"
282,282,2025-02-04 03:20:30.0000000,900,Info,Microsoft-Windows-Security-SPP,Application,0,0,WIN-TFHMB3RRSQV,2,,,,,,,,,,,,False,example_files\original\C\Windows\System32\winevt\logs\Application.evtx,0x80000000000000,0,"{""EventData"":{""Data"":"""",""Binary"":""""}}"
283,283,2025-02-04 03:20:31.0000000,1,Info,SecurityCenter,Application,0,0,WIN-TFHMB3RRSQV,2,,,,,,,,,,,,False,example_files\original\C\Windows\System32\winevt\logs\Application.evtx,0x80000000000000,0,"{""EventData"":{""Data"":"""",""Binary"":""""}}"
284,284,2025-02-04 03:20:31.0000000,1066,Info,Microsoft-Windows-Security-SPP,Application,0,0,WIN-TFHMB3RRSQV,2,,,,,,,,,,,,False,example_files\original\C\Windows\System32\winevt\logs\Application.evtx,0x80000000000000,0,"{""EventData"":{""Data"":""C:\\Windows\\system32\\sppwinob.dll, msft:spp/windowsfunctionality/agent/7.0, 0x00000000, 0x00000000\nC:\\Windows\\system32\\sppobjs.dll, msft:rm/algorithm/phone/1.0, 0x00000000, 0x00000000\nC:\\Windows\\system32\\sppobjs.dll, msft:rm/algorithm/pkey/2005, 0x00000000, 0x00000000\nC:\\Windows\\system32\\sppobjs.dll, msft:spp/TaskScheduler/1.0, 0x00000000, 0x00000000\nC:\\Windows\\system32\\sppobjs.dll, msft:spp/volume/services/kms/1.0, 0x00000000, 0x00000000\nC:\\Windows\\system32\\sppobjs.dll, msft:spp/volume/services/kms/licenserenewal/1.0, 0x00000000, 0x00000000\n"",""Binary"":""""}}"
285,285,2025-02-04 03:20:31.0000000,1003,Info,Microsoft-Windows-Security-SPP,Application,0,0,WIN-TFHMB3RRSQV,2,,,,,,,,,,,,False,example_files\original\C\Windows\System32\winevt\logs\Application.evtx,0x80000000000000,0,"{""EventData"":{""Data"":""55c92734-d682-4d71-983e-d6ec3f16059f, \n1: 4de78642-0f7f-4b61-9392-8add86d70ae8, 1, 0 [(0 [0xC004F014, 0, 0], [(?)(?)(?)(?)(?)(?)])(1 )(2 )]\n2: 50e329f7-a5fa-46b2-85fd-f224e5da7764, 1, 0 [(0 [0xC004F014, 0, 0], [(?)(?)(?)(?)(?)(?)])(1 )(2 )]\n3: 5a79ecd8-d33f-406c-a619-7785899b5d59, 1, 0 [(0 [0xC004F014, 0, 0], [(?)(?)(?)(?)(?)(?)])(1 )(2 )]\n4: 770bc271-8dc1-467d-b574-73cbacbeccd1, 1, 0 [(0 [0xC004F014, 0, 0], [(?)(?)(?)(?)(?)(?)])(1 )(2 )]\n5: 90a61a0d-0b76-4bf1-a8b8-89061855a4c9, 1, 0 [(0 [0xC004F014, 0, 0], [(?)(?)(?)(?)(?)(?)])(1 )(2 )]\n6: 92f9d22a-65f5-49a7-90fe-06491b4fc379, 1, 0 [(0 [0xC004F014, 0, 0], [(?)(?)(?)(?)(?)(?)])(1 )(2 )]\n7: 9abf5984-9c16-46f2-ad1e-7fe15931a8dd, 1, 0 [(0 [0xC004F014, 0, 0], [(?)(?)(?)(?)(?)(?)])(1 )(2 )]\n8: 9ccffaf9-86a2-414e-b031-b2f777720e90, 1, 0 [(0 [0xC004F014, 0, 0], [(?)(?)(?)(?)(?)(?)])(1 )(2 )]\n9: b92e9980-b9d5-4821-9c94-140f632f6312, 1, 0 [(0 [0xC004F014, 0, 0], [(?)(?)(?)(?)(?)(?)])(1 )(2 )]\n10: c1027486-8ae8-4633-9cf9-9658ed80504d, 1, 0 [(0 [0xC004F014, 0, 0], [(?)(?)(?)(?)(?)(?)])(1 )(2 )]\n11: c1e88de3-96c4-4563-ad7d-775f65b1e670, 1, 0 [(0 [0xC004F014, 0, 0], [(?)(?)(?)(?)(?)(?)])(1 )(2 )]\n12: c33001fc-5e9c-4f27-8c05-e0154adb0db4, 1, 0 [(0 [0xC004F014, 0, 0], [(?)(?)(?)(?)(?)(?)])(1 )(2 )]\n13: cf3c5b35-35ff-4c95-9bbd-a188e47ad14c, 1, 0 [(0 [0xC004F014, 0, 0], [(?)(?)(?)(?)(?)(?)])(1 )(2 )]\n14: cff07cac-7534-4cc3-b3f3-99e1a0aa3c20, 1, 0 [(0 [0xC004F014, 0, 0], [(?)(?)(?)(?)(?)(?)])(1 )(2 )]\n15: d188820a-cb63-4bad-a9a2-40b843ee23b7, 1, 0 [(0 [0xC004F014, 0, 0], [(?)(?)(?)(?)(?)(?)])(1 )(2 )]\n16: d8e04254-f9a5-4729-ae86-886de6aa907c, 1, 0 [(0 [0xC004F014, 0, 0], [(?)(?)(?)(?)(?)(?)])(1 )(2 )]\n17: da22eadd-46dc-4056-a287-f5041c852470, 1, 0 [(0 [0xC004F014, 0, 0], [(?)(?)(?)(?)(?)(?)])(1 )(2 )]\n18: e120e868-3df2-464a-95a0-b52fa5ada4bf, 1, 0 [(0 [0xC004F014, 0, 0], [(?)(?)(?)(?)(?)(?)])(1 )(2 )]\n19: e838d943-63ed-4a0b-9fb1-47152908acc9, 1, 1 [(0 )(1 )(2 [0x00000000, 0, 1], [(?)( 5 0x00000000 30 43200)( 1 0x00000000 0 0 msft:rm/algorithm/flags/1.0 0x00000000 0)(?)(?)(?)])]\n20: 4a8149bb-7d61-49f4-8822-82c7bf88d64b, 1, 0 [(0 [0xC004F014, 0, 0], [(?)(?)(?)(?)(?)(?)])(1 )(2 )]\n21: afd5f68f-b70f-4000-a21d-28dbc8be8b07, 1, 0 [(0 [0xC004F014, 0, 0], [(?)(?)(?)(?)(?)(?)])(1 )(2 )]\n\n"",""Binary"":""""}}"
286,286,2025-02-04 03:20:31.0000000,902,LogAlways,Microsoft-Windows-Security-SPP,Application,0,0,WIN-TFHMB3RRSQV,2,,,,,,,,,,,,False,example_files\original\C\Windows\System32\winevt\logs\Application.evtx,0x80000000000000,0,"{""EventData"":{""Data"":""6.1.7601.17514"",""Binary"":""""}}"
287,287,2025-02-04 03:22:35.9142655,1001,Info,Microsoft-Windows-LoadPerf,Application,2916,2920,WIN-TFHMB3RRSQV,2,S-1-5-18,,,,,,,,,,,False,example_files\original\C\Windows\System32\winevt\logs\Application.evtx,Classic,0,"{""UserData"":{""EventXML"":{""param1"":""WmiApRpl"",""param2"":""WmiApRpl"",""binaryDataSize"":""12"",""binaryData"":""34-19-00-00-35-19-00-00-34-07-00-00""}}}"
288,288,2025-02-04 03:22:35.9454656,1000,Info,Microsoft-Windows-LoadPerf,Application,2916,2920,WIN-TFHMB3RRSQV,2,S-1-5-18,,,,,,,,,,,False,example_files\original\C\Windows\System32\winevt\logs\Application.evtx,Classic,0,"{""UserData"":{""EventXML"":{""param1"":""WmiApRpl"",""param2"":""WmiApRpl"",""binaryDataSize"":""16"",""binaryData"":""36-19-00-00-DC-19-00-00-37-19-00-00-DD-19-00-00""}}}"
289,289,2025-02-04 03:28:08.3976495,4097,Info,Microsoft-Windows-CAPI2,Application,248,1304,WIN-TFHMB3RRSQV,2,,,,,,,,,,,,False,example_files\original\C\Windows\System32\winevt\logs\Application.evtx,"Audit success, classic",0,"{""EventData"":{""Data"":""CN=DigiCert Assured ID Root CA, OU=www.digicert.com, O=DigiCert Inc, C=US, 0563B8630D62D75ABBC8AB1E4BDFB5A899B24D43"",""Binary"":""""}}"
290,290,2025-02-04 03:28:21.0000000,1040,Info,MsiInstaller,Application,0,0,WIN-TFHMB3RRSQV,2,S-1-5-21-2927126382-3537124110-2073285158-1000,Installer Started,,,,,,,,,C:\Users\student\AppData\Local\Temp\{A5F889F4-DB18-47BB-BA12-64CF9AB024E2}\AccessData_FTK_Imager_(x64).msi,False,example_files\original\C\Windows\System32\winevt\logs\Application.evtx,0x80000000000000,0,"{""EventData"":{""Data"":""C:\\Users\\student\\AppData\\Local\\Temp\\{A5F889F4-DB18-47BB-BA12-64CF9AB024E2}\\AccessData_FTK_Imager_(x64).msi, 2768, (NULL), (NULL), (NULL), (NULL)"",""Binary"":""""}}"
291,291,2025-02-04 03:28:27.0000000,8194,Info,System Restore,Application,0,0,WIN-TFHMB3RRSQV,2,,Restore point created successfully,,,"Data: C:\Windows\system32\msiexec.exe /V, Installed AccessData FTK Imager.",,,,,,,False,example_files\original\C\Windows\System32\winevt\logs\Application.evtx,0x80000000000000,0,"{""EventData"":{""Data"":""C:\\Windows\\system32\\msiexec.exe /V, Installed AccessData FTK Imager."",""Binary"":""00-00-00-00-A1-01-00-00-97-01-00-00-00-00-00-00-22-CE-28-67-7C-6D-DA-79-E2-8C-1C-00-00-00-00-00-00-00-00-00""}}"
292,292,2025-02-04 03:28:27.5664835,10000,Info,Microsoft-Windows-RestartManager,Application,680,2912,WIN-TFHMB3RRSQV,2,S-1-5-21-2927126382-3537124110-2073285158-1000,,,,,,,,,,,False,example_files\original\C\Windows\System32\winevt\logs\Application.evtx,Classic,0,"{""UserData"":{""RmSessionEvent"":{""RmSessionId"":""0"",""UTCStartTime"":""2025-02-04 03:28:27.5664835""}}}"
293,293,2025-02-04 03:28:30.0000000,1042,Info,MsiInstaller,Application,0,0,WIN-TFHMB3RRSQV,2,S-1-5-18,Installer Exited,,,,,,,,,C:\Users\student\AppData\Local\Temp\{A5F889F4-DB18-47BB-BA12-64CF9AB024E2}\AccessData_FTK_Imager_(x64).msi,False,example_files\original\C\Windows\System32\winevt\logs\Application.evtx,0x80000000000000,0,"{""EventData"":{""Data"":""C:\\Users\\student\\AppData\\Local\\Temp\\{A5F889F4-DB18-47BB-BA12-64CF9AB024E2}\\AccessData_FTK_Imager_(x64).msi, 2768, (NULL), (NULL), (NULL), (NULL)"",""Binary"":""""}}"
294,294,2025-02-04 03:28:30.0156878,10001,Info,Microsoft-Windows-RestartManager,Application,680,1316,WIN-TFHMB3RRSQV,2,S-1-5-21-2927126382-3537124110-2073285158-1000,,,,,,,,,,,False,example_files\original\C\Windows\System32\winevt\logs\Application.evtx,Classic,0,"{""UserData"":{""RmSessionEvent"":{""RmSessionId"":""0"",""UTCStartTime"":""2025-02-04 03:28:27.5664835""}}}"
295,295,2025-02-04 03:28:52.0000000,11707,Info,MsiInstaller,Application,0,0,WIN-TFHMB3RRSQV,2,S-1-5-21-2927126382-3537124110-2073285158-1000,Installation completed successfully,,,"Product: AccessData FTK Imager -- Installation operation completed successfully., (NULL), (NULL), (NULL), (NULL), (NULL)",,,,,,,False,example_files\original\C\Windows\System32\winevt\logs\Application.evtx,0x80000000000000,0,"{""EventData"":{""Data"":""Product: AccessData FTK Imager -- Installation operation completed successfully., (NULL), (NULL), (NULL), (NULL), (NULL)"",""Binary"":""7B-39-44-37-39-41-38-33-41-2D-38-46-38-34-2D-34-42-33-43-2D-42-41-44-42-2D-32-45-45-38-41-32-32-46-35-31-39-34-7D""}}"
296,296,2025-02-04 03:28:52.0000000,1033,Info,MsiInstaller,Application,0,0,WIN-TFHMB3RRSQV,2,S-1-5-21-2927126382-3537124110-2073285158-1000,A program was installed,,,"Name, Version, Lang, Status, Manufacturer: AccessData FTK Imager, 4.7.1.2, 1033, 0, AccessData, (NULL)",,,,,,,False,example_files\original\C\Windows\System32\winevt\logs\Application.evtx,0x80000000000000,0,"{""EventData"":{""Data"":""AccessData FTK Imager, 4.7.1.2, 1033, 0, AccessData, (NULL)"",""Binary"":""7B-39-44-37-39-41-38-33-41-2D-38-46-38-34-2D-34-42-33-43-2D-42-41-44-42-2D-32-45-45-38-41-32-32-46-35-31-39-34-7D-30-30-30-30-35-36-66-35-34-36-63-32-35-31-33-64-33-30-63-63-31-66-38-36-62-33-30-63-64-61-65-36-62-62-32-33-30-30-30-30-30-39-30-34""}}"
297,297,2025-02-04 03:31:27.0000000,8224,Info,VSS,Application,0,0,WIN-TFHMB3RRSQV,2,,,,,,,,,,,,False,example_files\original\C\Windows\System32\winevt\logs\Application.evtx,0x80000000000000,0,"{""EventData"":{""Data"":"""",""Binary"":""2D-20-43-6F-64-65-3A-20-20-43-4F-52-53-56-43-43-30-30-30-30-30-37-37-33-2D-20-43-61-6C-6C-3A-20-20-43-4F-52-53-56-43-43-30-30-30-30-30-37-35-35-2D-20-50-49-44-3A-20-20-30-30-30-30-31-36-33-36-2D-20-54-49-44-3A-20-20-30-30-30-30-32-37-33-36-2D-20-43-4D-44-3A-20-20-43-3A-5C-57-69-6E-64-6F-77-73-5C-73-79-73-74-65-6D-33-32-5C-76-73-73-76-63-2E-65-78-65-20-20-20-2D-20-55-73-65-72-3A-20-4E-61-6D-65-3A-20-4E-54-20-41-55-54-48-4F-52-49-54-59-5C-53-59-53-54-45-4D-2C-20-53-49-44-3A-53-2D-31-2D-35-2D-31-38-20""}}"
298,298,2025-02-04 03:40:16.3461359,4097,Info,Microsoft-Windows-CAPI2,Application,248,1292,WIN-TFHMB3RRSQV,2,,,,,,,,,,,,False,example_files\original\C\Windows\System32\winevt\logs\Application.evtx,"Audit success, classic",0,"{""EventData"":{""Data"":""CN=GlobalSign Root CA, OU=Root CA, O=GlobalSign nv-sa, C=BE, B1BC968BD4F49D622AA89A81F2150152A41D829C"",""Binary"":""""}}"
299,299,2025-02-04 03:41:05.9924250,1001,Info,Microsoft-Windows-LoadPerf,Application,1792,564,WIN-TFHMB3RRSQV,2,S-1-5-18,,,,,,,,,,,False,example_files\original\C\Windows\System32\winevt\logs\Application.evtx,Classic,0,"{""UserData"":{""EventXML"":{""param1"":""WmiApRpl"",""param2"":""WmiApRpl"",""binaryDataSize"":""12"",""binaryData"":""34-19-00-00-35-19-00-00-34-07-00-00""}}}"
300,300,2025-02-04 03:41:06.0392251,1000,Info,Microsoft-Windows-LoadPerf,Application,1792,564,WIN-TFHMB3RRSQV,2,S-1-5-18,,,,,,,,,,,False,example_files\original\C\Windows\System32\winevt\logs\Application.evtx,Classic,0,"{""UserData"":{""EventXML"":{""param1"":""WmiApRpl"",""param2"":""WmiApRpl"",""binaryDataSize"":""16"",""binaryData"":""36-19-00-00-DC-19-00-00-37-19-00-00-DD-19-00-00""}}}"
301,301,2025-02-04 03:55:37.4919734,10000,Info,Microsoft-Windows-RestartManager,Application,1316,2320,WIN-TFHMB3RRSQV,2,S-1-5-21-2927126382-3537124110-2073285158-1000,,,,,,,,,,,False,example_files\original\C\Windows\System32\winevt\logs\Application.evtx,Classic,0,"{""UserData"":{""RmSessionEvent"":{""RmSessionId"":""1"",""UTCStartTime"":""2025-02-04 03:55:37.4919734""}}}"
302,302,2025-02-04 03:55:41.0000000,1040,Info,MsiInstaller,Application,0,0,WIN-TFHMB3RRSQV,2,S-1-5-21-2927126382-3537124110-2073285158-1000,Installer Started,,,,,,,,,C:\4815c9881f99dd0498\netfx_Full_x64.msi,False,example_files\original\C\Windows\System32\winevt\logs\Application.evtx,0x80000000000000,0,"{""EventData"":{""Data"":""C:\\4815c9881f99dd0498\\netfx_Full_x64.msi, 1316, (NULL), (NULL), (NULL), (NULL)"",""Binary"":""""}}"
303,303,2025-02-04 03:55:42.0783814,10000,Info,Microsoft-Windows-RestartManager,Application,2624,2336,WIN-TFHMB3RRSQV,2,S-1-5-21-2927126382-3537124110-2073285158-1000,,,,,,,,,,,False,example_files\original\C\Windows\System32\winevt\logs\Application.evtx,Classic,0,"{""UserData"":{""RmSessionEvent"":{""RmSessionId"":""0"",""UTCStartTime"":""2025-02-04 03:55:42.0783814""}}}"
304,304,2025-02-04 03:56:10.2988310,1000,Info,Microsoft-Windows-LoadPerf,Application,1936,1796,WIN-TFHMB3RRSQV,2,S-1-5-21-2927126382-3537124110-2073285158-1000,,,,,,,,,,,False,example_files\original\C\Windows\System32\winevt\logs\Application.evtx,Classic,0,"{""UserData"":{""EventXML"":{""param1"":"".NET Memory Cache 4.0"",""param2"":"".NET Memory Cache 4.0"",""binaryDataSize"":""16"",""binaryData"":""DE-19-00-00-EC-19-00-00-DF-19-00-00-ED-19-00-00""}}}"
305,305,2025-02-04 03:56:10.4860313,1002,Info,Microsoft-Windows-LoadPerf,Application,2896,2316,WIN-TFHMB3RRSQV,2,S-1-5-21-2927126382-3537124110-2073285158-1000,,,,,,,,,,,False,example_files\original\C\Windows\System32\winevt\logs\Application.evtx,Classic,0,"{""UserData"":{""EventXML"":{""param1"":"".NET Memory Cache 4.0"",""param2"":"".NET Memory Cache 4.0"",""binaryDataSize"":""4"",""binaryData"":""C2-12-00-00""}}}"
306,306,2025-02-04 03:56:11.0000000,1017,Info,ASP.NET 4.0.30319.0,Application,0,0,WIN-TFHMB3RRSQV,2,,,,,,,,,,,,False,example_files\original\C\Windows\System32\winevt\logs\Application.evtx,0x80000000000000,0,"{""EventData"":{""Data"":""4.0.30319.0, 0x00000404"",""Binary"":""""}}"
307,307,2025-02-04 03:56:14.0000000,1020,Warning,ASP.NET 4.0.30319.0,Application,0,0,WIN-TFHMB3RRSQV,2,,,,,,,,,,,,False,example_files\original\C\Windows\System32\winevt\logs\Application.evtx,0x80000000000000,0,"{""EventData"":{""Data"":"""",""Binary"":""""}}"
308,308,2025-02-04 03:56:14.0000000,1019,Info,ASP.NET 4.0.30319.0,Application,0,0,WIN-TFHMB3RRSQV,2,,,,,,,,,,,,False,example_files\original\C\Windows\System32\winevt\logs\Application.evtx,0x80000000000000,0,"{""EventData"":{""Data"":""4.0.30319.0, C:\\Users\\student\\AppData\\Local\\Temp\\ASPNETSetup_00000.log"",""Binary"":""""}}"
309,309,2025-02-04 03:56:13.2004361,1000,Info,Microsoft-Windows-LoadPerf,Application,1444,1992,WIN-TFHMB3RRSQV,2,S-1-5-21-2927126382-3537124110-2073285158-1000,,,,,,,,,,,False,example_files\original\C\Windows\System32\winevt\logs\Application.evtx,Classic,0,"{""UserData"":{""EventXML"":{""param1"":""aspnet_state"",""param2"":""ASP.NET State Service"",""binaryDataSize"":""16"",""binaryData"":""EE-19-00-00-D6-1A-00-00-EF-19-00-00-D7-1A-00-00""}}}"
310,310,2025-02-04 03:56:13.9648374,1000,Info,Microsoft-Windows-LoadPerf,Application,1444,1992,WIN-TFHMB3RRSQV,2,S-1-5-21-2927126382-3537124110-2073285158-1000,,,,,,,,,,,False,example_files\original\C\Windows\System32\winevt\logs\Application.evtx,Classic,0,"{""UserData"":{""EventXML"":{""param1"":""ASP.NET_4.0.30319"",""param2"":""ASP.NET_4.0.30319"",""binaryDataSize"":""16"",""binaryData"":""D8-1A-00-00-B8-1B-00-00-D9-1A-00-00-B9-1B-00-00""}}}"
311,311,2025-02-04 03:56:14.6824387,1000,Info,Microsoft-Windows-LoadPerf,Application,1444,1992,WIN-TFHMB3RRSQV,2,S-1-5-21-2927126382-3537124110-2073285158-1000,,,,,,,,,,,False,example_files\original\C\Windows\System32\winevt\logs\Application.evtx,Classic,0,"{""UserData"":{""EventXML"":{""param1"":""ASP.NET"",""param2"":""ASP.NET"",""binaryDataSize"":""16"",""binaryData"":""BA-1B-00-00-9A-1C-00-00-BB-1B-00-00-9B-1C-00-00""}}}"
312,312,2025-02-04 03:56:15.0000000,1017,Info,ASP.NET 4.0.30319.0,Application,0,0,WIN-TFHMB3RRSQV,2,,,,,,,,,,,,False,example_files\original\C\Windows\System32\winevt\logs\Application.evtx,0x80000000000000,0,"{""EventData"":{""Data"":""4.0.30319.0, 0x00000404"",""Binary"":""""}}"
313,313,2025-02-04 03:56:16.1488413,1002,Info,Microsoft-Windows-LoadPerf,Application,2288,2788,WIN-TFHMB3RRSQV,2,S-1-5-21-2927126382-3537124110-2073285158-1000,,,,,,,,,,,False,example_files\original\C\Windows\System32\winevt\logs\Application.evtx,Classic,0,"{""UserData"":{""EventXML"":{""param1"":""ASP.NET_4.0.30319"",""param2"":""ASP.NET_4.0.30319"",""binaryDataSize"":""4"",""binaryData"":""C2-12-00-00""}}}"
314,314,2025-02-04 03:56:16.1644413,1001,Info,Microsoft-Windows-LoadPerf,Application,2288,2788,WIN-TFHMB3RRSQV,2,S-1-5-21-2927126382-3537124110-2073285158-1000,,,,,,,,,,,False,example_files\original\C\Windows\System32\winevt\logs\Application.evtx,Classic,0,"{""UserData"":{""EventXML"":{""param1"":""ASP.NET"",""param2"":""ASP.NET"",""binaryDataSize"":""12"",""binaryData"":""B8-1B-00-00-B9-1B-00-00-34-07-00-00""}}}"
315,315,2025-02-04 03:56:17.0000000,1020,Warning,ASP.NET 4.0.30319.0,Application,0,0,WIN-TFHMB3RRSQV,2,,,,,,,,,,,,False,example_files\original\C\Windows\System32\winevt\logs\Application.evtx,0x80000000000000,0,"{""EventData"":{""Data"":"""",""Binary"":""""}}"
316,316,2025-02-04 03:56:17.0000000,1019,Info,ASP.NET 4.0.30319.0,Application,0,0,WIN-TFHMB3RRSQV,2,,,,,,,,,,,,False,example_files\original\C\Windows\System32\winevt\logs\Application.evtx,0x80000000000000,0,"{""EventData"":{""Data"":""4.0.30319.0, C:\\Users\\student\\AppData\\Local\\Temp\\ASPNETSetup_00001.log"",""Binary"":""""}}"
317,317,2025-02-04 03:56:17.1160430,1000,Info,Microsoft-Windows-LoadPerf,Application,2288,2788,WIN-TFHMB3RRSQV,2,S-1-5-21-2927126382-3537124110-2073285158-1000,,,,,,,,,,,False,example_files\original\C\Windows\System32\winevt\logs\Application.evtx,Classic,0,"{""UserData"":{""EventXML"":{""param1"":""ASP.NET"",""param2"":""ASP.NET"",""binaryDataSize"":""16"",""binaryData"":""BA-1B-00-00-9A-1C-00-00-BB-1B-00-00-9B-1C-00-00""}}}"
318,318,2025-02-04 03:56:24.4792559,1000,Info,Microsoft-Windows-LoadPerf,Application,2128,2024,WIN-TFHMB3RRSQV,2,S-1-5-21-2927126382-3537124110-2073285158-1000,,,,,,,,,,,False,example_files\original\C\Windows\System32\winevt\logs\Application.evtx,Classic,0,"{""UserData"":{""EventXML"":{""param1"":""{890c10c3-8c2a-4fe3-a36a-9eca153d47cb}"",""param2"":""ServiceModel 4.0.0.0"",""binaryDataSize"":""0"",""binaryData"":""""}}}"
319,319,2025-02-04 03:56:24.7288563,1000,Info,Microsoft-Windows-LoadPerf,Application,2972,2512,WIN-TFHMB3RRSQV,2,S-1-5-21-2927126382-3537124110-2073285158-1000,,,,,,,,,,,False,example_files\original\C\Windows\System32\winevt\logs\Application.evtx,Classic,0,"{""UserData"":{""EventXML"":{""param1"":""{f6c5ad57-a5be-4259-9060-b2c4ebfccd96}"",""param2"":""WorkflowServiceHost 4.0.0.0"",""binaryDataSize"":""0"",""binaryData"":""""}}}"
320,320,2025-02-04 03:56:24.8848566,1000,Info,Microsoft-Windows-LoadPerf,Application,2100,2572,WIN-TFHMB3RRSQV,2,S-1-5-21-2927126382-3537124110-2073285158-1000,,,,,,,,,,,False,example_files\original\C\Windows\System32\winevt\logs\Application.evtx,Classic,0,"{""UserData"":{""EventXML"":{""param1"":""SMSvcHost 4.0.0.0"",""param2"":""SMSvcHost 4.0.0.0"",""binaryDataSize"":""16"",""binaryData"":""2C-1E-00-00-48-1E-00-00-2D-1E-00-00-49-1E-00-00""}}}"
321,321,2025-02-04 03:56:25.0096568,1002,Info,Microsoft-Windows-LoadPerf,Application,2796,928,WIN-TFHMB3RRSQV,2,S-1-5-21-2927126382-3537124110-2073285158-1000,,,,,,,,,,,False,example_files\original\C\Windows\System32\winevt\logs\Application.evtx,Classic,0,"{""UserData"":{""EventXML"":{""param1"":""SMSvcHost 4.0.0.0"",""param2"":""SMSvcHost 4.0.0.0"",""binaryDataSize"":""4"",""binaryData"":""C2-12-00-00""}}}"
322,322,2025-02-04 03:56:25.2592573,1000,Info,Microsoft-Windows-LoadPerf,Application,2316,2896,WIN-TFHMB3RRSQV,2,S-1-5-21-2927126382-3537124110-2073285158-1000,,,,,,,,,,,False,example_files\original\C\Windows\System32\winevt\logs\Application.evtx,Classic,0,"{""UserData"":{""EventXML"":{""param1"":""MSDTC Bridge 4.0.0.0"",""param2"":""MSDTC Bridge 4.0.0.0"",""binaryDataSize"":""16"",""binaryData"":""4A-1E-00-00-60-1E-00-00-4B-1E-00-00-61-1E-00-00""}}}"
323,323,2025-02-04 03:56:25.3684575,1002,Info,Microsoft-Windows-LoadPerf,Application,1936,1796,WIN-TFHMB3RRSQV,2,S-1-5-21-2927126382-3537124110-2073285158-1000,,,,,,,,,,,False,example_files\original\C\Windows\System32\winevt\logs\Application.evtx,Classic,0,"{""UserData"":{""EventXML"":{""param1"":""MSDTC Bridge 4.0.0.0"",""param2"":""MSDTC Bridge 4.0.0.0"",""binaryDataSize"":""4"",""binaryData"":""C2-12-00-00""}}}"
324,324,2025-02-04 03:56:25.5868578,1000,Info,Microsoft-Windows-LoadPerf,Application,2376,2312,WIN-TFHMB3RRSQV,2,S-1-5-21-2927126382-3537124110-2073285158-1000,,,,,,,,,,,False,example_files\original\C\Windows\System32\winevt\logs\Application.evtx,Classic,0,"{""UserData"":{""EventXML"":{""param1"":""Windows Workflow Foundation 4.0.0.0"",""param2"":""Windows Workflow Foundation 4.0.0.0"",""binaryDataSize"":""16"",""binaryData"":""62-1E-00-00-8C-1E-00-00-63-1E-00-00-8D-1E-00-00""}}}"
325,325,2025-02-04 03:56:25.7584581,1002,Info,Microsoft-Windows-LoadPerf,Application,2276,576,WIN-TFHMB3RRSQV,2,S-1-5-21-2927126382-3537124110-2073285158-1000,,,,,,,,,,,False,example_files\original\C\Windows\System32\winevt\logs\Application.evtx,Classic,0,"{""UserData"":{""EventXML"":{""param1"":""Windows Workflow Foundation 4.0.0.0"",""param2"":""Windows Workflow Foundation 4.0.0.0"",""binaryDataSize"":""4"",""binaryData"":""C2-12-00-00""}}}"
326,326,2025-02-04 03:56:25.8988584,1000,Info,Microsoft-Windows-LoadPerf,Application,2620,2664,WIN-TFHMB3RRSQV,2,S-1-5-21-2927126382-3537124110-2073285158-1000,,,,,,,,,,,False,example_files\original\C\Windows\System32\winevt\logs\Application.evtx,Classic,0,"{""UserData"":{""EventXML"":{""param1"":"".NET CLR Networking 4.0.0.0"",""param2"":"".NET CLR Networking 4.0.0.0"",""binaryDataSize"":""16"",""binaryData"":""8E-1E-00-00-A8-1E-00-00-8F-1E-00-00-A9-1E-00-00""}}}"
327,327,2025-02-04 03:56:25.9612585,1002,Info,Microsoft-Windows-LoadPerf,Application,2608,1572,WIN-TFHMB3RRSQV,2,S-1-5-21-2927126382-3537124110-2073285158-1000,,,,,,,,,,,False,example_files\original\C\Windows\System32\winevt\logs\Application.evtx,Classic,0,"{""UserData"":{""EventXML"":{""param1"":"".NET CLR Networking 4.0.0.0"",""param2"":"".NET CLR Networking 4.0.0.0"",""binaryDataSize"":""4"",""binaryData"":""C2-12-00-00""}}}"
328,328,2025-02-04 03:56:26.0704587,1002,Info,Microsoft-Windows-LoadPerf,Application,1744,1992,WIN-TFHMB3RRSQV,2,S-1-5-21-2927126382-3537124110-2073285158-1000,,,,,,,,,,,False,example_files\original\C\Windows\System32\winevt\logs\Application.evtx,Classic,0,"{""UserData"":{""EventXML"":{""param1"":"".NET Data Provider for Oracle"",""param2"":"".NET Data Provider for Oracle"",""binaryDataSize"":""4"",""binaryData"":""C2-12-00-00""}}}"
329,329,2025-02-04 03:56:26.1328588,1002,Info,Microsoft-Windows-LoadPerf,Application,2900,2612,WIN-TFHMB3RRSQV,2,S-1-5-21-2927126382-3537124110-2073285158-1000,,,,,,,,,,,False,example_files\original\C\Windows\System32\winevt\logs\Application.evtx,Classic,0,"{""UserData"":{""EventXML"":{""param1"":"".NET Data Provider for Oracle"",""param2"":"".NET Data Provider for Oracle"",""binaryDataSize"":""4"",""binaryData"":""C2-12-00-00""}}}"
330,330,2025-02-04 03:57:12.0000000,11707,Info,MsiInstaller,Application,0,0,WIN-TFHMB3RRSQV,2,S-1-5-21-2927126382-3537124110-2073285158-1000,Installation completed successfully,,,"Product: Microsoft .NET Framework 4.6 -- Installation completed successfully., (NULL), (NULL), (NULL), (NULL), (NULL)",,,,,,,False,example_files\original\C\Windows\System32\winevt\logs\Application.evtx,0x80000000000000,0,"{""EventData"":{""Data"":""Product: Microsoft .NET Framework 4.6 -- Installation completed successfully., (NULL), (NULL), (NULL), (NULL), (NULL)"",""Binary"":""7B-39-34-41-36-33-31-44-35-2D-42-33-30-41-2D-33-44-44-38-2D-42-36-35-43-2D-31-31-31-37-43-30-39-44-41-37-33-45-7D""}}"
331,331,2025-02-04 03:57:12.0000000,1033,Info,MsiInstaller,Application,0,0,WIN-TFHMB3RRSQV,2,S-1-5-21-2927126382-3537124110-2073285158-1000,A program was installed,,,"Name, Version, Lang, Status, Manufacturer: Microsoft .NET Framework 4.6, 4.6.00081, 0, 0, Microsoft Corporation, (NULL)",,,,,,,False,example_files\original\C\Windows\System32\winevt\logs\Application.evtx,0x80000000000000,0,"{""EventData"":{""Data"":""Microsoft .NET Framework 4.6, 4.6.00081, 0, 0, Microsoft Corporation, (NULL)"",""Binary"":""7B-39-34-41-36-33-31-44-35-2D-42-33-30-41-2D-33-44-44-38-2D-42-36-35-43-2D-31-31-31-37-43-30-39-44-41-37-33-45-7D-30-30-30-30-30-64-39-36-37-35-37-66-30-31-66-66-62-61-62-65-37-33-64-61-32-33-63-36-63-65-33-35-66-66-33-34-30-30-30-30-30-30-30-30""}}"
332,332,2025-02-04 03:57:12.0000000,1042,Info,MsiInstaller,Application,0,0,WIN-TFHMB3RRSQV,2,S-1-5-18,Installer Exited,,,,,,,,,C:\4815c9881f99dd0498\netfx_Full_x64.msi,False,example_files\original\C\Windows\System32\winevt\logs\Application.evtx,0x80000000000000,0,"{""EventData"":{""Data"":""C:\\4815c9881f99dd0498\\netfx_Full_x64.msi, 1316, (NULL), (NULL), (NULL), (NULL)"",""Binary"":""""}}"
333,333,2025-02-04 03:57:12.9329410,10001,Info,Microsoft-Windows-RestartManager,Application,2624,2916,WIN-TFHMB3RRSQV,2,S-1-5-21-2927126382-3537124110-2073285158-1000,,,,,,,,,,,False,example_files\original\C\Windows\System32\winevt\logs\Application.evtx,Classic,0,"{""UserData"":{""RmSessionEvent"":{""RmSessionId"":""0"",""UTCStartTime"":""2025-02-04 03:55:42.0783814""}}}"
334,334,2025-02-04 03:57:14.0093429,10001,Info,Microsoft-Windows-RestartManager,Application,1316,2320,WIN-TFHMB3RRSQV,2,S-1-5-21-2927126382-3537124110-2073285158-1000,,,,,,,,,,,False,example_files\original\C\Windows\System32\winevt\logs\Application.evtx,Classic,0,"{""UserData"":{""RmSessionEvent"":{""RmSessionId"":""1"",""UTCStartTime"":""2025-02-04 03:55:37.4919734""}}}"
335,335,2025-02-04 03:57:18.8141513,1001,Info,Microsoft-Windows-LoadPerf,Application,2864,2680,WIN-TFHMB3RRSQV,2,S-1-5-18,,,,,,,,,,,False,example_files\original\C\Windows\System32\winevt\logs\Application.evtx,Classic,0,"{""UserData"":{""EventXML"":{""param1"":""WmiApRpl"",""param2"":""WmiApRpl"",""binaryDataSize"":""12"",""binaryData"":""A8-1E-00-00-A9-1E-00-00-34-07-00-00""}}}"
336,336,2025-02-04 03:57:18.8609514,1000,Info,Microsoft-Windows-LoadPerf,Application,2864,2680,WIN-TFHMB3RRSQV,2,S-1-5-18,,,,,,,,,,,False,example_files\original\C\Windows\System32\winevt\logs\Application.evtx,Classic,0,"{""UserData"":{""EventXML"":{""param1"":""WmiApRpl"",""param2"":""WmiApRpl"",""binaryDataSize"":""16"",""binaryData"":""AA-1E-00-00-50-1F-00-00-AB-1E-00-00-51-1F-00-00""}}}"
1,1,2025-02-04 03:12:56.0444233,306,Verbose,Microsoft-Windows-Bits-Client,Microsoft-Windows-Bits-Client/Operational,944,2548,WIN-TFHMB3RRSQV,0,S-1-5-18,,,,,,,,,,,False,example_files\original\C\Windows\System32\winevt\logs\Microsoft-Windows-Bits-Client%4Operational.evtx,0x4000000000000000,0,"{""EventData"":""""}"
2,2,2025-02-04 03:20:30.5056452,306,Verbose,Microsoft-Windows-Bits-Client,Microsoft-Windows-Bits-Client/Operational,848,1056,WIN-TFHMB3RRSQV,0,S-1-5-18,,,,,,,,,,,False,example_files\original\C\Windows\System32\winevt\logs\Microsoft-Windows-Bits-Client%4Operational.evtx,0x4000000000000000,0,"{""EventData"":""""}"
1,1,2025-02-04 19:08:44.6612459,3005,Info,Microsoft-Windows-BranchCacheSMB,Microsoft-Windows-BranchCacheSMB/Operational,836,1020,37L4247F27-25,0,S-1-5-18,,,,,,,,,,,False,example_files\original\C\Windows\System32\winevt\logs\Microsoft-Windows-BranchCacheSMB%4Operational.evtx,0x8000000000000800,0,"{""UserData"":{""CounterSummary"":{""ServiceActiveTimeInSeconds"":""0"",""SMBBranchCacheBytesRequested"":""0"",""SMBBranchCacheBytesReceived"":""0"",""SMBBranchCacheBytesPublished"":""0"",""SMBBranchCacheBytesRequestedFromServer"":""0"",""SMBBranchCacheHashesRequested"":""0"",""SMBBranchCacheHashesReceived"":""0"",""SMBBranchCacheHashBytesReceived"":""0"",""PrefetchOperationsQueued"":""0"",""PrefetchBytesReadFromCache"":""0"",""PrefetchBytesReadFromServer"":""0"",""ApplicationBytesReadFromCache"":""0"",""ApplicationBytesReadFromServer"":""0"",""ApplicationBytesReadFromServerNotCached"":""0""}}}"
2,2,2025-02-04 19:08:45.6596477,3001,Info,Microsoft-Windows-BranchCacheSMB,Microsoft-Windows-BranchCacheSMB/Operational,836,948,37L4247F27-25,0,S-1-5-18,,,,,,,,,,,False,example_files\original\C\Windows\System32\winevt\logs\Microsoft-Windows-BranchCacheSMB%4Operational.evtx,0x8000000000000800,0,"{""EventData"":""""}"
3,3,2025-02-04 03:10:54.4238078,3005,Info,Microsoft-Windows-BranchCacheSMB,Microsoft-Windows-BranchCacheSMB/Operational,920,936,WIN-TFHMB3RRSQV,0,S-1-5-18,,,,,,,,,,,False,example_files\original\C\Windows\System32\winevt\logs\Microsoft-Windows-BranchCacheSMB%4Operational.evtx,0x8000000000000800,0,"{""UserData"":{""CounterSummary"":{""ServiceActiveTimeInSeconds"":""0"",""SMBBranchCacheBytesRequested"":""0"",""SMBBranchCacheBytesReceived"":""0"",""SMBBranchCacheBytesPublished"":""0"",""SMBBranchCacheBytesRequestedFromServer"":""0"",""SMBBranchCacheHashesRequested"":""0"",""SMBBranchCacheHashesReceived"":""0"",""SMBBranchCacheHashBytesReceived"":""0"",""PrefetchOperationsQueued"":""0"",""PrefetchBytesReadFromCache"":""0"",""PrefetchBytesReadFromServer"":""0"",""ApplicationBytesReadFromCache"":""0"",""ApplicationBytesReadFromServer"":""0"",""ApplicationBytesReadFromServerNotCached"":""0""}}}"
4,4,2025-02-04 03:10:55.4846096,3001,Info,Microsoft-Windows-BranchCacheSMB,Microsoft-Windows-BranchCacheSMB/Operational,920,868,WIN-TFHMB3RRSQV,0,S-1-5-18,,,,,,,,,,,False,example_files\original\C\Windows\System32\winevt\logs\Microsoft-Windows-BranchCacheSMB%4Operational.evtx,0x8000000000000800,0,"{""EventData"":""""}"
5,5,2025-02-04 03:11:05.6714275,3001,Info,Microsoft-Windows-BranchCacheSMB,Microsoft-Windows-BranchCacheSMB/Operational,920,868,WIN-TFHMB3RRSQV,0,S-1-5-18,,,,,,,,,,,False,example_files\original\C\Windows\System32\winevt\logs\Microsoft-Windows-BranchCacheSMB%4Operational.evtx,0x8000000000000800,0,"{""EventData"":""""}"
6,6,2025-02-04 03:18:29.1720170,3005,Info,Microsoft-Windows-BranchCacheSMB,Microsoft-Windows-BranchCacheSMB/Operational,804,832,WIN-TFHMB3RRSQV,0,S-1-5-18,,,,,,,,,,,False,example_files\original\C\Windows\System32\winevt\logs\Microsoft-Windows-BranchCacheSMB%4Operational.evtx,0x8000000000000800,0,"{""UserData"":{""CounterSummary"":{""ServiceActiveTimeInSeconds"":""0"",""SMBBranchCacheBytesRequested"":""0"",""SMBBranchCacheBytesReceived"":""0"",""SMBBranchCacheBytesPublished"":""0"",""SMBBranchCacheBytesRequestedFromServer"":""0"",""SMBBranchCacheHashesRequested"":""0"",""SMBBranchCacheHashesReceived"":""0"",""SMBBranchCacheHashBytesReceived"":""0"",""PrefetchOperationsQueued"":""0"",""PrefetchBytesReadFromCache"":""0"",""PrefetchBytesReadFromServer"":""0"",""ApplicationBytesReadFromCache"":""0"",""ApplicationBytesReadFromServer"":""0"",""ApplicationBytesReadFromServerNotCached"":""0""}}}"
7,7,2025-02-04 03:18:30.1764321,3001,Info,Microsoft-Windows-BranchCacheSMB,Microsoft-Windows-BranchCacheSMB/Operational,804,980,WIN-TFHMB3RRSQV,0,S-1-5-18,,,,,,,,,,,False,example_files\original\C\Windows\System32\winevt\logs\Microsoft-Windows-BranchCacheSMB%4Operational.evtx,0x8000000000000800,0,"{""EventData"":""""}"
1,1,2025-02-04 03:55:38.0379743,80,Info,Microsoft-Windows-CAPI2,Microsoft-Windows-CAPI2/Operational,1316,1252,WIN-TFHMB3RRSQV,0,S-1-5-21-2927126382-3537124110-2073285158-1000,,,,,,,,,,,False,example_files\original\C\Windows\System32\winevt\logs\Microsoft-Windows-CAPI2%4Operational.evtx,0x4000000000000040,0,"{""UserData"":""""}"
3,3,2025-02-04 03:55:38.0379743,40,Info,Microsoft-Windows-CAPI2,Microsoft-Windows-CAPI2/Operational,1316,1252,WIN-TFHMB3RRSQV,0,S-1-5-21-2927126382-3537124110-2073285158-1000,,,,,,,,,,,False,example_files\original\C\Windows\System32\winevt\logs\Microsoft-Windows-CAPI2%4Operational.evtx,0x4000000000000005,0,"{""UserData"":""""}"
4,4,2025-02-04 03:55:38.0379743,52,Info,Microsoft-Windows-CAPI2,Microsoft-Windows-CAPI2/Operational,1316,1252,WIN-TFHMB3RRSQV,0,S-1-5-21-2927126382-3537124110-2073285158-1000,,,,,,,,,,,False,example_files\original\C\Windows\System32\winevt\logs\Microsoft-Windows-CAPI2%4Operational.evtx,0x4000000000000036,0,"{""UserData"":""""}"
5,5,2025-02-04 03:55:38.0379743,53,Info,Microsoft-Windows-CAPI2,Microsoft-Windows-CAPI2/Operational,1316,1252,WIN-TFHMB3RRSQV,0,S-1-5-21-2927126382-3537124110-2073285158-1000,,,,,,,,,,,False,example_files\original\C\Windows\System32\winevt\logs\Microsoft-Windows-CAPI2%4Operational.evtx,0x4000000000000036,0,"{""UserData"":""""}"
23,23,2025-02-04 03:55:38.5839753,81,Info,Microsoft-Windows-CAPI2,Microsoft-Windows-CAPI2/Operational,1316,1252,WIN-TFHMB3RRSQV,0,S-1-5-21-2927126382-3537124110-2073285158-1000,,,,,,,,,,,False,example_files\original\C\Windows\System32\winevt\logs\Microsoft-Windows-CAPI2%4Operational.evtx,0x4000000000000040,0,"{""UserData"":""""}"
37,37,2025-02-04 03:55:39.1767763,52,Info,Microsoft-Windows-CAPI2,Microsoft-Windows-CAPI2/Operational,1316,1252,WIN-TFHMB3RRSQV,1,S-1-5-21-2927126382-3537124110-2073285158-1000,,,,,,,,,,,False,example_files\original\C\Windows\System32\winevt\logs\Microsoft-Windows-CAPI2%4Operational.evtx,0x4000000000000036,0,"{""UserData"":""""}"
38,38,2025-02-04 03:55:39.1767763,53,Info,Microsoft-Windows-CAPI2,Microsoft-Windows-CAPI2/Operational,1316,1252,WIN-TFHMB3RRSQV,1,S-1-5-21-2927126382-3537124110-2073285158-1000,,,,,,,,,,,False,example_files\original\C\Windows\System32\winevt\logs\Microsoft-Windows-CAPI2%4Operational.evtx,0x4000000000000036,0,"{""UserData"":""""}"
44,44,2025-02-04 03:55:39.1767763,81,Info,Microsoft-Windows-CAPI2,Microsoft-Windows-CAPI2/Operational,1316,1252,WIN-TFHMB3RRSQV,1,S-1-5-21-2927126382-3537124110-2073285158-1000,,,,,,,,,,,False,example_files\original\C\Windows\System32\winevt\logs\Microsoft-Windows-CAPI2%4Operational.evtx,0x4000000000000040,0,"{""UserData"":""""}"
65,65,2025-02-04 03:55:39.2235764,81,Info,Microsoft-Windows-CAPI2,Microsoft-Windows-CAPI2/Operational,1316,1252,WIN-TFHMB3RRSQV,2,S-1-5-21-2927126382-3537124110-2073285158-1000,,,,,,,,,,,False,example_files\original\C\Windows\System32\winevt\logs\Microsoft-Windows-CAPI2%4Operational.evtx,0x4000000000000040,0,"{""UserData"":""""}"
107,107,2025-02-04 03:55:39.9099776,81,Info,Microsoft-Windows-CAPI2,Microsoft-Windows-CAPI2/Operational,1316,1252,WIN-TFHMB3RRSQV,3,S-1-5-21-2927126382-3537124110-2073285158-1000,,,,,,,,,,,False,example_files\original\C\Windows\System32\winevt\logs\Microsoft-Windows-CAPI2%4Operational.evtx,0x4000000000000040,0,"{""UserData"":""""}"
128,128,2025-02-04 03:55:39.9411777,81,Info,Microsoft-Windows-CAPI2,Microsoft-Windows-CAPI2/Operational,1316,1252,WIN-TFHMB3RRSQV,4,S-1-5-21-2927126382-3537124110-2073285158-1000,,,,,,,,,,,False,example_files\original\C\Windows\System32\winevt\logs\Microsoft-Windows-CAPI2%4Operational.evtx,0x4000000000000040,0,"{""UserData"":""""}"
149,149,2025-02-04 03:55:39.9567777,81,Info,Microsoft-Windows-CAPI2,Microsoft-Windows-CAPI2/Operational,1316,1252,WIN-TFHMB3RRSQV,5,S-1-5-21-2927126382-3537124110-2073285158-1000,,,,,,,,,,,False,example_files\original\C\Windows\System32\winevt\logs\Microsoft-Windows-CAPI2%4Operational.evtx,0x4000000000000040,0,"{""UserData"":""""}"
1,1,2025-02-04 19:10:00.6645794,1006,Info,Microsoft-Windows-DHCPv6-Client,Microsoft-Windows-Dhcpv6-Client/Admin,804,2028,37L4247F27-25,0,S-1-5-19,,,,,,,,,,,False,example_files\original\C\Windows\System32\winevt\logs\Microsoft-Windows-Dhcpv6-Client%4Admin.evtx,Classic,0,"{""EventData"":{""Data"":[{""@Name"":""InterfaceId"",""#text"":""14""},{""@Name"":""Flag1"",""#text"":""True""},{""@Name"":""Flag2"",""#text"":""True""}]}}"
2,2,2025-02-04 03:10:55.8434103,1006,Info,Microsoft-Windows-DHCPv6-Client,Microsoft-Windows-Dhcpv6-Client/Admin,992,1008,WIN-TFHMB3RRSQV,0,S-1-5-19,,,,,,,,,,,False,example_files\original\C\Windows\System32\winevt\logs\Microsoft-Windows-Dhcpv6-Client%4Admin.evtx,Classic,0,"{""EventData"":{""Data"":[{""@Name"":""InterfaceId"",""#text"":""11""},{""@Name"":""Flag1"",""#text"":""True""},{""@Name"":""Flag2"",""#text"":""True""}]}}"
3,3,2025-02-04 03:18:40.5808503,1006,Info,Microsoft-Windows-DHCPv6-Client,Microsoft-Windows-Dhcpv6-Client/Admin,720,244,WIN-TFHMB3RRSQV,0,S-1-5-19,,,,,,,,,,,False,example_files\original\C\Windows\System32\winevt\logs\Microsoft-Windows-Dhcpv6-Client%4Admin.evtx,Classic,0,"{""EventData"":{""Data"":[{""@Name"":""InterfaceId"",""#text"":""11""},{""@Name"":""Flag1"",""#text"":""True""},{""@Name"":""Flag2"",""#text"":""True""}]}}"
1,1,2025-02-04 19:08:45.5348475,100,Info,Microsoft-Windows-Diagnosis-DPS,Microsoft-Windows-Diagnosis-DPS/Operational,620,1040,37L4247F27-25,0,S-1-5-19,,,,,,,,,,,False,example_files\original\C\Windows\System32\winevt\logs\Microsoft-Windows-Diagnosis-DPS%4Operational.evtx,0x4000000800000000,0,"{""EventData"":{""Data"":[{""@Name"":""ScenarioId"",""#text"":""2698178d-fdad-40ae-9d3c-1371703adc5b""},{""@Name"":""InstanceId"",""#text"":""c6d218bb-430e-4dc2-b4f6-14757929dc8e""},{""@Name"":""OriginalActivityId"",""#text"":""2698178d-fdad-40ae-9d3c-1371703adc5b""},{""@Name"":""DiagnosticModuleImageName"",""#text"":""%SystemRoot%\\system32\\diagperf.dll""},{""@Name"":""DiagnosticModuleId"",""#text"":""15fba3b8-a37a-4f91-bdba-fbb98fe804bf""}]}}"
2,2,2025-02-04 19:08:45.5348475,105,Info,Microsoft-Windows-Diagnosis-DPS,Microsoft-Windows-Diagnosis-DPS/Operational,620,1040,37L4247F27-25,0,S-1-5-19,,,,,,,,,,,False,example_files\original\C\Windows\System32\winevt\logs\Microsoft-Windows-Diagnosis-DPS%4Operational.evtx,0x4000000800000000,0,"{""EventData"":{""Data"":[{""@Name"":""ScenarioId"",""#text"":""2698178d-fdad-40ae-9d3c-1371703adc5b""},{""@Name"":""InstanceId"",""#text"":""c6d218bb-430e-4dc2-b4f6-14757929dc8e""},{""@Name"":""OriginalActivityId"",""#text"":""2698178d-fdad-40ae-9d3c-1371703adc5b""},{""@Name"":""DiagnosticModuleImageName"",""#text"":""%SystemRoot%\\system32\\diagperf.dll""},{""@Name"":""DiagnosticModuleId"",""#text"":""15fba3b8-a37a-4f91-bdba-fbb98fe804bf""}]}}"
3,3,2025-02-04 03:10:55.3130093,100,Info,Microsoft-Windows-Diagnosis-DPS,Microsoft-Windows-Diagnosis-DPS/Operational,1212,1228,WIN-TFHMB3RRSQV,0,S-1-5-19,,,,,,,,,,,False,example_files\original\C\Windows\System32\winevt\logs\Microsoft-Windows-Diagnosis-DPS%4Operational.evtx,0x4000000800000000,0,"{""EventData"":{""Data"":[{""@Name"":""ScenarioId"",""#text"":""2698178d-fdad-40ae-9d3c-1371703adc5b""},{""@Name"":""InstanceId"",""#text"":""89935554-75ab-4cd5-a6d5-6ef266e9e03e""},{""@Name"":""OriginalActivityId"",""#text"":""2698178d-fdad-40ae-9d3c-1371703adc5b""},{""@Name"":""DiagnosticModuleImageName"",""#text"":""%SystemRoot%\\system32\\diagperf.dll""},{""@Name"":""DiagnosticModuleId"",""#text"":""15fba3b8-a37a-4f91-bdba-fbb98fe804bf""}]}}"
4,4,2025-02-04 03:10:55.3130093,105,Info,Microsoft-Windows-Diagnosis-DPS,Microsoft-Windows-Diagnosis-DPS/Operational,1212,1228,WIN-TFHMB3RRSQV,0,S-1-5-19,,,,,,,,,,,False,example_files\original\C\Windows\System32\winevt\logs\Microsoft-Windows-Diagnosis-DPS%4Operational.evtx,0x4000000800000000,0,"{""EventData"":{""Data"":[{""@Name"":""ScenarioId"",""#text"":""2698178d-fdad-40ae-9d3c-1371703adc5b""},{""@Name"":""InstanceId"",""#text"":""89935554-75ab-4cd5-a6d5-6ef266e9e03e""},{""@Name"":""OriginalActivityId"",""#text"":""2698178d-fdad-40ae-9d3c-1371703adc5b""},{""@Name"":""DiagnosticModuleImageName"",""#text"":""%SystemRoot%\\system32\\diagperf.dll""},{""@Name"":""DiagnosticModuleId"",""#text"":""15fba3b8-a37a-4f91-bdba-fbb98fe804bf""}]}}"
5,5,2025-02-04 03:12:34.9219862,100,Info,Microsoft-Windows-Diagnosis-DPS,Microsoft-Windows-Diagnosis-DPS/Operational,1212,1456,WIN-TFHMB3RRSQV,0,S-1-5-19,,,,,,,,,,,False,example_files\original\C\Windows\System32\winevt\logs\Microsoft-Windows-Diagnosis-DPS%4Operational.evtx,0x4000000800000000,0,"{""EventData"":{""Data"":[{""@Name"":""ScenarioId"",""#text"":""86432a0b-3c7d-4ddf-a89c-172faa90485d""},{""@Name"":""InstanceId"",""#text"":""9bbfa9b0-b0b4-4b76-b59e-ce10bb1851e4""},{""@Name"":""OriginalActivityId"",""#text"":""86432a0b-3c7d-4ddf-a89c-172faa90485d""},{""@Name"":""DiagnosticModuleImageName"",""#text"":""%SystemRoot%\\system32\\diagperf.dll""},{""@Name"":""DiagnosticModuleId"",""#text"":""c8544339-5be9-4f25-862e-485f1b1a6935""}]}}"
6,6,2025-02-04 03:12:34.9219862,105,Info,Microsoft-Windows-Diagnosis-DPS,Microsoft-Windows-Diagnosis-DPS/Operational,1212,1456,WIN-TFHMB3RRSQV,0,S-1-5-19,,,,,,,,,,,False,example_files\original\C\Windows\System32\winevt\logs\Microsoft-Windows-Diagnosis-DPS%4Operational.evtx,0x4000000800000000,0,"{""EventData"":{""Data"":[{""@Name"":""ScenarioId"",""#text"":""86432a0b-3c7d-4ddf-a89c-172faa90485d""},{""@Name"":""InstanceId"",""#text"":""9bbfa9b0-b0b4-4b76-b59e-ce10bb1851e4""},{""@Name"":""OriginalActivityId"",""#text"":""86432a0b-3c7d-4ddf-a89c-172faa90485d""},{""@Name"":""DiagnosticModuleImageName"",""#text"":""%SystemRoot%\\system32\\diagperf.dll""},{""@Name"":""DiagnosticModuleId"",""#text"":""c8544339-5be9-4f25-862e-485f1b1a6935""}]}}"
7,7,2025-02-04 03:12:34.9531862,110,Info,Microsoft-Windows-Diagnosis-DPS,Microsoft-Windows-Diagnosis-DPS/Operational,1212,1228,WIN-TFHMB3RRSQV,0,S-1-5-19,,,,,,,,,,,False,example_files\original\C\Windows\System32\winevt\logs\Microsoft-Windows-Diagnosis-DPS%4Operational.evtx,0x4000000800000000,0,"{""EventData"":{""Data"":[{""@Name"":""ScenarioId"",""#text"":""2698178d-fdad-40ae-9d3c-1371703adc5b""},{""@Name"":""InstanceId"",""#text"":""89935554-75ab-4cd5-a6d5-6ef266e9e03e""},{""@Name"":""OriginalActivityId"",""#text"":""2698178d-fdad-40ae-9d3c-1371703adc5b""},{""@Name"":""DiagnosticModuleImageName"",""#text"":""%SystemRoot%\\system32\\diagperf.dll""},{""@Name"":""DiagnosticModuleId"",""#text"":""15fba3b8-a37a-4f91-bdba-fbb98fe804bf""}]}}"
8,8,2025-02-04 03:12:34.9843863,110,Info,Microsoft-Windows-Diagnosis-DPS,Microsoft-Windows-Diagnosis-DPS/Operational,1212,1228,WIN-TFHMB3RRSQV,0,S-1-5-19,,,,,,,,,,,False,example_files\original\C\Windows\System32\winevt\logs\Microsoft-Windows-Diagnosis-DPS%4Operational.evtx,0x4000000800000000,0,"{""EventData"":{""Data"":[{""@Name"":""ScenarioId"",""#text"":""86432a0b-3c7d-4ddf-a89c-172faa90485d""},{""@Name"":""InstanceId"",""#text"":""9bbfa9b0-b0b4-4b76-b59e-ce10bb1851e4""},{""@Name"":""OriginalActivityId"",""#text"":""86432a0b-3c7d-4ddf-a89c-172faa90485d""},{""@Name"":""DiagnosticModuleImageName"",""#text"":""%SystemRoot%\\system32\\diagperf.dll""},{""@Name"":""DiagnosticModuleId"",""#text"":""c8544339-5be9-4f25-862e-485f1b1a6935""}]}}"
9,9,2025-02-04 03:18:29.8244276,100,Info,Microsoft-Windows-Diagnosis-DPS,Microsoft-Windows-Diagnosis-DPS/Operational,1140,1496,WIN-TFHMB3RRSQV,0,S-1-5-19,,,,,,,,,,,False,example_files\original\C\Windows\System32\winevt\logs\Microsoft-Windows-Diagnosis-DPS%4Operational.evtx,0x4000000800000000,0,"{""EventData"":{""Data"":[{""@Name"":""ScenarioId"",""#text"":""2698178d-fdad-40ae-9d3c-1371703adc5b""},{""@Name"":""InstanceId"",""#text"":""c15d4766-731b-4e62-8a83-5245371bf30c""},{""@Name"":""OriginalActivityId"",""#text"":""2698178d-fdad-40ae-9d3c-1371703adc5b""},{""@Name"":""DiagnosticModuleImageName"",""#text"":""%SystemRoot%\\system32\\diagperf.dll""},{""@Name"":""DiagnosticModuleId"",""#text"":""15fba3b8-a37a-4f91-bdba-fbb98fe804bf""}]}}"
