161,161,2025-02-04 03:28:21.1392723,4672,LogAlways,Microsoft-Windows-Security-Auditing,Security,464,428,WIN-TFHMB3RRSQV,1,,Administrative logon,NT AUTHORITY\SYSTEM (S-1-5-18),,"PrivilegeList: SeAssignPrimaryTokenPrivilege, SeTcbPrivilege, SeSecurityPrivilege, SeTakeOwnershipPrivilege, SeLoadDriverPrivilege, SeBackupPrivilege, SeRestorePrivilege, SeDebugPrivilege, SeAuditPrivilege, SeSystemEnvironmentPrivilege, SeImpersonatePrivilege",LogonId: 0x3E7,,,,,,False,example_files\original\C\Windows\System32\winevt\logs\Security.evtx,Audit success,0,"{""EventData"":{""Data"":[{""@Name"":""SubjectUserSid"",""#text"":""S-1-5-18""},{""@Name"":""SubjectUserName"",""#text"":""SYSTEM""},{""@Name"":""SubjectDomainName"",""#text"":""NT AUTHORITY""},{""@Name"":""SubjectLogonId"",""#text"":""0x3E7""},{""@Name"":""PrivilegeList"",""#text"":""SeAssignPrimaryTokenPrivilege, SeTcbPrivilege, SeSecurityPrivilege, SeTakeOwnershipPrivilege, SeLoadDriverPrivilege, SeBackupPrivilege, SeRestorePrivilege, SeDebugPrivilege, SeAuditPrivilege, SeSystemEnvironmentPrivilege, SeImpersonatePrivilege""}]}}"
162,162,2025-02-04 03:28:27.9564842,4904,LogAlways,Microsoft-Windows-Security-Auditing,Security,464,2508,WIN-TFHMB3RRSQV,1,,,,,,,,,,,,False,example_files\original\C\Windows\System32\winevt\logs\Security.evtx,Audit success,0,"{""EventData"":{""Data"":[{""@Name"":""SubjectUserSid"",""#text"":""S-1-5-18""},{""@Name"":""SubjectUserName"",""#text"":""WIN-TFHMB3RRSQV$""},{""@Name"":""SubjectDomainName"",""#text"":""WORKGROUP""},{""@Name"":""SubjectLogonId"",""#text"":""0x3E7""},{""@Name"":""AuditSourceName"",""#text"":""VSSAudit""},{""@Name"":""EventSourceId"",""#text"":""0xFB2FF""},{""@Name"":""ProcessId"",""#text"":""0x664""},{""@Name"":""ProcessName"",""#text"":""C:\\Windows\\System32\\VSSVC.exe""}]}}"
163,163,2025-02-04 03:28:27.9564842,4905,LogAlways,Microsoft-Windows-Security-Auditing,Security,464,2508,WIN-TFHMB3RRSQV,1,,,,,,,,,,,,False,example_files\original\C\Windows\System32\winevt\logs\Security.evtx,Audit success,0,"{""EventData"":{""Data"":[{""@Name"":""SubjectUserSid"",""#text"":""S-1-5-18""},{""@Name"":""SubjectUserName"",""#text"":""WIN-TFHMB3RRSQV$""},{""@Name"":""SubjectDomainName"",""#text"":""WORKGROUP""},{""@Name"":""SubjectLogonId"",""#text"":""0x3E7""},{""@Name"":""AuditSourceName"",""#text"":""VSSAudit""},{""@Name"":""EventSourceId"",""#text"":""0xFB2FF""},{""@Name"":""ProcessId"",""#text"":""0x664""},{""@Name"":""ProcessName"",""#text"":""C:\\Windows\\System32\\VSSVC.exe""}]}}"
164,164,2025-02-04 03:35:45.9276580,5058,LogAlways,Microsoft-Windows-Security-Auditing,Security,464,516,WIN-TFHMB3RRSQV,1,,,,,,,,,,,,False,example_files\original\C\Windows\System32\winevt\logs\Security.evtx,Audit success,0,"{""EventData"":{""Data"":[{""@Name"":""SubjectUserSid"",""#text"":""S-1-5-20""},{""@Name"":""SubjectUserName"",""#text"":""WIN-TFHMB3RRSQV$""},{""@Name"":""SubjectDomainName"",""#text"":""WORKGROUP""},{""@Name"":""SubjectLogonId"",""#text"":""0x3E4""},{""@Name"":""ProviderName"",""#text"":""Microsoft Software Key Storage Provider""},{""@Name"":""AlgorithmName"",""#text"":""%%2432""},{""@Name"":""KeyName"",""#text"":""TSSecKeySet1""},{""@Name"":""KeyType"",""#text"":""%%2499""},{""@Name"":""KeyFilePath"",""#text"":""C:\\ProgramData\\Microsoft\\Crypto\\RSA\\MachineKeys\\f686aace6942fb7f7ceb231212eef4a4_fe4e7413-b1c2-4fd7-b956-b988dac53e41""},{""@Name"":""Operation"",""#text"":""%%2458""},{""@Name"":""ReturnCode"",""#text"":""0x0""}]}}"
165,165,2025-02-04 03:35:45.9276580,5061,LogAlways,Microsoft-Windows-Security-Auditing,Security,464,516,WIN-TFHMB3RRSQV,1,,,,,,,,,,,,False,example_files\original\C\Windows\System32\winevt\logs\Security.evtx,Audit success,0,"{""EventData"":{""Data"":[{""@Name"":""SubjectUserSid"",""#text"":""S-1-5-20""},{""@Name"":""SubjectUserName"",""#text"":""WIN-TFHMB3RRSQV$""},{""@Name"":""SubjectDomainName"",""#text"":""WORKGROUP""},{""@Name"":""SubjectLogonId"",""#text"":""0x3E4""},{""@Name"":""ProviderName"",""#text"":""Microsoft Software Key Storage Provider""},{""@Name"":""AlgorithmName"",""#text"":""RSA""},{""@Name"":""KeyName"",""#text"":""TSSecKeySet1""},{""@Name"":""KeyType"",""#text"":""%%2499""},{""@Name"":""Operation"",""#text"":""%%2480""},{""@Name"":""ReturnCode"",""#text"":""0x0""}]}}"
166,166,2025-02-04 03:36:27.4705310,4648,LogAlways,Microsoft-Windows-Security-Auditing,Security,464,516,WIN-TFHMB3RRSQV,1,,A logon was attempted using explicit credentials,WORKGROUP\WIN-TFHMB3RRSQV$,192.168.11.144:49778,Target: WIN-TFHMB3RRSQV\student,TargetServerName: localhost,PID: 0xD4,TargetInfo: localhost,,,C:\Windows\System32\winlogon.exe,False,example_files\original\C\Windows\System32\winevt\logs\Security.evtx,Audit success,0,"{""EventData"":{""Data"":[{""@Name"":""SubjectUserSid"",""#text"":""S-1-5-18""},{""@Name"":""SubjectUserName"",""#text"":""WIN-TFHMB3RRSQV$""},{""@Name"":""SubjectDomainName"",""#text"":""WORKGROUP""},{""@Name"":""SubjectLogonId"",""#text"":""0x3E7""},{""@Name"":""LogonGuid"",""#text"":""00000000-0000-0000-0000-000000000000""},{""@Name"":""TargetUserName"",""#text"":""student""},{""@Name"":""TargetDomainName"",""#text"":""WIN-TFHMB3RRSQV""},{""@Name"":""TargetLogonGuid"",""#text"":""00000000-0000-0000-0000-000000000000""},{""@Name"":""TargetServerName"",""#text"":""localhost""},{""@Name"":""TargetInfo"",""#text"":""localhost""},{""@Name"":""ProcessId"",""#text"":""0xD4""},{""@Name"":""ProcessName"",""#text"":""C:\\Windows\\System32\\winlogon.exe""},{""@Name"":""IpAddress"",""#text"":""192.168.11.144""},{""@Name"":""IpPort"",""#text"":""49778""}]}}"
167,167,2025-02-04 03:36:27.4705310,4624,LogAlways,Microsoft-Windows-Security-Auditing,Security,464,516,WIN-TFHMB3RRSQV,1,,Successful logon,WORKGROUP\WIN-TFHMB3RRSQV$,WIN-TFHMB3RRSQV (192.168.11.144),Target: WIN-TFHMB3RRSQV\student,LogonType 10,LogonId: 0x125F61,AuthenticationPackageName: Negotiate,"LogonProcessName: User32 ",,C:\Windows\System32\winlogon.exe,False,example_files\original\C\Windows\System32\winevt\logs\Security.evtx,Audit success,0,"{""EventData"":{""Data"":[{""@Name"":""SubjectUserSid"",""#text"":""S-1-5-18""},{""@Name"":""SubjectUserName"",""#text"":""WIN-TFHMB3RRSQV$""},{""@Name"":""SubjectDomainName"",""#text"":""WORKGROUP""},{""@Name"":""SubjectLogonId"",""#text"":""0x3E7""},{""@Name"":""TargetUserSid"",""#text"":""S-1-5-21-2927126382-3537124110-2073285158-1000""},{""@Name"":""TargetUserName"",""#text"":""student""},{""@Name"":""TargetDomainName"",""#text"":""WIN-TFHMB3RRSQV""},{""@Name"":""TargetLogonId"",""#text"":""0x125F61""},{""@Name"":""LogonType"",""#text"":""10""},{""@Name"":""LogonProcessName"",""#text"":""User32 ""},{""@Name"":""AuthenticationPackageName"",""#text"":""Negotiate""},{""@Name"":""WorkstationName"",""#text"":""WIN-TFHMB3RRSQV""},{""@Name"":""LogonGuid"",""#text"":""00000000-0000-0000-0000-000000000000""},{""@Name"":""TransmittedServices"",""#text"":""-""},{""@Name"":""LmPackageName"",""#text"":""-""},{""@Name"":""KeyLength"",""#text"":""0""},{""@Name"":""ProcessId"",""#text"":""0xD4""},{""@Name"":""ProcessName"",""#text"":""C:\\Windows\\System32\\winlogon.exe""},{""@Name"":""IpAddress"",""#text"":""192.168.11.144""},{""@Name"":""IpPort"",""#text"":""49778""}]}}"
168,168,2025-02-04 03:36:27.4705310,4624,LogAlways,Microsoft-Windows-Security-Auditing,Security,464,516,WIN-TFHMB3RRSQV,1,,Successful logon,WORKGROUP\WIN-TFHMB3RRSQV$,WIN-TFHMB3RRSQV (192.168.11.144),Target: WIN-TFHMB3RRSQV\student,LogonType 10,LogonId: 0x125F77,AuthenticationPackageName: Negotiate,"LogonProcessName: User32 ",,C:\Windows\System32\winlogon.exe,False,example_files\original\C\Windows\System32\winevt\logs\Security.evtx,Audit success,0,"{""EventData"":{""Data"":[{""@Name"":""SubjectUserSid"",""#text"":""S-1-5-18""},{""@Name"":""SubjectUserName"",""#text"":""WIN-TFHMB3RRSQV$""},{""@Name"":""SubjectDomainName"",""#text"":""WORKGROUP""},{""@Name"":""SubjectLogonId"",""#text"":""0x3E7""},{""@Name"":""TargetUserSid"",""#text"":""S-1-5-21-2927126382-3537124110-2073285158-1000""},{""@Name"":""TargetUserName"",""#text"":""student""},{""@Name"":""TargetDomainName"",""#text"":""WIN-TFHMB3RRSQV""},{""@Name"":""TargetLogonId"",""#text"":""0x125F77""},{""@Name"":""LogonType"",""#text"":""10""},{""@Name"":""LogonProcessName"",""#text"":""User32 ""},{""@Name"":""AuthenticationPackageName"",""#text"":""Negotiate""},{""@Name"":""WorkstationName"",""#text"":""WIN-TFHMB3RRSQV""},{""@Name"":""LogonGuid"",""#text"":""00000000-0000-0000-0000-000000000000""},{""@Name"":""TransmittedServices"",""#text"":""-""},{""@Name"":""LmPackageName"",""#text"":""-""},{""@Name"":""KeyLength"",""#text"":""0""},{""@Name"":""ProcessId"",""#text"":""0xD4""},{""@Name"":""ProcessName"",""#text"":""C:\\Windows\\System32\\winlogon.exe""},{""@Name"":""IpAddress"",""#text"":""192.168.11.144""},{""@Name"":""IpPort"",""#text"":""49778""}]}}"
169,169,2025-02-04 03:36:27.4705310,4672,LogAlways,Microsoft-Windows-Security-Auditing,Security,464,516,WIN-TFHMB3RRSQV,1,,Administrative logon,WIN-TFHMB3RRSQV\student (S-1-5-21-2927126382-3537124110-2073285158-1000),,"PrivilegeList: SeSecurityPrivilege, SeTakeOwnershipPrivilege, SeLoadDriverPrivilege, SeBackupPrivilege, SeRestorePrivilege, SeDebugPrivilege, SeSystemEnvironmentPrivilege, SeImpersonatePrivilege",LogonId: 0x125F61,,,,,,False,example_files\original\C\Windows\System32\winevt\logs\Security.evtx,Audit success,0,"{""EventData"":{""Data"":[{""@Name"":""SubjectUserSid"",""#text"":""S-1-5-21-2927126382-3537124110-2073285158-1000""},{""@Name"":""SubjectUserName"",""#text"":""student""},{""@Name"":""SubjectDomainName"",""#text"":""WIN-TFHMB3RRSQV""},{""@Name"":""SubjectLogonId"",""#text"":""0x125F61""},{""@Name"":""PrivilegeList"",""#text"":""SeSecurityPrivilege, SeTakeOwnershipPrivilege, SeLoadDriverPrivilege, SeBackupPrivilege, SeRestorePrivilege, SeDebugPrivilege, SeSystemEnvironmentPrivilege, SeImpersonatePrivilege""}]}}"
170,170,2025-02-04 03:36:28.4689327,4634,LogAlways,Microsoft-Windows-Security-Auditing,Security,464,428,WIN-TFHMB3RRSQV,1,,An account was logged off,,,Target: WIN-TFHMB3RRSQV\student,LogonType 10,LogonId: 0x125F77,,,,,False,example_files\original\C\Windows\System32\winevt\logs\Security.evtx,Audit success,0,"{""EventData"":{""Data"":[{""@Name"":""TargetUserSid"",""#text"":""S-1-5-21-2927126382-3537124110-2073285158-1000""},{""@Name"":""TargetUserName"",""#text"":""student""},{""@Name"":""TargetDomainName"",""#text"":""WIN-TFHMB3RRSQV""},{""@Name"":""TargetLogonId"",""#text"":""0x125F77""},{""@Name"":""LogonType"",""#text"":""10""}]}}"
171,171,2025-02-04 03:37:24.4262310,4634,LogAlways,Microsoft-Windows-Security-Auditing,Security,464,516,WIN-TFHMB3RRSQV,1,,An account was logged off,,,Target: WIN-TFHMB3RRSQV\student,LogonType 10,LogonId: 0x125F61,,,,,False,example_files\original\C\Windows\System32\winevt\logs\Security.evtx,Audit success,0,"{""EventData"":{""Data"":[{""@Name"":""TargetUserSid"",""#text"":""S-1-5-21-2927126382-3537124110-2073285158-1000""},{""@Name"":""TargetUserName"",""#text"":""student""},{""@Name"":""TargetDomainName"",""#text"":""WIN-TFHMB3RRSQV""},{""@Name"":""TargetLogonId"",""#text"":""0x125F61""},{""@Name"":""LogonType"",""#text"":""10""}]}}"
172,172,2025-02-04 03:37:37.1090533,4648,LogAlways,Microsoft-Windows-Security-Auditing,Security,464,516,WIN-TFHMB3RRSQV,1,,A logon was attempted using explicit credentials,WORKGROUP\WIN-TFHMB3RRSQV$,127.0.0.1:0,Target: WIN-TFHMB3RRSQV\student,TargetServerName: localhost,PID: 0xBB4,TargetInfo: localhost,,,C:\Windows\System32\winlogon.exe,False,example_files\original\C\Windows\System32\winevt\logs\Security.evtx,Audit success,0,"{""EventData"":{""Data"":[{""@Name"":""SubjectUserSid"",""#text"":""S-1-5-18""},{""@Name"":""SubjectUserName"",""#text"":""WIN-TFHMB3RRSQV$""},{""@Name"":""SubjectDomainName"",""#text"":""WORKGROUP""},{""@Name"":""SubjectLogonId"",""#text"":""0x3E7""},{""@Name"":""LogonGuid"",""#text"":""00000000-0000-0000-0000-000000000000""},{""@Name"":""TargetUserName"",""#text"":""student""},{""@Name"":""TargetDomainName"",""#text"":""WIN-TFHMB3RRSQV""},{""@Name"":""TargetLogonGuid"",""#text"":""00000000-0000-0000-0000-000000000000""},{""@Name"":""TargetServerName"",""#text"":""localhost""},{""@Name"":""TargetInfo"",""#text"":""localhost""},{""@Name"":""ProcessId"",""#text"":""0xBB4""},{""@Name"":""ProcessName"",""#text"":""C:\\Windows\\System32\\winlogon.exe""},{""@Name"":""IpAddress"",""#text"":""127.0.0.1""},{""@Name"":""IpPort"",""#text"":""0""}]}}"
173,173,2025-02-04 03:37:37.1090533,4624,LogAlways,Microsoft-Windows-Security-Auditing,Security,464,516,WIN-TFHMB3RRSQV,1,,Successful logon,WORKGROUP\WIN-TFHMB3RRSQV$,WIN-TFHMB3RRSQV (127.0.0.1),Target: WIN-TFHMB3RRSQV\student,LogonType 2,LogonId: 0x12D758,AuthenticationPackageName: Negotiate,"LogonProcessName: User32 ",,C:\Windows\System32\winlogon.exe,False,example_files\original\C\Windows\System32\winevt\logs\Security.evtx,Audit success,0,"{""EventData"":{""Data"":[{""@Name"":""SubjectUserSid"",""#text"":""S-1-5-18""},{""@Name"":""SubjectUserName"",""#text"":""WIN-TFHMB3RRSQV$""},{""@Name"":""SubjectDomainName"",""#text"":""WORKGROUP""},{""@Name"":""SubjectLogonId"",""#text"":""0x3E7""},{""@Name"":""TargetUserSid"",""#text"":""S-1-5-21-2927126382-3537124110-2073285158-1000""},{""@Name"":""TargetUserName"",""#text"":""student""},{""@Name"":""TargetDomainName"",""#text"":""WIN-TFHMB3RRSQV""},{""@Name"":""TargetLogonId"",""#text"":""0x12D758""},{""@Name"":""LogonType"",""#text"":""2""},{""@Name"":""LogonProcessName"",""#text"":""User32 ""},{""@Name"":""AuthenticationPackageName"",""#text"":""Negotiate""},{""@Name"":""WorkstationName"",""#text"":""WIN-TFHMB3RRSQV""},{""@Name"":""LogonGuid"",""#text"":""00000000-0000-0000-0000-000000000000""},{""@Name"":""TransmittedServices"",""#text"":""-""},{""@Name"":""LmPackageName"",""#text"":""-""},{""@Name"":""KeyLength"",""#text"":""0""},{""@Name"":""ProcessId"",""#text"":""0xBB4""},{""@Name"":""ProcessName"",""#text"":""C:\\Windows\\System32\\winlogon.exe""},{""@Name"":""IpAddress"",""#text"":""127.0.0.1""},{""@Name"":""IpPort"",""#text"":""0""}]}}"
174,174,2025-02-04 03:37:37.1090533,4624,LogAlways,Microsoft-Windows-Security-Auditing,Security,464,516,WIN-TFHMB3RRSQV,1,,Successful logon,WORKGROUP\WIN-TFHMB3RRSQV$,WIN-TFHMB3RRSQV (127.0.0.1),Target: WIN-TFHMB3RRSQV\student,LogonType 2,LogonId: 0x12D76E,AuthenticationPackageName: Negotiate,"LogonProcessName: User32 ",,C:\Windows\System32\winlogon.exe,False,example_files\original\C\Windows\System32\winevt\logs\Security.evtx,Audit success,0,"{""EventData"":{""Data"":[{""@Name"":""SubjectUserSid"",""#text"":""S-1-5-18""},{""@Name"":""SubjectUserName"",""#text"":""WIN-TFHMB3RRSQV$""},{""@Name"":""SubjectDomainName"",""#text"":""WORKGROUP""},{""@Name"":""SubjectLogonId"",""#text"":""0x3E7""},{""@Name"":""TargetUserSid"",""#text"":""S-1-5-21-2927126382-3537124110-2073285158-1000""},{""@Name"":""TargetUserName"",""#text"":""student""},{""@Name"":""TargetDomainName"",""#text"":""WIN-TFHMB3RRSQV""},{""@Name"":""TargetLogonId"",""#text"":""0x12D76E""},{""@Name"":""LogonType"",""#text"":""2""},{""@Name"":""LogonProcessName"",""#text"":""User32 ""},{""@Name"":""AuthenticationPackageName"",""#text"":""Negotiate""},{""@Name"":""WorkstationName"",""#text"":""WIN-TFHMB3RRSQV""},{""@Name"":""LogonGuid"",""#text"":""00000000-0000-0000-0000-000000000000""},{""@Name"":""TransmittedServices"",""#text"":""-""},{""@Name"":""LmPackageName"",""#text"":""-""},{""@Name"":""KeyLength"",""#text"":""0""},{""@Name"":""ProcessId"",""#text"":""0xBB4""},{""@Name"":""ProcessName"",""#text"":""C:\\Windows\\System32\\winlogon.exe""},{""@Name"":""IpAddress"",""#text"":""127.0.0.1""},{""@Name"":""IpPort"",""#text"":""0""}]}}"
175,175,2025-02-04 03:37:37.1090533,4672,LogAlways,Microsoft-Windows-Security-Auditing,Security,464,516,WIN-TFHMB3RRSQV,1,,Administrative logon,WIN-TFHMB3RRSQV\student (S-1-5-21-2927126382-3537124110-2073285158-1000),,"PrivilegeList: SeSecurityPrivilege, SeTakeOwnershipPrivilege, SeLoadDriverPrivilege, SeBackupPrivilege, SeRestorePrivilege, SeDebugPrivilege, SeSystemEnvironmentPrivilege, SeImpersonatePrivilege",LogonId: 0x12D758,,,,,,False,example_files\original\C\Windows\System32\winevt\logs\Security.evtx,Audit success,0,"{""EventData"":{""Data"":[{""@Name"":""SubjectUserSid"",""#text"":""S-1-5-21-2927126382-3537124110-2073285158-1000""},{""@Name"":""SubjectUserName"",""#text"":""student""},{""@Name"":""SubjectDomainName"",""#text"":""WIN-TFHMB3RRSQV""},{""@Name"":""SubjectLogonId"",""#text"":""0x12D758""},{""@Name"":""PrivilegeList"",""#text"":""SeSecurityPrivilege, SeTakeOwnershipPrivilege, SeLoadDriverPrivilege, SeBackupPrivilege, SeRestorePrivilege, SeDebugPrivilege, SeSystemEnvironmentPrivilege, SeImpersonatePrivilege""}]}}"
176,176,2025-02-04 03:37:38.5286558,4634,LogAlways,Microsoft-Windows-Security-Auditing,Security,464,516,WIN-TFHMB3RRSQV,1,,An account was logged off,,,Target: WIN-TFHMB3RRSQV\student,LogonType 2,LogonId: 0x12D76E,,,,,False,example_files\original\C\Windows\System32\winevt\logs\Security.evtx,Audit success,0,"{""EventData"":{""Data"":[{""@Name"":""TargetUserSid"",""#text"":""S-1-5-21-2927126382-3537124110-2073285158-1000""},{""@Name"":""TargetUserName"",""#text"":""student""},{""@Name"":""TargetDomainName"",""#text"":""WIN-TFHMB3RRSQV""},{""@Name"":""TargetLogonId"",""#text"":""0x12D76E""},{""@Name"":""LogonType"",""#text"":""2""}]}}"
177,177,2025-02-04 03:37:38.5286558,4634,LogAlways,Microsoft-Windows-Security-Auditing,Security,464,516,WIN-TFHMB3RRSQV,1,,An account was logged off,,,Target: WIN-TFHMB3RRSQV\student,LogonType 2,LogonId: 0x12D758,,,,,False,example_files\original\C\Windows\System32\winevt\logs\Security.evtx,Audit success,0,"{""EventData"":{""Data"":[{""@Name"":""TargetUserSid"",""#text"":""S-1-5-21-2927126382-3537124110-2073285158-1000""},{""@Name"":""TargetUserName"",""#text"":""student""},{""@Name"":""TargetDomainName"",""#text"":""WIN-TFHMB3RRSQV""},{""@Name"":""TargetLogonId"",""#text"":""0x12D758""},{""@Name"":""LogonType"",""#text"":""2""}]}}"
178,178,2025-02-04 03:45:16.0920643,4624,LogAlways,Microsoft-Windows-Security-Auditing,Security,464,516,WIN-TFHMB3RRSQV,1,,Successful logon,WORKGROUP\WIN-TFHMB3RRSQV$," (-)",Target: NT AUTHORITY\SYSTEM,LogonType 5,LogonId: 0x3E7,AuthenticationPackageName: Negotiate,"LogonProcessName: Advapi  ",,C:\Windows\System32\services.exe,False,example_files\original\C\Windows\System32\winevt\logs\Security.evtx,Audit success,0,"{""EventData"":{""Data"":[{""@Name"":""SubjectUserSid"",""#text"":""S-1-5-18""},{""@Name"":""SubjectUserName"",""#text"":""WIN-TFHMB3RRSQV$""},{""@Name"":""SubjectDomainName"",""#text"":""WORKGROUP""},{""@Name"":""SubjectLogonId"",""#text"":""0x3E7""},{""@Name"":""TargetUserSid"",""#text"":""S-1-5-18""},{""@Name"":""TargetUserName"",""#text"":""SYSTEM""},{""@Name"":""TargetDomainName"",""#text"":""NT AUTHORITY""},{""@Name"":""TargetLogonId"",""#text"":""0x3E7""},{""@Name"":""LogonType"",""#text"":""5""},{""@Name"":""LogonProcessName"",""#text"":""Advapi  ""},{""@Name"":""AuthenticationPackageName"",""#text"":""Negotiate""},{""@Name"":""WorkstationName""},{""@Name"":""LogonGuid"",""#text"":""00000000-0000-0000-0000-000000000000""},{""@Name"":""TransmittedServices"",""#text"":""-""},{""@Name"":""LmPackageName"",""#text"":""-""},{""@Name"":""KeyLength"",""#text"":""0""},{""@Name"":""ProcessId"",""#text"":""0x1C0""},{""@Name"":""ProcessName"",""#text"":""C:\\Windows\\System32\\services.exe""},{""@Name"":""IpAddress"",""#text"":""-""},{""@Name"":""IpPort"",""#text"":""-""}]}}"
179,179,2025-02-04 03:45:16.0920643,4672,LogAlways,Microsoft-Windows-Security-Auditing,Security,464,516,WIN-TFHMB3RRSQV,1,,Administrative logon,NT AUTHORITY\SYSTEM (S-1-5-18),,"PrivilegeList: SeAssignPrimaryTokenPrivilege, SeTcbPrivilege, SeSecurityPrivilege, SeTakeOwnershipPrivilege, SeLoadDriverPrivilege, SeBackupPrivilege, SeRestorePrivilege, SeDebugPrivilege, SeAuditPrivilege, SeSystemEnvironmentPrivilege, SeImpersonatePrivilege",LogonId: 0x3E7,,,,,,False,example_files\original\C\Windows\System32\winevt\logs\Security.evtx,Audit success,0,"{""EventData"":{""Data"":[{""@Name"":""SubjectUserSid"",""#text"":""S-1-5-18""},{""@Name"":""SubjectUserName"",""#text"":""SYSTEM""},{""@Name"":""SubjectDomainName"",""#text"":""NT AUTHORITY""},{""@Name"":""SubjectLogonId"",""#text"":""0x3E7""},{""@Name"":""PrivilegeList"",""#text"":""SeAssignPrimaryTokenPrivilege, SeTcbPrivilege, SeSecurityPrivilege, SeTakeOwnershipPrivilege, SeLoadDriverPrivilege, SeBackupPrivilege, SeRestorePrivilege, SeDebugPrivilege, SeAuditPrivilege, SeSystemEnvironmentPrivilege, SeImpersonatePrivilege""}]}}"
180,180,2025-02-04 03:47:30.0915022,4624,LogAlways,Microsoft-Windows-Security-Auditing,Security,464,1396,WIN-TFHMB3RRSQV,2,,Successful logon,WORKGROUP\WIN-TFHMB3RRSQV$," (-)",Target: NT AUTHORITY\SYSTEM,LogonType 5,LogonId: 0x3E7,AuthenticationPackageName: Negotiate,"LogonProcessName: Advapi  ",,C:\Windows\System32\services.exe,False,example_files\original\C\Windows\System32\winevt\logs\Security.evtx,Audit success,0,"{""EventData"":{""Data"":[{""@Name"":""SubjectUserSid"",""#text"":""S-1-5-18""},{""@Name"":""SubjectUserName"",""#text"":""WIN-TFHMB3RRSQV$""},{""@Name"":""SubjectDomainName"",""#text"":""WORKGROUP""},{""@Name"":""SubjectLogonId"",""#text"":""0x3E7""},{""@Name"":""TargetUserSid"",""#text"":""S-1-5-18""},{""@Name"":""TargetUserName"",""#text"":""SYSTEM""},{""@Name"":""TargetDomainName"",""#text"":""NT AUTHORITY""},{""@Name"":""TargetLogonId"",""#text"":""0x3E7""},{""@Name"":""LogonType"",""#text"":""5""},{""@Name"":""LogonProcessName"",""#text"":""Advapi  ""},{""@Name"":""AuthenticationPackageName"",""#text"":""Negotiate""},{""@Name"":""WorkstationName""},{""@Name"":""LogonGuid"",""#text"":""00000000-0000-0000-0000-000000000000""},{""@Name"":""TransmittedServices"",""#text"":""-""},{""@Name"":""LmPackageName"",""#text"":""-""},{""@Name"":""KeyLength"",""#text"":""0""},{""@Name"":""ProcessId"",""#text"":""0x1C0""},{""@Name"":""ProcessName"",""#text"":""C:\\Windows\\System32\\services.exe""},{""@Name"":""IpAddress"",""#text"":""-""},{""@Name"":""IpPort"",""#text"":""-""}]}}"
181,181,2025-02-04 03:47:30.0915022,4672,LogAlways,Microsoft-Windows-Security-Auditing,Security,464,1396,WIN-TFHMB3RRSQV,2,,Administrative logon,NT AUTHORITY\SYSTEM (S-1-5-18),,"PrivilegeList: SeAssignPrimaryTokenPrivilege, SeTcbPrivilege, SeSecurityPrivilege, SeTakeOwnershipPrivilege, SeLoadDriverPrivilege, SeBackupPrivilege, SeRestorePrivilege, SeDebugPrivilege, SeAuditPrivilege, SeSystemEnvironmentPrivilege, SeImpersonatePrivilege",LogonId: 0x3E7,,,,,,False,example_files\original\C\Windows\System32\winevt\logs\Security.evtx,Audit success,0,"{""EventData"":{""Data"":[{""@Name"":""SubjectUserSid"",""#text"":""S-1-5-18""},{""@Name"":""SubjectUserName"",""#text"":""SYSTEM""},{""@Name"":""SubjectDomainName"",""#text"":""NT AUTHORITY""},{""@Name"":""SubjectLogonId"",""#text"":""0x3E7""},{""@Name"":""PrivilegeList"",""#text"":""SeAssignPrimaryTokenPrivilege, SeTcbPrivilege, SeSecurityPrivilege, SeTakeOwnershipPrivilege, SeLoadDriverPrivilege, SeBackupPrivilege, SeRestorePrivilege, SeDebugPrivilege, SeAuditPrivilege, SeSystemEnvironmentPrivilege, SeImpersonatePrivilege""}]}}"
182,182,2025-02-04 03:55:41.8131810,4624,LogAlways,Microsoft-Windows-Security-Auditing,Security,464,428,WIN-TFHMB3RRSQV,2,,Successful logon,WORKGROUP\WIN-TFHMB3RRSQV$," (-)",Target: NT AUTHORITY\SYSTEM,LogonType 5,LogonId: 0x3E7,AuthenticationPackageName: Negotiate,"LogonProcessName: Advapi  ",,C:\Windows\System32\services.exe,False,example_files\original\C\Windows\System32\winevt\logs\Security.evtx,Audit success,0,"{""EventData"":{""Data"":[{""@Name"":""SubjectUserSid"",""#text"":""S-1-5-18""},{""@Name"":""SubjectUserName"",""#text"":""WIN-TFHMB3RRSQV$""},{""@Name"":""SubjectDomainName"",""#text"":""WORKGROUP""},{""@Name"":""SubjectLogonId"",""#text"":""0x3E7""},{""@Name"":""TargetUserSid"",""#text"":""S-1-5-18""},{""@Name"":""TargetUserName"",""#text"":""SYSTEM""},{""@Name"":""TargetDomainName"",""#text"":""NT AUTHORITY""},{""@Name"":""TargetLogonId"",""#text"":""0x3E7""},{""@Name"":""LogonType"",""#text"":""5""},{""@Name"":""LogonProcessName"",""#text"":""Advapi  ""},{""@Name"":""AuthenticationPackageName"",""#text"":""Negotiate""},{""@Name"":""WorkstationName""},{""@Name"":""LogonGuid"",""#text"":""00000000-0000-0000-0000-000000000000""},{""@Name"":""TransmittedServices"",""#text"":""-""},{""@Name"":""LmPackageName"",""#text"":""-""},{""@Name"":""KeyLength"",""#text"":""0""},{""@Name"":""ProcessId"",""#text"":""0x1C0""},{""@Name"":""ProcessName"",""#text"":""C:\\Windows\\System32\\services.exe""},{""@Name"":""IpAddress"",""#text"":""-""},{""@Name"":""IpPort"",""#text"":""-""}]}}"
183,183,2025-02-04 03:55:41.8131810,4672,LogAlways,Microsoft-Windows-Security-Auditing,Security,464,428,WIN-TFHMB3RRSQV,2,,Administrative logon,NT AUTHORITY\SYSTEM (S-1-5-18),,"PrivilegeList: SeAssignPrimaryTokenPrivilege, SeTcbPrivilege, SeSecurityPrivilege, SeTakeOwnershipPrivilege, SeLoadDriverPrivilege, SeBackupPrivilege, SeRestorePrivilege, SeDebugPrivilege, SeAuditPrivilege, SeSystemEnvironmentPrivilege, SeImpersonatePrivilege",LogonId: 0x3E7,,,,,,False,example_files\original\C\Windows\System32\winevt\logs\Security.evtx,Audit success,0,"{""EventData"":{""Data"":[{""@Name"":""SubjectUserSid"",""#text"":""S-1-5-18""},{""@Name"":""SubjectUserName"",""#text"":""SYSTEM""},{""@Name"":""SubjectDomainName"",""#text"":""NT AUTHORITY""},{""@Name"":""SubjectLogonId"",""#text"":""0x3E7""},{""@Name"":""PrivilegeList"",""#text"":""SeAssignPrimaryTokenPrivilege, SeTcbPrivilege, SeSecurityPrivilege, SeTakeOwnershipPrivilege, SeLoadDriverPrivilege, SeBackupPrivilege, SeRestorePrivilege, SeDebugPrivilege, SeAuditPrivilege, SeSystemEnvironmentPrivilege, SeImpersonatePrivilege""}]}}"
1,1,2010-11-21 03:58:31.0931721,7036,Info,Service Control Manager,System,524,848,37L4247F27-25,0,,Service started or stopped,,,Name: Diagnostic Policy Service | Diagnostic Policy Service,Status: stopped,,,,,,False,example_files\original\C\Windows\System32\winevt\logs\System.evtx,"Audit success, classic",0,"{""EventData"":{""Data"":[{""@Name"":""param1"",""#text"":""Diagnostic Policy Service""},{""@Name"":""param2"",""#text"":""stopped""}],""Binary"":""44-00-50-00-53-00-2F-00-31-00-00-00""}}"
2,2,2010-11-21 03:58:31.0931721,7036,Info,Service Control Manager,System,524,848,37L4247F27-25,0,,Service started or stopped,,,Name: Windows Event Log | Windows Event Log,Status: stopped,,,,,,False,example_files\original\C\Windows\System32\winevt\logs\System.evtx,"Audit success, classic",0,"{""EventData"":{""Data"":[{""@Name"":""param1"",""#text"":""Windows Event Log""},{""@Name"":""param2"",""#text"":""stopped""}],""Binary"":""65-00-76-00-65-00-6E-00-74-00-6C-00-6F-00-67-00-2F-00-31-00-00-00""}}"
3,3,2010-11-21 03:58:31.1087721,7036,Info,Service Control Manager,System,524,848,37L4247F27-25,0,,Service started or stopped,,,Name: Power | Power,Status: stopped,,,,,,False,example_files\original\C\Windows\System32\winevt\logs\System.evtx,"Audit success, classic",0,"{""EventData"":{""Data"":[{""@Name"":""param1"",""#text"":""Power""},{""@Name"":""param2"",""#text"":""stopped""}],""Binary"":""50-00-6F-00-77-00-65-00-72-00-2F-00-31-00-00-00""}}"
4,4,2010-11-21 03:58:31.1087721,7036,Info,Service Control Manager,System,524,848,37L4247F27-25,0,,Service started or stopped,,,Name: Desktop Window Manager Session Manager | Desktop Window Manager Session Manager,Status: stopped,,,,,,False,example_files\original\C\Windows\System32\winevt\logs\System.evtx,"Audit success, classic",0,"{""EventData"":{""Data"":[{""@Name"":""param1"",""#text"":""Desktop Window Manager Session Manager""},{""@Name"":""param2"",""#text"":""stopped""}],""Binary"":""55-00-78-00-53-00-6D-00-73-00-2F-00-31-00-00-00""}}"
5,5,2010-11-21 03:58:31.1087721,7036,Info,Service Control Manager,System,524,848,37L4247F27-25,0,,Service started or stopped,,,Name: Distributed Link Tracking Client | Distributed Link Tracking Client,Status: stopped,,,,,,False,example_files\original\C\Windows\System32\winevt\logs\System.evtx,"Audit success, classic",0,"{""EventData"":{""Data"":[{""@Name"":""param1"",""#text"":""Distributed Link Tracking Client""},{""@Name"":""param2"",""#text"":""stopped""}],""Binary"":""54-00-72-00-6B-00-57-00-6B-00-73-00-2F-00-31-00-00-00""}}"
6,6,2010-11-21 03:58:31.1087721,7036,Info,Service Control Manager,System,524,848,37L4247F27-25,0,,Service started or stopped,,,Name: Windows Search | Windows Search,Status: stopped,,,,,,False,example_files\original\C\Windows\System32\winevt\logs\System.evtx,"Audit success, classic",0,"{""EventData"":{""Data"":[{""@Name"":""param1"",""#text"":""Windows Search""},{""@Name"":""param2"",""#text"":""stopped""}],""Binary"":""57-00-53-00-65-00-61-00-72-00-63-00-68-00-2F-00-31-00-00-00""}}"
7,7,2010-11-21 03:58:31.1243721,7036,Info,Service Control Manager,System,524,848,37L4247F27-25,0,,Service started or stopped,,,Name: Security Center | Security Center,Status: stopped,,,,,,False,example_files\original\C\Windows\System32\winevt\logs\System.evtx,"Audit success, classic",0,"{""EventData"":{""Data"":[{""@Name"":""param1"",""#text"":""Security Center""},{""@Name"":""param2"",""#text"":""stopped""}],""Binary"":""77-00-73-00-63-00-73-00-76-00-63-00-2F-00-31-00-00-00""}}"
8,8,2010-11-21 03:58:31.1243721,7036,Info,Service Control Manager,System,524,220,37L4247F27-25,0,,Service started or stopped,,,Name: Microsoft Software Shadow Copy Provider | Microsoft Software Shadow Copy Provider,Status: stopped,,,,,,False,example_files\original\C\Windows\System32\winevt\logs\System.evtx,"Audit success, classic",0,"{""EventData"":{""Data"":[{""@Name"":""param1"",""#text"":""Microsoft Software Shadow Copy Provider""},{""@Name"":""param2"",""#text"":""stopped""}],""Binary"":""73-00-77-00-70-00-72-00-76-00-2F-00-31-00-00-00""}}"
9,9,2010-11-21 03:58:31.1243721,7036,Info,Service Control Manager,System,524,220,37L4247F27-25,0,,Service started or stopped,,,Name: User Profile Service | User Profile Service,Status: stopped,,,,,,False,example_files\original\C\Windows\System32\winevt\logs\System.evtx,"Audit success, classic",0,"{""EventData"":{""Data"":[{""@Name"":""param1"",""#text"":""User Profile Service""},{""@Name"":""param2"",""#text"":""stopped""}],""Binary"":""50-00-72-00-6F-00-66-00-53-00-76-00-63-00-2F-00-31-00-00-00""}}"
10,10,2010-11-21 03:58:31.1399722,51047,Info,Microsoft-Windows-DHCPv6-Client,System,812,332,37L4247F27-25,0,S-1-5-19,,,,,,,,,,,False,example_files\original\C\Windows\System32\winevt\logs\System.evtx,0x2000000000000000,0,"{""EventData"":{""Data"":{""@Name"":""DwordVal"",""#text"":""1""}}}"
11,11,2025-02-04 19:08:44.0000000,6011,Info,EventLog,System,0,0,37L4247F27-25,0,,System Name Changed,,,The NetBIOS name and DNS host name of this machine have been changed from 37L4247F27-25 to WIN-TFHMB3RRSQV,,,,,,,False,example_files\original\C\Windows\System32\winevt\logs\System.evtx,0x80000000000000,0,"{""EventData"":{""Data"":""37L4247F27-25, WIN-TFHMB3RRSQV"",""Binary"":""""}}"
12,12,2025-02-04 19:08:44.0000000,6009,Info,EventLog,System,0,0,37L4247F27-25,0,,,,,,,,,,,,False,example_files\original\C\Windows\System32\winevt\logs\System.evtx,0x80000000000000,0,"{""EventData"":{""Data"":""6.01., 7601, Service Pack 1, Multiprocessor Free, 17514"",""Binary"":""""}}"
13,13,2025-02-04 19:08:44.0000000,6005,Info,EventLog,System,0,0,37L4247F27-25,0,,The Event log service was started,,,Computer: 37L4247F27-25,,,,,,,False,example_files\original\C\Windows\System32\winevt\logs\System.evtx,0x80000000000000,0,"{""EventData"":{""Data"":"""",""Binary"":""E9-07-02-00-02-00-04-00-13-00-08-00-2C-00-37-02-00-00-00-00-00-00-00-00""}}"
14,14,2010-11-21 03:58:31.1399722,50037,Info,Microsoft-Windows-Dhcp-Client,System,812,380,37L4247F27-25,0,S-1-5-19,,,,,,,,,,,False,example_files\original\C\Windows\System32\winevt\logs\System.evtx,0x2000000000000000,0,"{""EventData"":{""Data"":{""@Name"":""DwordVal"",""#text"":""1""}}}"
15,15,2010-11-21 03:58:31.1399722,7036,Info,Service Control Manager,System,524,220,37L4247F27-25,0,,Service started or stopped,,,Name: DHCP Client | DHCP Client,Status: stopped,,,,,,False,example_files\original\C\Windows\System32\winevt\logs\System.evtx,"Audit success, classic",0,"{""EventData"":{""Data"":[{""@Name"":""param1"",""#text"":""DHCP Client""},{""@Name"":""param2"",""#text"":""stopped""}],""Binary"":""44-00-68-00-63-00-70-00-2F-00-31-00-00-00""}}"
16,16,2010-11-21 03:58:31.2023723,7036,Info,Service Control Manager,System,524,220,37L4247F27-25,0,,Service started or stopped,,,Name: Windows Font Cache Service | Windows Font Cache Service,Status: stopped,,,,,,False,example_files\original\C\Windows\System32\winevt\logs\System.evtx,"Audit success, classic",0,"{""EventData"":{""Data"":[{""@Name"":""param1"",""#text"":""Windows Font Cache Service""},{""@Name"":""param2"",""#text"":""stopped""}],""Binary"":""46-00-6F-00-6E-00-74-00-43-00-61-00-63-00-68-00-65-00-2F-00-31-00-00-00""}}"
17,17,2010-11-21 03:58:31.2023723,7036,Info,Service Control Manager,System,524,848,37L4247F27-25,0,,Service started or stopped,,,Name: Windows Management Instrumentation | Windows Management Instrumentation,Status: stopped,,,,,,False,example_files\original\C\Windows\System32\winevt\logs\System.evtx,"Audit success, classic",0,"{""EventData"":{""Data"":[{""@Name"":""param1"",""#text"":""Windows Management Instrumentation""},{""@Name"":""param2"",""#text"":""stopped""}],""Binary"":""57-00-69-00-6E-00-6D-00-67-00-6D-00-74-00-2F-00-31-00-00-00""}}"
18,18,2010-11-21 03:58:31.2023723,7036,Info,Service Control Manager,System,524,220,37L4247F27-25,0,,Service started or stopped,,,Name: IPsec Policy Agent | IPsec Policy Agent,Status: stopped,,,,,,False,example_files\original\C\Windows\System32\winevt\logs\System.evtx,"Audit success, classic",0,"{""EventData"":{""Data"":[{""@Name"":""param1"",""#text"":""IPsec Policy Agent""},{""@Name"":""param2"",""#text"":""stopped""}],""Binary"":""50-00-6F-00-6C-00-69-00-63-00-79-00-41-00-67-00-65-00-6E-00-74-00-2F-00-31-00-00-00""}}"
19,19,2010-11-21 03:58:31.2023723,7036,Info,Service Control Manager,System,524,2668,37L4247F27-25,0,,Service started or stopped,,,Name: Volume Shadow Copy | Volume Shadow Copy,Status: stopped,,,,,,False,example_files\original\C\Windows\System32\winevt\logs\System.evtx,"Audit success, classic",0,"{""EventData"":{""Data"":[{""@Name"":""param1"",""#text"":""Volume Shadow Copy""},{""@Name"":""param2"",""#text"":""stopped""}],""Binary"":""56-00-53-00-53-00-2F-00-31-00-00-00""}}"
20,20,2010-11-21 03:58:31.4207727,7036,Info,Service Control Manager,System,524,2668,37L4247F27-25,0,,Service started or stopped,,,Name: Windows Defender | Windows Defender,Status: stopped,,,,,,False,example_files\original\C\Windows\System32\winevt\logs\System.evtx,"Audit success, classic",0,"{""EventData"":{""Data"":[{""@Name"":""param1"",""#text"":""Windows Defender""},{""@Name"":""param2"",""#text"":""stopped""}],""Binary"":""57-00-69-00-6E-00-44-00-65-00-66-00-65-00-6E-00-64-00-2F-00-31-00-00-00""}}"
21,21,2010-11-21 03:58:31.4363727,7036,Info,Service Control Manager,System,524,220,37L4247F27-25,0,,Service started or stopped,,,Name: Software Protection | Software Protection,Status: stopped,,,,,,False,example_files\original\C\Windows\System32\winevt\logs\System.evtx,"Audit success, classic",0,"{""EventData"":{""Data"":[{""@Name"":""param1"",""#text"":""Software Protection""},{""@Name"":""param2"",""#text"":""stopped""}],""Binary"":""73-00-70-00-70-00-73-00-76-00-63-00-2F-00-31-00-00-00""}}"
22,22,2010-11-21 03:58:31.6079730,7036,Info,Service Control Manager,System,524,220,37L4247F27-25,0,,Service started or stopped,,,Name: Cryptographic Services | Cryptographic Services,Status: stopped,,,,,,False,example_files\original\C\Windows\System32\winevt\logs\System.evtx,"Audit success, classic",0,"{""EventData"":{""Data"":[{""@Name"":""param1"",""#text"":""Cryptographic Services""},{""@Name"":""param2"",""#text"":""stopped""}],""Binary"":""43-00-72-00-79-00-70-00-74-00-53-00-76-00-63-00-2F-00-31-00-00-00""}}"
23,23,2010-11-21 03:58:31.6079730,20010,Info,Microsoft-Windows-UserPnp,System,656,2328,37L4247F27-25,0,S-1-5-18,,,,,,,,,,,False,example_files\original\C\Windows\System32\winevt\logs\System.evtx,Classic,0,"{""UserData"":{""INFO_PNP_STATE"":{""InstallSubsystemState"":""False"",""CachingSubsystemState"":""False""}}}"
24,24,2010-11-21 03:58:31.6079730,7036,Info,Service Control Manager,System,524,2668,37L4247F27-25,0,,Service started or stopped,,,Name: Plug and Play | Plug and Play,Status: stopped,,,,,,False,example_files\original\C\Windows\System32\winevt\logs\System.evtx,"Audit success, classic",0,"{""EventData"":{""Data"":[{""@Name"":""param1"",""#text"":""Plug and Play""},{""@Name"":""param2"",""#text"":""stopped""}],""Binary"":""50-00-6C-00-75-00-67-00-50-00-6C-00-61-00-79-00-2F-00-31-00-00-00""}}"
25,25,2010-11-21 03:58:31.6235730,7036,Info,Service Control Manager,System,524,2668,37L4247F27-25,0,,Service started or stopped,,,Name: SSDP Discovery | SSDP Discovery,Status: stopped,,,,,,False,example_files\original\C\Windows\System32\winevt\logs\System.evtx,"Audit success, classic",0,"{""EventData"":{""Data"":[{""@Name"":""param1"",""#text"":""SSDP Discovery""},{""@Name"":""param2"",""#text"":""stopped""}],""Binary"":""53-00-53-00-44-00-50-00-53-00-52-00-56-00-2F-00-31-00-00-00""}}"
26,26,2010-11-21 03:58:31.6703731,7036,Info,Service Control Manager,System,524,2668,37L4247F27-25,0,,Service started or stopped,,,Name: Windows Modules Installer | Windows Modules Installer,Status: stopped,,,,,,False,example_files\original\C\Windows\System32\winevt\logs\System.evtx,"Audit success, classic",0,"{""EventData"":{""Data"":[{""@Name"":""param1"",""#text"":""Windows Modules Installer""},{""@Name"":""param2"",""#text"":""stopped""}],""Binary"":""54-00-72-00-75-00-73-00-74-00-65-00-64-00-49-00-6E-00-73-00-74-00-61-00-6C-00-6C-00-65-00-72-00-2F-00-31-00-00-00""}}"
27,27,2010-11-21 03:58:32.1539739,109,Info,Microsoft-Windows-Kernel-Power,System,400,404,37L4247F27-25,0,,,,,,,,,,,,False,example_files\original\C\Windows\System32\winevt\logs\System.evtx,0x8000000000000004,0,"{""EventData"":{""Data"":[{""@Name"":""ShutdownActionType"",""#text"":""5""},{""@Name"":""ShutdownEventCode"",""#text"":""0""},{""@Name"":""ShutdownReason"",""#text"":""0""}]}}"
28,28,2010-11-21 03:58:35.0087790,13,Info,Microsoft-Windows-Kernel-General,System,4,28,37L4247F27-25,0,,OS was shutdown,,,StopTime: 2010-11-21 03:58:35.0087790,"BootMode: ",,,,,,False,example_files\original\C\Windows\System32\winevt\logs\System.evtx,Classic,0,"{""EventData"":{""Data"":{""@Name"":""StopTime"",""#text"":""2010-11-21 03:58:35.0087790""}}}"
29,29,2025-02-04 19:08:18.5468001,12,Info,Microsoft-Windows-Kernel-General,System,4,8,37L4247F27-25,0,S-1-5-18,OS was started,,,StartTime: 2025-02-04 19:08:18.4844000,BootMode: Normal boot,,,,,,False,example_files\original\C\Windows\System32\winevt\logs\System.evtx,Classic,0,"{""EventData"":{""Data"":[{""@Name"":""MajorVersion"",""#text"":""6""},{""@Name"":""MinorVersion"",""#text"":""1""},{""@Name"":""BuildVersion"",""#text"":""7601""},{""@Name"":""QfeVersion"",""#text"":""17514""},{""@Name"":""ServiceVersion"",""#text"":""1""},{""@Name"":""BootMode"",""#text"":""0""},{""@Name"":""StartTime"",""#text"":""2025-02-04 19:08:18.4844000""}]}}"
30,30,2025-02-04 19:08:34.8488287,6,Info,Microsoft-Windows-FilterManager,System,4,8,37L4247F27-25,0,S-1-5-18,,,,,,,,,,,False,example_files\original\C\Windows\System32\winevt\logs\System.evtx,Classic,0,"{""EventData"":{""Data"":[{""@Name"":""FinalStatus"",""#text"":""0x0""},{""@Name"":""DeviceVersionMajor"",""#text"":""6""},{""@Name"":""DeviceVersionMinor"",""#text"":""1""},{""@Name"":""DeviceNameLength"",""#text"":""8""},{""@Name"":""DeviceName"",""#text"":""FileInfo""},{""@Name"":""DeviceTime"",""#text"":""2009-07-13 15:34:25.0000000""}]}}"
31,31,2025-02-04 19:08:36.2216311,26,Info,Microsoft-Windows-Kernel-Processor-Power,System,4,56,37L4247F27-25,0,S-1-5-18,,,,,,,,,,,False,example_files\original\C\Windows\System32\winevt\logs\System.evtx,Classic,0,"{""EventData"":{""Data"":[{""@Name"":""Group"",""#text"":""0""},{""@Name"":""Number"",""#text"":""0""},{""@Name"":""IdleStateCount"",""#text"":""1""},{""@Name"":""PerfStateCount"",""#text"":""0""},{""@Name"":""ThrottleStateCount"",""#text"":""0""}],""ComplexData"":[{""@Name"":""IdleState"",""#text"":""01""},{""@Name"":""PerfState""}]}}"
32,32,2025-02-04 19:08:36.2216311,26,Info,Microsoft-Windows-Kernel-Processor-Power,System,4,56,37L4247F27-25,0,S-1-5-18,,,,,,,,,,,False,example_files\original\C\Windows\System32\winevt\logs\System.evtx,Classic,0,"{""EventData"":{""Data"":[{""@Name"":""Group"",""#text"":""0""},{""@Name"":""Number"",""#text"":""1""},{""@Name"":""IdleStateCount"",""#text"":""1""},{""@Name"":""PerfStateCount"",""#text"":""0""},{""@Name"":""ThrottleStateCount"",""#text"":""0""}],""ComplexData"":[{""@Name"":""IdleState"",""#text"":""01""},{""@Name"":""PerfState""}]}}"
33,33,2025-02-04 19:08:42.5864423,7036,Info,Service Control Manager,System,444,536,37L4247F27-25,0,,Service started or stopped,,,Name: Plug and Play | Plug and Play,Status: running,,,,,,False,example_files\original\C\Windows\System32\winevt\logs\System.evtx,"Audit success, classic",0,"{""EventData"":{""Data"":[{""@Name"":""param1"",""#text"":""Plug and Play""},{""@Name"":""param2"",""#text"":""running""}],""Binary"":""50-00-6C-00-75-00-67-00-50-00-6C-00-61-00-79-00-2F-00-34-00-00-00""}}"
