555,555,2025-02-04 03:10:55.0790089,201,Info,Microsoft-Windows-Application-Experience,System,920,1308,WIN-TFHMB3RRSQV,4,S-1-5-18,,,,,,,,,,,False,example_files\original\C\Windows\System32\winevt\logs\System.evtx,Classic,0,"{""EventData"":""""}"
556,556,2025-02-04 03:10:55.0790089,7036,Info,Service Control Manager,System,396,512,WIN-TFHMB3RRSQV,4,,Service started or stopped,,,Name: Diagnostic Policy Service | Diagnostic Policy Service,Status: running,,,,,,False,example_files\original\C\Windows\System32\winevt\logs\System.evtx,"Audit success, classic",0,"{""EventData"":{""Data"":[{""@Name"":""param1"",""#text"":""Diagnostic Policy Service""},{""@Name"":""param2"",""#text"":""running""}],""Binary"":""44-00-50-00-53-00-2F-00-34-00-00-00""}}"
557,557,2025-02-04 03:10:55.0790089,7036,Info,Service Control Manager,System,396,544,WIN-TFHMB3RRSQV,4,,Service started or stopped,,,Name: Program Compatibility Assistant Service | Program Compatibility Assistant Service,Status: running,,,,,,False,example_files\original\C\Windows\System32\winevt\logs\System.evtx,"Audit success, classic",0,"{""EventData"":{""Data"":[{""@Name"":""param1"",""#text"":""Program Compatibility Assistant Service""},{""@Name"":""param2"",""#text"":""running""}],""Binary"":""50-00-63-00-61-00-53-00-76-00-63-00-2F-00-34-00-00-00""}}"
558,558,2025-02-04 03:10:55.0790089,7036,Info,Service Control Manager,System,396,512,WIN-TFHMB3RRSQV,4,,Service started or stopped,,,Name: Distributed Link Tracking Client | Distributed Link Tracking Client,Status: running,,,,,,False,example_files\original\C\Windows\System32\winevt\logs\System.evtx,"Audit success, classic",0,"{""EventData"":{""Data"":[{""@Name"":""param1"",""#text"":""Distributed Link Tracking Client""},{""@Name"":""param2"",""#text"":""running""}],""Binary"":""54-00-72-00-6B-00-57-00-6B-00-73-00-2F-00-34-00-00-00""}}"
559,559,2025-02-04 03:10:55.0946090,7036,Info,Service Control Manager,System,396,512,WIN-TFHMB3RRSQV,4,,Service started or stopped,,,Name: Windows Management Instrumentation | Windows Management Instrumentation,Status: running,,,,,,False,example_files\original\C\Windows\System32\winevt\logs\System.evtx,"Audit success, classic",0,"{""EventData"":{""Data"":[{""@Name"":""param1"",""#text"":""Windows Management Instrumentation""},{""@Name"":""param2"",""#text"":""running""}],""Binary"":""57-00-69-00-6E-00-6D-00-67-00-6D-00-74-00-2F-00-34-00-00-00""}}"
560,560,2025-02-04 03:10:55.1102090,7036,Info,Service Control Manager,System,396,512,WIN-TFHMB3RRSQV,4,,Service started or stopped,,,Name: IP Helper | IP Helper,Status: running,,,,,,False,example_files\original\C\Windows\System32\winevt\logs\System.evtx,"Audit success, classic",0,"{""EventData"":{""Data"":[{""@Name"":""param1"",""#text"":""IP Helper""},{""@Name"":""param2"",""#text"":""running""}],""Binary"":""69-00-70-00-68-00-6C-00-70-00-73-00-76-00-63-00-2F-00-34-00-00-00""}}"
561,561,2025-02-04 03:10:55.2818093,7036,Info,Service Control Manager,System,396,544,WIN-TFHMB3RRSQV,4,,Service started or stopped,,,Name: Server | Server,Status: running,,,,,,False,example_files\original\C\Windows\System32\winevt\logs\System.evtx,"Audit success, classic",0,"{""EventData"":{""Data"":[{""@Name"":""param1"",""#text"":""Server""},{""@Name"":""param2"",""#text"":""running""}],""Binary"":""4C-00-61-00-6E-00-6D-00-61-00-6E-00-53-00-65-00-72-00-76-00-65-00-72-00-2F-00-34-00-00-00""}}"
562,562,2025-02-04 03:10:55.2974093,7036,Info,Service Control Manager,System,396,508,WIN-TFHMB3RRSQV,4,,Service started or stopped,,,Name: Diagnostic Service Host | Diagnostic Service Host,Status: running,,,,,,False,example_files\original\C\Windows\System32\winevt\logs\System.evtx,"Audit success, classic",0,"{""EventData"":{""Data"":[{""@Name"":""param1"",""#text"":""Diagnostic Service Host""},{""@Name"":""param2"",""#text"":""running""}],""Binary"":""57-00-64-00-69-00-53-00-65-00-72-00-76-00-69-00-63-00-65-00-48-00-6F-00-73-00-74-00-2F-00-34-00-00-00""}}"
563,563,2025-02-04 03:10:55.3130093,7040,Info,Service Control Manager,System,396,508,WIN-TFHMB3RRSQV,4,S-1-5-18,Start type of a service has changed,,,The start type of the Windows Modules Installer was changed from auto start to demand start,,,,,,TrustedInstaller,False,example_files\original\C\Windows\System32\winevt\logs\System.evtx,"Audit success, classic",0,"{""EventData"":{""Data"":[{""@Name"":""param1"",""#text"":""Windows Modules Installer""},{""@Name"":""param2"",""#text"":""auto start""},{""@Name"":""param3"",""#text"":""demand start""},{""@Name"":""param4"",""#text"":""TrustedInstaller""}]}}"
564,564,2025-02-04 03:10:55.3130093,7036,Info,Service Control Manager,System,396,512,WIN-TFHMB3RRSQV,4,,Service started or stopped,,,Name: Diagnostic System Host | Diagnostic System Host,Status: running,,,,,,False,example_files\original\C\Windows\System32\winevt\logs\System.evtx,"Audit success, classic",0,"{""EventData"":{""Data"":[{""@Name"":""param1"",""#text"":""Diagnostic System Host""},{""@Name"":""param2"",""#text"":""running""}],""Binary"":""57-00-64-00-69-00-53-00-79-00-73-00-74-00-65-00-6D-00-48-00-6F-00-73-00-74-00-2F-00-34-00-00-00""}}"
565,565,2025-02-04 03:10:55.3286094,7036,Info,Service Control Manager,System,396,544,WIN-TFHMB3RRSQV,4,,Service started or stopped,,,Name: Application Experience | Application Experience,Status: running,,,,,,False,example_files\original\C\Windows\System32\winevt\logs\System.evtx,"Audit success, classic",0,"{""EventData"":{""Data"":[{""@Name"":""param1"",""#text"":""Application Experience""},{""@Name"":""param2"",""#text"":""running""}],""Binary"":""41-00-65-00-4C-00-6F-00-6F-00-6B-00-75-00-70-00-53-00-76-00-63-00-2F-00-34-00-00-00""}}"
566,566,2025-02-04 03:10:55.3286094,7036,Info,Service Control Manager,System,396,528,WIN-TFHMB3RRSQV,4,,Service started or stopped,,,Name: Portable Device Enumerator Service | Portable Device Enumerator Service,Status: running,,,,,,False,example_files\original\C\Windows\System32\winevt\logs\System.evtx,"Audit success, classic",0,"{""EventData"":{""Data"":[{""@Name"":""param1"",""#text"":""Portable Device Enumerator Service""},{""@Name"":""param2"",""#text"":""running""}],""Binary"":""57-00-50-00-44-00-42-00-75-00-73-00-45-00-6E-00-75-00-6D-00-2F-00-34-00-00-00""}}"
567,567,2025-02-04 03:10:58.1678143,7036,Info,Service Control Manager,System,396,512,WIN-TFHMB3RRSQV,4,,Service started or stopped,,,Name: WinHTTP Web Proxy Auto-Discovery Service | WinHTTP Web Proxy Auto-Discovery Service,Status: running,,,,,,False,example_files\original\C\Windows\System32\winevt\logs\System.evtx,"Audit success, classic",0,"{""EventData"":{""Data"":[{""@Name"":""param1"",""#text"":""WinHTTP Web Proxy Auto-Discovery Service""},{""@Name"":""param2"",""#text"":""running""}],""Binary"":""57-00-69-00-6E-00-48-00-74-00-74-00-70-00-41-00-75-00-74-00-6F-00-50-00-72-00-6F-00-78-00-79-00-53-00-76-00-63-00-2F-00-34-00-00-00""}}"
568,568,2025-02-04 03:11:01.1162195,7001,Info,Microsoft-Windows-Winlogon,System,516,564,WIN-TFHMB3RRSQV,4,S-1-5-18,User logon,,,UserSID: S-1-5-21-2927126382-3537124110-2073285158-1000,,,,,,,False,example_files\original\C\Windows\System32\winevt\logs\System.evtx,0x2000000000000000,0,"{""EventData"":{""Data"":[{""@Name"":""TSId"",""#text"":""1""},{""@Name"":""UserSid"",""#text"":""S-1-5-21-2927126382-3537124110-2073285158-1000""}]}}"
569,569,2025-02-04 03:11:01.3970200,7036,Info,Service Control Manager,System,396,528,WIN-TFHMB3RRSQV,4,,Service started or stopped,,,Name: Windows Search | Windows Search,Status: running,,,,,,False,example_files\original\C\Windows\System32\winevt\logs\System.evtx,"Audit success, classic",0,"{""EventData"":{""Data"":[{""@Name"":""param1"",""#text"":""Windows Search""},{""@Name"":""param2"",""#text"":""running""}],""Binary"":""57-00-53-00-65-00-61-00-72-00-63-00-68-00-2F-00-34-00-00-00""}}"
570,570,2025-02-04 03:11:01.5062202,1501,Info,Microsoft-Windows-GroupPolicy,System,944,2044,WIN-TFHMB3RRSQV,4,S-1-5-21-2927126382-3537124110-2073285158-1000,Group Policy Settings processed successfully for USER,,,,,,,,,,False,example_files\original\C\Windows\System32\winevt\logs\System.evtx,Classic,0,"{""EventData"":{""Data"":[{""@Name"":""SupportInfo1"",""#text"":""1""},{""@Name"":""SupportInfo2"",""#text"":""3182""},{""@Name"":""ProcessingMode"",""#text"":""1""},{""@Name"":""ProcessingTimeInMilliseconds"",""#text"":""78""},{""@Name"":""DCName""}]}}"
571,571,2025-02-04 03:11:01.7714207,7036,Info,Service Control Manager,System,396,472,WIN-TFHMB3RRSQV,4,,Service started or stopped,,,Name: Application Information | Application Information,Status: running,,,,,,False,example_files\original\C\Windows\System32\winevt\logs\System.evtx,"Audit success, classic",0,"{""EventData"":{""Data"":[{""@Name"":""param1"",""#text"":""Application Information""},{""@Name"":""param2"",""#text"":""running""}],""Binary"":""41-00-70-00-70-00-69-00-6E-00-66-00-6F-00-2F-00-34-00-00-00""}}"
572,572,2025-02-04 03:11:01.7714207,20003,Info,Microsoft-Windows-UserPnp,System,856,1656,WIN-TFHMB3RRSQV,4,S-1-5-18,Service installation,,,ServiceName: umbus,AddServiceStatus: Unknown code (0),,UpdateService: True,PrimaryService: True,DeviceInstanceID: UMB\UMB\1&amp;841921D&amp;0&amp;PRINTERBUSENUMERATOR,system32\DRIVERS\umbus.sys,False,example_files\original\C\Windows\System32\winevt\logs\System.evtx,Classic,0,"{""UserData"":{""AddServiceID"":{""ServiceName"":""umbus"",""DriverFileName"":""system32\\DRIVERS\\umbus.sys"",""DeviceInstanceID"":""UMB\\UMB\\1&amp;841921D&amp;0&amp;PRINTERBUSENUMERATOR"",""PrimaryService"":""True"",""UpdateService"":""True"",""AddServiceStatus"":""0""}}}"
573,573,2025-02-04 03:11:01.7870207,20001,Info,Microsoft-Windows-UserPnp,System,856,1656,WIN-TFHMB3RRSQV,4,S-1-5-18,Device installation,,,DriverDescription: UMBus Enumerator,InstallStatus: Installation Successful,IsDriverOEM: False,UpgradeDevice: False,RebootOption: False,DeviceInstanceID: UMB\UMB\1&amp;841921D&amp;0&amp;PRINTERBUSENUMERATOR,FileRepository\umbus.inf_amd64_neutral_2d4257afa2e35253\umbus.inf,False,example_files\original\C\Windows\System32\winevt\logs\System.evtx,Classic,0,"{""UserData"":{""InstallDeviceID"":{""DriverName"":""FileRepository\\umbus.inf_amd64_neutral_2d4257afa2e35253\\umbus.inf"",""DriverVersion"":""6.1.7601.17514"",""DriverProvider"":""Microsoft"",""DeviceInstanceID"":""UMB\\UMB\\1&amp;841921D&amp;0&amp;PRINTERBUSENUMERATOR"",""SetupClass"":""4d36e97d-e325-11ce-bfc1-08002be10318"",""RebootOption"":""False"",""UpgradeDevice"":""False"",""IsDriverOEM"":""False"",""InstallStatus"":""0x0"",""DriverDescription"":""UMBus Enumerator""}}}"
574,574,2025-02-04 03:11:05.5466273,7036,Info,Service Control Manager,System,396,524,WIN-TFHMB3RRSQV,4,,Service started or stopped,,,Name: Protected Storage | Protected Storage,Status: running,,,,,,False,example_files\original\C\Windows\System32\winevt\logs\System.evtx,"Audit success, classic",0,"{""EventData"":{""Data"":[{""@Name"":""param1"",""#text"":""Protected Storage""},{""@Name"":""param2"",""#text"":""running""}],""Binary"":""50-00-72-00-6F-00-74-00-65-00-63-00-74-00-65-00-64-00-53-00-74-00-6F-00-72-00-61-00-67-00-65-00-2F-00-34-00-00-00""}}"
575,575,2025-02-04 03:11:21.7578577,7036,Info,Service Control Manager,System,396,472,WIN-TFHMB3RRSQV,4,,Service started or stopped,,,Name: Network Connections | Network Connections,Status: running,,,,,,False,example_files\original\C\Windows\System32\winevt\logs\System.evtx,"Audit success, classic",0,"{""EventData"":{""Data"":[{""@Name"":""param1"",""#text"":""Network Connections""},{""@Name"":""param2"",""#text"":""running""}],""Binary"":""4E-00-65-00-74-00-6D-00-61-00-6E-00-2F-00-34-00-00-00""}}"
576,576,2025-02-04 03:11:46.0000000,1056,Info,Microsoft-Windows-TerminalServices-RemoteConnectionManager,System,0,0,WIN-TFHMB3RRSQV,4,,,,,,,,,,,,False,example_files\original\C\Windows\System32\winevt\logs\System.evtx,0x80000000000000,0,"{""EventData"":{""Data"":""WIN-TFHMB3RRSQV"",""Binary"":""DD-D1-1F-64-09-03-B4-4E-54-BF-B0-35-2F-51-D3-1F-C9-EB-91-F9""}}"
577,577,2025-02-04 03:11:45.8911001,7036,Info,Service Control Manager,System,396,524,WIN-TFHMB3RRSQV,4,,Service started or stopped,,,Name: Remote Desktop Services | Remote Desktop Services,Status: running,,,,,,False,example_files\original\C\Windows\System32\winevt\logs\System.evtx,"Audit success, classic",0,"{""EventData"":{""Data"":[{""@Name"":""param1"",""#text"":""Remote Desktop Services""},{""@Name"":""param2"",""#text"":""running""}],""Binary"":""54-00-65-00-72-00-6D-00-53-00-65-00-72-00-76-00-69-00-63-00-65-00-2F-00-34-00-00-00""}}"
578,578,2025-02-04 03:11:45.9379001,7036,Info,Service Control Manager,System,396,472,WIN-TFHMB3RRSQV,4,,Service started or stopped,,,Name: Remote Desktop Services UserMode Port Redirector | Remote Desktop Services UserMode Port Redirector,Status: running,,,,,,False,example_files\original\C\Windows\System32\winevt\logs\System.evtx,"Audit success, classic",0,"{""EventData"":{""Data"":[{""@Name"":""param1"",""#text"":""Remote Desktop Services UserMode Port Redirector""},{""@Name"":""param2"",""#text"":""running""}],""Binary"":""55-00-6D-00-52-00-64-00-70-00-53-00-65-00-72-00-76-00-69-00-63-00-65-00-2F-00-34-00-00-00""}}"
579,579,2025-02-04 03:11:46.1563005,7036,Info,Service Control Manager,System,396,524,WIN-TFHMB3RRSQV,4,,Service started or stopped,,,Name: Certificate Propagation | Certificate Propagation,Status: running,,,,,,False,example_files\original\C\Windows\System32\winevt\logs\System.evtx,"Audit success, classic",0,"{""EventData"":{""Data"":[{""@Name"":""param1"",""#text"":""Certificate Propagation""},{""@Name"":""param2"",""#text"":""running""}],""Binary"":""43-00-65-00-72-00-74-00-50-00-72-00-6F-00-70-00-53-00-76-00-63-00-2F-00-34-00-00-00""}}"
580,580,2025-02-04 03:11:46.1719006,7036,Info,Service Control Manager,System,396,524,WIN-TFHMB3RRSQV,4,,Service started or stopped,,,Name: Remote Desktop Configuration | Remote Desktop Configuration,Status: running,,,,,,False,example_files\original\C\Windows\System32\winevt\logs\System.evtx,"Audit success, classic",0,"{""EventData"":{""Data"":[{""@Name"":""param1"",""#text"":""Remote Desktop Configuration""},{""@Name"":""param2"",""#text"":""running""}],""Binary"":""53-00-65-00-73-00-73-00-69-00-6F-00-6E-00-45-00-6E-00-76-00-2F-00-34-00-00-00""}}"
581,581,2025-02-04 03:12:55.4204222,7036,Info,Service Control Manager,System,396,2304,WIN-TFHMB3RRSQV,4,,Service started or stopped,,,Name: Background Intelligent Transfer Service | Background Intelligent Transfer Service,Status: running,,,,,,False,example_files\original\C\Windows\System32\winevt\logs\System.evtx,"Audit success, classic",0,"{""EventData"":{""Data"":[{""@Name"":""param1"",""#text"":""Background Intelligent Transfer Service""},{""@Name"":""param2"",""#text"":""running""}],""Binary"":""42-00-49-00-54-00-53-00-2F-00-34-00-00-00""}}"
582,582,2025-02-04 03:12:55.6700226,7036,Info,Service Control Manager,System,396,472,WIN-TFHMB3RRSQV,4,,Service started or stopped,,,Name: SSDP Discovery | SSDP Discovery,Status: running,,,,,,False,example_files\original\C\Windows\System32\winevt\logs\System.evtx,"Audit success, classic",0,"{""EventData"":{""Data"":[{""@Name"":""param1"",""#text"":""SSDP Discovery""},{""@Name"":""param2"",""#text"":""running""}],""Binary"":""53-00-53-00-44-00-50-00-53-00-52-00-56-00-2F-00-34-00-00-00""}}"
583,583,2025-02-04 03:12:55.7480228,7036,Info,Service Control Manager,System,396,472,WIN-TFHMB3RRSQV,4,,Service started or stopped,,,Name: Microsoft .NET Framework NGEN v2.0.50727_X86 | Microsoft .NET Framework NGEN v2.0.50727_X86,Status: running,,,,,,False,example_files\original\C\Windows\System32\winevt\logs\System.evtx,"Audit success, classic",0,"{""EventData"":{""Data"":[{""@Name"":""param1"",""#text"":""Microsoft .NET Framework NGEN v2.0.50727_X86""},{""@Name"":""param2"",""#text"":""running""}],""Binary"":""63-00-6C-00-72-00-5F-00-6F-00-70-00-74-00-69-00-6D-00-69-00-7A-00-61-00-74-00-69-00-6F-00-6E-00-5F-00-76-00-32-00-2E-00-30-00-2E-00-35-00-30-00-37-00-32-00-37-00-5F-00-33-00-32-00-2F-00-34-00-00-00""}}"
584,584,2025-02-04 03:12:56.1224234,7036,Info,Service Control Manager,System,396,2304,WIN-TFHMB3RRSQV,4,,Service started or stopped,,,Name: Microsoft .NET Framework NGEN v2.0.50727_X64 | Microsoft .NET Framework NGEN v2.0.50727_X64,Status: running,,,,,,False,example_files\original\C\Windows\System32\winevt\logs\System.evtx,"Audit success, classic",0,"{""EventData"":{""Data"":[{""@Name"":""param1"",""#text"":""Microsoft .NET Framework NGEN v2.0.50727_X64""},{""@Name"":""param2"",""#text"":""running""}],""Binary"":""63-00-6C-00-72-00-5F-00-6F-00-70-00-74-00-69-00-6D-00-69-00-7A-00-61-00-74-00-69-00-6F-00-6E-00-5F-00-76-00-32-00-2E-00-30-00-2E-00-35-00-30-00-37-00-32-00-37-00-5F-00-36-00-34-00-2F-00-34-00-00-00""}}"
585,585,2025-02-04 03:12:56.3096237,7036,Info,Service Control Manager,System,396,2304,WIN-TFHMB3RRSQV,4,,Service started or stopped,,,Name: Windows Font Cache Service | Windows Font Cache Service,Status: running,,,,,,False,example_files\original\C\Windows\System32\winevt\logs\System.evtx,"Audit success, classic",0,"{""EventData"":{""Data"":[{""@Name"":""param1"",""#text"":""Windows Font Cache Service""},{""@Name"":""param2"",""#text"":""running""}],""Binary"":""46-00-6F-00-6E-00-74-00-43-00-61-00-63-00-68-00-65-00-2F-00-34-00-00-00""}}"
586,586,2025-02-04 03:12:56.6372243,7036,Info,Service Control Manager,System,396,2304,WIN-TFHMB3RRSQV,4,,Service started or stopped,,,Name: Windows Defender | Windows Defender,Status: running,,,,,,False,example_files\original\C\Windows\System32\winevt\logs\System.evtx,"Audit success, classic",0,"{""EventData"":{""Data"":[{""@Name"":""param1"",""#text"":""Windows Defender""},{""@Name"":""param2"",""#text"":""running""}],""Binary"":""57-00-69-00-6E-00-44-00-65-00-66-00-65-00-6E-00-64-00-2F-00-34-00-00-00""}}"
587,587,2025-02-04 03:12:56.7620245,7036,Info,Service Control Manager,System,396,472,WIN-TFHMB3RRSQV,4,,Service started or stopped,,,Name: Security Center | Security Center,Status: running,,,,,,False,example_files\original\C\Windows\System32\winevt\logs\System.evtx,"Audit success, classic",0,"{""EventData"":{""Data"":[{""@Name"":""param1"",""#text"":""Security Center""},{""@Name"":""param2"",""#text"":""running""}],""Binary"":""77-00-73-00-63-00-73-00-76-00-63-00-2F-00-34-00-00-00""}}"
588,588,2025-02-04 03:12:58.5872277,7036,Info,Service Control Manager,System,396,472,WIN-TFHMB3RRSQV,4,,Service started or stopped,,,Name: Windows Update | Windows Update,Status: running,,,,,,False,example_files\original\C\Windows\System32\winevt\logs\System.evtx,"Audit success, classic",0,"{""EventData"":{""Data"":[{""@Name"":""param1"",""#text"":""Windows Update""},{""@Name"":""param2"",""#text"":""running""}],""Binary"":""77-00-75-00-61-00-75-00-73-00-65-00-72-00-76-00-2F-00-34-00-00-00""}}"
589,589,2025-02-04 03:13:02.9240354,7036,Info,Service Control Manager,System,396,472,WIN-TFHMB3RRSQV,4,,Service started or stopped,,,Name: Portable Device Enumerator Service | Portable Device Enumerator Service,Status: stopped,,,,,,False,example_files\original\C\Windows\System32\winevt\logs\System.evtx,"Audit success, classic",0,"{""EventData"":{""Data"":[{""@Name"":""param1"",""#text"":""Portable Device Enumerator Service""},{""@Name"":""param2"",""#text"":""stopped""}],""Binary"":""57-00-50-00-44-00-42-00-75-00-73-00-45-00-6E-00-75-00-6D-00-2F-00-31-00-00-00""}}"
590,590,2025-02-04 03:13:54.9657268,7036,Info,Service Control Manager,System,396,524,WIN-TFHMB3RRSQV,4,,Service started or stopped,,,Name: Windows Time | Windows Time,Status: running,,,,,,False,example_files\original\C\Windows\System32\winevt\logs\System.evtx,"Audit success, classic",0,"{""EventData"":{""Data"":[{""@Name"":""param1"",""#text"":""Windows Time""},{""@Name"":""param2"",""#text"":""running""}],""Binary"":""57-00-33-00-32-00-54-00-69-00-6D-00-65-00-2F-00-34-00-00-00""}}"
591,591,2025-02-04 03:13:56.5257295,37,Info,Microsoft-Windows-Time-Service,System,288,1704,WIN-TFHMB3RRSQV,4,S-1-5-19,Synchronizing system time from time service,,,ServerAddress: time.windows.com,"ServerIP: time.windows.com,0x9 (ntp.m|0x9|0.0.0.0:123-&gt;52.148.114.188:123)",,,,,,False,example_files\original\C\Windows\System32\winevt\logs\System.evtx,Classic,0,"{""EventData"":{""@Name"":""TMP_EVENT_TIME_SOURCE_REACHABLE"",""Data"":{""@Name"":""TimeSource"",""#text"":""time.windows.com,0x9 (ntp.m|0x9|0.0.0.0:123-&gt;52.148.114.188:123)""}}}"
592,592,2025-02-04 03:14:10.9869549,35,Info,Microsoft-Windows-Time-Service,System,288,1704,WIN-TFHMB3RRSQV,4,S-1-5-19,Synchronizing system time from time service,,,ServerAddress: time.windows.com,"ServerIP: time.windows.com,0x9 (ntp.m|0x9|0.0.0.0:123-&gt;52.148.114.188:123)",,,,,,False,example_files\original\C\Windows\System32\winevt\logs\System.evtx,Classic,0,"{""EventData"":{""@Name"":""TMP_EVENT_TIME_SOURCE_CHOSEN"",""Data"":{""@Name"":""TimeSource"",""#text"":""time.windows.com,0x9 (ntp.m|0x9|0.0.0.0:123-&gt;52.148.114.188:123)""}}}"
593,593,2025-02-04 03:14:10.9860000,1,Info,Microsoft-Windows-Kernel-General,System,288,2176,WIN-TFHMB3RRSQV,4,S-1-5-19,The system time was changed,,,OldTime: 2025-02-04 03:14:10.9869549,NewTime: 2025-02-04 03:14:10.9860000,"Reason: ",,,,,False,example_files\original\C\Windows\System32\winevt\logs\System.evtx,Time,0,"{""EventData"":{""Data"":[{""@Name"":""NewTime"",""#text"":""2025-02-04 03:14:10.9860000""},{""@Name"":""OldTime"",""#text"":""2025-02-04 03:14:10.9869549""}]}}"
594,594,2025-02-04 03:14:10.9860000,7036,Info,Service Control Manager,System,396,472,WIN-TFHMB3RRSQV,4,,Service started or stopped,,,Name: Windows Time | Windows Time,Status: stopped,,,,,,False,example_files\original\C\Windows\System32\winevt\logs\System.evtx,"Audit success, classic",0,"{""EventData"":{""Data"":[{""@Name"":""param1"",""#text"":""Windows Time""},{""@Name"":""param2"",""#text"":""stopped""}],""Binary"":""57-00-33-00-32-00-54-00-69-00-6D-00-65-00-2F-00-31-00-00-00""}}"
595,595,2025-02-04 03:15:27.8357351,20003,Info,Microsoft-Windows-UserPnp,System,1636,2704,WIN-TFHMB3RRSQV,4,S-1-5-18,Service installation,,,ServiceName: USBSTOR,AddServiceStatus: Unknown code (0),,UpdateService: True,PrimaryService: True,DeviceInstanceID: USB\VID_048D&amp;PID_1234\1826141146906015335,system32\DRIVERS\USBSTOR.SYS,False,example_files\original\C\Windows\System32\winevt\logs\System.evtx,Classic,0,"{""UserData"":{""AddServiceID"":{""ServiceName"":""USBSTOR"",""DriverFileName"":""system32\\DRIVERS\\USBSTOR.SYS"",""DeviceInstanceID"":""USB\\VID_048D&amp;PID_1234\\1826141146906015335"",""PrimaryService"":""True"",""UpdateService"":""True"",""AddServiceStatus"":""0""}}}"
596,596,2025-02-04 03:15:27.9257352,20001,Info,Microsoft-Windows-UserPnp,System,1636,2704,WIN-TFHMB3RRSQV,4,S-1-5-18,Device installation,,,DriverDescription: USB Mass Storage Device,InstallStatus: Installation Successful,IsDriverOEM: False,UpgradeDevice: False,RebootOption: False,DeviceInstanceID: USB\VID_048D&amp;PID_1234\1826141146906015335,FileRepository\usbstor.inf_amd64_neutral_0725c2806a159a9d\usbstor.inf,False,example_files\original\C\Windows\System32\winevt\logs\System.evtx,Classic,0,"{""UserData"":{""InstallDeviceID"":{""DriverName"":""FileRepository\\usbstor.inf_amd64_neutral_0725c2806a159a9d\\usbstor.inf"",""DriverVersion"":""6.1.7601.17514"",""DriverProvider"":""Microsoft"",""DeviceInstanceID"":""USB\\VID_048D&amp;PID_1234\\1826141146906015335"",""SetupClass"":""36fc9e60-c465-11cf-8056-444553540000"",""RebootOption"":""False"",""UpgradeDevice"":""False"",""IsDriverOEM"":""False"",""InstallStatus"":""0x0"",""DriverDescription"":""USB Mass Storage Device""}}}"
597,597,2025-02-04 03:15:28.1057354,20003,Info,Microsoft-Windows-UserPnp,System,2752,2924,WIN-TFHMB3RRSQV,4,S-1-5-18,Service installation,,,ServiceName: disk,AddServiceStatus: Unknown code (0),,UpdateService: True,PrimaryService: True,DeviceInstanceID: USBSTOR\DISK&amp;VEN_VENDORCO&amp;PROD_PRODUCTCODE&amp;REV_2.00\1826141146906015335&amp;0,system32\DRIVERS\disk.sys,False,example_files\original\C\Windows\System32\winevt\logs\System.evtx,Classic,0,"{""UserData"":{""AddServiceID"":{""ServiceName"":""disk"",""DriverFileName"":""system32\\DRIVERS\\disk.sys"",""DeviceInstanceID"":""USBSTOR\\DISK&amp;VEN_VENDORCO&amp;PROD_PRODUCTCODE&amp;REV_2.00\\1826141146906015335&amp;0"",""PrimaryService"":""True"",""UpdateService"":""True"",""AddServiceStatus"":""0""}}}"
598,598,2025-02-04 03:15:28.2057356,20001,Info,Microsoft-Windows-UserPnp,System,2752,2924,WIN-TFHMB3RRSQV,4,S-1-5-18,Device installation,,,DriverDescription: Disk drive,InstallStatus: Installation Successful,IsDriverOEM: False,UpgradeDevice: False,RebootOption: False,DeviceInstanceID: USBSTOR\DISK&amp;VEN_VENDORCO&amp;PROD_PRODUCTCODE&amp;REV_2.00\1826141146906015335&amp;0,FileRepository\disk.inf_amd64_neutral_10ce25bbc5a9cc43\disk.inf,False,example_files\original\C\Windows\System32\winevt\logs\System.evtx,Classic,0,"{""UserData"":{""InstallDeviceID"":{""DriverName"":""FileRepository\\disk.inf_amd64_neutral_10ce25bbc5a9cc43\\disk.inf"",""DriverVersion"":""6.1.7600.16385"",""DriverProvider"":""Microsoft"",""DeviceInstanceID"":""USBSTOR\\DISK&amp;VEN_VENDORCO&amp;PROD_PRODUCTCODE&amp;REV_2.00\\1826141146906015335&amp;0"",""SetupClass"":""4d36e967-e325-11ce-bfc1-08002be10318"",""RebootOption"":""False"",""UpgradeDevice"":""False"",""IsDriverOEM"":""False"",""InstallStatus"":""0x0"",""DriverDescription"":""Disk drive""}}}"
599,599,2025-02-04 03:15:28.4261359,20003,Info,Microsoft-Windows-UserPnp,System,2992,2712,WIN-TFHMB3RRSQV,4,S-1-5-18,Service installation,,,ServiceName: volsnap,AddServiceStatus: Unknown code (0),,UpdateService: True,PrimaryService: True,DeviceInstanceID: STORAGE\VOLUME\_??_USBSTOR#DISK&amp;VEN_VENDORCO&amp;PROD_PRODUCTCODE&amp;REV_2.00#1826141146906015335&amp;0#{53F56307-B6BF-11D0-94F2-00A0C91EFB8B},system32\DRIVERS\volsnap.sys,False,example_files\original\C\Windows\System32\winevt\logs\System.evtx,Classic,0,"{""UserData"":{""AddServiceID"":{""ServiceName"":""volsnap"",""DriverFileName"":""system32\\DRIVERS\\volsnap.sys"",""DeviceInstanceID"":""STORAGE\\VOLUME\\_??_USBSTOR#DISK&amp;VEN_VENDORCO&amp;PROD_PRODUCTCODE&amp;REV_2.00#1826141146906015335&amp;0#{53F56307-B6BF-11D0-94F2-00A0C91EFB8B}"",""PrimaryService"":""True"",""UpdateService"":""True"",""AddServiceStatus"":""0""}}}"
600,600,2025-02-04 03:15:28.5353361,20001,Info,Microsoft-Windows-UserPnp,System,2992,2712,WIN-TFHMB3RRSQV,4,S-1-5-18,Device installation,,,DriverDescription: Generic volume,InstallStatus: Installation Successful,IsDriverOEM: False,UpgradeDevice: False,RebootOption: False,DeviceInstanceID: STORAGE\VOLUME\_??_USBSTOR#DISK&amp;VEN_VENDORCO&amp;PROD_PRODUCTCODE&amp;REV_2.00#1826141146906015335&amp;0#{53F56307-B6BF-11D0-94F2-00A0C91EFB8B},FileRepository\volume.inf_amd64_neutral_df8bea40ac96ca21\volume.inf,False,example_files\original\C\Windows\System32\winevt\logs\System.evtx,Classic,0,"{""UserData"":{""InstallDeviceID"":{""DriverName"":""FileRepository\\volume.inf_amd64_neutral_df8bea40ac96ca21\\volume.inf"",""DriverVersion"":""6.1.7601.17514"",""DriverProvider"":""Microsoft"",""DeviceInstanceID"":""STORAGE\\VOLUME\\_??_USBSTOR#DISK&amp;VEN_VENDORCO&amp;PROD_PRODUCTCODE&amp;REV_2.00#1826141146906015335&amp;0#{53F56307-B6BF-11D0-94F2-00A0C91EFB8B}"",""SetupClass"":""71a27cdd-812a-11d0-bec7-08002be2092f"",""RebootOption"":""False"",""UpgradeDevice"":""False"",""IsDriverOEM"":""False"",""InstallStatus"":""0x0"",""DriverDescription"":""Generic volume""}}}"
601,601,2025-02-04 03:15:28.9097368,7036,Info,Service Control Manager,System,396,3048,WIN-TFHMB3RRSQV,4,,Service started or stopped,,,Name: Portable Device Enumerator Service | Portable Device Enumerator Service,Status: running,,,,,,False,example_files\original\C\Windows\System32\winevt\logs\System.evtx,"Audit success, classic",0,"{""EventData"":{""Data"":[{""@Name"":""param1"",""#text"":""Portable Device Enumerator Service""},{""@Name"":""param2"",""#text"":""running""}],""Binary"":""57-00-50-00-44-00-42-00-75-00-73-00-45-00-6E-00-75-00-6D-00-2F-00-34-00-00-00""}}"
602,602,2025-02-04 03:15:32.0000000,24576,Info,Microsoft-Windows-WPDClassInstaller,System,0,0,WIN-TFHMB3RRSQV,4,,,,,,,,,,,,False,example_files\original\C\Windows\System32\winevt\logs\System.evtx,0x80000000000000,0,"{""EventData"":{""Data"":"""",""Binary"":""""}}"
603,603,2025-02-04 03:15:32.0000000,24577,Info,Microsoft-Windows-WPDClassInstaller,System,0,0,WIN-TFHMB3RRSQV,4,,,,,,,,,,,,False,example_files\original\C\Windows\System32\winevt\logs\System.evtx,0x80000000000000,0,"{""EventData"":{""Data"":""0x00000002, 0x00000002"",""Binary"":""""}}"
604,604,2025-02-04 03:15:32.0000000,24579,Info,Microsoft-Windows-WPDClassInstaller,System,0,0,WIN-TFHMB3RRSQV,4,,,,,,,,,,,,False,example_files\original\C\Windows\System32\winevt\logs\System.evtx,0x80000000000000,0,"{""EventData"":{""Data"":"""",""Binary"":""""}}"
605,605,2025-02-04 03:15:31.4681413,20003,Info,Microsoft-Windows-UserPnp,System,1480,1864,WIN-TFHMB3RRSQV,4,S-1-5-18,Service installation,,,ServiceName: umbus,AddServiceStatus: Unknown code (0),,UpdateService: True,PrimaryService: True,DeviceInstanceID: UMB\UMB\1&amp;841921D&amp;0&amp;WPDBUSENUMROOT,system32\DRIVERS\umbus.sys,False,example_files\original\C\Windows\System32\winevt\logs\System.evtx,Classic,0,"{""UserData"":{""AddServiceID"":{""ServiceName"":""umbus"",""DriverFileName"":""system32\\DRIVERS\\umbus.sys"",""DeviceInstanceID"":""UMB\\UMB\\1&amp;841921D&amp;0&amp;WPDBUSENUMROOT"",""PrimaryService"":""True"",""UpdateService"":""True"",""AddServiceStatus"":""0""}}}"
606,606,2025-02-04 03:15:31.4681413,20001,Info,Microsoft-Windows-UserPnp,System,1480,1864,WIN-TFHMB3RRSQV,4,S-1-5-18,Device installation,,,DriverDescription: UMBus Enumerator,InstallStatus: Installation Successful,IsDriverOEM: False,UpgradeDevice: False,RebootOption: False,DeviceInstanceID: UMB\UMB\1&amp;841921D&amp;0&amp;WPDBUSENUMROOT,FileRepository\umbus.inf_amd64_neutral_2d4257afa2e35253\umbus.inf,False,example_files\original\C\Windows\System32\winevt\logs\System.evtx,Classic,0,"{""UserData"":{""InstallDeviceID"":{""DriverName"":""FileRepository\\umbus.inf_amd64_neutral_2d4257afa2e35253\\umbus.inf"",""DriverVersion"":""6.1.7601.17514"",""DriverProvider"":""Microsoft"",""DeviceInstanceID"":""UMB\\UMB\\1&amp;841921D&amp;0&amp;WPDBUSENUMROOT"",""SetupClass"":""4d36e97d-e325-11ce-bfc1-08002be10318"",""RebootOption"":""False"",""UpgradeDevice"":""False"",""IsDriverOEM"":""False"",""InstallStatus"":""0x0"",""DriverDescription"":""UMBus Enumerator""}}}"
607,607,2025-02-04 03:15:31.6241416,10000,Info,Microsoft-Windows-DriverFrameworks-UserMode,System,916,1540,WIN-TFHMB3RRSQV,4,S-1-5-18,Device driver installations begins (Device connection),,,DeviceId: WPDBUSENUMROOT\UMB\2&amp;37C186B&amp;0&amp;STORAGE#VOLUME#_??_USBSTOR#DISK&amp;VEN_VENDORCO&amp;PROD_PRODUCTCODE&amp;REV_2.00#1826141146906015335&amp;0#,,,,,,,False,example_files\original\C\Windows\System32\winevt\logs\System.evtx,0x2000000000000000,0,"{""UserData"":{""UMDFDeviceInstallBegin"":{""@version"":""1.9.0"",""DeviceId"":""WPDBUSENUMROOT\\UMB\\2&amp;37C186B&amp;0&amp;STORAGE#VOLUME#_??_USBSTOR#DISK&amp;VEN_VENDORCO&amp;PROD_PRODUCTCODE&amp;REV_2.00#1826141146906015335&amp;0#""}}}"
608,608,2025-02-04 03:15:31.6241416,10001,Info,Microsoft-Windows-DriverFrameworks-UserMode,System,916,1540,WIN-TFHMB3RRSQV,4,S-1-5-18,,,,,,,,,,,False,example_files\original\C\Windows\System32\winevt\logs\System.evtx,0x2000000000000000,0,"{""UserData"":{""UMDFServiceInstall"":{""@upgrade"":""False"",""Service"":{""@clsid"":""112de495-ac4c-46f8-b663-6a4266c53313"",""@name"":""WpdFs""},""MinimumFxVersion"":""1.9.0""}}}"
609,609,2025-02-04 03:15:31.6241416,7040,Info,Service Control Manager,System,396,472,WIN-TFHMB3RRSQV,4,S-1-5-18,Start type of a service has changed,,,The start type of the Windows Driver Foundation - User-mode Driver Framework was changed from demand start to auto start,,,,,,wudfsvc,False,example_files\original\C\Windows\System32\winevt\logs\System.evtx,"Audit success, classic",0,"{""EventData"":{""Data"":[{""@Name"":""param1"",""#text"":""Windows Driver Foundation - User-mode Driver Framework""},{""@Name"":""param2"",""#text"":""demand start""},{""@Name"":""param3"",""#text"":""auto start""},{""@Name"":""param4"",""#text"":""wudfsvc""}]}}"
610,610,2025-02-04 03:15:31.7177417,7036,Info,Service Control Manager,System,396,3048,WIN-TFHMB3RRSQV,4,,Service started or stopped,,,Name: Windows Driver Foundation - User-mode Driver Framework | Windows Driver Foundation - User-mode Driver Framework,Status: running,,,,,,False,example_files\original\C\Windows\System32\winevt\logs\System.evtx,"Audit success, classic",0,"{""EventData"":{""Data"":[{""@Name"":""param1"",""#text"":""Windows Driver Foundation - User-mode Driver Framework""},{""@Name"":""param2"",""#text"":""running""}],""Binary"":""77-00-75-00-64-00-66-00-73-00-76-00-63-00-2F-00-34-00-00-00""}}"
611,611,2025-02-04 03:15:31.7489418,10100,Info,Microsoft-Windows-DriverFrameworks-UserMode,System,916,1540,WIN-TFHMB3RRSQV,4,S-1-5-18,,,,,,,,,,,False,example_files\original\C\Windows\System32\winevt\logs\System.evtx,0x2000000000000000,0,"{""UserData"":{""UMDFDeviceInstallEnd"":{""FinalStatus"":""0""}}}"
612,612,2025-02-04 03:15:31.7801418,7045,Info,Service Control Manager,System,396,3048,WIN-TFHMB3RRSQV,4,S-1-5-18,A new service was installed in the system,,,Name: WUDFRd,StartType: demand start,"Account: ",,,,system32\DRIVERS\WUDFRd.sys,False,example_files\original\C\Windows\System32\winevt\logs\System.evtx,"Audit success, classic",0,"{""EventData"":{""Data"":[{""@Name"":""ServiceName"",""#text"":""WUDFRd""},{""@Name"":""ImagePath"",""#text"":""system32\\DRIVERS\\WUDFRd.sys""},{""@Name"":""ServiceType"",""#text"":""kernel mode driver""},{""@Name"":""StartType"",""#text"":""demand start""},{""@Name"":""AccountName""}]}}"
613,613,2025-02-04 03:15:31.7957419,20003,Info,Microsoft-Windows-UserPnp,System,916,1540,WIN-TFHMB3RRSQV,4,S-1-5-18,Service installation,,,ServiceName: WUDFRd,AddServiceStatus: Unknown code (0),,UpdateService: False,PrimaryService: True,DeviceInstanceID: WPDBUSENUMROOT\UMB\2&amp;37C186B&amp;0&amp;STORAGE#VOLUME#_??_USBSTOR#DISK&amp;VEN_VENDORCO&amp;PROD_PRODUCTCODE&amp;REV_2.00#1826141146906015335&amp;0#,system32\DRIVERS\WUDFRd.sys,False,example_files\original\C\Windows\System32\winevt\logs\System.evtx,Classic,0,"{""UserData"":{""AddServiceID"":{""ServiceName"":""WUDFRd"",""DriverFileName"":""system32\\DRIVERS\\WUDFRd.sys"",""DeviceInstanceID"":""WPDBUSENUMROOT\\UMB\\2&amp;37C186B&amp;0&amp;STORAGE#VOLUME#_??_USBSTOR#DISK&amp;VEN_VENDORCO&amp;PROD_PRODUCTCODE&amp;REV_2.00#1826141146906015335&amp;0#"",""PrimaryService"":""True"",""UpdateService"":""False"",""AddServiceStatus"":""0""}}}"
614,614,2025-02-04 03:15:32.1233424,20001,Info,Microsoft-Windows-UserPnp,System,916,1540,WIN-TFHMB3RRSQV,4,S-1-5-18,Device installation,,,DriverDescription: WPD FileSystem Volume Driver,InstallStatus: Installation Successful,IsDriverOEM: False,UpgradeDevice: False,RebootOption: False,DeviceInstanceID: WPDBUSENUMROOT\UMB\2&amp;37C186B&amp;0&amp;STORAGE#VOLUME#_??_USBSTOR#DISK&amp;VEN_VENDORCO&amp;PROD_PRODUCTCODE&amp;REV_2.00#1826141146906015335&amp;0#,FileRepository\wpdfs.inf_amd64_neutral_fc4ebadff3a40ae4\wpdfs.inf,False,example_files\original\C\Windows\System32\winevt\logs\System.evtx,Classic,0,"{""UserData"":{""InstallDeviceID"":{""DriverName"":""FileRepository\\wpdfs.inf_amd64_neutral_fc4ebadff3a40ae4\\wpdfs.inf"",""DriverVersion"":""6.1.7600.16385"",""DriverProvider"":""Microsoft"",""DeviceInstanceID"":""WPDBUSENUMROOT\\UMB\\2&amp;37C186B&amp;0&amp;STORAGE#VOLUME#_??_USBSTOR#DISK&amp;VEN_VENDORCO&amp;PROD_PRODUCTCODE&amp;REV_2.00#1826141146906015335&amp;0#"",""SetupClass"":""eec5ad98-8080-425f-922a-dabf3de3f69a"",""RebootOption"":""False"",""UpgradeDevice"":""False"",""IsDriverOEM"":""False"",""InstallStatus"":""0x0"",""DriverDescription"":""WPD FileSystem Volume Driver""}}}"
615,615,2025-02-04 03:17:25.0000000,1074,Info,USER32,System,0,0,WIN-TFHMB3RRSQV,4,S-1-5-21-2927126382-3537124110-2073285158-1000,A user initiated a system restart,,,"Hostname: ","Reason: ","Type: ","Code: ",,,,False,example_files\original\C\Windows\System32\winevt\logs\System.evtx,0x80000000000000,0,"{""EventData"":{""Data"":""Explorer.EXE, WIN-TFHMB3RRSQV, Other (Unplanned), 0x0, power off, WIN-TFHMB3RRSQV\\student"",""Binary"":""00-00-00-00-00-00-00-00-00-00-00-00-00-00-00-00-00-00-00-00-00-00-00-00-00-00-00-00-00-00-00-00-00-00-00-00-00-00-00-00""}}"
616,616,2025-02-04 03:17:27.0000000,1074,Info,USER32,System,0,0,WIN-TFHMB3RRSQV,4,S-1-5-21-2927126382-3537124110-2073285158-1000,A user initiated a system restart,,,"Hostname: ","Reason: ","Type: ","Code: ",,,,False,example_files\original\C\Windows\System32\winevt\logs\System.evtx,0x80000000000000,0,"{""EventData"":{""Data"":""C:\\Windows\\system32\\winlogon.exe (WIN-TFHMB3RRSQV), WIN-TFHMB3RRSQV, No title for this reason could be found, 0x500ff, power off, WIN-TFHMB3RRSQV\\student"",""Binary"":""FF-00-05-00-00-00-00-00-00-00-00-00-00-00-00-00-00-00-00-00-00-00-00-00-00-00-00-00-00-00-00-00-00-00-00-00-00-00-00-00""}}"
617,617,2025-02-04 03:17:27.0000000,6006,Info,EventLog,System,0,0,WIN-TFHMB3RRSQV,4,,The Event log service was stopped,,,Computer: WIN-TFHMB3RRSQV,,,,,,,False,example_files\original\C\Windows\System32\winevt\logs\System.evtx,0x80000000000000,0,"{""EventData"":{""Data"":"""",""Binary"":""01-00-00-00-00-00-00-00""}}"
618,618,2025-02-04 03:17:27.0169463,7002,Info,Microsoft-Windows-Winlogon,System,516,2952,WIN-TFHMB3RRSQV,4,S-1-5-18,User logoff,,,UserSID: S-1-5-21-2927126382-3537124110-2073285158-1000,,,,,,,False,example_files\original\C\Windows\System32\winevt\logs\System.evtx,0x2000000000000000,0,"{""EventData"":{""Data"":[{""@Name"":""TSId"",""#text"":""1""},{""@Name"":""UserSid"",""#text"":""S-1-5-21-2927126382-3537124110-2073285158-1000""}]}}"
619,619,2025-02-04 03:17:27.0949465,7036,Info,Service Control Manager,System,396,2248,WIN-TFHMB3RRSQV,4,,Service started or stopped,,,Name: Windows Update | Windows Update,Status: stopped,,,,,,False,example_files\original\C\Windows\System32\winevt\logs\System.evtx,"Audit success, classic",0,"{""EventData"":{""Data"":[{""@Name"":""param1"",""#text"":""Windows Update""},{""@Name"":""param2"",""#text"":""stopped""}],""Binary"":""77-00-75-00-61-00-75-00-73-00-65-00-72-00-76-00-2F-00-31-00-00-00""}}"
620,620,2025-02-04 03:17:27.2041467,7036,Info,Service Control Manager,System,396,1560,WIN-TFHMB3RRSQV,4,,Service started or stopped,,,Name: Group Policy Client | Group Policy Client,Status: stopped,,,,,,False,example_files\original\C\Windows\System32\winevt\logs\System.evtx,"Audit success, classic",0,"{""EventData"":{""Data"":[{""@Name"":""param1"",""#text"":""Group Policy Client""},{""@Name"":""param2"",""#text"":""stopped""}],""Binary"":""67-00-70-00-73-00-76-00-63-00-2F-00-31-00-00-00""}}"
621,621,2025-02-04 03:17:27.3289469,7036,Info,Service Control Manager,System,396,2248,WIN-TFHMB3RRSQV,4,,Service started or stopped,,,Name: Microsoft .NET Framework NGEN v2.0.50727_X86 | Microsoft .NET Framework NGEN v2.0.50727_X86,Status: stopped,,,,,,False,example_files\original\C\Windows\System32\winevt\logs\System.evtx,"Audit success, classic",0,"{""EventData"":{""Data"":[{""@Name"":""param1"",""#text"":""Microsoft .NET Framework NGEN v2.0.50727_X86""},{""@Name"":""param2"",""#text"":""stopped""}],""Binary"":""63-00-6C-00-72-00-5F-00-6F-00-70-00-74-00-69-00-6D-00-69-00-7A-00-61-00-74-00-69-00-6F-00-6E-00-5F-00-76-00-32-00-2E-00-30-00-2E-00-35-00-30-00-37-00-32-00-37-00-5F-00-33-00-32-00-2F-00-31-00-00-00""}}"
622,622,2025-02-04 03:17:27.3445469,7036,Info,Service Control Manager,System,396,3048,WIN-TFHMB3RRSQV,4,,Service started or stopped,,,Name: Microsoft .NET Framework NGEN v2.0.50727_X64 | Microsoft .NET Framework NGEN v2.0.50727_X64,Status: stopped,,,,,,False,example_files\original\C\Windows\System32\winevt\logs\System.evtx,"Audit success, classic",0,"{""EventData"":{""Data"":[{""@Name"":""param1"",""#text"":""Microsoft .NET Framework NGEN v2.0.50727_X64""},{""@Name"":""param2"",""#text"":""stopped""}],""Binary"":""63-00-6C-00-72-00-5F-00-6F-00-70-00-74-00-69-00-6D-00-69-00-7A-00-61-00-74-00-69-00-6F-00-6E-00-5F-00-76-00-32-00-2E-00-30-00-2E-00-35-00-30-00-37-00-32-00-37-00-5F-00-36-00-34-00-2F-00-31-00-00-00""}}"
623,623,2025-02-04 03:17:27.3601469,7036,Info,Service Control Manager,System,396,3048,WIN-TFHMB3RRSQV,4,,Service started or stopped,,,Name: Diagnostic Service Host | Diagnostic Service Host,Status: stopped,,,,,,False,example_files\original\C\Windows\System32\winevt\logs\System.evtx,"Audit success, classic",0,"{""EventData"":{""Data"":[{""@Name"":""param1"",""#text"":""Diagnostic Service Host""},{""@Name"":""param2"",""#text"":""stopped""}],""Binary"":""57-00-64-00-69-00-53-00-65-00-72-00-76-00-69-00-63-00-65-00-48-00-6F-00-73-00-74-00-2F-00-31-00-00-00""}}"
624,624,2025-02-04 03:17:27.3601469,7036,Info,Service Control Manager,System,396,3048,WIN-TFHMB3RRSQV,4,,Service started or stopped,,,Name: Diagnostic System Host | Diagnostic System Host,Status: stopped,,,,,,False,example_files\original\C\Windows\System32\winevt\logs\System.evtx,"Audit success, classic",0,"{""EventData"":{""Data"":[{""@Name"":""param1"",""#text"":""Diagnostic System Host""},{""@Name"":""param2"",""#text"":""stopped""}],""Binary"":""57-00-64-00-69-00-53-00-79-00-73-00-74-00-65-00-6D-00-48-00-6F-00-73-00-74-00-2F-00-31-00-00-00""}}"
625,625,2025-02-04 03:17:27.3601469,51047,Info,Microsoft-Windows-DHCPv6-Client,System,992,1096,WIN-TFHMB3RRSQV,4,S-1-5-19,,,,,,,,,,,False,example_files\original\C\Windows\System32\winevt\logs\System.evtx,0x2000000000000000,0,"{""EventData"":{""Data"":{""@Name"":""DwordVal"",""#text"":""1""}}}"
626,626,2025-02-04 03:17:27.3601469,7036,Info,Service Control Manager,System,396,3048,WIN-TFHMB3RRSQV,4,,Service started or stopped,,,Name: Power | Power,Status: stopped,,,,,,False,example_files\original\C\Windows\System32\winevt\logs\System.evtx,"Audit success, classic",0,"{""EventData"":{""Data"":[{""@Name"":""param1"",""#text"":""Power""},{""@Name"":""param2"",""#text"":""stopped""}],""Binary"":""50-00-6F-00-77-00-65-00-72-00-2F-00-31-00-00-00""}}"
627,627,2025-02-04 03:17:27.3601469,7036,Info,Service Control Manager,System,396,3048,WIN-TFHMB3RRSQV,4,,Service started or stopped,,,Name: Certificate Propagation | Certificate Propagation,Status: stopped,,,,,,False,example_files\original\C\Windows\System32\winevt\logs\System.evtx,"Audit success, classic",0,"{""EventData"":{""Data"":[{""@Name"":""param1"",""#text"":""Certificate Propagation""},{""@Name"":""param2"",""#text"":""stopped""}],""Binary"":""43-00-65-00-72-00-74-00-50-00-72-00-6F-00-70-00-53-00-76-00-63-00-2F-00-31-00-00-00""}}"
628,628,2025-02-04 03:17:27.3601469,7036,Info,Service Control Manager,System,396,3048,WIN-TFHMB3RRSQV,4,,Service started or stopped,,,Name: Diagnostic Policy Service | Diagnostic Policy Service,Status: stopped,,,,,,False,example_files\original\C\Windows\System32\winevt\logs\System.evtx,"Audit success, classic",0,"{""EventData"":{""Data"":[{""@Name"":""param1"",""#text"":""Diagnostic Policy Service""},{""@Name"":""param2"",""#text"":""stopped""}],""Binary"":""44-00-50-00-53-00-2F-00-31-00-00-00""}}"
629,629,2025-02-04 03:17:27.3601469,7036,Info,Service Control Manager,System,396,2248,WIN-TFHMB3RRSQV,4,,Service started or stopped,,,Name: Windows Font Cache Service | Windows Font Cache Service,Status: stopped,,,,,,False,example_files\original\C\Windows\System32\winevt\logs\System.evtx,"Audit success, classic",0,"{""EventData"":{""Data"":[{""@Name"":""param1"",""#text"":""Windows Font Cache Service""},{""@Name"":""param2"",""#text"":""stopped""}],""Binary"":""46-00-6F-00-6E-00-74-00-43-00-61-00-63-00-68-00-65-00-2F-00-31-00-00-00""}}"
630,630,2025-02-04 03:17:27.3601469,7036,Info,Service Control Manager,System,396,2248,WIN-TFHMB3RRSQV,4,,Service started or stopped,,,Name: User Profile Service | User Profile Service,Status: stopped,,,,,,False,example_files\original\C\Windows\System32\winevt\logs\System.evtx,"Audit success, classic",0,"{""EventData"":{""Data"":[{""@Name"":""param1"",""#text"":""User Profile Service""},{""@Name"":""param2"",""#text"":""stopped""}],""Binary"":""50-00-72-00-6F-00-66-00-53-00-76-00-63-00-2F-00-31-00-00-00""}}"
