34,34,2025-02-04 19:08:42.5864423,20010,Info,Microsoft-Windows-UserPnp,System,568,584,37L4247F27-25,0,S-1-5-18,,,,,,,,,,,False,example_files\original\C\Windows\System32\winevt\logs\System.evtx,Classic,0,"{""UserData"":{""INFO_PNP_STATE"":{""InstallSubsystemState"":""True"",""CachingSubsystemState"":""True""}}}"
35,35,2025-02-04 19:08:42.6176424,7036,Info,Service Control Manager,System,444,536,37L4247F27-25,0,,Service started or stopped,,,Name: Power | Power,Status: running,,,,,,False,example_files\original\C\Windows\System32\winevt\logs\System.evtx,"Audit success, classic",0,"{""EventData"":{""Data"":[{""@Name"":""param1"",""#text"":""Power""},{""@Name"":""param2"",""#text"":""running""}],""Binary"":""50-00-6F-00-77-00-65-00-72-00-2F-00-34-00-00-00""}}"
36,36,2025-02-04 19:08:42.6332424,7036,Info,Service Control Manager,System,444,536,37L4247F27-25,0,,Service started or stopped,,,Name: DCOM Server Process Launcher | DCOM Server Process Launcher,Status: running,,,,,,False,example_files\original\C\Windows\System32\winevt\logs\System.evtx,"Audit success, classic",0,"{""EventData"":{""Data"":[{""@Name"":""param1"",""#text"":""DCOM Server Process Launcher""},{""@Name"":""param2"",""#text"":""running""}],""Binary"":""44-00-63-00-6F-00-6D-00-4C-00-61-00-75-00-6E-00-63-00-68-00-2F-00-34-00-00-00""}}"
37,37,2025-02-04 19:08:42.6332424,7036,Info,Service Control Manager,System,444,624,37L4247F27-25,0,,Service started or stopped,,,Name: RPC Endpoint Mapper | RPC Endpoint Mapper,Status: running,,,,,,False,example_files\original\C\Windows\System32\winevt\logs\System.evtx,"Audit success, classic",0,"{""EventData"":{""Data"":[{""@Name"":""param1"",""#text"":""RPC Endpoint Mapper""},{""@Name"":""param2"",""#text"":""running""}],""Binary"":""52-00-70-00-63-00-45-00-70-00-74-00-4D-00-61-00-70-00-70-00-65-00-72-00-2F-00-34-00-00-00""}}"
38,38,2025-02-04 19:08:42.6488424,7036,Info,Service Control Manager,System,444,624,37L4247F27-25,0,,Service started or stopped,,,Name: Remote Procedure Call (RPC) | Remote Procedure Call (RPC),Status: running,,,,,,False,example_files\original\C\Windows\System32\winevt\logs\System.evtx,"Audit success, classic",0,"{""EventData"":{""Data"":[{""@Name"":""param1"",""#text"":""Remote Procedure Call (RPC)""},{""@Name"":""param2"",""#text"":""running""}],""Binary"":""52-00-70-00-63-00-53-00-73-00-2F-00-34-00-00-00""}}"
39,39,2025-02-04 19:08:44.0840449,7040,Info,Service Control Manager,System,444,536,37L4247F27-25,0,S-1-5-18,Start type of a service has changed,,,The start type of the storvsc was changed from boot start to demand start,,,,,,storvsc,False,example_files\original\C\Windows\System32\winevt\logs\System.evtx,"Audit success, classic",0,"{""EventData"":{""Data"":[{""@Name"":""param1"",""#text"":""storvsc""},{""@Name"":""param2"",""#text"":""boot start""},{""@Name"":""param3"",""#text"":""demand start""},{""@Name"":""param4"",""#text"":""storvsc""}]}}"
40,40,2025-02-04 19:08:44.0996450,7040,Info,Service Control Manager,System,444,536,37L4247F27-25,0,S-1-5-18,Start type of a service has changed,,,The start type of the msdsm was changed from boot start to demand start,,,,,,msdsm,False,example_files\original\C\Windows\System32\winevt\logs\System.evtx,"Audit success, classic",0,"{""EventData"":{""Data"":[{""@Name"":""param1"",""#text"":""msdsm""},{""@Name"":""param2"",""#text"":""boot start""},{""@Name"":""param3"",""#text"":""demand start""},{""@Name"":""param4"",""#text"":""msdsm""}]}}"
41,41,2025-02-04 19:08:44.1152450,7040,Info,Service Control Manager,System,444,536,37L4247F27-25,0,S-1-5-18,Start type of a service has changed,,,The start type of the mpio was changed from boot start to demand start,,,,,,mpio,False,example_files\original\C\Windows\System32\winevt\logs\System.evtx,"Audit success, classic",0,"{""EventData"":{""Data"":[{""@Name"":""param1"",""#text"":""mpio""},{""@Name"":""param2"",""#text"":""boot start""},{""@Name"":""param3"",""#text"":""demand start""},{""@Name"":""param4"",""#text"":""mpio""}]}}"
42,42,2025-02-04 19:08:44.1152450,7040,Info,Service Control Manager,System,444,536,37L4247F27-25,0,S-1-5-18,Start type of a service has changed,,,The start type of the adpu320 was changed from boot start to demand start,,,,,,adpu320,False,example_files\original\C\Windows\System32\winevt\logs\System.evtx,"Audit success, classic",0,"{""EventData"":{""Data"":[{""@Name"":""param1"",""#text"":""adpu320""},{""@Name"":""param2"",""#text"":""boot start""},{""@Name"":""param3"",""#text"":""demand start""},{""@Name"":""param4"",""#text"":""adpu320""}]}}"
43,43,2025-02-04 19:08:44.1308450,7040,Info,Service Control Manager,System,444,536,37L4247F27-25,0,S-1-5-18,Start type of a service has changed,,,The start type of the adp94xx was changed from boot start to demand start,,,,,,adp94xx,False,example_files\original\C\Windows\System32\winevt\logs\System.evtx,"Audit success, classic",0,"{""EventData"":{""Data"":[{""@Name"":""param1"",""#text"":""adp94xx""},{""@Name"":""param2"",""#text"":""boot start""},{""@Name"":""param3"",""#text"":""demand start""},{""@Name"":""param4"",""#text"":""adp94xx""}]}}"
44,44,2025-02-04 19:08:44.1308450,7040,Info,Service Control Manager,System,444,536,37L4247F27-25,0,S-1-5-18,Start type of a service has changed,,,The start type of the arcsas was changed from boot start to demand start,,,,,,arcsas,False,example_files\original\C\Windows\System32\winevt\logs\System.evtx,"Audit success, classic",0,"{""EventData"":{""Data"":[{""@Name"":""param1"",""#text"":""arcsas""},{""@Name"":""param2"",""#text"":""boot start""},{""@Name"":""param3"",""#text"":""demand start""},{""@Name"":""param4"",""#text"":""arcsas""}]}}"
45,45,2025-02-04 19:08:44.1464450,7040,Info,Service Control Manager,System,444,536,37L4247F27-25,0,S-1-5-18,Start type of a service has changed,,,The start type of the arc was changed from boot start to demand start,,,,,,arc,False,example_files\original\C\Windows\System32\winevt\logs\System.evtx,"Audit success, classic",0,"{""EventData"":{""Data"":[{""@Name"":""param1"",""#text"":""arc""},{""@Name"":""param2"",""#text"":""boot start""},{""@Name"":""param3"",""#text"":""demand start""},{""@Name"":""param4"",""#text"":""arc""}]}}"
46,46,2025-02-04 19:08:44.1464450,7040,Info,Service Control Manager,System,444,536,37L4247F27-25,0,S-1-5-18,Start type of a service has changed,,,The start type of the adpahci was changed from boot start to demand start,,,,,,adpahci,False,example_files\original\C\Windows\System32\winevt\logs\System.evtx,"Audit success, classic",0,"{""EventData"":{""Data"":[{""@Name"":""param1"",""#text"":""adpahci""},{""@Name"":""param2"",""#text"":""boot start""},{""@Name"":""param3"",""#text"":""demand start""},{""@Name"":""param4"",""#text"":""adpahci""}]}}"
47,47,2025-02-04 19:08:44.1620451,7040,Info,Service Control Manager,System,444,536,37L4247F27-25,0,S-1-5-18,Start type of a service has changed,,,The start type of the iaStorV was changed from boot start to demand start,,,,,,iaStorV,False,example_files\original\C\Windows\System32\winevt\logs\System.evtx,"Audit success, classic",0,"{""EventData"":{""Data"":[{""@Name"":""param1"",""#text"":""iaStorV""},{""@Name"":""param2"",""#text"":""boot start""},{""@Name"":""param3"",""#text"":""demand start""},{""@Name"":""param4"",""#text"":""iaStorV""}]}}"
48,48,2025-02-04 19:08:44.1620451,7040,Info,Service Control Manager,System,444,536,37L4247F27-25,0,S-1-5-18,Start type of a service has changed,,,The start type of the iirsp was changed from boot start to demand start,,,,,,iirsp,False,example_files\original\C\Windows\System32\winevt\logs\System.evtx,"Audit success, classic",0,"{""EventData"":{""Data"":[{""@Name"":""param1"",""#text"":""iirsp""},{""@Name"":""param2"",""#text"":""boot start""},{""@Name"":""param3"",""#text"":""demand start""},{""@Name"":""param4"",""#text"":""iirsp""}]}}"
49,49,2025-02-04 19:08:44.1776451,7040,Info,Service Control Manager,System,444,536,37L4247F27-25,0,S-1-5-18,Start type of a service has changed,,,The start type of the vsmraid was changed from boot start to demand start,,,,,,vsmraid,False,example_files\original\C\Windows\System32\winevt\logs\System.evtx,"Audit success, classic",0,"{""EventData"":{""Data"":[{""@Name"":""param1"",""#text"":""vsmraid""},{""@Name"":""param2"",""#text"":""boot start""},{""@Name"":""param3"",""#text"":""demand start""},{""@Name"":""param4"",""#text"":""vsmraid""}]}}"
50,50,2025-02-04 19:08:44.1932451,7040,Info,Service Control Manager,System,444,536,37L4247F27-25,0,S-1-5-18,Start type of a service has changed,,,The start type of the viaide was changed from boot start to demand start,,,,,,viaide,False,example_files\original\C\Windows\System32\winevt\logs\System.evtx,"Audit success, classic",0,"{""EventData"":{""Data"":[{""@Name"":""param1"",""#text"":""viaide""},{""@Name"":""param2"",""#text"":""boot start""},{""@Name"":""param3"",""#text"":""demand start""},{""@Name"":""param4"",""#text"":""viaide""}]}}"
51,51,2025-02-04 19:08:44.1932451,7040,Info,Service Control Manager,System,444,536,37L4247F27-25,0,S-1-5-18,Start type of a service has changed,,,The start type of the elxstor was changed from boot start to demand start,,,,,,elxstor,False,example_files\original\C\Windows\System32\winevt\logs\System.evtx,"Audit success, classic",0,"{""EventData"":{""Data"":[{""@Name"":""param1"",""#text"":""elxstor""},{""@Name"":""param2"",""#text"":""boot start""},{""@Name"":""param3"",""#text"":""demand start""},{""@Name"":""param4"",""#text"":""elxstor""}]}}"
52,52,2025-02-04 19:08:44.2088451,7040,Info,Service Control Manager,System,444,536,37L4247F27-25,0,S-1-5-18,Start type of a service has changed,,,The start type of the nvstor was changed from boot start to demand start,,,,,,nvstor,False,example_files\original\C\Windows\System32\winevt\logs\System.evtx,"Audit success, classic",0,"{""EventData"":{""Data"":[{""@Name"":""param1"",""#text"":""nvstor""},{""@Name"":""param2"",""#text"":""boot start""},{""@Name"":""param3"",""#text"":""demand start""},{""@Name"":""param4"",""#text"":""nvstor""}]}}"
53,53,2025-02-04 19:08:44.2088451,7040,Info,Service Control Manager,System,444,536,37L4247F27-25,0,S-1-5-18,Start type of a service has changed,,,The start type of the aliide was changed from boot start to demand start,,,,,,aliide,False,example_files\original\C\Windows\System32\winevt\logs\System.evtx,"Audit success, classic",0,"{""EventData"":{""Data"":[{""@Name"":""param1"",""#text"":""aliide""},{""@Name"":""param2"",""#text"":""boot start""},{""@Name"":""param3"",""#text"":""demand start""},{""@Name"":""param4"",""#text"":""aliide""}]}}"
54,54,2025-02-04 19:08:44.2244452,7040,Info,Service Control Manager,System,444,536,37L4247F27-25,0,S-1-5-18,Start type of a service has changed,,,The start type of the cmdide was changed from boot start to demand start,,,,,,cmdide,False,example_files\original\C\Windows\System32\winevt\logs\System.evtx,"Audit success, classic",0,"{""EventData"":{""Data"":[{""@Name"":""param1"",""#text"":""cmdide""},{""@Name"":""param2"",""#text"":""boot start""},{""@Name"":""param3"",""#text"":""demand start""},{""@Name"":""param4"",""#text"":""cmdide""}]}}"
55,55,2025-02-04 19:08:44.2244452,7040,Info,Service Control Manager,System,444,536,37L4247F27-25,0,S-1-5-18,Start type of a service has changed,,,The start type of the ql40xx was changed from boot start to demand start,,,,,,ql40xx,False,example_files\original\C\Windows\System32\winevt\logs\System.evtx,"Audit success, classic",0,"{""EventData"":{""Data"":[{""@Name"":""param1"",""#text"":""ql40xx""},{""@Name"":""param2"",""#text"":""boot start""},{""@Name"":""param3"",""#text"":""demand start""},{""@Name"":""param4"",""#text"":""ql40xx""}]}}"
56,56,2025-02-04 19:08:44.2400452,7040,Info,Service Control Manager,System,444,536,37L4247F27-25,0,S-1-5-18,Start type of a service has changed,,,The start type of the ql2300 was changed from boot start to demand start,,,,,,ql2300,False,example_files\original\C\Windows\System32\winevt\logs\System.evtx,"Audit success, classic",0,"{""EventData"":{""Data"":[{""@Name"":""param1"",""#text"":""ql2300""},{""@Name"":""param2"",""#text"":""boot start""},{""@Name"":""param3"",""#text"":""demand start""},{""@Name"":""param4"",""#text"":""ql2300""}]}}"
57,57,2025-02-04 19:08:44.2400452,7040,Info,Service Control Manager,System,444,536,37L4247F27-25,0,S-1-5-18,Start type of a service has changed,,,The start type of the stexstor was changed from boot start to demand start,,,,,,stexstor,False,example_files\original\C\Windows\System32\winevt\logs\System.evtx,"Audit success, classic",0,"{""EventData"":{""Data"":[{""@Name"":""param1"",""#text"":""stexstor""},{""@Name"":""param2"",""#text"":""boot start""},{""@Name"":""param3"",""#text"":""demand start""},{""@Name"":""param4"",""#text"":""stexstor""}]}}"
58,58,2025-02-04 19:08:44.2400452,7040,Info,Service Control Manager,System,444,536,37L4247F27-25,0,S-1-5-18,Start type of a service has changed,,,The start type of the SiSRaid4 was changed from boot start to demand start,,,,,,SiSRaid4,False,example_files\original\C\Windows\System32\winevt\logs\System.evtx,"Audit success, classic",0,"{""EventData"":{""Data"":[{""@Name"":""param1"",""#text"":""SiSRaid4""},{""@Name"":""param2"",""#text"":""boot start""},{""@Name"":""param3"",""#text"":""demand start""},{""@Name"":""param4"",""#text"":""SiSRaid4""}]}}"
59,59,2025-02-04 19:08:44.2556452,7040,Info,Service Control Manager,System,444,536,37L4247F27-25,0,S-1-5-18,Start type of a service has changed,,,The start type of the SiSRaid2 was changed from boot start to demand start,,,,,,SiSRaid2,False,example_files\original\C\Windows\System32\winevt\logs\System.evtx,"Audit success, classic",0,"{""EventData"":{""Data"":[{""@Name"":""param1"",""#text"":""SiSRaid2""},{""@Name"":""param2"",""#text"":""boot start""},{""@Name"":""param3"",""#text"":""demand start""},{""@Name"":""param4"",""#text"":""SiSRaid2""}]}}"
60,60,2025-02-04 19:08:44.2556452,7040,Info,Service Control Manager,System,444,536,37L4247F27-25,0,S-1-5-18,Start type of a service has changed,,,The start type of the amdide was changed from boot start to demand start,,,,,,amdide,False,example_files\original\C\Windows\System32\winevt\logs\System.evtx,"Audit success, classic",0,"{""EventData"":{""Data"":[{""@Name"":""param1"",""#text"":""amdide""},{""@Name"":""param2"",""#text"":""boot start""},{""@Name"":""param3"",""#text"":""demand start""},{""@Name"":""param4"",""#text"":""amdide""}]}}"
61,61,2025-02-04 19:08:44.2712453,7040,Info,Service Control Manager,System,444,536,37L4247F27-25,0,S-1-5-18,Start type of a service has changed,,,The start type of the nfrd960 was changed from boot start to demand start,,,,,,nfrd960,False,example_files\original\C\Windows\System32\winevt\logs\System.evtx,"Audit success, classic",0,"{""EventData"":{""Data"":[{""@Name"":""param1"",""#text"":""nfrd960""},{""@Name"":""param2"",""#text"":""boot start""},{""@Name"":""param3"",""#text"":""demand start""},{""@Name"":""param4"",""#text"":""nfrd960""}]}}"
62,62,2025-02-04 19:08:44.2868453,7040,Info,Service Control Manager,System,444,536,37L4247F27-25,0,S-1-5-18,Start type of a service has changed,,,The start type of the amdsata was changed from boot start to demand start,,,,,,amdsata,False,example_files\original\C\Windows\System32\winevt\logs\System.evtx,"Audit success, classic",0,"{""EventData"":{""Data"":[{""@Name"":""param1"",""#text"":""amdsata""},{""@Name"":""param2"",""#text"":""boot start""},{""@Name"":""param3"",""#text"":""demand start""},{""@Name"":""param4"",""#text"":""amdsata""}]}}"
63,63,2025-02-04 19:08:44.2868453,7040,Info,Service Control Manager,System,444,536,37L4247F27-25,0,S-1-5-18,Start type of a service has changed,,,The start type of the amdsbs was changed from boot start to demand start,,,,,,amdsbs,False,example_files\original\C\Windows\System32\winevt\logs\System.evtx,"Audit success, classic",0,"{""EventData"":{""Data"":[{""@Name"":""param1"",""#text"":""amdsbs""},{""@Name"":""param2"",""#text"":""boot start""},{""@Name"":""param3"",""#text"":""demand start""},{""@Name"":""param4"",""#text"":""amdsbs""}]}}"
64,64,2025-02-04 19:08:44.3024453,7040,Info,Service Control Manager,System,444,536,37L4247F27-25,0,S-1-5-18,Start type of a service has changed,,,The start type of the LSI_FC was changed from boot start to demand start,,,,,,LSI_FC,False,example_files\original\C\Windows\System32\winevt\logs\System.evtx,"Audit success, classic",0,"{""EventData"":{""Data"":[{""@Name"":""param1"",""#text"":""LSI_FC""},{""@Name"":""param2"",""#text"":""boot start""},{""@Name"":""param3"",""#text"":""demand start""},{""@Name"":""param4"",""#text"":""LSI_FC""}]}}"
65,65,2025-02-04 19:08:44.3024453,7040,Info,Service Control Manager,System,444,536,37L4247F27-25,0,S-1-5-18,Start type of a service has changed,,,The start type of the LSI_SAS2 was changed from boot start to demand start,,,,,,LSI_SAS2,False,example_files\original\C\Windows\System32\winevt\logs\System.evtx,"Audit success, classic",0,"{""EventData"":{""Data"":[{""@Name"":""param1"",""#text"":""LSI_SAS2""},{""@Name"":""param2"",""#text"":""boot start""},{""@Name"":""param3"",""#text"":""demand start""},{""@Name"":""param4"",""#text"":""LSI_SAS2""}]}}"
66,66,2025-02-04 19:08:44.3180453,7040,Info,Service Control Manager,System,444,536,37L4247F27-25,0,S-1-5-18,Start type of a service has changed,,,The start type of the megasas was changed from boot start to demand start,,,,,,megasas,False,example_files\original\C\Windows\System32\winevt\logs\System.evtx,"Audit success, classic",0,"{""EventData"":{""Data"":[{""@Name"":""param1"",""#text"":""megasas""},{""@Name"":""param2"",""#text"":""boot start""},{""@Name"":""param3"",""#text"":""demand start""},{""@Name"":""param4"",""#text"":""megasas""}]}}"
67,67,2025-02-04 19:08:44.3180453,7040,Info,Service Control Manager,System,444,536,37L4247F27-25,0,S-1-5-18,Start type of a service has changed,,,The start type of the MegaSR was changed from boot start to demand start,,,,,,MegaSR,False,example_files\original\C\Windows\System32\winevt\logs\System.evtx,"Audit success, classic",0,"{""EventData"":{""Data"":[{""@Name"":""param1"",""#text"":""MegaSR""},{""@Name"":""param2"",""#text"":""boot start""},{""@Name"":""param3"",""#text"":""demand start""},{""@Name"":""param4"",""#text"":""MegaSR""}]}}"
68,68,2025-02-04 19:08:44.3336454,7040,Info,Service Control Manager,System,444,536,37L4247F27-25,0,S-1-5-18,Start type of a service has changed,,,The start type of the LSI_SCSI was changed from boot start to demand start,,,,,,LSI_SCSI,False,example_files\original\C\Windows\System32\winevt\logs\System.evtx,"Audit success, classic",0,"{""EventData"":{""Data"":[{""@Name"":""param1"",""#text"":""LSI_SCSI""},{""@Name"":""param2"",""#text"":""boot start""},{""@Name"":""param3"",""#text"":""demand start""},{""@Name"":""param4"",""#text"":""LSI_SCSI""}]}}"
69,69,2025-02-04 19:08:44.3336454,7040,Info,Service Control Manager,System,444,536,37L4247F27-25,0,S-1-5-18,Start type of a service has changed,,,The start type of the HpSAMD was changed from boot start to demand start,,,,,,HpSAMD,False,example_files\original\C\Windows\System32\winevt\logs\System.evtx,"Audit success, classic",0,"{""EventData"":{""Data"":[{""@Name"":""param1"",""#text"":""HpSAMD""},{""@Name"":""param2"",""#text"":""boot start""},{""@Name"":""param3"",""#text"":""demand start""},{""@Name"":""param4"",""#text"":""HpSAMD""}]}}"
70,70,2025-02-04 19:08:44.3492454,7040,Info,Service Control Manager,System,444,536,37L4247F27-25,0,S-1-5-18,Start type of a service has changed,,,The start type of the pciide was changed from boot start to demand start,,,,,,pciide,False,example_files\original\C\Windows\System32\winevt\logs\System.evtx,"Audit success, classic",0,"{""EventData"":{""Data"":[{""@Name"":""param1"",""#text"":""pciide""},{""@Name"":""param2"",""#text"":""boot start""},{""@Name"":""param3"",""#text"":""demand start""},{""@Name"":""param4"",""#text"":""pciide""}]}}"
71,71,2025-02-04 19:08:44.3492454,7040,Info,Service Control Manager,System,444,536,37L4247F27-25,0,S-1-5-18,Start type of a service has changed,,,The start type of the Compbatt was changed from boot start to demand start,,,,,,Compbatt,False,example_files\original\C\Windows\System32\winevt\logs\System.evtx,"Audit success, classic",0,"{""EventData"":{""Data"":[{""@Name"":""param1"",""#text"":""Compbatt""},{""@Name"":""param2"",""#text"":""boot start""},{""@Name"":""param3"",""#text"":""demand start""},{""@Name"":""param4"",""#text"":""Compbatt""}]}}"
72,72,2025-02-04 19:08:44.3648454,7040,Info,Service Control Manager,System,444,536,37L4247F27-25,0,S-1-5-18,Start type of a service has changed,,,The start type of the vmbus was changed from boot start to demand start,,,,,,vmbus,False,example_files\original\C\Windows\System32\winevt\logs\System.evtx,"Audit success, classic",0,"{""EventData"":{""Data"":[{""@Name"":""param1"",""#text"":""vmbus""},{""@Name"":""param2"",""#text"":""boot start""},{""@Name"":""param3"",""#text"":""demand start""},{""@Name"":""param4"",""#text"":""vmbus""}]}}"
73,73,2025-02-04 19:08:44.3804454,7040,Info,Service Control Manager,System,444,536,37L4247F27-25,0,S-1-5-18,Start type of a service has changed,,,The start type of the sbp2port was changed from boot start to demand start,,,,,,sbp2port,False,example_files\original\C\Windows\System32\winevt\logs\System.evtx,"Audit success, classic",0,"{""EventData"":{""Data"":[{""@Name"":""param1"",""#text"":""sbp2port""},{""@Name"":""param2"",""#text"":""boot start""},{""@Name"":""param3"",""#text"":""demand start""},{""@Name"":""param4"",""#text"":""sbp2port""}]}}"
74,74,2025-02-04 19:08:44.3804454,7040,Info,Service Control Manager,System,444,536,37L4247F27-25,0,S-1-5-18,Start type of a service has changed,,,The start type of the Wd was changed from boot start to demand start,,,,,,Wd,False,example_files\original\C\Windows\System32\winevt\logs\System.evtx,"Audit success, classic",0,"{""EventData"":{""Data"":[{""@Name"":""param1"",""#text"":""Wd""},{""@Name"":""param2"",""#text"":""boot start""},{""@Name"":""param3"",""#text"":""demand start""},{""@Name"":""param4"",""#text"":""Wd""}]}}"
75,75,2025-02-04 19:08:44.3960455,7040,Info,Service Control Manager,System,444,536,37L4247F27-25,0,S-1-5-18,Start type of a service has changed,,,The start type of the nvraid was changed from boot start to demand start,,,,,,nvraid,False,example_files\original\C\Windows\System32\winevt\logs\System.evtx,"Audit success, classic",0,"{""EventData"":{""Data"":[{""@Name"":""param1"",""#text"":""nvraid""},{""@Name"":""param2"",""#text"":""boot start""},{""@Name"":""param3"",""#text"":""demand start""},{""@Name"":""param4"",""#text"":""nvraid""}]}}"
76,76,2025-02-04 19:08:44.4116455,7040,Info,Service Control Manager,System,444,536,37L4247F27-25,0,S-1-5-18,Start type of a service has changed,,,The start type of the isapnp was changed from boot start to demand start,,,,,,isapnp,False,example_files\original\C\Windows\System32\winevt\logs\System.evtx,"Audit success, classic",0,"{""EventData"":{""Data"":[{""@Name"":""param1"",""#text"":""isapnp""},{""@Name"":""param2"",""#text"":""boot start""},{""@Name"":""param3"",""#text"":""demand start""},{""@Name"":""param4"",""#text"":""isapnp""}]}}"
77,77,2025-02-04 19:08:44.4116455,7040,Info,Service Control Manager,System,444,536,37L4247F27-25,0,S-1-5-18,Start type of a service has changed,,,The start type of the Serial was changed from system start to demand start,,,,,,Serial,False,example_files\original\C\Windows\System32\winevt\logs\System.evtx,"Audit success, classic",0,"{""EventData"":{""Data"":[{""@Name"":""param1"",""#text"":""Serial""},{""@Name"":""param2"",""#text"":""system start""},{""@Name"":""param3"",""#text"":""demand start""},{""@Name"":""param4"",""#text"":""Serial""}]}}"
78,78,2025-02-04 19:08:44.5364457,6,Info,Microsoft-Windows-FilterManager,System,4,60,37L4247F27-25,0,S-1-5-18,,,,,,,,,,,False,example_files\original\C\Windows\System32\winevt\logs\System.evtx,Classic,0,"{""EventData"":{""Data"":[{""@Name"":""FinalStatus"",""#text"":""0x0""},{""@Name"":""DeviceVersionMajor"",""#text"":""6""},{""@Name"":""DeviceVersionMinor"",""#text"":""1""},{""@Name"":""DeviceNameLength"",""#text"":""5""},{""@Name"":""DeviceName"",""#text"":""luafv""},{""@Name"":""DeviceTime"",""#text"":""2009-07-13 15:26:13.0000000""}]}}"
79,79,2025-02-04 19:08:44.5676458,7036,Info,Service Control Manager,System,444,536,37L4247F27-25,0,,Service started or stopped,,,Name: Windows Event Log | Windows Event Log,Status: running,,,,,,False,example_files\original\C\Windows\System32\winevt\logs\System.evtx,"Audit success, classic",0,"{""EventData"":{""Data"":[{""@Name"":""param1"",""#text"":""Windows Event Log""},{""@Name"":""param2"",""#text"":""running""}],""Binary"":""65-00-76-00-65-00-6E-00-74-00-6C-00-6F-00-67-00-2F-00-34-00-00-00""}}"
80,80,2025-02-04 19:08:44.5832458,7036,Info,Service Control Manager,System,444,536,37L4247F27-25,0,,Service started or stopped,,,Name: Multimedia Class Scheduler | Multimedia Class Scheduler,Status: running,,,,,,False,example_files\original\C\Windows\System32\winevt\logs\System.evtx,"Audit success, classic",0,"{""EventData"":{""Data"":[{""@Name"":""param1"",""#text"":""Multimedia Class Scheduler""},{""@Name"":""param2"",""#text"":""running""}],""Binary"":""4D-00-4D-00-43-00-53-00-53-00-2F-00-34-00-00-00""}}"
81,81,2025-02-04 19:08:44.5988458,7036,Info,Service Control Manager,System,444,536,37L4247F27-25,0,,Service started or stopped,,,Name: Windows Audio Endpoint Builder | Windows Audio Endpoint Builder,Status: running,,,,,,False,example_files\original\C\Windows\System32\winevt\logs\System.evtx,"Audit success, classic",0,"{""EventData"":{""Data"":[{""@Name"":""param1"",""#text"":""Windows Audio Endpoint Builder""},{""@Name"":""param2"",""#text"":""running""}],""Binary"":""41-00-75-00-64-00-69-00-6F-00-45-00-6E-00-64-00-70-00-6F-00-69-00-6E-00-74-00-42-00-75-00-69-00-6C-00-64-00-65-00-72-00-2F-00-34-00-00-00""}}"
82,82,2025-02-04 19:08:44.5988458,7036,Info,Service Control Manager,System,444,536,37L4247F27-25,0,,Service started or stopped,,,Name: Windows Audio | Windows Audio,Status: running,,,,,,False,example_files\original\C\Windows\System32\winevt\logs\System.evtx,"Audit success, classic",0,"{""EventData"":{""Data"":[{""@Name"":""param1"",""#text"":""Windows Audio""},{""@Name"":""param2"",""#text"":""running""}],""Binary"":""41-00-75-00-64-00-69-00-6F-00-53-00-72-00-76-00-2F-00-34-00-00-00""}}"
83,83,2025-02-04 19:08:44.6144459,7036,Info,Service Control Manager,System,444,624,37L4247F27-25,0,,Service started or stopped,,,Name: Themes | Themes,Status: running,,,,,,False,example_files\original\C\Windows\System32\winevt\logs\System.evtx,"Audit success, classic",0,"{""EventData"":{""Data"":[{""@Name"":""param1"",""#text"":""Themes""},{""@Name"":""param2"",""#text"":""running""}],""Binary"":""54-00-68-00-65-00-6D-00-65-00-73-00-2F-00-34-00-00-00""}}"
84,84,2025-02-04 19:08:44.6300459,7036,Info,Service Control Manager,System,444,536,37L4247F27-25,0,,Service started or stopped,,,Name: User Profile Service | User Profile Service,Status: running,,,,,,False,example_files\original\C\Windows\System32\winevt\logs\System.evtx,"Audit success, classic",0,"{""EventData"":{""Data"":[{""@Name"":""param1"",""#text"":""User Profile Service""},{""@Name"":""param2"",""#text"":""running""}],""Binary"":""50-00-72-00-6F-00-66-00-53-00-76-00-63-00-2F-00-34-00-00-00""}}"
85,85,2025-02-04 19:08:44.6300459,7036,Info,Service Control Manager,System,444,536,37L4247F27-25,0,,Service started or stopped,,,Name: Group Policy Client | Group Policy Client,Status: running,,,,,,False,example_files\original\C\Windows\System32\winevt\logs\System.evtx,"Audit success, classic",0,"{""EventData"":{""Data"":[{""@Name"":""param1"",""#text"":""Group Policy Client""},{""@Name"":""param2"",""#text"":""running""}],""Binary"":""67-00-70-00-73-00-76-00-63-00-2F-00-34-00-00-00""}}"
86,86,2025-02-04 19:08:44.6456459,7036,Info,Service Control Manager,System,444,536,37L4247F27-25,0,,Service started or stopped,,,Name: Offline Files | Offline Files,Status: running,,,,,,False,example_files\original\C\Windows\System32\winevt\logs\System.evtx,"Audit success, classic",0,"{""EventData"":{""Data"":[{""@Name"":""param1"",""#text"":""Offline Files""},{""@Name"":""param2"",""#text"":""running""}],""Binary"":""43-00-73-00-63-00-53-00-65-00-72-00-76-00-69-00-63-00-65-00-2F-00-34-00-00-00""}}"
87,87,2025-02-04 19:08:44.6456459,7036,Info,Service Control Manager,System,444,536,37L4247F27-25,0,,Service started or stopped,,,Name: COM+ Event System | COM+ Event System,Status: running,,,,,,False,example_files\original\C\Windows\System32\winevt\logs\System.evtx,"Audit success, classic",0,"{""EventData"":{""Data"":[{""@Name"":""param1"",""#text"":""COM+ Event System""},{""@Name"":""param2"",""#text"":""running""}],""Binary"":""45-00-76-00-65-00-6E-00-74-00-53-00-79-00-73-00-74-00-65-00-6D-00-2F-00-34-00-00-00""}}"
88,88,2025-02-04 19:08:44.6612459,7036,Info,Service Control Manager,System,444,536,37L4247F27-25,0,,Service started or stopped,,,Name: System Event Notification Service | System Event Notification Service,Status: running,,,,,,False,example_files\original\C\Windows\System32\winevt\logs\System.evtx,"Audit success, classic",0,"{""EventData"":{""Data"":[{""@Name"":""param1"",""#text"":""System Event Notification Service""},{""@Name"":""param2"",""#text"":""running""}],""Binary"":""53-00-45-00-4E-00-53-00-2F-00-34-00-00-00""}}"
89,89,2025-02-04 19:08:44.8952464,7036,Info,Service Control Manager,System,444,536,37L4247F27-25,0,,Service started or stopped,,,Name: Windows Modules Installer | Windows Modules Installer,Status: running,,,,,,False,example_files\original\C\Windows\System32\winevt\logs\System.evtx,"Audit success, classic",0,"{""EventData"":{""Data"":[{""@Name"":""param1"",""#text"":""Windows Modules Installer""},{""@Name"":""param2"",""#text"":""running""}],""Binary"":""54-00-72-00-75-00-73-00-74-00-65-00-64-00-49-00-6E-00-73-00-74-00-61-00-6C-00-6C-00-65-00-72-00-2F-00-34-00-00-00""}}"
90,90,2025-02-04 19:08:44.8952464,7036,Info,Service Control Manager,System,444,536,37L4247F27-25,0,,Service started or stopped,,,Name: Desktop Window Manager Session Manager | Desktop Window Manager Session Manager,Status: running,,,,,,False,example_files\original\C\Windows\System32\winevt\logs\System.evtx,"Audit success, classic",0,"{""EventData"":{""Data"":[{""@Name"":""param1"",""#text"":""Desktop Window Manager Session Manager""},{""@Name"":""param2"",""#text"":""running""}],""Binary"":""55-00-78-00-53-00-6D-00-73-00-2F-00-34-00-00-00""}}"
91,91,2025-02-04 19:08:44.8952464,7036,Info,Service Control Manager,System,444,624,37L4247F27-25,0,,Service started or stopped,,,Name: Security Accounts Manager | Security Accounts Manager,Status: running,,,,,,False,example_files\original\C\Windows\System32\winevt\logs\System.evtx,"Audit success, classic",0,"{""EventData"":{""Data"":[{""@Name"":""param1"",""#text"":""Security Accounts Manager""},{""@Name"":""param2"",""#text"":""running""}],""Binary"":""53-00-61-00-6D-00-53-00-73-00-2F-00-34-00-00-00""}}"
92,92,2025-02-04 19:08:44.9108464,7036,Info,Service Control Manager,System,444,536,37L4247F27-25,0,,Service started or stopped,,,Name: Network Store Interface Service | Network Store Interface Service,Status: running,,,,,,False,example_files\original\C\Windows\System32\winevt\logs\System.evtx,"Audit success, classic",0,"{""EventData"":{""Data"":[{""@Name"":""param1"",""#text"":""Network Store Interface Service""},{""@Name"":""param2"",""#text"":""running""}],""Binary"":""6E-00-73-00-69-00-2F-00-34-00-00-00""}}"
93,93,2025-02-04 19:08:44.9108464,7036,Info,Service Control Manager,System,444,536,37L4247F27-25,0,,Service started or stopped,,,Name: TCP/IP NetBIOS Helper | TCP/IP NetBIOS Helper,Status: running,,,,,,False,example_files\original\C\Windows\System32\winevt\logs\System.evtx,"Audit success, classic",0,"{""EventData"":{""Data"":[{""@Name"":""param1"",""#text"":""TCP/IP NetBIOS Helper""},{""@Name"":""param2"",""#text"":""running""}],""Binary"":""6C-00-6D-00-68-00-6F-00-73-00-74-00-73-00-2F-00-34-00-00-00""}}"
94,94,2025-02-04 19:08:44.9108464,50036,Info,Microsoft-Windows-Dhcp-Client,System,804,292,37L4247F27-25,0,S-1-5-19,,,,,,,,,,,False,example_files\original\C\Windows\System32\winevt\logs\System.evtx,0x2000000000000000,0,"{""EventData"":""""}"
95,95,2025-02-04 19:08:44.9108464,51046,Info,Microsoft-Windows-DHCPv6-Client,System,804,340,37L4247F27-25,0,S-1-5-19,,,,,,,,,,,False,example_files\original\C\Windows\System32\winevt\logs\System.evtx,0x2000000000000000,0,"{""EventData"":""""}"
96,96,2025-02-04 19:08:44.9264464,7036,Info,Service Control Manager,System,444,536,37L4247F27-25,0,,Service started or stopped,,,Name: DHCP Client | DHCP Client,Status: running,,,,,,False,example_files\original\C\Windows\System32\winevt\logs\System.evtx,"Audit success, classic",0,"{""EventData"":{""Data"":[{""@Name"":""param1"",""#text"":""DHCP Client""},{""@Name"":""param2"",""#text"":""running""}],""Binary"":""44-00-68-00-63-00-70-00-2F-00-34-00-00-00""}}"
97,97,2025-02-04 19:08:44.9264464,7036,Info,Service Control Manager,System,444,536,37L4247F27-25,0,,Service started or stopped,,,Name: DNS Client | DNS Client,Status: running,,,,,,False,example_files\original\C\Windows\System32\winevt\logs\System.evtx,"Audit success, classic",0,"{""EventData"":{""Data"":[{""@Name"":""param1"",""#text"":""DNS Client""},{""@Name"":""param2"",""#text"":""running""}],""Binary"":""44-00-6E-00-73-00-63-00-61-00-63-00-68-00-65-00-2F-00-34-00-00-00""}}"
98,98,2025-02-04 19:08:44.9420464,7036,Info,Service Control Manager,System,444,536,37L4247F27-25,0,,Service started or stopped,,,Name: Shell Hardware Detection | Shell Hardware Detection,Status: running,,,,,,False,example_files\original\C\Windows\System32\winevt\logs\System.evtx,"Audit success, classic",0,"{""EventData"":{""Data"":[{""@Name"":""param1"",""#text"":""Shell Hardware Detection""},{""@Name"":""param2"",""#text"":""running""}],""Binary"":""53-00-68-00-65-00-6C-00-6C-00-48-00-57-00-44-00-65-00-74-00-65-00-63-00-74-00-69-00-6F-00-6E-00-2F-00-34-00-00-00""}}"
99,99,2025-02-04 19:08:44.9420464,7036,Info,Service Control Manager,System,444,536,37L4247F27-25,0,,Service started or stopped,,,Name: Shell Hardware Detection | Shell Hardware Detection,Status: stopped,,,,,,False,example_files\original\C\Windows\System32\winevt\logs\System.evtx,"Audit success, classic",0,"{""EventData"":{""Data"":[{""@Name"":""param1"",""#text"":""Shell Hardware Detection""},{""@Name"":""param2"",""#text"":""stopped""}],""Binary"":""53-00-68-00-65-00-6C-00-6C-00-48-00-57-00-44-00-65-00-74-00-65-00-63-00-74-00-69-00-6F-00-6E-00-2F-00-31-00-00-00""}}"
100,100,2025-02-04 19:08:45.1136467,7036,Info,Service Control Manager,System,444,624,37L4247F27-25,0,,Service started or stopped,,,Name: Task Scheduler | Task Scheduler,Status: running,,,,,,False,example_files\original\C\Windows\System32\winevt\logs\System.evtx,"Audit success, classic",0,"{""EventData"":{""Data"":[{""@Name"":""param1"",""#text"":""Task Scheduler""},{""@Name"":""param2"",""#text"":""running""}],""Binary"":""53-00-63-00-68-00-65-00-64-00-75-00-6C-00-65-00-2F-00-34-00-00-00""}}"
101,101,2025-02-04 19:08:45.1448468,7036,Info,Service Control Manager,System,444,536,37L4247F27-25,0,,Service started or stopped,,,Name: Print Spooler | Print Spooler,Status: running,,,,,,False,example_files\original\C\Windows\System32\winevt\logs\System.evtx,"Audit success, classic",0,"{""EventData"":{""Data"":[{""@Name"":""param1"",""#text"":""Print Spooler""},{""@Name"":""param2"",""#text"":""running""}],""Binary"":""53-00-70-00-6F-00-6F-00-6C-00-65-00-72-00-2F-00-34-00-00-00""}}"
102,102,2025-02-04 19:08:45.2072469,7036,Info,Service Control Manager,System,444,624,37L4247F27-25,0,,Service started or stopped,,,Name: Base Filtering Engine | Base Filtering Engine,Status: running,,,,,,False,example_files\original\C\Windows\System32\winevt\logs\System.evtx,"Audit success, classic",0,"{""EventData"":{""Data"":[{""@Name"":""param1"",""#text"":""Base Filtering Engine""},{""@Name"":""param2"",""#text"":""running""}],""Binary"":""42-00-46-00-45-00-2F-00-34-00-00-00""}}"
103,103,2025-02-04 19:08:45.2228469,7036,Info,Service Control Manager,System,444,624,37L4247F27-25,0,,Service started or stopped,,,Name: Windows Firewall | Windows Firewall,Status: running,,,,,,False,example_files\original\C\Windows\System32\winevt\logs\System.evtx,"Audit success, classic",0,"{""EventData"":{""Data"":[{""@Name"":""param1"",""#text"":""Windows Firewall""},{""@Name"":""param2"",""#text"":""running""}],""Binary"":""4D-00-70-00-73-00-53-00-76-00-63-00-2F-00-34-00-00-00""}}"
104,104,2025-02-04 19:08:45.2228469,7036,Info,Service Control Manager,System,444,624,37L4247F27-25,0,,Service started or stopped,,,Name: Workstation | Workstation,Status: running,,,,,,False,example_files\original\C\Windows\System32\winevt\logs\System.evtx,"Audit success, classic",0,"{""EventData"":{""Data"":[{""@Name"":""param1"",""#text"":""Workstation""},{""@Name"":""param2"",""#text"":""running""}],""Binary"":""4C-00-61-00-6E-00-6D-00-61-00-6E-00-57-00-6F-00-72-00-6B-00-73-00-74-00-61-00-74-00-69-00-6F-00-6E-00-2F-00-34-00-00-00""}}"
105,105,2025-02-04 19:08:45.2384470,201,Info,Microsoft-Windows-Application-Experience,System,836,1120,37L4247F27-25,0,S-1-5-18,,,,,,,,,,,False,example_files\original\C\Windows\System32\winevt\logs\System.evtx,Classic,0,"{""EventData"":""""}"
106,106,2025-02-04 19:08:45.2384470,7036,Info,Service Control Manager,System,444,624,37L4247F27-25,0,,Service started or stopped,,,Name: Program Compatibility Assistant Service | Program Compatibility Assistant Service,Status: running,,,,,,False,example_files\original\C\Windows\System32\winevt\logs\System.evtx,"Audit success, classic",0,"{""EventData"":{""Data"":[{""@Name"":""param1"",""#text"":""Program Compatibility Assistant Service""},{""@Name"":""param2"",""#text"":""running""}],""Binary"":""50-00-63-00-61-00-53-00-76-00-63-00-2F-00-34-00-00-00""}}"
107,107,2025-02-04 19:08:45.2540470,7036,Info,Service Control Manager,System,444,624,37L4247F27-25,0,,Service started or stopped,,,Name: Cryptographic Services | Cryptographic Services,Status: running,,,,,,False,example_files\original\C\Windows\System32\winevt\logs\System.evtx,"Audit success, classic",0,"{""EventData"":{""Data"":[{""@Name"":""param1"",""#text"":""Cryptographic Services""},{""@Name"":""param2"",""#text"":""running""}],""Binary"":""43-00-72-00-79-00-70-00-74-00-53-00-76-00-63-00-2F-00-34-00-00-00""}}"
108,108,2025-02-04 19:08:45.2696470,7036,Info,Service Control Manager,System,444,536,37L4247F27-25,0,,Service started or stopped,,,Name: Diagnostic Policy Service | Diagnostic Policy Service,Status: running,,,,,,False,example_files\original\C\Windows\System32\winevt\logs\System.evtx,"Audit success, classic",0,"{""EventData"":{""Data"":[{""@Name"":""param1"",""#text"":""Diagnostic Policy Service""},{""@Name"":""param2"",""#text"":""running""}],""Binary"":""44-00-50-00-53-00-2F-00-34-00-00-00""}}"
109,109,2025-02-04 19:08:45.2696470,7036,Info,Service Control Manager,System,444,624,37L4247F27-25,0,,Service started or stopped,,,Name: Superfetch | Superfetch,Status: running,,,,,,False,example_files\original\C\Windows\System32\winevt\logs\System.evtx,"Audit success, classic",0,"{""EventData"":{""Data"":[{""@Name"":""param1"",""#text"":""Superfetch""},{""@Name"":""param2"",""#text"":""running""}],""Binary"":""53-00-79-00-73-00-4D-00-61-00-69-00-6E-00-2F-00-34-00-00-00""}}"
110,110,2025-02-04 19:08:45.2696470,7036,Info,Service Control Manager,System,444,528,37L4247F27-25,0,,Service started or stopped,,,Name: Windows Management Instrumentation | Windows Management Instrumentation,Status: running,,,,,,False,example_files\original\C\Windows\System32\winevt\logs\System.evtx,"Audit success, classic",0,"{""EventData"":{""Data"":[{""@Name"":""param1"",""#text"":""Windows Management Instrumentation""},{""@Name"":""param2"",""#text"":""running""}],""Binary"":""57-00-69-00-6E-00-6D-00-67-00-6D-00-74-00-2F-00-34-00-00-00""}}"
111,111,2025-02-04 19:08:45.2852470,7036,Info,Service Control Manager,System,444,624,37L4247F27-25,0,,Service started or stopped,,,Name: Distributed Link Tracking Client | Distributed Link Tracking Client,Status: running,,,,,,False,example_files\original\C\Windows\System32\winevt\logs\System.evtx,"Audit success, classic",0,"{""EventData"":{""Data"":[{""@Name"":""param1"",""#text"":""Distributed Link Tracking Client""},{""@Name"":""param2"",""#text"":""running""}],""Binary"":""54-00-72-00-6B-00-57-00-6B-00-73-00-2F-00-34-00-00-00""}}"
112,112,2025-02-04 19:08:45.3008471,7036,Info,Service Control Manager,System,444,528,37L4247F27-25,0,,Service started or stopped,,,Name: Network Location Awareness | Network Location Awareness,Status: running,,,,,,False,example_files\original\C\Windows\System32\winevt\logs\System.evtx,"Audit success, classic",0,"{""EventData"":{""Data"":[{""@Name"":""param1"",""#text"":""Network Location Awareness""},{""@Name"":""param2"",""#text"":""running""}],""Binary"":""4E-00-6C-00-61-00-53-00-76-00-63-00-2F-00-34-00-00-00""}}"
113,113,2025-02-04 19:08:45.3164471,7036,Info,Service Control Manager,System,444,528,37L4247F27-25,0,,Service started or stopped,,,Name: IP Helper | IP Helper,Status: running,,,,,,False,example_files\original\C\Windows\System32\winevt\logs\System.evtx,"Audit success, classic",0,"{""EventData"":{""Data"":[{""@Name"":""param1"",""#text"":""IP Helper""},{""@Name"":""param2"",""#text"":""running""}],""Binary"":""69-00-70-00-68-00-6C-00-70-00-73-00-76-00-63-00-2F-00-34-00-00-00""}}"
114,114,2025-02-04 19:08:45.4880474,7036,Info,Service Control Manager,System,444,624,37L4247F27-25,0,,Service started or stopped,,,Name: Server | Server,Status: running,,,,,,False,example_files\original\C\Windows\System32\winevt\logs\System.evtx,"Audit success, classic",0,"{""EventData"":{""Data"":[{""@Name"":""param1"",""#text"":""Server""},{""@Name"":""param2"",""#text"":""running""}],""Binary"":""4C-00-61-00-6E-00-6D-00-61-00-6E-00-53-00-65-00-72-00-76-00-65-00-72-00-2F-00-34-00-00-00""}}"
115,115,2025-02-04 19:08:45.5192474,7036,Info,Service Control Manager,System,444,1324,37L4247F27-25,0,,Service started or stopped,,,Name: Diagnostic Service Host | Diagnostic Service Host,Status: running,,,,,,False,example_files\original\C\Windows\System32\winevt\logs\System.evtx,"Audit success, classic",0,"{""EventData"":{""Data"":[{""@Name"":""param1"",""#text"":""Diagnostic Service Host""},{""@Name"":""param2"",""#text"":""running""}],""Binary"":""57-00-64-00-69-00-53-00-65-00-72-00-76-00-69-00-63-00-65-00-48-00-6F-00-73-00-74-00-2F-00-34-00-00-00""}}"
116,116,2025-02-04 19:08:45.5348475,7036,Info,Service Control Manager,System,444,1324,37L4247F27-25,0,,Service started or stopped,,,Name: Application Experience | Application Experience,Status: running,,,,,,False,example_files\original\C\Windows\System32\winevt\logs\System.evtx,"Audit success, classic",0,"{""EventData"":{""Data"":[{""@Name"":""param1"",""#text"":""Application Experience""},{""@Name"":""param2"",""#text"":""running""}],""Binary"":""41-00-65-00-4C-00-6F-00-6F-00-6B-00-75-00-70-00-53-00-76-00-63-00-2F-00-34-00-00-00""}}"
117,117,2025-02-04 19:08:45.5348475,7036,Info,Service Control Manager,System,444,1324,37L4247F27-25,0,,Service started or stopped,,,Name: Diagnostic System Host | Diagnostic System Host,Status: running,,,,,,False,example_files\original\C\Windows\System32\winevt\logs\System.evtx,"Audit success, classic",0,"{""EventData"":{""Data"":[{""@Name"":""param1"",""#text"":""Diagnostic System Host""},{""@Name"":""param2"",""#text"":""running""}],""Binary"":""57-00-64-00-69-00-53-00-79-00-73-00-74-00-65-00-6D-00-48-00-6F-00-73-00-74-00-2F-00-34-00-00-00""}}"
118,118,2025-02-04 19:08:45.5504475,7036,Info,Service Control Manager,System,444,1304,37L4247F27-25,0,,Service started or stopped,,,Name: Network List Service | Network List Service,Status: running,,,,,,False,example_files\original\C\Windows\System32\winevt\logs\System.evtx,"Audit success, classic",0,"{""EventData"":{""Data"":[{""@Name"":""param1"",""#text"":""Network List Service""},{""@Name"":""param2"",""#text"":""running""}],""Binary"":""6E-00-65-00-74-00-70-00-72-00-6F-00-66-00-6D-00-2F-00-34-00-00-00""}}"
119,119,2025-02-04 19:08:45.5504475,7036,Info,Service Control Manager,System,444,1304,37L4247F27-25,0,,Service started or stopped,,,Name: Portable Device Enumerator Service | Portable Device Enumerator Service,Status: running,,,,,,False,example_files\original\C\Windows\System32\winevt\logs\System.evtx,"Audit success, classic",0,"{""EventData"":{""Data"":[{""@Name"":""param1"",""#text"":""Portable Device Enumerator Service""},{""@Name"":""param2"",""#text"":""running""}],""Binary"":""57-00-50-00-44-00-42-00-75-00-73-00-45-00-6E-00-75-00-6D-00-2F-00-34-00-00-00""}}"
120,120,2025-02-04 19:08:46.1120485,20001,Info,Microsoft-Windows-UserPnp,System,1484,1496,37L4247F27-25,0,S-1-5-18,Device installation,,,DriverDescription: Generic Bus,InstallStatus: Installation Successful,IsDriverOEM: False,UpgradeDevice: False,RebootOption: False,DeviceInstanceID: ACPI\PNP0A05\30,FileRepository\machine.inf_amd64_neutral_a2f120466549d68b\machine.inf,False,example_files\original\C\Windows\System32\winevt\logs\System.evtx,Classic,0,"{""UserData"":{""InstallDeviceID"":{""DriverName"":""FileRepository\\machine.inf_amd64_neutral_a2f120466549d68b\\machine.inf"",""DriverVersion"":""6.1.7601.17514"",""DriverProvider"":""Microsoft"",""DeviceInstanceID"":""ACPI\\PNP0A05\\30"",""SetupClass"":""4d36e97d-e325-11ce-bfc1-08002be10318"",""RebootOption"":""False"",""UpgradeDevice"":""False"",""IsDriverOEM"":""False"",""InstallStatus"":""0x0"",""DriverDescription"":""Generic Bus""}}}"
121,121,2025-02-04 19:08:46.2992488,20003,Info,Microsoft-Windows-UserPnp,System,1532,1540,37L4247F27-25,0,S-1-5-18,Service installation,,,ServiceName: fdc,AddServiceStatus: Unknown code (0),,UpdateService: True,PrimaryService: True,DeviceInstanceID: ACPI\PNP0700\5&amp;27D1C488&amp;0,system32\DRIVERS\fdc.sys,False,example_files\original\C\Windows\System32\winevt\logs\System.evtx,Classic,0,"{""UserData"":{""AddServiceID"":{""ServiceName"":""fdc"",""DriverFileName"":""system32\\DRIVERS\\fdc.sys"",""DeviceInstanceID"":""ACPI\\PNP0700\\5&amp;27D1C488&amp;0"",""PrimaryService"":""True"",""UpdateService"":""True"",""AddServiceStatus"":""0""}}}"
122,122,2025-02-04 19:08:46.5176492,20001,Info,Microsoft-Windows-UserPnp,System,1532,1540,37L4247F27-25,0,S-1-5-18,Device installation,,,DriverDescription: Standard floppy disk controller,InstallStatus: Installation Successful,IsDriverOEM: False,UpgradeDevice: False,RebootOption: False,DeviceInstanceID: ACPI\PNP0700\5&amp;27D1C488&amp;0,FileRepository\fdc.inf_amd64_neutral_bbcfca39fdc02275\fdc.inf,False,example_files\original\C\Windows\System32\winevt\logs\System.evtx,Classic,0,"{""UserData"":{""InstallDeviceID"":{""DriverName"":""FileRepository\\fdc.inf_amd64_neutral_bbcfca39fdc02275\\fdc.inf"",""DriverVersion"":""6.1.7600.16385"",""DriverProvider"":""Microsoft"",""DeviceInstanceID"":""ACPI\\PNP0700\\5&amp;27D1C488&amp;0"",""SetupClass"":""4d36e969-e325-11ce-bfc1-08002be10318"",""RebootOption"":""False"",""UpgradeDevice"":""False"",""IsDriverOEM"":""False"",""InstallStatus"":""0x0"",""DriverDescription"":""Standard floppy disk controller""}}}"
123,123,2025-02-04 19:08:46.6736495,20003,Info,Microsoft-Windows-UserPnp,System,1476,1492,37L4247F27-25,0,S-1-5-18,Service installation,,,ServiceName: pci,AddServiceStatus: Unknown code (0),,UpdateService: True,PrimaryService: True,DeviceInstanceID: PCI\VEN_15AD&amp;DEV_07A0&amp;SUBSYS_07A015AD&amp;REV_01\3&amp;2B8E0B4B&amp;0&amp;C5,system32\DRIVERS\pci.sys,False,example_files\original\C\Windows\System32\winevt\logs\System.evtx,Classic,0,"{""UserData"":{""AddServiceID"":{""ServiceName"":""pci"",""DriverFileName"":""system32\\DRIVERS\\pci.sys"",""DeviceInstanceID"":""PCI\\VEN_15AD&amp;DEV_07A0&amp;SUBSYS_07A015AD&amp;REV_01\\3&amp;2B8E0B4B&amp;0&amp;C5"",""PrimaryService"":""True"",""UpdateService"":""True"",""AddServiceStatus"":""0""}}}"
124,124,2025-02-04 19:08:46.9232499,20001,Info,Microsoft-Windows-UserPnp,System,1476,1492,37L4247F27-25,0,S-1-5-18,Device installation,,,DriverDescription: PCI Express standard Root Port,InstallStatus: Installation Successful,IsDriverOEM: False,UpgradeDevice: False,RebootOption: False,DeviceInstanceID: PCI\VEN_15AD&amp;DEV_07A0&amp;SUBSYS_07A015AD&amp;REV_01\3&amp;2B8E0B4B&amp;0&amp;C5,FileRepository\machine.inf_amd64_neutral_a2f120466549d68b\machine.inf,False,example_files\original\C\Windows\System32\winevt\logs\System.evtx,Classic,0,"{""UserData"":{""InstallDeviceID"":{""DriverName"":""FileRepository\\machine.inf_amd64_neutral_a2f120466549d68b\\machine.inf"",""DriverVersion"":""6.1.7601.17514"",""DriverProvider"":""Microsoft"",""DeviceInstanceID"":""PCI\\VEN_15AD&amp;DEV_07A0&amp;SUBSYS_07A015AD&amp;REV_01\\3&amp;2B8E0B4B&amp;0&amp;C5"",""SetupClass"":""4d36e97d-e325-11ce-bfc1-08002be10318"",""RebootOption"":""False"",""UpgradeDevice"":""False"",""IsDriverOEM"":""False"",""InstallStatus"":""0x0"",""DriverDescription"":""PCI Express standard Root Port""}}}"
125,125,2025-02-04 19:08:47.1572503,20003,Info,Microsoft-Windows-UserPnp,System,1624,1632,37L4247F27-25,0,S-1-5-18,Service installation,,,ServiceName: PptpMiniport,AddServiceStatus: Unknown code (0),,UpdateService: True,PrimaryService: True,DeviceInstanceID: ROOT\MS_PPTPMINIPORT\0000,system32\DRIVERS\raspptp.sys,False,example_files\original\C\Windows\System32\winevt\logs\System.evtx,Classic,0,"{""UserData"":{""AddServiceID"":{""ServiceName"":""PptpMiniport"",""DriverFileName"":""system32\\DRIVERS\\raspptp.sys"",""DeviceInstanceID"":""ROOT\\MS_PPTPMINIPORT\\0000"",""PrimaryService"":""True"",""UpdateService"":""True"",""AddServiceStatus"":""0""}}}"
