472,472,2025-02-04 19:10:23.4874195,15007,Info,Microsoft-Windows-HttpEvent,System,4,52,37L4247F27-25,3,,,,,,,,,,,,False,example_files\original\C\Windows\System32\winevt\logs\System.evtx,0x80000000000000,0,"{""EventData"":{""Data"":[{""@Name"":""DeviceObject"",""#text"":""\\Device\\Http\\ReqQueue""},{""@Name"":""Url"",""#text"":""https://+:443/C574AC30-5794-4AEE-B1BB-6651C5315029/""}]}}"
473,473,2025-02-04 19:10:24.7198217,7036,Info,Service Control Manager,System,444,1812,37L4247F27-25,3,,Service started or stopped,,,Name: Microsoft .NET Framework NGEN v2.0.50727_X86 | Microsoft .NET Framework NGEN v2.0.50727_X86,Status: running,,,,,,False,example_files\original\C\Windows\System32\winevt\logs\System.evtx,"Audit success, classic",0,"{""EventData"":{""Data"":[{""@Name"":""param1"",""#text"":""Microsoft .NET Framework NGEN v2.0.50727_X86""},{""@Name"":""param2"",""#text"":""running""}],""Binary"":""63-00-6C-00-72-00-5F-00-6F-00-70-00-74-00-69-00-6D-00-69-00-7A-00-61-00-74-00-69-00-6F-00-6E-00-5F-00-76-00-32-00-2E-00-30-00-2E-00-35-00-30-00-37-00-32-00-37-00-5F-00-33-00-32-00-2F-00-34-00-00-00""}}"
474,474,2025-02-04 19:10:24.7354217,7040,Info,Service Control Manager,System,444,1812,37L4247F27-25,3,S-1-5-18,Start type of a service has changed,,,The start type of the Microsoft .NET Framework NGEN v2.0.50727_X86 was changed from demand start to auto start,,,,,,clr_optimization_v2.0.50727_32,False,example_files\original\C\Windows\System32\winevt\logs\System.evtx,"Audit success, classic",0,"{""EventData"":{""Data"":[{""@Name"":""param1"",""#text"":""Microsoft .NET Framework NGEN v2.0.50727_X86""},{""@Name"":""param2"",""#text"":""demand start""},{""@Name"":""param3"",""#text"":""auto start""},{""@Name"":""param4"",""#text"":""clr_optimization_v2.0.50727_32""}]}}"
475,475,2025-02-04 19:10:24.7510217,7036,Info,Service Control Manager,System,444,516,37L4247F27-25,3,,Service started or stopped,,,Name: Microsoft .NET Framework NGEN v2.0.50727_X64 | Microsoft .NET Framework NGEN v2.0.50727_X64,Status: running,,,,,,False,example_files\original\C\Windows\System32\winevt\logs\System.evtx,"Audit success, classic",0,"{""EventData"":{""Data"":[{""@Name"":""param1"",""#text"":""Microsoft .NET Framework NGEN v2.0.50727_X64""},{""@Name"":""param2"",""#text"":""running""}],""Binary"":""63-00-6C-00-72-00-5F-00-6F-00-70-00-74-00-69-00-6D-00-69-00-7A-00-61-00-74-00-69-00-6F-00-6E-00-5F-00-76-00-32-00-2E-00-30-00-2E-00-35-00-30-00-37-00-32-00-37-00-5F-00-36-00-34-00-2F-00-34-00-00-00""}}"
476,476,2025-02-04 19:10:24.7510217,7040,Info,Service Control Manager,System,444,516,37L4247F27-25,3,S-1-5-18,Start type of a service has changed,,,The start type of the Microsoft .NET Framework NGEN v2.0.50727_X64 was changed from demand start to auto start,,,,,,clr_optimization_v2.0.50727_64,False,example_files\original\C\Windows\System32\winevt\logs\System.evtx,"Audit success, classic",0,"{""EventData"":{""Data"":[{""@Name"":""param1"",""#text"":""Microsoft .NET Framework NGEN v2.0.50727_X64""},{""@Name"":""param2"",""#text"":""demand start""},{""@Name"":""param3"",""#text"":""auto start""},{""@Name"":""param4"",""#text"":""clr_optimization_v2.0.50727_64""}]}}"
477,477,2025-02-04 19:10:24.7666218,20010,Info,Microsoft-Windows-UserPnp,System,568,1460,37L4247F27-25,3,S-1-5-18,,,,,,,,,,,False,example_files\original\C\Windows\System32\winevt\logs\System.evtx,Classic,0,"{""UserData"":{""INFO_PNP_STATE"":{""InstallSubsystemState"":""True"",""CachingSubsystemState"":""True""}}}"
478,478,2025-02-04 19:10:27.0000000,1074,Info,USER32,System,0,0,37L4247F27-25,3,S-1-5-18,A user initiated a system restart,,,"Hostname: ","Reason: ","Type: ","Code: ",,,,False,example_files\original\C\Windows\System32\winevt\logs\System.evtx,0x80000000000000,0,"{""EventData"":{""Data"":""C:\\Windows\\system32\\winlogon.exe (37L4247F27-25), WIN-TFHMB3RRSQV, Operating System: Upgrade (Planned), 0x80020003, restart, NT AUTHORITY\\SYSTEM"",""Binary"":""03-00-02-80-00-00-00-00-00-00-00-00-00-00-00-00-00-00-00-00-00-00-00-00-00-00-00-00-00-00-00-00-00-00-00-00-00-00-00-00""}}"
479,479,2025-02-04 19:10:27.4498265,7036,Info,Service Control Manager,System,444,1812,37L4247F27-25,3,,Service started or stopped,,,Name: Volume Shadow Copy | Volume Shadow Copy,Status: running,,,,,,False,example_files\original\C\Windows\System32\winevt\logs\System.evtx,"Audit success, classic",0,"{""EventData"":{""Data"":[{""@Name"":""param1"",""#text"":""Volume Shadow Copy""},{""@Name"":""param2"",""#text"":""running""}],""Binary"":""56-00-53-00-53-00-2F-00-34-00-00-00""}}"
480,480,2025-02-04 19:10:27.4654265,7036,Info,Service Control Manager,System,444,1812,37L4247F27-25,3,,Service started or stopped,,,Name: Microsoft Software Shadow Copy Provider | Microsoft Software Shadow Copy Provider,Status: running,,,,,,False,example_files\original\C\Windows\System32\winevt\logs\System.evtx,"Audit success, classic",0,"{""EventData"":{""Data"":[{""@Name"":""param1"",""#text"":""Microsoft Software Shadow Copy Provider""},{""@Name"":""param2"",""#text"":""running""}],""Binary"":""73-00-77-00-70-00-72-00-76-00-2F-00-34-00-00-00""}}"
481,481,2025-02-04 19:10:27.6214268,2003,Info,Microsoft-Windows-Setup,System,736,740,37L4247F27-25,3,S-1-5-18,,,,,,,,,,,False,example_files\original\C\Windows\System32\winevt\logs\System.evtx,0x2000000000000000,0,"{""EventData"":{""Data"":[{""@Name"":""Host OS Name"",""#text"":""Windows (TM) Code Name \""Longhorn\"" Preinstallation Environment""},{""@Name"":""Install was an upgrade"",""#text"":""False""},{""@Name"":""Host OS was Windows PE"",""#text"":""True""},{""@Name"":""Host OS major version"",""#text"":""6""},{""@Name"":""Host OS minor version"",""#text"":""1""},{""@Name"":""Host OS build version"",""#text"":""7601""},{""@Name"":""Host OS service pack Name"",""#text"":""Service Pack 1""},{""@Name"":""Host OS service pack major version"",""#text"":""1""},{""@Name"":""Host OS service pack minor version"",""#text"":""0""}]}}"
482,482,2025-02-04 19:10:27.6214268,2004,Info,Microsoft-Windows-Setup,System,736,740,37L4247F27-25,3,S-1-5-18,,,,,,,,,,,False,example_files\original\C\Windows\System32\winevt\logs\System.evtx,0x2000000000000000,0,"{""EventData"":{""Data"":[{""@Name"":""OS Name"",""#text"":""Windows 7 Professional""},{""@Name"":""OS EditionID"",""#text"":""Professional""},{""@Name"":""OS major version"",""#text"":""6""},{""@Name"":""OS minor version"",""#text"":""1""},{""@Name"":""OS build version"",""#text"":""7601""},{""@Name"":""OS service pack Name"",""#text"":""Service Pack 1""},{""@Name"":""OS service pack major version"",""#text"":""1""},{""@Name"":""OS service pack minor version"",""#text"":""0""}]}}"
483,483,2025-02-04 19:10:27.8398272,7036,Info,Service Control Manager,System,444,516,37L4247F27-25,3,,Service started or stopped,,,Name: Group Policy Client | Group Policy Client,Status: stopped,,,,,,False,example_files\original\C\Windows\System32\winevt\logs\System.evtx,"Audit success, classic",0,"{""EventData"":{""Data"":[{""@Name"":""param1"",""#text"":""Group Policy Client""},{""@Name"":""param2"",""#text"":""stopped""}],""Binary"":""67-00-70-00-73-00-76-00-63-00-2F-00-31-00-00-00""}}"
484,484,2025-02-04 19:10:27.0000000,6006,Info,EventLog,System,0,0,37L4247F27-25,3,,The Event log service was stopped,,,Computer: 37L4247F27-25,,,,,,,False,example_files\original\C\Windows\System32\winevt\logs\System.evtx,0x80000000000000,0,"{""EventData"":{""Data"":"""",""Binary"":""01-00-00-00-00-00-00-00""}}"
485,485,2025-02-04 19:10:27.9646274,7036,Info,Service Control Manager,System,444,1812,37L4247F27-25,3,,Service started or stopped,,,Name: Microsoft .NET Framework NGEN v2.0.50727_X86 | Microsoft .NET Framework NGEN v2.0.50727_X86,Status: stopped,,,,,,False,example_files\original\C\Windows\System32\winevt\logs\System.evtx,"Audit success, classic",0,"{""EventData"":{""Data"":[{""@Name"":""param1"",""#text"":""Microsoft .NET Framework NGEN v2.0.50727_X86""},{""@Name"":""param2"",""#text"":""stopped""}],""Binary"":""63-00-6C-00-72-00-5F-00-6F-00-70-00-74-00-69-00-6D-00-69-00-7A-00-61-00-74-00-69-00-6F-00-6E-00-5F-00-76-00-32-00-2E-00-30-00-2E-00-35-00-30-00-37-00-32-00-37-00-5F-00-33-00-32-00-2F-00-31-00-00-00""}}"
486,486,2025-02-04 19:10:27.9646274,7036,Info,Service Control Manager,System,444,516,37L4247F27-25,3,,Service started or stopped,,,Name: Microsoft .NET Framework NGEN v2.0.50727_X64 | Microsoft .NET Framework NGEN v2.0.50727_X64,Status: stopped,,,,,,False,example_files\original\C\Windows\System32\winevt\logs\System.evtx,"Audit success, classic",0,"{""EventData"":{""Data"":[{""@Name"":""param1"",""#text"":""Microsoft .NET Framework NGEN v2.0.50727_X64""},{""@Name"":""param2"",""#text"":""stopped""}],""Binary"":""63-00-6C-00-72-00-5F-00-6F-00-70-00-74-00-69-00-6D-00-69-00-7A-00-61-00-74-00-69-00-6F-00-6E-00-5F-00-76-00-32-00-2E-00-30-00-2E-00-35-00-30-00-37-00-32-00-37-00-5F-00-36-00-34-00-2F-00-31-00-00-00""}}"
487,487,2025-02-04 19:10:27.9646274,51047,Info,Microsoft-Windows-DHCPv6-Client,System,804,340,37L4247F27-25,3,S-1-5-19,,,,,,,,,,,False,example_files\original\C\Windows\System32\winevt\logs\System.evtx,0x2000000000000000,0,"{""EventData"":{""Data"":{""@Name"":""DwordVal"",""#text"":""1""}}}"
488,488,2025-02-04 19:10:27.9646274,50037,Info,Microsoft-Windows-Dhcp-Client,System,804,292,37L4247F27-25,3,S-1-5-19,,,,,,,,,,,False,example_files\original\C\Windows\System32\winevt\logs\System.evtx,0x2000000000000000,0,"{""EventData"":{""Data"":{""@Name"":""DwordVal"",""#text"":""1""}}}"
489,489,2025-02-04 19:10:27.9646274,7036,Info,Service Control Manager,System,444,516,37L4247F27-25,3,,Service started or stopped,,,Name: Power | Power,Status: stopped,,,,,,False,example_files\original\C\Windows\System32\winevt\logs\System.evtx,"Audit success, classic",0,"{""EventData"":{""Data"":[{""@Name"":""param1"",""#text"":""Power""},{""@Name"":""param2"",""#text"":""stopped""}],""Binary"":""50-00-6F-00-77-00-65-00-72-00-2F-00-31-00-00-00""}}"
490,490,2025-02-04 19:10:27.9646274,7036,Info,Service Control Manager,System,444,516,37L4247F27-25,3,,Service started or stopped,,,Name: DHCP Client | DHCP Client,Status: stopped,,,,,,False,example_files\original\C\Windows\System32\winevt\logs\System.evtx,"Audit success, classic",0,"{""EventData"":{""Data"":[{""@Name"":""param1"",""#text"":""DHCP Client""},{""@Name"":""param2"",""#text"":""stopped""}],""Binary"":""44-00-68-00-63-00-70-00-2F-00-31-00-00-00""}}"
491,491,2025-02-04 19:10:27.9802274,7036,Info,Service Control Manager,System,444,516,37L4247F27-25,3,,Service started or stopped,,,Name: Diagnostic System Host | Diagnostic System Host,Status: stopped,,,,,,False,example_files\original\C\Windows\System32\winevt\logs\System.evtx,"Audit success, classic",0,"{""EventData"":{""Data"":[{""@Name"":""param1"",""#text"":""Diagnostic System Host""},{""@Name"":""param2"",""#text"":""stopped""}],""Binary"":""57-00-64-00-69-00-53-00-79-00-73-00-74-00-65-00-6D-00-48-00-6F-00-73-00-74-00-2F-00-31-00-00-00""}}"
492,492,2025-02-04 19:10:27.9802274,7036,Info,Service Control Manager,System,444,516,37L4247F27-25,4,,Service started or stopped,,,Name: Diagnostic Service Host | Diagnostic Service Host,Status: stopped,,,,,,False,example_files\original\C\Windows\System32\winevt\logs\System.evtx,"Audit success, classic",0,"{""EventData"":{""Data"":[{""@Name"":""param1"",""#text"":""Diagnostic Service Host""},{""@Name"":""param2"",""#text"":""stopped""}],""Binary"":""57-00-64-00-69-00-53-00-65-00-72-00-76-00-69-00-63-00-65-00-48-00-6F-00-73-00-74-00-2F-00-31-00-00-00""}}"
493,493,2025-02-04 19:10:27.9802274,7036,Info,Service Control Manager,System,444,516,37L4247F27-25,4,,Service started or stopped,,,Name: User Profile Service | User Profile Service,Status: stopped,,,,,,False,example_files\original\C\Windows\System32\winevt\logs\System.evtx,"Audit success, classic",0,"{""EventData"":{""Data"":[{""@Name"":""param1"",""#text"":""User Profile Service""},{""@Name"":""param2"",""#text"":""stopped""}],""Binary"":""50-00-72-00-6F-00-66-00-53-00-76-00-63-00-2F-00-31-00-00-00""}}"
494,494,2025-02-04 19:10:27.9802274,7036,Info,Service Control Manager,System,444,516,37L4247F27-25,4,,Service started or stopped,,,Name: Distributed Link Tracking Client | Distributed Link Tracking Client,Status: stopped,,,,,,False,example_files\original\C\Windows\System32\winevt\logs\System.evtx,"Audit success, classic",0,"{""EventData"":{""Data"":[{""@Name"":""param1"",""#text"":""Distributed Link Tracking Client""},{""@Name"":""param2"",""#text"":""stopped""}],""Binary"":""54-00-72-00-6B-00-57-00-6B-00-73-00-2F-00-31-00-00-00""}}"
495,495,2025-02-04 03:10:54.0000000,6009,Info,EventLog,System,0,0,WIN-TFHMB3RRSQV,4,,,,,,,,,,,,False,example_files\original\C\Windows\System32\winevt\logs\System.evtx,0x80000000000000,0,"{""EventData"":{""Data"":""6.01., 7601, Service Pack 1, Multiprocessor Free, 17514"",""Binary"":""""}}"
496,496,2025-02-04 03:10:54.0000000,6005,Info,EventLog,System,0,0,WIN-TFHMB3RRSQV,4,,The Event log service was started,,,Computer: WIN-TFHMB3RRSQV,,,,,,,False,example_files\original\C\Windows\System32\winevt\logs\System.evtx,0x80000000000000,0,"{""EventData"":{""Data"":"""",""Binary"":""E9-07-02-00-02-00-04-00-03-00-0A-00-36-00-69-01-00-00-00-00-00-00-00-00""}}"
497,497,2025-02-04 03:10:54.0000000,6013,Info,EventLog,System,0,0,WIN-TFHMB3RRSQV,4,,System uptime,,,The system uptime is 17 seconds,"TimeZone: 60, -480 China Standard Time",,,,,,False,example_files\original\C\Windows\System32\winevt\logs\System.evtx,0x80000000000000,0,"{""EventData"":{""Data"":""17, 60, -480 China Standard Time"",""Binary"":""31-00-2E-00-31-00-00-00-30-00-00-00-57-00-69-00-6E-00-64-00-6F-00-77-00-73-00-20-00-37-00-20-00-50-00-72-00-6F-00-66-00-65-00-73-00-73-00-69-00-6F-00-6E-00-61-00-6C-00-00-00-36-00-2E-00-31-00-2E-00-37-00-36-00-30-00-31-00-20-00-42-00-75-00-69-00-6C-00-64-00-20-00-37-00-36-00-30-00-31-00-20-00-53-00-65-00-72-00-76-00-69-00-63-00-65-00-20-00-50-00-61-00-63-00-6B-00-20-00-31-00-00-00-4D-00-75-00-6C-00-74-00-69-00-70-00-72-00-6F-00-63-00-65-00-73-00-73-00-6F-00-72-00-20-00-46-00-72-00-65-00-65-00-00-00-37-00-36-00-30-00-31-00-2E-00-77-00-69-00-6E-00-37-00-73-00-70-00-31-00-5F-00-72-00-74-00-6D-00-2E-00-31-00-30-00-31-00-31-00-31-00-39-00-2D-00-31-00-38-00-35-00-30-00-00-00-36-00-37-00-61-00-32-00-36-00-36-00-32-00-33-00-00-00-4E-00-6F-00-74-00-20-00-41-00-76-00-61-00-69-00-6C-00-61-00-62-00-6C-00-65-00-00-00-4E-00-6F-00-74-00-20-00-41-00-76-00-61-00-69-00-6C-00-61-00-62-00-6C-00-65-00-00-00-39-00-00-00-32-00-00-00-32-00-30-00-34-00-38-00-00-00-34-00-30-00-39-00-00-00-57-00-49-00-4E-00-2D-00-54-00-46-00-48-00-4D-00-42-00-33-00-52-00-52-00-53-00-51-00-56-00-00-00-00-00""}}"
498,498,2025-02-04 19:10:27.9802274,7036,Info,Service Control Manager,System,444,516,WIN-TFHMB3RRSQV,4,,Service started or stopped,,,Name: Windows Event Log | Windows Event Log,Status: stopped,,,,,,False,example_files\original\C\Windows\System32\winevt\logs\System.evtx,"Audit success, classic",0,"{""EventData"":{""Data"":[{""@Name"":""param1"",""#text"":""Windows Event Log""},{""@Name"":""param2"",""#text"":""stopped""}],""Binary"":""65-00-76-00-65-00-6E-00-74-00-6C-00-6F-00-67-00-2F-00-31-00-00-00""}}"
499,499,2025-02-04 19:10:27.9802274,7036,Info,Service Control Manager,System,444,516,WIN-TFHMB3RRSQV,4,,Service started or stopped,,,Name: Diagnostic Policy Service | Diagnostic Policy Service,Status: stopped,,,,,,False,example_files\original\C\Windows\System32\winevt\logs\System.evtx,"Audit success, classic",0,"{""EventData"":{""Data"":[{""@Name"":""param1"",""#text"":""Diagnostic Policy Service""},{""@Name"":""param2"",""#text"":""stopped""}],""Binary"":""44-00-50-00-53-00-2F-00-31-00-00-00""}}"
500,500,2025-02-04 19:10:27.9802274,7036,Info,Service Control Manager,System,444,516,WIN-TFHMB3RRSQV,4,,Service started or stopped,,,Name: Windows Modules Installer | Windows Modules Installer,Status: stopped,,,,,,False,example_files\original\C\Windows\System32\winevt\logs\System.evtx,"Audit success, classic",0,"{""EventData"":{""Data"":[{""@Name"":""param1"",""#text"":""Windows Modules Installer""},{""@Name"":""param2"",""#text"":""stopped""}],""Binary"":""54-00-72-00-75-00-73-00-74-00-65-00-64-00-49-00-6E-00-73-00-74-00-61-00-6C-00-6C-00-65-00-72-00-2F-00-31-00-00-00""}}"
501,501,2025-02-04 19:10:28.0426275,7036,Info,Service Control Manager,System,444,516,WIN-TFHMB3RRSQV,4,,Service started or stopped,,,Name: Desktop Window Manager Session Manager | Desktop Window Manager Session Manager,Status: stopped,,,,,,False,example_files\original\C\Windows\System32\winevt\logs\System.evtx,"Audit success, classic",0,"{""EventData"":{""Data"":[{""@Name"":""param1"",""#text"":""Desktop Window Manager Session Manager""},{""@Name"":""param2"",""#text"":""stopped""}],""Binary"":""55-00-78-00-53-00-6D-00-73-00-2F-00-31-00-00-00""}}"
502,502,2025-02-04 19:10:28.0582275,7036,Info,Service Control Manager,System,444,516,WIN-TFHMB3RRSQV,4,,Service started or stopped,,,Name: Windows Management Instrumentation | Windows Management Instrumentation,Status: stopped,,,,,,False,example_files\original\C\Windows\System32\winevt\logs\System.evtx,"Audit success, classic",0,"{""EventData"":{""Data"":[{""@Name"":""param1"",""#text"":""Windows Management Instrumentation""},{""@Name"":""param2"",""#text"":""stopped""}],""Binary"":""57-00-69-00-6E-00-6D-00-67-00-6D-00-74-00-2F-00-31-00-00-00""}}"
503,503,2025-02-04 19:10:28.0582275,7036,Info,Service Control Manager,System,444,516,WIN-TFHMB3RRSQV,4,,Service started or stopped,,,Name: Microsoft Software Shadow Copy Provider | Microsoft Software Shadow Copy Provider,Status: stopped,,,,,,False,example_files\original\C\Windows\System32\winevt\logs\System.evtx,"Audit success, classic",0,"{""EventData"":{""Data"":[{""@Name"":""param1"",""#text"":""Microsoft Software Shadow Copy Provider""},{""@Name"":""param2"",""#text"":""stopped""}],""Binary"":""73-00-77-00-70-00-72-00-76-00-2F-00-31-00-00-00""}}"
504,504,2025-02-04 19:10:28.0582275,7036,Info,Service Control Manager,System,444,516,WIN-TFHMB3RRSQV,4,,Service started or stopped,,,Name: Cryptographic Services | Cryptographic Services,Status: stopped,,,,,,False,example_files\original\C\Windows\System32\winevt\logs\System.evtx,"Audit success, classic",0,"{""EventData"":{""Data"":[{""@Name"":""param1"",""#text"":""Cryptographic Services""},{""@Name"":""param2"",""#text"":""stopped""}],""Binary"":""43-00-72-00-79-00-70-00-74-00-53-00-76-00-63-00-2F-00-31-00-00-00""}}"
505,505,2025-02-04 19:10:28.0894276,7036,Info,Service Control Manager,System,444,516,WIN-TFHMB3RRSQV,4,,Service started or stopped,,,Name: Superfetch | Superfetch,Status: stopped,,,,,,False,example_files\original\C\Windows\System32\winevt\logs\System.evtx,"Audit success, classic",0,"{""EventData"":{""Data"":[{""@Name"":""param1"",""#text"":""Superfetch""},{""@Name"":""param2"",""#text"":""stopped""}],""Binary"":""53-00-79-00-73-00-4D-00-61-00-69-00-6E-00-2F-00-31-00-00-00""}}"
506,506,2025-02-04 19:10:28.0894276,7036,Info,Service Control Manager,System,444,516,WIN-TFHMB3RRSQV,4,,Service started or stopped,,,Name: Volume Shadow Copy | Volume Shadow Copy,Status: stopped,,,,,,False,example_files\original\C\Windows\System32\winevt\logs\System.evtx,"Audit success, classic",0,"{""EventData"":{""Data"":[{""@Name"":""param1"",""#text"":""Volume Shadow Copy""},{""@Name"":""param2"",""#text"":""stopped""}],""Binary"":""56-00-53-00-53-00-2F-00-31-00-00-00""}}"
507,507,2025-02-04 19:10:28.0894276,7036,Info,Service Control Manager,System,444,516,WIN-TFHMB3RRSQV,4,,Service started or stopped,,,Name: Software Protection | Software Protection,Status: stopped,,,,,,False,example_files\original\C\Windows\System32\winevt\logs\System.evtx,"Audit success, classic",0,"{""EventData"":{""Data"":[{""@Name"":""param1"",""#text"":""Software Protection""},{""@Name"":""param2"",""#text"":""stopped""}],""Binary"":""73-00-70-00-70-00-73-00-76-00-63-00-2F-00-31-00-00-00""}}"
508,508,2025-02-04 19:10:28.4950283,20010,Info,Microsoft-Windows-UserPnp,System,568,580,WIN-TFHMB3RRSQV,4,S-1-5-18,,,,,,,,,,,False,example_files\original\C\Windows\System32\winevt\logs\System.evtx,Classic,0,"{""UserData"":{""INFO_PNP_STATE"":{""InstallSubsystemState"":""False"",""CachingSubsystemState"":""False""}}}"
509,509,2025-02-04 19:10:28.4950283,7036,Info,Service Control Manager,System,444,1812,WIN-TFHMB3RRSQV,4,,Service started or stopped,,,Name: Plug and Play | Plug and Play,Status: stopped,,,,,,False,example_files\original\C\Windows\System32\winevt\logs\System.evtx,"Audit success, classic",0,"{""EventData"":{""Data"":[{""@Name"":""param1"",""#text"":""Plug and Play""},{""@Name"":""param2"",""#text"":""stopped""}],""Binary"":""50-00-6C-00-75-00-67-00-50-00-6C-00-61-00-79-00-2F-00-31-00-00-00""}}"
510,510,2025-02-04 19:10:29.0722293,109,Info,Microsoft-Windows-Kernel-Power,System,348,352,WIN-TFHMB3RRSQV,4,,,,,,,,,,,,False,example_files\original\C\Windows\System32\winevt\logs\System.evtx,0x8000000000000004,0,"{""EventData"":{""Data"":[{""@Name"":""ShutdownActionType"",""#text"":""5""},{""@Name"":""ShutdownEventCode"",""#text"":""0""},{""@Name"":""ShutdownReason"",""#text"":""0""}]}}"
511,511,2025-02-04 19:10:29.1658295,13,Info,Microsoft-Windows-Kernel-General,System,4,40,WIN-TFHMB3RRSQV,4,,OS was shutdown,,,StopTime: 2025-02-04 19:10:29.1658295,"BootMode: ",,,,,,False,example_files\original\C\Windows\System32\winevt\logs\System.evtx,Classic,0,"{""EventData"":{""Data"":{""@Name"":""StopTime"",""#text"":""2025-02-04 19:10:29.1658295""}}}"
512,512,2025-02-04 19:10:36.5468001,12,Info,Microsoft-Windows-Kernel-General,System,4,8,WIN-TFHMB3RRSQV,4,S-1-5-18,OS was started,,,StartTime: 2025-02-04 19:10:36.3751998,BootMode: Normal boot,,,,,,False,example_files\original\C\Windows\System32\winevt\logs\System.evtx,Classic,0,"{""EventData"":{""Data"":[{""@Name"":""MajorVersion"",""#text"":""6""},{""@Name"":""MinorVersion"",""#text"":""1""},{""@Name"":""BuildVersion"",""#text"":""7601""},{""@Name"":""QfeVersion"",""#text"":""17514""},{""@Name"":""ServiceVersion"",""#text"":""1""},{""@Name"":""BootMode"",""#text"":""0""},{""@Name"":""StartTime"",""#text"":""2025-02-04 19:10:36.3751998""}]}}"
513,513,2025-02-04 19:10:41.7884093,6,Info,Microsoft-Windows-FilterManager,System,4,8,WIN-TFHMB3RRSQV,4,S-1-5-18,,,,,,,,,,,False,example_files\original\C\Windows\System32\winevt\logs\System.evtx,Classic,0,"{""EventData"":{""Data"":[{""@Name"":""FinalStatus"",""#text"":""0x0""},{""@Name"":""DeviceVersionMajor"",""#text"":""6""},{""@Name"":""DeviceVersionMinor"",""#text"":""1""},{""@Name"":""DeviceNameLength"",""#text"":""8""},{""@Name"":""DeviceName"",""#text"":""FileInfo""},{""@Name"":""DeviceTime"",""#text"":""2009-07-13 15:34:25.0000000""}]}}"
514,514,2025-02-04 19:10:43.2080118,26,Info,Microsoft-Windows-Kernel-Processor-Power,System,4,64,WIN-TFHMB3RRSQV,4,S-1-5-18,,,,,,,,,,,False,example_files\original\C\Windows\System32\winevt\logs\System.evtx,Classic,0,"{""EventData"":{""Data"":[{""@Name"":""Group"",""#text"":""0""},{""@Name"":""Number"",""#text"":""0""},{""@Name"":""IdleStateCount"",""#text"":""1""},{""@Name"":""PerfStateCount"",""#text"":""0""},{""@Name"":""ThrottleStateCount"",""#text"":""0""}],""ComplexData"":[{""@Name"":""IdleState"",""#text"":""01""},{""@Name"":""PerfState""}]}}"
515,515,2025-02-04 19:10:43.2080118,26,Info,Microsoft-Windows-Kernel-Processor-Power,System,4,64,WIN-TFHMB3RRSQV,4,S-1-5-18,,,,,,,,,,,False,example_files\original\C\Windows\System32\winevt\logs\System.evtx,Classic,0,"{""EventData"":{""Data"":[{""@Name"":""Group"",""#text"":""0""},{""@Name"":""Number"",""#text"":""1""},{""@Name"":""IdleStateCount"",""#text"":""1""},{""@Name"":""PerfStateCount"",""#text"":""0""},{""@Name"":""ThrottleStateCount"",""#text"":""0""}],""ComplexData"":[{""@Name"":""IdleState"",""#text"":""01""},{""@Name"":""PerfState""}]}}"
516,516,2025-02-04 19:10:46.3280173,7036,Info,Service Control Manager,System,396,512,WIN-TFHMB3RRSQV,4,,Service started or stopped,,,Name: Plug and Play | Plug and Play,Status: running,,,,,,False,example_files\original\C\Windows\System32\winevt\logs\System.evtx,"Audit success, classic",0,"{""EventData"":{""Data"":[{""@Name"":""param1"",""#text"":""Plug and Play""},{""@Name"":""param2"",""#text"":""running""}],""Binary"":""50-00-6C-00-75-00-67-00-50-00-6C-00-61-00-79-00-2F-00-34-00-00-00""}}"
517,517,2025-02-04 19:10:46.3280173,20010,Info,Microsoft-Windows-UserPnp,System,556,584,WIN-TFHMB3RRSQV,4,S-1-5-18,,,,,,,,,,,False,example_files\original\C\Windows\System32\winevt\logs\System.evtx,Classic,0,"{""UserData"":{""INFO_PNP_STATE"":{""InstallSubsystemState"":""True"",""CachingSubsystemState"":""True""}}}"
518,518,2025-02-04 19:10:46.3904174,7036,Info,Service Control Manager,System,396,512,WIN-TFHMB3RRSQV,4,,Service started or stopped,,,Name: Power | Power,Status: running,,,,,,False,example_files\original\C\Windows\System32\winevt\logs\System.evtx,"Audit success, classic",0,"{""EventData"":{""Data"":[{""@Name"":""param1"",""#text"":""Power""},{""@Name"":""param2"",""#text"":""running""}],""Binary"":""50-00-6F-00-77-00-65-00-72-00-2F-00-34-00-00-00""}}"
519,519,2025-02-04 19:10:46.3904174,7036,Info,Service Control Manager,System,396,512,WIN-TFHMB3RRSQV,4,,Service started or stopped,,,Name: DCOM Server Process Launcher | DCOM Server Process Launcher,Status: running,,,,,,False,example_files\original\C\Windows\System32\winevt\logs\System.evtx,"Audit success, classic",0,"{""EventData"":{""Data"":[{""@Name"":""param1"",""#text"":""DCOM Server Process Launcher""},{""@Name"":""param2"",""#text"":""running""}],""Binary"":""44-00-63-00-6F-00-6D-00-4C-00-61-00-75-00-6E-00-63-00-68-00-2F-00-34-00-00-00""}}"
520,520,2025-02-04 19:10:46.4060174,7036,Info,Service Control Manager,System,396,512,WIN-TFHMB3RRSQV,4,,Service started or stopped,,,Name: RPC Endpoint Mapper | RPC Endpoint Mapper,Status: running,,,,,,False,example_files\original\C\Windows\System32\winevt\logs\System.evtx,"Audit success, classic",0,"{""EventData"":{""Data"":[{""@Name"":""param1"",""#text"":""RPC Endpoint Mapper""},{""@Name"":""param2"",""#text"":""running""}],""Binary"":""52-00-70-00-63-00-45-00-70-00-74-00-4D-00-61-00-70-00-70-00-65-00-72-00-2F-00-34-00-00-00""}}"
521,521,2025-02-04 19:10:46.4216174,7036,Info,Service Control Manager,System,396,512,WIN-TFHMB3RRSQV,4,,Service started or stopped,,,Name: Remote Procedure Call (RPC) | Remote Procedure Call (RPC),Status: running,,,,,,False,example_files\original\C\Windows\System32\winevt\logs\System.evtx,"Audit success, classic",0,"{""EventData"":{""Data"":[{""@Name"":""param1"",""#text"":""Remote Procedure Call (RPC)""},{""@Name"":""param2"",""#text"":""running""}],""Binary"":""52-00-70-00-63-00-53-00-73-00-2F-00-34-00-00-00""}}"
522,522,2025-02-04 19:10:50.0096237,1,Info,Microsoft-Windows-Kernel-General,System,844,848,WIN-TFHMB3RRSQV,4,S-1-5-18,The system time was changed,,,OldTime: 2025-02-04 19:10:50.0096237,NewTime: 2025-02-04 19:10:50.0096237,"Reason: ",,,,,False,example_files\original\C\Windows\System32\winevt\logs\System.evtx,Time,0,"{""EventData"":{""Data"":[{""@Name"":""NewTime"",""#text"":""2025-02-04 19:10:50.0096237""},{""@Name"":""OldTime"",""#text"":""2025-02-04 19:10:50.0096237""}]}}"
523,523,2025-02-04 03:10:50.0090000,1,Info,Microsoft-Windows-Kernel-General,System,844,848,WIN-TFHMB3RRSQV,4,S-1-5-18,The system time was changed,,,OldTime: 2025-02-04 19:10:50.0096237,NewTime: 2025-02-04 03:10:50.0090000,"Reason: ",,,,,False,example_files\original\C\Windows\System32\winevt\logs\System.evtx,Time,0,"{""EventData"":{""Data"":[{""@Name"":""NewTime"",""#text"":""2025-02-04 03:10:50.0090000""},{""@Name"":""OldTime"",""#text"":""2025-02-04 19:10:50.0096237""}]}}"
524,524,2025-02-04 03:10:50.1338002,7036,Info,Service Control Manager,System,396,512,WIN-TFHMB3RRSQV,4,,Service started or stopped,,,Name: Software Protection | Software Protection,Status: running,,,,,,False,example_files\original\C\Windows\System32\winevt\logs\System.evtx,"Audit success, classic",0,"{""EventData"":{""Data"":[{""@Name"":""param1"",""#text"":""Software Protection""},{""@Name"":""param2"",""#text"":""running""}],""Binary"":""73-00-70-00-70-00-73-00-76-00-63-00-2F-00-34-00-00-00""}}"
525,525,2025-02-04 03:10:52.1618038,7036,Info,Service Control Manager,System,396,480,WIN-TFHMB3RRSQV,4,,Service started or stopped,,,Name: Multimedia Class Scheduler | Multimedia Class Scheduler,Status: running,,,,,,False,example_files\original\C\Windows\System32\winevt\logs\System.evtx,"Audit success, classic",0,"{""EventData"":{""Data"":[{""@Name"":""param1"",""#text"":""Multimedia Class Scheduler""},{""@Name"":""param2"",""#text"":""running""}],""Binary"":""4D-00-4D-00-43-00-53-00-53-00-2F-00-34-00-00-00""}}"
526,526,2025-02-04 03:10:52.1774038,7036,Info,Service Control Manager,System,396,480,WIN-TFHMB3RRSQV,4,,Service started or stopped,,,Name: Windows Audio Endpoint Builder | Windows Audio Endpoint Builder,Status: running,,,,,,False,example_files\original\C\Windows\System32\winevt\logs\System.evtx,"Audit success, classic",0,"{""EventData"":{""Data"":[{""@Name"":""param1"",""#text"":""Windows Audio Endpoint Builder""},{""@Name"":""param2"",""#text"":""running""}],""Binary"":""41-00-75-00-64-00-69-00-6F-00-45-00-6E-00-64-00-70-00-6F-00-69-00-6E-00-74-00-42-00-75-00-69-00-6C-00-64-00-65-00-72-00-2F-00-34-00-00-00""}}"
527,527,2025-02-04 03:10:52.2710040,7036,Info,Service Control Manager,System,396,480,WIN-TFHMB3RRSQV,4,,Service started or stopped,,,Name: Windows Audio | Windows Audio,Status: running,,,,,,False,example_files\original\C\Windows\System32\winevt\logs\System.evtx,"Audit success, classic",0,"{""EventData"":{""Data"":[{""@Name"":""param1"",""#text"":""Windows Audio""},{""@Name"":""param2"",""#text"":""running""}],""Binary"":""41-00-75-00-64-00-69-00-6F-00-53-00-72-00-76-00-2F-00-34-00-00-00""}}"
528,528,2025-02-04 03:10:53.3006058,7036,Info,Service Control Manager,System,396,512,WIN-TFHMB3RRSQV,4,,Service started or stopped,,,Name: Network Store Interface Service | Network Store Interface Service,Status: running,,,,,,False,example_files\original\C\Windows\System32\winevt\logs\System.evtx,"Audit success, classic",0,"{""EventData"":{""Data"":[{""@Name"":""param1"",""#text"":""Network Store Interface Service""},{""@Name"":""param2"",""#text"":""running""}],""Binary"":""6E-00-73-00-69-00-2F-00-34-00-00-00""}}"
529,529,2025-02-04 03:10:53.3318059,7036,Info,Service Control Manager,System,396,512,WIN-TFHMB3RRSQV,4,,Service started or stopped,,,Name: Network Location Awareness | Network Location Awareness,Status: running,,,,,,False,example_files\original\C\Windows\System32\winevt\logs\System.evtx,"Audit success, classic",0,"{""EventData"":{""Data"":[{""@Name"":""param1"",""#text"":""Network Location Awareness""},{""@Name"":""param2"",""#text"":""running""}],""Binary"":""4E-00-6C-00-61-00-53-00-76-00-63-00-2F-00-34-00-00-00""}}"
530,530,2025-02-04 03:10:53.3474059,7036,Info,Service Control Manager,System,396,480,WIN-TFHMB3RRSQV,4,,Service started or stopped,,,Name: Network List Service | Network List Service,Status: running,,,,,,False,example_files\original\C\Windows\System32\winevt\logs\System.evtx,"Audit success, classic",0,"{""EventData"":{""Data"":[{""@Name"":""param1"",""#text"":""Network List Service""},{""@Name"":""param2"",""#text"":""running""}],""Binary"":""6E-00-65-00-74-00-70-00-72-00-6F-00-66-00-6D-00-2F-00-34-00-00-00""}}"
531,531,2025-02-04 03:10:54.3614077,6,Info,Microsoft-Windows-FilterManager,System,4,52,WIN-TFHMB3RRSQV,4,S-1-5-18,,,,,,,,,,,False,example_files\original\C\Windows\System32\winevt\logs\System.evtx,Classic,0,"{""EventData"":{""Data"":[{""@Name"":""FinalStatus"",""#text"":""0x0""},{""@Name"":""DeviceVersionMajor"",""#text"":""6""},{""@Name"":""DeviceVersionMinor"",""#text"":""1""},{""@Name"":""DeviceNameLength"",""#text"":""5""},{""@Name"":""DeviceName"",""#text"":""luafv""},{""@Name"":""DeviceTime"",""#text"":""2009-07-14 07:26:13.0000000""}]}}"
532,532,2025-02-04 03:10:54.3770077,7036,Info,Service Control Manager,System,396,512,WIN-TFHMB3RRSQV,4,,Service started or stopped,,,Name: Windows Event Log | Windows Event Log,Status: running,,,,,,False,example_files\original\C\Windows\System32\winevt\logs\System.evtx,"Audit success, classic",0,"{""EventData"":{""Data"":[{""@Name"":""param1"",""#text"":""Windows Event Log""},{""@Name"":""param2"",""#text"":""running""}],""Binary"":""65-00-76-00-65-00-6E-00-74-00-6C-00-6F-00-67-00-2F-00-34-00-00-00""}}"
533,533,2025-02-04 03:10:54.3926077,7036,Info,Service Control Manager,System,396,508,WIN-TFHMB3RRSQV,4,,Service started or stopped,,,Name: Themes | Themes,Status: running,,,,,,False,example_files\original\C\Windows\System32\winevt\logs\System.evtx,"Audit success, classic",0,"{""EventData"":{""Data"":[{""@Name"":""param1"",""#text"":""Themes""},{""@Name"":""param2"",""#text"":""running""}],""Binary"":""54-00-68-00-65-00-6D-00-65-00-73-00-2F-00-34-00-00-00""}}"
534,534,2025-02-04 03:10:54.3926077,7036,Info,Service Control Manager,System,396,512,WIN-TFHMB3RRSQV,4,,Service started or stopped,,,Name: User Profile Service | User Profile Service,Status: running,,,,,,False,example_files\original\C\Windows\System32\winevt\logs\System.evtx,"Audit success, classic",0,"{""EventData"":{""Data"":[{""@Name"":""param1"",""#text"":""User Profile Service""},{""@Name"":""param2"",""#text"":""running""}],""Binary"":""50-00-72-00-6F-00-66-00-53-00-76-00-63-00-2F-00-34-00-00-00""}}"
535,535,2025-02-04 03:10:54.3926077,7036,Info,Service Control Manager,System,396,508,WIN-TFHMB3RRSQV,4,,Service started or stopped,,,Name: Group Policy Client | Group Policy Client,Status: running,,,,,,False,example_files\original\C\Windows\System32\winevt\logs\System.evtx,"Audit success, classic",0,"{""EventData"":{""Data"":[{""@Name"":""param1"",""#text"":""Group Policy Client""},{""@Name"":""param2"",""#text"":""running""}],""Binary"":""67-00-70-00-73-00-76-00-63-00-2F-00-34-00-00-00""}}"
536,536,2025-02-04 03:10:54.4082077,7036,Info,Service Control Manager,System,396,508,WIN-TFHMB3RRSQV,4,,Service started or stopped,,,Name: Offline Files | Offline Files,Status: running,,,,,,False,example_files\original\C\Windows\System32\winevt\logs\System.evtx,"Audit success, classic",0,"{""EventData"":{""Data"":[{""@Name"":""param1"",""#text"":""Offline Files""},{""@Name"":""param2"",""#text"":""running""}],""Binary"":""43-00-73-00-63-00-53-00-65-00-72-00-76-00-69-00-63-00-65-00-2F-00-34-00-00-00""}}"
537,537,2025-02-04 03:10:54.4082077,7036,Info,Service Control Manager,System,396,512,WIN-TFHMB3RRSQV,4,,Service started or stopped,,,Name: COM+ Event System | COM+ Event System,Status: running,,,,,,False,example_files\original\C\Windows\System32\winevt\logs\System.evtx,"Audit success, classic",0,"{""EventData"":{""Data"":[{""@Name"":""param1"",""#text"":""COM+ Event System""},{""@Name"":""param2"",""#text"":""running""}],""Binary"":""45-00-76-00-65-00-6E-00-74-00-53-00-79-00-73-00-74-00-65-00-6D-00-2F-00-34-00-00-00""}}"
538,538,2025-02-04 03:10:54.4082077,7036,Info,Service Control Manager,System,396,512,WIN-TFHMB3RRSQV,4,,Service started or stopped,,,Name: System Event Notification Service | System Event Notification Service,Status: running,,,,,,False,example_files\original\C\Windows\System32\winevt\logs\System.evtx,"Audit success, classic",0,"{""EventData"":{""Data"":[{""@Name"":""param1"",""#text"":""System Event Notification Service""},{""@Name"":""param2"",""#text"":""running""}],""Binary"":""53-00-45-00-4E-00-53-00-2F-00-34-00-00-00""}}"
539,539,2025-02-04 03:10:54.6734082,7036,Info,Service Control Manager,System,396,512,WIN-TFHMB3RRSQV,4,,Service started or stopped,,,Name: Windows Modules Installer | Windows Modules Installer,Status: running,,,,,,False,example_files\original\C\Windows\System32\winevt\logs\System.evtx,"Audit success, classic",0,"{""EventData"":{""Data"":[{""@Name"":""param1"",""#text"":""Windows Modules Installer""},{""@Name"":""param2"",""#text"":""running""}],""Binary"":""54-00-72-00-75-00-73-00-74-00-65-00-64-00-49-00-6E-00-73-00-74-00-61-00-6C-00-6C-00-65-00-72-00-2F-00-34-00-00-00""}}"
540,540,2025-02-04 03:10:54.6734082,7036,Info,Service Control Manager,System,396,512,WIN-TFHMB3RRSQV,4,,Service started or stopped,,,Name: Desktop Window Manager Session Manager | Desktop Window Manager Session Manager,Status: running,,,,,,False,example_files\original\C\Windows\System32\winevt\logs\System.evtx,"Audit success, classic",0,"{""EventData"":{""Data"":[{""@Name"":""param1"",""#text"":""Desktop Window Manager Session Manager""},{""@Name"":""param2"",""#text"":""running""}],""Binary"":""55-00-78-00-53-00-6D-00-73-00-2F-00-34-00-00-00""}}"
541,541,2025-02-04 03:10:54.6734082,7036,Info,Service Control Manager,System,396,512,WIN-TFHMB3RRSQV,4,,Service started or stopped,,,Name: Security Accounts Manager | Security Accounts Manager,Status: running,,,,,,False,example_files\original\C\Windows\System32\winevt\logs\System.evtx,"Audit success, classic",0,"{""EventData"":{""Data"":[{""@Name"":""param1"",""#text"":""Security Accounts Manager""},{""@Name"":""param2"",""#text"":""running""}],""Binary"":""53-00-61-00-6D-00-53-00-73-00-2F-00-34-00-00-00""}}"
542,542,2025-02-04 03:10:54.6890082,50036,Info,Microsoft-Windows-Dhcp-Client,System,992,1076,WIN-TFHMB3RRSQV,4,S-1-5-19,,,,,,,,,,,False,example_files\original\C\Windows\System32\winevt\logs\System.evtx,0x2000000000000000,0,"{""EventData"":""""}"
543,543,2025-02-04 03:10:54.6890082,7036,Info,Service Control Manager,System,396,508,WIN-TFHMB3RRSQV,4,,Service started or stopped,,,Name: TCP/IP NetBIOS Helper | TCP/IP NetBIOS Helper,Status: running,,,,,,False,example_files\original\C\Windows\System32\winevt\logs\System.evtx,"Audit success, classic",0,"{""EventData"":{""Data"":[{""@Name"":""param1"",""#text"":""TCP/IP NetBIOS Helper""},{""@Name"":""param2"",""#text"":""running""}],""Binary"":""6C-00-6D-00-68-00-6F-00-73-00-74-00-73-00-2F-00-34-00-00-00""}}"
544,544,2025-02-04 03:10:54.6890082,51046,Info,Microsoft-Windows-DHCPv6-Client,System,992,1096,WIN-TFHMB3RRSQV,4,S-1-5-19,,,,,,,,,,,False,example_files\original\C\Windows\System32\winevt\logs\System.evtx,0x2000000000000000,0,"{""EventData"":""""}"
545,545,2025-02-04 03:10:54.7046083,7036,Info,Service Control Manager,System,396,508,WIN-TFHMB3RRSQV,4,,Service started or stopped,,,Name: DNS Client | DNS Client,Status: running,,,,,,False,example_files\original\C\Windows\System32\winevt\logs\System.evtx,"Audit success, classic",0,"{""EventData"":{""Data"":[{""@Name"":""param1"",""#text"":""DNS Client""},{""@Name"":""param2"",""#text"":""running""}],""Binary"":""44-00-6E-00-73-00-63-00-61-00-63-00-68-00-65-00-2F-00-34-00-00-00""}}"
546,546,2025-02-04 03:10:54.7046083,7036,Info,Service Control Manager,System,396,508,WIN-TFHMB3RRSQV,4,,Service started or stopped,,,Name: DHCP Client | DHCP Client,Status: running,,,,,,False,example_files\original\C\Windows\System32\winevt\logs\System.evtx,"Audit success, classic",0,"{""EventData"":{""Data"":[{""@Name"":""param1"",""#text"":""DHCP Client""},{""@Name"":""param2"",""#text"":""running""}],""Binary"":""44-00-68-00-63-00-70-00-2F-00-34-00-00-00""}}"
547,547,2025-02-04 03:10:54.7046083,7036,Info,Service Control Manager,System,396,508,WIN-TFHMB3RRSQV,4,,Service started or stopped,,,Name: Shell Hardware Detection | Shell Hardware Detection,Status: running,,,,,,False,example_files\original\C\Windows\System32\winevt\logs\System.evtx,"Audit success, classic",304,"{""EventData"":{""Data"":[{""@Name"":""param1"",""#text"":""Shell Hardware Detection""},{""@Name"":""param2"",""#text"":""running""}],""Binary"":""53-00-68-00-65-00-6C-00-6C-00-48-00-57-00-44-00-65-00-74-00-65-00-63-00-74-00-69-00-6F-00-6E-00-2F-00-34-00-00-00""}}"
548,548,2025-02-04 03:10:54.9074086,7036,Info,Service Control Manager,System,396,508,WIN-TFHMB3RRSQV,4,,Service started or stopped,,,Name: Task Scheduler | Task Scheduler,Status: running,,,,,,False,example_files\original\C\Windows\System32\winevt\logs\System.evtx,"Audit success, classic",0,"{""EventData"":{""Data"":[{""@Name"":""param1"",""#text"":""Task Scheduler""},{""@Name"":""param2"",""#text"":""running""}],""Binary"":""53-00-63-00-68-00-65-00-64-00-75-00-6C-00-65-00-2F-00-34-00-00-00""}}"
549,549,2025-02-04 03:10:54.9386087,7036,Info,Service Control Manager,System,396,512,WIN-TFHMB3RRSQV,4,,Service started or stopped,,,Name: Print Spooler | Print Spooler,Status: running,,,,,,False,example_files\original\C\Windows\System32\winevt\logs\System.evtx,"Audit success, classic",0,"{""EventData"":{""Data"":[{""@Name"":""param1"",""#text"":""Print Spooler""},{""@Name"":""param2"",""#text"":""running""}],""Binary"":""53-00-70-00-6F-00-6F-00-6C-00-65-00-72-00-2F-00-34-00-00-00""}}"
550,550,2025-02-04 03:10:54.9854088,7036,Info,Service Control Manager,System,396,544,WIN-TFHMB3RRSQV,4,,Service started or stopped,,,Name: Base Filtering Engine | Base Filtering Engine,Status: running,,,,,,False,example_files\original\C\Windows\System32\winevt\logs\System.evtx,"Audit success, classic",0,"{""EventData"":{""Data"":[{""@Name"":""param1"",""#text"":""Base Filtering Engine""},{""@Name"":""param2"",""#text"":""running""}],""Binary"":""42-00-46-00-45-00-2F-00-34-00-00-00""}}"
551,551,2025-02-04 03:10:55.0166088,7036,Info,Service Control Manager,System,396,508,WIN-TFHMB3RRSQV,4,,Service started or stopped,,,Name: Windows Firewall | Windows Firewall,Status: running,,,,,,False,example_files\original\C\Windows\System32\winevt\logs\System.evtx,"Audit success, classic",0,"{""EventData"":{""Data"":[{""@Name"":""param1"",""#text"":""Windows Firewall""},{""@Name"":""param2"",""#text"":""running""}],""Binary"":""4D-00-70-00-73-00-53-00-76-00-63-00-2F-00-34-00-00-00""}}"
552,552,2025-02-04 03:10:55.0166088,7036,Info,Service Control Manager,System,396,508,WIN-TFHMB3RRSQV,4,,Service started or stopped,,,Name: Workstation | Workstation,Status: running,,,,,,False,example_files\original\C\Windows\System32\winevt\logs\System.evtx,"Audit success, classic",0,"{""EventData"":{""Data"":[{""@Name"":""param1"",""#text"":""Workstation""},{""@Name"":""param2"",""#text"":""running""}],""Binary"":""4C-00-61-00-6E-00-6D-00-61-00-6E-00-57-00-6F-00-72-00-6B-00-73-00-74-00-61-00-74-00-69-00-6F-00-6E-00-2F-00-34-00-00-00""}}"
553,553,2025-02-04 03:10:55.0322088,7036,Info,Service Control Manager,System,396,508,WIN-TFHMB3RRSQV,4,,Service started or stopped,,,Name: Cryptographic Services | Cryptographic Services,Status: running,,,,,,False,example_files\original\C\Windows\System32\winevt\logs\System.evtx,"Audit success, classic",0,"{""EventData"":{""Data"":[{""@Name"":""param1"",""#text"":""Cryptographic Services""},{""@Name"":""param2"",""#text"":""running""}],""Binary"":""43-00-72-00-79-00-70-00-74-00-53-00-76-00-63-00-2F-00-34-00-00-00""}}"
554,554,2025-02-04 03:10:55.0790089,7036,Info,Service Control Manager,System,396,544,WIN-TFHMB3RRSQV,4,,Service started or stopped,,,Name: Superfetch | Superfetch,Status: running,,,,,,False,example_files\original\C\Windows\System32\winevt\logs\System.evtx,"Audit success, classic",0,"{""EventData"":{""Data"":[{""@Name"":""param1"",""#text"":""Superfetch""},{""@Name"":""param2"",""#text"":""running""}],""Binary"":""53-00-79-00-73-00-4D-00-61-00-69-00-6E-00-2F-00-34-00-00-00""}}"
