RecordNumber,EventRecordId,TimeCreated,EventId,Level,Provider,Channel,ProcessId,ThreadId,Computer,ChunkNumber,UserId,MapDescription,UserName,RemoteHost,PayloadData1,PayloadData2,PayloadData3,PayloadData4,PayloadData5,PayloadData6,ExecutableInfo,HiddenRecord,SourceFile,Keywords,ExtraDataOffset,Payload
1,1,2010-11-21 03:58:31.1243721,1532,Info,Microsoft-Windows-User Profiles Service,Application,928,996,37L4247F27-25,0,S-1-5-18,,,,,,,,,,,False,example_files\original\C\Windows\System32\winevt\logs\Application.evtx,Classic,0,"{""EventData"":""""}"
2,2,2025-02-04 19:08:44.0000000,4625,Info,Microsoft-Windows-EventSystem,Application,0,0,37L4247F27-25,0,,,,,,,,,,,,False,example_files\original\C\Windows\System32\winevt\logs\Application.evtx,0x80000000000000,0,"{""EventData"":{""Data"":[{""@Name"":""param1"",""#text"":""86400""},{""@Name"":""param2"",""#text"":""SuppressDuplicateDuration""},{""@Name"":""param3"",""#text"":""Software\\Microsoft\\EventSystem\\EventLog""}]}}"
3,3,2025-02-04 19:08:44.6300459,1531,Info,Microsoft-Windows-User Profiles Service,Application,860,932,37L4247F27-25,0,S-1-5-18,,,,,,,,,,,False,example_files\original\C\Windows\System32\winevt\logs\Application.evtx,Classic,0,"{""EventData"":""""}"
4,4,2025-02-04 19:08:45.0000000,5615,LogAlways,Microsoft-Windows-WMI,Application,0,0,37L4247F27-25,0,,,,,,,,,,,,False,example_files\original\C\Windows\System32\winevt\logs\Application.evtx,0x80000000000000,0,"{""EventData"":{""Data"":"""",""Binary"":""""}}"
5,5,2025-02-04 19:08:45.0000000,5617,LogAlways,Microsoft-Windows-WMI,Application,0,0,37L4247F27-25,0,,,,,,,,,,,,False,example_files\original\C\Windows\System32\winevt\logs\Application.evtx,0x80000000000000,0,"{""EventData"":{""Data"":"""",""Binary"":""""}}"
6,6,2025-02-04 19:09:25.0000000,1001,Info,Windows Error Reporting,Application,0,0,37L4247F27-25,0,,Application Crash,,,,,,,,,"0, PnPGenericDriverFound, Not available, 0, x64, PCI\VEN_15AD&amp;DEV_0405&amp;SUBSYS_040515AD&amp;REV_00, C:\ProgramData\Microsoft\Windows\WER\ReportQueue\NonCritical_x64_505c7fc25c7e5866de583f14c22e2b4c2a6018c_cab_036d06d3, 0, 8be72dd4-e32b-11ef-ba59-9dee5a686608, 6",False,example_files\original\C\Windows\System32\winevt\logs\Application.evtx,0x80000000000000,0,"{""EventData"":{""Data"":""0, PnPGenericDriverFound, Not available, 0, x64, PCI\\VEN_15AD&amp;DEV_0405&amp;SUBSYS_040515AD&amp;REV_00, C:\\ProgramData\\Microsoft\\Windows\\WER\\ReportQueue\\NonCritical_x64_505c7fc25c7e5866de583f14c22e2b4c2a6018c_cab_036d06d3, 0, 8be72dd4-e32b-11ef-ba59-9dee5a686608, 6"",""Binary"":""""}}"
7,7,2025-02-04 19:09:29.0000000,1001,Info,Windows Error Reporting,Application,0,0,37L4247F27-25,0,,Application Crash,,,,,,,,,"0, PnPDriverNotFound, Not available, 0, x64, PCI\VEN_15AD&amp;DEV_0740&amp;SUBSYS_074015AD&amp;REV_10, 
C:\Windows\Temp\DMI16E9.tmp.log.xml, C:\ProgramData\Microsoft\Windows\WER\ReportQueue\NonCritical_x64_72da1383309c93bd2441accd728cf953e4fa97a_cab_07bd16f9, 0, 8e5dfa7c-e32b-11ef-ba59-9dee5a686608, 6",False,example_files\original\C\Windows\System32\winevt\logs\Application.evtx,0x80000000000000,0,"{""EventData"":{""Data"":""0, PnPDriverNotFound, Not available, 0, x64, PCI\\VEN_15AD&amp;DEV_0740&amp;SUBSYS_074015AD&amp;REV_10, \nC:\\Windows\\Temp\\DMI16E9.tmp.log.xml, C:\\ProgramData\\Microsoft\\Windows\\WER\\ReportQueue\\NonCritical_x64_72da1383309c93bd2441accd728cf953e4fa97a_cab_07bd16f9, 0, 8e5dfa7c-e32b-11ef-ba59-9dee5a686608, 6"",""Binary"":""""}}"
8,8,2025-02-04 19:10:11.0000000,1001,Info,Windows Error Reporting,Application,0,0,37L4247F27-25,0,,Application Crash,,,,,,,,,"0, PnPRequestAdditionalSoftware, Not available, 0, x64, USB\VID_0E0F&amp;PID_0003&amp;REV_0102&amp;MI_00, 6.1.1.0, 0409, input.inf, *, C:\ProgramData\Microsoft\Windows\WER\ReportQueue\NonCritical_x64_17d0828db4c1e349e1d7984f6f6fb9bbc8bc78_cab_05e5bd65, 0, a7c06728-e32b-11ef-ba59-000c2941a4ae, 4",False,example_files\original\C\Windows\System32\winevt\logs\Application.evtx,0x80000000000000,0,"{""EventData"":{""Data"":""0, PnPRequestAdditionalSoftware, Not available, 0, x64, USB\\VID_0E0F&amp;PID_0003&amp;REV_0102&amp;MI_00, 6.1.1.0, 0409, input.inf, *, C:\\ProgramData\\Microsoft\\Windows\\WER\\ReportQueue\\NonCritical_x64_17d0828db4c1e349e1d7984f6f6fb9bbc8bc78_cab_05e5bd65, 0, a7c06728-e32b-11ef-ba59-000c2941a4ae, 4"",""Binary"":""""}}"
9,9,2025-02-04 19:10:12.0000000,1001,Info,Windows Error Reporting,Application,0,0,37L4247F27-25,0,,Application Crash,,,,,,,,,"0, PnPRequestAdditionalSoftware, Not available, 0, x64, USB\VID_0E0F&amp;PID_0003&amp;REV_0102&amp;MI_01, 6.1.1.0, 0409, input.inf, *, C:\ProgramData\Microsoft\Windows\WER\ReportQueue\NonCritical_x64_2069f6a335b3a4a48372e5aa5a4778d07e65bb_cab_05d5beac, 0, a7f4c56e-e32b-11ef-ba59-000c2941a4ae, 4",False,example_files\original\C\Windows\System32\winevt\logs\Application.evtx,0x80000000000000,0,"{""EventData"":{""Data"":""0, PnPRequestAdditionalSoftware, Not available, 0, x64, USB\\VID_0E0F&amp;PID_0003&amp;REV_0102&amp;MI_01, 6.1.1.0, 0409, input.inf, *, C:\\ProgramData\\Microsoft\\Windows\\WER\\ReportQueue\\NonCritical_x64_2069f6a335b3a4a48372e5aa5a4778d07e65bb_cab_05d5beac, 0, a7f4c56e-e32b-11ef-ba59-000c2941a4ae, 4"",""Binary"":""""}}"
10,10,2025-02-04 19:10:15.0000000,900,Info,Microsoft-Windows-Security-SPP,Application,0,0,37L4247F27-25,0,,,,,,,,,,,,False,example_files\original\C\Windows\System32\winevt\logs\Application.evtx,0x80000000000000,0,"{""EventData"":{""Data"":"""",""Binary"":""""}}"
11,11,2025-02-04 19:10:15.0000000,1066,Info,Microsoft-Windows-Security-SPP,Application,0,0,37L4247F27-25,0,,,,,,,,,,,,False,example_files\original\C\Windows\System32\winevt\logs\Application.evtx,0x80000000000000,0,"{""EventData"":{""Data"":""C:\\Windows\\system32\\sppwinob.dll, msft:spp/windowsfunctionality/agent/7.0, 0x00000000, 0x00000000\nC:\\Windows\\system32\\sppobjs.dll, msft:rm/algorithm/phone/1.0, 0x00000000, 0x00000000\nC:\\Windows\\system32\\sppobjs.dll, msft:rm/algorithm/pkey/2005, 0x00000000, 0x00000000\nC:\\Windows\\system32\\sppobjs.dll, msft:spp/TaskScheduler/1.0, 0x00000000, 0x00000000\nC:\\Windows\\system32\\sppobjs.dll, msft:spp/volume/services/kms/1.0, 0x00000000, 0x00000000\nC:\\Windows\\system32\\sppobjs.dll, msft:spp/volume/services/kms/licenserenewal/1.0, 0x00000000, 0x00000000\n"",""Binary"":""""}}"
12,12,2025-02-04 19:10:15.0000000,1004,Info,Microsoft-Windows-Security-SPP,Application,0,0,37L4247F27-25,0,,,,,,,,,,,,False,example_files\original\C\Windows\System32\winevt\logs\Application.evtx,0x80000000000000,0,"{""EventData"":{""Data"":""Windows(TM) - Component PPD License (DirectExperience), 63f7d6b3-2b29-5864-50cf-9f7231237dbe"",""Binary"":""""}}"
13,13,2025-02-04 19:10:15.0000000,1004,Info,Microsoft-Windows-Security-SPP,Application,0,0,37L4247F27-25,0,,,,,,,,,,,,False,example_files\original\C\Windows\System32\winevt\logs\Application.evtx,0x80000000000000,0,"{""EventData"":{""Data"":""Windows(TM) - Component PPD License (MathRecognizerEventsLicensing), 4a69babc-79ff-d8d0-e21f-1ad764610ba5"",""Binary"":""""}}"
14,14,2025-02-04 19:10:15.0000000,1004,Info,Microsoft-Windows-Security-SPP,Application,0,0,37L4247F27-25,0,,,,,,,,,,,,False,example_files\original\C\Windows\System32\winevt\logs\Application.evtx,0x80000000000000,0,"{""EventData"":{""Data"":""Windows(TM) - Component PPD License (MCLicense), 7e746adc-aded-b4e0-f905-958045b82a91"",""Binary"":""""}}"
15,15,2025-02-04 19:10:15.0000000,1004,Info,Microsoft-Windows-Security-SPP,Application,0,0,37L4247F27-25,0,,,,,,,,,,,,False,example_files\original\C\Windows\System32\winevt\logs\Application.evtx,0x80000000000000,0,"{""EventData"":{""Data"":""Windows(TM) - Component PPD License (MediaCenter), e3d4363f-c347-a427-5719-d0714ad4e28b"",""Binary"":""""}}"
16,16,2025-02-04 19:10:15.0000000,1004,Info,Microsoft-Windows-Security-SPP,Application,0,0,37L4247F27-25,0,,,,,,,,,,,,False,example_files\original\C\Windows\System32\winevt\logs\Application.evtx,0x80000000000000,0,"{""EventData"":{""Data"":""Windows(TM) - Component PPD License (Microsoft-Windows-AuxiliaryDisplay), bb84a932-2455-c803-5571-28702ab9ef37"",""Binary"":""""}}"
17,17,2025-02-04 19:10:15.0000000,1004,Info,Microsoft-Windows-Security-SPP,Application,0,0,37L4247F27-25,0,,,,,,,,,,,,False,example_files\original\C\Windows\System32\winevt\logs\Application.evtx,0x80000000000000,0,"{""EventData"":{""Data"":""Windows(TM) - Component PPD License (Microsoft-Windows-OfflineFiles-Core), fde9a948-da42-4dda-8551-5bc37d07ed22"",""Binary"":""""}}"
18,18,2025-02-04 19:10:15.0000000,1004,Info,Microsoft-Windows-Security-SPP,Application,0,0,37L4247F27-25,0,,,,,,,,,,,,False,example_files\original\C\Windows\System32\winevt\logs\Application.evtx,0x80000000000000,0,"{""EventData"":{""Data"":""Windows(TM) - Component PPD License (Microsoft-Windows-SensorsLicense), 50e07dda-3e8f-7f35-e0e3-93d2d5801978"",""Binary"":""""}}"
19,19,2025-02-04 19:10:15.0000000,1004,Info,Microsoft-Windows-Security-SPP,Application,0,0,37L4247F27-25,0,,,,,,,,,,,,False,example_files\original\C\Windows\System32\winevt\logs\Application.evtx,0x80000000000000,0,"{""EventData"":{""Data"":""Windows(TM) - Component PPD License (MobilePCMobilityCenter), 3dbac6e0-a3bc-8c89-90b5-5e95e1e4456f"",""Binary"":""""}}"
20,20,2025-02-04 19:10:15.0000000,1004,Info,Microsoft-Windows-Security-SPP,Application,0,0,37L4247F27-25,0,,,,,,,,,,,,False,example_files\original\C\Windows\System32\winevt\logs\Application.evtx,0x80000000000000,0,"{""EventData"":{""Data"":""Windows(TM) - Component PPD License (MobilePCPresentationSettings), 829de4ec-c68f-e5b5-bfc8-09faa229aa76"",""Binary"":""""}}"
21,21,2025-02-04 19:10:15.0000000,1004,Info,Microsoft-Windows-Security-SPP,Application,0,0,37L4247F27-25,0,,,,,,,,,,,,False,example_files\original\C\Windows\System32\winevt\logs\Application.evtx,0x80000000000000,0,"{""EventData"":{""Data"":""Windows(TM) - Component PPD License (NetworkProjection), 8f41e452-9780-ff52-fa7f-3f473959bbee"",""Binary"":""""}}"
22,22,2025-02-04 19:10:15.0000000,1004,Info,Microsoft-Windows-Security-SPP,Application,0,0,37L4247F27-25,0,,,,,,,,,,,,False,example_files\original\C\Windows\System32\winevt\logs\Application.evtx,0x80000000000000,0,"{""EventData"":{""Data"":""Windows(TM) - Component PPD License (OMD-API), d8762de4-0e0c-3d1f-83f9-324bc2106432"",""Binary"":""""}}"
23,23,2025-02-04 19:10:15.0000000,1004,Info,Microsoft-Windows-Security-SPP,Application,0,0,37L4247F27-25,0,,,,,,,,,,,,False,example_files\original\C\Windows\System32\winevt\logs\Application.evtx,0x80000000000000,0,"{""EventData"":{""Data"":""Windows(TM) - Component PPD License (PeerDist-Common), 4d6bd88a-7817-3bec-4a2f-f8205a547e77"",""Binary"":""""}}"
24,24,2025-02-04 19:10:15.0000000,1004,Info,Microsoft-Windows-Security-SPP,Application,0,0,37L4247F27-25,0,,,,,,,,,,,,False,example_files\original\C\Windows\System32\winevt\logs\Application.evtx,0x80000000000000,0,"{""EventData"":{""Data"":""Windows(TM) - Component PPD License (Personalization), e424241c-3885-725a-612f-a597a877aabe"",""Binary"":""""}}"
25,25,2025-02-04 19:10:15.0000000,1004,Info,Microsoft-Windows-Security-SPP,Application,0,0,37L4247F27-25,0,,,,,,,,,,,,False,example_files\original\C\Windows\System32\winevt\logs\Application.evtx,0x80000000000000,0,"{""EventData"":{""Data"":""Windows(TM) - Component PPD License (Printing-Spooler-Pmc-Licensing), 65904b29-a3f7-213d-2a08-c712954e716c"",""Binary"":""""}}"
26,26,2025-02-04 19:10:15.0000000,1004,Info,Microsoft-Windows-Security-SPP,Application,0,0,37L4247F27-25,0,,,,,,,,,,,,False,example_files\original\C\Windows\System32\winevt\logs\Application.evtx,0x80000000000000,0,"{""EventData"":{""Data"":""Windows(R) 7 - Product PPD License (Security-SPP-Component-SKU-Professional), d4eea32c-0105-ad15-8749-c7ff24f68005"",""Binary"":""""}}"
27,27,2025-02-04 19:10:15.0000000,1004,Info,Microsoft-Windows-Security-SPP,Application,0,0,37L4247F27-25,0,,,,,,,,,,,,False,example_files\original\C\Windows\System32\winevt\logs\Application.evtx,0x80000000000000,0,"{""EventData"":{""Data"":""Windows(TM) - Component PPD License (SnippingToolLicensing), 9503a4e9-5367-9f58-682a-c903313a1221"",""Binary"":""""}}"
28,28,2025-02-04 19:10:15.0000000,1004,Info,Microsoft-Windows-Security-SPP,Application,0,0,37L4247F27-25,0,,,,,,,,,,,,False,example_files\original\C\Windows\System32\winevt\logs\Application.evtx,0x80000000000000,0,"{""EventData"":{""Data"":""Windows(TM) - Component PPD License (StickyNotesLicensing), 60bd071d-89a5-36a5-9ab8-5e94b8ceb81d"",""Binary"":""""}}"
29,29,2025-02-04 19:10:15.0000000,1004,Info,Microsoft-Windows-Security-SPP,Application,0,0,37L4247F27-25,0,,,,,,,,,,,,False,example_files\original\C\Windows\System32\winevt\logs\Application.evtx,0x80000000000000,0,"{""EventData"":{""Data"":""Windows(TM) - Component PPD License (TabletPC-MathInputLicensing), bf82650e-f5b5-7940-7b18-7d061958ea98"",""Binary"":""""}}"
30,30,2025-02-04 19:10:15.0000000,1004,Info,Microsoft-Windows-Security-SPP,Application,0,0,37L4247F27-25,0,,,,,,,,,,,,False,example_files\original\C\Windows\System32\winevt\logs\Application.evtx,0x80000000000000,0,"{""EventData"":{""Data"":""Windows(TM) - Component PPD License (TabletPCAccessories), 69ac1b04-f36a-2bd1-b7ec-1ae9ee709361"",""Binary"":""""}}"
31,31,2025-02-04 19:10:15.0000000,1004,Info,Microsoft-Windows-Security-SPP,Application,0,0,37L4247F27-25,0,,,,,,,,,,,,False,example_files\original\C\Windows\System32\winevt\logs\Application.evtx,0x80000000000000,0,"{""EventData"":{""Data"":""Windows(TM) - Component PPD License (TabletPCCoreInkRecognitionLicensing), 8d61ad59-f947-03ff-1472-fb4bda47aae4"",""Binary"":""""}}"
32,32,2025-02-04 19:10:15.0000000,1004,Info,Microsoft-Windows-Security-SPP,Application,0,0,37L4247F27-25,0,,,,,,,,,,,,False,example_files\original\C\Windows\System32\winevt\logs\Application.evtx,0x80000000000000,0,"{""EventData"":{""Data"":""Windows(TM) - Component PPD License (TabletPCInputPanel), 3f2a5d05-fdc9-722d-1bae-26480a09b361"",""Binary"":""""}}"
33,33,2025-02-04 19:10:15.0000000,1004,Info,Microsoft-Windows-Security-SPP,Application,0,0,37L4247F27-25,0,,,,,,,,,,,,False,example_files\original\C\Windows\System32\winevt\logs\Application.evtx,0x80000000000000,0,"{""EventData"":{""Data"":""Windows(TM) - Component PPD License (TabletPCInputPersonalization), e04832c7-38ba-a7cf-b6a8-dc0589faf247"",""Binary"":""""}}"
34,34,2025-02-04 19:10:15.0000000,1004,Info,Microsoft-Windows-Security-SPP,Application,0,0,37L4247F27-25,0,,,,,,,,,,,,False,example_files\original\C\Windows\System32\winevt\logs\Application.evtx,0x80000000000000,0,"{""EventData"":{""Data"":""Windows(TM) - Component PPD License (TerminalServices-DeviceRedirection-Licenses), c4ddee78-55b7-8e06-319f-e099efa3c9f5"",""Binary"":""""}}"
35,35,2025-02-04 19:10:15.0000000,1004,Info,Microsoft-Windows-Security-SPP,Application,0,0,37L4247F27-25,0,,,,,,,,,,,,False,example_files\original\C\Windows\System32\winevt\logs\Application.evtx,0x80000000000000,0,"{""EventData"":{""Data"":""Windows(TM) - Component PPD License (VirtualPC-licensing), 31745652-42b3-9db0-f12a-3cfcbebb5ee7"",""Binary"":""""}}"
36,36,2025-02-04 19:10:15.0000000,1004,Info,Microsoft-Windows-Security-SPP,Application,0,0,37L4247F27-25,0,,,,,,,,,,,,False,example_files\original\C\Windows\System32\winevt\logs\Application.evtx,0x80000000000000,0,"{""EventData"":{""Data"":""Windows(TM) - Component PPD License (VirtualXP-licensing), 6b9b822b-3a52-cdf6-1a20-2c3ca2b44ad2"",""Binary"":""""}}"
37,37,2025-02-04 19:10:15.0000000,1004,Info,Microsoft-Windows-Security-SPP,Application,0,0,37L4247F27-25,0,,,,,,,,,,,,False,example_files\original\C\Windows\System32\winevt\logs\Application.evtx,0x80000000000000,0,"{""EventData"":{""Data"":""Windows(R) 7 Publishing License (Public), d0beddea-5911-48e1-a226-486ba31c8d78"",""Binary"":""""}}"
38,38,2025-02-04 19:10:15.0000000,1004,Info,Microsoft-Windows-Security-SPP,Application,0,0,37L4247F27-25,0,,,,,,,,,,,,False,example_files\original\C\Windows\System32\winevt\logs\Application.evtx,0x80000000000000,0,"{""EventData"":{""Data"":""Windows(R) 7 Publishing License (Private), 3e484b48-a5aa-485f-804a-d17be6965a33"",""Binary"":""""}}"
39,39,2025-02-04 19:10:15.0000000,1004,Info,Microsoft-Windows-Security-SPP,Application,0,0,37L4247F27-25,0,,,,,,,,,,,,False,example_files\original\C\Windows\System32\winevt\logs\Application.evtx,0x80000000000000,0,"{""EventData"":{""Data"":""Windows(R) 7 UL-OOB License (Public), 7a1fff6a-caa0-43d8-97ec-846205c37912"",""Binary"":""""}}"
40,40,2025-02-04 19:10:15.0000000,1004,Info,Microsoft-Windows-Security-SPP,Application,0,0,37L4247F27-25,0,,,,,,,,,,,,False,example_files\original\C\Windows\System32\winevt\logs\Application.evtx,0x80000000000000,0,"{""EventData"":{""Data"":""Windows(R) 7 UL-OOB License (Private), 14ebbee6-7017-47c5-beb8-427ad9264835"",""Binary"":""""}}"
41,41,2025-02-04 19:10:15.0000000,1004,Info,Microsoft-Windows-Security-SPP,Application,0,0,37L4247F27-25,0,,,,,,,,,,,,False,example_files\original\C\Windows\System32\winevt\logs\Application.evtx,0x80000000000000,0,"{""EventData"":{""Data"":""Windows(R) 7 UL-PHN License (Public), 00f52d78-f0e8-4064-9423-b6bbb6dd8721"",""Binary"":""""}}"
42,42,2025-02-04 19:10:15.0000000,1004,Info,Microsoft-Windows-Security-SPP,Application,0,0,37L4247F27-25,0,,,,,,,,,,,,False,example_files\original\C\Windows\System32\winevt\logs\Application.evtx,0x80000000000000,0,"{""EventData"":{""Data"":""Windows(R) 7 UL-PHN License (Private), 4a60c0d1-c37f-4558-b07d-780fcf57b471"",""Binary"":""""}}"
43,43,2025-02-04 19:10:15.0000000,1004,Info,Microsoft-Windows-Security-SPP,Application,0,0,37L4247F27-25,0,,,,,,,,,,,,False,example_files\original\C\Windows\System32\winevt\logs\Application.evtx,0x80000000000000,0,"{""EventData"":{""Data"":""Windows(R) 7 Publishing License (Public), ec929c6b-a635-4d89-8ac6-6240c29809d2"",""Binary"":""""}}"
44,44,2025-02-04 19:10:15.0000000,1004,Info,Microsoft-Windows-Security-SPP,Application,0,0,37L4247F27-25,0,,,,,,,,,,,,False,example_files\original\C\Windows\System32\winevt\logs\Application.evtx,0x80000000000000,0,"{""EventData"":{""Data"":""Windows(R) 7 Publishing License (Private), 566f32d9-f4ad-4e42-bd6e-2cb0790e1b24"",""Binary"":""""}}"
45,45,2025-02-04 19:10:15.0000000,1004,Info,Microsoft-Windows-Security-SPP,Application,0,0,37L4247F27-25,0,,,,,,,,,,,,False,example_files\original\C\Windows\System32\winevt\logs\Application.evtx,0x80000000000000,0,"{""EventData"":{""Data"":""Windows(R) 7 UL-OOB License (Public), c4b1fe60-9bf5-4210-852f-4fd6f27ce90b"",""Binary"":""""}}"
46,46,2025-02-04 19:10:15.0000000,1004,Info,Microsoft-Windows-Security-SPP,Application,0,0,37L4247F27-25,0,,,,,,,,,,,,False,example_files\original\C\Windows\System32\winevt\logs\Application.evtx,0x80000000000000,0,"{""EventData"":{""Data"":""Windows(R) 7 UL-OOB License (Private), 2add1962-f370-4b57-b2ca-8886f5a5a629"",""Binary"":""""}}"
47,47,2025-02-04 19:10:15.0000000,1004,Info,Microsoft-Windows-Security-SPP,Application,0,0,37L4247F27-25,0,,,,,,,,,,,,False,example_files\original\C\Windows\System32\winevt\logs\Application.evtx,0x80000000000000,0,"{""EventData"":{""Data"":""Windows(R) 7 UL-PHN License (Public), b1394261-e2e4-4643-b639-cc5ddb44eefb"",""Binary"":""""}}"
48,48,2025-02-04 19:10:15.0000000,1004,Info,Microsoft-Windows-Security-SPP,Application,0,0,37L4247F27-25,0,,,,,,,,,,,,False,example_files\original\C\Windows\System32\winevt\logs\Application.evtx,0x80000000000000,0,"{""EventData"":{""Data"":""Windows(R) 7 UL-PHN License (Private), 702ff831-4cb3-49eb-aecf-958048f9a887"",""Binary"":""""}}"
49,49,2025-02-04 19:10:15.0000000,1004,Info,Microsoft-Windows-Security-SPP,Application,0,0,37L4247F27-25,0,,,,,,,,,,,,False,example_files\original\C\Windows\System32\winevt\logs\Application.evtx,0x80000000000000,0,"{""EventData"":{""Data"":""Windows(R) 7 Publishing License (Public), 3843bf55-ba03-4635-8461-02e1463f9090"",""Binary"":""""}}"
50,50,2025-02-04 19:10:15.0000000,1004,Info,Microsoft-Windows-Security-SPP,Application,0,0,37L4247F27-25,0,,,,,,,,,,,,False,example_files\original\C\Windows\System32\winevt\logs\Application.evtx,0x80000000000000,0,"{""EventData"":{""Data"":""Windows(R) 7 Publishing License (Private), fcf0d80f-de5b-4534-ad1e-e6cd62df3134"",""Binary"":""""}}"
51,51,2025-02-04 19:10:15.0000000,1004,Info,Microsoft-Windows-Security-SPP,Application,0,0,37L4247F27-25,0,,,,,,,,,,,,False,example_files\original\C\Windows\System32\winevt\logs\Application.evtx,0x80000000000000,0,"{""EventData"":{""Data"":""Windows(R) 7 UL-OOB License (Public), 1467675c-cac4-43a7-b9bc-63877bd7264b"",""Binary"":""""}}"
52,52,2025-02-04 19:10:15.0000000,1004,Info,Microsoft-Windows-Security-SPP,Application,0,0,37L4247F27-25,0,,,,,,,,,,,,False,example_files\original\C\Windows\System32\winevt\logs\Application.evtx,0x80000000000000,0,"{""EventData"":{""Data"":""Windows(R) 7 UL-OOB License (Private), 71865021-c220-456d-8431-e443860e37df"",""Binary"":""""}}"
53,53,2025-02-04 19:10:15.0000000,1004,Info,Microsoft-Windows-Security-SPP,Application,0,0,37L4247F27-25,0,,,,,,,,,,,,False,example_files\original\C\Windows\System32\winevt\logs\Application.evtx,0x80000000000000,0,"{""EventData"":{""Data"":""Windows(R) 7 UL-PHN License (Public), 073ee3c4-e423-45d1-949c-6a2dad0aa351"",""Binary"":""""}}"
54,54,2025-02-04 19:10:15.0000000,1004,Info,Microsoft-Windows-Security-SPP,Application,0,0,37L4247F27-25,0,,,,,,,,,,,,False,example_files\original\C\Windows\System32\winevt\logs\Application.evtx,0x80000000000000,0,"{""EventData"":{""Data"":""Windows(R) 7 UL-PHN License (Private), a17a4dcf-15b9-447d-a1ce-637161ca4091"",""Binary"":""""}}"
55,55,2025-02-04 19:10:15.0000000,1004,Info,Microsoft-Windows-Security-SPP,Application,0,0,37L4247F27-25,0,,,,,,,,,,,,False,example_files\original\C\Windows\System32\winevt\logs\Application.evtx,0x80000000000000,0,"{""EventData"":{""Data"":""Windows(R) 7 Publishing License (Public), bfaa79b3-36be-40ec-8810-cf24b7e67a29"",""Binary"":""""}}"
56,56,2025-02-04 19:10:15.0000000,1004,Info,Microsoft-Windows-Security-SPP,Application,0,0,37L4247F27-25,0,,,,,,,,,,,,False,example_files\original\C\Windows\System32\winevt\logs\Application.evtx,0x80000000000000,0,"{""EventData"":{""Data"":""Windows(R) 7 Publishing License (Private), d480b173-4ad0-40ed-9615-100576ece60e"",""Binary"":""""}}"
57,57,2025-02-04 19:10:15.0000000,1004,Info,Microsoft-Windows-Security-SPP,Application,0,0,37L4247F27-25,0,,,,,,,,,,,,False,example_files\original\C\Windows\System32\winevt\logs\Application.evtx,0x80000000000000,0,"{""EventData"":{""Data"":""Windows(R) 7 UL-OOB License (Public), 70f0e2df-3bd4-4781-9fa4-80592ec38ad5"",""Binary"":""""}}"
58,58,2025-02-04 19:10:15.0000000,1004,Info,Microsoft-Windows-Security-SPP,Application,0,0,37L4247F27-25,0,,,,,,,,,,,,False,example_files\original\C\Windows\System32\winevt\logs\Application.evtx,0x80000000000000,0,"{""EventData"":{""Data"":""Windows(R) 7 UL-OOB License (Private), 4d71088b-24f8-412d-abc8-a12096f92e63"",""Binary"":""""}}"
59,59,2025-02-04 19:10:15.0000000,1004,Info,Microsoft-Windows-Security-SPP,Application,0,0,37L4247F27-25,0,,,,,,,,,,,,False,example_files\original\C\Windows\System32\winevt\logs\Application.evtx,0x80000000000000,0,"{""EventData"":{""Data"":""Windows(R) 7 UL-PHN License (Public), 76967773-2719-41e4-b02f-b0aa92fd1806"",""Binary"":""""}}"
60,60,2025-02-04 19:10:15.0000000,1004,Info,Microsoft-Windows-Security-SPP,Application,0,0,37L4247F27-25,0,,,,,,,,,,,,False,example_files\original\C\Windows\System32\winevt\logs\Application.evtx,0x80000000000000,0,"{""EventData"":{""Data"":""Windows(R) 7 UL-PHN License (Private), 4bfe04c6-dd55-4fd5-81a9-b8a410c08bf2"",""Binary"":""""}}"
61,61,2025-02-04 19:10:15.0000000,1004,Info,Microsoft-Windows-Security-SPP,Application,0,0,37L4247F27-25,0,,,,,,,,,,,,False,example_files\original\C\Windows\System32\winevt\logs\Application.evtx,0x80000000000000,0,"{""EventData"":{""Data"":""Windows(R) 7 UL-OOB License (Public), cf111a65-1e6f-4500-bf7c-84479f44af87"",""Binary"":""""}}"
62,62,2025-02-04 19:10:15.0000000,1004,Info,Microsoft-Windows-Security-SPP,Application,0,0,37L4247F27-25,0,,,,,,,,,,,,False,example_files\original\C\Windows\System32\winevt\logs\Application.evtx,0x80000000000000,0,"{""EventData"":{""Data"":""Windows(R) 7 UL-OOB License (Private), 25a5ceb0-6809-40a2-9dc9-132858a804e5"",""Binary"":""""}}"
63,63,2025-02-04 19:10:15.0000000,1004,Info,Microsoft-Windows-Security-SPP,Application,0,0,37L4247F27-25,0,,,,,,,,,,,,False,example_files\original\C\Windows\System32\winevt\logs\Application.evtx,0x80000000000000,0,"{""EventData"":{""Data"":""Windows(R) 7 UL-OEM License (Public), 0b3b63ce-04f4-426d-aa3f-4c8fa055c975"",""Binary"":""""}}"
64,64,2025-02-04 19:10:15.0000000,1004,Info,Microsoft-Windows-Security-SPP,Application,0,0,37L4247F27-25,0,,,,,,,,,,,,False,example_files\original\C\Windows\System32\winevt\logs\Application.evtx,0x80000000000000,0,"{""EventData"":{""Data"":""Windows(R) 7 UL-OEM License (Private), d518fd01-834d-4ee2-8641-7121d8ddcab6"",""Binary"":""""}}"
65,65,2025-02-04 19:10:15.0000000,1004,Info,Microsoft-Windows-Security-SPP,Application,0,0,37L4247F27-25,0,,,,,,,,,,,,False,example_files\original\C\Windows\System32\winevt\logs\Application.evtx,0x80000000000000,0,"{""EventData"":{""Data"":""Windows(R) 7 UL-OOB License (Public), 79ef5d2a-bbe6-4609-aad8-7a07ef1cd6a4"",""Binary"":""""}}"
66,66,2025-02-04 19:10:15.0000000,1004,Info,Microsoft-Windows-Security-SPP,Application,0,0,37L4247F27-25,0,,,,,,,,,,,,False,example_files\original\C\Windows\System32\winevt\logs\Application.evtx,0x80000000000000,0,"{""EventData"":{""Data"":""Windows(R) 7 UL-OOB License (Private), c658f5f2-9b02-4036-9f4e-078ac9938ecd"",""Binary"":""""}}"
67,67,2025-02-04 19:10:15.0000000,1004,Info,Microsoft-Windows-Security-SPP,Application,0,0,37L4247F27-25,0,,,,,,,,,,,,False,example_files\original\C\Windows\System32\winevt\logs\Application.evtx,0x80000000000000,0,"{""EventData"":{""Data"":""Windows(R) 7 UL-OEM License (Public), cffc6b89-d73e-44d5-b642-9e42bd64677e"",""Binary"":""""}}"
68,68,2025-02-04 19:10:15.0000000,1004,Info,Microsoft-Windows-Security-SPP,Application,0,0,37L4247F27-25,0,,,,,,,,,,,,False,example_files\original\C\Windows\System32\winevt\logs\Application.evtx,0x80000000000000,0,"{""EventData"":{""Data"":""Windows(R) 7 UL-OEM License (Private), ddf8cd79-2b52-4d57-bfd5-376ddbab5d29"",""Binary"":""""}}"
69,69,2025-02-04 19:10:15.0000000,1004,Info,Microsoft-Windows-Security-SPP,Application,0,0,37L4247F27-25,0,,,,,,,,,,,,False,example_files\original\C\Windows\System32\winevt\logs\Application.evtx,0x80000000000000,0,"{""EventData"":{""Data"":""Windows(R) 7 Publishing License (Public), cbfbdf90-9ed8-463d-8753-9711844050b6"",""Binary"":""""}}"
70,70,2025-02-04 19:10:15.0000000,1004,Info,Microsoft-Windows-Security-SPP,Application,0,0,37L4247F27-25,0,,,,,,,,,,,,False,example_files\original\C\Windows\System32\winevt\logs\Application.evtx,0x80000000000000,0,"{""EventData"":{""Data"":""Windows(R) 7 Publishing License (Private), 1cb7d30a-4a9c-4353-a7b2-e87f150e082a"",""Binary"":""""}}"
71,71,2025-02-04 19:10:15.0000000,1004,Info,Microsoft-Windows-Security-SPP,Application,0,0,37L4247F27-25,0,,,,,,,,,,,,False,example_files\original\C\Windows\System32\winevt\logs\Application.evtx,0x80000000000000,0,"{""EventData"":{""Data"":""Windows(R) 7 UL-OOB License (Public), fe413ad2-f631-409f-8d76-f7f32c8ffdc8"",""Binary"":""""}}"
72,72,2025-02-04 19:10:15.0000000,1004,Info,Microsoft-Windows-Security-SPP,Application,0,0,37L4247F27-25,0,,,,,,,,,,,,False,example_files\original\C\Windows\System32\winevt\logs\Application.evtx,0x80000000000000,0,"{""EventData"":{""Data"":""Windows(R) 7 UL-OOB License (Private), 6880665f-6322-4d55-b2a0-32c0ed79faaa"",""Binary"":""""}}"
73,73,2025-02-04 19:10:15.0000000,1004,Info,Microsoft-Windows-Security-SPP,Application,0,0,37L4247F27-25,0,,,,,,,,,,,,False,example_files\original\C\Windows\System32\winevt\logs\Application.evtx,0x80000000000000,0,"{""EventData"":{""Data"":""Windows(R) 7 UL-PHN License (Public), fe460fae-3632-489c-a4f8-578d5e4da031"",""Binary"":""""}}"
74,74,2025-02-04 19:10:15.0000000,1004,Info,Microsoft-Windows-Security-SPP,Application,0,0,37L4247F27-25,0,,,,,,,,,,,,False,example_files\original\C\Windows\System32\winevt\logs\Application.evtx,0x80000000000000,0,"{""EventData"":{""Data"":""Windows(R) 7 UL-PHN License (Private), 3b319e38-0a8d-4758-a392-fbf32958dc3a"",""Binary"":""""}}"
75,75,2025-02-04 19:10:15.0000000,1004,Info,Microsoft-Windows-Security-SPP,Application,0,0,37L4247F27-25,0,,,,,,,,,,,,False,example_files\original\C\Windows\System32\winevt\logs\Application.evtx,0x80000000000000,0,"{""EventData"":{""Data"":""Windows(R) 7 Publishing License (Public), 82cbc178-4d41-49d8-8bba-cce2a7758559"",""Binary"":""""}}"
76,76,2025-02-04 19:10:15.0000000,1004,Info,Microsoft-Windows-Security-SPP,Application,0,0,37L4247F27-25,0,,,,,,,,,,,,False,example_files\original\C\Windows\System32\winevt\logs\Application.evtx,0x80000000000000,0,"{""EventData"":{""Data"":""Windows(R) 7 Publishing License (Private), 3f342e5f-06fe-41a4-8650-62f1c49eeb6b"",""Binary"":""""}}"
77,77,2025-02-04 19:10:15.0000000,1004,Info,Microsoft-Windows-Security-SPP,Application,0,0,37L4247F27-25,0,,,,,,,,,,,,False,example_files\original\C\Windows\System32\winevt\logs\Application.evtx,0x80000000000000,0,"{""EventData"":{""Data"":""Windows(R) 7 UL-OOB License (Public), 0e9aced1-0ea7-4f8a-8d60-ff31780ffdf9"",""Binary"":""""}}"
78,78,2025-02-04 19:10:15.0000000,1004,Info,Microsoft-Windows-Security-SPP,Application,0,0,37L4247F27-25,0,,,,,,,,,,,,False,example_files\original\C\Windows\System32\winevt\logs\Application.evtx,0x80000000000000,0,"{""EventData"":{""Data"":""Windows(R) 7 UL-OOB License (Private), a886ae4b-746f-4db1-af68-987f03ff7d55"",""Binary"":""""}}"
79,79,2025-02-04 19:10:16.0000000,1004,Info,Microsoft-Windows-Security-SPP,Application,0,0,37L4247F27-25,0,,,,,,,,,,,,False,example_files\original\C\Windows\System32\winevt\logs\Application.evtx,0x80000000000000,0,"{""EventData"":{""Data"":""Windows(R) 7 UL-PHN License (Public), a98d362d-a183-444d-95b1-ab684b603ac6"",""Binary"":""""}}"
80,80,2025-02-04 19:10:16.0000000,1004,Info,Microsoft-Windows-Security-SPP,Application,0,0,37L4247F27-25,0,,,,,,,,,,,,False,example_files\original\C\Windows\System32\winevt\logs\Application.evtx,0x80000000000000,0,"{""EventData"":{""Data"":""Windows(R) 7 UL-PHN License (Private), 6dcb9949-6881-4fcd-95be-071b500a2099"",""Binary"":""""}}"
81,81,2025-02-04 19:10:16.0000000,1004,Info,Microsoft-Windows-Security-SPP,Application,0,0,37L4247F27-25,0,,,,,,,,,,,,False,example_files\original\C\Windows\System32\winevt\logs\Application.evtx,0x80000000000000,0,"{""EventData"":{""Data"":""Windows(R) 7 Publishing License (Public), 73aadec4-bd35-4885-a2a7-a49fad1958d9"",""Binary"":""""}}"
82,82,2025-02-04 19:10:16.0000000,1004,Info,Microsoft-Windows-Security-SPP,Application,0,0,37L4247F27-25,0,,,,,,,,,,,,False,example_files\original\C\Windows\System32\winevt\logs\Application.evtx,0x80000000000000,0,"{""EventData"":{""Data"":""Windows(R) 7 Publishing License (Private), 8859d6ea-0a9a-4442-bed5-874f81f1db30"",""Binary"":""""}}"
83,83,2025-02-04 19:10:16.0000000,1004,Info,Microsoft-Windows-Security-SPP,Application,0,0,37L4247F27-25,0,,,,,,,,,,,,False,example_files\original\C\Windows\System32\winevt\logs\Application.evtx,0x80000000000000,0,"{""EventData"":{""Data"":""Windows(R) 7 UL-OOB License (Public), c545bcf5-8459-4346-b455-9ef84575eb66"",""Binary"":""""}}"
84,84,2025-02-04 19:10:16.0000000,1004,Info,Microsoft-Windows-Security-SPP,Application,0,0,37L4247F27-25,0,,,,,,,,,,,,False,example_files\original\C\Windows\System32\winevt\logs\Application.evtx,0x80000000000000,0,"{""EventData"":{""Data"":""Windows(R) 7 UL-OOB License (Private), c3bb7c69-adc8-4f97-85e7-6c996a2289a9"",""Binary"":""""}}"
85,85,2025-02-04 19:10:16.0000000,1004,Info,Microsoft-Windows-Security-SPP,Application,0,0,37L4247F27-25,0,,,,,,,,,,,,False,example_files\original\C\Windows\System32\winevt\logs\Application.evtx,0x80000000000000,0,"{""EventData"":{""Data"":""Windows(R) 7 UL-PHN License (Public), 51a1d3a9-41d0-40a9-9ae6-a313842322a0"",""Binary"":""""}}"
86,86,2025-02-04 19:10:16.0000000,1004,Info,Microsoft-Windows-Security-SPP,Application,0,0,37L4247F27-25,0,,,,,,,,,,,,False,example_files\original\C\Windows\System32\winevt\logs\Application.evtx,0x80000000000000,0,"{""EventData"":{""Data"":""Windows(R) 7 UL-PHN License (Private), 3462d57e-8f08-400b-9516-7e00cbd17fb4"",""Binary"":""""}}"
87,87,2025-02-04 19:10:16.0000000,1004,Info,Microsoft-Windows-Security-SPP,Application,0,0,37L4247F27-25,0,,,,,,,,,,,,False,example_files\original\C\Windows\System32\winevt\logs\Application.evtx,0x80000000000000,0,"{""EventData"":{""Data"":""Windows(R) 7 Publishing License (Public), a441d3db-0f19-4ab9-b3c6-a2472c117e7d"",""Binary"":""""}}"
88,88,2025-02-04 19:10:16.0000000,1004,Info,Microsoft-Windows-Security-SPP,Application,0,0,37L4247F27-25,0,,,,,,,,,,,,False,example_files\original\C\Windows\System32\winevt\logs\Application.evtx,0x80000000000000,0,"{""EventData"":{""Data"":""Windows(R) 7 Publishing License (Private), 1ca3a757-bfb9-4ff9-a7d1-260a44a5250f"",""Binary"":""""}}"
89,89,2025-02-04 19:10:16.0000000,1004,Info,Microsoft-Windows-Security-SPP,Application,0,0,37L4247F27-25,0,,,,,,,,,,,,False,example_files\original\C\Windows\System32\winevt\logs\Application.evtx,0x80000000000000,0,"{""EventData"":{""Data"":""Windows(R) 7 Publishing License (Public), deb0f439-5803-47e8-baae-b15d99a92c2a"",""Binary"":""""}}"
90,90,2025-02-04 19:10:16.0000000,1004,Info,Microsoft-Windows-Security-SPP,Application,0,0,37L4247F27-25,0,,,,,,,,,,,,False,example_files\original\C\Windows\System32\winevt\logs\Application.evtx,0x80000000000000,0,"{""EventData"":{""Data"":""Windows(R) 7 Publishing License (Private), 12612fc8-78d4-47c2-8e66-572fd0e164d3"",""Binary"":""""}}"
91,91,2025-02-04 19:10:16.0000000,1004,Info,Microsoft-Windows-Security-SPP,Application,0,0,37L4247F27-25,0,,,,,,,,,,,,False,example_files\original\C\Windows\System32\winevt\logs\Application.evtx,0x80000000000000,0,"{""EventData"":{""Data"":""Windows(R) 7 UL-OOB License (Public), 8a325e53-99b6-47b9-9619-f03d74cb67c5"",""Binary"":""""}}"
92,92,2025-02-04 19:10:16.0000000,1004,Info,Microsoft-Windows-Security-SPP,Application,0,0,37L4247F27-25,0,,,,,,,,,,,,False,example_files\original\C\Windows\System32\winevt\logs\Application.evtx,0x80000000000000,0,"{""EventData"":{""Data"":""Windows(R) 7 UL-OOB License (Private), 9b570fef-76d9-41a7-afba-e4486c599eaf"",""Binary"":""""}}"
93,93,2025-02-04 19:10:16.0000000,1004,Info,Microsoft-Windows-Security-SPP,Application,0,0,37L4247F27-25,0,,,,,,,,,,,,False,example_files\original\C\Windows\System32\winevt\logs\Application.evtx,0x80000000000000,0,"{""EventData"":{""Data"":""Windows(R) 7 UL-PHN License (Public), 77b69e0b-b26b-4cd2-a3aa-b46e0cfe9893"",""Binary"":""""}}"
94,94,2025-02-04 19:10:16.0000000,1004,Info,Microsoft-Windows-Security-SPP,Application,0,0,37L4247F27-25,0,,,,,,,,,,,,False,example_files\original\C\Windows\System32\winevt\logs\Application.evtx,0x80000000000000,0,"{""EventData"":{""Data"":""Windows(R) 7 UL-PHN License (Private), 8dc3e5e4-0020-4ab5-816e-64df41f25c6f"",""Binary"":""""}}"
95,95,2025-02-04 19:10:16.0000000,1004,Info,Microsoft-Windows-Security-SPP,Application,0,0,37L4247F27-25,0,,,,,,,,,,,,False,example_files\original\C\Windows\System32\winevt\logs\Application.evtx,0x80000000000000,0,"{""EventData"":{""Data"":""Windows(R) 7 Publishing License (Public), 14af4adb-32f6-4637-8956-a150800cf070"",""Binary"":""""}}"
96,96,2025-02-04 19:10:16.0000000,1004,Info,Microsoft-Windows-Security-SPP,Application,0,0,37L4247F27-25,0,,,,,,,,,,,,False,example_files\original\C\Windows\System32\winevt\logs\Application.evtx,0x80000000000000,0,"{""EventData"":{""Data"":""Windows(R) 7 Publishing License (Private), 7af52220-460d-4aca-a0f5-bf513c8f4679"",""Binary"":""""}}"
97,97,2025-02-04 19:10:16.0000000,1004,Info,Microsoft-Windows-Security-SPP,Application,0,0,37L4247F27-25,0,,,,,,,,,,,,False,example_files\original\C\Windows\System32\winevt\logs\Application.evtx,0x80000000000000,0,"{""EventData"":{""Data"":""Windows(R) 7 UL-OOB License (Public), 5c738edc-1bae-4ab1-b1a6-60acc51906b8"",""Binary"":""""}}"
98,98,2025-02-04 19:10:16.0000000,1004,Info,Microsoft-Windows-Security-SPP,Application,0,0,37L4247F27-25,0,,,,,,,,,,,,False,example_files\original\C\Windows\System32\winevt\logs\Application.evtx,0x80000000000000,0,"{""EventData"":{""Data"":""Windows(R) 7 UL-OOB License (Private), 12143134-8323-4c28-8f91-0d6b42827fd7"",""Binary"":""""}}"
99,99,2025-02-04 19:10:16.0000000,1004,Info,Microsoft-Windows-Security-SPP,Application,0,0,37L4247F27-25,0,,,,,,,,,,,,False,example_files\original\C\Windows\System32\winevt\logs\Application.evtx,0x80000000000000,0,"{""EventData"":{""Data"":""Windows(R) 7 UL-PHN License (Public), 0f763ba7-df07-4276-a585-6274e2cafad2"",""Binary"":""""}}"
100,100,2025-02-04 19:10:16.0000000,1004,Info,Microsoft-Windows-Security-SPP,Application,0,0,37L4247F27-25,0,,,,,,,,,,,,False,example_files\original\C\Windows\System32\winevt\logs\Application.evtx,0x80000000000000,0,"{""EventData"":{""Data"":""Windows(R) 7 UL-PHN License (Private), b7f50713-1c4f-4d3f-9ec2-e03ba8172d83"",""Binary"":""""}}"
101,101,2025-02-04 19:10:16.0000000,1004,Info,Microsoft-Windows-Security-SPP,Application,0,0,37L4247F27-25,0,,,,,,,,,,,,False,example_files\original\C\Windows\System32\winevt\logs\Application.evtx,0x80000000000000,0,"{""EventData"":{""Data"":""Windows(R) 7 Publishing License (Public), 510b833d-b99b-4153-9421-e24577bd27f8"",""Binary"":""""}}"
102,102,2025-02-04 19:10:16.0000000,1004,Info,Microsoft-Windows-Security-SPP,Application,0,0,37L4247F27-25,0,,,,,,,,,,,,False,example_files\original\C\Windows\System32\winevt\logs\Application.evtx,0x80000000000000,0,"{""EventData"":{""Data"":""Windows(R) 7 Publishing License (Private), 49e53044-49a6-4acc-8c49-b7e8b0212870"",""Binary"":""""}}"
103,103,2025-02-04 19:10:16.0000000,1004,Info,Microsoft-Windows-Security-SPP,Application,0,0,37L4247F27-25,0,,,,,,,,,,,,False,example_files\original\C\Windows\System32\winevt\logs\Application.evtx,0x80000000000000,0,"{""EventData"":{""Data"":""Windows(R) 7 UL-OOB License (Public), a275348c-0ffe-41f5-89b6-940c0e466ddf"",""Binary"":""""}}"
104,104,2025-02-04 19:10:16.0000000,1004,Info,Microsoft-Windows-Security-SPP,Application,0,0,37L4247F27-25,0,,,,,,,,,,,,False,example_files\original\C\Windows\System32\winevt\logs\Application.evtx,0x80000000000000,0,"{""EventData"":{""Data"":""Windows(R) 7 UL-OOB License (Private), 6bfe0237-8366-4950-824f-8fc74eb72e14"",""Binary"":""""}}"
105,105,2025-02-04 19:10:16.0000000,1004,Info,Microsoft-Windows-Security-SPP,Application,0,0,37L4247F27-25,0,,,,,,,,,,,,False,example_files\original\C\Windows\System32\winevt\logs\Application.evtx,0x80000000000000,0,"{""EventData"":{""Data"":""Windows(R) 7 UL-PHN License (Public), cb0f10ce-7242-421d-87f6-2f34cb7799e7"",""Binary"":""""}}"
106,106,2025-02-04 19:10:16.0000000,1004,Info,Microsoft-Windows-Security-SPP,Application,0,0,37L4247F27-25,0,,,,,,,,,,,,False,example_files\original\C\Windows\System32\winevt\logs\Application.evtx,0x80000000000000,0,"{""EventData"":{""Data"":""Windows(R) 7 UL-PHN License (Private), 3b0923d3-a59d-4b01-a1e6-749920b5173e"",""Binary"":""""}}"
107,107,2025-02-04 19:10:16.0000000,1004,Info,Microsoft-Windows-Security-SPP,Application,0,0,37L4247F27-25,0,,,,,,,,,,,,False,example_files\original\C\Windows\System32\winevt\logs\Application.evtx,0x80000000000000,0,"{""EventData"":{""Data"":""Windows(R) 7 Publishing License (Public), b8d87ff3-c072-4f42-9a37-be566f1eb8ad"",""Binary"":""""}}"
108,108,2025-02-04 19:10:16.0000000,1004,Info,Microsoft-Windows-Security-SPP,Application,0,0,37L4247F27-25,0,,,,,,,,,,,,False,example_files\original\C\Windows\System32\winevt\logs\Application.evtx,0x80000000000000,0,"{""EventData"":{""Data"":""Windows(R) 7 Publishing License (Private), 92d8ae52-e706-4e79-a728-58399bf176b8"",""Binary"":""""}}"
109,109,2025-02-04 19:10:16.0000000,1004,Info,Microsoft-Windows-Security-SPP,Application,0,0,37L4247F27-25,0,,,,,,,,,,,,False,example_files\original\C\Windows\System32\winevt\logs\Application.evtx,0x80000000000000,0,"{""EventData"":{""Data"":""Windows(R) 7 UL-OOB License (Public), 7c5a72c9-3219-4109-a8d6-6cd3696dbca2"",""Binary"":""""}}"
110,110,2025-02-04 19:10:16.0000000,1004,Info,Microsoft-Windows-Security-SPP,Application,0,0,37L4247F27-25,0,,,,,,,,,,,,False,example_files\original\C\Windows\System32\winevt\logs\Application.evtx,0x80000000000000,0,"{""EventData"":{""Data"":""Windows(R) 7 UL-OOB License (Private), 359b3e25-023a-486b-bdff-dc36b5d388c1"",""Binary"":""""}}"
111,111,2025-02-04 19:10:16.0000000,1004,Info,Microsoft-Windows-Security-SPP,Application,0,0,37L4247F27-25,0,,,,,,,,,,,,False,example_files\original\C\Windows\System32\winevt\logs\Application.evtx,0x80000000000000,0,"{""EventData"":{""Data"":""Windows(R) 7 UL-OOB License (Public), 6dc9b3b8-6814-4ecd-9bfc-158d9749a799"",""Binary"":""""}}"
112,112,2025-02-04 19:10:16.0000000,1004,Info,Microsoft-Windows-Security-SPP,Application,0,0,37L4247F27-25,0,,,,,,,,,,,,False,example_files\original\C\Windows\System32\winevt\logs\Application.evtx,0x80000000000000,0,"{""EventData"":{""Data"":""Windows(R) 7 UL-OOB License (Private), 74f54f31-971f-42ba-9143-46710caa39ee"",""Binary"":""""}}"
113,113,2025-02-04 19:10:16.0000000,1004,Info,Microsoft-Windows-Security-SPP,Application,0,0,37L4247F27-25,0,,,,,,,,,,,,False,example_files\original\C\Windows\System32\winevt\logs\Application.evtx,0x80000000000000,0,"{""EventData"":{""Data"":""Windows(R) 7 UL-PHN License (Public), 1b767908-f14a-42d5-98e1-2fb28ff96f2b"",""Binary"":""""}}"
114,114,2025-02-04 19:10:16.0000000,1004,Info,Microsoft-Windows-Security-SPP,Application,0,0,37L4247F27-25,0,,,,,,,,,,,,False,example_files\original\C\Windows\System32\winevt\logs\Application.evtx,0x80000000000000,0,"{""EventData"":{""Data"":""Windows(R) 7 UL-PHN License (Private), 22efd617-336e-482c-8c58-cfbdf2dec5e7"",""Binary"":""""}}"
115,115,2025-02-04 19:10:16.0000000,1004,Info,Microsoft-Windows-Security-SPP,Application,0,0,37L4247F27-25,0,,,,,,,,,,,,False,example_files\original\C\Windows\System32\winevt\logs\Application.evtx,0x80000000000000,0,"{""EventData"":{""Data"":""XrML 2.1 License - {msft:sl/RAC/VOLUME/PRIVATE}, 7d05d9a3-fe32-4420-94f4-261ac6026e7e"",""Binary"":""""}}"
116,116,2025-02-04 19:10:16.0000000,1004,Info,Microsoft-Windows-Security-SPP,Application,0,0,37L4247F27-25,0,,,,,,,,,,,,False,example_files\original\C\Windows\System32\winevt\logs\Application.evtx,0x80000000000000,0,"{""EventData"":{""Data"":""XrML 2.1 License - {msft:sl/RAC/VOLUME/PUBLIC}, 619e2f87-4fe2-4019-af27-afc11f6a0184"",""Binary"":""""}}"
117,117,2025-02-04 19:10:16.0000000,1004,Info,Microsoft-Windows-Security-SPP,Application,0,0,37L4247F27-25,0,,,,,,,,,,,,False,example_files\original\C\Windows\System32\winevt\logs\Application.evtx,0x80000000000000,0,"{""EventData"":{""Data"":""Windows(R) 7 UL-OOB License (Public), ec4d2bd8-bfc0-4deb-8ddf-2ac9f8d5243c"",""Binary"":""""}}"
118,118,2025-02-04 19:10:16.0000000,1004,Info,Microsoft-Windows-Security-SPP,Application,0,0,37L4247F27-25,0,,,,,,,,,,,,False,example_files\original\C\Windows\System32\winevt\logs\Application.evtx,0x80000000000000,0,"{""EventData"":{""Data"":""Windows(R) 7 UL-OOB License (Private), b3760e6e-e285-438b-bf90-114845352d00"",""Binary"":""""}}"
119,119,2025-02-04 19:10:16.0000000,1004,Info,Microsoft-Windows-Security-SPP,Application,0,0,37L4247F27-25,0,,,,,,,,,,,,False,example_files\original\C\Windows\System32\winevt\logs\Application.evtx,0x80000000000000,0,"{""EventData"":{""Data"":""Windows(R) 7 UL-Volume License (Public), 0024ec0e-f6a7-4a39-b109-fb2292e85fe1"",""Binary"":""""}}"
120,120,2025-02-04 19:10:16.0000000,1004,Info,Microsoft-Windows-Security-SPP,Application,0,0,37L4247F27-25,0,,,,,,,,,,,,False,example_files\original\C\Windows\System32\winevt\logs\Application.evtx,0x80000000000000,0,"{""EventData"":{""Data"":""Windows(R) 7 UL-Volume License (Private), 1eef121e-6a8d-4fc9-8acb-daeb8115e774"",""Binary"":""""}}"
121,121,2025-02-04 19:10:16.0000000,1004,Info,Microsoft-Windows-Security-SPP,Application,0,0,37L4247F27-25,0,,,,,,,,,,,,False,example_files\original\C\Windows\System32\winevt\logs\Application.evtx,0x80000000000000,0,"{""EventData"":{""Data"":""Windows(R) 7 Publishing License (Public), 11dab65b-3c42-4ca3-aef3-a9d267c543d4"",""Binary"":""""}}"
122,122,2025-02-04 19:10:16.0000000,1004,Info,Microsoft-Windows-Security-SPP,Application,0,0,37L4247F27-25,0,,,,,,,,,,,,False,example_files\original\C\Windows\System32\winevt\logs\Application.evtx,0x80000000000000,0,"{""EventData"":{""Data"":""Windows(R) 7 Publishing License (Private), 80f85e38-1ee2-4266-99a0-103262015043"",""Binary"":""""}}"
123,123,2025-02-04 19:10:16.0000000,1004,Info,Microsoft-Windows-Security-SPP,Application,0,0,37L4247F27-25,0,,,,,,,,,,,,False,example_files\original\C\Windows\System32\winevt\logs\Application.evtx,0x80000000000000,0,"{""EventData"":{""Data"":""Windows(R) 7 UL-OOB License (Public), 841127d8-9cdf-4ac8-944f-5f90bef83e52"",""Binary"":""""}}"
124,124,2025-02-04 19:10:16.0000000,1004,Info,Microsoft-Windows-Security-SPP,Application,0,0,37L4247F27-25,0,,,,,,,,,,,,False,example_files\original\C\Windows\System32\winevt\logs\Application.evtx,0x80000000000000,0,"{""EventData"":{""Data"":""Windows(R) 7 UL-OOB License (Private), af6342b7-8ccc-4a18-b374-059c575b0b38"",""Binary"":""""}}"
125,125,2025-02-04 19:10:16.0000000,1004,Info,Microsoft-Windows-Security-SPP,Application,0,0,37L4247F27-25,0,,,,,,,,,,,,False,example_files\original\C\Windows\System32\winevt\logs\Application.evtx,0x80000000000000,0,"{""EventData"":{""Data"":""Windows(R) 7 UL-PHN License (Public), 7d2717ae-69b8-4d6c-acfa-98ceee8cb0a4"",""Binary"":""""}}"
126,126,2025-02-04 19:10:16.0000000,1004,Info,Microsoft-Windows-Security-SPP,Application,0,0,37L4247F27-25,0,,,,,,,,,,,,False,example_files\original\C\Windows\System32\winevt\logs\Application.evtx,0x80000000000000,0,"{""EventData"":{""Data"":""Windows(R) 7 UL-PHN License (Private), 7241609c-7944-4eeb-a6cc-253767a60153"",""Binary"":""""}}"
127,127,2025-02-04 19:10:16.0000000,1004,Info,Microsoft-Windows-Security-SPP,Application,0,0,37L4247F27-25,0,,,,,,,,,,,,False,example_files\original\C\Windows\System32\winevt\logs\Application.evtx,0x80000000000000,0,"{""EventData"":{""Data"":""Windows(R) 7 Publishing License (Public), b1373df2-c1df-4813-8ff4-52095e11f412"",""Binary"":""""}}"
128,128,2025-02-04 19:10:16.0000000,1004,Info,Microsoft-Windows-Security-SPP,Application,0,0,37L4247F27-25,0,,,,,,,,,,,,False,example_files\original\C\Windows\System32\winevt\logs\Application.evtx,0x80000000000000,0,"{""EventData"":{""Data"":""Windows(R) 7 Publishing License (Private), 818fc102-6be1-4d1e-b108-ae4175c1507c"",""Binary"":""""}}"
129,129,2025-02-04 19:10:16.0000000,1004,Info,Microsoft-Windows-Security-SPP,Application,0,0,37L4247F27-25,0,,,,,,,,,,,,False,example_files\original\C\Windows\System32\winevt\logs\Application.evtx,0x80000000000000,0,"{""EventData"":{""Data"":""Windows(R) 7 UL-OOB License (Public), 184603c9-5018-4e68-a56d-52a104ac8fa4"",""Binary"":""""}}"
130,130,2025-02-04 19:10:16.0000000,1004,Info,Microsoft-Windows-Security-SPP,Application,0,0,37L4247F27-25,0,,,,,,,,,,,,False,example_files\original\C\Windows\System32\winevt\logs\Application.evtx,0x80000000000000,0,"{""EventData"":{""Data"":""Windows(R) 7 UL-OOB License (Private), 5e6dc2c9-69bd-4e6e-91fd-2d5fdc96ef78"",""Binary"":""""}}"
131,131,2025-02-04 19:10:16.0000000,1004,Info,Microsoft-Windows-Security-SPP,Application,0,0,37L4247F27-25,0,,,,,,,,,,,,False,example_files\original\C\Windows\System32\winevt\logs\Application.evtx,0x80000000000000,0,"{""EventData"":{""Data"":""Windows(R) 7 UL-PHN License (Public), 77a36652-3b04-481d-9cd0-1ab9865b7eb5"",""Binary"":""""}}"
132,132,2025-02-04 19:10:16.0000000,1004,Info,Microsoft-Windows-Security-SPP,Application,0,0,37L4247F27-25,0,,,,,,,,,,,,False,example_files\original\C\Windows\System32\winevt\logs\Application.evtx,0x80000000000000,0,"{""EventData"":{""Data"":""Windows(R) 7 UL-PHN License (Private), e3af2336-5e08-4796-a5cf-812ca604d6a6"",""Binary"":""""}}"
133,133,2025-02-04 19:10:16.0000000,1004,Info,Microsoft-Windows-Security-SPP,Application,0,0,37L4247F27-25,0,,,,,,,,,,,,False,example_files\original\C\Windows\System32\winevt\logs\Application.evtx,0x80000000000000,0,"{""EventData"":{""Data"":""Windows(R) 7 Publishing License (Public), 998cdc6d-88cf-4c7f-b841-e480d85db8bd"",""Binary"":""""}}"
134,134,2025-02-04 19:10:16.0000000,1004,Info,Microsoft-Windows-Security-SPP,Application,0,0,37L4247F27-25,0,,,,,,,,,,,,False,example_files\original\C\Windows\System32\winevt\logs\Application.evtx,0x80000000000000,0,"{""EventData"":{""Data"":""Windows(R) 7 Publishing License (Private), b23d04da-04aa-4834-bcdf-bf5fd8afe2b7"",""Binary"":""""}}"
135,135,2025-02-04 19:10:16.0000000,1004,Info,Microsoft-Windows-Security-SPP,Application,0,0,37L4247F27-25,0,,,,,,,,,,,,False,example_files\original\C\Windows\System32\winevt\logs\Application.evtx,0x80000000000000,0,"{""EventData"":{""Data"":""Windows(R) 7 UL-OOB License (Public), 0e80812a-3929-476a-85c1-684d8c0e2e5b"",""Binary"":""""}}"
136,136,2025-02-04 19:10:16.0000000,1004,Info,Microsoft-Windows-Security-SPP,Application,0,0,37L4247F27-25,0,,,,,,,,,,,,False,example_files\original\C\Windows\System32\winevt\logs\Application.evtx,0x80000000000000,0,"{""EventData"":{""Data"":""Windows(R) 7 UL-OOB License (Private), 2644cecd-70f8-4948-a402-93040c227a53"",""Binary"":""""}}"
137,137,2025-02-04 19:10:16.0000000,1004,Info,Microsoft-Windows-Security-SPP,Application,0,0,37L4247F27-25,0,,,,,,,,,,,,False,example_files\original\C\Windows\System32\winevt\logs\Application.evtx,0x80000000000000,0,"{""EventData"":{""Data"":""Windows(R) 7 UL-PHN License (Public), d8369b7e-4b46-4a79-9044-a79448f43a58"",""Binary"":""""}}"
