68,68,2025-02-04 03:54:53.5874958,2010,Info,Microsoft-Windows-DriverFrameworks-UserMode,Microsoft-Windows-DriverFrameworks-UserMode/Operational,2628,668,WIN-TFHMB3RRSQV,0,S-1-5-19,,,,,,,,,,,False,example_files\original\C\Windows\System32\winevt\logs\Microsoft-Windows-DriverFrameworks-UserMode%4Operational.evtx,Classic,0,"{""UserData"":{""UMDFHostDeviceArrivalEnd"":{""@instance"":""WPDBUSENUMROOT\\UMB\\2&37C186B&0&STORAGE#VOLUME#_??_USBSTOR#DISK&VEN_VENDORCO&PROD_PRODUCTCODE&REV_2.00#1826141146906015335&0#"",""@lifetime"":""5ff795be-ef92-4def-8408-53c5f3a9419d"",""FinalStatus"":""0""}}}"
69,69,2025-02-04 03:54:53.5874958,2004,Verbose,Microsoft-Windows-DriverFrameworks-UserMode,Microsoft-Windows-DriverFrameworks-UserMode/Operational,2628,668,WIN-TFHMB3RRSQV,0,S-1-5-19,,,,,,,,,,,False,example_files\original\C\Windows\System32\winevt\logs\Microsoft-Windows-DriverFrameworks-UserMode%4Operational.evtx,Classic,0,"{""UserData"":{""UMDFHostAddDeviceBegin"":{""@instance"":""WPDBUSENUMROOT\\UMB\\2&37C186B&0&STORAGE#VOLUME#_??_USBSTOR#DISK&VEN_VENDORCO&PROD_PRODUCTCODE&REV_2.00#1826141146906015335&0#"",""@lifetime"":""5ff795be-ef92-4def-8408-53c5f3a9419d"",""Level"":""0"",""Service"":""WpdFs"",""DriverClsid"":""112de495-ac4c-46f8-b663-6a4266c53313""}}}"
70,70,2025-02-04 03:54:53.5874958,2005,Verbose,Microsoft-Windows-DriverFrameworks-UserMode,Microsoft-Windows-DriverFrameworks-UserMode/Operational,2628,668,WIN-TFHMB3RRSQV,0,S-1-5-19,,,,,,,,,,,False,example_files\original\C\Windows\System32\winevt\logs\Microsoft-Windows-DriverFrameworks-UserMode%4Operational.evtx,Classic,0,"{""UserData"":{""UMDFHostModuleLoad"":{""@instance"":""WPDBUSENUMROOT\\UMB\\2&37C186B&0&STORAGE#VOLUME#_??_USBSTOR#DISK&VEN_VENDORCO&PROD_PRODUCTCODE&REV_2.00#1826141146906015335&0#"",""@lifetime"":""5ff795be-ef92-4def-8408-53c5f3a9419d"",""ModulePath"":""C:\\Windows\\system32\\WUDFx.dll"",""CompanyName"":""Microsoft Corporation"",""FileDescription"":""WDF:UMDF Framework Library"",""FileVersion"":""6.1.7601.17514 (win7sp1_rtm.101119-1850)""}}}"
71,71,2025-02-04 03:54:53.5874958,2005,Verbose,Microsoft-Windows-DriverFrameworks-UserMode,Microsoft-Windows-DriverFrameworks-UserMode/Operational,2628,668,WIN-TFHMB3RRSQV,0,S-1-5-19,,,,,,,,,,,False,example_files\original\C\Windows\System32\winevt\logs\Microsoft-Windows-DriverFrameworks-UserMode%4Operational.evtx,Classic,0,"{""UserData"":{""UMDFHostModuleLoad"":{""@instance"":""WPDBUSENUMROOT\\UMB\\2&37C186B&0&STORAGE#VOLUME#_??_USBSTOR#DISK&VEN_VENDORCO&PROD_PRODUCTCODE&REV_2.00#1826141146906015335&0#"",""@lifetime"":""5ff795be-ef92-4def-8408-53c5f3a9419d"",""ModulePath"":""C:\\Windows\\System32\\drivers\\UMDF\\WpdFs.dll"",""CompanyName"":""Microsoft Corporation"",""FileDescription"":""Windows Portable Device File System Driver"",""FileVersion"":""6.1.7600.16385 (win7_rtm.090713-1255)""}}}"
72,72,2025-02-04 03:54:53.5874958,2005,Verbose,Microsoft-Windows-DriverFrameworks-UserMode,Microsoft-Windows-DriverFrameworks-UserMode/Operational,2628,668,WIN-TFHMB3RRSQV,0,S-1-5-19,,,,,,,,,,,False,example_files\original\C\Windows\System32\winevt\logs\Microsoft-Windows-DriverFrameworks-UserMode%4Operational.evtx,Classic,0,"{""UserData"":{""UMDFHostModuleLoad"":{""@instance"":""WPDBUSENUMROOT\\UMB\\2&37C186B&0&STORAGE#VOLUME#_??_USBSTOR#DISK&VEN_VENDORCO&PROD_PRODUCTCODE&REV_2.00#1826141146906015335&0#"",""@lifetime"":""5ff795be-ef92-4def-8408-53c5f3a9419d"",""ModulePath"":""C:\\Windows\\system32\\wmvcore.dll"",""CompanyName"":""Microsoft Corporation"",""FileDescription"":""Windows Media Playback/Authoring DLL"",""FileVersion"":""12.0.7601.17514 (win7sp1_rtm.101119-1850)""}}}"
73,73,2025-02-04 03:54:53.5874958,2005,Verbose,Microsoft-Windows-DriverFrameworks-UserMode,Microsoft-Windows-DriverFrameworks-UserMode/Operational,2628,668,WIN-TFHMB3RRSQV,0,S-1-5-19,,,,,,,,,,,False,example_files\original\C\Windows\System32\winevt\logs\Microsoft-Windows-DriverFrameworks-UserMode%4Operational.evtx,Classic,0,"{""UserData"":{""UMDFHostModuleLoad"":{""@instance"":""WPDBUSENUMROOT\\UMB\\2&37C186B&0&STORAGE#VOLUME#_??_USBSTOR#DISK&VEN_VENDORCO&PROD_PRODUCTCODE&REV_2.00#1826141146906015335&0#"",""@lifetime"":""5ff795be-ef92-4def-8408-53c5f3a9419d"",""ModulePath"":""C:\\Windows\\system32\\WMASF.DLL"",""CompanyName"":""Microsoft Corporation"",""FileDescription"":""Windows Media ASF DLL"",""FileVersion"":""12.0.7600.16385 (win7_rtm.090713-1255)""}}}"
74,74,2025-02-04 03:54:53.5874958,2005,Verbose,Microsoft-Windows-DriverFrameworks-UserMode,Microsoft-Windows-DriverFrameworks-UserMode/Operational,2628,668,WIN-TFHMB3RRSQV,0,S-1-5-19,,,,,,,,,,,False,example_files\original\C\Windows\System32\winevt\logs\Microsoft-Windows-DriverFrameworks-UserMode%4Operational.evtx,Classic,0,"{""UserData"":{""UMDFHostModuleLoad"":{""@instance"":""WPDBUSENUMROOT\\UMB\\2&37C186B&0&STORAGE#VOLUME#_??_USBSTOR#DISK&VEN_VENDORCO&PROD_PRODUCTCODE&REV_2.00#1826141146906015335&0#"",""@lifetime"":""5ff795be-ef92-4def-8408-53c5f3a9419d"",""ModulePath"":""C:\\Windows\\WinSxS\\amd64_microsoft.windows.gdiplus_6595b64144ccf1df_1.1.7601.17514_none_2b24536c71ed437a\\gdiplus.dll"",""CompanyName"":""Microsoft Corporation"",""FileDescription"":""Microsoft GDI+"",""FileVersion"":""6.1.7601.17514 (win7sp1_rtm.101119-1850)""}}}"
75,75,2025-02-04 03:54:53.5874958,2006,Verbose,Microsoft-Windows-DriverFrameworks-UserMode,Microsoft-Windows-DriverFrameworks-UserMode/Operational,2628,668,WIN-TFHMB3RRSQV,0,S-1-5-19,,,,,,,,,,,False,example_files\original\C\Windows\System32\winevt\logs\Microsoft-Windows-DriverFrameworks-UserMode%4Operational.evtx,Classic,0,"{""UserData"":{""UMDFHostAddDeviceEnd"":{""@instance"":""WPDBUSENUMROOT\\UMB\\2&37C186B&0&STORAGE#VOLUME#_??_USBSTOR#DISK&VEN_VENDORCO&PROD_PRODUCTCODE&REV_2.00#1826141146906015335&0#"",""@lifetime"":""5ff795be-ef92-4def-8408-53c5f3a9419d"",""Level"":""0"",""FinalStatus"":""0""}}}"
76,76,2025-02-04 03:54:53.5874958,2100,Info,Microsoft-Windows-DriverFrameworks-UserMode,Microsoft-Windows-DriverFrameworks-UserMode/Operational,2628,668,WIN-TFHMB3RRSQV,0,S-1-5-19,USB Connection,,,"InstanceId: ","LifetimeId: ",,,,,,False,example_files\original\C\Windows\System32\winevt\logs\Microsoft-Windows-DriverFrameworks-UserMode%4Operational.evtx,Classic,0,"{""UserData"":{""UMDFHostDeviceRequest"":{""@instance"":""WPDBUSENUMROOT\\UMB\\2&37C186B&0&STORAGE#VOLUME#_??_USBSTOR#DISK&VEN_VENDORCO&PROD_PRODUCTCODE&REV_2.00#1826141146906015335&0#"",""@lifetime"":""5ff795be-ef92-4def-8408-53c5f3a9419d"",""Request"":{""@major"":""27"",""@minor"":""0"",""Argument"":[""0x0"",""0x0"",""0x0"",""0x0""]},""Status"":""3221225659""}}}"
77,77,2025-02-04 03:54:53.5874958,2105,Info,Microsoft-Windows-DriverFrameworks-UserMode,Microsoft-Windows-DriverFrameworks-UserMode/Operational,2628,668,WIN-TFHMB3RRSQV,0,S-1-5-19,,,,,,,,,,,False,example_files\original\C\Windows\System32\winevt\logs\Microsoft-Windows-DriverFrameworks-UserMode%4Operational.evtx,Classic,0,"{""UserData"":{""UMDFHostDeviceRequest"":{""@instance"":""WPDBUSENUMROOT\\UMB\\2&37C186B&0&STORAGE#VOLUME#_??_USBSTOR#DISK&VEN_VENDORCO&PROD_PRODUCTCODE&REV_2.00#1826141146906015335&0#"",""@lifetime"":""5ff795be-ef92-4def-8408-53c5f3a9419d"",""Request"":{""@major"":""27"",""@minor"":""0"",""Argument"":[""0x0"",""0x0"",""0x0"",""0x0""]},""Status"":""3221225659""}}}"
78,78,2025-02-04 03:54:53.5874958,2106,Info,Microsoft-Windows-DriverFrameworks-UserMode,Microsoft-Windows-DriverFrameworks-UserMode/Operational,2628,668,WIN-TFHMB3RRSQV,0,S-1-5-19,,,,,,,,,,,False,example_files\original\C\Windows\System32\winevt\logs\Microsoft-Windows-DriverFrameworks-UserMode%4Operational.evtx,Classic,0,"{""UserData"":{""UMDFHostDeviceRequest"":{""@instance"":""WPDBUSENUMROOT\\UMB\\2&37C186B&0&STORAGE#VOLUME#_??_USBSTOR#DISK&VEN_VENDORCO&PROD_PRODUCTCODE&REV_2.00#1826141146906015335&0#"",""@lifetime"":""5ff795be-ef92-4def-8408-53c5f3a9419d"",""Request"":{""@major"":""27"",""@minor"":""0"",""Argument"":[""0x0"",""0x0"",""0x0"",""0x0""]},""Status"":""0""}}}"
79,79,2025-02-04 03:54:53.6186958,2101,Info,Microsoft-Windows-DriverFrameworks-UserMode,Microsoft-Windows-DriverFrameworks-UserMode/Operational,2628,668,WIN-TFHMB3RRSQV,1,S-1-5-19,,,,,,,,,,,False,example_files\original\C\Windows\System32\winevt\logs\Microsoft-Windows-DriverFrameworks-UserMode%4Operational.evtx,Classic,0,"{""UserData"":{""UMDFHostDeviceRequest"":{""@instance"":""WPDBUSENUMROOT\\UMB\\2&37C186B&0&STORAGE#VOLUME#_??_USBSTOR#DISK&VEN_VENDORCO&PROD_PRODUCTCODE&REV_2.00#1826141146906015335&0#"",""@lifetime"":""5ff795be-ef92-4def-8408-53c5f3a9419d"",""Request"":{""@major"":""27"",""@minor"":""0"",""Argument"":[""0x0"",""0x1B"",""0x0"",""0x0""]},""Status"":""0""}}}"
80,80,2025-02-04 03:54:53.6186958,2100,Info,Microsoft-Windows-DriverFrameworks-UserMode,Microsoft-Windows-DriverFrameworks-UserMode/Operational,2628,876,WIN-TFHMB3RRSQV,1,S-1-5-19,USB Connection,,,"InstanceId: ","LifetimeId: ",,,,,,False,example_files\original\C\Windows\System32\winevt\logs\Microsoft-Windows-DriverFrameworks-UserMode%4Operational.evtx,Classic,0,"{""UserData"":{""UMDFHostDeviceRequest"":{""@instance"":""WPDBUSENUMROOT\\UMB\\2&37C186B&0&STORAGE#VOLUME#_??_USBSTOR#DISK&VEN_VENDORCO&PROD_PRODUCTCODE&REV_2.00#1826141146906015335&0#"",""@lifetime"":""5ff795be-ef92-4def-8408-53c5f3a9419d"",""Request"":{""@major"":""27"",""@minor"":""9"",""Argument"":[""0x10040"",""0xFFFFFFFFFFFFFFFF"",""0x0"",""0x0""]},""Status"":""3221225659""}}}"
81,81,2025-02-04 03:54:53.6186958,2105,Info,Microsoft-Windows-DriverFrameworks-UserMode,Microsoft-Windows-DriverFrameworks-UserMode/Operational,2628,876,WIN-TFHMB3RRSQV,1,S-1-5-19,,,,,,,,,,,False,example_files\original\C\Windows\System32\winevt\logs\Microsoft-Windows-DriverFrameworks-UserMode%4Operational.evtx,Classic,0,"{""UserData"":{""UMDFHostDeviceRequest"":{""@instance"":""WPDBUSENUMROOT\\UMB\\2&37C186B&0&STORAGE#VOLUME#_??_USBSTOR#DISK&VEN_VENDORCO&PROD_PRODUCTCODE&REV_2.00#1826141146906015335&0#"",""@lifetime"":""5ff795be-ef92-4def-8408-53c5f3a9419d"",""Request"":{""@major"":""27"",""@minor"":""9"",""Argument"":[""0x10040"",""0xFFFFFFFFFFFFFFFF"",""0x0"",""0x0""]},""Status"":""3221225659""}}}"
82,82,2025-02-04 03:54:53.6186958,2106,Info,Microsoft-Windows-DriverFrameworks-UserMode,Microsoft-Windows-DriverFrameworks-UserMode/Operational,2628,876,WIN-TFHMB3RRSQV,1,S-1-5-19,,,,,,,,,,,False,example_files\original\C\Windows\System32\winevt\logs\Microsoft-Windows-DriverFrameworks-UserMode%4Operational.evtx,Classic,0,"{""UserData"":{""UMDFHostDeviceRequest"":{""@instance"":""WPDBUSENUMROOT\\UMB\\2&37C186B&0&STORAGE#VOLUME#_??_USBSTOR#DISK&VEN_VENDORCO&PROD_PRODUCTCODE&REV_2.00#1826141146906015335&0#"",""@lifetime"":""5ff795be-ef92-4def-8408-53c5f3a9419d"",""Request"":{""@major"":""27"",""@minor"":""9"",""Argument"":[""0x10040"",""0xFFFFFFFFFFFFFFFF"",""0x0"",""0x0""]},""Status"":""0""}}}"
83,83,2025-02-04 03:54:53.6186958,2101,Info,Microsoft-Windows-DriverFrameworks-UserMode,Microsoft-Windows-DriverFrameworks-UserMode/Operational,2628,876,WIN-TFHMB3RRSQV,1,S-1-5-19,,,,,,,,,,,False,example_files\original\C\Windows\System32\winevt\logs\Microsoft-Windows-DriverFrameworks-UserMode%4Operational.evtx,Classic,0,"{""UserData"":{""UMDFHostDeviceRequest"":{""@instance"":""WPDBUSENUMROOT\\UMB\\2&37C186B&0&STORAGE#VOLUME#_??_USBSTOR#DISK&VEN_VENDORCO&PROD_PRODUCTCODE&REV_2.00#1826141146906015335&0#"",""@lifetime"":""5ff795be-ef92-4def-8408-53c5f3a9419d"",""Request"":{""@major"":""27"",""@minor"":""9"",""Argument"":[""0xA9100010040"",""0xFFFFFFFFFFFFFFFF"",""0x200000000"",""0x300000002""]},""Status"":""0""}}}"
84,84,2025-02-04 03:54:53.6186958,2100,Info,Microsoft-Windows-DriverFrameworks-UserMode,Microsoft-Windows-DriverFrameworks-UserMode/Operational,2628,668,WIN-TFHMB3RRSQV,1,S-1-5-19,USB Connection,,,"InstanceId: ","LifetimeId: ",,,,,,False,example_files\original\C\Windows\System32\winevt\logs\Microsoft-Windows-DriverFrameworks-UserMode%4Operational.evtx,Classic,0,"{""UserData"":{""UMDFHostDeviceRequest"":{""@instance"":""WPDBUSENUMROOT\\UMB\\2&37C186B&0&STORAGE#VOLUME#_??_USBSTOR#DISK&VEN_VENDORCO&PROD_PRODUCTCODE&REV_2.00#1826141146906015335&0#"",""@lifetime"":""5ff795be-ef92-4def-8408-53c5f3a9419d"",""Request"":{""@major"":""27"",""@minor"":""20"",""Argument"":[""0x0"",""0x0"",""0x0"",""0x0""]},""Status"":""3221225659""}}}"
85,85,2025-02-04 03:54:53.6186958,2105,Info,Microsoft-Windows-DriverFrameworks-UserMode,Microsoft-Windows-DriverFrameworks-UserMode/Operational,2628,668,WIN-TFHMB3RRSQV,1,S-1-5-19,,,,,,,,,,,False,example_files\original\C\Windows\System32\winevt\logs\Microsoft-Windows-DriverFrameworks-UserMode%4Operational.evtx,Classic,0,"{""UserData"":{""UMDFHostDeviceRequest"":{""@instance"":""WPDBUSENUMROOT\\UMB\\2&37C186B&0&STORAGE#VOLUME#_??_USBSTOR#DISK&VEN_VENDORCO&PROD_PRODUCTCODE&REV_2.00#1826141146906015335&0#"",""@lifetime"":""5ff795be-ef92-4def-8408-53c5f3a9419d"",""Request"":{""@major"":""27"",""@minor"":""20"",""Argument"":[""0x0"",""0x0"",""0x0"",""0x0""]},""Status"":""3221225659""}}}"
86,86,2025-02-04 03:54:53.6186958,2106,Info,Microsoft-Windows-DriverFrameworks-UserMode,Microsoft-Windows-DriverFrameworks-UserMode/Operational,2628,668,WIN-TFHMB3RRSQV,1,S-1-5-19,,,,,,,,,,,False,example_files\original\C\Windows\System32\winevt\logs\Microsoft-Windows-DriverFrameworks-UserMode%4Operational.evtx,Classic,0,"{""UserData"":{""UMDFHostDeviceRequest"":{""@instance"":""WPDBUSENUMROOT\\UMB\\2&37C186B&0&STORAGE#VOLUME#_??_USBSTOR#DISK&VEN_VENDORCO&PROD_PRODUCTCODE&REV_2.00#1826141146906015335&0#"",""@lifetime"":""5ff795be-ef92-4def-8408-53c5f3a9419d"",""Request"":{""@major"":""27"",""@minor"":""20"",""Argument"":[""0x0"",""0x0"",""0x0"",""0x0""]},""Status"":""0""}}}"
87,87,2025-02-04 03:54:53.6186958,2101,Info,Microsoft-Windows-DriverFrameworks-UserMode,Microsoft-Windows-DriverFrameworks-UserMode/Operational,2628,668,WIN-TFHMB3RRSQV,1,S-1-5-19,,,,,,,,,,,False,example_files\original\C\Windows\System32\winevt\logs\Microsoft-Windows-DriverFrameworks-UserMode%4Operational.evtx,Classic,0,"{""UserData"":{""UMDFHostDeviceRequest"":{""@instance"":""WPDBUSENUMROOT\\UMB\\2&37C186B&0&STORAGE#VOLUME#_??_USBSTOR#DISK&VEN_VENDORCO&PROD_PRODUCTCODE&REV_2.00#1826141146906015335&0#"",""@lifetime"":""5ff795be-ef92-4def-8408-53c5f3a9419d"",""Request"":{""@major"":""27"",""@minor"":""20"",""Argument"":[""0x0"",""0x141B"",""0x0"",""0x0""]},""Status"":""0""}}}"
88,88,2025-02-04 03:59:51.3492212,2100,Info,Microsoft-Windows-DriverFrameworks-UserMode,Microsoft-Windows-DriverFrameworks-UserMode/Operational,2628,668,WIN-TFHMB3RRSQV,1,S-1-5-19,USB Connection,,,"InstanceId: ","LifetimeId: ",,,,,,False,example_files\original\C\Windows\System32\winevt\logs\Microsoft-Windows-DriverFrameworks-UserMode%4Operational.evtx,Classic,0,"{""UserData"":{""UMDFHostDeviceRequest"":{""@instance"":""WPDBUSENUMROOT\\UMB\\2&37C186B&0&STORAGE#VOLUME#_??_USBSTOR#DISK&VEN_VENDORCO&PROD_PRODUCTCODE&REV_2.00#1826141146906015335&0#"",""@lifetime"":""5ff795be-ef92-4def-8408-53c5f3a9419d"",""Request"":{""@major"":""27"",""@minor"":""23"",""Argument"":[""0x0"",""0x0"",""0x0"",""0x0""]},""Status"":""3221225659""}}}"
89,89,2025-02-04 03:59:51.3492212,2102,Info,Microsoft-Windows-DriverFrameworks-UserMode,Microsoft-Windows-DriverFrameworks-UserMode/Operational,2628,668,WIN-TFHMB3RRSQV,1,S-1-5-19,,,,,,,,,,,False,example_files\original\C\Windows\System32\winevt\logs\Microsoft-Windows-DriverFrameworks-UserMode%4Operational.evtx,Classic,0,"{""UserData"":{""UMDFHostDeviceRequest"":{""@instance"":""WPDBUSENUMROOT\\UMB\\2&37C186B&0&STORAGE#VOLUME#_??_USBSTOR#DISK&VEN_VENDORCO&PROD_PRODUCTCODE&REV_2.00#1826141146906015335&0#"",""@lifetime"":""5ff795be-ef92-4def-8408-53c5f3a9419d"",""Request"":{""@major"":""27"",""@minor"":""23"",""Argument"":[""0x0"",""0x0"",""0x0"",""0x0""]},""Status"":""3221225659""}}}"
90,90,2025-02-04 03:59:51.4130223,2100,Info,Microsoft-Windows-DriverFrameworks-UserMode,Microsoft-Windows-DriverFrameworks-UserMode/Operational,2628,668,WIN-TFHMB3RRSQV,1,S-1-5-19,USB Connection,,,"InstanceId: ","LifetimeId: ",,,,,,False,example_files\original\C\Windows\System32\winevt\logs\Microsoft-Windows-DriverFrameworks-UserMode%4Operational.evtx,Classic,0,"{""UserData"":{""UMDFHostDeviceRequest"":{""@instance"":""WPDBUSENUMROOT\\UMB\\2&37C186B&0&STORAGE#VOLUME#_??_USBSTOR#DISK&VEN_VENDORCO&PROD_PRODUCTCODE&REV_2.00#1826141146906015335&0#"",""@lifetime"":""5ff795be-ef92-4def-8408-53c5f3a9419d"",""Request"":{""@major"":""27"",""@minor"":""2"",""Argument"":[""0x0"",""0x0"",""0x0"",""0x0""]},""Status"":""3221225659""}}}"
91,91,2025-02-04 03:59:51.4140223,2102,Info,Microsoft-Windows-DriverFrameworks-UserMode,Microsoft-Windows-DriverFrameworks-UserMode/Operational,2628,668,WIN-TFHMB3RRSQV,1,S-1-5-19,,,,,,,,,,,False,example_files\original\C\Windows\System32\winevt\logs\Microsoft-Windows-DriverFrameworks-UserMode%4Operational.evtx,Classic,0,"{""UserData"":{""UMDFHostDeviceRequest"":{""@instance"":""WPDBUSENUMROOT\\UMB\\2&37C186B&0&STORAGE#VOLUME#_??_USBSTOR#DISK&VEN_VENDORCO&PROD_PRODUCTCODE&REV_2.00#1826141146906015335&0#"",""@lifetime"":""5ff795be-ef92-4def-8408-53c5f3a9419d"",""Request"":{""@major"":""27"",""@minor"":""2"",""Argument"":[""0x0"",""0x0"",""0x0"",""0x0""]},""Status"":""3221225659""}}}"
92,92,2025-02-04 03:59:51.4170225,1006,Info,Microsoft-Windows-DriverFrameworks-UserMode,Microsoft-Windows-DriverFrameworks-UserMode/Operational,804,440,WIN-TFHMB3RRSQV,1,S-1-5-18,,,,,,,,,,,False,example_files\original\C\Windows\System32\winevt\logs\Microsoft-Windows-DriverFrameworks-UserMode%4Operational.evtx,Classic,0,"{""UserData"":{""UMDFDriverManagerHostShutdown"":{""@lifetime"":""5ff795be-ef92-4def-8408-53c5f3a9419d""}}}"
93,93,2025-02-04 03:59:51.4170225,2900,Info,Microsoft-Windows-DriverFrameworks-UserMode,Microsoft-Windows-DriverFrameworks-UserMode/Operational,2628,668,WIN-TFHMB3RRSQV,1,S-1-5-19,,,,,,,,,,,False,example_files\original\C\Windows\System32\winevt\logs\Microsoft-Windows-DriverFrameworks-UserMode%4Operational.evtx,Classic,0,"{""UserData"":{""UMDFHostShutdown"":{""@lifetime"":""5ff795be-ef92-4def-8408-53c5f3a9419d""}}}"
94,94,2025-02-04 03:59:51.4220228,2901,Info,Microsoft-Windows-DriverFrameworks-UserMode,Microsoft-Windows-DriverFrameworks-UserMode/Operational,2628,2968,WIN-TFHMB3RRSQV,1,S-1-5-19,,,,,,,,,,,False,example_files\original\C\Windows\System32\winevt\logs\Microsoft-Windows-DriverFrameworks-UserMode%4Operational.evtx,Classic,0,"{""UserData"":{""UMDFHostShutdown"":{""@lifetime"":""5ff795be-ef92-4def-8408-53c5f3a9419d""}}}"
95,95,2025-02-04 03:59:51.4320228,1008,Info,Microsoft-Windows-DriverFrameworks-UserMode,Microsoft-Windows-DriverFrameworks-UserMode/Operational,804,440,WIN-TFHMB3RRSQV,1,S-1-5-18,,,,,,,,,,,False,example_files\original\C\Windows\System32\winevt\logs\Microsoft-Windows-DriverFrameworks-UserMode%4Operational.evtx,Classic,0,"{""UserData"":{""UMDFDriverManagerHostShutdown"":{""@lifetime"":""5ff795be-ef92-4def-8408-53c5f3a9419d"",""TerminateStatus"":""0"",""ExitCode"":""0""}}}"
96,96,2025-02-04 03:59:57.9660341,1003,Info,Microsoft-Windows-DriverFrameworks-UserMode,Microsoft-Windows-DriverFrameworks-UserMode/Operational,804,440,WIN-TFHMB3RRSQV,1,S-1-5-18,,,,,,,,,,,False,example_files\original\C\Windows\System32\winevt\logs\Microsoft-Windows-DriverFrameworks-UserMode%4Operational.evtx,Classic,0,"{""UserData"":{""UMDFDriverManagerHostCreateStart"":{""@lifetime"":""343827de-8c09-4351-9550-b909404a3f63"",""HostGuid"":""{193a1820-d9ac-4997-8c55-be817523f6aa}"",""DeviceInstanceId"":""WPDBUSENUMROOT.UMB.2&amp;37C186B&amp;0&amp;STORAGE#VOLUME#_??_USBSTOR#DISK&amp;VEN_VENDORCO&amp;PROD_PRODUCTCODE&amp;REV_2.00#4338531081087774140&amp;0#""}}}"
97,97,2025-02-04 03:59:57.9760341,2000,Info,Microsoft-Windows-DriverFrameworks-UserMode,Microsoft-Windows-DriverFrameworks-UserMode/Operational,1932,3004,WIN-TFHMB3RRSQV,1,S-1-5-19,,,,,,,,,,,False,example_files\original\C\Windows\System32\winevt\logs\Microsoft-Windows-DriverFrameworks-UserMode%4Operational.evtx,Classic,0,"{""UserData"":{""UMDFHostStartupBegin"":{""@lifetime"":""343827de-8c09-4351-9550-b909404a3f63""}}}"
98,98,2025-02-04 03:59:57.9760341,2001,Info,Microsoft-Windows-DriverFrameworks-UserMode,Microsoft-Windows-DriverFrameworks-UserMode/Operational,1932,3004,WIN-TFHMB3RRSQV,1,S-1-5-19,,,,,,,,,,,False,example_files\original\C\Windows\System32\winevt\logs\Microsoft-Windows-DriverFrameworks-UserMode%4Operational.evtx,Classic,0,"{""UserData"":{""UMDFHostStartupEnd"":{""@lifetime"":""343827de-8c09-4351-9550-b909404a3f63"",""FinalStatus"":""0""}}}"
99,99,2025-02-04 03:59:57.9960347,1004,Info,Microsoft-Windows-DriverFrameworks-UserMode,Microsoft-Windows-DriverFrameworks-UserMode/Operational,804,440,WIN-TFHMB3RRSQV,1,S-1-5-18,,,,,,,,,,,False,example_files\original\C\Windows\System32\winevt\logs\Microsoft-Windows-DriverFrameworks-UserMode%4Operational.evtx,Classic,0,"{""UserData"":{""UMDFDriverManagerHostCreateEnd"":{""@lifetime"":""343827de-8c09-4351-9550-b909404a3f63"",""FinalStatus"":""0""}}}"
100,100,2025-02-04 03:59:58.0180354,2003,Info,Microsoft-Windows-DriverFrameworks-UserMode,Microsoft-Windows-DriverFrameworks-UserMode/Operational,1932,2512,WIN-TFHMB3RRSQV,1,S-1-5-19,,,,,,,,,,,False,example_files\original\C\Windows\System32\winevt\logs\Microsoft-Windows-DriverFrameworks-UserMode%4Operational.evtx,Classic,0,"{""UserData"":{""UMDFHostDeviceArrivalBegin"":{""@instance"":""WPDBUSENUMROOT\\UMB\\2&37C186B&0&STORAGE#VOLUME#_??_USBSTOR#DISK&VEN_VENDORCO&PROD_PRODUCTCODE&REV_2.00#4338531081087774140&0#"",""@lifetime"":""343827de-8c09-4351-9550-b909404a3f63""}}}"
101,101,2025-02-04 03:59:58.0180354,2010,Info,Microsoft-Windows-DriverFrameworks-UserMode,Microsoft-Windows-DriverFrameworks-UserMode/Operational,1932,2512,WIN-TFHMB3RRSQV,1,S-1-5-19,,,,,,,,,,,False,example_files\original\C\Windows\System32\winevt\logs\Microsoft-Windows-DriverFrameworks-UserMode%4Operational.evtx,Classic,0,"{""UserData"":{""UMDFHostDeviceArrivalEnd"":{""@instance"":""WPDBUSENUMROOT\\UMB\\2&37C186B&0&STORAGE#VOLUME#_??_USBSTOR#DISK&VEN_VENDORCO&PROD_PRODUCTCODE&REV_2.00#4338531081087774140&0#"",""@lifetime"":""343827de-8c09-4351-9550-b909404a3f63"",""FinalStatus"":""0""}}}"
102,102,2025-02-04 03:59:58.0180354,2004,Verbose,Microsoft-Windows-DriverFrameworks-UserMode,Microsoft-Windows-DriverFrameworks-UserMode/Operational,1932,2512,WIN-TFHMB3RRSQV,1,S-1-5-19,,,,,,,,,,,False,example_files\original\C\Windows\System32\winevt\logs\Microsoft-Windows-DriverFrameworks-UserMode%4Operational.evtx,Classic,0,"{""UserData"":{""UMDFHostAddDeviceBegin"":{""@instance"":""WPDBUSENUMROOT\\UMB\\2&37C186B&0&STORAGE#VOLUME#_??_USBSTOR#DISK&VEN_VENDORCO&PROD_PRODUCTCODE&REV_2.00#4338531081087774140&0#"",""@lifetime"":""343827de-8c09-4351-9550-b909404a3f63"",""Level"":""0"",""Service"":""WpdFs"",""DriverClsid"":""112de495-ac4c-46f8-b663-6a4266c53313""}}}"
103,103,2025-02-04 03:59:58.0180354,2005,Verbose,Microsoft-Windows-DriverFrameworks-UserMode,Microsoft-Windows-DriverFrameworks-UserMode/Operational,1932,2512,WIN-TFHMB3RRSQV,1,S-1-5-19,,,,,,,,,,,False,example_files\original\C\Windows\System32\winevt\logs\Microsoft-Windows-DriverFrameworks-UserMode%4Operational.evtx,Classic,0,"{""UserData"":{""UMDFHostModuleLoad"":{""@instance"":""WPDBUSENUMROOT\\UMB\\2&37C186B&0&STORAGE#VOLUME#_??_USBSTOR#DISK&VEN_VENDORCO&PROD_PRODUCTCODE&REV_2.00#4338531081087774140&0#"",""@lifetime"":""343827de-8c09-4351-9550-b909404a3f63"",""ModulePath"":""C:\\Windows\\system32\\WUDFx.dll"",""CompanyName"":""Microsoft Corporation"",""FileDescription"":""WDF:UMDF Framework Library"",""FileVersion"":""6.1.7601.17514 (win7sp1_rtm.101119-1850)""}}}"
104,104,2025-02-04 03:59:58.0180354,2005,Verbose,Microsoft-Windows-DriverFrameworks-UserMode,Microsoft-Windows-DriverFrameworks-UserMode/Operational,1932,2512,WIN-TFHMB3RRSQV,1,S-1-5-19,,,,,,,,,,,False,example_files\original\C\Windows\System32\winevt\logs\Microsoft-Windows-DriverFrameworks-UserMode%4Operational.evtx,Classic,0,"{""UserData"":{""UMDFHostModuleLoad"":{""@instance"":""WPDBUSENUMROOT\\UMB\\2&37C186B&0&STORAGE#VOLUME#_??_USBSTOR#DISK&VEN_VENDORCO&PROD_PRODUCTCODE&REV_2.00#4338531081087774140&0#"",""@lifetime"":""343827de-8c09-4351-9550-b909404a3f63"",""ModulePath"":""C:\\Windows\\System32\\drivers\\UMDF\\WpdFs.dll"",""CompanyName"":""Microsoft Corporation"",""FileDescription"":""Windows Portable Device File System Driver"",""FileVersion"":""6.1.7600.16385 (win7_rtm.090713-1255)""}}}"
105,105,2025-02-04 03:59:58.0180354,2005,Verbose,Microsoft-Windows-DriverFrameworks-UserMode,Microsoft-Windows-DriverFrameworks-UserMode/Operational,1932,2512,WIN-TFHMB3RRSQV,1,S-1-5-19,,,,,,,,,,,False,example_files\original\C\Windows\System32\winevt\logs\Microsoft-Windows-DriverFrameworks-UserMode%4Operational.evtx,Classic,0,"{""UserData"":{""UMDFHostModuleLoad"":{""@instance"":""WPDBUSENUMROOT\\UMB\\2&37C186B&0&STORAGE#VOLUME#_??_USBSTOR#DISK&VEN_VENDORCO&PROD_PRODUCTCODE&REV_2.00#4338531081087774140&0#"",""@lifetime"":""343827de-8c09-4351-9550-b909404a3f63"",""ModulePath"":""C:\\Windows\\system32\\wmvcore.dll"",""CompanyName"":""Microsoft Corporation"",""FileDescription"":""Windows Media Playback/Authoring DLL"",""FileVersion"":""12.0.7601.17514 (win7sp1_rtm.101119-1850)""}}}"
106,106,2025-02-04 03:59:58.0180354,2005,Verbose,Microsoft-Windows-DriverFrameworks-UserMode,Microsoft-Windows-DriverFrameworks-UserMode/Operational,1932,2512,WIN-TFHMB3RRSQV,1,S-1-5-19,,,,,,,,,,,False,example_files\original\C\Windows\System32\winevt\logs\Microsoft-Windows-DriverFrameworks-UserMode%4Operational.evtx,Classic,0,"{""UserData"":{""UMDFHostModuleLoad"":{""@instance"":""WPDBUSENUMROOT\\UMB\\2&37C186B&0&STORAGE#VOLUME#_??_USBSTOR#DISK&VEN_VENDORCO&PROD_PRODUCTCODE&REV_2.00#4338531081087774140&0#"",""@lifetime"":""343827de-8c09-4351-9550-b909404a3f63"",""ModulePath"":""C:\\Windows\\system32\\WMASF.DLL"",""CompanyName"":""Microsoft Corporation"",""FileDescription"":""Windows Media ASF DLL"",""FileVersion"":""12.0.7600.16385 (win7_rtm.090713-1255)""}}}"
107,107,2025-02-04 03:59:58.0180354,2005,Verbose,Microsoft-Windows-DriverFrameworks-UserMode,Microsoft-Windows-DriverFrameworks-UserMode/Operational,1932,2512,WIN-TFHMB3RRSQV,1,S-1-5-19,,,,,,,,,,,False,example_files\original\C\Windows\System32\winevt\logs\Microsoft-Windows-DriverFrameworks-UserMode%4Operational.evtx,Classic,0,"{""UserData"":{""UMDFHostModuleLoad"":{""@instance"":""WPDBUSENUMROOT\\UMB\\2&37C186B&0&STORAGE#VOLUME#_??_USBSTOR#DISK&VEN_VENDORCO&PROD_PRODUCTCODE&REV_2.00#4338531081087774140&0#"",""@lifetime"":""343827de-8c09-4351-9550-b909404a3f63"",""ModulePath"":""C:\\Windows\\WinSxS\\amd64_microsoft.windows.gdiplus_6595b64144ccf1df_1.1.7601.17514_none_2b24536c71ed437a\\gdiplus.dll"",""CompanyName"":""Microsoft Corporation"",""FileDescription"":""Microsoft GDI+"",""FileVersion"":""6.1.7601.17514 (win7sp1_rtm.101119-1850)""}}}"
108,108,2025-02-04 03:59:58.0280354,2006,Verbose,Microsoft-Windows-DriverFrameworks-UserMode,Microsoft-Windows-DriverFrameworks-UserMode/Operational,1932,2512,WIN-TFHMB3RRSQV,1,S-1-5-19,,,,,,,,,,,False,example_files\original\C\Windows\System32\winevt\logs\Microsoft-Windows-DriverFrameworks-UserMode%4Operational.evtx,Classic,0,"{""UserData"":{""UMDFHostAddDeviceEnd"":{""@instance"":""WPDBUSENUMROOT\\UMB\\2&37C186B&0&STORAGE#VOLUME#_??_USBSTOR#DISK&VEN_VENDORCO&PROD_PRODUCTCODE&REV_2.00#4338531081087774140&0#"",""@lifetime"":""343827de-8c09-4351-9550-b909404a3f63"",""Level"":""0"",""FinalStatus"":""0""}}}"
109,109,2025-02-04 03:59:58.0280354,2100,Info,Microsoft-Windows-DriverFrameworks-UserMode,Microsoft-Windows-DriverFrameworks-UserMode/Operational,1932,2512,WIN-TFHMB3RRSQV,1,S-1-5-19,USB Connection,,,"InstanceId: ","LifetimeId: ",,,,,,False,example_files\original\C\Windows\System32\winevt\logs\Microsoft-Windows-DriverFrameworks-UserMode%4Operational.evtx,Classic,0,"{""UserData"":{""UMDFHostDeviceRequest"":{""@instance"":""WPDBUSENUMROOT\\UMB\\2&37C186B&0&STORAGE#VOLUME#_??_USBSTOR#DISK&VEN_VENDORCO&PROD_PRODUCTCODE&REV_2.00#4338531081087774140&0#"",""@lifetime"":""343827de-8c09-4351-9550-b909404a3f63"",""Request"":{""@major"":""27"",""@minor"":""0"",""Argument"":[""0x0"",""0x0"",""0x0"",""0x0""]},""Status"":""3221225659""}}}"
110,110,2025-02-04 03:59:58.0280354,2105,Info,Microsoft-Windows-DriverFrameworks-UserMode,Microsoft-Windows-DriverFrameworks-UserMode/Operational,1932,2512,WIN-TFHMB3RRSQV,1,S-1-5-19,,,,,,,,,,,False,example_files\original\C\Windows\System32\winevt\logs\Microsoft-Windows-DriverFrameworks-UserMode%4Operational.evtx,Classic,0,"{""UserData"":{""UMDFHostDeviceRequest"":{""@instance"":""WPDBUSENUMROOT\\UMB\\2&37C186B&0&STORAGE#VOLUME#_??_USBSTOR#DISK&VEN_VENDORCO&PROD_PRODUCTCODE&REV_2.00#4338531081087774140&0#"",""@lifetime"":""343827de-8c09-4351-9550-b909404a3f63"",""Request"":{""@major"":""27"",""@minor"":""0"",""Argument"":[""0x0"",""0x0"",""0x0"",""0x0""]},""Status"":""3221225659""}}}"
111,111,2025-02-04 03:59:58.0280354,2106,Info,Microsoft-Windows-DriverFrameworks-UserMode,Microsoft-Windows-DriverFrameworks-UserMode/Operational,1932,2512,WIN-TFHMB3RRSQV,1,S-1-5-19,,,,,,,,,,,False,example_files\original\C\Windows\System32\winevt\logs\Microsoft-Windows-DriverFrameworks-UserMode%4Operational.evtx,Classic,0,"{""UserData"":{""UMDFHostDeviceRequest"":{""@instance"":""WPDBUSENUMROOT\\UMB\\2&37C186B&0&STORAGE#VOLUME#_??_USBSTOR#DISK&VEN_VENDORCO&PROD_PRODUCTCODE&REV_2.00#4338531081087774140&0#"",""@lifetime"":""343827de-8c09-4351-9550-b909404a3f63"",""Request"":{""@major"":""27"",""@minor"":""0"",""Argument"":[""0x0"",""0x0"",""0x0"",""0x0""]},""Status"":""0""}}}"
112,112,2025-02-04 03:59:58.0280354,2101,Info,Microsoft-Windows-DriverFrameworks-UserMode,Microsoft-Windows-DriverFrameworks-UserMode/Operational,1932,2512,WIN-TFHMB3RRSQV,1,S-1-5-19,,,,,,,,,,,False,example_files\original\C\Windows\System32\winevt\logs\Microsoft-Windows-DriverFrameworks-UserMode%4Operational.evtx,Classic,0,"{""UserData"":{""UMDFHostDeviceRequest"":{""@instance"":""WPDBUSENUMROOT\\UMB\\2&37C186B&0&STORAGE#VOLUME#_??_USBSTOR#DISK&VEN_VENDORCO&PROD_PRODUCTCODE&REV_2.00#4338531081087774140&0#"",""@lifetime"":""343827de-8c09-4351-9550-b909404a3f63"",""Request"":{""@major"":""27"",""@minor"":""0"",""Argument"":[""0x0"",""0x1B"",""0x0"",""0x0""]},""Status"":""0""}}}"
113,113,2025-02-04 03:59:58.0280354,2100,Info,Microsoft-Windows-DriverFrameworks-UserMode,Microsoft-Windows-DriverFrameworks-UserMode/Operational,1932,2856,WIN-TFHMB3RRSQV,1,S-1-5-19,USB Connection,,,"InstanceId: ","LifetimeId: ",,,,,,False,example_files\original\C\Windows\System32\winevt\logs\Microsoft-Windows-DriverFrameworks-UserMode%4Operational.evtx,Classic,0,"{""UserData"":{""UMDFHostDeviceRequest"":{""@instance"":""WPDBUSENUMROOT\\UMB\\2&37C186B&0&STORAGE#VOLUME#_??_USBSTOR#DISK&VEN_VENDORCO&PROD_PRODUCTCODE&REV_2.00#4338531081087774140&0#"",""@lifetime"":""343827de-8c09-4351-9550-b909404a3f63"",""Request"":{""@major"":""27"",""@minor"":""9"",""Argument"":[""0x10040"",""0xFFFFFFFFFFFFFFFF"",""0x0"",""0x0""]},""Status"":""3221225659""}}}"
114,114,2025-02-04 03:59:58.0280354,2105,Info,Microsoft-Windows-DriverFrameworks-UserMode,Microsoft-Windows-DriverFrameworks-UserMode/Operational,1932,2856,WIN-TFHMB3RRSQV,1,S-1-5-19,,,,,,,,,,,False,example_files\original\C\Windows\System32\winevt\logs\Microsoft-Windows-DriverFrameworks-UserMode%4Operational.evtx,Classic,0,"{""UserData"":{""UMDFHostDeviceRequest"":{""@instance"":""WPDBUSENUMROOT\\UMB\\2&37C186B&0&STORAGE#VOLUME#_??_USBSTOR#DISK&VEN_VENDORCO&PROD_PRODUCTCODE&REV_2.00#4338531081087774140&0#"",""@lifetime"":""343827de-8c09-4351-9550-b909404a3f63"",""Request"":{""@major"":""27"",""@minor"":""9"",""Argument"":[""0x10040"",""0xFFFFFFFFFFFFFFFF"",""0x0"",""0x0""]},""Status"":""3221225659""}}}"
115,115,2025-02-04 03:59:58.0280354,2106,Info,Microsoft-Windows-DriverFrameworks-UserMode,Microsoft-Windows-DriverFrameworks-UserMode/Operational,1932,2856,WIN-TFHMB3RRSQV,1,S-1-5-19,,,,,,,,,,,False,example_files\original\C\Windows\System32\winevt\logs\Microsoft-Windows-DriverFrameworks-UserMode%4Operational.evtx,Classic,0,"{""UserData"":{""UMDFHostDeviceRequest"":{""@instance"":""WPDBUSENUMROOT\\UMB\\2&37C186B&0&STORAGE#VOLUME#_??_USBSTOR#DISK&VEN_VENDORCO&PROD_PRODUCTCODE&REV_2.00#4338531081087774140&0#"",""@lifetime"":""343827de-8c09-4351-9550-b909404a3f63"",""Request"":{""@major"":""27"",""@minor"":""9"",""Argument"":[""0x10040"",""0xFFFFFFFFFFFFFFFF"",""0x0"",""0x0""]},""Status"":""0""}}}"
116,116,2025-02-04 03:59:58.0280354,2101,Info,Microsoft-Windows-DriverFrameworks-UserMode,Microsoft-Windows-DriverFrameworks-UserMode/Operational,1932,2856,WIN-TFHMB3RRSQV,1,S-1-5-19,,,,,,,,,,,False,example_files\original\C\Windows\System32\winevt\logs\Microsoft-Windows-DriverFrameworks-UserMode%4Operational.evtx,Classic,0,"{""UserData"":{""UMDFHostDeviceRequest"":{""@instance"":""WPDBUSENUMROOT\\UMB\\2&37C186B&0&STORAGE#VOLUME#_??_USBSTOR#DISK&VEN_VENDORCO&PROD_PRODUCTCODE&REV_2.00#4338531081087774140&0#"",""@lifetime"":""343827de-8c09-4351-9550-b909404a3f63"",""Request"":{""@major"":""27"",""@minor"":""9"",""Argument"":[""0xA9100010040"",""0xFFFFFFFFFFFFFFFF"",""0x200000000"",""0x300000002""]},""Status"":""0""}}}"
117,117,2025-02-04 03:59:58.0280354,2100,Info,Microsoft-Windows-DriverFrameworks-UserMode,Microsoft-Windows-DriverFrameworks-UserMode/Operational,1932,2512,WIN-TFHMB3RRSQV,1,S-1-5-19,USB Connection,,,"InstanceId: ","LifetimeId: ",,,,,,False,example_files\original\C\Windows\System32\winevt\logs\Microsoft-Windows-DriverFrameworks-UserMode%4Operational.evtx,Classic,0,"{""UserData"":{""UMDFHostDeviceRequest"":{""@instance"":""WPDBUSENUMROOT\\UMB\\2&37C186B&0&STORAGE#VOLUME#_??_USBSTOR#DISK&VEN_VENDORCO&PROD_PRODUCTCODE&REV_2.00#4338531081087774140&0#"",""@lifetime"":""343827de-8c09-4351-9550-b909404a3f63"",""Request"":{""@major"":""27"",""@minor"":""20"",""Argument"":[""0x0"",""0x0"",""0x0"",""0x0""]},""Status"":""3221225659""}}}"
118,118,2025-02-04 03:59:58.0280354,2105,Info,Microsoft-Windows-DriverFrameworks-UserMode,Microsoft-Windows-DriverFrameworks-UserMode/Operational,1932,2512,WIN-TFHMB3RRSQV,1,S-1-5-19,,,,,,,,,,,False,example_files\original\C\Windows\System32\winevt\logs\Microsoft-Windows-DriverFrameworks-UserMode%4Operational.evtx,Classic,0,"{""UserData"":{""UMDFHostDeviceRequest"":{""@instance"":""WPDBUSENUMROOT\\UMB\\2&37C186B&0&STORAGE#VOLUME#_??_USBSTOR#DISK&VEN_VENDORCO&PROD_PRODUCTCODE&REV_2.00#4338531081087774140&0#"",""@lifetime"":""343827de-8c09-4351-9550-b909404a3f63"",""Request"":{""@major"":""27"",""@minor"":""20"",""Argument"":[""0x0"",""0x0"",""0x0"",""0x0""]},""Status"":""3221225659""}}}"
119,119,2025-02-04 03:59:58.0280354,2106,Info,Microsoft-Windows-DriverFrameworks-UserMode,Microsoft-Windows-DriverFrameworks-UserMode/Operational,1932,2512,WIN-TFHMB3RRSQV,1,S-1-5-19,,,,,,,,,,,False,example_files\original\C\Windows\System32\winevt\logs\Microsoft-Windows-DriverFrameworks-UserMode%4Operational.evtx,Classic,0,"{""UserData"":{""UMDFHostDeviceRequest"":{""@instance"":""WPDBUSENUMROOT\\UMB\\2&37C186B&0&STORAGE#VOLUME#_??_USBSTOR#DISK&VEN_VENDORCO&PROD_PRODUCTCODE&REV_2.00#4338531081087774140&0#"",""@lifetime"":""343827de-8c09-4351-9550-b909404a3f63"",""Request"":{""@major"":""27"",""@minor"":""20"",""Argument"":[""0x0"",""0x0"",""0x0"",""0x0""]},""Status"":""0""}}}"
120,120,2025-02-04 03:59:58.0280354,2101,Info,Microsoft-Windows-DriverFrameworks-UserMode,Microsoft-Windows-DriverFrameworks-UserMode/Operational,1932,2512,WIN-TFHMB3RRSQV,1,S-1-5-19,,,,,,,,,,,False,example_files\original\C\Windows\System32\winevt\logs\Microsoft-Windows-DriverFrameworks-UserMode%4Operational.evtx,Classic,0,"{""UserData"":{""UMDFHostDeviceRequest"":{""@instance"":""WPDBUSENUMROOT\\UMB\\2&37C186B&0&STORAGE#VOLUME#_??_USBSTOR#DISK&VEN_VENDORCO&PROD_PRODUCTCODE&REV_2.00#4338531081087774140&0#"",""@lifetime"":""343827de-8c09-4351-9550-b909404a3f63"",""Request"":{""@major"":""27"",""@minor"":""20"",""Argument"":[""0x0"",""0x141B"",""0x0"",""0x0""]},""Status"":""0""}}}"
1,1,2025-02-04 19:08:44.6300459,5320,Info,Microsoft-Windows-GroupPolicy,Microsoft-Windows-GroupPolicy/Operational,860,884,37L4247F27-25,0,S-1-5-18,,,,,,,,,,,False,example_files\original\C\Windows\System32\winevt\logs\Microsoft-Windows-GroupPolicy%4Operational.evtx,0x4000000000000000,0,"{""EventData"":{""Data"":{""@Name"":""InfoDescription"",""#text"":""%%4168""}}}"
2,2,2025-02-04 19:08:44.6300459,5320,Info,Microsoft-Windows-GroupPolicy,Microsoft-Windows-GroupPolicy/Operational,860,884,37L4247F27-25,0,S-1-5-18,,,,,,,,,,,False,example_files\original\C\Windows\System32\winevt\logs\Microsoft-Windows-GroupPolicy%4Operational.evtx,0x4000000000000000,0,"{""EventData"":{""Data"":{""@Name"":""InfoDescription"",""#text"":""%%4160""}}}"
3,3,2025-02-04 19:08:44.6300459,5320,Info,Microsoft-Windows-GroupPolicy,Microsoft-Windows-GroupPolicy/Operational,860,884,37L4247F27-25,0,S-1-5-18,,,,,,,,,,,False,example_files\original\C\Windows\System32\winevt\logs\Microsoft-Windows-GroupPolicy%4Operational.evtx,0x4000000000000000,0,"{""EventData"":{""Data"":{""@Name"":""InfoDescription"",""#text"":""%%4166""}}}"
4,4,2025-02-04 19:08:44.6300459,5321,Info,Microsoft-Windows-GroupPolicy,Microsoft-Windows-GroupPolicy/Operational,860,884,37L4247F27-25,0,S-1-5-18,,,,,,,,,,,False,example_files\original\C\Windows\System32\winevt\logs\Microsoft-Windows-GroupPolicy%4Operational.evtx,0x4000000000000000,0,"{""EventData"":{""Data"":[{""@Name"":""InfoDescription"",""#text"":""%%4167""},{""@Name"":""OperationParameter1"",""#text"":""7e1c6678-49cb-43f6-b9dc-9e7dae441926""}]}}"
5,5,2025-02-04 19:10:27.8398272,5325,Info,Microsoft-Windows-GroupPolicy,Microsoft-Windows-GroupPolicy/Operational,860,864,37L4247F27-25,0,S-1-5-18,,,,,,,,,,,False,example_files\original\C\Windows\System32\winevt\logs\Microsoft-Windows-GroupPolicy%4Operational.evtx,0x4000000000000000,0,"{""EventData"":{""Data"":{""@Name"":""NotificationType"",""#text"":""0""}}}"
6,6,2025-02-04 03:10:54.4082077,5320,Info,Microsoft-Windows-GroupPolicy,Microsoft-Windows-GroupPolicy/Operational,944,540,WIN-TFHMB3RRSQV,0,S-1-5-18,,,,,,,,,,,False,example_files\original\C\Windows\System32\winevt\logs\Microsoft-Windows-GroupPolicy%4Operational.evtx,0x4000000000000000,0,"{""EventData"":{""Data"":{""@Name"":""InfoDescription"",""#text"":""%%4168""}}}"
7,7,2025-02-04 03:10:54.4082077,5320,Info,Microsoft-Windows-GroupPolicy,Microsoft-Windows-GroupPolicy/Operational,944,540,WIN-TFHMB3RRSQV,0,S-1-5-18,,,,,,,,,,,False,example_files\original\C\Windows\System32\winevt\logs\Microsoft-Windows-GroupPolicy%4Operational.evtx,0x4000000000000000,0,"{""EventData"":{""Data"":{""@Name"":""InfoDescription"",""#text"":""%%4160""}}}"
8,8,2025-02-04 03:10:54.4082077,5320,Info,Microsoft-Windows-GroupPolicy,Microsoft-Windows-GroupPolicy/Operational,944,540,WIN-TFHMB3RRSQV,0,S-1-5-18,,,,,,,,,,,False,example_files\original\C\Windows\System32\winevt\logs\Microsoft-Windows-GroupPolicy%4Operational.evtx,0x4000000000000000,0,"{""EventData"":{""Data"":{""@Name"":""InfoDescription"",""#text"":""%%4166""}}}"
9,9,2025-02-04 03:10:54.4082077,5321,Info,Microsoft-Windows-GroupPolicy,Microsoft-Windows-GroupPolicy/Operational,944,540,WIN-TFHMB3RRSQV,0,S-1-5-18,,,,,,,,,,,False,example_files\original\C\Windows\System32\winevt\logs\Microsoft-Windows-GroupPolicy%4Operational.evtx,0x4000000000000000,0,"{""EventData"":{""Data"":[{""@Name"":""InfoDescription"",""#text"":""%%4167""},{""@Name"":""OperationParameter1"",""#text"":""d1f1cbe3-8a81-43ad-869a-2eac8ee919a4""}]}}"
10,10,2025-02-04 03:11:00.8978191,5324,Info,Microsoft-Windows-GroupPolicy,Microsoft-Windows-GroupPolicy/Operational,944,1140,WIN-TFHMB3RRSQV,0,S-1-5-18,,,,,,,,,,,False,example_files\original\C\Windows\System32\winevt\logs\Microsoft-Windows-GroupPolicy%4Operational.evtx,0x4000000000000000,0,"{""EventData"":{""Data"":[{""@Name"":""NotificationType"",""#text"":""0""},{""@Name"":""SessionId"",""#text"":""1""}]}}"
11,11,2025-02-04 03:11:00.9134192,4000,Info,Microsoft-Windows-GroupPolicy,Microsoft-Windows-GroupPolicy/Operational,944,1892,WIN-TFHMB3RRSQV,0,S-1-5-18,,,,,,,,,,,False,example_files\original\C\Windows\System32\winevt\logs\Microsoft-Windows-GroupPolicy%4Operational.evtx,0x4000000000000000,0,"{""EventData"":{""Data"":[{""@Name"":""PolicyActivityId"",""#text"":""9cab6435-4a15-4cd5-89f5-15eedeede00b""},{""@Name"":""PrincipalSamName"",""#text"":""WORKGROUP\\WIN-TFHMB3RRSQV$""},{""@Name"":""IsMachine"",""#text"":""1""},{""@Name"":""IsDomainJoined"",""#text"":""False""},{""@Name"":""IsBackgroundProcessing"",""#text"":""False""},{""@Name"":""IsAsyncProcessing"",""#text"":""True""},{""@Name"":""IsServiceRestart"",""#text"":""False""},{""@Name"":""ReasonForSyncProcessing"",""#text"":""0""}]}}"
12,12,2025-02-04 03:11:00.9134192,5311,Info,Microsoft-Windows-GroupPolicy,Microsoft-Windows-GroupPolicy/Operational,944,1892,WIN-TFHMB3RRSQV,0,S-1-5-18,,,,,,,,,,,False,example_files\original\C\Windows\System32\winevt\logs\Microsoft-Windows-GroupPolicy%4Operational.evtx,0x4000000000000000,0,"{""EventData"":{""Data"":{""@Name"":""PolicyProcessingMode"",""#text"":""0""}}}"
13,13,2025-02-04 03:11:00.9134192,5312,Info,Microsoft-Windows-GroupPolicy,Microsoft-Windows-GroupPolicy/Operational,944,1892,WIN-TFHMB3RRSQV,0,S-1-5-18,,,,,,,,,,,False,example_files\original\C\Windows\System32\winevt\logs\Microsoft-Windows-GroupPolicy%4Operational.evtx,0x4000000000000000,0,"{""EventData"":{""Data"":[{""@Name"":""DescriptionString"",""#text"":""None""},{""@Name"":""GPOInfoList""}]}}"
14,14,2025-02-04 03:11:00.9134192,5313,Info,Microsoft-Windows-GroupPolicy,Microsoft-Windows-GroupPolicy/Operational,944,1892,WIN-TFHMB3RRSQV,0,S-1-5-18,,,,,,,,,,,False,example_files\original\C\Windows\System32\winevt\logs\Microsoft-Windows-GroupPolicy%4Operational.evtx,0x4000000000000000,0,"{""EventData"":{""Data"":[{""@Name"":""DescriptionString"",""#text"":""Local Group Policy, Not Applied (Empty), ""},{""@Name"":""GPOInfoList"",""#text"":""&lt;GPO ID=\""Local Group Policy\""&gt;&lt;Name&gt;Local Group Policy&lt;/Name&gt;&lt;Version&gt;0&lt;/Version&gt;&lt;SOM&gt;Local&lt;/SOM&gt;&lt;FSPath&gt;C:\\Windows\\System32\\GroupPolicy\\Machine&lt;/FSPath&gt;&lt;Reason&gt;NOTAPPLIED-EMPTY&lt;/Reason&gt;&lt;/GPO&gt;""}]}}"
15,15,2025-02-04 03:11:00.9134192,5320,Info,Microsoft-Windows-GroupPolicy,Microsoft-Windows-GroupPolicy/Operational,944,1892,WIN-TFHMB3RRSQV,0,S-1-5-18,,,,,,,,,,,False,example_files\original\C\Windows\System32\winevt\logs\Microsoft-Windows-GroupPolicy%4Operational.evtx,0x4000000000000000,0,"{""EventData"":{""Data"":{""@Name"":""InfoDescription"",""#text"":""%%4161""}}}"
16,16,2025-02-04 03:11:00.9134192,5320,Info,Microsoft-Windows-GroupPolicy,Microsoft-Windows-GroupPolicy/Operational,944,1892,WIN-TFHMB3RRSQV,0,S-1-5-18,,,,,,,,,,,False,example_files\original\C\Windows\System32\winevt\logs\Microsoft-Windows-GroupPolicy%4Operational.evtx,0x4000000000000000,0,"{""EventData"":{""Data"":{""@Name"":""InfoDescription"",""#text"":""%%4163""}}}"
17,17,2025-02-04 03:11:00.9134192,5320,Info,Microsoft-Windows-GroupPolicy,Microsoft-Windows-GroupPolicy/Operational,944,1892,WIN-TFHMB3RRSQV,0,S-1-5-18,,,,,,,,,,,False,example_files\original\C\Windows\System32\winevt\logs\Microsoft-Windows-GroupPolicy%4Operational.evtx,0x4000000000000000,0,"{""EventData"":{""Data"":{""@Name"":""InfoDescription"",""#text"":""%%4165""}}}"
18,18,2025-02-04 03:11:00.9134192,8000,Info,Microsoft-Windows-GroupPolicy,Microsoft-Windows-GroupPolicy/Operational,944,1892,WIN-TFHMB3RRSQV,0,S-1-5-18,,,,,,,,,,,False,example_files\original\C\Windows\System32\winevt\logs\Microsoft-Windows-GroupPolicy%4Operational.evtx,0x4000000000000000,0,"{""EventData"":{""Data"":[{""@Name"":""PolicyElaspedTimeInSeconds"",""#text"":""0""},{""@Name"":""ErrorCode"",""#text"":""0""},{""@Name"":""PrincipalSamName"",""#text"":""WORKGROUP\\WIN-TFHMB3RRSQV$""},{""@Name"":""IsMachine"",""#text"":""1""},{""@Name"":""IsConnectivityFailure"",""#text"":""False""}]}}"
19,19,2025-02-04 03:11:00.9134192,5315,Info,Microsoft-Windows-GroupPolicy,Microsoft-Windows-GroupPolicy/Operational,944,1896,WIN-TFHMB3RRSQV,0,S-1-5-18,,,,,,,,,,,False,example_files\original\C\Windows\System32\winevt\logs\Microsoft-Windows-GroupPolicy%4Operational.evtx,0x4000000000000000,0,"{""EventData"":{""Data"":[{""@Name"":""PrincipalSamName"",""#text"":""WORKGROUP\\WIN-TFHMB3RRSQV$""},{""@Name"":""NextPolicyApplicationTime"",""#text"":""91""},{""@Name"":""NextPolicyApplicationTimeUnit"",""#text"":""%%4100""}]}}"
20,20,2025-02-04 03:11:01.4282201,5324,Info,Microsoft-Windows-GroupPolicy,Microsoft-Windows-GroupPolicy/Operational,944,540,WIN-TFHMB3RRSQV,0,S-1-5-18,,,,,,,,,,,False,example_files\original\C\Windows\System32\winevt\logs\Microsoft-Windows-GroupPolicy%4Operational.evtx,0x4000000000000000,0,"{""EventData"":{""Data"":[{""@Name"":""NotificationType"",""#text"":""1""},{""@Name"":""SessionId"",""#text"":""1""}]}}"
21,21,2025-02-04 03:11:01.4282201,4001,Info,Microsoft-Windows-GroupPolicy,Microsoft-Windows-GroupPolicy/Operational,944,2044,WIN-TFHMB3RRSQV,0,S-1-5-18,,,,,,,,,,,False,example_files\original\C\Windows\System32\winevt\logs\Microsoft-Windows-GroupPolicy%4Operational.evtx,0x4000000000000000,0,"{""EventData"":{""Data"":[{""@Name"":""PolicyActivityId"",""#text"":""3b28a7e4-2a78-4510-998a-e701659a4a45""},{""@Name"":""PrincipalSamName"",""#text"":""WIN-TFHMB3RRSQV\\student""},{""@Name"":""IsMachine"",""#text"":""0""},{""@Name"":""IsDomainJoined"",""#text"":""False""},{""@Name"":""IsBackgroundProcessing"",""#text"":""False""},{""@Name"":""IsAsyncProcessing"",""#text"":""False""},{""@Name"":""IsServiceRestart"",""#text"":""False""},{""@Name"":""ReasonForSyncProcessing"",""#text"":""1""}]}}"
22,22,2025-02-04 03:11:01.4438201,5311,Info,Microsoft-Windows-GroupPolicy,Microsoft-Windows-GroupPolicy/Operational,944,2044,WIN-TFHMB3RRSQV,0,S-1-5-21-2927126382-3537124110-2073285158-1000,,,,,,,,,,,False,example_files\original\C\Windows\System32\winevt\logs\Microsoft-Windows-GroupPolicy%4Operational.evtx,0x4000000000000000,0,"{""EventData"":{""Data"":{""@Name"":""PolicyProcessingMode"",""#text"":""0""}}}"
23,23,2025-02-04 03:11:01.4438201,5312,Info,Microsoft-Windows-GroupPolicy,Microsoft-Windows-GroupPolicy/Operational,944,2044,WIN-TFHMB3RRSQV,0,S-1-5-18,,,,,,,,,,,False,example_files\original\C\Windows\System32\winevt\logs\Microsoft-Windows-GroupPolicy%4Operational.evtx,0x4000000000000000,0,"{""EventData"":{""Data"":[{""@Name"":""DescriptionString"",""#text"":""None""},{""@Name"":""GPOInfoList""}]}}"
24,24,2025-02-04 03:11:01.4438201,5313,Info,Microsoft-Windows-GroupPolicy,Microsoft-Windows-GroupPolicy/Operational,944,2044,WIN-TFHMB3RRSQV,0,S-1-5-18,,,,,,,,,,,False,example_files\original\C\Windows\System32\winevt\logs\Microsoft-Windows-GroupPolicy%4Operational.evtx,0x4000000000000000,0,"{""EventData"":{""Data"":[{""@Name"":""DescriptionString"",""#text"":""Local Group Policy, Not Applied (Empty), ""},{""@Name"":""GPOInfoList"",""#text"":""&lt;GPO ID=\""Local Group Policy\""&gt;&lt;Name&gt;Local Group Policy&lt;/Name&gt;&lt;Version&gt;0&lt;/Version&gt;&lt;SOM&gt;Local&lt;/SOM&gt;&lt;FSPath&gt;C:\\Windows\\System32\\GroupPolicy\\User&lt;/FSPath&gt;&lt;Reason&gt;NOTAPPLIED-EMPTY&lt;/Reason&gt;&lt;/GPO&gt;""}]}}"
25,25,2025-02-04 03:11:01.4906202,5320,Info,Microsoft-Windows-GroupPolicy,Microsoft-Windows-GroupPolicy/Operational,944,2044,WIN-TFHMB3RRSQV,0,S-1-5-18,,,,,,,,,,,False,example_files\original\C\Windows\System32\winevt\logs\Microsoft-Windows-GroupPolicy%4Operational.evtx,0x4000000000000000,0,"{""EventData"":{""Data"":{""@Name"":""InfoDescription"",""#text"":""%%4161""}}}"
26,26,2025-02-04 03:11:01.4906202,5320,Info,Microsoft-Windows-GroupPolicy,Microsoft-Windows-GroupPolicy/Operational,944,2044,WIN-TFHMB3RRSQV,0,S-1-5-18,,,,,,,,,,,False,example_files\original\C\Windows\System32\winevt\logs\Microsoft-Windows-GroupPolicy%4Operational.evtx,0x4000000000000000,0,"{""EventData"":{""Data"":{""@Name"":""InfoDescription"",""#text"":""%%4163""}}}"
27,27,2025-02-04 03:11:01.4906202,5320,Info,Microsoft-Windows-GroupPolicy,Microsoft-Windows-GroupPolicy/Operational,944,2044,WIN-TFHMB3RRSQV,0,S-1-5-18,,,,,,,,,,,False,example_files\original\C\Windows\System32\winevt\logs\Microsoft-Windows-GroupPolicy%4Operational.evtx,0x4000000000000000,0,"{""EventData"":{""Data"":{""@Name"":""InfoDescription"",""#text"":""%%4165""}}}"
28,28,2025-02-04 03:11:01.5062202,8001,Info,Microsoft-Windows-GroupPolicy,Microsoft-Windows-GroupPolicy/Operational,944,2044,WIN-TFHMB3RRSQV,0,S-1-5-18,,,,,,,,,,,False,example_files\original\C\Windows\System32\winevt\logs\Microsoft-Windows-GroupPolicy%4Operational.evtx,0x4000000000000000,0,"{""EventData"":{""Data"":[{""@Name"":""PolicyElaspedTimeInSeconds"",""#text"":""0""},{""@Name"":""ErrorCode"",""#text"":""0""},{""@Name"":""PrincipalSamName"",""#text"":""WIN-TFHMB3RRSQV\\student""},{""@Name"":""IsMachine"",""#text"":""0""},{""@Name"":""IsConnectivityFailure"",""#text"":""False""}]}}"
29,29,2025-02-04 03:11:01.5062202,5315,Info,Microsoft-Windows-GroupPolicy,Microsoft-Windows-GroupPolicy/Operational,944,1080,WIN-TFHMB3RRSQV,0,S-1-5-18,,,,,,,,,,,False,example_files\original\C\Windows\System32\winevt\logs\Microsoft-Windows-GroupPolicy%4Operational.evtx,0x4000000000000000,0,"{""EventData"":{""Data"":[{""@Name"":""PrincipalSamName"",""#text"":""WIN-TFHMB3RRSQV\\student""},{""@Name"":""NextPolicyApplicationTime"",""#text"":""114""},{""@Name"":""NextPolicyApplicationTimeUnit"",""#text"":""%%4100""}]}}"
30,30,2025-02-04 03:11:01.5686203,5324,Info,Microsoft-Windows-GroupPolicy,Microsoft-Windows-GroupPolicy/Operational,944,1140,WIN-TFHMB3RRSQV,0,S-1-5-18,,,,,,,,,,,False,example_files\original\C\Windows\System32\winevt\logs\Microsoft-Windows-GroupPolicy%4Operational.evtx,0x4000000000000000,0,"{""EventData"":{""Data"":[{""@Name"":""NotificationType"",""#text"":""3""},{""@Name"":""SessionId"",""#text"":""1""}]}}"
