3,3,2025-02-04 03:18:25.3500103,5,Info,Microsoft-Windows-Kernel-WHEA,Microsoft-Windows-Kernel-WHEA/Operational,4,8,WIN-TFHMB3RRSQV,0,S-1-5-18,,,,,,,,,,,False,example_files\original\C\Windows\System32\winevt\logs\Microsoft-Windows-Kernel-WHEA%4Operational.evtx,0x2000000000000000,0,"{""EventData"":{""Data"":[{""@Name"":""ErrorSourceCount"",""#text"":""4""},{""@Name"":""ErrorRecordFormat"",""#text"":""10""},{""@Name"":""ErrorSourceTableLength"",""#text"":""4256""},{""@Name"":""ErrorSourceTable"",""#text"":""10-70-D5-02-80-FA-FF-FF-A8-CB-A1-02-00-F8-FF-FF-00-00-00-00-00-00-00-80-00-00-00-00-02-00-00-00-28-07-00-00-57-68-65-61-00-00-00-00-00-00-00-00-B0-61-9C-02-80-FA-FF-FF-00-00-00-00-00-00-00-00-04-00-00-00-58-01-00-00-00-00-00-00-00-00-00-00-00-00-00-00-00-00-00-00-00-CC-03-00-00-0A-00-00-00-00-00-00-00-02-00-00-00-41-01-00-00-02-00-00-00-04-00-00-00-00-00-00-00-00-00-00-80-00-00-00-00-00-00-01-06-00-00-00-00-00-00-00-00-00-00-00-00-FF-FF-FF-FF-FF-FF-FF-FF-00-01-00-00-00-04-00-00-01-04-00-00-02-04-00-00-03-04-00-00-FF-FF-FF-FF-FF-FF-FF-FF-01-01-00-00-04-04-00-00-05-04-00-00-06-04-00-00-07-04-00-00-FF-FF-FF-FF-FF-FF-FF-FF-02-01-00-00-08-04-00-00-09-04-00-00-0A-04-00-00-0B-04-00-00-FF-FF-FF-FF-FF-FF-FF-FF-03-01-00-00-0C-04-00-00-0D-04-00-00-0E-04-00-00-0F-04-00-00-FF-FF-FF-FF-FF-FF-FF-FF-04-01-00-00-10-04-00-00-11-04-00-00-12-04-00-00-13-04-00-00-FF-FF-FF-FF-FF-FF-FF-FF-05-01-00-00-14-04-00-00-15-04-00-00-16-04-00-00-17-04-00-00-FF-FF-FF-FF-FF-FF-FF-FF-06-01-00-00-18-04-00-00-19-04-00-00-1A-04-00-00-1B-04-00-00-FF-FF-FF-FF-FF-FF-FF-FF-07-01-00-00-1C-04-00-00-1D-04-00-00-1E-04-00-00-1F-04-00-00-FF-FF-FF-FF-FF-FF-FF-FF-08-01-00-00-20-04-00-00-21-04-00-00-22-04-00-00-23-04-00-00-FF-FF-FF-FF-FF-FF-FF-FF-09-01-00-00-24-04-00-00-25-04-00-00-26-04-00-00-27-04-00-00-FF-FF-FF-FF-FF-FF-FF-FF-0A-01-00-00-28-04-00-00-29-04-00-00-2A-04-00-00-2B-04-00-00-FF-FF-FF-FF-FF-FF-FF-FF-0B-01-00-00-2C-04-00-00-2D-04-00-00-2E-04-00-00-2F-04-00-00-FF-FF-FF-FF-FF-FF-FF-FF-0C-01-00-00-30-04-00-00-31-04-00-00-32-04-00-00-33-04-00-00-FF-FF-FF-FF-FF-FF-FF-FF-0D-01-00-00-34-04-00-00-35-04-00-00-36-04-00-00-37-04-00-00-FF-FF-FF-FF-FF-FF-FF-FF-0E-01-00-00-38-04-00-00-39-04-00-00-3A-04-00-00-3B-04-00-00-FF-FF-FF-FF-FF-FF-FF-FF-0F-01-00-00-3C-04-00-00-3D-04-00-00-3E-04-00-00-3F-04-00-00-FF-FF-FF-FF-FF-FF-FF-FF-00-00-00-00-00-00-00-00-00-00-00-00-00-00-00-00-00-00-00-00-00-00-00-00-00-00-00-00-00-00-00-00-00-00-00-00-00-00-00-00-00-00-00-00-00-00-00-00-00-00-00-00-00-00-00-00-00-00-00-00-00-00-00-00-00-00-00-00-00-00-00-00-00-00-00-00-00-00-00-00-00-00-00-00-00-00-00-00-00-00-00-00-00-00-00-00-00-00-00-00-00-00-00-00-00-00-00-00-00-00-00-00-00-00-00-00-00-00-00-00-00-00-00-00-00-00-00-00-00-00-00-00-00-00-00-00-00-00-00-00-00-00-00-00-00-00-00-00-00-00-00-00-00-00-00-00-00-00-00-00-00-00-00-00-00-00-00-00-00-00-00-00-00-00-00-00-00-00-00-00-00-00-00-00-00-00-00-00-00-00-00-00-00-00-00-00-00-00-00-00-00-00-00-00-00-00-00-00-00-00-00-00-00-00-00-00-00-00-00-00-00-00-00-00-00-00-00-00-00-00-00-00-00-00-00-00-00-00-00-00-00-00-00-00-00-00-00-00-00-00-00-00-00-00-00-00-00-00-00-00-00-00-00-00-00-00-00-00-00-00-00-00-00-00-00-00-00-00-00-00-00-00-00-00-00-00-00-00-00-00-00-00-00-00-00-00-00-00-00-00-00-00-00-00-00-00-00-00-00-00-00-00-00-00-00-00-00-00-00-00-00-00-00-00-00-00-00-00-00-00-00-00-00-00-00-00-00-00-00-00-00-00-00-00-00-00-00-00-00-00-00-00-00-00-00-00-00-00-00-00-00-00-00-00-00-00-00-00-00-00-00-00-00-00-00-00-00-00-00-00-00-00-00-00-00-00-00-00-00-00-00-00-00-00-00-00-00-00-00-00-00-00-00-00-00-00-00-00-00-00-00-00-00-00-00-00-00-00-00-00-00-00-00-00-00-00-00-00-00-00-00-00-00-00-00-00-00-00-00-00-00-00-00-00-00-00-00-00-00-00-00-00-00-00-00-00-00-00-00-00-00-00-00-B0-79-D5-02-80-FA-FF-FF-50-18-C7-02-80-FA-FF-FF-00-00-00-00-00-00-00-80-00-00-00-00-03-00-00-00-28-07-00-00-57-68-65-61-01-00-00-00-00-00-00-00-00-E0-C0-02-80-FA-FF-FF-00-00-00-00-00-00-00-00-04-00-00-00-58-01-00-00-00-00-00-00-00-00-00-00-00-00-00-00-00-00-00-00-00-CC-03-00-00-0A-00-00-00-01-00-00-00-02-00-00-00-41-01-00-00-03-00-00-00-04-00-00-00-01-00-00-00-00-00-00-80-00-00-00-00-01-00-01-06-00-00-00-00-00-1C-00-00-60-EA-00-00-00-00-00-00-00-00-00-00-00-00-00-00-00-00-00-00-00-00-00-00-00-01-00-00-00-04-00-00-01-04-00-00-02-04-00-00-03-04-00-00-FF-FF-FF-FF-FF-FF-FF-FF-01-01-00-00-04-04-00-00-05-04-00-00-06-04-00-00-07-04-00-00-FF-FF-FF-FF-FF-FF-FF-FF-02-01-00-00-08-04-00-00-09-04-00-00-0A-04-00-00-0B-04-00-00-FF-FF-FF-FF-FF-FF-FF-FF-03-01-00-00-0C-04-00-00-0D-04-00-00-0E-04-00-00-0F-04-00-00-FF-FF-FF-FF-FF-FF-FF-FF-04-01-00-00-10-04-00-00-11-04-00-00-12-04-00-00-13-04-00-00-FF-FF-FF-FF-FF-FF-FF-FF-05-01-00-00-14-04-00-00-15-04-00-00-16-04-00-00-17-04-00-00-FF-FF-FF-FF-FF-FF-FF-FF-06-01-00-00-18-04-00-00-19-04-00-00-1A-04-00-00-1B-04-00-00-FF-FF-FF-FF-FF-FF-FF-FF-07-01-00-00-1C-04-00-00-1D-04-00-00-1E-04-00-00-1F-04-00-00-FF-FF-FF-FF-FF-FF-FF-FF-08-01-00-00-20-04-00-00-21-04-00-00-22-04-00-00-23-04-00-00-FF-FF-FF-FF-FF-FF-FF-FF-09-01-00-00-24-04-00-00-25-04-00-00-26-04-00-00-27-04-00-00-FF-FF-FF-FF-FF-FF-FF-FF-0A-01-00-00-28-04-00-00-29-04-00-00-2A-04-00-00-2B-04-00-00-FF-FF-FF-FF-FF-FF-FF-FF-0B-01-00-00-2C-04-00-00-2D-04-00-00-2E-04-00-00-2F-04-00-00-FF-FF-FF-FF-FF-FF-FF-FF-0C-01-00-00-30-04-00-00-31-04-00-00-32-04-00-00-33-04-00-00-FF-FF-FF-FF-FF-FF-FF-FF-0D-01-00-00-34-04-00-00-35-04-00-00-36-04-00-00-37-04-00-00-FF-FF-FF-FF-FF-FF-FF-FF-0E-01-00-00-38-04-00-00-39-04-00-00-3A-04-00-00-3B-04-00-00-FF-FF-FF-FF-FF-FF-FF-FF-0F-01-00-00-3C-04-00-00-3D-04-00-00-3E-04-00-00-3F-04-00-00-FF-FF-FF-FF-FF-FF-FF-FF-00-00-00-00-00-00-00-00-00-00-00-00-00-00-00-00-00-00-00-00-00-00-00-00-00-00-00-00-00-00-00-00-00-00-00-00-00-00-00-00-00-00-00-00-00-00-00-00-00-00-00-00-00-00-00-00-00-00-00-00-00-00-00-00-00-00-00-00-00-00-00-00-00-00-00-00-00-00-00-00-00-00-00-00-00-00-00-00-00-00-00-00-00-00-00-00-00-00-00-00-00-00-00-00-00-00-00-00-00-00-00-00-00-00-00-00-00-00-00-00-00-00-00-00-00-00-00-00-00-00-00-00-00-00-00-00-00-00-00-00-00-00-00-00-00-00-00-00-00-00-00-00-00-00-00-00-00-00-00-00-00-00-00-00-00-00-00-00-00-00-00-00-00-00-00-00-00-00-00-00-00-00-00-00-00-00-00-00-00-00-00-00-00-00-00-00-00-00-00-00-00-00-00-00-00-00-00-00-00-00-00-00-00-00-00-00-00-00-00-00-00-00-00-00-00-00-00-00-00-00-00-00-00-00-00-00-00-00-00-00-00-00-00-00-00-00-00-00-00-00-00-00-00-00-00-00-00-00-00-00-00-00-00-00-00-00-00-00-00-00-00-00-00-00-00-00-00-00-00-00-00-00-00-00-00-00-00-00-00-00-00-00-00-00-00-00-00-00-00-00-00-00-00-00-00-00-00-00-00-00-00-00-00-00-00-00-00-00-00-00-00-00-00-00-00-00-00-00-00-00-00-00-00-00-00-00-00-00-00-00-00-00-00-00-00-00-00-00-00-00-00-00-00-00-00-00-00-00-00-00-00-00-00-00-00-00-00-00-00-00-00-00-00-00-00-00-00-00-00-00-00-00-00-00-00-00-00-00-00-00-00-00-00-00-00-00-00-00-00-00-00-00-00-00-00-00-00-00-00-00-00-00-00-00-00-00-00-00-00-00-00-00-00-00-00-00-00-00-00-00-00-00-00-00-00-00-00-00-00-00-00-00-00-00-00-00-00-00-00-00-00-70-75-D5-02-80-FA-FF-FF-10-70-D5-02-80-FA-FF-FF-00-00-00-00-00-00-00-80-00-00-00-00-01-00-00-00-C0-06-00-00-57-68-65-61-03-00-00-00-00-00-00-00-40-F9-C0-02-80-FA-FF-FF-00-00-00-00-00-00-00-00-03-00-00-00-C0-01-00-00-00-00-00-00-00-00-00-00-00-00-00-00-00-00-00-00-00-CC-03-00-00-0A-00-00-00-03-00-00-00-02-00-00-00-00-01-00-00-01-00-00-00-03-00-00-00-02-00-00-00-00-00-00-80-00-00-00-00-02-00-01-00-00-00-00-00-00-00-00-00-00-00-00-00-00-00-00-00-00-00-00-00-00-00-00-00-00-00-00-00-00-00-00-00-00-00-00-00-00-00-00-00-00-00-00-00-00-00-00-00-00-00-00-00-00-00-00-00-00-00-00-00-00-00-00-00-00-00-00-00-00-00-00-00-00-00-00-00-00-00-00-00-00-00-00-00-00-00-00-00-00-00-00-00-00-00-00-00-00-00-00-00-00-00-00-00-00-00-00-00-00-00-00-00-00-00-00-00-00-00-00-00-00-00-00-00-00-00-00-00-00-00-00-00-00-00-00-00-00-00-00-00-00-00-00-00-00-00-00-00-00-00-00-00-00-00-00-00-00-00-00-00-00-00-00-00-00-00-00-00-00-00-00-00-00-00-00-00-00-00-00-00-00-00-00-00-00-00-00-00-00-00-00-00-00-00-00-00-00-00-00-00-00-00-00-00-00-00-00-00-00-00-00-00-00-00-00-00-00-00-00-00-00-00-00-00-00-00-00-00-00-00-00-00-00-00-00-00-00-00-00-00-00-00-00-00-00-00-00-00-00-00-00-00-00-00-00-00-00-00-00-00-00-00-00-00-00-00-00-00-00-00-00-00-00-00-00-00-00-00-00-00-00-00-00-00-00-00-00-00-00-00-00-00-00-00-00-00-00-00-00-00-00-00-00-00-00-00-00-00-00-00-00-00-00-00-00-00-00-00-00-00-00-00-00-00-00-00-00-00-00-00-00-00-00-00-00-00-00-00-00-00-00-00-00-00-00-00-00-00-00-00-00-00-00-00-00-00-00-00-00-00-00-00-00-00-00-00-00-00-00-00-00-00-00-00-00-00-00-00-00-00-00-00-00-00-00-00-00-00-00-00-00-00-00-00-00-00-00-00-00-00-00-00-00-00-00-00-00-00-00-00-00-00-00-00-00-00-00-00-00-00-00-00-00-00-00-00-00-00-00-00-00-00-00-00-00-00-00-00-00-00-00-00-00-00-00-00-00-00-00-00-00-00-00-00-00-00-00-00-00-00-00-00-00-00-00-00-00-00-00-00-00-00-00-00-00-00-00-00-00-00-00-00-00-00-00-00-00-00-00-00-00-00-00-00-00-00-00-00-00-00-00-00-00-00-00-00-00-00-00-00-00-00-00-00-00-00-00-00-00-00-00-00-00-00-00-00-00-00-00-00-00-00-00-00-00-00-00-00-00-00-00-00-00-00-00-00-00-00-00-00-00-00-00-00-00-00-00-00-00-00-00-00-00-00-00-00-00-00-00-00-00-00-00-00-00-00-00-00-00-00-00-00-00-00-00-00-00-00-00-00-00-00-00-00-00-00-00-00-00-00-00-00-00-00-00-00-00-00-00-00-00-00-00-00-00-00-00-00-00-00-00-00-00-00-00-00-00-00-00-00-00-00-00-00-00-00-00-00-00-00-00-00-00-00-00-00-00-00-00-00-00-00-00-00-00-00-00-00-00-00-00-00-00-00-00-00-00-00-00-00-00-00-00-00-00-00-00-00-00-00-00-00-00-00-00-00-00-00-00-00-00-00-00-00-00-00-00-00-00-00-00-00-00-00-00-00-00-00-00-00-00-00-00-00-00-00-00-00-00-00-00-00-00-00-00-00-00-00-00-00-00-00-00-00-00-00-00-00-00-00-00-00-00-00-00-00-00-00-00-00-00-00-00-00-00-00-00-00-00-00-00-00-00-00-00-00-00-00-00-00-00-00-00-00-00-00-00-00-00-00-00-00-00-00-00-00-00-00-00-00-00-00-00-00-00-00-00-00-00-00-00-00-00-00-00-00-00-00-00-00-00-00-00-00-00-00-00-00-00-00-00-00-00-00-00-00-00-00-00-00-00-00-00-00-00-00-00-00-00-00-00-00-00-00-00-00-00-00-00-00-00-00-00-00-00-00-00-00-00-00-00-00-00-00-00-00-00-00-00-00-00-00-00-00-00-00-00-00-00-00-00-00-00-00-00-00-00-00-00-00-00-00-00-00-00-00-00-00-00-00-00-00-00-00-00-00-00-00-00-00-00-00-00-00-00-00-00-00-00-00-00-00-00-00-00-00-00-00-00-00-00-A8-CB-A1-02-00-F8-FF-FF-B0-79-D5-02-80-FA-FF-FF-00-00-00-00-00-00-00-00-00-00-00-00-00-00-00-00-00-00-00-00-00-00-00-00-07-00-00-00-00-00-00-00-00-00-00-00-00-00-00-00-00-00-00-00-00-00-00-00-00-00-00-00-00-00-00-00-00-00-00-00-00-00-00-00-00-00-00-00-00-00-00-00-01-CC-03-00-00-0A-00-00-00-07-00-00-00-02-00-00-00-00-04-00-00-01-00-00-00-01-00-00-00-03-00-00-00-00-00-00-80-00-00-00-00-00-00-00-00-00-00-00-00-00-00-00-00-00-00-00-00-00-00-00-00-00-00-00-00-00-00-00-00-00-00-00-00-00-00-00-00-00-00-00-00-00-00-00-00-00-00-00-00-00-00-00-00-00-00-00-00-00-00-00-00-00-00-00-00-00-00-00-00-00-00-00-00-00-00-00-00-00-00-00-00-00-00-00-00-00-00-00-00-00-00-00-00-00-00-00-00-00-00-00-00-00-00-00-00-00-00-00-00-00-00-00-00-00-00-00-00-00-00-00-00-00-00-00-00-00-00-00-00-00-00-00-00-00-00-00-00-00-00-00-00-00-00-00-00-00-00-00-00-00-00-00-00-00-00-00-00-00-00-00-00-00-00-00-00-00-00-00-00-00-00-00-00-00-00-00-00-00-00-00-00-00-00-00-00-00-00-00-00-00-00-00-00-00-00-00-00-00-00-00-00-00-00-00-00-00-00-00-00-00-00-00-00-00-00-00-00-00-00-00-00-00-00-00-00-00-00-00-00-00-00-00-00-00-00-00-00-00-00-00-00-00-00-00-00-00-00-00-00-00-00-00-00-00-00-00-00-00-00-00-00-00-00-00-00-00-00-00-00-00-00-00-00-00-00-00-00-00-00-00-00-00-00-00-00-00-00-00-00-00-00-00-00-00-00-00-00-00-00-00-00-00-00-00-00-00-00-00-00-00-00-00-00-00-00-00-00-00-00-00-00-00-00-00-00-00-00-00-00-00-00-00-00-00-00-00-00-00-00-00-00-00-00-00-00-00-00-00-00-00-00-00-00-00-00-00-00-00-00-00-00-00-00-00-00-00-00-00-00-00-00-00-00-00-00-00-00-00-00-00-00-00-00-00-00-00-00-00-00-00-00-00-00-00-00-00-00-00-00-00-00-00-00-00-00-00-00-00-00-00-00-00-00-00-00-00-00-00-00-00-00-00-00-00-00-00-00-00-00-00-00-00-00-00-00-00-00-00-00-00-00-00-00-00-00-00-00-00-00-00-00-00-00-00-00-00-00-00-00-00-00-00-00-00-00-00-00-00-00-00-00-00-00-00-00-00-00-00-00-00-00-00-00-00-00-00-00-00-00-00-00-00-00-00-00-00-00-00-00-00-00-00-00-00-00-00-00-00-00-00-00-00-00-00-00-00-00-00-00-00-00-00-00-00-00-00-00-00-00-00-00-00-00-00-00-00-00-00-00-00-00-00-00-00-00-00-00-00-00-00-00-00-00-00-00-00-00-00-00-00-00-00-00-00-00-00-00-00-00-00-00-00-00-00-00-00-00-00-00-00-00-00-00-00-00-00-00-00-00-00-00-00-00-00-00-00-00-00-00-00-00-00-00-00-00-00-00-00-00-00-00-00-00-00-00-00-00-00-00-00-00-00-00-00-00-00-00-00-00-00-00-00-00-00-00-00-00-00-00-00-00-00-00-00-00-00-00-00-00-00-00-00-00-00-00-00-00-00-00-00-00-00-00-00-00-00-00-00-00-00-00-00-00-00-00-00-00-00-00-00-00-00-00-00-00-00-00-00-00-00-00-00-00-00-00-00-00-00-00-00-00-00-00-00-00-00-00-00-00-00-00-00-00-00-00-00-00-00-00-00-00-00-00-00-00-00-00-00-00-00-00-00-00-00-00-00-00-00-00-00-00-00-00-00-00-00-00-00-00-00-00-00-00-00-00-00-00-00-00-00-00-00-00-00-00-00-00-00-00-00-00-00-00-00-00-00-00-00-00-00-00-00-00-00-00-00-00-00-00-00-00-00-00-00-00-00-00-00-00-00-00-00-00-00-00-00-00-00-00-00-00-00-00-00-00-00-00-00-00-00-00-00-00-00-00-00-00-00-00-00-00-00-00-00-00-00-00-00-00-00-00-00-00-00-00-00-00-00-00-00-00-00-00-00-00-00-00-00-00-00-00-00-00-00-00-00-00-00-00-00-00-00-00-00-00-00-00-00-00-00-00-00-00-00-00-00-00-00-00-00-00-00-00-00-00-00-00-00-00-00-00-00-00-00-00-00-00-00-00-00-00-00-00-00-00-00-00-00-00-00-00-00-00-00-00-00-00-00-00-00-00-00-00-00-00-00""}]}}"
1,1,2025-02-04 19:09:47.8569569,1002,Warning,Microsoft-Windows-KnownFolders,Microsoft-Windows-Known Folders API Service,1668,1680,37L4247F27-25,0,S-1-5-18,,,,,,,,,,,False,example_files\original\C\Windows\System32\winevt\logs\Microsoft-Windows-Known Folders API Service.evtx,Classic,0,"{""EventData"":{""Data"":[{""@Name"":""hrError"",""#text"":""0x80070002""},{""@Name"":""FolderId"",""#text"":""fdd39ad0-238f-46af-adb4-6c85480369c7""},{""@Name"":""Path"",""#text"":""C:\\Windows\\system32\\config\\systemprofile\\Documents""}]}}"
2,2,2025-02-04 19:09:52.5837652,1002,Warning,Microsoft-Windows-KnownFolders,Microsoft-Windows-Known Folders API Service,1604,1060,37L4247F27-25,0,S-1-5-18,,,,,,,,,,,False,example_files\original\C\Windows\System32\winevt\logs\Microsoft-Windows-Known Folders API Service.evtx,Classic,0,"{""EventData"":{""Data"":[{""@Name"":""hrError"",""#text"":""0x80070002""},{""@Name"":""FolderId"",""#text"":""fdd39ad0-238f-46af-adb4-6c85480369c7""},{""@Name"":""Path"",""#text"":""C:\\Windows\\system32\\config\\systemprofile\\Documents""}]}}"
3,3,2025-02-04 19:09:55.8597710,1002,Warning,Microsoft-Windows-KnownFolders,Microsoft-Windows-Known Folders API Service,1616,1884,37L4247F27-25,0,S-1-5-18,,,,,,,,,,,False,example_files\original\C\Windows\System32\winevt\logs\Microsoft-Windows-Known Folders API Service.evtx,Classic,0,"{""EventData"":{""Data"":[{""@Name"":""hrError"",""#text"":""0x80070002""},{""@Name"":""FolderId"",""#text"":""fdd39ad0-238f-46af-adb4-6c85480369c7""},{""@Name"":""Path"",""#text"":""C:\\Windows\\system32\\config\\systemprofile\\Documents""}]}}"
4,4,2025-02-04 03:11:03.4562236,1002,Warning,Microsoft-Windows-KnownFolders,Microsoft-Windows-Known Folders API Service,836,1824,WIN-TFHMB3RRSQV,0,S-1-5-21-2927126382-3537124110-2073285158-1000,,,,,,,,,,,False,example_files\original\C\Windows\System32\winevt\logs\Microsoft-Windows-Known Folders API Service.evtx,Classic,0,"{""EventData"":{""Data"":[{""@Name"":""hrError"",""#text"":""0x80070003""},{""@Name"":""FolderId"",""#text"":""7b0db17d-9cd2-4a93-9733-46cc89022e7c""},{""@Name"":""Path"",""#text"":""C:\\Users\\student\\AppData\\Roaming\\Microsoft\\Windows\\Libraries\\Documents.library-ms""}]}}"
5,5,2025-02-04 03:14:02.7189404,1002,Warning,Microsoft-Windows-KnownFolders,Microsoft-Windows-Known Folders API Service,1780,2004,WIN-TFHMB3RRSQV,0,S-1-5-18,,,,,,,,,,,False,example_files\original\C\Windows\System32\winevt\logs\Microsoft-Windows-Known Folders API Service.evtx,Classic,0,"{""EventData"":{""Data"":[{""@Name"":""hrError"",""#text"":""0x80070002""},{""@Name"":""FolderId"",""#text"":""1777f761-68ad-4d8a-87bd-30b759fa33dd""},{""@Name"":""Path"",""#text"":""C:\\Windows\\system32\\config\\systemprofile\\Favorites""}]}}"
6,6,2025-02-04 03:14:02.7189404,1002,Warning,Microsoft-Windows-KnownFolders,Microsoft-Windows-Known Folders API Service,1780,2004,WIN-TFHMB3RRSQV,0,S-1-5-18,,,,,,,,,,,False,example_files\original\C\Windows\System32\winevt\logs\Microsoft-Windows-Known Folders API Service.evtx,Classic,0,"{""EventData"":{""Data"":[{""@Name"":""hrError"",""#text"":""0x80070002""},{""@Name"":""FolderId"",""#text"":""625b53c3-ab48-4ec1-ba1f-a1ef4146fc19""},{""@Name"":""Path"",""#text"":""C:\\Windows\\system32\\config\\systemprofile\\AppData\\Roaming\\Microsoft\\Windows\\Start Menu""}]}}"
7,7,2025-02-04 03:14:02.7189404,1002,Warning,Microsoft-Windows-KnownFolders,Microsoft-Windows-Known Folders API Service,1780,2004,WIN-TFHMB3RRSQV,0,S-1-5-18,,,,,,,,,,,False,example_files\original\C\Windows\System32\winevt\logs\Microsoft-Windows-Known Folders API Service.evtx,Classic,0,"{""EventData"":{""Data"":[{""@Name"":""hrError"",""#text"":""0x80070002""},{""@Name"":""FolderId"",""#text"":""fdd39ad0-238f-46af-adb4-6c85480369c7""},{""@Name"":""Path"",""#text"":""C:\\Windows\\system32\\config\\systemprofile\\Documents""}]}}"
8,8,2025-02-04 03:14:02.7189404,1002,Warning,Microsoft-Windows-KnownFolders,Microsoft-Windows-Known Folders API Service,1780,2004,WIN-TFHMB3RRSQV,0,S-1-5-18,,,,,,,,,,,False,example_files\original\C\Windows\System32\winevt\logs\Microsoft-Windows-Known Folders API Service.evtx,Classic,0,"{""EventData"":{""Data"":[{""@Name"":""hrError"",""#text"":""0x80070002""},{""@Name"":""FolderId"",""#text"":""b4bfcc3a-db2c-424c-b029-7fe99a87c641""},{""@Name"":""Path"",""#text"":""C:\\Windows\\system32\\config\\systemprofile\\Desktop""}]}}"
9,9,2025-02-04 03:14:10.5189541,1002,Warning,Microsoft-Windows-KnownFolders,Microsoft-Windows-Known Folders API Service,2008,2032,WIN-TFHMB3RRSQV,0,S-1-5-18,,,,,,,,,,,False,example_files\original\C\Windows\System32\winevt\logs\Microsoft-Windows-Known Folders API Service.evtx,Classic,0,"{""EventData"":{""Data"":[{""@Name"":""hrError"",""#text"":""0x80070002""},{""@Name"":""FolderId"",""#text"":""b4bfcc3a-db2c-424c-b029-7fe99a87c641""},{""@Name"":""Path"",""#text"":""C:\\Windows\\system32\\config\\systemprofile\\Desktop""}]}}"
10,10,2025-02-04 03:14:11.7660014,1002,Warning,Microsoft-Windows-KnownFolders,Microsoft-Windows-Known Folders API Service,2008,2032,WIN-TFHMB3RRSQV,0,S-1-5-18,,,,,,,,,,,False,example_files\original\C\Windows\System32\winevt\logs\Microsoft-Windows-Known Folders API Service.evtx,Classic,0,"{""EventData"":{""Data"":[{""@Name"":""hrError"",""#text"":""0x80070002""},{""@Name"":""FolderId"",""#text"":""ae50c081-ebd2-438a-8655-8a092e34987a""},{""@Name"":""Path"",""#text"":""C:\\Windows\\system32\\config\\systemprofile\\AppData\\Roaming\\Microsoft\\Windows\\Recent""}]}}"
11,11,2025-02-04 03:15:31.5773415,1002,Warning,Microsoft-Windows-KnownFolders,Microsoft-Windows-Known Folders API Service,916,1540,WIN-TFHMB3RRSQV,0,S-1-5-18,,,,,,,,,,,False,example_files\original\C\Windows\System32\winevt\logs\Microsoft-Windows-Known Folders API Service.evtx,Classic,0,"{""EventData"":{""Data"":[{""@Name"":""hrError"",""#text"":""0x80070002""},{""@Name"":""FolderId"",""#text"":""fdd39ad0-238f-46af-adb4-6c85480369c7""},{""@Name"":""Path"",""#text"":""C:\\Windows\\system32\\config\\systemprofile\\Documents""}]}}"
12,12,2025-02-04 03:19:19.4793194,1002,Warning,Microsoft-Windows-KnownFolders,Microsoft-Windows-Known Folders API Service,1748,1540,WIN-TFHMB3RRSQV,0,S-1-5-18,,,,,,,,,,,False,example_files\original\C\Windows\System32\winevt\logs\Microsoft-Windows-Known Folders API Service.evtx,Classic,0,"{""EventData"":{""Data"":[{""@Name"":""hrError"",""#text"":""0x80070002""},{""@Name"":""FolderId"",""#text"":""1777f761-68ad-4d8a-87bd-30b759fa33dd""},{""@Name"":""Path"",""#text"":""C:\\Windows\\system32\\config\\systemprofile\\Favorites""}]}}"
13,13,2025-02-04 03:19:19.4793194,1002,Warning,Microsoft-Windows-KnownFolders,Microsoft-Windows-Known Folders API Service,1748,1540,WIN-TFHMB3RRSQV,0,S-1-5-18,,,,,,,,,,,False,example_files\original\C\Windows\System32\winevt\logs\Microsoft-Windows-Known Folders API Service.evtx,Classic,0,"{""EventData"":{""Data"":[{""@Name"":""hrError"",""#text"":""0x80070002""},{""@Name"":""FolderId"",""#text"":""625b53c3-ab48-4ec1-ba1f-a1ef4146fc19""},{""@Name"":""Path"",""#text"":""C:\\Windows\\system32\\config\\systemprofile\\AppData\\Roaming\\Microsoft\\Windows\\Start Menu""}]}}"
14,14,2025-02-04 03:19:19.4793194,1002,Warning,Microsoft-Windows-KnownFolders,Microsoft-Windows-Known Folders API Service,1748,1540,WIN-TFHMB3RRSQV,0,S-1-5-18,,,,,,,,,,,False,example_files\original\C\Windows\System32\winevt\logs\Microsoft-Windows-Known Folders API Service.evtx,Classic,0,"{""EventData"":{""Data"":[{""@Name"":""hrError"",""#text"":""0x80070002""},{""@Name"":""FolderId"",""#text"":""fdd39ad0-238f-46af-adb4-6c85480369c7""},{""@Name"":""Path"",""#text"":""C:\\Windows\\system32\\config\\systemprofile\\Documents""}]}}"
15,15,2025-02-04 03:19:19.4793194,1002,Warning,Microsoft-Windows-KnownFolders,Microsoft-Windows-Known Folders API Service,1748,1540,WIN-TFHMB3RRSQV,0,S-1-5-18,,,,,,,,,,,False,example_files\original\C\Windows\System32\winevt\logs\Microsoft-Windows-Known Folders API Service.evtx,Classic,0,"{""EventData"":{""Data"":[{""@Name"":""hrError"",""#text"":""0x80070002""},{""@Name"":""FolderId"",""#text"":""b4bfcc3a-db2c-424c-b029-7fe99a87c641""},{""@Name"":""Path"",""#text"":""C:\\Windows\\system32\\config\\systemprofile\\Desktop""}]}}"
16,16,2025-02-04 03:36:29.2957342,1002,Warning,Microsoft-Windows-KnownFolders,Microsoft-Windows-Known Folders API Service,1112,1896,WIN-TFHMB3RRSQV,0,S-1-5-18,,,,,,,,,,,False,example_files\original\C\Windows\System32\winevt\logs\Microsoft-Windows-Known Folders API Service.evtx,Classic,0,"{""EventData"":{""Data"":[{""@Name"":""hrError"",""#text"":""0x80070002""},{""@Name"":""FolderId"",""#text"":""fdd39ad0-238f-46af-adb4-6c85480369c7""},{""@Name"":""Path"",""#text"":""C:\\Windows\\system32\\config\\systemprofile\\Documents""}]}}"
1,1,2025-02-04 03:11:00.1490178,3000,Info,Microsoft-Windows-MUI,Microsoft-Windows-MUI/Operational,872,876,WIN-TFHMB3RRSQV,0,S-1-5-18,,,,,,,,,,,False,example_files\original\C\Windows\System32\winevt\logs\Microsoft-Windows-MUI%4Operational.evtx,Classic,0,"{""EventData"":{""Data"":[{""@Name"":""Flags"",""#text"":""264""},{""@Name"":""NewLanguage"",""#text"":""(null)""},{""@Name"":""PrevLanguage"",""#text"":""(null)""},{""@Name"":""ExtendedFlag"",""#text"":""0""}]}}"
2,2,2025-02-04 03:11:00.1802179,3002,Info,Microsoft-Windows-MUI,Microsoft-Windows-MUI/Operational,872,876,WIN-TFHMB3RRSQV,0,S-1-5-18,,,,,,,,,,,False,example_files\original\C\Windows\System32\winevt\logs\Microsoft-Windows-MUI%4Operational.evtx,Classic,0,"{""EventData"":{""Data"":[{""@Name"":""FileName"",""#text"":""c:\\windows\\system32\\muifontsetup.dll""},{""@Name"":""FunctionName"",""#text"":""OnMachineUILanguageInit""},{""@Name"":""ReturnValue"",""#text"":""0""}]}}"
3,3,2025-02-04 03:11:00.1958179,3002,Info,Microsoft-Windows-MUI,Microsoft-Windows-MUI/Operational,872,876,WIN-TFHMB3RRSQV,0,S-1-5-18,,,,,,,,,,,False,example_files\original\C\Windows\System32\winevt\logs\Microsoft-Windows-MUI%4Operational.evtx,Classic,0,"{""EventData"":{""Data"":[{""@Name"":""FileName"",""#text"":""c:\\windows\\system32\\nci.dll""},{""@Name"":""FunctionName"",""#text"":""OnMachineUILanguageInit""},{""@Name"":""ReturnValue"",""#text"":""0""}]}}"
4,4,2025-02-04 03:11:00.2270180,3002,Info,Microsoft-Windows-MUI,Microsoft-Windows-MUI/Operational,872,876,WIN-TFHMB3RRSQV,0,S-1-5-18,,,,,,,,,,,False,example_files\original\C\Windows\System32\winevt\logs\Microsoft-Windows-MUI%4Operational.evtx,Classic,0,"{""EventData"":{""Data"":[{""@Name"":""FileName"",""#text"":""c:\\windows\\system32\\samlib.dll""},{""@Name"":""FunctionName"",""#text"":""OnMachineUILanguageInit""},{""@Name"":""ReturnValue"",""#text"":""0""}]}}"
5,5,2025-02-04 03:11:00.2270180,3000,Info,Microsoft-Windows-MUI,Microsoft-Windows-MUI/Operational,872,876,WIN-TFHMB3RRSQV,0,S-1-5-18,,,,,,,,,,,False,example_files\original\C\Windows\System32\winevt\logs\Microsoft-Windows-MUI%4Operational.evtx,Classic,0,"{""EventData"":{""Data"":[{""@Name"":""Flags"",""#text"":""1""},{""@Name"":""NewLanguage"",""#text"":""en-US""},{""@Name"":""PrevLanguage"",""#text"":""en-US""},{""@Name"":""ExtendedFlag"",""#text"":""0""}]}}"
6,6,2025-02-04 03:11:00.2582180,3002,Info,Microsoft-Windows-MUI,Microsoft-Windows-MUI/Operational,872,876,WIN-TFHMB3RRSQV,0,S-1-5-18,,,,,,,,,,,False,example_files\original\C\Windows\System32\winevt\logs\Microsoft-Windows-MUI%4Operational.evtx,Classic,0,"{""EventData"":{""Data"":[{""@Name"":""FileName"",""#text"":""c:\\windows\\system32\\setbcdlocale.dll""},{""@Name"":""FunctionName"",""#text"":""OnMachineUILanguageSwitch""},{""@Name"":""ReturnValue"",""#text"":""0""}]}}"
7,7,2025-02-04 03:11:00.2738180,3002,Info,Microsoft-Windows-MUI,Microsoft-Windows-MUI/Operational,872,876,WIN-TFHMB3RRSQV,0,S-1-5-18,,,,,,,,,,,False,example_files\original\C\Windows\System32\winevt\logs\Microsoft-Windows-MUI%4Operational.evtx,Classic,0,"{""EventData"":{""Data"":[{""@Name"":""FileName"",""#text"":""c:\\windows\\system32\\muifontsetup.dll""},{""@Name"":""FunctionName"",""#text"":""OnMachineUILanguageSwitch""},{""@Name"":""ReturnValue"",""#text"":""512""}]}}"
8,8,2025-02-04 03:11:00.3050181,3002,Info,Microsoft-Windows-MUI,Microsoft-Windows-MUI/Operational,872,876,WIN-TFHMB3RRSQV,0,S-1-5-18,,,,,,,,,,,False,example_files\original\C\Windows\System32\winevt\logs\Microsoft-Windows-MUI%4Operational.evtx,Classic,0,"{""EventData"":{""Data"":[{""@Name"":""FileName"",""#text"":""c:\\windows\\system32\\muilanguagecleanup.dll""},{""@Name"":""FunctionName"",""#text"":""OnMachineUILanguageSwitch""},{""@Name"":""ReturnValue"",""#text"":""0""}]}}"
9,9,2025-02-04 03:11:00.3050181,3003,Info,Microsoft-Windows-MUI,Microsoft-Windows-MUI/Operational,1724,1728,WIN-TFHMB3RRSQV,0,S-1-5-18,,,,,,,,,,,False,example_files\original\C\Windows\System32\winevt\logs\Microsoft-Windows-MUI%4Operational.evtx,Classic,0,"{""EventData"":{""Data"":{""@Name"":""Parameter"",""#text"":""-m en-US ""}}}"
10,10,2025-02-04 03:11:00.3518182,3002,Info,Microsoft-Windows-MUI,Microsoft-Windows-MUI/Operational,872,876,WIN-TFHMB3RRSQV,0,S-1-5-18,,,,,,,,,,,False,example_files\original\C\Windows\System32\winevt\logs\Microsoft-Windows-MUI%4Operational.evtx,Classic,0,"{""EventData"":{""Data"":[{""@Name"":""FileName"",""#text"":""c:\\windows\\system32\\timedatemuicallback.dll""},{""@Name"":""FunctionName"",""#text"":""OnMachineUILanguageSwitch""},{""@Name"":""ReturnValue"",""#text"":""0""}]}}"
11,11,2025-02-04 03:11:00.3518182,3002,Info,Microsoft-Windows-MUI,Microsoft-Windows-MUI/Operational,872,876,WIN-TFHMB3RRSQV,0,S-1-5-18,,,,,,,,,,,False,example_files\original\C\Windows\System32\winevt\logs\Microsoft-Windows-MUI%4Operational.evtx,Classic,0,"{""EventData"":{""Data"":[{""@Name"":""FileName"",""#text"":""c:\\windows\\system32\\nci.dll""},{""@Name"":""FunctionName"",""#text"":""OnMachineUILanguageSwitch""},{""@Name"":""ReturnValue"",""#text"":""0""}]}}"
12,12,2025-02-04 03:11:01.5842204,3007,Info,Microsoft-Windows-MUI,Microsoft-Windows-MUI/Operational,1724,1728,WIN-TFHMB3RRSQV,0,S-1-5-18,,,,,,,,,,,False,example_files\original\C\Windows\System32\winevt\logs\Microsoft-Windows-MUI%4Operational.evtx,Classic,0,"{""EventData"":{""Data"":[{""@Name"":""NewCacheIndex"",""#text"":""2""},{""@Name"":""LiveCacheIndex"",""#text"":""2""},{""@Name"":""Config"",""#text"":""3""}]}}"
1,1,2025-02-04 19:09:49.2609594,4001,Info,Microsoft-Windows-NetworkProfile,Microsoft-Windows-NetworkProfile/Operational,988,436,37L4247F27-25,0,S-1-5-19,,,,,,,,,,,False,example_files\original\C\Windows\System32\winevt\logs\Microsoft-Windows-NetworkProfile%4Operational.evtx,0x4000200000000000,0,"{""EventData"":{""Data"":[{""@Name"":""InterfaceGuid"",""#text"":""ac4c6af4-a6c1-47f3-8a31-d969469ae0cb""},{""@Name"":""CurrentOrNextState"",""#text"":""0""}]}}"
2,2,2025-02-04 19:09:49.2609594,10000,Info,Microsoft-Windows-NetworkProfile,Microsoft-Windows-NetworkProfile/Operational,988,1432,37L4247F27-25,0,S-1-5-19,Connect to the Internet,,,Identifying...,,,,,,,False,example_files\original\C\Windows\System32\winevt\logs\Microsoft-Windows-NetworkProfile%4Operational.evtx,0x4000200000000000,0,"{""EventData"":{""Data"":[{""@Name"":""Name"",""#text"":""Identifying...""},{""@Name"":""Description"",""#text"":""Identifying...""},{""@Name"":""Guid"",""#text"":""202eafae-12a4-4541-ab40-389ba86cbeb1""},{""@Name"":""Type"",""#text"":""0""},{""@Name"":""State"",""#text"":""1""},{""@Name"":""Category"",""#text"":""0""}]}}"
3,3,2025-02-04 19:09:50.8053621,4002,Info,Microsoft-Windows-NetworkProfile,Microsoft-Windows-NetworkProfile/Operational,988,1008,37L4247F27-25,0,S-1-5-19,,,,,,,,,,,False,example_files\original\C\Windows\System32\winevt\logs\Microsoft-Windows-NetworkProfile%4Operational.evtx,0x4001200000000000,0,"{""EventData"":{""Data"":[{""@Name"":""InterfaceGuid"",""#text"":""ac4c6af4-a6c1-47f3-8a31-d969469ae0cb""},{""@Name"":""CurrentOrNextState"",""#text"":""1""}]}}"
4,4,2025-02-04 19:09:50.8053621,10000,Info,Microsoft-Windows-NetworkProfile,Microsoft-Windows-NetworkProfile/Operational,988,1432,37L4247F27-25,0,S-1-5-19,Connect to the Internet,,,Network,,,,,,,False,example_files\original\C\Windows\System32\winevt\logs\Microsoft-Windows-NetworkProfile%4Operational.evtx,0x4000200000000000,0,"{""EventData"":{""Data"":[{""@Name"":""Name"",""#text"":""Network""},{""@Name"":""Description"",""#text"":""Network""},{""@Name"":""Guid"",""#text"":""ee9d1785-a655-4d73-a7c6-a9da5a6322fa""},{""@Name"":""Type"",""#text"":""0""},{""@Name"":""State"",""#text"":""9""},{""@Name"":""Category"",""#text"":""0""}]}}"
5,5,2025-02-04 19:10:28.7446288,4001,Info,Microsoft-Windows-NetworkProfile,Microsoft-Windows-NetworkProfile/Operational,988,1684,WIN-TFHMB3RRSQV,0,S-1-5-19,,,,,,,,,,,False,example_files\original\C\Windows\System32\winevt\logs\Microsoft-Windows-NetworkProfile%4Operational.evtx,0x4000200000000000,0,"{""EventData"":{""Data"":[{""@Name"":""InterfaceGuid"",""#text"":""ac4c6af4-a6c1-47f3-8a31-d969469ae0cb""},{""@Name"":""CurrentOrNextState"",""#text"":""0""}]}}"
6,6,2025-02-04 19:10:28.7758288,10000,Info,Microsoft-Windows-NetworkProfile,Microsoft-Windows-NetworkProfile/Operational,988,1432,WIN-TFHMB3RRSQV,0,S-1-5-19,Connect to the Internet,,,Identifying...,,,,,,,False,example_files\original\C\Windows\System32\winevt\logs\Microsoft-Windows-NetworkProfile%4Operational.evtx,0x4000200000000000,0,"{""EventData"":{""Data"":[{""@Name"":""Name"",""#text"":""Identifying...""},{""@Name"":""Description"",""#text"":""Identifying...""},{""@Name"":""Guid"",""#text"":""202eafae-12a4-4541-ab40-389ba86cbeb1""},{""@Name"":""Type"",""#text"":""0""},{""@Name"":""State"",""#text"":""9""},{""@Name"":""Category"",""#text"":""0""}]}}"
7,7,2025-02-04 19:10:28.7914288,10001,Info,Microsoft-Windows-NetworkProfile,Microsoft-Windows-NetworkProfile/Operational,988,1432,WIN-TFHMB3RRSQV,0,S-1-5-19,Disconnect from the Internet,,,Network,,,,,,,False,example_files\original\C\Windows\System32\winevt\logs\Microsoft-Windows-NetworkProfile%4Operational.evtx,0x4000200000000000,0,"{""EventData"":{""Data"":[{""@Name"":""Name"",""#text"":""Network""},{""@Name"":""Description"",""#text"":""Network""},{""@Name"":""Guid"",""#text"":""ee9d1785-a655-4d73-a7c6-a9da5a6322fa""},{""@Name"":""Type"",""#text"":""0""},{""@Name"":""State"",""#text"":""2""},{""@Name"":""Category"",""#text"":""0""}]}}"
8,8,2025-02-04 03:10:53.8466068,4001,Info,Microsoft-Windows-NetworkProfile,Microsoft-Windows-NetworkProfile/Operational,288,304,WIN-TFHMB3RRSQV,0,S-1-5-19,,,,,,,,,,,False,example_files\original\C\Windows\System32\winevt\logs\Microsoft-Windows-NetworkProfile%4Operational.evtx,0x4000200000000000,0,"{""EventData"":{""Data"":[{""@Name"":""InterfaceGuid"",""#text"":""ac4c6af4-a6c1-47f3-8a31-d969469ae0cb""},{""@Name"":""CurrentOrNextState"",""#text"":""0""}]}}"
9,9,2025-02-04 03:10:53.8466068,10000,Info,Microsoft-Windows-NetworkProfile,Microsoft-Windows-NetworkProfile/Operational,288,248,WIN-TFHMB3RRSQV,0,S-1-5-19,Connect to the Internet,,,Identifying...,,,,,,,False,example_files\original\C\Windows\System32\winevt\logs\Microsoft-Windows-NetworkProfile%4Operational.evtx,0x4000200000000000,0,"{""EventData"":{""Data"":[{""@Name"":""Name"",""#text"":""Identifying...""},{""@Name"":""Description"",""#text"":""Identifying...""},{""@Name"":""Guid"",""#text"":""b549e558-2796-43aa-8a46-4f76e0a07932""},{""@Name"":""Type"",""#text"":""0""},{""@Name"":""State"",""#text"":""1""},{""@Name"":""Category"",""#text"":""0""}]}}"
10,10,2025-02-04 03:10:58.9478157,4002,Info,Microsoft-Windows-NetworkProfile,Microsoft-Windows-NetworkProfile/Operational,288,1688,WIN-TFHMB3RRSQV,0,S-1-5-19,,,,,,,,,,,False,example_files\original\C\Windows\System32\winevt\logs\Microsoft-Windows-NetworkProfile%4Operational.evtx,0x4001200000000000,0,"{""EventData"":{""Data"":[{""@Name"":""InterfaceGuid"",""#text"":""ac4c6af4-a6c1-47f3-8a31-d969469ae0cb""},{""@Name"":""CurrentOrNextState"",""#text"":""1""}]}}"
11,11,2025-02-04 03:10:58.9634157,10000,Info,Microsoft-Windows-NetworkProfile,Microsoft-Windows-NetworkProfile/Operational,288,248,WIN-TFHMB3RRSQV,0,S-1-5-19,Connect to the Internet,,,Network,,,,,,,False,example_files\original\C\Windows\System32\winevt\logs\Microsoft-Windows-NetworkProfile%4Operational.evtx,0x4000200000000000,0,"{""EventData"":{""Data"":[{""@Name"":""Name"",""#text"":""Network""},{""@Name"":""Description"",""#text"":""Network""},{""@Name"":""Guid"",""#text"":""ee9d1785-a655-4d73-a7c6-a9da5a6322fa""},{""@Name"":""Type"",""#text"":""0""},{""@Name"":""State"",""#text"":""9""},{""@Name"":""Category"",""#text"":""0""}]}}"
12,12,2025-02-04 03:18:30.1364320,4001,Info,Microsoft-Windows-NetworkProfile,Microsoft-Windows-NetworkProfile/Operational,1012,212,WIN-TFHMB3RRSQV,0,S-1-5-19,,,,,,,,,,,False,example_files\original\C\Windows\System32\winevt\logs\Microsoft-Windows-NetworkProfile%4Operational.evtx,0x4000200000000000,0,"{""EventData"":{""Data"":[{""@Name"":""InterfaceGuid"",""#text"":""ac4c6af4-a6c1-47f3-8a31-d969469ae0cb""},{""@Name"":""CurrentOrNextState"",""#text"":""0""}]}}"
13,13,2025-02-04 03:18:30.1464320,10000,Info,Microsoft-Windows-NetworkProfile,Microsoft-Windows-NetworkProfile/Operational,1012,1488,WIN-TFHMB3RRSQV,0,S-1-5-19,Connect to the Internet,,,Identifying...,,,,,,,False,example_files\original\C\Windows\System32\winevt\logs\Microsoft-Windows-NetworkProfile%4Operational.evtx,0x4000200000000000,0,"{""EventData"":{""Data"":[{""@Name"":""Name"",""#text"":""Identifying...""},{""@Name"":""Description"",""#text"":""Identifying...""},{""@Name"":""Guid"",""#text"":""2864639e-aad2-41cf-878f-d5c5406eb49e""},{""@Name"":""Type"",""#text"":""0""},{""@Name"":""State"",""#text"":""1""},{""@Name"":""Category"",""#text"":""0""}]}}"
14,14,2025-02-04 03:18:34.6060398,4002,Info,Microsoft-Windows-NetworkProfile,Microsoft-Windows-NetworkProfile/Operational,1012,212,WIN-TFHMB3RRSQV,0,S-1-5-19,,,,,,,,,,,False,example_files\original\C\Windows\System32\winevt\logs\Microsoft-Windows-NetworkProfile%4Operational.evtx,0x4001200000000000,0,"{""EventData"":{""Data"":[{""@Name"":""InterfaceGuid"",""#text"":""ac4c6af4-a6c1-47f3-8a31-d969469ae0cb""},{""@Name"":""CurrentOrNextState"",""#text"":""1""}]}}"
15,15,2025-02-04 03:18:34.6216398,10000,Info,Microsoft-Windows-NetworkProfile,Microsoft-Windows-NetworkProfile/Operational,1012,1488,WIN-TFHMB3RRSQV,0,S-1-5-19,Connect to the Internet,,,Network,,,,,,,False,example_files\original\C\Windows\System32\winevt\logs\Microsoft-Windows-NetworkProfile%4Operational.evtx,0x4000200000000000,0,"{""EventData"":{""Data"":[{""@Name"":""Name"",""#text"":""Network""},{""@Name"":""Description"",""#text"":""Network""},{""@Name"":""Guid"",""#text"":""ee9d1785-a655-4d73-a7c6-a9da5a6322fa""},{""@Name"":""Type"",""#text"":""0""},{""@Name"":""State"",""#text"":""9""},{""@Name"":""Category"",""#text"":""0""}]}}"
16,16,2025-02-04 03:21:54.3869926,4001,Info,Microsoft-Windows-NetworkProfile,Microsoft-Windows-NetworkProfile/Operational,1012,2712,WIN-TFHMB3RRSQV,0,S-1-5-19,,,,,,,,,,,False,example_files\original\C\Windows\System32\winevt\logs\Microsoft-Windows-NetworkProfile%4Operational.evtx,0x4000200000000000,0,"{""EventData"":{""Data"":[{""@Name"":""InterfaceGuid"",""#text"":""ac4c6af4-a6c1-47f3-8a31-d969469ae0cb""},{""@Name"":""CurrentOrNextState"",""#text"":""0""}]}}"
17,17,2025-02-04 03:21:54.3869926,10001,Info,Microsoft-Windows-NetworkProfile,Microsoft-Windows-NetworkProfile/Operational,1012,1488,WIN-TFHMB3RRSQV,0,S-1-5-19,Disconnect from the Internet,,,Network,,,,,,,False,example_files\original\C\Windows\System32\winevt\logs\Microsoft-Windows-NetworkProfile%4Operational.evtx,0x4000200000000000,0,"{""EventData"":{""Data"":[{""@Name"":""Name"",""#text"":""Network""},{""@Name"":""Description"",""#text"":""Network""},{""@Name"":""Guid"",""#text"":""ee9d1785-a655-4d73-a7c6-a9da5a6322fa""},{""@Name"":""Type"",""#text"":""0""},{""@Name"":""State"",""#text"":""2""},{""@Name"":""Category"",""#text"":""0""}]}}"
18,18,2025-02-04 03:21:54.4181926,10000,Info,Microsoft-Windows-NetworkProfile,Microsoft-Windows-NetworkProfile/Operational,1012,1488,WIN-TFHMB3RRSQV,0,S-1-5-19,Connect to the Internet,,,Identifying...,,,,,,,False,example_files\original\C\Windows\System32\winevt\logs\Microsoft-Windows-NetworkProfile%4Operational.evtx,0x4000200000000000,0,"{""EventData"":{""Data"":[{""@Name"":""Name"",""#text"":""Identifying...""},{""@Name"":""Description"",""#text"":""Identifying...""},{""@Name"":""Guid"",""#text"":""2864639e-aad2-41cf-878f-d5c5406eb49e""},{""@Name"":""Type"",""#text"":""0""},{""@Name"":""State"",""#text"":""9""},{""@Name"":""Category"",""#text"":""0""}]}}"
19,19,2025-02-04 03:21:54.7925933,4002,Info,Microsoft-Windows-NetworkProfile,Microsoft-Windows-NetworkProfile/Operational,1012,1724,WIN-TFHMB3RRSQV,0,S-1-5-19,,,,,,,,,,,False,example_files\original\C\Windows\System32\winevt\logs\Microsoft-Windows-NetworkProfile%4Operational.evtx,0x4001200000000000,0,"{""EventData"":{""Data"":[{""@Name"":""InterfaceGuid"",""#text"":""ac4c6af4-a6c1-47f3-8a31-d969469ae0cb""},{""@Name"":""CurrentOrNextState"",""#text"":""1""}]}}"
20,20,2025-02-04 03:21:54.8237933,10000,Info,Microsoft-Windows-NetworkProfile,Microsoft-Windows-NetworkProfile/Operational,1012,1488,WIN-TFHMB3RRSQV,0,S-1-5-19,Connect to the Internet,,,Network,,,,,,,False,example_files\original\C\Windows\System32\winevt\logs\Microsoft-Windows-NetworkProfile%4Operational.evtx,0x4000200000000000,0,"{""EventData"":{""Data"":[{""@Name"":""Name"",""#text"":""Network""},{""@Name"":""Description"",""#text"":""Network""},{""@Name"":""Guid"",""#text"":""ee9d1785-a655-4d73-a7c6-a9da5a6322fa""},{""@Name"":""Type"",""#text"":""0""},{""@Name"":""State"",""#text"":""9""},{""@Name"":""Category"",""#text"":""0""}]}}"
1,1,2025-02-04 19:08:44.6456459,1,Info,Microsoft-Windows-OfflineFiles,Microsoft-Windows-OfflineFiles/Operational,836,924,37L4247F27-25,0,S-1-5-18,,,,,,,,,,,False,example_files\original\C\Windows\System32\winevt\logs\Microsoft-Windows-OfflineFiles%4Operational.evtx,0x4000000000000010,0,"{""EventData"":""""}"
2,2,2025-02-04 03:10:54.4082077,1,Info,Microsoft-Windows-OfflineFiles,Microsoft-Windows-OfflineFiles/Operational,920,816,WIN-TFHMB3RRSQV,0,S-1-5-18,,,,,,,,,,,False,example_files\original\C\Windows\System32\winevt\logs\Microsoft-Windows-OfflineFiles%4Operational.evtx,0x4000000000000010,0,"{""EventData"":""""}"
3,3,2025-02-04 03:11:01.5218202,7,Info,Microsoft-Windows-OfflineFiles,Microsoft-Windows-OfflineFiles/Operational,920,936,WIN-TFHMB3RRSQV,0,S-1-5-18,,,,,,,,,,,False,example_files\original\C\Windows\System32\winevt\logs\Microsoft-Windows-OfflineFiles%4Operational.evtx,0x4000000000000008,0,"{""UserData"":{""Info"":{""Account"":""WIN-TFHMB3RRSQV\\student"",""Session"":""1""}}}"
4,4,2025-02-04 03:17:26.9701462,8,Info,Microsoft-Windows-OfflineFiles,Microsoft-Windows-OfflineFiles/Operational,920,2412,WIN-TFHMB3RRSQV,0,S-1-5-18,,,,,,,,,,,False,example_files\original\C\Windows\System32\winevt\logs\Microsoft-Windows-OfflineFiles%4Operational.evtx,0x4000000000000008,0,"{""UserData"":{""Info"":{""Account"":""WIN-TFHMB3RRSQV\\student"",""Session"":""1""}}}"
5,5,2025-02-04 03:18:29.1564170,1,Info,Microsoft-Windows-OfflineFiles,Microsoft-Windows-OfflineFiles/Operational,804,968,WIN-TFHMB3RRSQV,0,S-1-5-18,,,,,,,,,,,False,example_files\original\C\Windows\System32\winevt\logs\Microsoft-Windows-OfflineFiles%4Operational.evtx,0x4000000000000010,0,"{""EventData"":""""}"
6,6,2025-02-04 03:19:12.5609064,7,Info,Microsoft-Windows-OfflineFiles,Microsoft-Windows-OfflineFiles/Operational,804,836,WIN-TFHMB3RRSQV,0,S-1-5-18,,,,,,,,,,,False,example_files\original\C\Windows\System32\winevt\logs\Microsoft-Windows-OfflineFiles%4Operational.evtx,0x4000000000000008,0,"{""UserData"":{""Info"":{""Account"":""WIN-TFHMB3RRSQV\\student"",""Session"":""1""}}}"
1,1,2025-02-04 03:11:01.6466205,823,Info,Microsoft-Windows-PrintService,Microsoft-Windows-PrintService/Admin,1176,1120,WIN-TFHMB3RRSQV,0,S-1-5-18,,,,,,,,,,,False,example_files\original\C\Windows\System32\winevt\logs\Microsoft-Windows-PrintService%4Admin.evtx,0x8000000000020000,0,"{""UserData"":{""ChangingDefaultPrinter"":{""DefaultPrinterSelectedBySpooler"":""1"",""OldDefaultPrinter"":"""",""NewDefaultPrinter"":""Microsoft XPS Document Writer,winspool,Ne00:"",""Status"":""0x0"",""Module"":""spoolsv.exe""}}}"
1,1,2025-02-04 19:09:35.4705352,1016,Info,Microsoft-Windows-ReadyBoost,Microsoft-Windows-ReadyBoost/Operational,836,1672,37L4247F27-25,0,S-1-5-18,,,,,,,,,,,False,example_files\original\C\Windows\System32\winevt\logs\Microsoft-Windows-ReadyBoost%4Operational.evtx,0x8000000000002000,0,"{""EventData"":{""Data"":[{""@Name"":""BootPlanTimestamp"",""#text"":""2025-02-04 11:09:35.4705352""},{""@Name"":""ErrorCode"",""#text"":""232""},{""@Name"":""Duration (ms)"",""#text"":""0""},{""@Name"":""Reason"",""#text"":""0""}]}}"
2,2,2025-02-04 03:11:45.3762992,1015,Info,Microsoft-Windows-ReadyBoost,Microsoft-Windows-ReadyBoost/Operational,920,2200,WIN-TFHMB3RRSQV,0,S-1-5-18,,,,,,,,,,,False,example_files\original\C\Windows\System32\winevt\logs\Microsoft-Windows-ReadyBoost%4Operational.evtx,0x8000000000002000,0,"{""EventData"":{""Data"":[{""@Name"":""RB_IoReadBytes"",""#text"":""788212224""},{""@Name"":""RB_CacheHitBytes"",""#text"":""0""},{""@Name"":""RB_PrefetchBytes"",""#text"":""0""},{""@Name"":""RB_CacheHitPercentage"",""#text"":""0""},{""@Name"":""RB_IoReadCount"",""#text"":""30286""},{""@Name"":""RB_CacheHitCount"",""#text"":""0""},{""@Name"":""RB_PrefetchReadCount"",""#text"":""0""},{""@Name"":""RB_PrefetchDiskTimeUs"",""#text"":""0""}]}}"
3,3,2025-02-04 03:11:45.5946995,1016,Info,Microsoft-Windows-ReadyBoost,Microsoft-Windows-ReadyBoost/Operational,920,2200,WIN-TFHMB3RRSQV,0,S-1-5-18,,,,,,,,,,,False,example_files\original\C\Windows\System32\winevt\logs\Microsoft-Windows-ReadyBoost%4Operational.evtx,0x8000000000002000,0,"{""EventData"":{""Data"":[{""@Name"":""BootPlanTimestamp"",""#text"":""2025-02-04 11:11:45.2202989""},{""@Name"":""ErrorCode"",""#text"":""0""},{""@Name"":""Duration (ms)"",""#text"":""374""},{""@Name"":""Reason"",""#text"":""0""}]}}"
4,4,2025-02-04 03:19:21.4605229,1015,Info,Microsoft-Windows-ReadyBoost,Microsoft-Windows-ReadyBoost/Operational,804,928,WIN-TFHMB3RRSQV,0,S-1-5-18,,,,,,,,,,,False,example_files\original\C\Windows\System32\winevt\logs\Microsoft-Windows-ReadyBoost%4Operational.evtx,0x8000000000002000,0,"{""EventData"":{""Data"":[{""@Name"":""RB_IoReadBytes"",""#text"":""214208512""},{""@Name"":""RB_CacheHitBytes"",""#text"":""151261696""},{""@Name"":""RB_PrefetchBytes"",""#text"":""644194304""},{""@Name"":""RB_CacheHitPercentage"",""#text"":""0.8905553651011313""},{""@Name"":""RB_IoReadCount"",""#text"":""11668""},{""@Name"":""RB_CacheHitCount"",""#text"":""10391""},{""@Name"":""RB_PrefetchReadCount"",""#text"":""13405""},{""@Name"":""RB_PrefetchDiskTimeUs"",""#text"":""2785603""}]}}"
5,5,2025-02-04 03:19:21.6789232,1016,Info,Microsoft-Windows-ReadyBoost,Microsoft-Windows-ReadyBoost/Operational,804,928,WIN-TFHMB3RRSQV,0,S-1-5-18,,,,,,,,,,,False,example_files\original\C\Windows\System32\winevt\logs\Microsoft-Windows-ReadyBoost%4Operational.evtx,0x8000000000002000,0,"{""EventData"":{""Data"":[{""@Name"":""BootPlanTimestamp"",""#text"":""2025-02-04 11:19:20.1813206""},{""@Name"":""ErrorCode"",""#text"":""0""},{""@Name"":""Duration (ms)"",""#text"":""1498""},{""@Name"":""Reason"",""#text"":""0""}]}}"
6,6,2025-02-04 03:30:51.3523406,1016,Info,Microsoft-Windows-ReadyBoost,Microsoft-Windows-ReadyBoost/Operational,804,2472,WIN-TFHMB3RRSQV,0,S-1-5-18,,,,,,,,,,,False,example_files\original\C\Windows\System32\winevt\logs\Microsoft-Windows-ReadyBoost%4Operational.evtx,0x8000000000002000,0,"{""EventData"":{""Data"":[{""@Name"":""BootPlanTimestamp"",""#text"":""2025-02-04 11:30:51.1339402""},{""@Name"":""ErrorCode"",""#text"":""0""},{""@Name"":""Duration (ms)"",""#text"":""218""},{""@Name"":""Reason"",""#text"":""1""}]}}"
1,1,2010-11-21 03:58:31.0931721,1002,Info,Microsoft-Windows-Resource-Exhaustion-Detector,Microsoft-Windows-Resource-Exhaustion-Detector/Operational,1048,1576,37L4247F27-25,0,S-1-5-19,,,,,,,,,,,False,example_files\original\C\Windows\System32\winevt\logs\Microsoft-Windows-Resource-Exhaustion-Detector%4Operational.evtx,0x4000000010000000,0,"{""EventData"":""""}"
2,2,2025-02-04 03:11:02.9102227,1001,Info,Microsoft-Windows-Resource-Exhaustion-Detector,Microsoft-Windows-Resource-Exhaustion-Detector/Operational,1212,1592,WIN-TFHMB3RRSQV,0,S-1-5-19,,,,,,,,,,,False,example_files\original\C\Windows\System32\winevt\logs\Microsoft-Windows-Resource-Exhaustion-Detector%4Operational.evtx,0x4000000010000000,0,"{""EventData"":""""}"
3,3,2025-02-04 03:17:27.3601469,1002,Info,Microsoft-Windows-Resource-Exhaustion-Detector,Microsoft-Windows-Resource-Exhaustion-Detector/Operational,1212,1592,WIN-TFHMB3RRSQV,0,S-1-5-19,,,,,,,,,,,False,example_files\original\C\Windows\System32\winevt\logs\Microsoft-Windows-Resource-Exhaustion-Detector%4Operational.evtx,0x4000000010000000,0,"{""EventData"":""""}"
4,4,2025-02-04 03:19:13.1069074,1001,Info,Microsoft-Windows-Resource-Exhaustion-Detector,Microsoft-Windows-Resource-Exhaustion-Detector/Operational,1140,1156,WIN-TFHMB3RRSQV,0,S-1-5-19,,,,,,,,,,,False,example_files\original\C\Windows\System32\winevt\logs\Microsoft-Windows-Resource-Exhaustion-Detector%4Operational.evtx,0x4000000010000000,0,"{""EventData"":""""}"
1,1,2025-02-04 03:11:01.5062202,21,Info,Microsoft-Windows-TerminalServices-LocalSessionManager,Microsoft-Windows-TerminalServices-LocalSessionManager/Operational,420,1644,WIN-TFHMB3RRSQV,0,S-1-5-18,Remote Desktop Services: Session logon succeeded,WIN-TFHMB3RRSQV\student,LOCAL,Session ID: 1,,,,,,,False,example_files\original\C\Windows\System32\winevt\logs\Microsoft-Windows-TerminalServices-LocalSessionManager%4Operational.evtx,0x1000000000000000,0,"{""UserData"":{""EventXML"":{""User"":""WIN-TFHMB3RRSQV\\student"",""SessionID"":""1"",""Address"":""LOCAL""}}}"
2,2,2025-02-04 03:11:01.5842204,22,Info,Microsoft-Windows-TerminalServices-LocalSessionManager,Microsoft-Windows-TerminalServices-LocalSessionManager/Operational,420,1644,WIN-TFHMB3RRSQV,0,S-1-5-18,Remote Desktop Services: Shell start notification received,WIN-TFHMB3RRSQV\student,LOCAL,,,,,,,,False,example_files\original\C\Windows\System32\winevt\logs\Microsoft-Windows-TerminalServices-LocalSessionManager%4Operational.evtx,0x1000000000000000,0,"{""UserData"":{""EventXML"":{""User"":""WIN-TFHMB3RRSQV\\student"",""SessionID"":""1"",""Address"":""LOCAL""}}}"
3,3,2025-02-04 03:17:26.9701462,23,Info,Microsoft-Windows-TerminalServices-LocalSessionManager,Microsoft-Windows-TerminalServices-LocalSessionManager/Operational,420,536,WIN-TFHMB3RRSQV,0,S-1-5-18,Remote Desktop Services: Session logoff succeeded,WIN-TFHMB3RRSQV\student,,Session ID: 1,,,,,,,False,example_files\original\C\Windows\System32\winevt\logs\Microsoft-Windows-TerminalServices-LocalSessionManager%4Operational.evtx,0x1000000000000000,0,"{""UserData"":{""EventXML"":{""User"":""WIN-TFHMB3RRSQV\\student"",""SessionID"":""1""}}}"
4,4,2025-02-04 03:17:27.6097474,17,Error,Microsoft-Windows-TerminalServices-LocalSessionManager,Microsoft-Windows-TerminalServices-LocalSessionManager/Operational,420,724,WIN-TFHMB3RRSQV,0,S-1-5-18,,,,,,,,,,,False,example_files\original\C\Windows\System32\winevt\logs\Microsoft-Windows-TerminalServices-LocalSessionManager%4Operational.evtx,0x1000000000000000,0,"{""UserData"":{""EventXML"":{""Param1"":""0x800706B5""}}}"
5,5,2025-02-04 03:19:12.5453064,21,Info,Microsoft-Windows-TerminalServices-LocalSessionManager,Microsoft-Windows-TerminalServices-LocalSessionManager/Operational,472,732,WIN-TFHMB3RRSQV,0,S-1-5-18,Remote Desktop Services: Session logon succeeded,WIN-TFHMB3RRSQV\student,LOCAL,Session ID: 1,,,,,,,False,example_files\original\C\Windows\System32\winevt\logs\Microsoft-Windows-TerminalServices-LocalSessionManager%4Operational.evtx,0x1000000000000000,0,"{""UserData"":{""EventXML"":{""User"":""WIN-TFHMB3RRSQV\\student"",""SessionID"":""1"",""Address"":""LOCAL""}}}"
6,6,2025-02-04 03:19:12.5609064,22,Info,Microsoft-Windows-TerminalServices-LocalSessionManager,Microsoft-Windows-TerminalServices-LocalSessionManager/Operational,472,748,WIN-TFHMB3RRSQV,0,S-1-5-18,Remote Desktop Services: Shell start notification received,WIN-TFHMB3RRSQV\student,LOCAL,,,,,,,,False,example_files\original\C\Windows\System32\winevt\logs\Microsoft-Windows-TerminalServices-LocalSessionManager%4Operational.evtx,0x1000000000000000,0,"{""UserData"":{""EventXML"":{""User"":""WIN-TFHMB3RRSQV\\student"",""SessionID"":""1"",""Address"":""LOCAL""}}}"
