1,1,2025-02-04 03:13:55.2153272,100,Info,Microsoft-Windows-WindowsBackup,Microsoft-Windows-WindowsBackup/ActionCenter,2116,152,WIN-TFHMB3RRSQV,0,S-1-5-19,,,,,,,,,,,False,example_files\original\C\Windows\System32\winevt\logs\Microsoft-Windows-WindowsBackup%4ActionCenter.evtx,Classic,0,"{""EventData"":{""Data"":[{""@Name"":""hc_stateid"",""#text"":""1""},{""@Name"":""pwszTimeStamp""}]}}"
1,1,2025-02-04 19:10:47.6540196,1,LogAlways,Microsoft-Windows-WindowsSystemAssessmentTool,Microsoft-Windows-WindowsSystemAssessmentTool/Operational,788,792,WIN-TFHMB3RRSQV,0,S-1-5-18,,,,,,,,,,,False,example_files\original\C\Windows\System32\winevt\logs\Microsoft-Windows-WindowsSystemAssessmentTool%4Operational.evtx,Classic,0,"{""EventData"":{""Data"":{""@Name"":""StartTimeOfDay"",""#text"":""2025-02-04 19:10:47.6540196""}}}"
2,2,2025-02-04 19:10:47.6540196,9,Info,Microsoft-Windows-WindowsSystemAssessmentTool,Microsoft-Windows-WindowsSystemAssessmentTool/Operational,788,792,WIN-TFHMB3RRSQV,0,S-1-5-18,,,,,,,,,,,False,example_files\original\C\Windows\System32\winevt\logs\Microsoft-Windows-WindowsSystemAssessmentTool%4Operational.evtx,Classic,0,"{""EventData"":{""Data"":[{""@Name"":""PhaseID"",""#text"":""10""},{""@Name"":""DescriptionSize"",""#text"":""25""},{""@Name"":""Description"",""#text"":""Application Intializaton""}]}}"
3,3,2025-02-04 19:10:47.6696196,2,LogAlways,Microsoft-Windows-WindowsSystemAssessmentTool,Microsoft-Windows-WindowsSystemAssessmentTool/Operational,788,792,WIN-TFHMB3RRSQV,0,S-1-5-18,,,,,,,,,,,False,example_files\original\C\Windows\System32\winevt\logs\Microsoft-Windows-WindowsSystemAssessmentTool%4Operational.evtx,Classic,0,"{""EventData"":{""Data"":[{""@Name"":""CommandLineSize"",""#text"":""139""},{""@Name"":""CommandLine"",""#text"":""\""C:\\Windows\\system32\\winsat.exe\"" moobe -cancelevent f38840fe-7437-447d-8a2f-9bea6e5e339a -moobegoevent 5e7a40fe-4208-4c16-a4d2-8f8947956926""}]}}"
4,4,2025-02-04 19:10:47.7320197,9,Info,Microsoft-Windows-WindowsSystemAssessmentTool,Microsoft-Windows-WindowsSystemAssessmentTool/Operational,788,792,WIN-TFHMB3RRSQV,0,S-1-5-18,,,,,,,,,,,False,example_files\original\C\Windows\System32\winevt\logs\Microsoft-Windows-WindowsSystemAssessmentTool%4Operational.evtx,Classic,0,"{""EventData"":{""Data"":[{""@Name"":""PhaseID"",""#text"":""20""},{""@Name"":""DescriptionSize"",""#text"":""23""},{""@Name"":""Description"",""#text"":""Modify system policies""}]}}"
5,5,2025-02-04 19:10:48.4652210,10,Info,Microsoft-Windows-WindowsSystemAssessmentTool,Microsoft-Windows-WindowsSystemAssessmentTool/Operational,788,792,WIN-TFHMB3RRSQV,0,S-1-5-18,,,,,,,,,,,False,example_files\original\C\Windows\System32\winevt\logs\Microsoft-Windows-WindowsSystemAssessmentTool%4Operational.evtx,Classic,0,"{""EventData"":{""Data"":{""@Name"":""PhaseID"",""#text"":""20""}}}"
6,6,2025-02-04 19:10:48.4808210,9,Info,Microsoft-Windows-WindowsSystemAssessmentTool,Microsoft-Windows-WindowsSystemAssessmentTool/Operational,788,792,WIN-TFHMB3RRSQV,0,S-1-5-18,,,,,,,,,,,False,example_files\original\C\Windows\System32\winevt\logs\Microsoft-Windows-WindowsSystemAssessmentTool%4Operational.evtx,Classic,0,"{""EventData"":{""Data"":[{""@Name"":""PhaseID"",""#text"":""30""},{""@Name"":""DescriptionSize"",""#text"":""19""},{""@Name"":""Description"",""#text"":""Gathering Key Info""}]}}"
7,7,2025-02-04 19:10:48.4808210,9,Info,Microsoft-Windows-WindowsSystemAssessmentTool,Microsoft-Windows-WindowsSystemAssessmentTool/Operational,788,792,WIN-TFHMB3RRSQV,0,S-1-5-18,,,,,,,,,,,False,example_files\original\C\Windows\System32\winevt\logs\Microsoft-Windows-WindowsSystemAssessmentTool%4Operational.evtx,Classic,0,"{""EventData"":{""Data"":[{""@Name"":""PhaseID"",""#text"":""40""},{""@Name"":""DescriptionSize"",""#text"":""23""},{""@Name"":""Description"",""#text"":""Gather CPU information""}]}}"
8,8,2025-02-04 19:10:48.4808210,10,Info,Microsoft-Windows-WindowsSystemAssessmentTool,Microsoft-Windows-WindowsSystemAssessmentTool/Operational,788,792,WIN-TFHMB3RRSQV,0,S-1-5-18,,,,,,,,,,,False,example_files\original\C\Windows\System32\winevt\logs\Microsoft-Windows-WindowsSystemAssessmentTool%4Operational.evtx,Classic,0,"{""EventData"":{""Data"":{""@Name"":""PhaseID"",""#text"":""40""}}}"
9,9,2025-02-04 19:10:48.4808210,9,Info,Microsoft-Windows-WindowsSystemAssessmentTool,Microsoft-Windows-WindowsSystemAssessmentTool/Operational,788,792,WIN-TFHMB3RRSQV,0,S-1-5-18,,,,,,,,,,,False,example_files\original\C\Windows\System32\winevt\logs\Microsoft-Windows-WindowsSystemAssessmentTool%4Operational.evtx,Classic,0,"{""EventData"":{""Data"":[{""@Name"":""PhaseID"",""#text"":""50""},{""@Name"":""DescriptionSize"",""#text"":""28""},{""@Name"":""Description"",""#text"":""Gather Graphics information""}]}}"
10,10,2025-02-04 19:10:48.4808210,9,Info,Microsoft-Windows-WindowsSystemAssessmentTool,Microsoft-Windows-WindowsSystemAssessmentTool/Operational,788,792,WIN-TFHMB3RRSQV,0,S-1-5-18,,,,,,,,,,,False,example_files\original\C\Windows\System32\winevt\logs\Microsoft-Windows-WindowsSystemAssessmentTool%4Operational.evtx,Classic,0,"{""EventData"":{""Data"":[{""@Name"":""PhaseID"",""#text"":""60""},{""@Name"":""DescriptionSize"",""#text"":""27""},{""@Name"":""Description"",""#text"":""Gather Monitor information""}]}}"
11,11,2025-02-04 19:10:48.4808210,10,Info,Microsoft-Windows-WindowsSystemAssessmentTool,Microsoft-Windows-WindowsSystemAssessmentTool/Operational,788,792,WIN-TFHMB3RRSQV,0,S-1-5-18,,,,,,,,,,,False,example_files\original\C\Windows\System32\winevt\logs\Microsoft-Windows-WindowsSystemAssessmentTool%4Operational.evtx,Classic,0,"{""EventData"":{""Data"":{""@Name"":""PhaseID"",""#text"":""60""}}}"
12,12,2025-02-04 19:10:48.4808210,9,Info,Microsoft-Windows-WindowsSystemAssessmentTool,Microsoft-Windows-WindowsSystemAssessmentTool/Operational,788,792,WIN-TFHMB3RRSQV,0,S-1-5-18,,,,,,,,,,,False,example_files\original\C\Windows\System32\winevt\logs\Microsoft-Windows-WindowsSystemAssessmentTool%4Operational.evtx,Classic,0,"{""EventData"":{""Data"":[{""@Name"":""PhaseID"",""#text"":""70""},{""@Name"":""DescriptionSize"",""#text"":""17""},{""@Name"":""Description"",""#text"":""Initializing DX9""}]}}"
13,13,2025-02-04 19:10:48.4808210,10,Info,Microsoft-Windows-WindowsSystemAssessmentTool,Microsoft-Windows-WindowsSystemAssessmentTool/Operational,788,792,WIN-TFHMB3RRSQV,0,S-1-5-18,,,,,,,,,,,False,example_files\original\C\Windows\System32\winevt\logs\Microsoft-Windows-WindowsSystemAssessmentTool%4Operational.evtx,Classic,0,"{""EventData"":{""Data"":{""@Name"":""PhaseID"",""#text"":""70""}}}"
14,14,2025-02-04 19:10:48.4808210,9,Info,Microsoft-Windows-WindowsSystemAssessmentTool,Microsoft-Windows-WindowsSystemAssessmentTool/Operational,788,792,WIN-TFHMB3RRSQV,0,S-1-5-18,,,,,,,,,,,False,example_files\original\C\Windows\System32\winevt\logs\Microsoft-Windows-WindowsSystemAssessmentTool%4Operational.evtx,Classic,0,"{""EventData"":{""Data"":[{""@Name"":""PhaseID"",""#text"":""80""},{""@Name"":""DescriptionSize"",""#text"":""28""},{""@Name"":""Description"",""#text"":""Get DX9 Device capabilities""}]}}"
15,15,2025-02-04 19:10:48.4964211,10,Info,Microsoft-Windows-WindowsSystemAssessmentTool,Microsoft-Windows-WindowsSystemAssessmentTool/Operational,788,792,WIN-TFHMB3RRSQV,0,S-1-5-18,,,,,,,,,,,False,example_files\original\C\Windows\System32\winevt\logs\Microsoft-Windows-WindowsSystemAssessmentTool%4Operational.evtx,Classic,0,"{""EventData"":{""Data"":{""@Name"":""PhaseID"",""#text"":""80""}}}"
16,16,2025-02-04 19:10:48.4964211,9,Info,Microsoft-Windows-WindowsSystemAssessmentTool,Microsoft-Windows-WindowsSystemAssessmentTool/Operational,788,792,WIN-TFHMB3RRSQV,0,S-1-5-18,,,,,,,,,,,False,example_files\original\C\Windows\System32\winevt\logs\Microsoft-Windows-WindowsSystemAssessmentTool%4Operational.evtx,Classic,0,"{""EventData"":{""Data"":[{""@Name"":""PhaseID"",""#text"":""90""},{""@Name"":""DescriptionSize"",""#text"":""24""},{""@Name"":""Description"",""#text"":""Get Adapter Description""}]}}"
17,17,2025-02-04 19:10:48.4964211,10,Info,Microsoft-Windows-WindowsSystemAssessmentTool,Microsoft-Windows-WindowsSystemAssessmentTool/Operational,788,792,WIN-TFHMB3RRSQV,0,S-1-5-18,,,,,,,,,,,False,example_files\original\C\Windows\System32\winevt\logs\Microsoft-Windows-WindowsSystemAssessmentTool%4Operational.evtx,Classic,0,"{""EventData"":{""Data"":{""@Name"":""PhaseID"",""#text"":""90""}}}"
18,18,2025-02-04 19:10:48.4964211,10,Info,Microsoft-Windows-WindowsSystemAssessmentTool,Microsoft-Windows-WindowsSystemAssessmentTool/Operational,788,792,WIN-TFHMB3RRSQV,0,S-1-5-18,,,,,,,,,,,False,example_files\original\C\Windows\System32\winevt\logs\Microsoft-Windows-WindowsSystemAssessmentTool%4Operational.evtx,Classic,0,"{""EventData"":{""Data"":{""@Name"":""PhaseID"",""#text"":""50""}}}"
19,19,2025-02-04 19:10:48.4964211,10,Info,Microsoft-Windows-WindowsSystemAssessmentTool,Microsoft-Windows-WindowsSystemAssessmentTool/Operational,788,792,WIN-TFHMB3RRSQV,0,S-1-5-18,,,,,,,,,,,False,example_files\original\C\Windows\System32\winevt\logs\Microsoft-Windows-WindowsSystemAssessmentTool%4Operational.evtx,Classic,0,"{""EventData"":{""Data"":{""@Name"":""PhaseID"",""#text"":""30""}}}"
20,20,2025-02-04 19:10:48.4964211,10,Info,Microsoft-Windows-WindowsSystemAssessmentTool,Microsoft-Windows-WindowsSystemAssessmentTool/Operational,788,792,WIN-TFHMB3RRSQV,0,S-1-5-18,,,,,,,,,,,False,example_files\original\C\Windows\System32\winevt\logs\Microsoft-Windows-WindowsSystemAssessmentTool%4Operational.evtx,Classic,0,"{""EventData"":{""Data"":{""@Name"":""PhaseID"",""#text"":""10""}}}"
21,21,2025-02-04 19:10:48.4964211,9,Info,Microsoft-Windows-WindowsSystemAssessmentTool,Microsoft-Windows-WindowsSystemAssessmentTool/Operational,788,792,WIN-TFHMB3RRSQV,0,S-1-5-18,,,,,,,,,,,False,example_files\original\C\Windows\System32\winevt\logs\Microsoft-Windows-WindowsSystemAssessmentTool%4Operational.evtx,Classic,0,"{""EventData"":{""Data"":[{""@Name"":""PhaseID"",""#text"":""1001""},{""@Name"":""DescriptionSize"",""#text"":""27""},{""@Name"":""Description"",""#text"":""Run Assessment, features, ""}]}}"
22,22,2025-02-04 19:10:48.5120211,9,Info,Microsoft-Windows-WindowsSystemAssessmentTool,Microsoft-Windows-WindowsSystemAssessmentTool/Operational,788,792,WIN-TFHMB3RRSQV,0,S-1-5-18,,,,,,,,,,,False,example_files\original\C\Windows\System32\winevt\logs\Microsoft-Windows-WindowsSystemAssessmentTool%4Operational.evtx,Classic,0,"{""EventData"":{""Data"":[{""@Name"":""PhaseID"",""#text"":""120""},{""@Name"":""DescriptionSize"",""#text"":""33""},{""@Name"":""Description"",""#text"":""Get graphics adapter information""}]}}"
23,23,2025-02-04 19:10:48.5900212,10,Info,Microsoft-Windows-WindowsSystemAssessmentTool,Microsoft-Windows-WindowsSystemAssessmentTool/Operational,788,792,WIN-TFHMB3RRSQV,0,S-1-5-18,,,,,,,,,,,False,example_files\original\C\Windows\System32\winevt\logs\Microsoft-Windows-WindowsSystemAssessmentTool%4Operational.evtx,Classic,0,"{""EventData"":{""Data"":{""@Name"":""PhaseID"",""#text"":""120""}}}"
24,24,2025-02-04 19:10:48.5900212,10,Info,Microsoft-Windows-WindowsSystemAssessmentTool,Microsoft-Windows-WindowsSystemAssessmentTool/Operational,788,792,WIN-TFHMB3RRSQV,0,S-1-5-18,,,,,,,,,,,False,example_files\original\C\Windows\System32\winevt\logs\Microsoft-Windows-WindowsSystemAssessmentTool%4Operational.evtx,Classic,0,"{""EventData"":{""Data"":{""@Name"":""PhaseID"",""#text"":""1001""}}}"
25,25,2025-02-04 19:10:48.5900212,9,Info,Microsoft-Windows-WindowsSystemAssessmentTool,Microsoft-Windows-WindowsSystemAssessmentTool/Operational,788,792,WIN-TFHMB3RRSQV,0,S-1-5-18,,,,,,,,,,,False,example_files\original\C\Windows\System32\winevt\logs\Microsoft-Windows-WindowsSystemAssessmentTool%4Operational.evtx,Classic,0,"{""EventData"":{""Data"":[{""@Name"":""PhaseID"",""#text"":""1005""},{""@Name"":""DescriptionSize"",""#text"":""166""},{""@Name"":""Description"",""#text"":""Run Assessment, dwm, -aname DWM -time 10 -fbc 10 -disp off -normalw 12 -width 1280 -height 1024 -winwidth C(1144) -winheight C(915) -rendertotex 6 -rtdelta 3 -nolock""}]}}"
26,26,2025-02-04 19:10:49.4012227,10,Info,Microsoft-Windows-WindowsSystemAssessmentTool,Microsoft-Windows-WindowsSystemAssessmentTool/Operational,788,792,WIN-TFHMB3RRSQV,0,S-1-5-18,,,,,,,,,,,False,example_files\original\C\Windows\System32\winevt\logs\Microsoft-Windows-WindowsSystemAssessmentTool%4Operational.evtx,Classic,0,"{""EventData"":{""Data"":{""@Name"":""PhaseID"",""#text"":""1005""}}}"
27,27,2025-02-04 19:10:49.4012227,9,Info,Microsoft-Windows-WindowsSystemAssessmentTool,Microsoft-Windows-WindowsSystemAssessmentTool/Operational,788,792,WIN-TFHMB3RRSQV,0,S-1-5-18,,,,,,,,,,,False,example_files\original\C\Windows\System32\winevt\logs\Microsoft-Windows-WindowsSystemAssessmentTool%4Operational.evtx,Classic,0,"{""EventData"":{""Data"":[{""@Name"":""PhaseID"",""#text"":""130""},{""@Name"":""DescriptionSize"",""#text"":""16""},{""@Name"":""Description"",""#text"":""Process Results""}]}}"
28,28,2025-02-04 19:10:49.4948228,10,Info,Microsoft-Windows-WindowsSystemAssessmentTool,Microsoft-Windows-WindowsSystemAssessmentTool/Operational,788,792,WIN-TFHMB3RRSQV,0,S-1-5-18,,,,,,,,,,,False,example_files\original\C\Windows\System32\winevt\logs\Microsoft-Windows-WindowsSystemAssessmentTool%4Operational.evtx,Classic,0,"{""EventData"":{""Data"":{""@Name"":""PhaseID"",""#text"":""130""}}}"
29,29,2025-02-04 19:10:49.4948228,9,Info,Microsoft-Windows-WindowsSystemAssessmentTool,Microsoft-Windows-WindowsSystemAssessmentTool/Operational,788,792,WIN-TFHMB3RRSQV,0,S-1-5-18,,,,,,,,,,,False,example_files\original\C\Windows\System32\winevt\logs\Microsoft-Windows-WindowsSystemAssessmentTool%4Operational.evtx,Classic,0,"{""EventData"":{""Data"":[{""@Name"":""PhaseID"",""#text"":""150""},{""@Name"":""DescriptionSize"",""#text"":""17""},{""@Name"":""Description"",""#text"":""Cleanup and exit""}]}}"
30,30,2025-02-04 19:10:49.4948228,9,Info,Microsoft-Windows-WindowsSystemAssessmentTool,Microsoft-Windows-WindowsSystemAssessmentTool/Operational,788,792,WIN-TFHMB3RRSQV,0,S-1-5-18,,,,,,,,,,,False,example_files\original\C\Windows\System32\winevt\logs\Microsoft-Windows-WindowsSystemAssessmentTool%4Operational.evtx,Classic,0,"{""EventData"":{""Data"":[{""@Name"":""PhaseID"",""#text"":""140""},{""@Name"":""DescriptionSize"",""#text"":""24""},{""@Name"":""Description"",""#text"":""Restore system policies""}]}}"
31,31,2025-02-04 19:10:49.5104228,10,Info,Microsoft-Windows-WindowsSystemAssessmentTool,Microsoft-Windows-WindowsSystemAssessmentTool/Operational,788,792,WIN-TFHMB3RRSQV,0,S-1-5-18,,,,,,,,,,,False,example_files\original\C\Windows\System32\winevt\logs\Microsoft-Windows-WindowsSystemAssessmentTool%4Operational.evtx,Classic,0,"{""EventData"":{""Data"":{""@Name"":""PhaseID"",""#text"":""140""}}}"
32,32,2025-02-04 19:10:49.5260229,3,LogAlways,Microsoft-Windows-WindowsSystemAssessmentTool,Microsoft-Windows-WindowsSystemAssessmentTool/Operational,788,792,WIN-TFHMB3RRSQV,0,S-1-5-18,,,,,,,,,,,False,example_files\original\C\Windows\System32\winevt\logs\Microsoft-Windows-WindowsSystemAssessmentTool%4Operational.evtx,Classic,0,"{""EventData"":{""Data"":{""@Name"":""ExitCode"",""#text"":""0""}}}"
1,1,2025-02-04 03:13:48.8037159,42,Info,Microsoft-Windows-WindowsUpdateClient,Microsoft-Windows-WindowsUpdateClient/Operational,944,2096,WIN-TFHMB3RRSQV,0,S-1-5-18,,,,,,,,,,,False,example_files\original\C\Windows\System32\winevt\logs\Microsoft-Windows-WindowsUpdateClient%4Operational.evtx,0x4000000000000480,0,"{""EventData"":{""Data"":[{""@Name"":""hc_stateid"",""#text"":""0""},{""@Name"":""restartDate""},{""@Name"":""restartTime""}]}}"
2,2,2025-02-04 03:13:48.8037159,42,Info,Microsoft-Windows-WindowsUpdateClient,Microsoft-Windows-WindowsUpdateClient/Operational,944,2096,WIN-TFHMB3RRSQV,0,S-1-5-18,,,,,,,,,,,False,example_files\original\C\Windows\System32\winevt\logs\Microsoft-Windows-WindowsUpdateClient%4Operational.evtx,0x4000000000000480,0,"{""EventData"":{""Data"":[{""@Name"":""hc_stateid"",""#text"":""0""},{""@Name"":""restartDate""},{""@Name"":""restartTime""}]}}"
3,3,2025-02-04 03:13:48.8037159,30,Info,Microsoft-Windows-WindowsUpdateClient,Microsoft-Windows-WindowsUpdateClient/Operational,944,2096,WIN-TFHMB3RRSQV,0,S-1-5-18,,,,,,,,,,,False,example_files\original\C\Windows\System32\winevt\logs\Microsoft-Windows-WindowsUpdateClient%4Operational.evtx,0x4000000000000001,0,"{""EventData"":""""}"
4,4,2025-02-04 03:17:27.0793464,39,Info,Microsoft-Windows-WindowsUpdateClient,Microsoft-Windows-WindowsUpdateClient/Operational,944,2852,WIN-TFHMB3RRSQV,0,S-1-5-18,,,,,,,,,,,False,example_files\original\C\Windows\System32\winevt\logs\Microsoft-Windows-WindowsUpdateClient%4Operational.evtx,0x4000000000000280,0,"{""EventData"":""""}"
5,5,2025-02-04 03:20:30.6304455,42,Info,Microsoft-Windows-WindowsUpdateClient,Microsoft-Windows-WindowsUpdateClient/Operational,848,1536,WIN-TFHMB3RRSQV,0,S-1-5-18,,,,,,,,,,,False,example_files\original\C\Windows\System32\winevt\logs\Microsoft-Windows-WindowsUpdateClient%4Operational.evtx,0x4000000000000480,0,"{""EventData"":{""Data"":[{""@Name"":""hc_stateid"",""#text"":""0""},{""@Name"":""restartDate""},{""@Name"":""restartTime""}]}}"
6,6,2025-02-04 03:20:30.6304455,30,Info,Microsoft-Windows-WindowsUpdateClient,Microsoft-Windows-WindowsUpdateClient/Operational,848,1536,WIN-TFHMB3RRSQV,0,S-1-5-18,,,,,,,,,,,False,example_files\original\C\Windows\System32\winevt\logs\Microsoft-Windows-WindowsUpdateClient%4Operational.evtx,0x4000000000000001,0,"{""EventData"":""""}"
7,7,2025-02-04 03:20:30.6304455,42,Info,Microsoft-Windows-WindowsUpdateClient,Microsoft-Windows-WindowsUpdateClient/Operational,848,1536,WIN-TFHMB3RRSQV,0,S-1-5-18,,,,,,,,,,,False,example_files\original\C\Windows\System32\winevt\logs\Microsoft-Windows-WindowsUpdateClient%4Operational.evtx,0x4000000000000480,0,"{""EventData"":{""Data"":[{""@Name"":""hc_stateid"",""#text"":""0""},{""@Name"":""restartDate""},{""@Name"":""restartTime""}]}}"
8,8,2025-02-04 03:21:58.7862003,29,Warning,Microsoft-Windows-WindowsUpdateClient,Microsoft-Windows-WindowsUpdateClient/Operational,848,1536,WIN-TFHMB3RRSQV,0,S-1-5-18,,,,,,,,,,,False,example_files\original\C\Windows\System32\winevt\logs\Microsoft-Windows-WindowsUpdateClient%4Operational.evtx,0x4000000000000001,0,"{""EventData"":""""}"
9,9,2025-02-04 03:21:58.7862003,30,Info,Microsoft-Windows-WindowsUpdateClient,Microsoft-Windows-WindowsUpdateClient/Operational,848,1536,WIN-TFHMB3RRSQV,0,S-1-5-18,,,,,,,,,,,False,example_files\original\C\Windows\System32\winevt\logs\Microsoft-Windows-WindowsUpdateClient%4Operational.evtx,0x4000000000000001,0,"{""EventData"":""""}"
10,10,2025-02-04 03:21:58.7862003,30,Info,Microsoft-Windows-WindowsUpdateClient,Microsoft-Windows-WindowsUpdateClient/Operational,848,1536,WIN-TFHMB3RRSQV,0,S-1-5-18,,,,,,,,,,,False,example_files\original\C\Windows\System32\winevt\logs\Microsoft-Windows-WindowsUpdateClient%4Operational.evtx,0x4000000000000001,0,"{""EventData"":""""}"
11,11,2025-02-04 03:55:44.6055859,42,Info,Microsoft-Windows-WindowsUpdateClient,Microsoft-Windows-WindowsUpdateClient/Operational,848,2800,WIN-TFHMB3RRSQV,0,S-1-5-18,,,,,,,,,,,False,example_files\original\C\Windows\System32\winevt\logs\Microsoft-Windows-WindowsUpdateClient%4Operational.evtx,0x4000000000000480,0,"{""EventData"":{""Data"":[{""@Name"":""hc_stateid"",""#text"":""0""},{""@Name"":""restartDate""},{""@Name"":""restartTime""}]}}"
1,1,2025-02-04 19:08:42.4772421,4608,LogAlways,Microsoft-Windows-Security-Auditing,Security,460,464,37L4247F27-25,0,,Windows is starting up,,,,,,,,,,False,example_files\original\C\Windows\System32\winevt\logs\Security.evtx,Audit success,0,"{""EventData"":""""}"
2,2,2025-02-04 19:08:42.4772421,4624,LogAlways,Microsoft-Windows-Security-Auditing,Security,460,464,37L4247F27-25,0,,Successful logon,-\-,- (-),Target: NT AUTHORITY\SYSTEM,LogonType 0,LogonId: 0x3E7,AuthenticationPackageName: -,LogonProcessName: -,,,False,example_files\original\C\Windows\System32\winevt\logs\Security.evtx,Audit success,0,"{""EventData"":{""Data"":[{""@Name"":""SubjectUserSid"",""#text"":""S-1-0-0""},{""@Name"":""SubjectUserName"",""#text"":""-""},{""@Name"":""SubjectDomainName"",""#text"":""-""},{""@Name"":""SubjectLogonId"",""#text"":""0x0""},{""@Name"":""TargetUserSid"",""#text"":""S-1-5-18""},{""@Name"":""TargetUserName"",""#text"":""SYSTEM""},{""@Name"":""TargetDomainName"",""#text"":""NT AUTHORITY""},{""@Name"":""TargetLogonId"",""#text"":""0x3E7""},{""@Name"":""LogonType"",""#text"":""0""},{""@Name"":""LogonProcessName"",""#text"":""-""},{""@Name"":""AuthenticationPackageName"",""#text"":""-""},{""@Name"":""WorkstationName"",""#text"":""-""},{""@Name"":""LogonGuid"",""#text"":""00000000-0000-0000-0000-000000000000""},{""@Name"":""TransmittedServices"",""#text"":""-""},{""@Name"":""LmPackageName"",""#text"":""-""},{""@Name"":""KeyLength"",""#text"":""0""},{""@Name"":""ProcessId"",""#text"":""0x4""},{""@Name"":""ProcessName""},{""@Name"":""IpAddress"",""#text"":""-""},{""@Name"":""IpPort"",""#text"":""-""}]}}"
3,3,2025-02-04 19:08:42.5396422,4902,LogAlways,Microsoft-Windows-Security-Auditing,Security,460,520,37L4247F27-25,0,,,,,,,,,,,,False,example_files\original\C\Windows\System32\winevt\logs\Security.evtx,Audit success,0,"{""EventData"":{""Data"":[{""@Name"":""PuaCount"",""#text"":""0""},{""@Name"":""PuaPolicyId"",""#text"":""0x35896""}]}}"
4,4,2025-02-04 19:08:42.5396422,4731,LogAlways,Microsoft-Windows-Security-Auditing,Security,460,464,37L4247F27-25,0,,A security-enabled local group was created,WORKGROUP\37L4247F27-25$ (S-1-5-18),,Target: Builtin\Backup Operators (S-1-5-32-551),SubjectLogonId: 0x3E7,SamAccountName: Backup Operators,SidHistory: -,PrivilegeList: -,,,False,example_files\original\C\Windows\System32\winevt\logs\Security.evtx,Audit success,0,"{""EventData"":{""Data"":[{""@Name"":""TargetUserName"",""#text"":""Backup Operators""},{""@Name"":""TargetDomainName"",""#text"":""Builtin""},{""@Name"":""TargetSid"",""#text"":""S-1-5-32-551""},{""@Name"":""SubjectUserSid"",""#text"":""S-1-5-18""},{""@Name"":""SubjectUserName"",""#text"":""37L4247F27-25$""},{""@Name"":""SubjectDomainName"",""#text"":""WORKGROUP""},{""@Name"":""SubjectLogonId"",""#text"":""0x3E7""},{""@Name"":""PrivilegeList"",""#text"":""-""},{""@Name"":""SamAccountName"",""#text"":""Backup Operators""},{""@Name"":""SidHistory"",""#text"":""-""}]}}"
5,5,2025-02-04 19:08:42.5396422,4735,LogAlways,Microsoft-Windows-Security-Auditing,Security,460,464,37L4247F27-25,0,,A security-enabled local group was changed,WORKGROUP\37L4247F27-25$ (S-1-5-18),,Target: Builtin\Backup Operators (S-1-5-32-551),SubjectLogonId: 0x3E7,SamAccountName: -,SidHistory: -,PrivilegeList: -,,,False,example_files\original\C\Windows\System32\winevt\logs\Security.evtx,Audit success,0,"{""EventData"":{""Data"":[{""@Name"":""TargetUserName"",""#text"":""Backup Operators""},{""@Name"":""TargetDomainName"",""#text"":""Builtin""},{""@Name"":""TargetSid"",""#text"":""S-1-5-32-551""},{""@Name"":""SubjectUserSid"",""#text"":""S-1-5-18""},{""@Name"":""SubjectUserName"",""#text"":""37L4247F27-25$""},{""@Name"":""SubjectDomainName"",""#text"":""WORKGROUP""},{""@Name"":""SubjectLogonId"",""#text"":""0x3E7""},{""@Name"":""PrivilegeList"",""#text"":""-""},{""@Name"":""SamAccountName"",""#text"":""-""},{""@Name"":""SidHistory"",""#text"":""-""}]}}"
6,6,2025-02-04 19:08:42.5396422,4731,LogAlways,Microsoft-Windows-Security-Auditing,Security,460,464,37L4247F27-25,0,,A security-enabled local group was created,WORKGROUP\37L4247F27-25$ (S-1-5-18),,Target: Builtin\Replicator (S-1-5-32-552),SubjectLogonId: 0x3E7,SamAccountName: Replicator,SidHistory: -,PrivilegeList: -,,,False,example_files\original\C\Windows\System32\winevt\logs\Security.evtx,Audit success,0,"{""EventData"":{""Data"":[{""@Name"":""TargetUserName"",""#text"":""Replicator""},{""@Name"":""TargetDomainName"",""#text"":""Builtin""},{""@Name"":""TargetSid"",""#text"":""S-1-5-32-552""},{""@Name"":""SubjectUserSid"",""#text"":""S-1-5-18""},{""@Name"":""SubjectUserName"",""#text"":""37L4247F27-25$""},{""@Name"":""SubjectDomainName"",""#text"":""WORKGROUP""},{""@Name"":""SubjectLogonId"",""#text"":""0x3E7""},{""@Name"":""PrivilegeList"",""#text"":""-""},{""@Name"":""SamAccountName"",""#text"":""Replicator""},{""@Name"":""SidHistory"",""#text"":""-""}]}}"
7,7,2025-02-04 19:08:42.5396422,4735,LogAlways,Microsoft-Windows-Security-Auditing,Security,460,464,37L4247F27-25,0,,A security-enabled local group was changed,WORKGROUP\37L4247F27-25$ (S-1-5-18),,Target: Builtin\Replicator (S-1-5-32-552),SubjectLogonId: 0x3E7,SamAccountName: -,SidHistory: -,PrivilegeList: -,,,False,example_files\original\C\Windows\System32\winevt\logs\Security.evtx,Audit success,0,"{""EventData"":{""Data"":[{""@Name"":""TargetUserName"",""#text"":""Replicator""},{""@Name"":""TargetDomainName"",""#text"":""Builtin""},{""@Name"":""TargetSid"",""#text"":""S-1-5-32-552""},{""@Name"":""SubjectUserSid"",""#text"":""S-1-5-18""},{""@Name"":""SubjectUserName"",""#text"":""37L4247F27-25$""},{""@Name"":""SubjectDomainName"",""#text"":""WORKGROUP""},{""@Name"":""SubjectLogonId"",""#text"":""0x3E7""},{""@Name"":""PrivilegeList"",""#text"":""-""},{""@Name"":""SamAccountName"",""#text"":""-""},{""@Name"":""SidHistory"",""#text"":""-""}]}}"
8,8,2025-02-04 19:08:42.5396422,4731,LogAlways,Microsoft-Windows-Security-Auditing,Security,460,464,37L4247F27-25,0,,A security-enabled local group was created,WORKGROUP\37L4247F27-25$ (S-1-5-18),,Target: Builtin\Remote Desktop Users (S-1-5-32-555),SubjectLogonId: 0x3E7,SamAccountName: Remote Desktop Users,SidHistory: -,PrivilegeList: -,,,False,example_files\original\C\Windows\System32\winevt\logs\Security.evtx,Audit success,0,"{""EventData"":{""Data"":[{""@Name"":""TargetUserName"",""#text"":""Remote Desktop Users""},{""@Name"":""TargetDomainName"",""#text"":""Builtin""},{""@Name"":""TargetSid"",""#text"":""S-1-5-32-555""},{""@Name"":""SubjectUserSid"",""#text"":""S-1-5-18""},{""@Name"":""SubjectUserName"",""#text"":""37L4247F27-25$""},{""@Name"":""SubjectDomainName"",""#text"":""WORKGROUP""},{""@Name"":""SubjectLogonId"",""#text"":""0x3E7""},{""@Name"":""PrivilegeList"",""#text"":""-""},{""@Name"":""SamAccountName"",""#text"":""Remote Desktop Users""},{""@Name"":""SidHistory"",""#text"":""-""}]}}"
9,9,2025-02-04 19:08:42.5396422,4735,LogAlways,Microsoft-Windows-Security-Auditing,Security,460,464,37L4247F27-25,0,,A security-enabled local group was changed,WORKGROUP\37L4247F27-25$ (S-1-5-18),,Target: Builtin\Remote Desktop Users (S-1-5-32-555),SubjectLogonId: 0x3E7,SamAccountName: -,SidHistory: -,PrivilegeList: -,,,False,example_files\original\C\Windows\System32\winevt\logs\Security.evtx,Audit success,0,"{""EventData"":{""Data"":[{""@Name"":""TargetUserName"",""#text"":""Remote Desktop Users""},{""@Name"":""TargetDomainName"",""#text"":""Builtin""},{""@Name"":""TargetSid"",""#text"":""S-1-5-32-555""},{""@Name"":""SubjectUserSid"",""#text"":""S-1-5-18""},{""@Name"":""SubjectUserName"",""#text"":""37L4247F27-25$""},{""@Name"":""SubjectDomainName"",""#text"":""WORKGROUP""},{""@Name"":""SubjectLogonId"",""#text"":""0x3E7""},{""@Name"":""PrivilegeList"",""#text"":""-""},{""@Name"":""SamAccountName"",""#text"":""-""},{""@Name"":""SidHistory"",""#text"":""-""}]}}"
10,10,2025-02-04 19:08:42.5396422,4731,LogAlways,Microsoft-Windows-Security-Auditing,Security,460,464,37L4247F27-25,0,,A security-enabled local group was created,WORKGROUP\37L4247F27-25$ (S-1-5-18),,Target: Builtin\Network Configuration Operators (S-1-5-32-556),SubjectLogonId: 0x3E7,SamAccountName: Network Configuration Operators,SidHistory: -,PrivilegeList: -,,,False,example_files\original\C\Windows\System32\winevt\logs\Security.evtx,Audit success,0,"{""EventData"":{""Data"":[{""@Name"":""TargetUserName"",""#text"":""Network Configuration Operators""},{""@Name"":""TargetDomainName"",""#text"":""Builtin""},{""@Name"":""TargetSid"",""#text"":""S-1-5-32-556""},{""@Name"":""SubjectUserSid"",""#text"":""S-1-5-18""},{""@Name"":""SubjectUserName"",""#text"":""37L4247F27-25$""},{""@Name"":""SubjectDomainName"",""#text"":""WORKGROUP""},{""@Name"":""SubjectLogonId"",""#text"":""0x3E7""},{""@Name"":""PrivilegeList"",""#text"":""-""},{""@Name"":""SamAccountName"",""#text"":""Network Configuration Operators""},{""@Name"":""SidHistory"",""#text"":""-""}]}}"
11,11,2025-02-04 19:08:42.5396422,4735,LogAlways,Microsoft-Windows-Security-Auditing,Security,460,464,37L4247F27-25,0,,A security-enabled local group was changed,WORKGROUP\37L4247F27-25$ (S-1-5-18),,Target: Builtin\Network Configuration Operators (S-1-5-32-556),SubjectLogonId: 0x3E7,SamAccountName: -,SidHistory: -,PrivilegeList: -,,,False,example_files\original\C\Windows\System32\winevt\logs\Security.evtx,Audit success,0,"{""EventData"":{""Data"":[{""@Name"":""TargetUserName"",""#text"":""Network Configuration Operators""},{""@Name"":""TargetDomainName"",""#text"":""Builtin""},{""@Name"":""TargetSid"",""#text"":""S-1-5-32-556""},{""@Name"":""SubjectUserSid"",""#text"":""S-1-5-18""},{""@Name"":""SubjectUserName"",""#text"":""37L4247F27-25$""},{""@Name"":""SubjectDomainName"",""#text"":""WORKGROUP""},{""@Name"":""SubjectLogonId"",""#text"":""0x3E7""},{""@Name"":""PrivilegeList"",""#text"":""-""},{""@Name"":""SamAccountName"",""#text"":""-""},{""@Name"":""SidHistory"",""#text"":""-""}]}}"
12,12,2025-02-04 19:08:42.5396422,4731,LogAlways,Microsoft-Windows-Security-Auditing,Security,460,464,37L4247F27-25,0,,A security-enabled local group was created,WORKGROUP\37L4247F27-25$ (S-1-5-18),,Target: Builtin\Power Users (S-1-5-32-547),SubjectLogonId: 0x3E7,SamAccountName: Power Users,SidHistory: -,PrivilegeList: -,,,False,example_files\original\C\Windows\System32\winevt\logs\Security.evtx,Audit success,0,"{""EventData"":{""Data"":[{""@Name"":""TargetUserName"",""#text"":""Power Users""},{""@Name"":""TargetDomainName"",""#text"":""Builtin""},{""@Name"":""TargetSid"",""#text"":""S-1-5-32-547""},{""@Name"":""SubjectUserSid"",""#text"":""S-1-5-18""},{""@Name"":""SubjectUserName"",""#text"":""37L4247F27-25$""},{""@Name"":""SubjectDomainName"",""#text"":""WORKGROUP""},{""@Name"":""SubjectLogonId"",""#text"":""0x3E7""},{""@Name"":""PrivilegeList"",""#text"":""-""},{""@Name"":""SamAccountName"",""#text"":""Power Users""},{""@Name"":""SidHistory"",""#text"":""-""}]}}"
13,13,2025-02-04 19:08:42.5396422,4735,LogAlways,Microsoft-Windows-Security-Auditing,Security,460,464,37L4247F27-25,0,,A security-enabled local group was changed,WORKGROUP\37L4247F27-25$ (S-1-5-18),,Target: Builtin\Power Users (S-1-5-32-547),SubjectLogonId: 0x3E7,SamAccountName: -,SidHistory: -,PrivilegeList: -,,,False,example_files\original\C\Windows\System32\winevt\logs\Security.evtx,Audit success,0,"{""EventData"":{""Data"":[{""@Name"":""TargetUserName"",""#text"":""Power Users""},{""@Name"":""TargetDomainName"",""#text"":""Builtin""},{""@Name"":""TargetSid"",""#text"":""S-1-5-32-547""},{""@Name"":""SubjectUserSid"",""#text"":""S-1-5-18""},{""@Name"":""SubjectUserName"",""#text"":""37L4247F27-25$""},{""@Name"":""SubjectDomainName"",""#text"":""WORKGROUP""},{""@Name"":""SubjectLogonId"",""#text"":""0x3E7""},{""@Name"":""PrivilegeList"",""#text"":""-""},{""@Name"":""SamAccountName"",""#text"":""-""},{""@Name"":""SidHistory"",""#text"":""-""}]}}"
14,14,2025-02-04 19:08:42.5552422,4731,LogAlways,Microsoft-Windows-Security-Auditing,Security,460,464,37L4247F27-25,0,,A security-enabled local group was created,WORKGROUP\37L4247F27-25$ (S-1-5-18),,Target: Builtin\Cryptographic Operators (S-1-5-32-569),SubjectLogonId: 0x3E7,SamAccountName: Cryptographic Operators,SidHistory: -,PrivilegeList: -,,,False,example_files\original\C\Windows\System32\winevt\logs\Security.evtx,Audit success,0,"{""EventData"":{""Data"":[{""@Name"":""TargetUserName"",""#text"":""Cryptographic Operators""},{""@Name"":""TargetDomainName"",""#text"":""Builtin""},{""@Name"":""TargetSid"",""#text"":""S-1-5-32-569""},{""@Name"":""SubjectUserSid"",""#text"":""S-1-5-18""},{""@Name"":""SubjectUserName"",""#text"":""37L4247F27-25$""},{""@Name"":""SubjectDomainName"",""#text"":""WORKGROUP""},{""@Name"":""SubjectLogonId"",""#text"":""0x3E7""},{""@Name"":""PrivilegeList"",""#text"":""-""},{""@Name"":""SamAccountName"",""#text"":""Cryptographic Operators""},{""@Name"":""SidHistory"",""#text"":""-""}]}}"
15,15,2025-02-04 19:08:42.5552422,4735,LogAlways,Microsoft-Windows-Security-Auditing,Security,460,464,37L4247F27-25,0,,A security-enabled local group was changed,WORKGROUP\37L4247F27-25$ (S-1-5-18),,Target: Builtin\Cryptographic Operators (S-1-5-32-569),SubjectLogonId: 0x3E7,SamAccountName: -,SidHistory: -,PrivilegeList: -,,,False,example_files\original\C\Windows\System32\winevt\logs\Security.evtx,Audit success,0,"{""EventData"":{""Data"":[{""@Name"":""TargetUserName"",""#text"":""Cryptographic Operators""},{""@Name"":""TargetDomainName"",""#text"":""Builtin""},{""@Name"":""TargetSid"",""#text"":""S-1-5-32-569""},{""@Name"":""SubjectUserSid"",""#text"":""S-1-5-18""},{""@Name"":""SubjectUserName"",""#text"":""37L4247F27-25$""},{""@Name"":""SubjectDomainName"",""#text"":""WORKGROUP""},{""@Name"":""SubjectLogonId"",""#text"":""0x3E7""},{""@Name"":""PrivilegeList"",""#text"":""-""},{""@Name"":""SamAccountName"",""#text"":""-""},{""@Name"":""SidHistory"",""#text"":""-""}]}}"
16,16,2025-02-04 19:08:42.5552422,4624,LogAlways,Microsoft-Windows-Security-Auditing,Security,460,508,37L4247F27-25,0,,Successful logon,WORKGROUP\37L4247F27-25$," (-)",Target: NT AUTHORITY\SYSTEM,LogonType 5,LogonId: 0x3E7,AuthenticationPackageName: Negotiate,"LogonProcessName: Advapi  ",,C:\Windows\System32\services.exe,False,example_files\original\C\Windows\System32\winevt\logs\Security.evtx,Audit success,0,"{""EventData"":{""Data"":[{""@Name"":""SubjectUserSid"",""#text"":""S-1-5-18""},{""@Name"":""SubjectUserName"",""#text"":""37L4247F27-25$""},{""@Name"":""SubjectDomainName"",""#text"":""WORKGROUP""},{""@Name"":""SubjectLogonId"",""#text"":""0x3E7""},{""@Name"":""TargetUserSid"",""#text"":""S-1-5-18""},{""@Name"":""TargetUserName"",""#text"":""SYSTEM""},{""@Name"":""TargetDomainName"",""#text"":""NT AUTHORITY""},{""@Name"":""TargetLogonId"",""#text"":""0x3E7""},{""@Name"":""LogonType"",""#text"":""5""},{""@Name"":""LogonProcessName"",""#text"":""Advapi  ""},{""@Name"":""AuthenticationPackageName"",""#text"":""Negotiate""},{""@Name"":""WorkstationName""},{""@Name"":""LogonGuid"",""#text"":""00000000-0000-0000-0000-000000000000""},{""@Name"":""TransmittedServices"",""#text"":""-""},{""@Name"":""LmPackageName"",""#text"":""-""},{""@Name"":""KeyLength"",""#text"":""0""},{""@Name"":""ProcessId"",""#text"":""0x1BC""},{""@Name"":""ProcessName"",""#text"":""C:\\Windows\\System32\\services.exe""},{""@Name"":""IpAddress"",""#text"":""-""},{""@Name"":""IpPort"",""#text"":""-""}]}}"
17,17,2025-02-04 19:08:42.5552422,4672,LogAlways,Microsoft-Windows-Security-Auditing,Security,460,508,37L4247F27-25,0,,Administrative logon,NT AUTHORITY\SYSTEM (S-1-5-18),,"PrivilegeList: SeAssignPrimaryTokenPrivilege, SeTcbPrivilege, SeSecurityPrivilege, SeTakeOwnershipPrivilege, SeLoadDriverPrivilege, SeBackupPrivilege, SeRestorePrivilege, SeDebugPrivilege, SeAuditPrivilege, SeSystemEnvironmentPrivilege, SeImpersonatePrivilege",LogonId: 0x3E7,,,,,,False,example_files\original\C\Windows\System32\winevt\logs\Security.evtx,Audit success,0,"{""EventData"":{""Data"":[{""@Name"":""SubjectUserSid"",""#text"":""S-1-5-18""},{""@Name"":""SubjectUserName"",""#text"":""SYSTEM""},{""@Name"":""SubjectDomainName"",""#text"":""NT AUTHORITY""},{""@Name"":""SubjectLogonId"",""#text"":""0x3E7""},{""@Name"":""PrivilegeList"",""#text"":""SeAssignPrimaryTokenPrivilege, SeTcbPrivilege, SeSecurityPrivilege, SeTakeOwnershipPrivilege, SeLoadDriverPrivilege, SeBackupPrivilege, SeRestorePrivilege, SeDebugPrivilege, SeAuditPrivilege, SeSystemEnvironmentPrivilege, SeImpersonatePrivilege""}]}}"
18,18,2025-02-04 19:08:42.6176424,4624,LogAlways,Microsoft-Windows-Security-Auditing,Security,460,532,37L4247F27-25,0,,Successful logon,WORKGROUP\37L4247F27-25$," (-)",Target: NT AUTHORITY\NETWORK SERVICE,LogonType 5,LogonId: 0x3E4,AuthenticationPackageName: Negotiate,"LogonProcessName: Advapi  ",,C:\Windows\System32\services.exe,False,example_files\original\C\Windows\System32\winevt\logs\Security.evtx,Audit success,0,"{""EventData"":{""Data"":[{""@Name"":""SubjectUserSid"",""#text"":""S-1-5-18""},{""@Name"":""SubjectUserName"",""#text"":""37L4247F27-25$""},{""@Name"":""SubjectDomainName"",""#text"":""WORKGROUP""},{""@Name"":""SubjectLogonId"",""#text"":""0x3E7""},{""@Name"":""TargetUserSid"",""#text"":""S-1-5-20""},{""@Name"":""TargetUserName"",""#text"":""NETWORK SERVICE""},{""@Name"":""TargetDomainName"",""#text"":""NT AUTHORITY""},{""@Name"":""TargetLogonId"",""#text"":""0x3E4""},{""@Name"":""LogonType"",""#text"":""5""},{""@Name"":""LogonProcessName"",""#text"":""Advapi  ""},{""@Name"":""AuthenticationPackageName"",""#text"":""Negotiate""},{""@Name"":""WorkstationName""},{""@Name"":""LogonGuid"",""#text"":""00000000-0000-0000-0000-000000000000""},{""@Name"":""TransmittedServices"",""#text"":""-""},{""@Name"":""LmPackageName"",""#text"":""-""},{""@Name"":""KeyLength"",""#text"":""0""},{""@Name"":""ProcessId"",""#text"":""0x1BC""},{""@Name"":""ProcessName"",""#text"":""C:\\Windows\\System32\\services.exe""},{""@Name"":""IpAddress"",""#text"":""-""},{""@Name"":""IpPort"",""#text"":""-""}]}}"
19,19,2025-02-04 19:08:42.6176424,4672,LogAlways,Microsoft-Windows-Security-Auditing,Security,460,532,37L4247F27-25,0,,Administrative logon,NT AUTHORITY\NETWORK SERVICE (S-1-5-20),,"PrivilegeList: SeAssignPrimaryTokenPrivilege, SeAuditPrivilege, SeImpersonatePrivilege",LogonId: 0x3E4,,,,,,False,example_files\original\C\Windows\System32\winevt\logs\Security.evtx,Audit success,0,"{""EventData"":{""Data"":[{""@Name"":""SubjectUserSid"",""#text"":""S-1-5-20""},{""@Name"":""SubjectUserName"",""#text"":""NETWORK SERVICE""},{""@Name"":""SubjectDomainName"",""#text"":""NT AUTHORITY""},{""@Name"":""SubjectLogonId"",""#text"":""0x3E4""},{""@Name"":""PrivilegeList"",""#text"":""SeAssignPrimaryTokenPrivilege, SeAuditPrivilege, SeImpersonatePrivilege""}]}}"
20,20,2025-02-04 19:08:44.5364457,4624,LogAlways,Microsoft-Windows-Security-Auditing,Security,460,560,37L4247F27-25,0,,Successful logon,WORKGROUP\37L4247F27-25$," (-)",Target: NT AUTHORITY\LOCAL SERVICE,LogonType 5,LogonId: 0x3E5,AuthenticationPackageName: Negotiate,"LogonProcessName: Advapi  ",,C:\Windows\System32\services.exe,False,example_files\original\C\Windows\System32\winevt\logs\Security.evtx,Audit success,0,"{""EventData"":{""Data"":[{""@Name"":""SubjectUserSid"",""#text"":""S-1-5-18""},{""@Name"":""SubjectUserName"",""#text"":""37L4247F27-25$""},{""@Name"":""SubjectDomainName"",""#text"":""WORKGROUP""},{""@Name"":""SubjectLogonId"",""#text"":""0x3E7""},{""@Name"":""TargetUserSid"",""#text"":""S-1-5-19""},{""@Name"":""TargetUserName"",""#text"":""LOCAL SERVICE""},{""@Name"":""TargetDomainName"",""#text"":""NT AUTHORITY""},{""@Name"":""TargetLogonId"",""#text"":""0x3E5""},{""@Name"":""LogonType"",""#text"":""5""},{""@Name"":""LogonProcessName"",""#text"":""Advapi  ""},{""@Name"":""AuthenticationPackageName"",""#text"":""Negotiate""},{""@Name"":""WorkstationName""},{""@Name"":""LogonGuid"",""#text"":""00000000-0000-0000-0000-000000000000""},{""@Name"":""TransmittedServices"",""#text"":""-""},{""@Name"":""LmPackageName"",""#text"":""-""},{""@Name"":""KeyLength"",""#text"":""0""},{""@Name"":""ProcessId"",""#text"":""0x1BC""},{""@Name"":""ProcessName"",""#text"":""C:\\Windows\\System32\\services.exe""},{""@Name"":""IpAddress"",""#text"":""-""},{""@Name"":""IpPort"",""#text"":""-""}]}}"
21,21,2025-02-04 19:08:44.5364457,4672,LogAlways,Microsoft-Windows-Security-Auditing,Security,460,560,37L4247F27-25,0,,Administrative logon,NT AUTHORITY\LOCAL SERVICE (S-1-5-19),,"PrivilegeList: SeAssignPrimaryTokenPrivilege, SeAuditPrivilege, SeImpersonatePrivilege",LogonId: 0x3E5,,,,,,False,example_files\original\C\Windows\System32\winevt\logs\Security.evtx,Audit success,0,"{""EventData"":{""Data"":[{""@Name"":""SubjectUserSid"",""#text"":""S-1-5-19""},{""@Name"":""SubjectUserName"",""#text"":""LOCAL SERVICE""},{""@Name"":""SubjectDomainName"",""#text"":""NT AUTHORITY""},{""@Name"":""SubjectLogonId"",""#text"":""0x3E5""},{""@Name"":""PrivilegeList"",""#text"":""SeAssignPrimaryTokenPrivilege, SeAuditPrivilege, SeImpersonatePrivilege""}]}}"
22,22,2025-02-04 19:08:44.5676458,4624,LogAlways,Microsoft-Windows-Security-Auditing,Security,460,532,37L4247F27-25,0,,Successful logon,WORKGROUP\37L4247F27-25$," (-)",Target: NT AUTHORITY\SYSTEM,LogonType 5,LogonId: 0x3E7,AuthenticationPackageName: Negotiate,"LogonProcessName: Advapi  ",,C:\Windows\System32\services.exe,False,example_files\original\C\Windows\System32\winevt\logs\Security.evtx,Audit success,0,"{""EventData"":{""Data"":[{""@Name"":""SubjectUserSid"",""#text"":""S-1-5-18""},{""@Name"":""SubjectUserName"",""#text"":""37L4247F27-25$""},{""@Name"":""SubjectDomainName"",""#text"":""WORKGROUP""},{""@Name"":""SubjectLogonId"",""#text"":""0x3E7""},{""@Name"":""TargetUserSid"",""#text"":""S-1-5-18""},{""@Name"":""TargetUserName"",""#text"":""SYSTEM""},{""@Name"":""TargetDomainName"",""#text"":""NT AUTHORITY""},{""@Name"":""TargetLogonId"",""#text"":""0x3E7""},{""@Name"":""LogonType"",""#text"":""5""},{""@Name"":""LogonProcessName"",""#text"":""Advapi  ""},{""@Name"":""AuthenticationPackageName"",""#text"":""Negotiate""},{""@Name"":""WorkstationName""},{""@Name"":""LogonGuid"",""#text"":""00000000-0000-0000-0000-000000000000""},{""@Name"":""TransmittedServices"",""#text"":""-""},{""@Name"":""LmPackageName"",""#text"":""-""},{""@Name"":""KeyLength"",""#text"":""0""},{""@Name"":""ProcessId"",""#text"":""0x1BC""},{""@Name"":""ProcessName"",""#text"":""C:\\Windows\\System32\\services.exe""},{""@Name"":""IpAddress"",""#text"":""-""},{""@Name"":""IpPort"",""#text"":""-""}]}}"
23,23,2025-02-04 19:08:44.5676458,4672,LogAlways,Microsoft-Windows-Security-Auditing,Security,460,532,37L4247F27-25,0,,Administrative logon,NT AUTHORITY\SYSTEM (S-1-5-18),,"PrivilegeList: SeAssignPrimaryTokenPrivilege, SeTcbPrivilege, SeSecurityPrivilege, SeTakeOwnershipPrivilege, SeLoadDriverPrivilege, SeBackupPrivilege, SeRestorePrivilege, SeDebugPrivilege, SeAuditPrivilege, SeSystemEnvironmentPrivilege, SeImpersonatePrivilege",LogonId: 0x3E7,,,,,,False,example_files\original\C\Windows\System32\winevt\logs\Security.evtx,Audit success,0,"{""EventData"":{""Data"":[{""@Name"":""SubjectUserSid"",""#text"":""S-1-5-18""},{""@Name"":""SubjectUserName"",""#text"":""SYSTEM""},{""@Name"":""SubjectDomainName"",""#text"":""NT AUTHORITY""},{""@Name"":""SubjectLogonId"",""#text"":""0x3E7""},{""@Name"":""PrivilegeList"",""#text"":""SeAssignPrimaryTokenPrivilege, SeTcbPrivilege, SeSecurityPrivilege, SeTakeOwnershipPrivilege, SeLoadDriverPrivilege, SeBackupPrivilege, SeRestorePrivilege, SeDebugPrivilege, SeAuditPrivilege, SeSystemEnvironmentPrivilege, SeImpersonatePrivilege""}]}}"
24,24,2025-02-04 19:08:44.5676458,4624,LogAlways,Microsoft-Windows-Security-Auditing,Security,460,560,37L4247F27-25,0,,Successful logon,WORKGROUP\37L4247F27-25$," (-)",Target: NT AUTHORITY\SYSTEM,LogonType 5,LogonId: 0x3E7,AuthenticationPackageName: Negotiate,"LogonProcessName: Advapi  ",,C:\Windows\System32\services.exe,False,example_files\original\C\Windows\System32\winevt\logs\Security.evtx,Audit success,0,"{""EventData"":{""Data"":[{""@Name"":""SubjectUserSid"",""#text"":""S-1-5-18""},{""@Name"":""SubjectUserName"",""#text"":""37L4247F27-25$""},{""@Name"":""SubjectDomainName"",""#text"":""WORKGROUP""},{""@Name"":""SubjectLogonId"",""#text"":""0x3E7""},{""@Name"":""TargetUserSid"",""#text"":""S-1-5-18""},{""@Name"":""TargetUserName"",""#text"":""SYSTEM""},{""@Name"":""TargetDomainName"",""#text"":""NT AUTHORITY""},{""@Name"":""TargetLogonId"",""#text"":""0x3E7""},{""@Name"":""LogonType"",""#text"":""5""},{""@Name"":""LogonProcessName"",""#text"":""Advapi  ""},{""@Name"":""AuthenticationPackageName"",""#text"":""Negotiate""},{""@Name"":""WorkstationName""},{""@Name"":""LogonGuid"",""#text"":""00000000-0000-0000-0000-000000000000""},{""@Name"":""TransmittedServices"",""#text"":""-""},{""@Name"":""LmPackageName"",""#text"":""-""},{""@Name"":""KeyLength"",""#text"":""0""},{""@Name"":""ProcessId"",""#text"":""0x1BC""},{""@Name"":""ProcessName"",""#text"":""C:\\Windows\\System32\\services.exe""},{""@Name"":""IpAddress"",""#text"":""-""},{""@Name"":""IpPort"",""#text"":""-""}]}}"
25,25,2025-02-04 19:08:44.5676458,4672,LogAlways,Microsoft-Windows-Security-Auditing,Security,460,560,37L4247F27-25,0,,Administrative logon,NT AUTHORITY\SYSTEM (S-1-5-18),,"PrivilegeList: SeAssignPrimaryTokenPrivilege, SeTcbPrivilege, SeSecurityPrivilege, SeTakeOwnershipPrivilege, SeLoadDriverPrivilege, SeBackupPrivilege, SeRestorePrivilege, SeDebugPrivilege, SeAuditPrivilege, SeSystemEnvironmentPrivilege, SeImpersonatePrivilege",LogonId: 0x3E7,,,,,,False,example_files\original\C\Windows\System32\winevt\logs\Security.evtx,Audit success,0,"{""EventData"":{""Data"":[{""@Name"":""SubjectUserSid"",""#text"":""S-1-5-18""},{""@Name"":""SubjectUserName"",""#text"":""SYSTEM""},{""@Name"":""SubjectDomainName"",""#text"":""NT AUTHORITY""},{""@Name"":""SubjectLogonId"",""#text"":""0x3E7""},{""@Name"":""PrivilegeList"",""#text"":""SeAssignPrimaryTokenPrivilege, SeTcbPrivilege, SeSecurityPrivilege, SeTakeOwnershipPrivilege, SeLoadDriverPrivilege, SeBackupPrivilege, SeRestorePrivilege, SeDebugPrivilege, SeAuditPrivilege, SeSystemEnvironmentPrivilege, SeImpersonatePrivilege""}]}}"
26,26,2025-02-04 19:08:44.5988458,4624,LogAlways,Microsoft-Windows-Security-Auditing,Security,460,532,37L4247F27-25,0,,Successful logon,WORKGROUP\37L4247F27-25$," (-)",Target: NT AUTHORITY\SYSTEM,LogonType 5,LogonId: 0x3E7,AuthenticationPackageName: Negotiate,"LogonProcessName: Advapi  ",,C:\Windows\System32\services.exe,False,example_files\original\C\Windows\System32\winevt\logs\Security.evtx,Audit success,0,"{""EventData"":{""Data"":[{""@Name"":""SubjectUserSid"",""#text"":""S-1-5-18""},{""@Name"":""SubjectUserName"",""#text"":""37L4247F27-25$""},{""@Name"":""SubjectDomainName"",""#text"":""WORKGROUP""},{""@Name"":""SubjectLogonId"",""#text"":""0x3E7""},{""@Name"":""TargetUserSid"",""#text"":""S-1-5-18""},{""@Name"":""TargetUserName"",""#text"":""SYSTEM""},{""@Name"":""TargetDomainName"",""#text"":""NT AUTHORITY""},{""@Name"":""TargetLogonId"",""#text"":""0x3E7""},{""@Name"":""LogonType"",""#text"":""5""},{""@Name"":""LogonProcessName"",""#text"":""Advapi  ""},{""@Name"":""AuthenticationPackageName"",""#text"":""Negotiate""},{""@Name"":""WorkstationName""},{""@Name"":""LogonGuid"",""#text"":""00000000-0000-0000-0000-000000000000""},{""@Name"":""TransmittedServices"",""#text"":""-""},{""@Name"":""LmPackageName"",""#text"":""-""},{""@Name"":""KeyLength"",""#text"":""0""},{""@Name"":""ProcessId"",""#text"":""0x1BC""},{""@Name"":""ProcessName"",""#text"":""C:\\Windows\\System32\\services.exe""},{""@Name"":""IpAddress"",""#text"":""-""},{""@Name"":""IpPort"",""#text"":""-""}]}}"
27,27,2025-02-04 19:08:44.5988458,4672,LogAlways,Microsoft-Windows-Security-Auditing,Security,460,532,37L4247F27-25,0,,Administrative logon,NT AUTHORITY\SYSTEM (S-1-5-18),,"PrivilegeList: SeAssignPrimaryTokenPrivilege, SeTcbPrivilege, SeSecurityPrivilege, SeTakeOwnershipPrivilege, SeLoadDriverPrivilege, SeBackupPrivilege, SeRestorePrivilege, SeDebugPrivilege, SeAuditPrivilege, SeSystemEnvironmentPrivilege, SeImpersonatePrivilege",LogonId: 0x3E7,,,,,,False,example_files\original\C\Windows\System32\winevt\logs\Security.evtx,Audit success,0,"{""EventData"":{""Data"":[{""@Name"":""SubjectUserSid"",""#text"":""S-1-5-18""},{""@Name"":""SubjectUserName"",""#text"":""SYSTEM""},{""@Name"":""SubjectDomainName"",""#text"":""NT AUTHORITY""},{""@Name"":""SubjectLogonId"",""#text"":""0x3E7""},{""@Name"":""PrivilegeList"",""#text"":""SeAssignPrimaryTokenPrivilege, SeTcbPrivilege, SeSecurityPrivilege, SeTakeOwnershipPrivilege, SeLoadDriverPrivilege, SeBackupPrivilege, SeRestorePrivilege, SeDebugPrivilege, SeAuditPrivilege, SeSystemEnvironmentPrivilege, SeImpersonatePrivilege""}]}}"
28,28,2025-02-04 19:08:45.1136467,4624,LogAlways,Microsoft-Windows-Security-Auditing,Security,460,532,37L4247F27-25,0,,Successful logon,WORKGROUP\37L4247F27-25$," (-)",Target: NT AUTHORITY\SYSTEM,LogonType 5,LogonId: 0x3E7,AuthenticationPackageName: Negotiate,"LogonProcessName: Advapi  ",,C:\Windows\System32\services.exe,False,example_files\original\C\Windows\System32\winevt\logs\Security.evtx,Audit success,0,"{""EventData"":{""Data"":[{""@Name"":""SubjectUserSid"",""#text"":""S-1-5-18""},{""@Name"":""SubjectUserName"",""#text"":""37L4247F27-25$""},{""@Name"":""SubjectDomainName"",""#text"":""WORKGROUP""},{""@Name"":""SubjectLogonId"",""#text"":""0x3E7""},{""@Name"":""TargetUserSid"",""#text"":""S-1-5-18""},{""@Name"":""TargetUserName"",""#text"":""SYSTEM""},{""@Name"":""TargetDomainName"",""#text"":""NT AUTHORITY""},{""@Name"":""TargetLogonId"",""#text"":""0x3E7""},{""@Name"":""LogonType"",""#text"":""5""},{""@Name"":""LogonProcessName"",""#text"":""Advapi  ""},{""@Name"":""AuthenticationPackageName"",""#text"":""Negotiate""},{""@Name"":""WorkstationName""},{""@Name"":""LogonGuid"",""#text"":""00000000-0000-0000-0000-000000000000""},{""@Name"":""TransmittedServices"",""#text"":""-""},{""@Name"":""LmPackageName"",""#text"":""-""},{""@Name"":""KeyLength"",""#text"":""0""},{""@Name"":""ProcessId"",""#text"":""0x1BC""},{""@Name"":""ProcessName"",""#text"":""C:\\Windows\\System32\\services.exe""},{""@Name"":""IpAddress"",""#text"":""-""},{""@Name"":""IpPort"",""#text"":""-""}]}}"
