74,74,2025-02-04 03:11:00.2114179,4735,LogAlways,Microsoft-Windows-Security-Auditing,Security,412,460,WIN-TFHMB3RRSQV,0,,A security-enabled local group was changed,WORKGROUP\WIN-TFHMB3RRSQV$ (S-1-5-18),,Target: Builtin\Users (S-1-5-32-545),SubjectLogonId: 0x3E7,SamAccountName: Users,SidHistory: -,PrivilegeList: -,,,False,example_files\original\C\Windows\System32\winevt\logs\Security.evtx,Audit success,0,"{""EventData"":{""Data"":[{""@Name"":""TargetUserName"",""#text"":""Users""},{""@Name"":""TargetDomainName"",""#text"":""Builtin""},{""@Name"":""TargetSid"",""#text"":""S-1-5-32-545""},{""@Name"":""SubjectUserSid"",""#text"":""S-1-5-18""},{""@Name"":""SubjectUserName"",""#text"":""WIN-TFHMB3RRSQV$""},{""@Name"":""SubjectDomainName"",""#text"":""WORKGROUP""},{""@Name"":""SubjectLogonId"",""#text"":""0x3E7""},{""@Name"":""PrivilegeList"",""#text"":""-""},{""@Name"":""SamAccountName"",""#text"":""Users""},{""@Name"":""SidHistory"",""#text"":""-""}]}}"
75,75,2025-02-04 03:11:00.2114179,4735,LogAlways,Microsoft-Windows-Security-Auditing,Security,412,460,WIN-TFHMB3RRSQV,0,,A security-enabled local group was changed,WORKGROUP\WIN-TFHMB3RRSQV$ (S-1-5-18),,Target: Builtin\Guests (S-1-5-32-546),SubjectLogonId: 0x3E7,SamAccountName: -,SidHistory: -,PrivilegeList: -,,,False,example_files\original\C\Windows\System32\winevt\logs\Security.evtx,Audit success,0,"{""EventData"":{""Data"":[{""@Name"":""TargetUserName"",""#text"":""Guests""},{""@Name"":""TargetDomainName"",""#text"":""Builtin""},{""@Name"":""TargetSid"",""#text"":""S-1-5-32-546""},{""@Name"":""SubjectUserSid"",""#text"":""S-1-5-18""},{""@Name"":""SubjectUserName"",""#text"":""WIN-TFHMB3RRSQV$""},{""@Name"":""SubjectDomainName"",""#text"":""WORKGROUP""},{""@Name"":""SubjectLogonId"",""#text"":""0x3E7""},{""@Name"":""PrivilegeList"",""#text"":""-""},{""@Name"":""SamAccountName"",""#text"":""-""},{""@Name"":""SidHistory"",""#text"":""-""}]}}"
76,76,2025-02-04 03:11:00.2114179,4781,LogAlways,Microsoft-Windows-Security-Auditing,Security,412,460,WIN-TFHMB3RRSQV,0,,The name of an account was changed,WORKGROUP\WIN-TFHMB3RRSQV$ (S-1-5-18),,OldTargetUserName: Guests,NewTargetUserName: Guests,TargetDomainName: Builtin,TargetSid: S-1-5-32-546,,,,False,example_files\original\C\Windows\System32\winevt\logs\Security.evtx,Audit success,0,"{""EventData"":{""Data"":[{""@Name"":""OldTargetUserName"",""#text"":""Guests""},{""@Name"":""NewTargetUserName"",""#text"":""Guests""},{""@Name"":""TargetDomainName"",""#text"":""Builtin""},{""@Name"":""TargetSid"",""#text"":""S-1-5-32-546""},{""@Name"":""SubjectUserSid"",""#text"":""S-1-5-18""},{""@Name"":""SubjectUserName"",""#text"":""WIN-TFHMB3RRSQV$""},{""@Name"":""SubjectDomainName"",""#text"":""WORKGROUP""},{""@Name"":""SubjectLogonId"",""#text"":""0x3E7""},{""@Name"":""PrivilegeList"",""#text"":""-""}]}}"
77,77,2025-02-04 03:11:00.2114179,4735,LogAlways,Microsoft-Windows-Security-Auditing,Security,412,460,WIN-TFHMB3RRSQV,0,,A security-enabled local group was changed,WORKGROUP\WIN-TFHMB3RRSQV$ (S-1-5-18),,Target: Builtin\Guests (S-1-5-32-546),SubjectLogonId: 0x3E7,SamAccountName: Guests,SidHistory: -,PrivilegeList: -,,,False,example_files\original\C\Windows\System32\winevt\logs\Security.evtx,Audit success,0,"{""EventData"":{""Data"":[{""@Name"":""TargetUserName"",""#text"":""Guests""},{""@Name"":""TargetDomainName"",""#text"":""Builtin""},{""@Name"":""TargetSid"",""#text"":""S-1-5-32-546""},{""@Name"":""SubjectUserSid"",""#text"":""S-1-5-18""},{""@Name"":""SubjectUserName"",""#text"":""WIN-TFHMB3RRSQV$""},{""@Name"":""SubjectDomainName"",""#text"":""WORKGROUP""},{""@Name"":""SubjectLogonId"",""#text"":""0x3E7""},{""@Name"":""PrivilegeList"",""#text"":""-""},{""@Name"":""SamAccountName"",""#text"":""Guests""},{""@Name"":""SidHistory"",""#text"":""-""}]}}"
78,78,2025-02-04 03:11:00.2270180,4735,LogAlways,Microsoft-Windows-Security-Auditing,Security,412,460,WIN-TFHMB3RRSQV,0,,A security-enabled local group was changed,WORKGROUP\WIN-TFHMB3RRSQV$ (S-1-5-18),,Target: Builtin\Backup Operators (S-1-5-32-551),SubjectLogonId: 0x3E7,SamAccountName: -,SidHistory: -,PrivilegeList: -,,,False,example_files\original\C\Windows\System32\winevt\logs\Security.evtx,Audit success,0,"{""EventData"":{""Data"":[{""@Name"":""TargetUserName"",""#text"":""Backup Operators""},{""@Name"":""TargetDomainName"",""#text"":""Builtin""},{""@Name"":""TargetSid"",""#text"":""S-1-5-32-551""},{""@Name"":""SubjectUserSid"",""#text"":""S-1-5-18""},{""@Name"":""SubjectUserName"",""#text"":""WIN-TFHMB3RRSQV$""},{""@Name"":""SubjectDomainName"",""#text"":""WORKGROUP""},{""@Name"":""SubjectLogonId"",""#text"":""0x3E7""},{""@Name"":""PrivilegeList"",""#text"":""-""},{""@Name"":""SamAccountName"",""#text"":""-""},{""@Name"":""SidHistory"",""#text"":""-""}]}}"
79,79,2025-02-04 03:11:00.2270180,4781,LogAlways,Microsoft-Windows-Security-Auditing,Security,412,460,WIN-TFHMB3RRSQV,0,,The name of an account was changed,WORKGROUP\WIN-TFHMB3RRSQV$ (S-1-5-18),,OldTargetUserName: Backup Operators,NewTargetUserName: Backup Operators,TargetDomainName: Builtin,TargetSid: S-1-5-32-551,,,,False,example_files\original\C\Windows\System32\winevt\logs\Security.evtx,Audit success,0,"{""EventData"":{""Data"":[{""@Name"":""OldTargetUserName"",""#text"":""Backup Operators""},{""@Name"":""NewTargetUserName"",""#text"":""Backup Operators""},{""@Name"":""TargetDomainName"",""#text"":""Builtin""},{""@Name"":""TargetSid"",""#text"":""S-1-5-32-551""},{""@Name"":""SubjectUserSid"",""#text"":""S-1-5-18""},{""@Name"":""SubjectUserName"",""#text"":""WIN-TFHMB3RRSQV$""},{""@Name"":""SubjectDomainName"",""#text"":""WORKGROUP""},{""@Name"":""SubjectLogonId"",""#text"":""0x3E7""},{""@Name"":""PrivilegeList"",""#text"":""-""}]}}"
80,80,2025-02-04 03:11:00.2270180,4735,LogAlways,Microsoft-Windows-Security-Auditing,Security,412,460,WIN-TFHMB3RRSQV,0,,A security-enabled local group was changed,WORKGROUP\WIN-TFHMB3RRSQV$ (S-1-5-18),,Target: Builtin\Backup Operators (S-1-5-32-551),SubjectLogonId: 0x3E7,SamAccountName: Backup Operators,SidHistory: -,PrivilegeList: -,,,False,example_files\original\C\Windows\System32\winevt\logs\Security.evtx,Audit success,0,"{""EventData"":{""Data"":[{""@Name"":""TargetUserName"",""#text"":""Backup Operators""},{""@Name"":""TargetDomainName"",""#text"":""Builtin""},{""@Name"":""TargetSid"",""#text"":""S-1-5-32-551""},{""@Name"":""SubjectUserSid"",""#text"":""S-1-5-18""},{""@Name"":""SubjectUserName"",""#text"":""WIN-TFHMB3RRSQV$""},{""@Name"":""SubjectDomainName"",""#text"":""WORKGROUP""},{""@Name"":""SubjectLogonId"",""#text"":""0x3E7""},{""@Name"":""PrivilegeList"",""#text"":""-""},{""@Name"":""SamAccountName"",""#text"":""Backup Operators""},{""@Name"":""SidHistory"",""#text"":""-""}]}}"
81,81,2025-02-04 03:11:00.2270180,4735,LogAlways,Microsoft-Windows-Security-Auditing,Security,412,460,WIN-TFHMB3RRSQV,0,,A security-enabled local group was changed,WORKGROUP\WIN-TFHMB3RRSQV$ (S-1-5-18),,Target: Builtin\Replicator (S-1-5-32-552),SubjectLogonId: 0x3E7,SamAccountName: -,SidHistory: -,PrivilegeList: -,,,False,example_files\original\C\Windows\System32\winevt\logs\Security.evtx,Audit success,0,"{""EventData"":{""Data"":[{""@Name"":""TargetUserName"",""#text"":""Replicator""},{""@Name"":""TargetDomainName"",""#text"":""Builtin""},{""@Name"":""TargetSid"",""#text"":""S-1-5-32-552""},{""@Name"":""SubjectUserSid"",""#text"":""S-1-5-18""},{""@Name"":""SubjectUserName"",""#text"":""WIN-TFHMB3RRSQV$""},{""@Name"":""SubjectDomainName"",""#text"":""WORKGROUP""},{""@Name"":""SubjectLogonId"",""#text"":""0x3E7""},{""@Name"":""PrivilegeList"",""#text"":""-""},{""@Name"":""SamAccountName"",""#text"":""-""},{""@Name"":""SidHistory"",""#text"":""-""}]}}"
82,82,2025-02-04 03:11:00.2270180,4781,LogAlways,Microsoft-Windows-Security-Auditing,Security,412,460,WIN-TFHMB3RRSQV,0,,The name of an account was changed,WORKGROUP\WIN-TFHMB3RRSQV$ (S-1-5-18),,OldTargetUserName: Replicator,NewTargetUserName: Replicator,TargetDomainName: Builtin,TargetSid: S-1-5-32-552,,,,False,example_files\original\C\Windows\System32\winevt\logs\Security.evtx,Audit success,0,"{""EventData"":{""Data"":[{""@Name"":""OldTargetUserName"",""#text"":""Replicator""},{""@Name"":""NewTargetUserName"",""#text"":""Replicator""},{""@Name"":""TargetDomainName"",""#text"":""Builtin""},{""@Name"":""TargetSid"",""#text"":""S-1-5-32-552""},{""@Name"":""SubjectUserSid"",""#text"":""S-1-5-18""},{""@Name"":""SubjectUserName"",""#text"":""WIN-TFHMB3RRSQV$""},{""@Name"":""SubjectDomainName"",""#text"":""WORKGROUP""},{""@Name"":""SubjectLogonId"",""#text"":""0x3E7""},{""@Name"":""PrivilegeList"",""#text"":""-""}]}}"
83,83,2025-02-04 03:11:00.2270180,4735,LogAlways,Microsoft-Windows-Security-Auditing,Security,412,460,WIN-TFHMB3RRSQV,0,,A security-enabled local group was changed,WORKGROUP\WIN-TFHMB3RRSQV$ (S-1-5-18),,Target: Builtin\Replicator (S-1-5-32-552),SubjectLogonId: 0x3E7,SamAccountName: Replicator,SidHistory: -,PrivilegeList: -,,,False,example_files\original\C\Windows\System32\winevt\logs\Security.evtx,Audit success,0,"{""EventData"":{""Data"":[{""@Name"":""TargetUserName"",""#text"":""Replicator""},{""@Name"":""TargetDomainName"",""#text"":""Builtin""},{""@Name"":""TargetSid"",""#text"":""S-1-5-32-552""},{""@Name"":""SubjectUserSid"",""#text"":""S-1-5-18""},{""@Name"":""SubjectUserName"",""#text"":""WIN-TFHMB3RRSQV$""},{""@Name"":""SubjectDomainName"",""#text"":""WORKGROUP""},{""@Name"":""SubjectLogonId"",""#text"":""0x3E7""},{""@Name"":""PrivilegeList"",""#text"":""-""},{""@Name"":""SamAccountName"",""#text"":""Replicator""},{""@Name"":""SidHistory"",""#text"":""-""}]}}"
84,84,2025-02-04 03:11:00.2270180,4735,LogAlways,Microsoft-Windows-Security-Auditing,Security,412,460,WIN-TFHMB3RRSQV,0,,A security-enabled local group was changed,WORKGROUP\WIN-TFHMB3RRSQV$ (S-1-5-18),,Target: Builtin\Remote Desktop Users (S-1-5-32-555),SubjectLogonId: 0x3E7,SamAccountName: -,SidHistory: -,PrivilegeList: -,,,False,example_files\original\C\Windows\System32\winevt\logs\Security.evtx,Audit success,0,"{""EventData"":{""Data"":[{""@Name"":""TargetUserName"",""#text"":""Remote Desktop Users""},{""@Name"":""TargetDomainName"",""#text"":""Builtin""},{""@Name"":""TargetSid"",""#text"":""S-1-5-32-555""},{""@Name"":""SubjectUserSid"",""#text"":""S-1-5-18""},{""@Name"":""SubjectUserName"",""#text"":""WIN-TFHMB3RRSQV$""},{""@Name"":""SubjectDomainName"",""#text"":""WORKGROUP""},{""@Name"":""SubjectLogonId"",""#text"":""0x3E7""},{""@Name"":""PrivilegeList"",""#text"":""-""},{""@Name"":""SamAccountName"",""#text"":""-""},{""@Name"":""SidHistory"",""#text"":""-""}]}}"
85,85,2025-02-04 03:11:00.2270180,4781,LogAlways,Microsoft-Windows-Security-Auditing,Security,412,460,WIN-TFHMB3RRSQV,0,,The name of an account was changed,WORKGROUP\WIN-TFHMB3RRSQV$ (S-1-5-18),,OldTargetUserName: Remote Desktop Users,NewTargetUserName: Remote Desktop Users,TargetDomainName: Builtin,TargetSid: S-1-5-32-555,,,,False,example_files\original\C\Windows\System32\winevt\logs\Security.evtx,Audit success,0,"{""EventData"":{""Data"":[{""@Name"":""OldTargetUserName"",""#text"":""Remote Desktop Users""},{""@Name"":""NewTargetUserName"",""#text"":""Remote Desktop Users""},{""@Name"":""TargetDomainName"",""#text"":""Builtin""},{""@Name"":""TargetSid"",""#text"":""S-1-5-32-555""},{""@Name"":""SubjectUserSid"",""#text"":""S-1-5-18""},{""@Name"":""SubjectUserName"",""#text"":""WIN-TFHMB3RRSQV$""},{""@Name"":""SubjectDomainName"",""#text"":""WORKGROUP""},{""@Name"":""SubjectLogonId"",""#text"":""0x3E7""},{""@Name"":""PrivilegeList"",""#text"":""-""}]}}"
86,86,2025-02-04 03:11:00.2270180,4735,LogAlways,Microsoft-Windows-Security-Auditing,Security,412,460,WIN-TFHMB3RRSQV,0,,A security-enabled local group was changed,WORKGROUP\WIN-TFHMB3RRSQV$ (S-1-5-18),,Target: Builtin\Remote Desktop Users (S-1-5-32-555),SubjectLogonId: 0x3E7,SamAccountName: Remote Desktop Users,SidHistory: -,PrivilegeList: -,,,False,example_files\original\C\Windows\System32\winevt\logs\Security.evtx,Audit success,0,"{""EventData"":{""Data"":[{""@Name"":""TargetUserName"",""#text"":""Remote Desktop Users""},{""@Name"":""TargetDomainName"",""#text"":""Builtin""},{""@Name"":""TargetSid"",""#text"":""S-1-5-32-555""},{""@Name"":""SubjectUserSid"",""#text"":""S-1-5-18""},{""@Name"":""SubjectUserName"",""#text"":""WIN-TFHMB3RRSQV$""},{""@Name"":""SubjectDomainName"",""#text"":""WORKGROUP""},{""@Name"":""SubjectLogonId"",""#text"":""0x3E7""},{""@Name"":""PrivilegeList"",""#text"":""-""},{""@Name"":""SamAccountName"",""#text"":""Remote Desktop Users""},{""@Name"":""SidHistory"",""#text"":""-""}]}}"
87,87,2025-02-04 03:11:00.2270180,4735,LogAlways,Microsoft-Windows-Security-Auditing,Security,412,460,WIN-TFHMB3RRSQV,0,,A security-enabled local group was changed,WORKGROUP\WIN-TFHMB3RRSQV$ (S-1-5-18),,Target: Builtin\Network Configuration Operators (S-1-5-32-556),SubjectLogonId: 0x3E7,SamAccountName: -,SidHistory: -,PrivilegeList: -,,,False,example_files\original\C\Windows\System32\winevt\logs\Security.evtx,Audit success,0,"{""EventData"":{""Data"":[{""@Name"":""TargetUserName"",""#text"":""Network Configuration Operators""},{""@Name"":""TargetDomainName"",""#text"":""Builtin""},{""@Name"":""TargetSid"",""#text"":""S-1-5-32-556""},{""@Name"":""SubjectUserSid"",""#text"":""S-1-5-18""},{""@Name"":""SubjectUserName"",""#text"":""WIN-TFHMB3RRSQV$""},{""@Name"":""SubjectDomainName"",""#text"":""WORKGROUP""},{""@Name"":""SubjectLogonId"",""#text"":""0x3E7""},{""@Name"":""PrivilegeList"",""#text"":""-""},{""@Name"":""SamAccountName"",""#text"":""-""},{""@Name"":""SidHistory"",""#text"":""-""}]}}"
88,88,2025-02-04 03:11:00.2270180,4781,LogAlways,Microsoft-Windows-Security-Auditing,Security,412,460,WIN-TFHMB3RRSQV,0,,The name of an account was changed,WORKGROUP\WIN-TFHMB3RRSQV$ (S-1-5-18),,OldTargetUserName: Network Configuration Operators,NewTargetUserName: Network Configuration Operators,TargetDomainName: Builtin,TargetSid: S-1-5-32-556,,,,False,example_files\original\C\Windows\System32\winevt\logs\Security.evtx,Audit success,0,"{""EventData"":{""Data"":[{""@Name"":""OldTargetUserName"",""#text"":""Network Configuration Operators""},{""@Name"":""NewTargetUserName"",""#text"":""Network Configuration Operators""},{""@Name"":""TargetDomainName"",""#text"":""Builtin""},{""@Name"":""TargetSid"",""#text"":""S-1-5-32-556""},{""@Name"":""SubjectUserSid"",""#text"":""S-1-5-18""},{""@Name"":""SubjectUserName"",""#text"":""WIN-TFHMB3RRSQV$""},{""@Name"":""SubjectDomainName"",""#text"":""WORKGROUP""},{""@Name"":""SubjectLogonId"",""#text"":""0x3E7""},{""@Name"":""PrivilegeList"",""#text"":""-""}]}}"
89,89,2025-02-04 03:11:00.2270180,4735,LogAlways,Microsoft-Windows-Security-Auditing,Security,412,460,WIN-TFHMB3RRSQV,0,,A security-enabled local group was changed,WORKGROUP\WIN-TFHMB3RRSQV$ (S-1-5-18),,Target: Builtin\Network Configuration Operators (S-1-5-32-556),SubjectLogonId: 0x3E7,SamAccountName: Network Configuration Operators,SidHistory: -,PrivilegeList: -,,,False,example_files\original\C\Windows\System32\winevt\logs\Security.evtx,Audit success,0,"{""EventData"":{""Data"":[{""@Name"":""TargetUserName"",""#text"":""Network Configuration Operators""},{""@Name"":""TargetDomainName"",""#text"":""Builtin""},{""@Name"":""TargetSid"",""#text"":""S-1-5-32-556""},{""@Name"":""SubjectUserSid"",""#text"":""S-1-5-18""},{""@Name"":""SubjectUserName"",""#text"":""WIN-TFHMB3RRSQV$""},{""@Name"":""SubjectDomainName"",""#text"":""WORKGROUP""},{""@Name"":""SubjectLogonId"",""#text"":""0x3E7""},{""@Name"":""PrivilegeList"",""#text"":""-""},{""@Name"":""SamAccountName"",""#text"":""Network Configuration Operators""},{""@Name"":""SidHistory"",""#text"":""-""}]}}"
90,90,2025-02-04 03:11:00.2270180,4735,LogAlways,Microsoft-Windows-Security-Auditing,Security,412,460,WIN-TFHMB3RRSQV,0,,A security-enabled local group was changed,WORKGROUP\WIN-TFHMB3RRSQV$ (S-1-5-18),,Target: Builtin\Power Users (S-1-5-32-547),SubjectLogonId: 0x3E7,SamAccountName: -,SidHistory: -,PrivilegeList: -,,,False,example_files\original\C\Windows\System32\winevt\logs\Security.evtx,Audit success,0,"{""EventData"":{""Data"":[{""@Name"":""TargetUserName"",""#text"":""Power Users""},{""@Name"":""TargetDomainName"",""#text"":""Builtin""},{""@Name"":""TargetSid"",""#text"":""S-1-5-32-547""},{""@Name"":""SubjectUserSid"",""#text"":""S-1-5-18""},{""@Name"":""SubjectUserName"",""#text"":""WIN-TFHMB3RRSQV$""},{""@Name"":""SubjectDomainName"",""#text"":""WORKGROUP""},{""@Name"":""SubjectLogonId"",""#text"":""0x3E7""},{""@Name"":""PrivilegeList"",""#text"":""-""},{""@Name"":""SamAccountName"",""#text"":""-""},{""@Name"":""SidHistory"",""#text"":""-""}]}}"
91,91,2025-02-04 03:11:00.2270180,4781,LogAlways,Microsoft-Windows-Security-Auditing,Security,412,460,WIN-TFHMB3RRSQV,0,,The name of an account was changed,WORKGROUP\WIN-TFHMB3RRSQV$ (S-1-5-18),,OldTargetUserName: Power Users,NewTargetUserName: Power Users,TargetDomainName: Builtin,TargetSid: S-1-5-32-547,,,,False,example_files\original\C\Windows\System32\winevt\logs\Security.evtx,Audit success,0,"{""EventData"":{""Data"":[{""@Name"":""OldTargetUserName"",""#text"":""Power Users""},{""@Name"":""NewTargetUserName"",""#text"":""Power Users""},{""@Name"":""TargetDomainName"",""#text"":""Builtin""},{""@Name"":""TargetSid"",""#text"":""S-1-5-32-547""},{""@Name"":""SubjectUserSid"",""#text"":""S-1-5-18""},{""@Name"":""SubjectUserName"",""#text"":""WIN-TFHMB3RRSQV$""},{""@Name"":""SubjectDomainName"",""#text"":""WORKGROUP""},{""@Name"":""SubjectLogonId"",""#text"":""0x3E7""},{""@Name"":""PrivilegeList"",""#text"":""-""}]}}"
92,92,2025-02-04 03:11:00.2270180,4735,LogAlways,Microsoft-Windows-Security-Auditing,Security,412,460,WIN-TFHMB3RRSQV,0,,A security-enabled local group was changed,WORKGROUP\WIN-TFHMB3RRSQV$ (S-1-5-18),,Target: Builtin\Power Users (S-1-5-32-547),SubjectLogonId: 0x3E7,SamAccountName: Power Users,SidHistory: -,PrivilegeList: -,,,False,example_files\original\C\Windows\System32\winevt\logs\Security.evtx,Audit success,0,"{""EventData"":{""Data"":[{""@Name"":""TargetUserName"",""#text"":""Power Users""},{""@Name"":""TargetDomainName"",""#text"":""Builtin""},{""@Name"":""TargetSid"",""#text"":""S-1-5-32-547""},{""@Name"":""SubjectUserSid"",""#text"":""S-1-5-18""},{""@Name"":""SubjectUserName"",""#text"":""WIN-TFHMB3RRSQV$""},{""@Name"":""SubjectDomainName"",""#text"":""WORKGROUP""},{""@Name"":""SubjectLogonId"",""#text"":""0x3E7""},{""@Name"":""PrivilegeList"",""#text"":""-""},{""@Name"":""SamAccountName"",""#text"":""Power Users""},{""@Name"":""SidHistory"",""#text"":""-""}]}}"
93,93,2025-02-04 03:11:00.2270180,4735,LogAlways,Microsoft-Windows-Security-Auditing,Security,412,460,WIN-TFHMB3RRSQV,0,,A security-enabled local group was changed,WORKGROUP\WIN-TFHMB3RRSQV$ (S-1-5-18),,Target: Builtin\Performance Monitor Users (S-1-5-32-558),SubjectLogonId: 0x3E7,SamAccountName: -,SidHistory: -,PrivilegeList: -,,,False,example_files\original\C\Windows\System32\winevt\logs\Security.evtx,Audit success,0,"{""EventData"":{""Data"":[{""@Name"":""TargetUserName"",""#text"":""Performance Monitor Users""},{""@Name"":""TargetDomainName"",""#text"":""Builtin""},{""@Name"":""TargetSid"",""#text"":""S-1-5-32-558""},{""@Name"":""SubjectUserSid"",""#text"":""S-1-5-18""},{""@Name"":""SubjectUserName"",""#text"":""WIN-TFHMB3RRSQV$""},{""@Name"":""SubjectDomainName"",""#text"":""WORKGROUP""},{""@Name"":""SubjectLogonId"",""#text"":""0x3E7""},{""@Name"":""PrivilegeList"",""#text"":""-""},{""@Name"":""SamAccountName"",""#text"":""-""},{""@Name"":""SidHistory"",""#text"":""-""}]}}"
94,94,2025-02-04 03:11:00.2270180,4781,LogAlways,Microsoft-Windows-Security-Auditing,Security,412,460,WIN-TFHMB3RRSQV,1,,The name of an account was changed,WORKGROUP\WIN-TFHMB3RRSQV$ (S-1-5-18),,OldTargetUserName: Performance Monitor Users,NewTargetUserName: Performance Monitor Users,TargetDomainName: Builtin,TargetSid: S-1-5-32-558,,,,False,example_files\original\C\Windows\System32\winevt\logs\Security.evtx,Audit success,0,"{""EventData"":{""Data"":[{""@Name"":""OldTargetUserName"",""#text"":""Performance Monitor Users""},{""@Name"":""NewTargetUserName"",""#text"":""Performance Monitor Users""},{""@Name"":""TargetDomainName"",""#text"":""Builtin""},{""@Name"":""TargetSid"",""#text"":""S-1-5-32-558""},{""@Name"":""SubjectUserSid"",""#text"":""S-1-5-18""},{""@Name"":""SubjectUserName"",""#text"":""WIN-TFHMB3RRSQV$""},{""@Name"":""SubjectDomainName"",""#text"":""WORKGROUP""},{""@Name"":""SubjectLogonId"",""#text"":""0x3E7""},{""@Name"":""PrivilegeList"",""#text"":""-""}]}}"
95,95,2025-02-04 03:11:00.2270180,4735,LogAlways,Microsoft-Windows-Security-Auditing,Security,412,460,WIN-TFHMB3RRSQV,1,,A security-enabled local group was changed,WORKGROUP\WIN-TFHMB3RRSQV$ (S-1-5-18),,Target: Builtin\Performance Monitor Users (S-1-5-32-558),SubjectLogonId: 0x3E7,SamAccountName: Performance Monitor Users,SidHistory: -,PrivilegeList: -,,,False,example_files\original\C\Windows\System32\winevt\logs\Security.evtx,Audit success,0,"{""EventData"":{""Data"":[{""@Name"":""TargetUserName"",""#text"":""Performance Monitor Users""},{""@Name"":""TargetDomainName"",""#text"":""Builtin""},{""@Name"":""TargetSid"",""#text"":""S-1-5-32-558""},{""@Name"":""SubjectUserSid"",""#text"":""S-1-5-18""},{""@Name"":""SubjectUserName"",""#text"":""WIN-TFHMB3RRSQV$""},{""@Name"":""SubjectDomainName"",""#text"":""WORKGROUP""},{""@Name"":""SubjectLogonId"",""#text"":""0x3E7""},{""@Name"":""PrivilegeList"",""#text"":""-""},{""@Name"":""SamAccountName"",""#text"":""Performance Monitor Users""},{""@Name"":""SidHistory"",""#text"":""-""}]}}"
96,96,2025-02-04 03:11:00.2270180,4735,LogAlways,Microsoft-Windows-Security-Auditing,Security,412,460,WIN-TFHMB3RRSQV,1,,A security-enabled local group was changed,WORKGROUP\WIN-TFHMB3RRSQV$ (S-1-5-18),,Target: Builtin\Performance Log Users (S-1-5-32-559),SubjectLogonId: 0x3E7,SamAccountName: -,SidHistory: -,PrivilegeList: -,,,False,example_files\original\C\Windows\System32\winevt\logs\Security.evtx,Audit success,0,"{""EventData"":{""Data"":[{""@Name"":""TargetUserName"",""#text"":""Performance Log Users""},{""@Name"":""TargetDomainName"",""#text"":""Builtin""},{""@Name"":""TargetSid"",""#text"":""S-1-5-32-559""},{""@Name"":""SubjectUserSid"",""#text"":""S-1-5-18""},{""@Name"":""SubjectUserName"",""#text"":""WIN-TFHMB3RRSQV$""},{""@Name"":""SubjectDomainName"",""#text"":""WORKGROUP""},{""@Name"":""SubjectLogonId"",""#text"":""0x3E7""},{""@Name"":""PrivilegeList"",""#text"":""-""},{""@Name"":""SamAccountName"",""#text"":""-""},{""@Name"":""SidHistory"",""#text"":""-""}]}}"
97,97,2025-02-04 03:11:00.2270180,4781,LogAlways,Microsoft-Windows-Security-Auditing,Security,412,460,WIN-TFHMB3RRSQV,1,,The name of an account was changed,WORKGROUP\WIN-TFHMB3RRSQV$ (S-1-5-18),,OldTargetUserName: Performance Log Users,NewTargetUserName: Performance Log Users,TargetDomainName: Builtin,TargetSid: S-1-5-32-559,,,,False,example_files\original\C\Windows\System32\winevt\logs\Security.evtx,Audit success,0,"{""EventData"":{""Data"":[{""@Name"":""OldTargetUserName"",""#text"":""Performance Log Users""},{""@Name"":""NewTargetUserName"",""#text"":""Performance Log Users""},{""@Name"":""TargetDomainName"",""#text"":""Builtin""},{""@Name"":""TargetSid"",""#text"":""S-1-5-32-559""},{""@Name"":""SubjectUserSid"",""#text"":""S-1-5-18""},{""@Name"":""SubjectUserName"",""#text"":""WIN-TFHMB3RRSQV$""},{""@Name"":""SubjectDomainName"",""#text"":""WORKGROUP""},{""@Name"":""SubjectLogonId"",""#text"":""0x3E7""},{""@Name"":""PrivilegeList"",""#text"":""-""}]}}"
98,98,2025-02-04 03:11:00.2270180,4735,LogAlways,Microsoft-Windows-Security-Auditing,Security,412,460,WIN-TFHMB3RRSQV,1,,A security-enabled local group was changed,WORKGROUP\WIN-TFHMB3RRSQV$ (S-1-5-18),,Target: Builtin\Performance Log Users (S-1-5-32-559),SubjectLogonId: 0x3E7,SamAccountName: Performance Log Users,SidHistory: -,PrivilegeList: -,,,False,example_files\original\C\Windows\System32\winevt\logs\Security.evtx,Audit success,0,"{""EventData"":{""Data"":[{""@Name"":""TargetUserName"",""#text"":""Performance Log Users""},{""@Name"":""TargetDomainName"",""#text"":""Builtin""},{""@Name"":""TargetSid"",""#text"":""S-1-5-32-559""},{""@Name"":""SubjectUserSid"",""#text"":""S-1-5-18""},{""@Name"":""SubjectUserName"",""#text"":""WIN-TFHMB3RRSQV$""},{""@Name"":""SubjectDomainName"",""#text"":""WORKGROUP""},{""@Name"":""SubjectLogonId"",""#text"":""0x3E7""},{""@Name"":""PrivilegeList"",""#text"":""-""},{""@Name"":""SamAccountName"",""#text"":""Performance Log Users""},{""@Name"":""SidHistory"",""#text"":""-""}]}}"
99,99,2025-02-04 03:11:00.2270180,4735,LogAlways,Microsoft-Windows-Security-Auditing,Security,412,460,WIN-TFHMB3RRSQV,1,,A security-enabled local group was changed,WORKGROUP\WIN-TFHMB3RRSQV$ (S-1-5-18),,Target: Builtin\Distributed COM Users (S-1-5-32-562),SubjectLogonId: 0x3E7,SamAccountName: -,SidHistory: -,PrivilegeList: -,,,False,example_files\original\C\Windows\System32\winevt\logs\Security.evtx,Audit success,0,"{""EventData"":{""Data"":[{""@Name"":""TargetUserName"",""#text"":""Distributed COM Users""},{""@Name"":""TargetDomainName"",""#text"":""Builtin""},{""@Name"":""TargetSid"",""#text"":""S-1-5-32-562""},{""@Name"":""SubjectUserSid"",""#text"":""S-1-5-18""},{""@Name"":""SubjectUserName"",""#text"":""WIN-TFHMB3RRSQV$""},{""@Name"":""SubjectDomainName"",""#text"":""WORKGROUP""},{""@Name"":""SubjectLogonId"",""#text"":""0x3E7""},{""@Name"":""PrivilegeList"",""#text"":""-""},{""@Name"":""SamAccountName"",""#text"":""-""},{""@Name"":""SidHistory"",""#text"":""-""}]}}"
100,100,2025-02-04 03:11:00.2270180,4781,LogAlways,Microsoft-Windows-Security-Auditing,Security,412,460,WIN-TFHMB3RRSQV,1,,The name of an account was changed,WORKGROUP\WIN-TFHMB3RRSQV$ (S-1-5-18),,OldTargetUserName: Distributed COM Users,NewTargetUserName: Distributed COM Users,TargetDomainName: Builtin,TargetSid: S-1-5-32-562,,,,False,example_files\original\C\Windows\System32\winevt\logs\Security.evtx,Audit success,0,"{""EventData"":{""Data"":[{""@Name"":""OldTargetUserName"",""#text"":""Distributed COM Users""},{""@Name"":""NewTargetUserName"",""#text"":""Distributed COM Users""},{""@Name"":""TargetDomainName"",""#text"":""Builtin""},{""@Name"":""TargetSid"",""#text"":""S-1-5-32-562""},{""@Name"":""SubjectUserSid"",""#text"":""S-1-5-18""},{""@Name"":""SubjectUserName"",""#text"":""WIN-TFHMB3RRSQV$""},{""@Name"":""SubjectDomainName"",""#text"":""WORKGROUP""},{""@Name"":""SubjectLogonId"",""#text"":""0x3E7""},{""@Name"":""PrivilegeList"",""#text"":""-""}]}}"
101,101,2025-02-04 03:11:00.2270180,4735,LogAlways,Microsoft-Windows-Security-Auditing,Security,412,460,WIN-TFHMB3RRSQV,1,,A security-enabled local group was changed,WORKGROUP\WIN-TFHMB3RRSQV$ (S-1-5-18),,Target: Builtin\Distributed COM Users (S-1-5-32-562),SubjectLogonId: 0x3E7,SamAccountName: Distributed COM Users,SidHistory: -,PrivilegeList: -,,,False,example_files\original\C\Windows\System32\winevt\logs\Security.evtx,Audit success,0,"{""EventData"":{""Data"":[{""@Name"":""TargetUserName"",""#text"":""Distributed COM Users""},{""@Name"":""TargetDomainName"",""#text"":""Builtin""},{""@Name"":""TargetSid"",""#text"":""S-1-5-32-562""},{""@Name"":""SubjectUserSid"",""#text"":""S-1-5-18""},{""@Name"":""SubjectUserName"",""#text"":""WIN-TFHMB3RRSQV$""},{""@Name"":""SubjectDomainName"",""#text"":""WORKGROUP""},{""@Name"":""SubjectLogonId"",""#text"":""0x3E7""},{""@Name"":""PrivilegeList"",""#text"":""-""},{""@Name"":""SamAccountName"",""#text"":""Distributed COM Users""},{""@Name"":""SidHistory"",""#text"":""-""}]}}"
102,102,2025-02-04 03:11:00.2270180,4735,LogAlways,Microsoft-Windows-Security-Auditing,Security,412,460,WIN-TFHMB3RRSQV,1,,A security-enabled local group was changed,WORKGROUP\WIN-TFHMB3RRSQV$ (S-1-5-18),,Target: Builtin\IIS_IUSRS (S-1-5-32-568),SubjectLogonId: 0x3E7,SamAccountName: -,SidHistory: -,PrivilegeList: -,,,False,example_files\original\C\Windows\System32\winevt\logs\Security.evtx,Audit success,0,"{""EventData"":{""Data"":[{""@Name"":""TargetUserName"",""#text"":""IIS_IUSRS""},{""@Name"":""TargetDomainName"",""#text"":""Builtin""},{""@Name"":""TargetSid"",""#text"":""S-1-5-32-568""},{""@Name"":""SubjectUserSid"",""#text"":""S-1-5-18""},{""@Name"":""SubjectUserName"",""#text"":""WIN-TFHMB3RRSQV$""},{""@Name"":""SubjectDomainName"",""#text"":""WORKGROUP""},{""@Name"":""SubjectLogonId"",""#text"":""0x3E7""},{""@Name"":""PrivilegeList"",""#text"":""-""},{""@Name"":""SamAccountName"",""#text"":""-""},{""@Name"":""SidHistory"",""#text"":""-""}]}}"
103,103,2025-02-04 03:11:00.2270180,4781,LogAlways,Microsoft-Windows-Security-Auditing,Security,412,460,WIN-TFHMB3RRSQV,1,,The name of an account was changed,WORKGROUP\WIN-TFHMB3RRSQV$ (S-1-5-18),,OldTargetUserName: IIS_IUSRS,NewTargetUserName: IIS_IUSRS,TargetDomainName: Builtin,TargetSid: S-1-5-32-568,,,,False,example_files\original\C\Windows\System32\winevt\logs\Security.evtx,Audit success,0,"{""EventData"":{""Data"":[{""@Name"":""OldTargetUserName"",""#text"":""IIS_IUSRS""},{""@Name"":""NewTargetUserName"",""#text"":""IIS_IUSRS""},{""@Name"":""TargetDomainName"",""#text"":""Builtin""},{""@Name"":""TargetSid"",""#text"":""S-1-5-32-568""},{""@Name"":""SubjectUserSid"",""#text"":""S-1-5-18""},{""@Name"":""SubjectUserName"",""#text"":""WIN-TFHMB3RRSQV$""},{""@Name"":""SubjectDomainName"",""#text"":""WORKGROUP""},{""@Name"":""SubjectLogonId"",""#text"":""0x3E7""},{""@Name"":""PrivilegeList"",""#text"":""-""}]}}"
104,104,2025-02-04 03:11:00.2270180,4735,LogAlways,Microsoft-Windows-Security-Auditing,Security,412,460,WIN-TFHMB3RRSQV,1,,A security-enabled local group was changed,WORKGROUP\WIN-TFHMB3RRSQV$ (S-1-5-18),,Target: Builtin\IIS_IUSRS (S-1-5-32-568),SubjectLogonId: 0x3E7,SamAccountName: IIS_IUSRS,SidHistory: -,PrivilegeList: -,,,False,example_files\original\C\Windows\System32\winevt\logs\Security.evtx,Audit success,0,"{""EventData"":{""Data"":[{""@Name"":""TargetUserName"",""#text"":""IIS_IUSRS""},{""@Name"":""TargetDomainName"",""#text"":""Builtin""},{""@Name"":""TargetSid"",""#text"":""S-1-5-32-568""},{""@Name"":""SubjectUserSid"",""#text"":""S-1-5-18""},{""@Name"":""SubjectUserName"",""#text"":""WIN-TFHMB3RRSQV$""},{""@Name"":""SubjectDomainName"",""#text"":""WORKGROUP""},{""@Name"":""SubjectLogonId"",""#text"":""0x3E7""},{""@Name"":""PrivilegeList"",""#text"":""-""},{""@Name"":""SamAccountName"",""#text"":""IIS_IUSRS""},{""@Name"":""SidHistory"",""#text"":""-""}]}}"
105,105,2025-02-04 03:11:00.2270180,4735,LogAlways,Microsoft-Windows-Security-Auditing,Security,412,460,WIN-TFHMB3RRSQV,1,,A security-enabled local group was changed,WORKGROUP\WIN-TFHMB3RRSQV$ (S-1-5-18),,Target: Builtin\Cryptographic Operators (S-1-5-32-569),SubjectLogonId: 0x3E7,SamAccountName: -,SidHistory: -,PrivilegeList: -,,,False,example_files\original\C\Windows\System32\winevt\logs\Security.evtx,Audit success,0,"{""EventData"":{""Data"":[{""@Name"":""TargetUserName"",""#text"":""Cryptographic Operators""},{""@Name"":""TargetDomainName"",""#text"":""Builtin""},{""@Name"":""TargetSid"",""#text"":""S-1-5-32-569""},{""@Name"":""SubjectUserSid"",""#text"":""S-1-5-18""},{""@Name"":""SubjectUserName"",""#text"":""WIN-TFHMB3RRSQV$""},{""@Name"":""SubjectDomainName"",""#text"":""WORKGROUP""},{""@Name"":""SubjectLogonId"",""#text"":""0x3E7""},{""@Name"":""PrivilegeList"",""#text"":""-""},{""@Name"":""SamAccountName"",""#text"":""-""},{""@Name"":""SidHistory"",""#text"":""-""}]}}"
106,106,2025-02-04 03:11:00.2270180,4781,LogAlways,Microsoft-Windows-Security-Auditing,Security,412,460,WIN-TFHMB3RRSQV,1,,The name of an account was changed,WORKGROUP\WIN-TFHMB3RRSQV$ (S-1-5-18),,OldTargetUserName: Cryptographic Operators,NewTargetUserName: Cryptographic Operators,TargetDomainName: Builtin,TargetSid: S-1-5-32-569,,,,False,example_files\original\C\Windows\System32\winevt\logs\Security.evtx,Audit success,0,"{""EventData"":{""Data"":[{""@Name"":""OldTargetUserName"",""#text"":""Cryptographic Operators""},{""@Name"":""NewTargetUserName"",""#text"":""Cryptographic Operators""},{""@Name"":""TargetDomainName"",""#text"":""Builtin""},{""@Name"":""TargetSid"",""#text"":""S-1-5-32-569""},{""@Name"":""SubjectUserSid"",""#text"":""S-1-5-18""},{""@Name"":""SubjectUserName"",""#text"":""WIN-TFHMB3RRSQV$""},{""@Name"":""SubjectDomainName"",""#text"":""WORKGROUP""},{""@Name"":""SubjectLogonId"",""#text"":""0x3E7""},{""@Name"":""PrivilegeList"",""#text"":""-""}]}}"
107,107,2025-02-04 03:11:00.2270180,4735,LogAlways,Microsoft-Windows-Security-Auditing,Security,412,460,WIN-TFHMB3RRSQV,1,,A security-enabled local group was changed,WORKGROUP\WIN-TFHMB3RRSQV$ (S-1-5-18),,Target: Builtin\Cryptographic Operators (S-1-5-32-569),SubjectLogonId: 0x3E7,SamAccountName: Cryptographic Operators,SidHistory: -,PrivilegeList: -,,,False,example_files\original\C\Windows\System32\winevt\logs\Security.evtx,Audit success,0,"{""EventData"":{""Data"":[{""@Name"":""TargetUserName"",""#text"":""Cryptographic Operators""},{""@Name"":""TargetDomainName"",""#text"":""Builtin""},{""@Name"":""TargetSid"",""#text"":""S-1-5-32-569""},{""@Name"":""SubjectUserSid"",""#text"":""S-1-5-18""},{""@Name"":""SubjectUserName"",""#text"":""WIN-TFHMB3RRSQV$""},{""@Name"":""SubjectDomainName"",""#text"":""WORKGROUP""},{""@Name"":""SubjectLogonId"",""#text"":""0x3E7""},{""@Name"":""PrivilegeList"",""#text"":""-""},{""@Name"":""SamAccountName"",""#text"":""Cryptographic Operators""},{""@Name"":""SidHistory"",""#text"":""-""}]}}"
108,108,2025-02-04 03:11:00.2270180,4735,LogAlways,Microsoft-Windows-Security-Auditing,Security,412,460,WIN-TFHMB3RRSQV,1,,A security-enabled local group was changed,WORKGROUP\WIN-TFHMB3RRSQV$ (S-1-5-18),,Target: Builtin\Event Log Readers (S-1-5-32-573),SubjectLogonId: 0x3E7,SamAccountName: -,SidHistory: -,PrivilegeList: -,,,False,example_files\original\C\Windows\System32\winevt\logs\Security.evtx,Audit success,0,"{""EventData"":{""Data"":[{""@Name"":""TargetUserName"",""#text"":""Event Log Readers""},{""@Name"":""TargetDomainName"",""#text"":""Builtin""},{""@Name"":""TargetSid"",""#text"":""S-1-5-32-573""},{""@Name"":""SubjectUserSid"",""#text"":""S-1-5-18""},{""@Name"":""SubjectUserName"",""#text"":""WIN-TFHMB3RRSQV$""},{""@Name"":""SubjectDomainName"",""#text"":""WORKGROUP""},{""@Name"":""SubjectLogonId"",""#text"":""0x3E7""},{""@Name"":""PrivilegeList"",""#text"":""-""},{""@Name"":""SamAccountName"",""#text"":""-""},{""@Name"":""SidHistory"",""#text"":""-""}]}}"
109,109,2025-02-04 03:11:00.2270180,4781,LogAlways,Microsoft-Windows-Security-Auditing,Security,412,460,WIN-TFHMB3RRSQV,1,,The name of an account was changed,WORKGROUP\WIN-TFHMB3RRSQV$ (S-1-5-18),,OldTargetUserName: Event Log Readers,NewTargetUserName: Event Log Readers,TargetDomainName: Builtin,TargetSid: S-1-5-32-573,,,,False,example_files\original\C\Windows\System32\winevt\logs\Security.evtx,Audit success,0,"{""EventData"":{""Data"":[{""@Name"":""OldTargetUserName"",""#text"":""Event Log Readers""},{""@Name"":""NewTargetUserName"",""#text"":""Event Log Readers""},{""@Name"":""TargetDomainName"",""#text"":""Builtin""},{""@Name"":""TargetSid"",""#text"":""S-1-5-32-573""},{""@Name"":""SubjectUserSid"",""#text"":""S-1-5-18""},{""@Name"":""SubjectUserName"",""#text"":""WIN-TFHMB3RRSQV$""},{""@Name"":""SubjectDomainName"",""#text"":""WORKGROUP""},{""@Name"":""SubjectLogonId"",""#text"":""0x3E7""},{""@Name"":""PrivilegeList"",""#text"":""-""}]}}"
110,110,2025-02-04 03:11:00.2270180,4735,LogAlways,Microsoft-Windows-Security-Auditing,Security,412,460,WIN-TFHMB3RRSQV,1,,A security-enabled local group was changed,WORKGROUP\WIN-TFHMB3RRSQV$ (S-1-5-18),,Target: Builtin\Event Log Readers (S-1-5-32-573),SubjectLogonId: 0x3E7,SamAccountName: Event Log Readers,SidHistory: -,PrivilegeList: -,,,False,example_files\original\C\Windows\System32\winevt\logs\Security.evtx,Audit success,0,"{""EventData"":{""Data"":[{""@Name"":""TargetUserName"",""#text"":""Event Log Readers""},{""@Name"":""TargetDomainName"",""#text"":""Builtin""},{""@Name"":""TargetSid"",""#text"":""S-1-5-32-573""},{""@Name"":""SubjectUserSid"",""#text"":""S-1-5-18""},{""@Name"":""SubjectUserName"",""#text"":""WIN-TFHMB3RRSQV$""},{""@Name"":""SubjectDomainName"",""#text"":""WORKGROUP""},{""@Name"":""SubjectLogonId"",""#text"":""0x3E7""},{""@Name"":""PrivilegeList"",""#text"":""-""},{""@Name"":""SamAccountName"",""#text"":""Event Log Readers""},{""@Name"":""SidHistory"",""#text"":""-""}]}}"
111,111,2025-02-04 03:11:00.2270180,4738,LogAlways,Microsoft-Windows-Security-Auditing,Security,412,460,WIN-TFHMB3RRSQV,1,,A user account was changed,WORKGROUP\WIN-TFHMB3RRSQV$,,Target: WIN-TFHMB3RRSQV\Administrator,Changed Attribute SamAccountName: Administrator DisplayName: %%1793 UserPrincipalName: - HomeDirectory: %%1793 HomePath: %%1793 ScriptPath: %%1793 ProfilePath: %%1793 UserWorkstations: %%1793 PasswordLastSet: 11/21/2010 11:57:24 AM AccountExpires: %%1794 PrimaryGroupId: 513 AllowedToDelegateTo: - OldUacValue: 0x211 NewUacValue: 0x211 UserAccountControl: - UserParameters: %%1793 SidHistory: - LogonHours: %%1797,,,,,,False,example_files\original\C\Windows\System32\winevt\logs\Security.evtx,Audit success,0,"{""EventData"":{""Data"":[{""@Name"":""Dummy"",""#text"":""-""},{""@Name"":""TargetUserName"",""#text"":""Administrator""},{""@Name"":""TargetDomainName"",""#text"":""WIN-TFHMB3RRSQV""},{""@Name"":""TargetSid"",""#text"":""S-1-5-21-2927126382-3537124110-2073285158-500""},{""@Name"":""SubjectUserSid"",""#text"":""S-1-5-18""},{""@Name"":""SubjectUserName"",""#text"":""WIN-TFHMB3RRSQV$""},{""@Name"":""SubjectDomainName"",""#text"":""WORKGROUP""},{""@Name"":""SubjectLogonId"",""#text"":""0x3E7""},{""@Name"":""PrivilegeList"",""#text"":""-""},{""@Name"":""SamAccountName"",""#text"":""Administrator""},{""@Name"":""DisplayName"",""#text"":""%%1793""},{""@Name"":""UserPrincipalName"",""#text"":""-""},{""@Name"":""HomeDirectory"",""#text"":""%%1793""},{""@Name"":""HomePath"",""#text"":""%%1793""},{""@Name"":""ScriptPath"",""#text"":""%%1793""},{""@Name"":""ProfilePath"",""#text"":""%%1793""},{""@Name"":""UserWorkstations"",""#text"":""%%1793""},{""@Name"":""PasswordLastSet"",""#text"":""11/21/2010 11:57:24 AM""},{""@Name"":""AccountExpires"",""#text"":""%%1794""},{""@Name"":""PrimaryGroupId"",""#text"":""513""},{""@Name"":""AllowedToDelegateTo"",""#text"":""-""},{""@Name"":""OldUacValue"",""#text"":""0x211""},{""@Name"":""NewUacValue"",""#text"":""0x211""},{""@Name"":""UserAccountControl"",""#text"":""-""},{""@Name"":""UserParameters"",""#text"":""%%1793""},{""@Name"":""SidHistory"",""#text"":""-""},{""@Name"":""LogonHours"",""#text"":""%%1797""}]}}"
112,112,2025-02-04 03:11:00.2270180,4738,LogAlways,Microsoft-Windows-Security-Auditing,Security,412,460,WIN-TFHMB3RRSQV,1,,A user account was changed,WORKGROUP\WIN-TFHMB3RRSQV$,,Target: WIN-TFHMB3RRSQV\Administrator,Changed Attribute SamAccountName: Administrator DisplayName: %%1793 UserPrincipalName: - HomeDirectory: %%1793 HomePath: %%1793 ScriptPath: %%1793 ProfilePath: %%1793 UserWorkstations: %%1793 PasswordLastSet: 11/21/2010 11:57:24 AM AccountExpires: %%1794 PrimaryGroupId: 513 AllowedToDelegateTo: - OldUacValue: 0x211 NewUacValue: 0x211 UserAccountControl: - UserParameters: %%1793 SidHistory: - LogonHours: %%1797,,,,,,False,example_files\original\C\Windows\System32\winevt\logs\Security.evtx,Audit success,0,"{""EventData"":{""Data"":[{""@Name"":""Dummy"",""#text"":""-""},{""@Name"":""TargetUserName"",""#text"":""Administrator""},{""@Name"":""TargetDomainName"",""#text"":""WIN-TFHMB3RRSQV""},{""@Name"":""TargetSid"",""#text"":""S-1-5-21-2927126382-3537124110-2073285158-500""},{""@Name"":""SubjectUserSid"",""#text"":""S-1-5-18""},{""@Name"":""SubjectUserName"",""#text"":""WIN-TFHMB3RRSQV$""},{""@Name"":""SubjectDomainName"",""#text"":""WORKGROUP""},{""@Name"":""SubjectLogonId"",""#text"":""0x3E7""},{""@Name"":""PrivilegeList"",""#text"":""-""},{""@Name"":""SamAccountName"",""#text"":""Administrator""},{""@Name"":""DisplayName"",""#text"":""%%1793""},{""@Name"":""UserPrincipalName"",""#text"":""-""},{""@Name"":""HomeDirectory"",""#text"":""%%1793""},{""@Name"":""HomePath"",""#text"":""%%1793""},{""@Name"":""ScriptPath"",""#text"":""%%1793""},{""@Name"":""ProfilePath"",""#text"":""%%1793""},{""@Name"":""UserWorkstations"",""#text"":""%%1793""},{""@Name"":""PasswordLastSet"",""#text"":""11/21/2010 11:57:24 AM""},{""@Name"":""AccountExpires"",""#text"":""%%1794""},{""@Name"":""PrimaryGroupId"",""#text"":""513""},{""@Name"":""AllowedToDelegateTo"",""#text"":""-""},{""@Name"":""OldUacValue"",""#text"":""0x211""},{""@Name"":""NewUacValue"",""#text"":""0x211""},{""@Name"":""UserAccountControl"",""#text"":""-""},{""@Name"":""UserParameters"",""#text"":""%%1793""},{""@Name"":""SidHistory"",""#text"":""-""},{""@Name"":""LogonHours"",""#text"":""%%1797""}]}}"
113,113,2025-02-04 03:11:00.2270180,4738,LogAlways,Microsoft-Windows-Security-Auditing,Security,412,460,WIN-TFHMB3RRSQV,1,,A user account was changed,WORKGROUP\WIN-TFHMB3RRSQV$,,Target: WIN-TFHMB3RRSQV\Guest,Changed Attribute SamAccountName: Guest DisplayName: %%1793 UserPrincipalName: - HomeDirectory: %%1793 HomePath: %%1793 ScriptPath: %%1793 ProfilePath: %%1793 UserWorkstations: %%1793 PasswordLastSet: %%1794 AccountExpires: %%1794 PrimaryGroupId: 513 AllowedToDelegateTo: - OldUacValue: 0x215 NewUacValue: 0x215 UserAccountControl: - UserParameters: %%1793 SidHistory: - LogonHours: %%1797,,,,,,False,example_files\original\C\Windows\System32\winevt\logs\Security.evtx,Audit success,0,"{""EventData"":{""Data"":[{""@Name"":""Dummy"",""#text"":""-""},{""@Name"":""TargetUserName"",""#text"":""Guest""},{""@Name"":""TargetDomainName"",""#text"":""WIN-TFHMB3RRSQV""},{""@Name"":""TargetSid"",""#text"":""S-1-5-21-2927126382-3537124110-2073285158-501""},{""@Name"":""SubjectUserSid"",""#text"":""S-1-5-18""},{""@Name"":""SubjectUserName"",""#text"":""WIN-TFHMB3RRSQV$""},{""@Name"":""SubjectDomainName"",""#text"":""WORKGROUP""},{""@Name"":""SubjectLogonId"",""#text"":""0x3E7""},{""@Name"":""PrivilegeList"",""#text"":""-""},{""@Name"":""SamAccountName"",""#text"":""Guest""},{""@Name"":""DisplayName"",""#text"":""%%1793""},{""@Name"":""UserPrincipalName"",""#text"":""-""},{""@Name"":""HomeDirectory"",""#text"":""%%1793""},{""@Name"":""HomePath"",""#text"":""%%1793""},{""@Name"":""ScriptPath"",""#text"":""%%1793""},{""@Name"":""ProfilePath"",""#text"":""%%1793""},{""@Name"":""UserWorkstations"",""#text"":""%%1793""},{""@Name"":""PasswordLastSet"",""#text"":""%%1794""},{""@Name"":""AccountExpires"",""#text"":""%%1794""},{""@Name"":""PrimaryGroupId"",""#text"":""513""},{""@Name"":""AllowedToDelegateTo"",""#text"":""-""},{""@Name"":""OldUacValue"",""#text"":""0x215""},{""@Name"":""NewUacValue"",""#text"":""0x215""},{""@Name"":""UserAccountControl"",""#text"":""-""},{""@Name"":""UserParameters"",""#text"":""%%1793""},{""@Name"":""SidHistory"",""#text"":""-""},{""@Name"":""LogonHours"",""#text"":""%%1797""}]}}"
114,114,2025-02-04 03:11:00.2270180,4738,LogAlways,Microsoft-Windows-Security-Auditing,Security,412,460,WIN-TFHMB3RRSQV,1,,A user account was changed,WORKGROUP\WIN-TFHMB3RRSQV$,,Target: WIN-TFHMB3RRSQV\Guest,Changed Attribute SamAccountName: Guest DisplayName: %%1793 UserPrincipalName: - HomeDirectory: %%1793 HomePath: %%1793 ScriptPath: %%1793 ProfilePath: %%1793 UserWorkstations: %%1793 PasswordLastSet: %%1794 AccountExpires: %%1794 PrimaryGroupId: 513 AllowedToDelegateTo: - OldUacValue: 0x215 NewUacValue: 0x215 UserAccountControl: - UserParameters: %%1793 SidHistory: - LogonHours: %%1797,,,,,,False,example_files\original\C\Windows\System32\winevt\logs\Security.evtx,Audit success,0,"{""EventData"":{""Data"":[{""@Name"":""Dummy"",""#text"":""-""},{""@Name"":""TargetUserName"",""#text"":""Guest""},{""@Name"":""TargetDomainName"",""#text"":""WIN-TFHMB3RRSQV""},{""@Name"":""TargetSid"",""#text"":""S-1-5-21-2927126382-3537124110-2073285158-501""},{""@Name"":""SubjectUserSid"",""#text"":""S-1-5-18""},{""@Name"":""SubjectUserName"",""#text"":""WIN-TFHMB3RRSQV$""},{""@Name"":""SubjectDomainName"",""#text"":""WORKGROUP""},{""@Name"":""SubjectLogonId"",""#text"":""0x3E7""},{""@Name"":""PrivilegeList"",""#text"":""-""},{""@Name"":""SamAccountName"",""#text"":""Guest""},{""@Name"":""DisplayName"",""#text"":""%%1793""},{""@Name"":""UserPrincipalName"",""#text"":""-""},{""@Name"":""HomeDirectory"",""#text"":""%%1793""},{""@Name"":""HomePath"",""#text"":""%%1793""},{""@Name"":""ScriptPath"",""#text"":""%%1793""},{""@Name"":""ProfilePath"",""#text"":""%%1793""},{""@Name"":""UserWorkstations"",""#text"":""%%1793""},{""@Name"":""PasswordLastSet"",""#text"":""%%1794""},{""@Name"":""AccountExpires"",""#text"":""%%1794""},{""@Name"":""PrimaryGroupId"",""#text"":""513""},{""@Name"":""AllowedToDelegateTo"",""#text"":""-""},{""@Name"":""OldUacValue"",""#text"":""0x215""},{""@Name"":""NewUacValue"",""#text"":""0x215""},{""@Name"":""UserAccountControl"",""#text"":""-""},{""@Name"":""UserParameters"",""#text"":""%%1793""},{""@Name"":""SidHistory"",""#text"":""-""},{""@Name"":""LogonHours"",""#text"":""%%1797""}]}}"
115,115,2025-02-04 03:11:00.4142183,4624,LogAlways,Microsoft-Windows-Security-Auditing,Security,412,460,WIN-TFHMB3RRSQV,1,,Successful logon,WORKGROUP\WIN-TFHMB3RRSQV$," (-)",Target: NT AUTHORITY\SYSTEM,LogonType 5,LogonId: 0x3E7,AuthenticationPackageName: Negotiate,"LogonProcessName: Advapi  ",,C:\Windows\System32\services.exe,False,example_files\original\C\Windows\System32\winevt\logs\Security.evtx,Audit success,0,"{""EventData"":{""Data"":[{""@Name"":""SubjectUserSid"",""#text"":""S-1-5-18""},{""@Name"":""SubjectUserName"",""#text"":""WIN-TFHMB3RRSQV$""},{""@Name"":""SubjectDomainName"",""#text"":""WORKGROUP""},{""@Name"":""SubjectLogonId"",""#text"":""0x3E7""},{""@Name"":""TargetUserSid"",""#text"":""S-1-5-18""},{""@Name"":""TargetUserName"",""#text"":""SYSTEM""},{""@Name"":""TargetDomainName"",""#text"":""NT AUTHORITY""},{""@Name"":""TargetLogonId"",""#text"":""0x3E7""},{""@Name"":""LogonType"",""#text"":""5""},{""@Name"":""LogonProcessName"",""#text"":""Advapi  ""},{""@Name"":""AuthenticationPackageName"",""#text"":""Negotiate""},{""@Name"":""WorkstationName""},{""@Name"":""LogonGuid"",""#text"":""00000000-0000-0000-0000-000000000000""},{""@Name"":""TransmittedServices"",""#text"":""-""},{""@Name"":""LmPackageName"",""#text"":""-""},{""@Name"":""KeyLength"",""#text"":""0""},{""@Name"":""ProcessId"",""#text"":""0x18C""},{""@Name"":""ProcessName"",""#text"":""C:\\Windows\\System32\\services.exe""},{""@Name"":""IpAddress"",""#text"":""-""},{""@Name"":""IpPort"",""#text"":""-""}]}}"
116,116,2025-02-04 03:11:00.4142183,4672,LogAlways,Microsoft-Windows-Security-Auditing,Security,412,460,WIN-TFHMB3RRSQV,1,,Administrative logon,NT AUTHORITY\SYSTEM (S-1-5-18),,"PrivilegeList: SeAssignPrimaryTokenPrivilege, SeTcbPrivilege, SeSecurityPrivilege, SeTakeOwnershipPrivilege, SeLoadDriverPrivilege, SeBackupPrivilege, SeRestorePrivilege, SeDebugPrivilege, SeAuditPrivilege, SeSystemEnvironmentPrivilege, SeImpersonatePrivilege",LogonId: 0x3E7,,,,,,False,example_files\original\C\Windows\System32\winevt\logs\Security.evtx,Audit success,0,"{""EventData"":{""Data"":[{""@Name"":""SubjectUserSid"",""#text"":""S-1-5-18""},{""@Name"":""SubjectUserName"",""#text"":""SYSTEM""},{""@Name"":""SubjectDomainName"",""#text"":""NT AUTHORITY""},{""@Name"":""SubjectLogonId"",""#text"":""0x3E7""},{""@Name"":""PrivilegeList"",""#text"":""SeAssignPrimaryTokenPrivilege, SeTcbPrivilege, SeSecurityPrivilege, SeTakeOwnershipPrivilege, SeLoadDriverPrivilege, SeBackupPrivilege, SeRestorePrivilege, SeDebugPrivilege, SeAuditPrivilege, SeSystemEnvironmentPrivilege, SeImpersonatePrivilege""}]}}"
117,117,2025-02-04 03:11:01.1006195,4648,LogAlways,Microsoft-Windows-Security-Auditing,Security,412,460,WIN-TFHMB3RRSQV,1,,A logon was attempted using explicit credentials,WORKGROUP\WIN-TFHMB3RRSQV$,127.0.0.1:0,Target: WIN-TFHMB3RRSQV\student,TargetServerName: localhost,PID: 0x204,TargetInfo: localhost,,,C:\Windows\System32\winlogon.exe,False,example_files\original\C\Windows\System32\winevt\logs\Security.evtx,Audit success,0,"{""EventData"":{""Data"":[{""@Name"":""SubjectUserSid"",""#text"":""S-1-5-18""},{""@Name"":""SubjectUserName"",""#text"":""WIN-TFHMB3RRSQV$""},{""@Name"":""SubjectDomainName"",""#text"":""WORKGROUP""},{""@Name"":""SubjectLogonId"",""#text"":""0x3E7""},{""@Name"":""LogonGuid"",""#text"":""00000000-0000-0000-0000-000000000000""},{""@Name"":""TargetUserName"",""#text"":""student""},{""@Name"":""TargetDomainName"",""#text"":""WIN-TFHMB3RRSQV""},{""@Name"":""TargetLogonGuid"",""#text"":""00000000-0000-0000-0000-000000000000""},{""@Name"":""TargetServerName"",""#text"":""localhost""},{""@Name"":""TargetInfo"",""#text"":""localhost""},{""@Name"":""ProcessId"",""#text"":""0x204""},{""@Name"":""ProcessName"",""#text"":""C:\\Windows\\System32\\winlogon.exe""},{""@Name"":""IpAddress"",""#text"":""127.0.0.1""},{""@Name"":""IpPort"",""#text"":""0""}]}}"
