126,126,2025-02-04 19:08:47.4380508,20001,Info,Microsoft-Windows-UserPnp,System,1624,1632,37L4247F27-25,0,S-1-5-18,Device installation,,,DriverDescription: WAN Miniport (PPTP),InstallStatus: Installation Successful,IsDriverOEM: False,UpgradeDevice: True,RebootOption: False,DeviceInstanceID: ROOT\MS_PPTPMINIPORT\0000,,False,example_files\original\C\Windows\System32\winevt\logs\System.evtx,Classic,0,"{""UserData"":{""InstallDeviceID"":{""DriverName"":"""",""DriverVersion"":""6.1.7601.17514"",""DriverProvider"":""Microsoft"",""DeviceInstanceID"":""ROOT\\MS_PPTPMINIPORT\\0000"",""SetupClass"":""4d36e972-e325-11ce-bfc1-08002be10318"",""RebootOption"":""False"",""UpgradeDevice"":""True"",""IsDriverOEM"":""False"",""InstallStatus"":""0x0"",""DriverDescription"":""WAN Miniport (PPTP)""}}}"
127,127,2025-02-04 19:08:47.5628510,20003,Info,Microsoft-Windows-UserPnp,System,1468,1500,37L4247F27-25,0,S-1-5-18,Service installation,,,ServiceName: NdisWan,AddServiceStatus: Unknown code (0),,UpdateService: True,PrimaryService: True,DeviceInstanceID: ROOT\MS_NDISWANIPV6\0000,system32\DRIVERS\ndiswan.sys,False,example_files\original\C\Windows\System32\winevt\logs\System.evtx,Classic,0,"{""UserData"":{""AddServiceID"":{""ServiceName"":""NdisWan"",""DriverFileName"":""system32\\DRIVERS\\ndiswan.sys"",""DeviceInstanceID"":""ROOT\\MS_NDISWANIPV6\\0000"",""PrimaryService"":""True"",""UpdateService"":""True"",""AddServiceStatus"":""0""}}}"
128,128,2025-02-04 19:08:47.5628510,20003,Info,Microsoft-Windows-UserPnp,System,1468,1500,37L4247F27-25,0,S-1-5-18,Service installation,,,ServiceName: NdisTapi,AddServiceStatus: Unknown code (0),,UpdateService: True,PrimaryService: False,DeviceInstanceID: ROOT\MS_NDISWANIPV6\0000,system32\DRIVERS\ndistapi.sys,False,example_files\original\C\Windows\System32\winevt\logs\System.evtx,Classic,0,"{""UserData"":{""AddServiceID"":{""ServiceName"":""NdisTapi"",""DriverFileName"":""system32\\DRIVERS\\ndistapi.sys"",""DeviceInstanceID"":""ROOT\\MS_NDISWANIPV6\\0000"",""PrimaryService"":""False"",""UpdateService"":""True"",""AddServiceStatus"":""0""}}}"
129,129,2025-02-04 19:08:47.8124515,20001,Info,Microsoft-Windows-UserPnp,System,1468,1500,37L4247F27-25,0,S-1-5-18,Device installation,,,DriverDescription: WAN Miniport (IPv6),InstallStatus: Installation Successful,IsDriverOEM: False,UpgradeDevice: True,RebootOption: False,DeviceInstanceID: ROOT\MS_NDISWANIPV6\0000,,False,example_files\original\C\Windows\System32\winevt\logs\System.evtx,Classic,0,"{""UserData"":{""InstallDeviceID"":{""DriverName"":"""",""DriverVersion"":""6.1.7601.17514"",""DriverProvider"":""Microsoft"",""DeviceInstanceID"":""ROOT\\MS_NDISWANIPV6\\0000"",""SetupClass"":""4d36e972-e325-11ce-bfc1-08002be10318"",""RebootOption"":""False"",""UpgradeDevice"":""True"",""IsDriverOEM"":""False"",""InstallStatus"":""0x0"",""DriverDescription"":""WAN Miniport (IPv6)""}}}"
130,130,2025-02-04 19:08:47.9216517,20003,Info,Microsoft-Windows-UserPnp,System,1668,1676,37L4247F27-25,0,S-1-5-18,Service installation,,,ServiceName: RasSstp,AddServiceStatus: Unknown code (0),,UpdateService: True,PrimaryService: True,DeviceInstanceID: ROOT\MS_SSTPMINIPORT\0000,system32\DRIVERS\rassstp.sys,False,example_files\original\C\Windows\System32\winevt\logs\System.evtx,Classic,0,"{""UserData"":{""AddServiceID"":{""ServiceName"":""RasSstp"",""DriverFileName"":""system32\\DRIVERS\\rassstp.sys"",""DeviceInstanceID"":""ROOT\\MS_SSTPMINIPORT\\0000"",""PrimaryService"":""True"",""UpdateService"":""True"",""AddServiceStatus"":""0""}}}"
131,131,2025-02-04 19:08:48.2180522,20001,Info,Microsoft-Windows-UserPnp,System,1668,1676,37L4247F27-25,0,S-1-5-18,Device installation,,,DriverDescription: WAN Miniport (SSTP),InstallStatus: Installation Successful,IsDriverOEM: False,UpgradeDevice: True,RebootOption: False,DeviceInstanceID: ROOT\MS_SSTPMINIPORT\0000,,False,example_files\original\C\Windows\System32\winevt\logs\System.evtx,Classic,0,"{""UserData"":{""InstallDeviceID"":{""DriverName"":"""",""DriverVersion"":""6.1.7601.17514"",""DriverProvider"":""Microsoft"",""DeviceInstanceID"":""ROOT\\MS_SSTPMINIPORT\\0000"",""SetupClass"":""4d36e972-e325-11ce-bfc1-08002be10318"",""RebootOption"":""False"",""UpgradeDevice"":""True"",""IsDriverOEM"":""False"",""InstallStatus"":""0x0"",""DriverDescription"":""WAN Miniport (SSTP)""}}}"
132,132,2025-02-04 19:08:48.3584524,20003,Info,Microsoft-Windows-UserPnp,System,1584,1592,37L4247F27-25,0,S-1-5-18,Service installation,,,ServiceName: RasPppoe,AddServiceStatus: Unknown code (0),,UpdateService: True,PrimaryService: True,DeviceInstanceID: ROOT\MS_PPPOEMINIPORT\0000,system32\DRIVERS\raspppoe.sys,False,example_files\original\C\Windows\System32\winevt\logs\System.evtx,Classic,0,"{""UserData"":{""AddServiceID"":{""ServiceName"":""RasPppoe"",""DriverFileName"":""system32\\DRIVERS\\raspppoe.sys"",""DeviceInstanceID"":""ROOT\\MS_PPPOEMINIPORT\\0000"",""PrimaryService"":""True"",""UpdateService"":""True"",""AddServiceStatus"":""0""}}}"
133,133,2025-02-04 19:08:48.5924528,20001,Info,Microsoft-Windows-UserPnp,System,1584,1592,37L4247F27-25,0,S-1-5-18,Device installation,,,DriverDescription: WAN Miniport (PPPOE),InstallStatus: Installation Successful,IsDriverOEM: False,UpgradeDevice: True,RebootOption: False,DeviceInstanceID: ROOT\MS_PPPOEMINIPORT\0000,,False,example_files\original\C\Windows\System32\winevt\logs\System.evtx,Classic,0,"{""UserData"":{""InstallDeviceID"":{""DriverName"":"""",""DriverVersion"":""6.1.7601.17514"",""DriverProvider"":""Microsoft"",""DeviceInstanceID"":""ROOT\\MS_PPPOEMINIPORT\\0000"",""SetupClass"":""4d36e972-e325-11ce-bfc1-08002be10318"",""RebootOption"":""False"",""UpgradeDevice"":""True"",""IsDriverOEM"":""False"",""InstallStatus"":""0x0"",""DriverDescription"":""WAN Miniport (PPPOE)""}}}"
134,134,2025-02-04 19:08:48.7172531,20003,Info,Microsoft-Windows-UserPnp,System,1704,1712,37L4247F27-25,0,S-1-5-18,Service installation,,,ServiceName: TermDD,AddServiceStatus: Unknown code (0),,UpdateService: True,PrimaryService: True,DeviceInstanceID: ROOT\RDP_KBD\0000,system32\DRIVERS\termdd.sys,False,example_files\original\C\Windows\System32\winevt\logs\System.evtx,Classic,0,"{""UserData"":{""AddServiceID"":{""ServiceName"":""TermDD"",""DriverFileName"":""system32\\DRIVERS\\termdd.sys"",""DeviceInstanceID"":""ROOT\\RDP_KBD\\0000"",""PrimaryService"":""True"",""UpdateService"":""True"",""AddServiceStatus"":""0""}}}"
135,135,2025-02-04 19:08:48.7328531,20003,Info,Microsoft-Windows-UserPnp,System,1704,1712,37L4247F27-25,0,S-1-5-18,Service installation,,,ServiceName: kbdclass,AddServiceStatus: Unknown code (0),,UpdateService: True,PrimaryService: False,DeviceInstanceID: ROOT\RDP_KBD\0000,system32\DRIVERS\kbdclass.sys,False,example_files\original\C\Windows\System32\winevt\logs\System.evtx,Classic,0,"{""UserData"":{""AddServiceID"":{""ServiceName"":""kbdclass"",""DriverFileName"":""system32\\DRIVERS\\kbdclass.sys"",""DeviceInstanceID"":""ROOT\\RDP_KBD\\0000"",""PrimaryService"":""False"",""UpdateService"":""True"",""AddServiceStatus"":""0""}}}"
136,136,2025-02-04 19:08:48.8420533,20001,Info,Microsoft-Windows-UserPnp,System,1704,1712,37L4247F27-25,0,S-1-5-18,Device installation,,,DriverDescription: Terminal Server Keyboard Driver,InstallStatus: Installation Successful,IsDriverOEM: False,UpgradeDevice: True,RebootOption: True,DeviceInstanceID: ROOT\RDP_KBD\0000,FileRepository\machine.inf_amd64_neutral_a2f120466549d68b\machine.inf,False,example_files\original\C\Windows\System32\winevt\logs\System.evtx,Classic,0,"{""UserData"":{""InstallDeviceID"":{""DriverName"":""FileRepository\\machine.inf_amd64_neutral_a2f120466549d68b\\machine.inf"",""DriverVersion"":""6.1.7601.17514"",""DriverProvider"":""Microsoft"",""DeviceInstanceID"":""ROOT\\RDP_KBD\\0000"",""SetupClass"":""4d36e97d-e325-11ce-bfc1-08002be10318"",""RebootOption"":""True"",""UpgradeDevice"":""True"",""IsDriverOEM"":""False"",""InstallStatus"":""0x0"",""DriverDescription"":""Terminal Server Keyboard Driver""}}}"
137,137,2025-02-04 19:08:49.0448536,20003,Info,Microsoft-Windows-UserPnp,System,1724,1732,37L4247F27-25,0,S-1-5-18,Service installation,,,ServiceName: TermDD,AddServiceStatus: Unknown code (0),,UpdateService: True,PrimaryService: True,DeviceInstanceID: ROOT\RDP_MOU\0000,system32\DRIVERS\termdd.sys,False,example_files\original\C\Windows\System32\winevt\logs\System.evtx,Classic,0,"{""UserData"":{""AddServiceID"":{""ServiceName"":""TermDD"",""DriverFileName"":""system32\\DRIVERS\\termdd.sys"",""DeviceInstanceID"":""ROOT\\RDP_MOU\\0000"",""PrimaryService"":""True"",""UpdateService"":""True"",""AddServiceStatus"":""0""}}}"
138,138,2025-02-04 19:08:49.0448536,20003,Info,Microsoft-Windows-UserPnp,System,1724,1732,37L4247F27-25,0,S-1-5-18,Service installation,,,ServiceName: mouclass,AddServiceStatus: Unknown code (0),,UpdateService: True,PrimaryService: False,DeviceInstanceID: ROOT\RDP_MOU\0000,system32\DRIVERS\mouclass.sys,False,example_files\original\C\Windows\System32\winevt\logs\System.evtx,Classic,0,"{""UserData"":{""AddServiceID"":{""ServiceName"":""mouclass"",""DriverFileName"":""system32\\DRIVERS\\mouclass.sys"",""DeviceInstanceID"":""ROOT\\RDP_MOU\\0000"",""PrimaryService"":""False"",""UpdateService"":""True"",""AddServiceStatus"":""0""}}}"
139,139,2025-02-04 19:08:49.1540538,20001,Info,Microsoft-Windows-UserPnp,System,1724,1732,37L4247F27-25,0,S-1-5-18,Device installation,,,DriverDescription: Terminal Server Mouse Driver,InstallStatus: Installation Successful,IsDriverOEM: False,UpgradeDevice: True,RebootOption: True,DeviceInstanceID: ROOT\RDP_MOU\0000,FileRepository\machine.inf_amd64_neutral_a2f120466549d68b\machine.inf,False,example_files\original\C\Windows\System32\winevt\logs\System.evtx,Classic,0,"{""UserData"":{""InstallDeviceID"":{""DriverName"":""FileRepository\\machine.inf_amd64_neutral_a2f120466549d68b\\machine.inf"",""DriverVersion"":""6.1.7601.17514"",""DriverProvider"":""Microsoft"",""DeviceInstanceID"":""ROOT\\RDP_MOU\\0000"",""SetupClass"":""4d36e97d-e325-11ce-bfc1-08002be10318"",""RebootOption"":""True"",""UpgradeDevice"":""True"",""IsDriverOEM"":""False"",""InstallStatus"":""0x0"",""DriverDescription"":""Terminal Server Mouse Driver""}}}"
140,140,2025-02-04 19:08:49.2788541,20003,Info,Microsoft-Windows-UserPnp,System,1744,1752,37L4247F27-25,0,S-1-5-18,Service installation,,,ServiceName: swenum,AddServiceStatus: Unknown code (0),,UpdateService: True,PrimaryService: True,DeviceInstanceID: ROOT\SYSTEM\0000,system32\DRIVERS\swenum.sys,False,example_files\original\C\Windows\System32\winevt\logs\System.evtx,Classic,0,"{""UserData"":{""AddServiceID"":{""ServiceName"":""swenum"",""DriverFileName"":""system32\\DRIVERS\\swenum.sys"",""DeviceInstanceID"":""ROOT\\SYSTEM\\0000"",""PrimaryService"":""True"",""UpdateService"":""True"",""AddServiceStatus"":""0""}}}"
141,141,2025-02-04 19:08:49.4660544,20001,Info,Microsoft-Windows-UserPnp,System,1744,1752,37L4247F27-25,0,S-1-5-18,Device installation,,,DriverDescription: Plug and Play Software Device Enumerator,InstallStatus: Installation Successful,IsDriverOEM: False,UpgradeDevice: True,RebootOption: False,DeviceInstanceID: ROOT\SYSTEM\0000,FileRepository\machine.inf_amd64_neutral_a2f120466549d68b\machine.inf,False,example_files\original\C\Windows\System32\winevt\logs\System.evtx,Classic,0,"{""UserData"":{""InstallDeviceID"":{""DriverName"":""FileRepository\\machine.inf_amd64_neutral_a2f120466549d68b\\machine.inf"",""DriverVersion"":""6.1.7601.17514"",""DriverProvider"":""Microsoft"",""DeviceInstanceID"":""ROOT\\SYSTEM\\0000"",""SetupClass"":""4d36e97d-e325-11ce-bfc1-08002be10318"",""RebootOption"":""False"",""UpgradeDevice"":""True"",""IsDriverOEM"":""False"",""InstallStatus"":""0x0"",""DriverDescription"":""Plug and Play Software Device Enumerator""}}}"
142,142,2025-02-04 19:08:49.7000548,20003,Info,Microsoft-Windows-UserPnp,System,1764,1772,37L4247F27-25,0,S-1-5-18,Service installation,,,ServiceName: umbus,AddServiceStatus: Unknown code (0),,UpdateService: True,PrimaryService: True,DeviceInstanceID: ROOT\UMBUS\0000,system32\DRIVERS\umbus.sys,False,example_files\original\C\Windows\System32\winevt\logs\System.evtx,Classic,0,"{""UserData"":{""AddServiceID"":{""ServiceName"":""umbus"",""DriverFileName"":""system32\\DRIVERS\\umbus.sys"",""DeviceInstanceID"":""ROOT\\UMBUS\\0000"",""PrimaryService"":""True"",""UpdateService"":""True"",""AddServiceStatus"":""0""}}}"
143,143,2025-02-04 19:08:49.8872551,20001,Info,Microsoft-Windows-UserPnp,System,1764,1772,37L4247F27-25,0,S-1-5-18,Device installation,,,DriverDescription: UMBus Root Bus Enumerator,InstallStatus: Installation Successful,IsDriverOEM: False,UpgradeDevice: True,RebootOption: False,DeviceInstanceID: ROOT\UMBUS\0000,FileRepository\umbus.inf_amd64_neutral_2d4257afa2e35253\umbus.inf,False,example_files\original\C\Windows\System32\winevt\logs\System.evtx,Classic,0,"{""UserData"":{""InstallDeviceID"":{""DriverName"":""FileRepository\\umbus.inf_amd64_neutral_2d4257afa2e35253\\umbus.inf"",""DriverVersion"":""6.1.7601.17514"",""DriverProvider"":""Microsoft"",""DeviceInstanceID"":""ROOT\\UMBUS\\0000"",""SetupClass"":""4d36e97d-e325-11ce-bfc1-08002be10318"",""RebootOption"":""False"",""UpgradeDevice"":""True"",""IsDriverOEM"":""False"",""InstallStatus"":""0x0"",""DriverDescription"":""UMBus Root Bus Enumerator""}}}"
144,144,2025-02-04 19:08:49.9964553,20003,Info,Microsoft-Windows-UserPnp,System,1796,1804,37L4247F27-25,0,S-1-5-18,Service installation,,,ServiceName: vdrvroot,AddServiceStatus: Unknown code (0),,UpdateService: True,PrimaryService: True,DeviceInstanceID: ROOT\VDRVROOT\0000,system32\DRIVERS\vdrvroot.sys,False,example_files\original\C\Windows\System32\winevt\logs\System.evtx,Classic,0,"{""UserData"":{""AddServiceID"":{""ServiceName"":""vdrvroot"",""DriverFileName"":""system32\\DRIVERS\\vdrvroot.sys"",""DeviceInstanceID"":""ROOT\\VDRVROOT\\0000"",""PrimaryService"":""True"",""UpdateService"":""True"",""AddServiceStatus"":""0""}}}"
145,145,2025-02-04 19:08:50.1680556,20001,Info,Microsoft-Windows-UserPnp,System,1796,1804,37L4247F27-25,0,S-1-5-18,Device installation,,,DriverDescription: Microsoft Virtual Drive Enumerator Driver,InstallStatus: Installation Successful,IsDriverOEM: False,UpgradeDevice: False,RebootOption: False,DeviceInstanceID: ROOT\VDRVROOT\0000,FileRepository\machine.inf_amd64_neutral_a2f120466549d68b\machine.inf,False,example_files\original\C\Windows\System32\winevt\logs\System.evtx,Classic,0,"{""UserData"":{""InstallDeviceID"":{""DriverName"":""FileRepository\\machine.inf_amd64_neutral_a2f120466549d68b\\machine.inf"",""DriverVersion"":""6.1.7601.17514"",""DriverProvider"":""Microsoft"",""DeviceInstanceID"":""ROOT\\VDRVROOT\\0000"",""SetupClass"":""4d36e97d-e325-11ce-bfc1-08002be10318"",""RebootOption"":""False"",""UpgradeDevice"":""False"",""IsDriverOEM"":""False"",""InstallStatus"":""0x0"",""DriverDescription"":""Microsoft Virtual Drive Enumerator Driver""}}}"
146,146,2025-02-04 19:08:50.2772558,20003,Info,Microsoft-Windows-UserPnp,System,1824,1832,37L4247F27-25,0,S-1-5-18,Service installation,,,ServiceName: volmgr,AddServiceStatus: Unknown code (0),,UpdateService: True,PrimaryService: True,DeviceInstanceID: ROOT\VOLMGR\0000,system32\DRIVERS\volmgr.sys,False,example_files\original\C\Windows\System32\winevt\logs\System.evtx,Classic,0,"{""UserData"":{""AddServiceID"":{""ServiceName"":""volmgr"",""DriverFileName"":""system32\\DRIVERS\\volmgr.sys"",""DeviceInstanceID"":""ROOT\\VOLMGR\\0000"",""PrimaryService"":""True"",""UpdateService"":""True"",""AddServiceStatus"":""0""}}}"
147,147,2025-02-04 19:08:50.2772558,20001,Info,Microsoft-Windows-UserPnp,System,1824,1832,37L4247F27-25,0,S-1-5-18,Device installation,,,DriverDescription: Volume Manager,InstallStatus: Installation Successful,IsDriverOEM: False,UpgradeDevice: True,RebootOption: True,DeviceInstanceID: ROOT\VOLMGR\0000,FileRepository\machine.inf_amd64_neutral_a2f120466549d68b\machine.inf,False,example_files\original\C\Windows\System32\winevt\logs\System.evtx,Classic,0,"{""UserData"":{""InstallDeviceID"":{""DriverName"":""FileRepository\\machine.inf_amd64_neutral_a2f120466549d68b\\machine.inf"",""DriverVersion"":""6.1.7601.17514"",""DriverProvider"":""Microsoft"",""DeviceInstanceID"":""ROOT\\VOLMGR\\0000"",""SetupClass"":""4d36e97d-e325-11ce-bfc1-08002be10318"",""RebootOption"":""True"",""UpgradeDevice"":""True"",""IsDriverOEM"":""False"",""InstallStatus"":""0x0"",""DriverDescription"":""Volume Manager""}}}"
148,148,2025-02-04 19:08:50.4332561,20001,Info,Microsoft-Windows-UserPnp,System,1848,1856,37L4247F27-25,0,S-1-5-18,Device installation,,,DriverDescription: ACPI x64-based PC,InstallStatus: Installation Successful,IsDriverOEM: False,UpgradeDevice: True,RebootOption: True,DeviceInstanceID: ROOT\ACPI_HAL\0000,FileRepository\hal.inf_amd64_neutral_232b95977cf6d84c\hal.inf,False,example_files\original\C\Windows\System32\winevt\logs\System.evtx,Classic,0,"{""UserData"":{""InstallDeviceID"":{""DriverName"":""FileRepository\\hal.inf_amd64_neutral_232b95977cf6d84c\\hal.inf"",""DriverVersion"":""6.1.7600.16385"",""DriverProvider"":""Microsoft"",""DeviceInstanceID"":""ROOT\\ACPI_HAL\\0000"",""SetupClass"":""4d36e966-e325-11ce-bfc1-08002be10318"",""RebootOption"":""True"",""UpgradeDevice"":""True"",""IsDriverOEM"":""False"",""InstallStatus"":""0x0"",""DriverDescription"":""ACPI x64-based PC""}}}"
149,149,2025-02-04 19:08:50.5424563,20003,Info,Microsoft-Windows-UserPnp,System,1880,1888,37L4247F27-25,0,S-1-5-18,Service installation,,,ServiceName: blbdrive,AddServiceStatus: Unknown code (0),,UpdateService: True,PrimaryService: True,DeviceInstanceID: ROOT\BLBDRIVE\0000,system32\DRIVERS\blbdrive.sys,False,example_files\original\C\Windows\System32\winevt\logs\System.evtx,Classic,0,"{""UserData"":{""AddServiceID"":{""ServiceName"":""blbdrive"",""DriverFileName"":""system32\\DRIVERS\\blbdrive.sys"",""DeviceInstanceID"":""ROOT\\BLBDRIVE\\0000"",""PrimaryService"":""True"",""UpdateService"":""True"",""AddServiceStatus"":""0""}}}"
150,150,2025-02-04 19:08:50.6360564,20001,Info,Microsoft-Windows-UserPnp,System,1880,1888,37L4247F27-25,0,S-1-5-18,Device installation,,,DriverDescription: File as Volume Driver,InstallStatus: Installation Successful,IsDriverOEM: False,UpgradeDevice: True,RebootOption: True,DeviceInstanceID: ROOT\BLBDRIVE\0000,FileRepository\blbdrive.inf_amd64_neutral_1aa816fe7dc98c3f\blbdrive.inf,False,example_files\original\C\Windows\System32\winevt\logs\System.evtx,Classic,0,"{""UserData"":{""InstallDeviceID"":{""DriverName"":""FileRepository\\blbdrive.inf_amd64_neutral_1aa816fe7dc98c3f\\blbdrive.inf"",""DriverVersion"":""6.1.7600.16385"",""DriverProvider"":""Microsoft"",""DeviceInstanceID"":""ROOT\\BLBDRIVE\\0000"",""SetupClass"":""4d36e97d-e325-11ce-bfc1-08002be10318"",""RebootOption"":""True"",""UpgradeDevice"":""True"",""IsDriverOEM"":""False"",""InstallStatus"":""0x0"",""DriverDescription"":""File as Volume Driver""}}}"
151,151,2025-02-04 19:08:50.8700568,20003,Info,Microsoft-Windows-UserPnp,System,1920,1928,37L4247F27-25,0,S-1-5-18,Service installation,,,ServiceName: CompositeBus,AddServiceStatus: Unknown code (0),,UpdateService: True,PrimaryService: True,DeviceInstanceID: ROOT\COMPOSITEBUS\0000,system32\DRIVERS\CompositeBus.sys,False,example_files\original\C\Windows\System32\winevt\logs\System.evtx,Classic,0,"{""UserData"":{""AddServiceID"":{""ServiceName"":""CompositeBus"",""DriverFileName"":""system32\\DRIVERS\\CompositeBus.sys"",""DeviceInstanceID"":""ROOT\\COMPOSITEBUS\\0000"",""PrimaryService"":""True"",""UpdateService"":""True"",""AddServiceStatus"":""0""}}}"
152,152,2025-02-04 19:08:51.1196573,20001,Info,Microsoft-Windows-UserPnp,System,1920,1928,37L4247F27-25,0,S-1-5-18,Device installation,,,DriverDescription: Composite Bus Enumerator,InstallStatus: Installation Successful,IsDriverOEM: False,UpgradeDevice: True,RebootOption: False,DeviceInstanceID: ROOT\COMPOSITEBUS\0000,FileRepository\compositebus.inf_amd64_neutral_b9280780a8000d4b\compositebus.inf,False,example_files\original\C\Windows\System32\winevt\logs\System.evtx,Classic,0,"{""UserData"":{""InstallDeviceID"":{""DriverName"":""FileRepository\\compositebus.inf_amd64_neutral_b9280780a8000d4b\\compositebus.inf"",""DriverVersion"":""6.1.7601.17514"",""DriverProvider"":""Microsoft"",""DeviceInstanceID"":""ROOT\\COMPOSITEBUS\\0000"",""SetupClass"":""4d36e97d-e325-11ce-bfc1-08002be10318"",""RebootOption"":""False"",""UpgradeDevice"":""True"",""IsDriverOEM"":""False"",""InstallStatus"":""0x0"",""DriverDescription"":""Composite Bus Enumerator""}}}"
153,153,2025-02-04 19:08:51.2132574,20003,Info,Microsoft-Windows-UserPnp,System,1948,1956,37L4247F27-25,0,S-1-5-18,Service installation,,,ServiceName: mssmbios,AddServiceStatus: Unknown code (0),,UpdateService: True,PrimaryService: True,DeviceInstanceID: ROOT\MSSMBIOS\0000,system32\DRIVERS\mssmbios.sys,False,example_files\original\C\Windows\System32\winevt\logs\System.evtx,Classic,0,"{""UserData"":{""AddServiceID"":{""ServiceName"":""mssmbios"",""DriverFileName"":""system32\\DRIVERS\\mssmbios.sys"",""DeviceInstanceID"":""ROOT\\MSSMBIOS\\0000"",""PrimaryService"":""True"",""UpdateService"":""True"",""AddServiceStatus"":""0""}}}"
154,154,2025-02-04 19:08:51.4004578,20001,Info,Microsoft-Windows-UserPnp,System,1948,1956,37L4247F27-25,0,S-1-5-18,Device installation,,,DriverDescription: Microsoft System Management BIOS Driver,InstallStatus: Installation Successful,IsDriverOEM: False,UpgradeDevice: False,RebootOption: False,DeviceInstanceID: ROOT\MSSMBIOS\0000,FileRepository\machine.inf_amd64_neutral_a2f120466549d68b\machine.inf,False,example_files\original\C\Windows\System32\winevt\logs\System.evtx,Classic,0,"{""UserData"":{""InstallDeviceID"":{""DriverName"":""FileRepository\\machine.inf_amd64_neutral_a2f120466549d68b\\machine.inf"",""DriverVersion"":""6.1.7601.17514"",""DriverProvider"":""Microsoft"",""DeviceInstanceID"":""ROOT\\MSSMBIOS\\0000"",""SetupClass"":""4d36e97d-e325-11ce-bfc1-08002be10318"",""RebootOption"":""False"",""UpgradeDevice"":""False"",""IsDriverOEM"":""False"",""InstallStatus"":""0x0"",""DriverDescription"":""Microsoft System Management BIOS Driver""}}}"
155,155,2025-02-04 19:08:51.6500582,20003,Info,Microsoft-Windows-UserPnp,System,1976,1984,37L4247F27-25,0,S-1-5-18,Service installation,,,ServiceName: RasAgileVpn,AddServiceStatus: Unknown code (0),,UpdateService: True,PrimaryService: True,DeviceInstanceID: ROOT\MS_AGILEVPNMINIPORT\0000,system32\DRIVERS\AgileVpn.sys,False,example_files\original\C\Windows\System32\winevt\logs\System.evtx,Classic,0,"{""UserData"":{""AddServiceID"":{""ServiceName"":""RasAgileVpn"",""DriverFileName"":""system32\\DRIVERS\\AgileVpn.sys"",""DeviceInstanceID"":""ROOT\\MS_AGILEVPNMINIPORT\\0000"",""PrimaryService"":""True"",""UpdateService"":""True"",""AddServiceStatus"":""0""}}}"
156,156,2025-02-04 19:08:51.8840586,20001,Info,Microsoft-Windows-UserPnp,System,1976,1984,37L4247F27-25,0,S-1-5-18,Device installation,,,DriverDescription: WAN Miniport (IKEv2),InstallStatus: Installation Successful,IsDriverOEM: False,UpgradeDevice: True,RebootOption: False,DeviceInstanceID: ROOT\MS_AGILEVPNMINIPORT\0000,,False,example_files\original\C\Windows\System32\winevt\logs\System.evtx,Classic,0,"{""UserData"":{""InstallDeviceID"":{""DriverName"":"""",""DriverVersion"":""6.1.7601.17514"",""DriverProvider"":""Microsoft"",""DeviceInstanceID"":""ROOT\\MS_AGILEVPNMINIPORT\\0000"",""SetupClass"":""4d36e972-e325-11ce-bfc1-08002be10318"",""RebootOption"":""False"",""UpgradeDevice"":""True"",""IsDriverOEM"":""False"",""InstallStatus"":""0x0"",""DriverDescription"":""WAN Miniport (IKEv2)""}}}"
157,157,2025-02-04 19:08:52.0712590,20003,Info,Microsoft-Windows-UserPnp,System,2012,2020,37L4247F27-25,0,S-1-5-18,Service installation,,,ServiceName: Rasl2tp,AddServiceStatus: Unknown code (0),,UpdateService: True,PrimaryService: True,DeviceInstanceID: ROOT\MS_L2TPMINIPORT\0000,system32\DRIVERS\rasl2tp.sys,False,example_files\original\C\Windows\System32\winevt\logs\System.evtx,Classic,0,"{""UserData"":{""AddServiceID"":{""ServiceName"":""Rasl2tp"",""DriverFileName"":""system32\\DRIVERS\\rasl2tp.sys"",""DeviceInstanceID"":""ROOT\\MS_L2TPMINIPORT\\0000"",""PrimaryService"":""True"",""UpdateService"":""True"",""AddServiceStatus"":""0""}}}"
158,158,2025-02-04 19:08:52.3208594,20001,Info,Microsoft-Windows-UserPnp,System,2012,2020,37L4247F27-25,0,S-1-5-18,Device installation,,,DriverDescription: WAN Miniport (L2TP),InstallStatus: Installation Successful,IsDriverOEM: False,UpgradeDevice: True,RebootOption: False,DeviceInstanceID: ROOT\MS_L2TPMINIPORT\0000,,False,example_files\original\C\Windows\System32\winevt\logs\System.evtx,Classic,0,"{""UserData"":{""InstallDeviceID"":{""DriverName"":"""",""DriverVersion"":""6.1.7601.17514"",""DriverProvider"":""Microsoft"",""DeviceInstanceID"":""ROOT\\MS_L2TPMINIPORT\\0000"",""SetupClass"":""4d36e972-e325-11ce-bfc1-08002be10318"",""RebootOption"":""False"",""UpgradeDevice"":""True"",""IsDriverOEM"":""False"",""InstallStatus"":""0x0"",""DriverDescription"":""WAN Miniport (L2TP)""}}}"
159,159,2025-02-04 19:08:52.5080597,20003,Info,Microsoft-Windows-UserPnp,System,1060,1080,37L4247F27-25,0,S-1-5-18,Service installation,,,ServiceName: NdisWan,AddServiceStatus: Unknown code (0),,UpdateService: True,PrimaryService: True,DeviceInstanceID: ROOT\MS_NDISWANBH\0000,system32\DRIVERS\ndiswan.sys,False,example_files\original\C\Windows\System32\winevt\logs\System.evtx,Classic,0,"{""UserData"":{""AddServiceID"":{""ServiceName"":""NdisWan"",""DriverFileName"":""system32\\DRIVERS\\ndiswan.sys"",""DeviceInstanceID"":""ROOT\\MS_NDISWANBH\\0000"",""PrimaryService"":""True"",""UpdateService"":""True"",""AddServiceStatus"":""0""}}}"
160,160,2025-02-04 19:08:52.5236598,20003,Info,Microsoft-Windows-UserPnp,System,1060,1080,37L4247F27-25,0,S-1-5-18,Service installation,,,ServiceName: NdisTapi,AddServiceStatus: Unknown code (0),,UpdateService: True,PrimaryService: False,DeviceInstanceID: ROOT\MS_NDISWANBH\0000,system32\DRIVERS\ndistapi.sys,False,example_files\original\C\Windows\System32\winevt\logs\System.evtx,Classic,0,"{""UserData"":{""AddServiceID"":{""ServiceName"":""NdisTapi"",""DriverFileName"":""system32\\DRIVERS\\ndistapi.sys"",""DeviceInstanceID"":""ROOT\\MS_NDISWANBH\\0000"",""PrimaryService"":""False"",""UpdateService"":""True"",""AddServiceStatus"":""0""}}}"
161,161,2025-02-04 19:08:52.7732602,20001,Info,Microsoft-Windows-UserPnp,System,1060,1080,37L4247F27-25,0,S-1-5-18,Device installation,,,DriverDescription: WAN Miniport (Network Monitor),InstallStatus: Installation Successful,IsDriverOEM: False,UpgradeDevice: True,RebootOption: False,DeviceInstanceID: ROOT\MS_NDISWANBH\0000,,False,example_files\original\C\Windows\System32\winevt\logs\System.evtx,Classic,0,"{""UserData"":{""InstallDeviceID"":{""DriverName"":"""",""DriverVersion"":""6.1.7601.17514"",""DriverProvider"":""Microsoft"",""DeviceInstanceID"":""ROOT\\MS_NDISWANBH\\0000"",""SetupClass"":""4d36e972-e325-11ce-bfc1-08002be10318"",""RebootOption"":""False"",""UpgradeDevice"":""True"",""IsDriverOEM"":""False"",""InstallStatus"":""0x0"",""DriverDescription"":""WAN Miniport (Network Monitor)""}}}"
162,162,2025-02-04 19:08:52.9136604,20003,Info,Microsoft-Windows-UserPnp,System,1148,1156,37L4247F27-25,0,S-1-5-18,Service installation,,,ServiceName: NdisWan,AddServiceStatus: Unknown code (0),,UpdateService: True,PrimaryService: True,DeviceInstanceID: ROOT\MS_NDISWANIP\0000,system32\DRIVERS\ndiswan.sys,False,example_files\original\C\Windows\System32\winevt\logs\System.evtx,Classic,0,"{""UserData"":{""AddServiceID"":{""ServiceName"":""NdisWan"",""DriverFileName"":""system32\\DRIVERS\\ndiswan.sys"",""DeviceInstanceID"":""ROOT\\MS_NDISWANIP\\0000"",""PrimaryService"":""True"",""UpdateService"":""True"",""AddServiceStatus"":""0""}}}"
163,163,2025-02-04 19:08:52.9292605,20003,Info,Microsoft-Windows-UserPnp,System,1148,1156,37L4247F27-25,0,S-1-5-18,Service installation,,,ServiceName: NdisTapi,AddServiceStatus: Unknown code (0),,UpdateService: True,PrimaryService: False,DeviceInstanceID: ROOT\MS_NDISWANIP\0000,system32\DRIVERS\ndistapi.sys,False,example_files\original\C\Windows\System32\winevt\logs\System.evtx,Classic,0,"{""UserData"":{""AddServiceID"":{""ServiceName"":""NdisTapi"",""DriverFileName"":""system32\\DRIVERS\\ndistapi.sys"",""DeviceInstanceID"":""ROOT\\MS_NDISWANIP\\0000"",""PrimaryService"":""False"",""UpdateService"":""True"",""AddServiceStatus"":""0""}}}"
164,164,2025-02-04 19:08:53.1320608,20001,Info,Microsoft-Windows-UserPnp,System,1148,1156,37L4247F27-25,0,S-1-5-18,Device installation,,,DriverDescription: WAN Miniport (IP),InstallStatus: Installation Successful,IsDriverOEM: False,UpgradeDevice: True,RebootOption: False,DeviceInstanceID: ROOT\MS_NDISWANIP\0000,,False,example_files\original\C\Windows\System32\winevt\logs\System.evtx,Classic,0,"{""UserData"":{""InstallDeviceID"":{""DriverName"":"""",""DriverVersion"":""6.1.7601.17514"",""DriverProvider"":""Microsoft"",""DeviceInstanceID"":""ROOT\\MS_NDISWANIP\\0000"",""SetupClass"":""4d36e972-e325-11ce-bfc1-08002be10318"",""RebootOption"":""False"",""UpgradeDevice"":""True"",""IsDriverOEM"":""False"",""InstallStatus"":""0x0"",""DriverDescription"":""WAN Miniport (IP)""}}}"
165,165,2025-02-04 19:08:53.2568610,20003,Info,Microsoft-Windows-UserPnp,System,1376,1524,37L4247F27-25,0,S-1-5-18,Service installation,,,ServiceName: volsnap,AddServiceStatus: Unknown code (0),,UpdateService: True,PrimaryService: True,DeviceInstanceID: STORAGE\VOLUME\{64C42DF3-E32B-11EF-BA59-806E6F6E6963}#0000000000100000,system32\DRIVERS\volsnap.sys,False,example_files\original\C\Windows\System32\winevt\logs\System.evtx,Classic,0,"{""UserData"":{""AddServiceID"":{""ServiceName"":""volsnap"",""DriverFileName"":""system32\\DRIVERS\\volsnap.sys"",""DeviceInstanceID"":""STORAGE\\VOLUME\\{64C42DF3-E32B-11EF-BA59-806E6F6E6963}#0000000000100000"",""PrimaryService"":""True"",""UpdateService"":""True"",""AddServiceStatus"":""0""}}}"
166,166,2025-02-04 19:08:53.2568610,20001,Info,Microsoft-Windows-UserPnp,System,1376,1524,37L4247F27-25,0,S-1-5-18,Device installation,,,DriverDescription: Generic volume,InstallStatus: Installation Successful,IsDriverOEM: False,UpgradeDevice: False,RebootOption: False,DeviceInstanceID: STORAGE\VOLUME\{64C42DF3-E32B-11EF-BA59-806E6F6E6963}#0000000000100000,FileRepository\volume.inf_amd64_neutral_df8bea40ac96ca21\volume.inf,False,example_files\original\C\Windows\System32\winevt\logs\System.evtx,Classic,0,"{""UserData"":{""InstallDeviceID"":{""DriverName"":""FileRepository\\volume.inf_amd64_neutral_df8bea40ac96ca21\\volume.inf"",""DriverVersion"":""6.1.7601.17514"",""DriverProvider"":""Microsoft"",""DeviceInstanceID"":""STORAGE\\VOLUME\\{64C42DF3-E32B-11EF-BA59-806E6F6E6963}#0000000000100000"",""SetupClass"":""71a27cdd-812a-11d0-bec7-08002be2092f"",""RebootOption"":""False"",""UpgradeDevice"":""False"",""IsDriverOEM"":""False"",""InstallStatus"":""0x0"",""DriverDescription"":""Generic volume""}}}"
167,167,2025-02-04 19:08:53.5844616,20003,Info,Microsoft-Windows-UserPnp,System,1580,1576,37L4247F27-25,1,S-1-5-18,Service installation,,,ServiceName: ACPI,AddServiceStatus: Unknown code (0),,UpdateService: True,PrimaryService: True,DeviceInstanceID: ACPI_HAL\PNP0C08\0,system32\DRIVERS\ACPI.sys,False,example_files\original\C\Windows\System32\winevt\logs\System.evtx,Classic,0,"{""UserData"":{""AddServiceID"":{""ServiceName"":""ACPI"",""DriverFileName"":""system32\\DRIVERS\\ACPI.sys"",""DeviceInstanceID"":""ACPI_HAL\\PNP0C08\\0"",""PrimaryService"":""True"",""UpdateService"":""True"",""AddServiceStatus"":""0""}}}"
168,168,2025-02-04 19:08:53.6000616,20001,Info,Microsoft-Windows-UserPnp,System,1580,1576,37L4247F27-25,1,S-1-5-18,Device installation,,,DriverDescription: Microsoft ACPI-Compliant System,InstallStatus: Installation Successful,IsDriverOEM: False,UpgradeDevice: False,RebootOption: True,DeviceInstanceID: ACPI_HAL\PNP0C08\0,FileRepository\acpi.inf_amd64_neutral_aed2e7a487803437\acpi.inf,False,example_files\original\C\Windows\System32\winevt\logs\System.evtx,Classic,0,"{""UserData"":{""InstallDeviceID"":{""DriverName"":""FileRepository\\acpi.inf_amd64_neutral_aed2e7a487803437\\acpi.inf"",""DriverVersion"":""6.1.7601.17514"",""DriverProvider"":""Microsoft"",""DeviceInstanceID"":""ACPI_HAL\\PNP0C08\\0"",""SetupClass"":""4d36e97d-e325-11ce-bfc1-08002be10318"",""RebootOption"":""True"",""UpgradeDevice"":""False"",""IsDriverOEM"":""False"",""InstallStatus"":""0x0"",""DriverDescription"":""Microsoft ACPI-Compliant System""}}}"
169,169,2025-02-04 19:08:53.9120622,20003,Info,Microsoft-Windows-UserPnp,System,1620,1608,37L4247F27-25,1,S-1-5-18,Service installation,,,ServiceName: AsyncMac,AddServiceStatus: Unknown code (0),,UpdateService: True,PrimaryService: True,DeviceInstanceID: SW\{EEAB7790-C514-11D1-B42B-00805FC1270E}\ASYNCMAC,system32\DRIVERS\asyncmac.sys,False,example_files\original\C\Windows\System32\winevt\logs\System.evtx,Classic,0,"{""UserData"":{""AddServiceID"":{""ServiceName"":""AsyncMac"",""DriverFileName"":""system32\\DRIVERS\\asyncmac.sys"",""DeviceInstanceID"":""SW\\{EEAB7790-C514-11D1-B42B-00805FC1270E}\\ASYNCMAC"",""PrimaryService"":""True"",""UpdateService"":""True"",""AddServiceStatus"":""0""}}}"
170,170,2025-02-04 19:08:54.0680625,20001,Info,Microsoft-Windows-UserPnp,System,1620,1608,37L4247F27-25,1,S-1-5-18,Device installation,,,DriverDescription: RAS Async Adapter,InstallStatus: Installation Successful,IsDriverOEM: False,UpgradeDevice: True,RebootOption: False,DeviceInstanceID: SW\{EEAB7790-C514-11D1-B42B-00805FC1270E}\ASYNCMAC,,False,example_files\original\C\Windows\System32\winevt\logs\System.evtx,Classic,0,"{""UserData"":{""InstallDeviceID"":{""DriverName"":"""",""DriverVersion"":""6.1.7601.17514"",""DriverProvider"":""Microsoft"",""DeviceInstanceID"":""SW\\{EEAB7790-C514-11D1-B42B-00805FC1270E}\\ASYNCMAC"",""SetupClass"":""4d36e972-e325-11ce-bfc1-08002be10318"",""RebootOption"":""False"",""UpgradeDevice"":""True"",""IsDriverOEM"":""False"",""InstallStatus"":""0x0"",""DriverDescription"":""RAS Async Adapter""}}}"
171,171,2025-02-04 19:08:54.2552628,20003,Info,Microsoft-Windows-UserPnp,System,1652,1476,37L4247F27-25,1,S-1-5-18,Service installation,,,ServiceName: pci,AddServiceStatus: Unknown code (0),,UpdateService: True,PrimaryService: True,DeviceInstanceID: ACPI\PNP0A03\2&amp;DABA3FF&amp;2,system32\DRIVERS\pci.sys,False,example_files\original\C\Windows\System32\winevt\logs\System.evtx,Classic,0,"{""UserData"":{""AddServiceID"":{""ServiceName"":""pci"",""DriverFileName"":""system32\\DRIVERS\\pci.sys"",""DeviceInstanceID"":""ACPI\\PNP0A03\\2&amp;DABA3FF&amp;2"",""PrimaryService"":""True"",""UpdateService"":""True"",""AddServiceStatus"":""0""}}}"
172,172,2025-02-04 19:08:54.7076636,20001,Info,Microsoft-Windows-UserPnp,System,1652,1476,37L4247F27-25,1,S-1-5-18,Device installation,,,DriverDescription: PCI bus,InstallStatus: Installation Successful,IsDriverOEM: False,UpgradeDevice: False,RebootOption: True,DeviceInstanceID: ACPI\PNP0A03\2&amp;DABA3FF&amp;2,FileRepository\machine.inf_amd64_neutral_a2f120466549d68b\machine.inf,False,example_files\original\C\Windows\System32\winevt\logs\System.evtx,Classic,0,"{""UserData"":{""InstallDeviceID"":{""DriverName"":""FileRepository\\machine.inf_amd64_neutral_a2f120466549d68b\\machine.inf"",""DriverVersion"":""6.1.7601.17514"",""DriverProvider"":""Microsoft"",""DeviceInstanceID"":""ACPI\\PNP0A03\\2&amp;DABA3FF&amp;2"",""SetupClass"":""4d36e97d-e325-11ce-bfc1-08002be10318"",""RebootOption"":""True"",""UpgradeDevice"":""False"",""IsDriverOEM"":""False"",""InstallStatus"":""0x0"",""DriverDescription"":""PCI bus""}}}"
173,173,2025-02-04 19:08:54.9260640,20001,Info,Microsoft-Windows-UserPnp,System,244,1648,37L4247F27-25,1,S-1-5-18,Device installation,,,DriverDescription: Generic Bus,InstallStatus: Installation Successful,IsDriverOEM: False,UpgradeDevice: False,RebootOption: False,DeviceInstanceID: ACPI\PNP0A05\10,FileRepository\machine.inf_amd64_neutral_a2f120466549d68b\machine.inf,False,example_files\original\C\Windows\System32\winevt\logs\System.evtx,Classic,0,"{""UserData"":{""InstallDeviceID"":{""DriverName"":""FileRepository\\machine.inf_amd64_neutral_a2f120466549d68b\\machine.inf"",""DriverVersion"":""6.1.7601.17514"",""DriverProvider"":""Microsoft"",""DeviceInstanceID"":""ACPI\\PNP0A05\\10"",""SetupClass"":""4d36e97d-e325-11ce-bfc1-08002be10318"",""RebootOption"":""False"",""UpgradeDevice"":""False"",""IsDriverOEM"":""False"",""InstallStatus"":""0x0"",""DriverDescription"":""Generic Bus""}}}"
174,174,2025-02-04 19:08:55.1444644,20001,Info,Microsoft-Windows-UserPnp,System,1628,1700,37L4247F27-25,1,S-1-5-18,Device installation,,,DriverDescription: Generic Bus,InstallStatus: Installation Successful,IsDriverOEM: False,UpgradeDevice: False,RebootOption: False,DeviceInstanceID: ACPI\PNP0A05\11,FileRepository\machine.inf_amd64_neutral_a2f120466549d68b\machine.inf,False,example_files\original\C\Windows\System32\winevt\logs\System.evtx,Classic,0,"{""UserData"":{""InstallDeviceID"":{""DriverName"":""FileRepository\\machine.inf_amd64_neutral_a2f120466549d68b\\machine.inf"",""DriverVersion"":""6.1.7601.17514"",""DriverProvider"":""Microsoft"",""DeviceInstanceID"":""ACPI\\PNP0A05\\11"",""SetupClass"":""4d36e97d-e325-11ce-bfc1-08002be10318"",""RebootOption"":""False"",""UpgradeDevice"":""False"",""IsDriverOEM"":""False"",""InstallStatus"":""0x0"",""DriverDescription"":""Generic Bus""}}}"
175,175,2025-02-04 19:08:55.5032650,20001,Info,Microsoft-Windows-UserPnp,System,1556,1468,37L4247F27-25,1,S-1-5-18,Device installation,,,DriverDescription: Generic Bus,InstallStatus: Installation Successful,IsDriverOEM: False,UpgradeDevice: False,RebootOption: False,DeviceInstanceID: ACPI\PNP0A05\12,FileRepository\machine.inf_amd64_neutral_a2f120466549d68b\machine.inf,False,example_files\original\C\Windows\System32\winevt\logs\System.evtx,Classic,0,"{""UserData"":{""InstallDeviceID"":{""DriverName"":""FileRepository\\machine.inf_amd64_neutral_a2f120466549d68b\\machine.inf"",""DriverVersion"":""6.1.7601.17514"",""DriverProvider"":""Microsoft"",""DeviceInstanceID"":""ACPI\\PNP0A05\\12"",""SetupClass"":""4d36e97d-e325-11ce-bfc1-08002be10318"",""RebootOption"":""False"",""UpgradeDevice"":""False"",""IsDriverOEM"":""False"",""InstallStatus"":""0x0"",""DriverDescription"":""Generic Bus""}}}"
176,176,2025-02-04 19:08:55.7060653,7040,Info,Service Control Manager,System,444,1324,37L4247F27-25,1,S-1-5-18,Start type of a service has changed,,,The start type of the Microsoft Composite Battery Driver was changed from demand start to boot start,,,,,,Compbatt,False,example_files\original\C\Windows\System32\winevt\logs\System.evtx,"Audit success, classic",0,"{""EventData"":{""Data"":[{""@Name"":""param1"",""#text"":""Microsoft Composite Battery Driver""},{""@Name"":""param2"",""#text"":""demand start""},{""@Name"":""param3"",""#text"":""boot start""},{""@Name"":""param4"",""#text"":""Compbatt""}]}}"
177,177,2025-02-04 19:08:55.7216654,20003,Info,Microsoft-Windows-UserPnp,System,1756,1616,37L4247F27-25,1,S-1-5-18,Service installation,,,ServiceName: Compbatt,AddServiceStatus: Unknown code (0),,UpdateService: True,PrimaryService: True,DeviceInstanceID: ROOT\COMPOSITE_BATTERY\0000,system32\DRIVERS\compbatt.sys,False,example_files\original\C\Windows\System32\winevt\logs\System.evtx,Classic,0,"{""UserData"":{""AddServiceID"":{""ServiceName"":""Compbatt"",""DriverFileName"":""system32\\DRIVERS\\compbatt.sys"",""DeviceInstanceID"":""ROOT\\COMPOSITE_BATTERY\\0000"",""PrimaryService"":""True"",""UpdateService"":""True"",""AddServiceStatus"":""0""}}}"
178,178,2025-02-04 19:08:55.8152655,20003,Info,Microsoft-Windows-UserPnp,System,1756,1616,37L4247F27-25,1,S-1-5-18,Service installation,,,ServiceName: CmBatt,AddServiceStatus: Unknown code (0),,UpdateService: True,PrimaryService: True,DeviceInstanceID: ACPI\ACPI0003\1,system32\DRIVERS\CmBatt.sys,False,example_files\original\C\Windows\System32\winevt\logs\System.evtx,Classic,0,"{""UserData"":{""AddServiceID"":{""ServiceName"":""CmBatt"",""DriverFileName"":""system32\\DRIVERS\\CmBatt.sys"",""DeviceInstanceID"":""ACPI\\ACPI0003\\1"",""PrimaryService"":""True"",""UpdateService"":""True"",""AddServiceStatus"":""0""}}}"
179,179,2025-02-04 19:08:56.9072675,20001,Info,Microsoft-Windows-UserPnp,System,1756,1616,37L4247F27-25,1,S-1-5-18,Device installation,,,DriverDescription: Microsoft AC Adapter,InstallStatus: Installation Successful,IsDriverOEM: False,UpgradeDevice: False,RebootOption: False,DeviceInstanceID: ACPI\ACPI0003\1,FileRepository\battery.inf_amd64_neutral_cb8fa151a7b7cb80\battery.inf,False,example_files\original\C\Windows\System32\winevt\logs\System.evtx,Classic,0,"{""UserData"":{""InstallDeviceID"":{""DriverName"":""FileRepository\\battery.inf_amd64_neutral_cb8fa151a7b7cb80\\battery.inf"",""DriverVersion"":""6.1.7600.16385"",""DriverProvider"":""Microsoft"",""DeviceInstanceID"":""ACPI\\ACPI0003\\1"",""SetupClass"":""72631e54-78a4-11d0-bcf7-00aa00b7b32a"",""RebootOption"":""False"",""UpgradeDevice"":""False"",""IsDriverOEM"":""False"",""InstallStatus"":""0x0"",""DriverDescription"":""Microsoft AC Adapter""}}}"
180,180,2025-02-04 19:08:57.2348680,20001,Info,Microsoft-Windows-UserPnp,System,1712,1720,37L4247F27-25,1,S-1-5-18,Device installation,,,DriverDescription: Generic Bus,InstallStatus: Installation Successful,IsDriverOEM: False,UpgradeDevice: False,RebootOption: False,DeviceInstanceID: ACPI\PNP0A05\13,FileRepository\machine.inf_amd64_neutral_a2f120466549d68b\machine.inf,False,example_files\original\C\Windows\System32\winevt\logs\System.evtx,Classic,0,"{""UserData"":{""InstallDeviceID"":{""DriverName"":""FileRepository\\machine.inf_amd64_neutral_a2f120466549d68b\\machine.inf"",""DriverVersion"":""6.1.7601.17514"",""DriverProvider"":""Microsoft"",""DeviceInstanceID"":""ACPI\\PNP0A05\\13"",""SetupClass"":""4d36e97d-e325-11ce-bfc1-08002be10318"",""RebootOption"":""False"",""UpgradeDevice"":""False"",""IsDriverOEM"":""False"",""InstallStatus"":""0x0"",""DriverDescription"":""Generic Bus""}}}"
181,181,2025-02-04 19:08:57.5000685,20001,Info,Microsoft-Windows-UserPnp,System,1792,1808,37L4247F27-25,1,S-1-5-18,Device installation,,,DriverDescription: ACPI Fixed Feature Button,InstallStatus: Installation Successful,IsDriverOEM: False,UpgradeDevice: False,RebootOption: True,DeviceInstanceID: ACPI\FIXEDBUTTON\2&amp;DABA3FF&amp;2,FileRepository\machine.inf_amd64_neutral_a2f120466549d68b\machine.inf,False,example_files\original\C\Windows\System32\winevt\logs\System.evtx,Classic,0,"{""UserData"":{""InstallDeviceID"":{""DriverName"":""FileRepository\\machine.inf_amd64_neutral_a2f120466549d68b\\machine.inf"",""DriverVersion"":""6.1.7601.17514"",""DriverProvider"":""Microsoft"",""DeviceInstanceID"":""ACPI\\FIXEDBUTTON\\2&amp;DABA3FF&amp;2"",""SetupClass"":""4d36e97d-e325-11ce-bfc1-08002be10318"",""RebootOption"":""True"",""UpgradeDevice"":""False"",""IsDriverOEM"":""False"",""InstallStatus"":""0x0"",""DriverDescription"":""ACPI Fixed Feature Button""}}}"
182,182,2025-02-04 19:08:57.8432691,20001,Info,Microsoft-Windows-UserPnp,System,1740,1728,37L4247F27-25,1,S-1-5-18,Device installation,,,DriverDescription: Generic Bus,InstallStatus: Installation Successful,IsDriverOEM: False,UpgradeDevice: False,RebootOption: False,DeviceInstanceID: ACPI\PNP0A05\14,FileRepository\machine.inf_amd64_neutral_a2f120466549d68b\machine.inf,False,example_files\original\C\Windows\System32\winevt\logs\System.evtx,Classic,0,"{""UserData"":{""InstallDeviceID"":{""DriverName"":""FileRepository\\machine.inf_amd64_neutral_a2f120466549d68b\\machine.inf"",""DriverVersion"":""6.1.7601.17514"",""DriverProvider"":""Microsoft"",""DeviceInstanceID"":""ACPI\\PNP0A05\\14"",""SetupClass"":""4d36e97d-e325-11ce-bfc1-08002be10318"",""RebootOption"":""False"",""UpgradeDevice"":""False"",""IsDriverOEM"":""False"",""InstallStatus"":""0x0"",""DriverDescription"":""Generic Bus""}}}"
183,183,2025-02-04 19:08:58.0928695,20001,Info,Microsoft-Windows-UserPnp,System,1748,1836,37L4247F27-25,1,S-1-5-18,Device installation,,,DriverDescription: Generic Bus,InstallStatus: Installation Successful,IsDriverOEM: False,UpgradeDevice: False,RebootOption: False,DeviceInstanceID: ACPI\PNP0A05\15,FileRepository\machine.inf_amd64_neutral_a2f120466549d68b\machine.inf,False,example_files\original\C\Windows\System32\winevt\logs\System.evtx,Classic,0,"{""UserData"":{""InstallDeviceID"":{""DriverName"":""FileRepository\\machine.inf_amd64_neutral_a2f120466549d68b\\machine.inf"",""DriverVersion"":""6.1.7601.17514"",""DriverProvider"":""Microsoft"",""DeviceInstanceID"":""ACPI\\PNP0A05\\15"",""SetupClass"":""4d36e97d-e325-11ce-bfc1-08002be10318"",""RebootOption"":""False"",""UpgradeDevice"":""False"",""IsDriverOEM"":""False"",""InstallStatus"":""0x0"",""DriverDescription"":""Generic Bus""}}}"
184,184,2025-02-04 19:08:58.2488698,20003,Info,Microsoft-Windows-UserPnp,System,1872,1764,37L4247F27-25,1,S-1-5-18,Service installation,,,ServiceName: intelppm,AddServiceStatus: Unknown code (0),,UpdateService: True,PrimaryService: True,DeviceInstanceID: ACPI\GENUINEINTEL_-_INTEL64_FAMILY_6_MODEL_158_-_INTEL(R)_CORE(TM)_I7-9750H_CPU_@_2.60GHZ\_0,system32\DRIVERS\intelppm.sys,False,example_files\original\C\Windows\System32\winevt\logs\System.evtx,Classic,0,"{""UserData"":{""AddServiceID"":{""ServiceName"":""intelppm"",""DriverFileName"":""system32\\DRIVERS\\intelppm.sys"",""DeviceInstanceID"":""ACPI\\GENUINEINTEL_-_INTEL64_FAMILY_6_MODEL_158_-_INTEL(R)_CORE(TM)_I7-9750H_CPU_@_2.60GHZ\\_0"",""PrimaryService"":""True"",""UpdateService"":""True"",""AddServiceStatus"":""0""}}}"
185,185,2025-02-04 19:08:58.3424700,20001,Info,Microsoft-Windows-UserPnp,System,1872,1764,37L4247F27-25,1,S-1-5-18,Device installation,,,DriverDescription: Intel Processor,InstallStatus: Installation Successful,IsDriverOEM: False,UpgradeDevice: False,RebootOption: True,DeviceInstanceID: ACPI\GENUINEINTEL_-_INTEL64_FAMILY_6_MODEL_158_-_INTEL(R)_CORE(TM)_I7-9750H_CPU_@_2.60GHZ\_0,FileRepository\cpu.inf_amd64_neutral_ae5de2e1bf2793c3\cpu.inf,False,example_files\original\C\Windows\System32\winevt\logs\System.evtx,Classic,0,"{""UserData"":{""InstallDeviceID"":{""DriverName"":""FileRepository\\cpu.inf_amd64_neutral_ae5de2e1bf2793c3\\cpu.inf"",""DriverVersion"":""6.1.7600.16385"",""DriverProvider"":""Microsoft"",""DeviceInstanceID"":""ACPI\\GENUINEINTEL_-_INTEL64_FAMILY_6_MODEL_158_-_INTEL(R)_CORE(TM)_I7-9750H_CPU_@_2.60GHZ\\_0"",""SetupClass"":""50127dc3-0f36-415e-a6cc-4cb3be910b65"",""RebootOption"":""True"",""UpgradeDevice"":""False"",""IsDriverOEM"":""False"",""InstallStatus"":""0x0"",""DriverDescription"":""Intel Processor""}}}"
186,186,2025-02-04 19:08:58.6232705,20001,Info,Microsoft-Windows-UserPnp,System,1904,1796,37L4247F27-25,1,S-1-5-18,Device installation,,,DriverDescription: Generic Bus,InstallStatus: Installation Successful,IsDriverOEM: False,UpgradeDevice: False,RebootOption: False,DeviceInstanceID: ACPI\PNP0A05\16,FileRepository\machine.inf_amd64_neutral_a2f120466549d68b\machine.inf,False,example_files\original\C\Windows\System32\winevt\logs\System.evtx,Classic,0,"{""UserData"":{""InstallDeviceID"":{""DriverName"":""FileRepository\\machine.inf_amd64_neutral_a2f120466549d68b\\machine.inf"",""DriverVersion"":""6.1.7601.17514"",""DriverProvider"":""Microsoft"",""DeviceInstanceID"":""ACPI\\PNP0A05\\16"",""SetupClass"":""4d36e97d-e325-11ce-bfc1-08002be10318"",""RebootOption"":""False"",""UpgradeDevice"":""False"",""IsDriverOEM"":""False"",""InstallStatus"":""0x0"",""DriverDescription"":""Generic Bus""}}}"
187,187,2025-02-04 19:08:58.7480707,20003,Info,Microsoft-Windows-UserPnp,System,1968,1848,37L4247F27-25,1,S-1-5-18,Service installation,,,ServiceName: intelppm,AddServiceStatus: Unknown code (0),,UpdateService: True,PrimaryService: True,DeviceInstanceID: ACPI\GENUINEINTEL_-_INTEL64_FAMILY_6_MODEL_158_-_INTEL(R)_CORE(TM)_I7-9750H_CPU_@_2.60GHZ\_1,system32\DRIVERS\intelppm.sys,False,example_files\original\C\Windows\System32\winevt\logs\System.evtx,Classic,0,"{""UserData"":{""AddServiceID"":{""ServiceName"":""intelppm"",""DriverFileName"":""system32\\DRIVERS\\intelppm.sys"",""DeviceInstanceID"":""ACPI\\GENUINEINTEL_-_INTEL64_FAMILY_6_MODEL_158_-_INTEL(R)_CORE(TM)_I7-9750H_CPU_@_2.60GHZ\\_1"",""PrimaryService"":""True"",""UpdateService"":""True"",""AddServiceStatus"":""0""}}}"
188,188,2025-02-04 19:08:58.9040710,20001,Info,Microsoft-Windows-UserPnp,System,1968,1848,37L4247F27-25,1,S-1-5-18,Device installation,,,DriverDescription: Intel Processor,InstallStatus: Installation Successful,IsDriverOEM: False,UpgradeDevice: False,RebootOption: True,DeviceInstanceID: ACPI\GENUINEINTEL_-_INTEL64_FAMILY_6_MODEL_158_-_INTEL(R)_CORE(TM)_I7-9750H_CPU_@_2.60GHZ\_1,FileRepository\cpu.inf_amd64_neutral_ae5de2e1bf2793c3\cpu.inf,False,example_files\original\C\Windows\System32\winevt\logs\System.evtx,Classic,0,"{""UserData"":{""InstallDeviceID"":{""DriverName"":""FileRepository\\cpu.inf_amd64_neutral_ae5de2e1bf2793c3\\cpu.inf"",""DriverVersion"":""6.1.7600.16385"",""DriverProvider"":""Microsoft"",""DeviceInstanceID"":""ACPI\\GENUINEINTEL_-_INTEL64_FAMILY_6_MODEL_158_-_INTEL(R)_CORE(TM)_I7-9750H_CPU_@_2.60GHZ\\_1"",""SetupClass"":""50127dc3-0f36-415e-a6cc-4cb3be910b65"",""RebootOption"":""True"",""UpgradeDevice"":""False"",""IsDriverOEM"":""False"",""InstallStatus"":""0x0"",""DriverDescription"":""Intel Processor""}}}"
