7,7,2025-02-04 03:36:27.5017310,24,Info,Microsoft-Windows-TerminalServices-LocalSessionManager,Microsoft-Windows-TerminalServices-LocalSessionManager/Operational,472,3024,WIN-TFHMB3RRSQV,0,S-1-5-18,Remote Desktop Services: Session has been disconnected,WIN-TFHMB3RRSQV\student,LOCAL,Session ID: 1,,,,,,,False,example_files\original\C\Windows\System32\winevt\logs\Microsoft-Windows-TerminalServices-LocalSessionManager%4Operational.evtx,0x1000000000000000,0,"{""UserData"":{""EventXML"":{""User"":""WIN-TFHMB3RRSQV\\student"",""SessionID"":""1"",""Address"":""LOCAL""}}}"
8,8,2025-02-04 03:36:28.4689327,25,Info,Microsoft-Windows-TerminalServices-LocalSessionManager,Microsoft-Windows-TerminalServices-LocalSessionManager/Operational,472,3024,WIN-TFHMB3RRSQV,0,S-1-5-18,Remote Desktop Services: Session reconnection succeeded,WIN-TFHMB3RRSQV\student,192.168.11.144,Session ID: 1,,,,,,,False,example_files\original\C\Windows\System32\winevt\logs\Microsoft-Windows-TerminalServices-LocalSessionManager%4Operational.evtx,0x1000000000000000,0,"{""UserData"":{""EventXML"":{""User"":""WIN-TFHMB3RRSQV\\student"",""SessionID"":""1"",""Address"":""192.168.11.144""}}}"
9,9,2025-02-04 03:36:49.9657705,24,Info,Microsoft-Windows-TerminalServices-LocalSessionManager,Microsoft-Windows-TerminalServices-LocalSessionManager/Operational,472,1760,WIN-TFHMB3RRSQV,0,S-1-5-18,Remote Desktop Services: Session has been disconnected,WIN-TFHMB3RRSQV\student,192.168.11.144,Session ID: 1,,,,,,,False,example_files\original\C\Windows\System32\winevt\logs\Microsoft-Windows-TerminalServices-LocalSessionManager%4Operational.evtx,0x1000000000000000,0,"{""UserData"":{""EventXML"":{""User"":""WIN-TFHMB3RRSQV\\student"",""SessionID"":""1"",""Address"":""192.168.11.144""}}}"
10,10,2025-02-04 03:37:38.5130557,25,Info,Microsoft-Windows-TerminalServices-LocalSessionManager,Microsoft-Windows-TerminalServices-LocalSessionManager/Operational,472,544,WIN-TFHMB3RRSQV,0,S-1-5-18,Remote Desktop Services: Session reconnection succeeded,WIN-TFHMB3RRSQV\student,LOCAL,Session ID: 1,,,,,,,False,example_files\original\C\Windows\System32\winevt\logs\Microsoft-Windows-TerminalServices-LocalSessionManager%4Operational.evtx,0x1000000000000000,0,"{""UserData"":{""EventXML"":{""User"":""WIN-TFHMB3RRSQV\\student"",""SessionID"":""1"",""Address"":""LOCAL""}}}"
1,1,2025-02-04 03:11:45.8911001,1155,Info,Microsoft-Windows-TerminalServices-RemoteConnectionManager,Microsoft-Windows-TerminalServices-RemoteConnectionManager/Operational,264,340,WIN-TFHMB3RRSQV,0,S-1-5-20,,,,,,,,,,,False,example_files\original\C\Windows\System32\winevt\logs\Microsoft-Windows-TerminalServices-RemoteConnectionManager%4Operational.evtx,0x1000000000000000,0,"{""EventData"":""""}"
2,2,2025-02-04 03:11:46.1563005,258,Info,Microsoft-Windows-TerminalServices-RemoteConnectionManager,Microsoft-Windows-TerminalServices-RemoteConnectionManager/Operational,264,340,WIN-TFHMB3RRSQV,0,S-1-5-20,,,,,,,,,,,False,example_files\original\C\Windows\System32\winevt\logs\Microsoft-Windows-TerminalServices-RemoteConnectionManager%4Operational.evtx,0x1000000000000000,0,"{""UserData"":{""EventXML"":{""listenerName"":""RDP-Tcp""}}}"
3,3,2025-02-04 03:11:46.1719006,1136,Info,Microsoft-Windows-TerminalServices-RemoteConnectionManager,Microsoft-Windows-TerminalServices-RemoteConnectionManager/Operational,944,2192,WIN-TFHMB3RRSQV,0,S-1-5-18,,,,,,,,,,,False,example_files\original\C\Windows\System32\winevt\logs\Microsoft-Windows-TerminalServices-RemoteConnectionManager%4Operational.evtx,0x1000000000000000,0,"{""EventData"":""""}"
4,4,2025-02-04 03:18:29.8674289,1155,Info,Microsoft-Windows-TerminalServices-RemoteConnectionManager,Microsoft-Windows-TerminalServices-RemoteConnectionManager/Operational,248,1304,WIN-TFHMB3RRSQV,0,S-1-5-20,,,,,,,,,,,False,example_files\original\C\Windows\System32\winevt\logs\Microsoft-Windows-TerminalServices-RemoteConnectionManager%4Operational.evtx,0x1000000000000000,0,"{""EventData"":""""}"
5,5,2025-02-04 03:18:29.9464317,258,Info,Microsoft-Windows-TerminalServices-RemoteConnectionManager,Microsoft-Windows-TerminalServices-RemoteConnectionManager/Operational,248,1292,WIN-TFHMB3RRSQV,0,S-1-5-20,,,,,,,,,,,False,example_files\original\C\Windows\System32\winevt\logs\Microsoft-Windows-TerminalServices-RemoteConnectionManager%4Operational.evtx,0x1000000000000000,0,"{""UserData"":{""EventXML"":{""listenerName"":""RDP-Tcp""}}}"
6,6,2025-02-04 03:18:29.9564318,1136,Info,Microsoft-Windows-TerminalServices-RemoteConnectionManager,Microsoft-Windows-TerminalServices-RemoteConnectionManager/Operational,848,1664,WIN-TFHMB3RRSQV,0,S-1-5-18,,,,,,,,,,,False,example_files\original\C\Windows\System32\winevt\logs\Microsoft-Windows-TerminalServices-RemoteConnectionManager%4Operational.evtx,0x1000000000000000,0,"{""EventData"":""""}"
7,7,2025-02-04 03:27:16.3871581,261,Info,Microsoft-Windows-TerminalServices-RemoteConnectionManager,Microsoft-Windows-TerminalServices-RemoteConnectionManager/Operational,248,1644,WIN-TFHMB3RRSQV,0,S-1-5-20,RDP Listener received a connection,,,RDP-Tcp,,,,,,,False,example_files\original\C\Windows\System32\winevt\logs\Microsoft-Windows-TerminalServices-RemoteConnectionManager%4Operational.evtx,0x1000000000000000,0,"{""UserData"":{""EventXML"":{""listenerName"":""RDP-Tcp""}}}"
8,8,2025-02-04 03:27:18.1811613,261,Info,Microsoft-Windows-TerminalServices-RemoteConnectionManager,Microsoft-Windows-TerminalServices-RemoteConnectionManager/Operational,248,1644,WIN-TFHMB3RRSQV,0,S-1-5-20,RDP Listener received a connection,,,RDP-Tcp,,,,,,,False,example_files\original\C\Windows\System32\winevt\logs\Microsoft-Windows-TerminalServices-RemoteConnectionManager%4Operational.evtx,0x1000000000000000,0,"{""UserData"":{""EventXML"":{""listenerName"":""RDP-Tcp""}}}"
9,9,2025-02-04 03:27:29.1947806,261,Info,Microsoft-Windows-TerminalServices-RemoteConnectionManager,Microsoft-Windows-TerminalServices-RemoteConnectionManager/Operational,248,1644,WIN-TFHMB3RRSQV,0,S-1-5-20,RDP Listener received a connection,,,RDP-Tcp,,,,,,,False,example_files\original\C\Windows\System32\winevt\logs\Microsoft-Windows-TerminalServices-RemoteConnectionManager%4Operational.evtx,0x1000000000000000,0,"{""UserData"":{""EventXML"":{""listenerName"":""RDP-Tcp""}}}"
10,10,2025-02-04 03:27:29.1947806,261,Info,Microsoft-Windows-TerminalServices-RemoteConnectionManager,Microsoft-Windows-TerminalServices-RemoteConnectionManager/Operational,248,1644,WIN-TFHMB3RRSQV,0,S-1-5-20,RDP Listener received a connection,,,RDP-Tcp,,,,,,,False,example_files\original\C\Windows\System32\winevt\logs\Microsoft-Windows-TerminalServices-RemoteConnectionManager%4Operational.evtx,0x1000000000000000,0,"{""UserData"":{""EventXML"":{""listenerName"":""RDP-Tcp""}}}"
11,11,2025-02-04 03:27:40.2084000,261,Info,Microsoft-Windows-TerminalServices-RemoteConnectionManager,Microsoft-Windows-TerminalServices-RemoteConnectionManager/Operational,248,1644,WIN-TFHMB3RRSQV,0,S-1-5-20,RDP Listener received a connection,,,RDP-Tcp,,,,,,,False,example_files\original\C\Windows\System32\winevt\logs\Microsoft-Windows-TerminalServices-RemoteConnectionManager%4Operational.evtx,0x1000000000000000,0,"{""UserData"":{""EventXML"":{""listenerName"":""RDP-Tcp""}}}"
12,12,2025-02-04 03:27:45.2160088,261,Info,Microsoft-Windows-TerminalServices-RemoteConnectionManager,Microsoft-Windows-TerminalServices-RemoteConnectionManager/Operational,248,1644,WIN-TFHMB3RRSQV,0,S-1-5-20,RDP Listener received a connection,,,RDP-Tcp,,,,,,,False,example_files\original\C\Windows\System32\winevt\logs\Microsoft-Windows-TerminalServices-RemoteConnectionManager%4Operational.evtx,0x1000000000000000,0,"{""UserData"":{""EventXML"":{""listenerName"":""RDP-Tcp""}}}"
13,13,2025-02-04 03:27:50.2080175,261,Info,Microsoft-Windows-TerminalServices-RemoteConnectionManager,Microsoft-Windows-TerminalServices-RemoteConnectionManager/Operational,248,1644,WIN-TFHMB3RRSQV,0,S-1-5-20,RDP Listener received a connection,,,RDP-Tcp,,,,,,,False,example_files\original\C\Windows\System32\winevt\logs\Microsoft-Windows-TerminalServices-RemoteConnectionManager%4Operational.evtx,0x1000000000000000,0,"{""UserData"":{""EventXML"":{""listenerName"":""RDP-Tcp""}}}"
14,14,2025-02-04 03:27:55.2156263,261,Info,Microsoft-Windows-TerminalServices-RemoteConnectionManager,Microsoft-Windows-TerminalServices-RemoteConnectionManager/Operational,248,1644,WIN-TFHMB3RRSQV,0,S-1-5-20,RDP Listener received a connection,,,RDP-Tcp,,,,,,,False,example_files\original\C\Windows\System32\winevt\logs\Microsoft-Windows-TerminalServices-RemoteConnectionManager%4Operational.evtx,0x1000000000000000,0,"{""UserData"":{""EventXML"":{""listenerName"":""RDP-Tcp""}}}"
15,15,2025-02-04 03:27:55.2312264,261,Info,Microsoft-Windows-TerminalServices-RemoteConnectionManager,Microsoft-Windows-TerminalServices-RemoteConnectionManager/Operational,248,1644,WIN-TFHMB3RRSQV,0,S-1-5-20,RDP Listener received a connection,,,RDP-Tcp,,,,,,,False,example_files\original\C\Windows\System32\winevt\logs\Microsoft-Windows-TerminalServices-RemoteConnectionManager%4Operational.evtx,0x1000000000000000,0,"{""UserData"":{""EventXML"":{""listenerName"":""RDP-Tcp""}}}"
16,16,2025-02-04 03:27:55.2312264,261,Info,Microsoft-Windows-TerminalServices-RemoteConnectionManager,Microsoft-Windows-TerminalServices-RemoteConnectionManager/Operational,248,1644,WIN-TFHMB3RRSQV,0,S-1-5-20,RDP Listener received a connection,,,RDP-Tcp,,,,,,,False,example_files\original\C\Windows\System32\winevt\logs\Microsoft-Windows-TerminalServices-RemoteConnectionManager%4Operational.evtx,0x1000000000000000,0,"{""UserData"":{""EventXML"":{""listenerName"":""RDP-Tcp""}}}"
17,17,2025-02-04 03:27:55.2468264,261,Info,Microsoft-Windows-TerminalServices-RemoteConnectionManager,Microsoft-Windows-TerminalServices-RemoteConnectionManager/Operational,248,1644,WIN-TFHMB3RRSQV,0,S-1-5-20,RDP Listener received a connection,,,RDP-Tcp,,,,,,,False,example_files\original\C\Windows\System32\winevt\logs\Microsoft-Windows-TerminalServices-RemoteConnectionManager%4Operational.evtx,0x1000000000000000,0,"{""UserData"":{""EventXML"":{""listenerName"":""RDP-Tcp""}}}"
18,18,2025-02-04 03:28:02.7504396,261,Info,Microsoft-Windows-TerminalServices-RemoteConnectionManager,Microsoft-Windows-TerminalServices-RemoteConnectionManager/Operational,248,1644,WIN-TFHMB3RRSQV,0,S-1-5-20,RDP Listener received a connection,,,RDP-Tcp,,,,,,,False,example_files\original\C\Windows\System32\winevt\logs\Microsoft-Windows-TerminalServices-RemoteConnectionManager%4Operational.evtx,0x1000000000000000,0,"{""UserData"":{""EventXML"":{""listenerName"":""RDP-Tcp""}}}"
19,19,2025-02-04 03:28:02.7504396,261,Info,Microsoft-Windows-TerminalServices-RemoteConnectionManager,Microsoft-Windows-TerminalServices-RemoteConnectionManager/Operational,248,1644,WIN-TFHMB3RRSQV,0,S-1-5-20,RDP Listener received a connection,,,RDP-Tcp,,,,,,,False,example_files\original\C\Windows\System32\winevt\logs\Microsoft-Windows-TerminalServices-RemoteConnectionManager%4Operational.evtx,0x1000000000000000,0,"{""UserData"":{""EventXML"":{""listenerName"":""RDP-Tcp""}}}"
20,20,2025-02-04 03:28:02.7660396,261,Info,Microsoft-Windows-TerminalServices-RemoteConnectionManager,Microsoft-Windows-TerminalServices-RemoteConnectionManager/Operational,248,1644,WIN-TFHMB3RRSQV,0,S-1-5-20,RDP Listener received a connection,,,RDP-Tcp,,,,,,,False,example_files\original\C\Windows\System32\winevt\logs\Microsoft-Windows-TerminalServices-RemoteConnectionManager%4Operational.evtx,0x1000000000000000,0,"{""UserData"":{""EventXML"":{""listenerName"":""RDP-Tcp""}}}"
21,21,2025-02-04 03:28:02.7660396,261,Info,Microsoft-Windows-TerminalServices-RemoteConnectionManager,Microsoft-Windows-TerminalServices-RemoteConnectionManager/Operational,248,1644,WIN-TFHMB3RRSQV,0,S-1-5-20,RDP Listener received a connection,,,RDP-Tcp,,,,,,,False,example_files\original\C\Windows\System32\winevt\logs\Microsoft-Windows-TerminalServices-RemoteConnectionManager%4Operational.evtx,0x1000000000000000,0,"{""UserData"":{""EventXML"":{""listenerName"":""RDP-Tcp""}}}"
22,22,2025-02-04 03:28:02.7816396,261,Info,Microsoft-Windows-TerminalServices-RemoteConnectionManager,Microsoft-Windows-TerminalServices-RemoteConnectionManager/Operational,248,1644,WIN-TFHMB3RRSQV,0,S-1-5-20,RDP Listener received a connection,,,RDP-Tcp,,,,,,,False,example_files\original\C\Windows\System32\winevt\logs\Microsoft-Windows-TerminalServices-RemoteConnectionManager%4Operational.evtx,0x1000000000000000,0,"{""UserData"":{""EventXML"":{""listenerName"":""RDP-Tcp""}}}"
23,23,2025-02-04 03:28:02.7816396,261,Info,Microsoft-Windows-TerminalServices-RemoteConnectionManager,Microsoft-Windows-TerminalServices-RemoteConnectionManager/Operational,248,1644,WIN-TFHMB3RRSQV,0,S-1-5-20,RDP Listener received a connection,,,RDP-Tcp,,,,,,,False,example_files\original\C\Windows\System32\winevt\logs\Microsoft-Windows-TerminalServices-RemoteConnectionManager%4Operational.evtx,0x1000000000000000,0,"{""UserData"":{""EventXML"":{""listenerName"":""RDP-Tcp""}}}"
24,24,2025-02-04 03:28:02.7816396,261,Info,Microsoft-Windows-TerminalServices-RemoteConnectionManager,Microsoft-Windows-TerminalServices-RemoteConnectionManager/Operational,248,1644,WIN-TFHMB3RRSQV,0,S-1-5-20,RDP Listener received a connection,,,RDP-Tcp,,,,,,,False,example_files\original\C\Windows\System32\winevt\logs\Microsoft-Windows-TerminalServices-RemoteConnectionManager%4Operational.evtx,0x1000000000000000,0,"{""UserData"":{""EventXML"":{""listenerName"":""RDP-Tcp""}}}"
25,25,2025-02-04 03:28:07.7892484,261,Info,Microsoft-Windows-TerminalServices-RemoteConnectionManager,Microsoft-Windows-TerminalServices-RemoteConnectionManager/Operational,248,1644,WIN-TFHMB3RRSQV,0,S-1-5-20,RDP Listener received a connection,,,RDP-Tcp,,,,,,,False,example_files\original\C\Windows\System32\winevt\logs\Microsoft-Windows-TerminalServices-RemoteConnectionManager%4Operational.evtx,0x1000000000000000,0,"{""UserData"":{""EventXML"":{""listenerName"":""RDP-Tcp""}}}"
26,26,2025-02-04 03:28:12.7932576,261,Info,Microsoft-Windows-TerminalServices-RemoteConnectionManager,Microsoft-Windows-TerminalServices-RemoteConnectionManager/Operational,248,1644,WIN-TFHMB3RRSQV,0,S-1-5-20,RDP Listener received a connection,,,RDP-Tcp,,,,,,,False,example_files\original\C\Windows\System32\winevt\logs\Microsoft-Windows-TerminalServices-RemoteConnectionManager%4Operational.evtx,0x1000000000000000,0,"{""UserData"":{""EventXML"":{""listenerName"":""RDP-Tcp""}}}"
27,27,2025-02-04 03:28:12.8088576,261,Info,Microsoft-Windows-TerminalServices-RemoteConnectionManager,Microsoft-Windows-TerminalServices-RemoteConnectionManager/Operational,248,1644,WIN-TFHMB3RRSQV,0,S-1-5-20,RDP Listener received a connection,,,RDP-Tcp,,,,,,,False,example_files\original\C\Windows\System32\winevt\logs\Microsoft-Windows-TerminalServices-RemoteConnectionManager%4Operational.evtx,0x1000000000000000,0,"{""UserData"":{""EventXML"":{""listenerName"":""RDP-Tcp""}}}"
28,28,2025-02-04 03:28:12.8088576,261,Info,Microsoft-Windows-TerminalServices-RemoteConnectionManager,Microsoft-Windows-TerminalServices-RemoteConnectionManager/Operational,248,1644,WIN-TFHMB3RRSQV,0,S-1-5-20,RDP Listener received a connection,,,RDP-Tcp,,,,,,,False,example_files\original\C\Windows\System32\winevt\logs\Microsoft-Windows-TerminalServices-RemoteConnectionManager%4Operational.evtx,0x1000000000000000,0,"{""UserData"":{""EventXML"":{""listenerName"":""RDP-Tcp""}}}"
29,29,2025-02-04 03:28:12.8244577,261,Info,Microsoft-Windows-TerminalServices-RemoteConnectionManager,Microsoft-Windows-TerminalServices-RemoteConnectionManager/Operational,248,1644,WIN-TFHMB3RRSQV,0,S-1-5-20,RDP Listener received a connection,,,RDP-Tcp,,,,,,,False,example_files\original\C\Windows\System32\winevt\logs\Microsoft-Windows-TerminalServices-RemoteConnectionManager%4Operational.evtx,0x1000000000000000,0,"{""UserData"":{""EventXML"":{""listenerName"":""RDP-Tcp""}}}"
30,30,2025-02-04 03:28:17.8320664,261,Info,Microsoft-Windows-TerminalServices-RemoteConnectionManager,Microsoft-Windows-TerminalServices-RemoteConnectionManager/Operational,248,1644,WIN-TFHMB3RRSQV,0,S-1-5-20,RDP Listener received a connection,,,RDP-Tcp,,,,,,,False,example_files\original\C\Windows\System32\winevt\logs\Microsoft-Windows-TerminalServices-RemoteConnectionManager%4Operational.evtx,0x1000000000000000,0,"{""UserData"":{""EventXML"":{""listenerName"":""RDP-Tcp""}}}"
31,31,2025-02-04 03:28:17.8320664,261,Info,Microsoft-Windows-TerminalServices-RemoteConnectionManager,Microsoft-Windows-TerminalServices-RemoteConnectionManager/Operational,248,1644,WIN-TFHMB3RRSQV,0,S-1-5-20,RDP Listener received a connection,,,RDP-Tcp,,,,,,,False,example_files\original\C\Windows\System32\winevt\logs\Microsoft-Windows-TerminalServices-RemoteConnectionManager%4Operational.evtx,0x1000000000000000,0,"{""UserData"":{""EventXML"":{""listenerName"":""RDP-Tcp""}}}"
32,32,2025-02-04 03:28:22.8396752,261,Info,Microsoft-Windows-TerminalServices-RemoteConnectionManager,Microsoft-Windows-TerminalServices-RemoteConnectionManager/Operational,248,1644,WIN-TFHMB3RRSQV,0,S-1-5-20,RDP Listener received a connection,,,RDP-Tcp,,,,,,,False,example_files\original\C\Windows\System32\winevt\logs\Microsoft-Windows-TerminalServices-RemoteConnectionManager%4Operational.evtx,0x1000000000000000,0,"{""UserData"":{""EventXML"":{""listenerName"":""RDP-Tcp""}}}"
33,33,2025-02-04 03:28:22.8552753,261,Info,Microsoft-Windows-TerminalServices-RemoteConnectionManager,Microsoft-Windows-TerminalServices-RemoteConnectionManager/Operational,248,1644,WIN-TFHMB3RRSQV,0,S-1-5-20,RDP Listener received a connection,,,RDP-Tcp,,,,,,,False,example_files\original\C\Windows\System32\winevt\logs\Microsoft-Windows-TerminalServices-RemoteConnectionManager%4Operational.evtx,0x1000000000000000,0,"{""UserData"":{""EventXML"":{""listenerName"":""RDP-Tcp""}}}"
34,34,2025-02-04 03:28:27.8628841,261,Info,Microsoft-Windows-TerminalServices-RemoteConnectionManager,Microsoft-Windows-TerminalServices-RemoteConnectionManager/Operational,248,1644,WIN-TFHMB3RRSQV,0,S-1-5-20,RDP Listener received a connection,,,RDP-Tcp,,,,,,,False,example_files\original\C\Windows\System32\winevt\logs\Microsoft-Windows-TerminalServices-RemoteConnectionManager%4Operational.evtx,0x1000000000000000,0,"{""UserData"":{""EventXML"":{""listenerName"":""RDP-Tcp""}}}"
35,35,2025-02-04 03:28:27.8628841,261,Info,Microsoft-Windows-TerminalServices-RemoteConnectionManager,Microsoft-Windows-TerminalServices-RemoteConnectionManager/Operational,248,1644,WIN-TFHMB3RRSQV,0,S-1-5-20,RDP Listener received a connection,,,RDP-Tcp,,,,,,,False,example_files\original\C\Windows\System32\winevt\logs\Microsoft-Windows-TerminalServices-RemoteConnectionManager%4Operational.evtx,0x1000000000000000,0,"{""UserData"":{""EventXML"":{""listenerName"":""RDP-Tcp""}}}"
36,36,2025-02-04 03:28:32.8860929,261,Info,Microsoft-Windows-TerminalServices-RemoteConnectionManager,Microsoft-Windows-TerminalServices-RemoteConnectionManager/Operational,248,1644,WIN-TFHMB3RRSQV,0,S-1-5-20,RDP Listener received a connection,,,RDP-Tcp,,,,,,,False,example_files\original\C\Windows\System32\winevt\logs\Microsoft-Windows-TerminalServices-RemoteConnectionManager%4Operational.evtx,0x1000000000000000,0,"{""UserData"":{""EventXML"":{""listenerName"":""RDP-Tcp""}}}"
37,37,2025-02-04 03:28:32.8860929,261,Info,Microsoft-Windows-TerminalServices-RemoteConnectionManager,Microsoft-Windows-TerminalServices-RemoteConnectionManager/Operational,248,1644,WIN-TFHMB3RRSQV,0,S-1-5-20,RDP Listener received a connection,,,RDP-Tcp,,,,,,,False,example_files\original\C\Windows\System32\winevt\logs\Microsoft-Windows-TerminalServices-RemoteConnectionManager%4Operational.evtx,0x1000000000000000,0,"{""UserData"":{""EventXML"":{""listenerName"":""RDP-Tcp""}}}"
38,38,2025-02-04 03:28:32.9016929,261,Info,Microsoft-Windows-TerminalServices-RemoteConnectionManager,Microsoft-Windows-TerminalServices-RemoteConnectionManager/Operational,248,1644,WIN-TFHMB3RRSQV,0,S-1-5-20,RDP Listener received a connection,,,RDP-Tcp,,,,,,,False,example_files\original\C\Windows\System32\winevt\logs\Microsoft-Windows-TerminalServices-RemoteConnectionManager%4Operational.evtx,0x1000000000000000,0,"{""UserData"":{""EventXML"":{""listenerName"":""RDP-Tcp""}}}"
39,39,2025-02-04 03:28:37.9397050,261,Info,Microsoft-Windows-TerminalServices-RemoteConnectionManager,Microsoft-Windows-TerminalServices-RemoteConnectionManager/Operational,248,1644,WIN-TFHMB3RRSQV,0,S-1-5-20,RDP Listener received a connection,,,RDP-Tcp,,,,,,,False,example_files\original\C\Windows\System32\winevt\logs\Microsoft-Windows-TerminalServices-RemoteConnectionManager%4Operational.evtx,0x1000000000000000,0,"{""UserData"":{""EventXML"":{""listenerName"":""RDP-Tcp""}}}"
40,40,2025-02-04 03:35:24.4152202,261,Info,Microsoft-Windows-TerminalServices-RemoteConnectionManager,Microsoft-Windows-TerminalServices-RemoteConnectionManager/Operational,248,1644,WIN-TFHMB3RRSQV,0,S-1-5-20,RDP Listener received a connection,,,RDP-Tcp,,,,,,,False,example_files\original\C\Windows\System32\winevt\logs\Microsoft-Windows-TerminalServices-RemoteConnectionManager%4Operational.evtx,0x1000000000000000,0,"{""UserData"":{""EventXML"":{""listenerName"":""RDP-Tcp""}}}"
41,41,2025-02-04 03:35:45.9276580,261,Info,Microsoft-Windows-TerminalServices-RemoteConnectionManager,Microsoft-Windows-TerminalServices-RemoteConnectionManager/Operational,248,1644,WIN-TFHMB3RRSQV,0,S-1-5-20,RDP Listener received a connection,,,RDP-Tcp,,,,,,,False,example_files\original\C\Windows\System32\winevt\logs\Microsoft-Windows-TerminalServices-RemoteConnectionManager%4Operational.evtx,0x1000000000000000,0,"{""UserData"":{""EventXML"":{""listenerName"":""RDP-Tcp""}}}"
42,42,2025-02-04 03:35:55.8492754,261,Info,Microsoft-Windows-TerminalServices-RemoteConnectionManager,Microsoft-Windows-TerminalServices-RemoteConnectionManager/Operational,248,1644,WIN-TFHMB3RRSQV,0,S-1-5-20,RDP Listener received a connection,,,RDP-Tcp,,,,,,,False,example_files\original\C\Windows\System32\winevt\logs\Microsoft-Windows-TerminalServices-RemoteConnectionManager%4Operational.evtx,0x1000000000000000,0,"{""UserData"":{""EventXML"":{""listenerName"":""RDP-Tcp""}}}"
43,43,2025-02-04 03:35:55.8804755,1149,Info,Microsoft-Windows-TerminalServices-RemoteConnectionManager,Microsoft-Windows-TerminalServices-RemoteConnectionManager/Operational,248,916,WIN-TFHMB3RRSQV,0,S-1-5-20,RDP network connection established,\student,192.168.11.144,,,,,,,,False,example_files\original\C\Windows\System32\winevt\logs\Microsoft-Windows-TerminalServices-RemoteConnectionManager%4Operational.evtx,0x1000000000000000,0,"{""UserData"":{""EventXML"":{""Param1"":""student"",""Param2"":"""",""Param3"":""192.168.11.144""}}}"
1,1,2025-02-04 03:11:01.1318196,1,Info,Microsoft-Windows-User Profiles Service,Microsoft-Windows-User Profile Service/Operational,944,540,WIN-TFHMB3RRSQV,0,S-1-5-21-2927126382-3537124110-2073285158-1000,,,,,,,,,,,False,example_files\original\C\Windows\System32\winevt\logs\Microsoft-Windows-User Profile Service%4Operational.evtx,0x4000000000000000,0,"{""EventData"":{""Data"":{""@Name"":""Session"",""#text"":""1""}}}"
2,2,2025-02-04 03:11:01.2254197,5,Info,Microsoft-Windows-User Profiles Service,Microsoft-Windows-User Profile Service/Operational,944,1140,WIN-TFHMB3RRSQV,0,S-1-5-18,,,,,,,,,,,False,example_files\original\C\Windows\System32\winevt\logs\Microsoft-Windows-User Profile Service%4Operational.evtx,0x4000000000000000,0,"{""EventData"":{""Data"":[{""@Name"":""File"",""#text"":""C:\\Users\\student\\ntuser.dat""},{""@Name"":""Key"",""#text"":""S-1-5-21-2927126382-3537124110-2073285158-1000""}]}}"
3,3,2025-02-04 03:11:01.3658200,5,Info,Microsoft-Windows-User Profiles Service,Microsoft-Windows-User Profile Service/Operational,944,1140,WIN-TFHMB3RRSQV,0,S-1-5-18,,,,,,,,,,,False,example_files\original\C\Windows\System32\winevt\logs\Microsoft-Windows-User Profile Service%4Operational.evtx,0x4000000000000000,0,"{""EventData"":{""Data"":[{""@Name"":""File"",""#text"":""C:\\Users\\student\\AppData\\Local\\Microsoft\\Windows\\\\UsrClass.dat""},{""@Name"":""Key"",""#text"":""S-1-5-21-2927126382-3537124110-2073285158-1000_Classes""}]}}"
4,4,2025-02-04 03:11:01.4282201,2,Info,Microsoft-Windows-User Profiles Service,Microsoft-Windows-User Profile Service/Operational,944,540,WIN-TFHMB3RRSQV,0,S-1-5-21-2927126382-3537124110-2073285158-1000,An account was logged on,,,Session: 1,,,,,,,False,example_files\original\C\Windows\System32\winevt\logs\Microsoft-Windows-User Profile Service%4Operational.evtx,0x4000000000000000,0,"{""EventData"":{""Data"":{""@Name"":""Session"",""#text"":""1""}}}"
5,5,2025-02-04 03:17:26.9701462,3,Info,Microsoft-Windows-User Profiles Service,Microsoft-Windows-User Profile Service/Operational,944,1680,WIN-TFHMB3RRSQV,0,S-1-5-21-2927126382-3537124110-2073285158-1000,,,,,,,,,,,False,example_files\original\C\Windows\System32\winevt\logs\Microsoft-Windows-User Profile Service%4Operational.evtx,0x4000000000000000,0,"{""EventData"":{""Data"":{""@Name"":""Session"",""#text"":""1""}}}"
6,6,2025-02-04 03:17:27.0169463,4,Info,Microsoft-Windows-User Profiles Service,Microsoft-Windows-User Profile Service/Operational,944,1680,WIN-TFHMB3RRSQV,0,S-1-5-21-2927126382-3537124110-2073285158-1000,An account was logged off,,,Session: 1,,,,,,,False,example_files\original\C\Windows\System32\winevt\logs\Microsoft-Windows-User Profile Service%4Operational.evtx,0x4000000000000000,0,"{""EventData"":{""Data"":{""@Name"":""Session"",""#text"":""1""}}}"
7,7,2025-02-04 03:19:12.4985063,1,Info,Microsoft-Windows-User Profiles Service,Microsoft-Windows-User Profile Service/Operational,848,1572,WIN-TFHMB3RRSQV,0,S-1-5-21-2927126382-3537124110-2073285158-1000,,,,,,,,,,,False,example_files\original\C\Windows\System32\winevt\logs\Microsoft-Windows-User Profile Service%4Operational.evtx,0x4000000000000000,0,"{""EventData"":{""Data"":{""@Name"":""Session"",""#text"":""1""}}}"
8,8,2025-02-04 03:19:12.5141063,5,Info,Microsoft-Windows-User Profiles Service,Microsoft-Windows-User Profile Service/Operational,848,1728,WIN-TFHMB3RRSQV,0,S-1-5-18,,,,,,,,,,,False,example_files\original\C\Windows\System32\winevt\logs\Microsoft-Windows-User Profile Service%4Operational.evtx,0x4000000000000000,0,"{""EventData"":{""Data"":[{""@Name"":""File"",""#text"":""C:\\Users\\student\\ntuser.dat""},{""@Name"":""Key"",""#text"":""S-1-5-21-2927126382-3537124110-2073285158-1000""}]}}"
9,9,2025-02-04 03:19:12.5141063,5,Info,Microsoft-Windows-User Profiles Service,Microsoft-Windows-User Profile Service/Operational,848,1728,WIN-TFHMB3RRSQV,0,S-1-5-18,,,,,,,,,,,False,example_files\original\C\Windows\System32\winevt\logs\Microsoft-Windows-User Profile Service%4Operational.evtx,0x4000000000000000,0,"{""EventData"":{""Data"":[{""@Name"":""File"",""#text"":""C:\\Users\\student\\AppData\\Local\\Microsoft\\Windows\\\\UsrClass.dat""},{""@Name"":""Key"",""#text"":""S-1-5-21-2927126382-3537124110-2073285158-1000_Classes""}]}}"
10,10,2025-02-04 03:19:12.5453064,2,Info,Microsoft-Windows-User Profiles Service,Microsoft-Windows-User Profile Service/Operational,848,1572,WIN-TFHMB3RRSQV,0,S-1-5-21-2927126382-3537124110-2073285158-1000,An account was logged on,,,Session: 1,,,,,,,False,example_files\original\C\Windows\System32\winevt\logs\Microsoft-Windows-User Profile Service%4Operational.evtx,0x4000000000000000,0,"{""EventData"":{""Data"":{""@Name"":""Session"",""#text"":""1""}}}"
1,1,2025-02-04 03:21:06.0737077,5001,Info,Microsoft-Windows-Windows Defender,Microsoft-Windows-Windows Defender/Operational,736,1384,WIN-TFHMB3RRSQV,0,S-1-5-18,Real-time Protection was disabled,,,%%827,,,,,,,False,example_files\original\C\Windows\System32\winevt\logs\Microsoft-Windows-Windows Defender%4Operational.evtx,Classic,0,"{""EventData"":{""Data"":[{""@Name"":""Product Name"",""#text"":""%%827""},{""@Name"":""Product Version"",""#text"":""6.1.7600.16385""}]}}"
2,2,2025-02-04 03:21:06.0737077,5007,Info,Microsoft-Windows-Windows Defender,Microsoft-Windows-Windows Defender/Operational,736,1384,WIN-TFHMB3RRSQV,0,S-1-5-18,The antimalware platform configuration changed,,,Old Value: Default\Scan\ScheduleDay = 0,New Value: HKLM\SOFTWARE\Microsoft\Windows Defender\Scan\ScheduleDay = 8,,,,,,False,example_files\original\C\Windows\System32\winevt\logs\Microsoft-Windows-Windows Defender%4Operational.evtx,Classic,0,"{""EventData"":{""Data"":[{""@Name"":""Product Name"",""#text"":""%%827""},{""@Name"":""Product Version"",""#text"":""6.1.7600.16385""},{""@Name"":""Old Value"",""#text"":""Default\\Scan\\ScheduleDay = 0""},{""@Name"":""New Value"",""#text"":""HKLM\\SOFTWARE\\Microsoft\\Windows Defender\\Scan\\ScheduleDay = 8""}]}}"
3,3,2025-02-04 03:21:08.4137118,1000,Info,Microsoft-Windows-Windows Defender,Microsoft-Windows-Windows Defender/Operational,736,2524,WIN-TFHMB3RRSQV,0,S-1-5-18,An antimalware scan started,WIN-TFHMB3RRSQV\student,,Scan ID: {396D98FF-6AD8-45AD-8C4D-E9D07B4260FB},Scan type\index: %%801\1,Scan parameters\index: %%806\1,,,,,False,example_files\original\C\Windows\System32\winevt\logs\Microsoft-Windows-Windows Defender%4Operational.evtx,Classic,0,"{""EventData"":{""Data"":[{""@Name"":""Product Name"",""#text"":""%%827""},{""@Name"":""Product Version"",""#text"":""6.1.7600.16385""},{""@Name"":""Scan ID"",""#text"":""{396D98FF-6AD8-45AD-8C4D-E9D07B4260FB}""},{""@Name"":""Scan Type Index"",""#text"":""1""},{""@Name"":""Scan Type"",""#text"":""%%801""},{""@Name"":""Scan Parameters Index"",""#text"":""1""},{""@Name"":""Scan Parameters"",""#text"":""%%806""},{""@Name"":""Domain"",""#text"":""WIN-TFHMB3RRSQV""},{""@Name"":""User"",""#text"":""student""},{""@Name"":""SID"",""#text"":""S-1-5-21-2927126382-3537124110-2073285158-1000""},{""@Name"":""Scan Resources""}]}}"
4,4,2025-02-04 03:21:10.6913158,1002,Warning,Microsoft-Windows-Windows Defender,Microsoft-Windows-Windows Defender/Operational,736,2524,WIN-TFHMB3RRSQV,0,S-1-5-18,Warning - An antimalware scan was stopped before it finished,WIN-TFHMB3RRSQV\student,,Scan ID: {396D98FF-6AD8-45AD-8C4D-E9D07B4260FB},Scan type \ index: %%801 \ 1,Scan parameters \ index: %%806 \ 1,,,,,False,example_files\original\C\Windows\System32\winevt\logs\Microsoft-Windows-Windows Defender%4Operational.evtx,Classic,0,"{""EventData"":{""Data"":[{""@Name"":""Product Name"",""#text"":""%%827""},{""@Name"":""Product Version"",""#text"":""6.1.7600.16385""},{""@Name"":""Scan ID"",""#text"":""{396D98FF-6AD8-45AD-8C4D-E9D07B4260FB}""},{""@Name"":""Scan Type Index"",""#text"":""1""},{""@Name"":""Scan Type"",""#text"":""%%801""},{""@Name"":""Scan Parameters Index"",""#text"":""1""},{""@Name"":""Scan Parameters"",""#text"":""%%806""},{""@Name"":""Domain"",""#text"":""WIN-TFHMB3RRSQV""},{""@Name"":""User"",""#text"":""student""},{""@Name"":""SID"",""#text"":""S-1-5-21-2927126382-3537124110-2073285158-1000""}]}}"
1,1,2010-11-21 03:58:31.4207727,101,LogAlways,Microsoft-Windows-Windows Defender,Microsoft-Windows-Windows Defender/WHC,2272,752,37L4247F27-25,0,S-1-5-18,,,,,,,,,,,False,example_files\original\C\Windows\System32\winevt\logs\Microsoft-Windows-Windows Defender%4WHC.evtx,0x4000000000000000,0,"{""EventData"":{""Data"":{""@Name"":""hc_stateid"",""#text"":""2""}}}"
2,2,2025-02-04 03:12:57.0740251,101,LogAlways,Microsoft-Windows-Windows Defender,Microsoft-Windows-Windows Defender/WHC,2724,2716,WIN-TFHMB3RRSQV,0,S-1-5-18,,,,,,,,,,,False,example_files\original\C\Windows\System32\winevt\logs\Microsoft-Windows-Windows Defender%4WHC.evtx,0x4000000000000000,0,"{""EventData"":{""Data"":{""@Name"":""hc_stateid"",""#text"":""10""}}}"
3,3,2025-02-04 03:12:59.3828291,101,LogAlways,Microsoft-Windows-Windows Defender,Microsoft-Windows-Windows Defender/WHC,2724,2708,WIN-TFHMB3RRSQV,0,S-1-5-18,,,,,,,,,,,False,example_files\original\C\Windows\System32\winevt\logs\Microsoft-Windows-Windows Defender%4WHC.evtx,0x4000000000000000,0,"{""EventData"":{""Data"":{""@Name"":""hc_stateid"",""#text"":""10""}}}"
4,4,2025-02-04 03:17:27.5785473,101,LogAlways,Microsoft-Windows-Windows Defender,Microsoft-Windows-Windows Defender/WHC,2724,2016,WIN-TFHMB3RRSQV,0,S-1-5-18,,,,,,,,,,,False,example_files\original\C\Windows\System32\winevt\logs\Microsoft-Windows-Windows Defender%4WHC.evtx,0x4000000000000000,0,"{""EventData"":{""Data"":{""@Name"":""hc_stateid"",""#text"":""2""}}}"
5,5,2025-02-04 03:20:31.0828463,101,LogAlways,Microsoft-Windows-Windows Defender,Microsoft-Windows-Windows Defender/WHC,736,552,WIN-TFHMB3RRSQV,0,S-1-5-18,,,,,,,,,,,False,example_files\original\C\Windows\System32\winevt\logs\Microsoft-Windows-Windows Defender%4WHC.evtx,0x4000000000000000,0,"{""EventData"":{""Data"":{""@Name"":""hc_stateid"",""#text"":""10""}}}"
6,6,2025-02-04 03:20:32.4088486,101,LogAlways,Microsoft-Windows-Windows Defender,Microsoft-Windows-Windows Defender/WHC,736,1384,WIN-TFHMB3RRSQV,0,S-1-5-18,,,,,,,,,,,False,example_files\original\C\Windows\System32\winevt\logs\Microsoft-Windows-Windows Defender%4WHC.evtx,0x4000000000000000,0,"{""EventData"":{""Data"":{""@Name"":""hc_stateid"",""#text"":""10""}}}"
1,1,2025-02-04 19:08:52.5548598,2011,Info,Microsoft-Windows-Windows Firewall With Advanced Security,Microsoft-Windows-Windows Firewall With Advanced Security/Firewall,620,1072,37L4247F27-25,0,S-1-5-19,Windows Firewall unable to notify user of blocked application,,,S-1-5-18,C:\windows\system32\lsass.exe,,Protocol: TCP,,,,False,example_files\original\C\Windows\System32\winevt\logs\Microsoft-Windows-Windows Firewall With Advanced Security%4Firewall.evtx,Classic,0,"{""EventData"":{""Data"":[{""@Name"":""ReasonCode"",""#text"":""1""},{""@Name"":""ApplicationPath"",""#text"":""C:\\windows\\system32\\lsass.exe""},{""@Name"":""IPVersion"",""#text"":""0""},{""@Name"":""Protocol"",""#text"":""6""},{""@Name"":""Port"",""#text"":""49156""},{""@Name"":""ProcessId"",""#text"":""460""},{""@Name"":""ModifyingUser"",""#text"":""S-1-5-18""}]}}"
2,2,2025-02-04 19:09:49.2765594,2010,Info,Microsoft-Windows-Windows Firewall With Advanced Security,Microsoft-Windows-Windows Firewall With Advanced Security/Firewall,620,1408,37L4247F27-25,0,S-1-5-19,,,,,,,,,,,False,example_files\original\C\Windows\System32\winevt\logs\Microsoft-Windows-Windows Firewall With Advanced Security%4Firewall.evtx,Classic,0,"{""EventData"":{""Data"":[{""@Name"":""InterfaceGuid"",""#text"":""ac4c6af4-a6c1-47f3-8a31-d969469ae0cb""},{""@Name"":""InterfaceName"",""#text"":""ethernet_6""},{""@Name"":""OldProfile"",""#text"":""2147483649""},{""@Name"":""NewProfile"",""#text"":""4""}]}}"
3,3,2025-02-04 19:10:24.2518209,2004,Info,Microsoft-Windows-Windows Firewall With Advanced Security,Microsoft-Windows-Windows Firewall With Advanced Security/Firewall,620,1428,37L4247F27-25,0,S-1-5-19,A rule has been added to the Windows Defender Firewall exception list,,LocalSubnet: *,Ssdpsrv: Media Center Extenders - SSDP (UDP-In),C:\Windows\system32\svchost.exe,Direction: Inbound,Action: Allow,Protocol: UDP,,,False,example_files\original\C\Windows\System32\winevt\logs\Microsoft-Windows-Windows Firewall With Advanced Security%4Firewall.evtx,0x8000020000000000,0,"{""EventData"":{""Data"":[{""@Name"":""RuleId"",""#text"":""MCX-SSDPSrv-In-UDP""},{""@Name"":""RuleName"",""#text"":""Media Center Extenders - SSDP (UDP-In)""},{""@Name"":""Origin"",""#text"":""1""},{""@Name"":""ApplicationPath"",""#text"":""C:\\Windows\\system32\\svchost.exe""},{""@Name"":""ServiceName"",""#text"":""Ssdpsrv""},{""@Name"":""Direction"",""#text"":""1""},{""@Name"":""Protocol"",""#text"":""17""},{""@Name"":""LocalPorts"",""#text"":""1900""},{""@Name"":""RemotePorts"",""#text"":""*""},{""@Name"":""Action"",""#text"":""3""},{""@Name"":""Profiles"",""#text"":""2147483647""},{""@Name"":""LocalAddresses"",""#text"":""*""},{""@Name"":""RemoteAddresses"",""#text"":""LocalSubnet""},{""@Name"":""RemoteMachineAuthorizationList""},{""@Name"":""RemoteUserAuthorizationList""},{""@Name"":""EmbeddedContext"",""#text"":""@FirewallAPI.dll,-30752""},{""@Name"":""Flags"",""#text"":""0""},{""@Name"":""Active"",""#text"":""0""},{""@Name"":""EdgeTraversal"",""#text"":""0""},{""@Name"":""LooseSourceMapped"",""#text"":""0""},{""@Name"":""SecurityOptions"",""#text"":""0""},{""@Name"":""ModifyingUser"",""#text"":""S-1-5-18""},{""@Name"":""ModifyingApplication"",""#text"":""C:\\Windows\\System32\\oobe\\Setup.exe""},{""@Name"":""SchemaVersion"",""#text"":""522""},{""@Name"":""RuleStatus"",""#text"":""65536""}]}}"
4,4,2025-02-04 19:10:24.2518209,2004,Info,Microsoft-Windows-Windows Firewall With Advanced Security,Microsoft-Windows-Windows Firewall With Advanced Security/Firewall,620,1428,37L4247F27-25,0,S-1-5-19,A rule has been added to the Windows Defender Firewall exception list,,LocalSubnet: 1900,Ssdpsrv: Media Center Extenders - SSDP (UDP-Out),C:\Windows\system32\svchost.exe,Direction: Outbound,Action: Allow,Protocol: UDP,,,False,example_files\original\C\Windows\System32\winevt\logs\Microsoft-Windows-Windows Firewall With Advanced Security%4Firewall.evtx,0x8000020000000000,0,"{""EventData"":{""Data"":[{""@Name"":""RuleId"",""#text"":""MCX-SSDPSrv-Out-UDP""},{""@Name"":""RuleName"",""#text"":""Media Center Extenders - SSDP (UDP-Out)""},{""@Name"":""Origin"",""#text"":""1""},{""@Name"":""ApplicationPath"",""#text"":""C:\\Windows\\system32\\svchost.exe""},{""@Name"":""ServiceName"",""#text"":""Ssdpsrv""},{""@Name"":""Direction"",""#text"":""2""},{""@Name"":""Protocol"",""#text"":""17""},{""@Name"":""LocalPorts"",""#text"":""*""},{""@Name"":""RemotePorts"",""#text"":""1900""},{""@Name"":""Action"",""#text"":""3""},{""@Name"":""Profiles"",""#text"":""2147483647""},{""@Name"":""LocalAddresses"",""#text"":""*""},{""@Name"":""RemoteAddresses"",""#text"":""LocalSubnet""},{""@Name"":""RemoteMachineAuthorizationList""},{""@Name"":""RemoteUserAuthorizationList""},{""@Name"":""EmbeddedContext"",""#text"":""@FirewallAPI.dll,-30752""},{""@Name"":""Flags"",""#text"":""0""},{""@Name"":""Active"",""#text"":""0""},{""@Name"":""EdgeTraversal"",""#text"":""0""},{""@Name"":""LooseSourceMapped"",""#text"":""0""},{""@Name"":""SecurityOptions"",""#text"":""0""},{""@Name"":""ModifyingUser"",""#text"":""S-1-5-18""},{""@Name"":""ModifyingApplication"",""#text"":""C:\\Windows\\System32\\oobe\\Setup.exe""},{""@Name"":""SchemaVersion"",""#text"":""522""},{""@Name"":""RuleStatus"",""#text"":""65536""}]}}"
5,5,2025-02-04 19:10:24.2518209,2004,Info,Microsoft-Windows-Windows Firewall With Advanced Security,Microsoft-Windows-Windows Firewall With Advanced Security/Firewall,620,1428,37L4247F27-25,0,S-1-5-19,A rule has been added to the Windows Defender Firewall exception list,,LocalSubnet: *,: Media Center Extenders - RTSP (TCP-In),C:\Windows\ehome\ehshell.exe,Direction: Inbound,Action: Allow,Protocol: TCP,,,False,example_files\original\C\Windows\System32\winevt\logs\Microsoft-Windows-Windows Firewall With Advanced Security%4Firewall.evtx,0x8000020000000000,0,"{""EventData"":{""Data"":[{""@Name"":""RuleId"",""#text"":""MCX-In-TCP""},{""@Name"":""RuleName"",""#text"":""Media Center Extenders - RTSP (TCP-In)""},{""@Name"":""Origin"",""#text"":""1""},{""@Name"":""ApplicationPath"",""#text"":""C:\\Windows\\ehome\\ehshell.exe""},{""@Name"":""ServiceName""},{""@Name"":""Direction"",""#text"":""1""},{""@Name"":""Protocol"",""#text"":""6""},{""@Name"":""LocalPorts"",""#text"":""554,8554,8555,8556,8557,8558""},{""@Name"":""RemotePorts"",""#text"":""*""},{""@Name"":""Action"",""#text"":""3""},{""@Name"":""Profiles"",""#text"":""2147483647""},{""@Name"":""LocalAddresses"",""#text"":""*""},{""@Name"":""RemoteAddresses"",""#text"":""LocalSubnet""},{""@Name"":""RemoteMachineAuthorizationList""},{""@Name"":""RemoteUserAuthorizationList""},{""@Name"":""EmbeddedContext"",""#text"":""@FirewallAPI.dll,-30752""},{""@Name"":""Flags"",""#text"":""0""},{""@Name"":""Active"",""#text"":""0""},{""@Name"":""EdgeTraversal"",""#text"":""0""},{""@Name"":""LooseSourceMapped"",""#text"":""0""},{""@Name"":""SecurityOptions"",""#text"":""0""},{""@Name"":""ModifyingUser"",""#text"":""S-1-5-18""},{""@Name"":""ModifyingApplication"",""#text"":""C:\\Windows\\System32\\oobe\\Setup.exe""},{""@Name"":""SchemaVersion"",""#text"":""522""},{""@Name"":""RuleStatus"",""#text"":""65536""}]}}"
6,6,2025-02-04 19:10:24.2674209,2004,Info,Microsoft-Windows-Windows Firewall With Advanced Security,Microsoft-Windows-Windows Firewall With Advanced Security/Firewall,620,1428,37L4247F27-25,0,S-1-5-19,A rule has been added to the Windows Defender Firewall exception list,,LocalSubnet: *,: Media Center Extenders - RTSP (TCP-Out),C:\Windows\ehome\ehshell.exe,Direction: Outbound,Action: Allow,Protocol: TCP,,,False,example_files\original\C\Windows\System32\winevt\logs\Microsoft-Windows-Windows Firewall With Advanced Security%4Firewall.evtx,0x8000020000000000,0,"{""EventData"":{""Data"":[{""@Name"":""RuleId"",""#text"":""MCX-Out-TCP""},{""@Name"":""RuleName"",""#text"":""Media Center Extenders - RTSP (TCP-Out)""},{""@Name"":""Origin"",""#text"":""1""},{""@Name"":""ApplicationPath"",""#text"":""C:\\Windows\\ehome\\ehshell.exe""},{""@Name"":""ServiceName""},{""@Name"":""Direction"",""#text"":""2""},{""@Name"":""Protocol"",""#text"":""6""},{""@Name"":""LocalPorts"",""#text"":""*""},{""@Name"":""RemotePorts"",""#text"":""*""},{""@Name"":""Action"",""#text"":""3""},{""@Name"":""Profiles"",""#text"":""2147483647""},{""@Name"":""LocalAddresses"",""#text"":""*""},{""@Name"":""RemoteAddresses"",""#text"":""LocalSubnet""},{""@Name"":""RemoteMachineAuthorizationList""},{""@Name"":""RemoteUserAuthorizationList""},{""@Name"":""EmbeddedContext"",""#text"":""@FirewallAPI.dll,-30752""},{""@Name"":""Flags"",""#text"":""0""},{""@Name"":""Active"",""#text"":""0""},{""@Name"":""EdgeTraversal"",""#text"":""0""},{""@Name"":""LooseSourceMapped"",""#text"":""0""},{""@Name"":""SecurityOptions"",""#text"":""0""},{""@Name"":""ModifyingUser"",""#text"":""S-1-5-18""},{""@Name"":""ModifyingApplication"",""#text"":""C:\\Windows\\System32\\oobe\\Setup.exe""},{""@Name"":""SchemaVersion"",""#text"":""522""},{""@Name"":""RuleStatus"",""#text"":""65536""}]}}"
7,7,2025-02-04 19:10:24.2674209,2004,Info,Microsoft-Windows-Windows Firewall With Advanced Security,Microsoft-Windows-Windows Firewall With Advanced Security/Firewall,620,1428,37L4247F27-25,0,S-1-5-19,A rule has been added to the Windows Defender Firewall exception list,,LocalSubnet: *,Qwave: Media Center Extenders - qWave (UDP-In),C:\Windows\system32\svchost.exe,Direction: Inbound,Action: Allow,Protocol: UDP,,,False,example_files\original\C\Windows\System32\winevt\logs\Microsoft-Windows-Windows Firewall With Advanced Security%4Firewall.evtx,0x8000020000000000,0,"{""EventData"":{""Data"":[{""@Name"":""RuleId"",""#text"":""MCX-QWave-In-UDP""},{""@Name"":""RuleName"",""#text"":""Media Center Extenders - qWave (UDP-In)""},{""@Name"":""Origin"",""#text"":""1""},{""@Name"":""ApplicationPath"",""#text"":""C:\\Windows\\system32\\svchost.exe""},{""@Name"":""ServiceName"",""#text"":""Qwave""},{""@Name"":""Direction"",""#text"":""1""},{""@Name"":""Protocol"",""#text"":""17""},{""@Name"":""LocalPorts"",""#text"":""2177""},{""@Name"":""RemotePorts"",""#text"":""*""},{""@Name"":""Action"",""#text"":""3""},{""@Name"":""Profiles"",""#text"":""2147483647""},{""@Name"":""LocalAddresses"",""#text"":""*""},{""@Name"":""RemoteAddresses"",""#text"":""LocalSubnet""},{""@Name"":""RemoteMachineAuthorizationList""},{""@Name"":""RemoteUserAuthorizationList""},{""@Name"":""EmbeddedContext"",""#text"":""@FirewallAPI.dll,-30752""},{""@Name"":""Flags"",""#text"":""0""},{""@Name"":""Active"",""#text"":""0""},{""@Name"":""EdgeTraversal"",""#text"":""0""},{""@Name"":""LooseSourceMapped"",""#text"":""0""},{""@Name"":""SecurityOptions"",""#text"":""0""},{""@Name"":""ModifyingUser"",""#text"":""S-1-5-18""},{""@Name"":""ModifyingApplication"",""#text"":""C:\\Windows\\System32\\oobe\\Setup.exe""},{""@Name"":""SchemaVersion"",""#text"":""522""},{""@Name"":""RuleStatus"",""#text"":""65536""}]}}"
8,8,2025-02-04 19:10:24.2830209,2004,Info,Microsoft-Windows-Windows Firewall With Advanced Security,Microsoft-Windows-Windows Firewall With Advanced Security/Firewall,620,1408,37L4247F27-25,0,S-1-5-19,A rule has been added to the Windows Defender Firewall exception list,,LocalSubnet: 2177,Qwave: Media Center Extenders - qWave (UDP-Out),C:\Windows\system32\svchost.exe,Direction: Outbound,Action: Allow,Protocol: UDP,,,False,example_files\original\C\Windows\System32\winevt\logs\Microsoft-Windows-Windows Firewall With Advanced Security%4Firewall.evtx,0x8000020000000000,0,"{""EventData"":{""Data"":[{""@Name"":""RuleId"",""#text"":""MCX-QWave-Out-UDP""},{""@Name"":""RuleName"",""#text"":""Media Center Extenders - qWave (UDP-Out)""},{""@Name"":""Origin"",""#text"":""1""},{""@Name"":""ApplicationPath"",""#text"":""C:\\Windows\\system32\\svchost.exe""},{""@Name"":""ServiceName"",""#text"":""Qwave""},{""@Name"":""Direction"",""#text"":""2""},{""@Name"":""Protocol"",""#text"":""17""},{""@Name"":""LocalPorts"",""#text"":""*""},{""@Name"":""RemotePorts"",""#text"":""2177""},{""@Name"":""Action"",""#text"":""3""},{""@Name"":""Profiles"",""#text"":""2147483647""},{""@Name"":""LocalAddresses"",""#text"":""*""},{""@Name"":""RemoteAddresses"",""#text"":""LocalSubnet""},{""@Name"":""RemoteMachineAuthorizationList""},{""@Name"":""RemoteUserAuthorizationList""},{""@Name"":""EmbeddedContext"",""#text"":""@FirewallAPI.dll,-30752""},{""@Name"":""Flags"",""#text"":""0""},{""@Name"":""Active"",""#text"":""0""},{""@Name"":""EdgeTraversal"",""#text"":""0""},{""@Name"":""LooseSourceMapped"",""#text"":""0""},{""@Name"":""SecurityOptions"",""#text"":""0""},{""@Name"":""ModifyingUser"",""#text"":""S-1-5-18""},{""@Name"":""ModifyingApplication"",""#text"":""C:\\Windows\\System32\\oobe\\Setup.exe""},{""@Name"":""SchemaVersion"",""#text"":""522""},{""@Name"":""RuleStatus"",""#text"":""65536""}]}}"
9,9,2025-02-04 19:10:24.2830209,2004,Info,Microsoft-Windows-Windows Firewall With Advanced Security,Microsoft-Windows-Windows Firewall With Advanced Security/Firewall,620,1428,37L4247F27-25,0,S-1-5-19,A rule has been added to the Windows Defender Firewall exception list,,LocalSubnet: *,Qwave: Media Center Extenders - qWave (TCP-In),C:\Windows\system32\svchost.exe,Direction: Inbound,Action: Allow,Protocol: TCP,,,False,example_files\original\C\Windows\System32\winevt\logs\Microsoft-Windows-Windows Firewall With Advanced Security%4Firewall.evtx,0x8000020000000000,0,"{""EventData"":{""Data"":[{""@Name"":""RuleId"",""#text"":""MCX-QWave-In-TCP""},{""@Name"":""RuleName"",""#text"":""Media Center Extenders - qWave (TCP-In)""},{""@Name"":""Origin"",""#text"":""1""},{""@Name"":""ApplicationPath"",""#text"":""C:\\Windows\\system32\\svchost.exe""},{""@Name"":""ServiceName"",""#text"":""Qwave""},{""@Name"":""Direction"",""#text"":""1""},{""@Name"":""Protocol"",""#text"":""6""},{""@Name"":""LocalPorts"",""#text"":""2177""},{""@Name"":""RemotePorts"",""#text"":""*""},{""@Name"":""Action"",""#text"":""3""},{""@Name"":""Profiles"",""#text"":""2147483647""},{""@Name"":""LocalAddresses"",""#text"":""*""},{""@Name"":""RemoteAddresses"",""#text"":""LocalSubnet""},{""@Name"":""RemoteMachineAuthorizationList""},{""@Name"":""RemoteUserAuthorizationList""},{""@Name"":""EmbeddedContext"",""#text"":""@FirewallAPI.dll,-30752""},{""@Name"":""Flags"",""#text"":""0""},{""@Name"":""Active"",""#text"":""0""},{""@Name"":""EdgeTraversal"",""#text"":""0""},{""@Name"":""LooseSourceMapped"",""#text"":""0""},{""@Name"":""SecurityOptions"",""#text"":""0""},{""@Name"":""ModifyingUser"",""#text"":""S-1-5-18""},{""@Name"":""ModifyingApplication"",""#text"":""C:\\Windows\\System32\\oobe\\Setup.exe""},{""@Name"":""SchemaVersion"",""#text"":""522""},{""@Name"":""RuleStatus"",""#text"":""65536""}]}}"
10,10,2025-02-04 19:10:24.2986209,2004,Info,Microsoft-Windows-Windows Firewall With Advanced Security,Microsoft-Windows-Windows Firewall With Advanced Security/Firewall,620,1428,37L4247F27-25,0,S-1-5-19,A rule has been added to the Windows Defender Firewall exception list,,LocalSubnet: 2177,Qwave: Media Center Extenders - qWave (TCP-Out),C:\Windows\system32\svchost.exe,Direction: Outbound,Action: Allow,Protocol: TCP,,,False,example_files\original\C\Windows\System32\winevt\logs\Microsoft-Windows-Windows Firewall With Advanced Security%4Firewall.evtx,0x8000020000000000,0,"{""EventData"":{""Data"":[{""@Name"":""RuleId"",""#text"":""MCX-QWave-Out-TCP""},{""@Name"":""RuleName"",""#text"":""Media Center Extenders - qWave (TCP-Out)""},{""@Name"":""Origin"",""#text"":""1""},{""@Name"":""ApplicationPath"",""#text"":""C:\\Windows\\system32\\svchost.exe""},{""@Name"":""ServiceName"",""#text"":""Qwave""},{""@Name"":""Direction"",""#text"":""2""},{""@Name"":""Protocol"",""#text"":""6""},{""@Name"":""LocalPorts"",""#text"":""*""},{""@Name"":""RemotePorts"",""#text"":""2177""},{""@Name"":""Action"",""#text"":""3""},{""@Name"":""Profiles"",""#text"":""2147483647""},{""@Name"":""LocalAddresses"",""#text"":""*""},{""@Name"":""RemoteAddresses"",""#text"":""LocalSubnet""},{""@Name"":""RemoteMachineAuthorizationList""},{""@Name"":""RemoteUserAuthorizationList""},{""@Name"":""EmbeddedContext"",""#text"":""@FirewallAPI.dll,-30752""},{""@Name"":""Flags"",""#text"":""0""},{""@Name"":""Active"",""#text"":""0""},{""@Name"":""EdgeTraversal"",""#text"":""0""},{""@Name"":""LooseSourceMapped"",""#text"":""0""},{""@Name"":""SecurityOptions"",""#text"":""0""},{""@Name"":""ModifyingUser"",""#text"":""S-1-5-18""},{""@Name"":""ModifyingApplication"",""#text"":""C:\\Windows\\System32\\oobe\\Setup.exe""},{""@Name"":""SchemaVersion"",""#text"":""522""},{""@Name"":""RuleStatus"",""#text"":""65536""}]}}"
