709,709,2025-02-04 03:19:12.4985063,7001,Info,Microsoft-Windows-Winlogon,System,412,424,WIN-TFHMB3RRSQV,5,S-1-5-18,User logon,,,UserSID: S-1-5-21-2927126382-3537124110-2073285158-1000,,,,,,,False,example_files\original\C\Windows\System32\winevt\logs\System.evtx,0x2000000000000000,448,"{""EventData"":{""Data"":[{""@Name"":""TSId"",""#text"":""1""},{""@Name"":""UserSid"",""#text"":""S-1-5-21-2927126382-3537124110-2073285158-1000""}]}}"
710,710,2025-02-04 03:19:19.2141189,7036,Info,Service Control Manager,System,448,564,WIN-TFHMB3RRSQV,5,,Service started or stopped,,,Name: Network Connections | Network Connections,Status: running,,,,,,False,example_files\original\C\Windows\System32\winevt\logs\System.evtx,"Audit success, classic",0,"{""EventData"":{""Data"":[{""@Name"":""param1"",""#text"":""Network Connections""},{""@Name"":""param2"",""#text"":""running""}],""Binary"":""4E-00-65-00-74-00-6D-00-61-00-6E-00-2F-00-34-00-00-00""}}"
711,711,2025-02-04 03:19:19.3077191,7036,Info,Service Control Manager,System,448,564,WIN-TFHMB3RRSQV,5,,Service started or stopped,,,Name: Windows Search | Windows Search,Status: running,,,,,,False,example_files\original\C\Windows\System32\winevt\logs\System.evtx,"Audit success, classic",0,"{""EventData"":{""Data"":[{""@Name"":""param1"",""#text"":""Windows Search""},{""@Name"":""param2"",""#text"":""running""}],""Binary"":""57-00-53-00-65-00-61-00-72-00-63-00-68-00-2F-00-34-00-00-00""}}"
712,712,2025-02-04 03:19:31.1013398,7036,Info,Service Control Manager,System,448,564,WIN-TFHMB3RRSQV,5,,Service started or stopped,,,Name: Application Experience | Application Experience,Status: running,,,,,,False,example_files\original\C\Windows\System32\winevt\logs\System.evtx,"Audit success, classic",0,"{""EventData"":{""Data"":[{""@Name"":""param1"",""#text"":""Application Experience""},{""@Name"":""param2"",""#text"":""running""}],""Binary"":""41-00-65-00-4C-00-6F-00-6F-00-6B-00-75-00-70-00-53-00-76-00-63-00-2F-00-34-00-00-00""}}"
713,713,2025-02-04 03:19:32.3315430,7036,Info,Service Control Manager,System,448,576,WIN-TFHMB3RRSQV,5,,Service started or stopped,,,Name: Application Information | Application Information,Status: running,,,,,,False,example_files\original\C\Windows\System32\winevt\logs\System.evtx,"Audit success, classic",0,"{""EventData"":{""Data"":[{""@Name"":""param1"",""#text"":""Application Information""},{""@Name"":""param2"",""#text"":""running""}],""Binary"":""41-00-70-00-70-00-69-00-6E-00-66-00-6F-00-2F-00-34-00-00-00""}}"
714,714,2025-02-04 03:19:36.9155510,7036,Info,Service Control Manager,System,448,576,WIN-TFHMB3RRSQV,5,,Service started or stopped,,,Name: Computer Browser | Computer Browser,Status: running,,,,,,False,example_files\original\C\Windows\System32\winevt\logs\System.evtx,"Audit success, classic",0,"{""EventData"":{""Data"":[{""@Name"":""param1"",""#text"":""Computer Browser""},{""@Name"":""param2"",""#text"":""running""}],""Binary"":""42-00-72-00-6F-00-77-00-73-00-65-00-72-00-2F-00-34-00-00-00""}}"
715,715,2025-02-04 03:19:36.9779511,7040,Info,Service Control Manager,System,448,576,WIN-TFHMB3RRSQV,5,S-1-5-18,Start type of a service has changed,,,The start type of the IKE and AuthIP IPsec Keying Modules was changed from demand start to auto start,,,,,,IKEEXT,False,example_files\original\C\Windows\System32\winevt\logs\System.evtx,"Audit success, classic",0,"{""EventData"":{""Data"":[{""@Name"":""param1"",""#text"":""IKE and AuthIP IPsec Keying Modules""},{""@Name"":""param2"",""#text"":""demand start""},{""@Name"":""param3"",""#text"":""auto start""},{""@Name"":""param4"",""#text"":""IKEEXT""}]}}"
716,716,2025-02-04 03:19:36.9779511,7036,Info,Service Control Manager,System,448,576,WIN-TFHMB3RRSQV,5,,Service started or stopped,,,Name: IKE and AuthIP IPsec Keying Modules | IKE and AuthIP IPsec Keying Modules,Status: running,,,,,,False,example_files\original\C\Windows\System32\winevt\logs\System.evtx,"Audit success, classic",0,"{""EventData"":{""Data"":[{""@Name"":""param1"",""#text"":""IKE and AuthIP IPsec Keying Modules""},{""@Name"":""param2"",""#text"":""running""}],""Binary"":""49-00-4B-00-45-00-45-00-58-00-54-00-2F-00-34-00-00-00""}}"
717,717,2025-02-04 03:19:37.0455514,7036,Info,Service Control Manager,System,448,576,WIN-TFHMB3RRSQV,5,,Service started or stopped,,,Name: IPsec Policy Agent | IPsec Policy Agent,Status: running,,,,,,False,example_files\original\C\Windows\System32\winevt\logs\System.evtx,"Audit success, classic",0,"{""EventData"":{""Data"":[{""@Name"":""param1"",""#text"":""IPsec Policy Agent""},{""@Name"":""param2"",""#text"":""running""}],""Binary"":""50-00-6F-00-6C-00-69-00-63-00-79-00-41-00-67-00-65-00-6E-00-74-00-2F-00-34-00-00-00""}}"
718,718,2025-02-04 03:20:25.4668364,7036,Info,Service Control Manager,System,448,656,WIN-TFHMB3RRSQV,5,,Service started or stopped,,,Name: Windows Update | Windows Update,Status: running,,,,,,False,example_files\original\C\Windows\System32\winevt\logs\System.evtx,"Audit success, classic",0,"{""EventData"":{""Data"":[{""@Name"":""param1"",""#text"":""Windows Update""},{""@Name"":""param2"",""#text"":""running""}],""Binary"":""77-00-75-00-61-00-75-00-73-00-65-00-72-00-76-00-2F-00-34-00-00-00""}}"
719,719,2025-02-04 03:20:29.9128442,7036,Info,Service Control Manager,System,448,576,WIN-TFHMB3RRSQV,5,,Service started or stopped,,,Name: Background Intelligent Transfer Service | Background Intelligent Transfer Service,Status: running,,,,,,False,example_files\original\C\Windows\System32\winevt\logs\System.evtx,"Audit success, classic",0,"{""EventData"":{""Data"":[{""@Name"":""param1"",""#text"":""Background Intelligent Transfer Service""},{""@Name"":""param2"",""#text"":""running""}],""Binary"":""42-00-49-00-54-00-53-00-2F-00-34-00-00-00""}}"
720,720,2025-02-04 03:20:30.1312446,7036,Info,Service Control Manager,System,448,576,WIN-TFHMB3RRSQV,5,,Service started or stopped,,,Name: Microsoft .NET Framework NGEN v2.0.50727_X86 | Microsoft .NET Framework NGEN v2.0.50727_X86,Status: running,,,,,,False,example_files\original\C\Windows\System32\winevt\logs\System.evtx,"Audit success, classic",0,"{""EventData"":{""Data"":[{""@Name"":""param1"",""#text"":""Microsoft .NET Framework NGEN v2.0.50727_X86""},{""@Name"":""param2"",""#text"":""running""}],""Binary"":""63-00-6C-00-72-00-5F-00-6F-00-70-00-74-00-69-00-6D-00-69-00-7A-00-61-00-74-00-69-00-6F-00-6E-00-5F-00-76-00-32-00-2E-00-30-00-2E-00-35-00-30-00-37-00-32-00-37-00-5F-00-33-00-32-00-2F-00-34-00-00-00""}}"
721,721,2025-02-04 03:20:30.1936447,7036,Info,Service Control Manager,System,448,576,WIN-TFHMB3RRSQV,5,,Service started or stopped,,,Name: SSDP Discovery | SSDP Discovery,Status: running,,,,,,False,example_files\original\C\Windows\System32\winevt\logs\System.evtx,"Audit success, classic",0,"{""EventData"":{""Data"":[{""@Name"":""param1"",""#text"":""SSDP Discovery""},{""@Name"":""param2"",""#text"":""running""}],""Binary"":""53-00-53-00-44-00-50-00-53-00-52-00-56-00-2F-00-34-00-00-00""}}"
722,722,2025-02-04 03:20:30.2716448,7036,Info,Service Control Manager,System,448,576,WIN-TFHMB3RRSQV,5,,Service started or stopped,,,Name: Microsoft .NET Framework NGEN v2.0.50727_X64 | Microsoft .NET Framework NGEN v2.0.50727_X64,Status: running,,,,,,False,example_files\original\C\Windows\System32\winevt\logs\System.evtx,"Audit success, classic",0,"{""EventData"":{""Data"":[{""@Name"":""param1"",""#text"":""Microsoft .NET Framework NGEN v2.0.50727_X64""},{""@Name"":""param2"",""#text"":""running""}],""Binary"":""63-00-6C-00-72-00-5F-00-6F-00-70-00-74-00-69-00-6D-00-69-00-7A-00-61-00-74-00-69-00-6F-00-6E-00-5F-00-76-00-32-00-2E-00-30-00-2E-00-35-00-30-00-37-00-32-00-37-00-5F-00-36-00-34-00-2F-00-34-00-00-00""}}"
723,723,2025-02-04 03:20:30.4432451,7036,Info,Service Control Manager,System,448,576,WIN-TFHMB3RRSQV,5,,Service started or stopped,,,Name: Windows Font Cache Service | Windows Font Cache Service,Status: running,,,,,,False,example_files\original\C\Windows\System32\winevt\logs\System.evtx,"Audit success, classic",0,"{""EventData"":{""Data"":[{""@Name"":""param1"",""#text"":""Windows Font Cache Service""},{""@Name"":""param2"",""#text"":""running""}],""Binary"":""46-00-6F-00-6E-00-74-00-43-00-61-00-63-00-68-00-65-00-2F-00-34-00-00-00""}}"
724,724,2025-02-04 03:20:30.7396457,7036,Info,Service Control Manager,System,448,576,WIN-TFHMB3RRSQV,5,,Service started or stopped,,,Name: Software Protection | Software Protection,Status: running,,,,,,False,example_files\original\C\Windows\System32\winevt\logs\System.evtx,"Audit success, classic",0,"{""EventData"":{""Data"":[{""@Name"":""param1"",""#text"":""Software Protection""},{""@Name"":""param2"",""#text"":""running""}],""Binary"":""73-00-70-00-70-00-73-00-76-00-63-00-2F-00-34-00-00-00""}}"
725,725,2025-02-04 03:20:31.0204462,7036,Info,Service Control Manager,System,448,576,WIN-TFHMB3RRSQV,5,,Service started or stopped,,,Name: Windows Defender | Windows Defender,Status: running,,,,,,False,example_files\original\C\Windows\System32\winevt\logs\System.evtx,"Audit success, classic",0,"{""EventData"":{""Data"":[{""@Name"":""param1"",""#text"":""Windows Defender""},{""@Name"":""param2"",""#text"":""running""}],""Binary"":""57-00-69-00-6E-00-44-00-65-00-66-00-65-00-6E-00-64-00-2F-00-34-00-00-00""}}"
726,726,2025-02-04 03:20:31.4260469,7036,Info,Service Control Manager,System,448,576,WIN-TFHMB3RRSQV,5,,Service started or stopped,,,Name: Security Center | Security Center,Status: running,,,,,,False,example_files\original\C\Windows\System32\winevt\logs\System.evtx,"Audit success, classic",0,"{""EventData"":{""Data"":[{""@Name"":""param1"",""#text"":""Security Center""},{""@Name"":""param2"",""#text"":""running""}],""Binary"":""77-00-73-00-63-00-73-00-76-00-63-00-2F-00-34-00-00-00""}}"
727,727,2025-02-04 03:21:12.5945192,7036,Info,Service Control Manager,System,448,564,WIN-TFHMB3RRSQV,5,,Service started or stopped,,,Name: Portable Device Enumerator Service | Portable Device Enumerator Service,Status: stopped,,,,,,False,example_files\original\C\Windows\System32\winevt\logs\System.evtx,"Audit success, classic",0,"{""EventData"":{""Data"":[{""@Name"":""param1"",""#text"":""Portable Device Enumerator Service""},{""@Name"":""param2"",""#text"":""stopped""}],""Binary"":""57-00-50-00-44-00-42-00-75-00-73-00-45-00-6E-00-75-00-6D-00-2F-00-31-00-00-00""}}"
728,728,2025-02-04 03:21:53.0000000,8033,Info,BROWSER,System,0,0,WIN-TFHMB3RRSQV,5,,,,,,,,,,,,False,example_files\original\C\Windows\System32\winevt\logs\System.evtx,0x80000000000000,0,"{""EventData"":{""Data"":""\\Device\\NetBT_Tcpip_{AC4C6AF4-A6C1-47F3-8A31-D969469AE0CB}"",""Binary"":""""}}"
729,729,2025-02-04 03:21:54.0905921,7036,Info,Service Control Manager,System,448,564,WIN-TFHMB3RRSQV,5,,Service started or stopped,,,Name: TCP/IP NetBIOS Helper | TCP/IP NetBIOS Helper,Status: stopped,,,,,,False,example_files\original\C\Windows\System32\winevt\logs\System.evtx,"Audit success, classic",0,"{""EventData"":{""Data"":[{""@Name"":""param1"",""#text"":""TCP/IP NetBIOS Helper""},{""@Name"":""param2"",""#text"":""stopped""}],""Binary"":""6C-00-6D-00-68-00-6F-00-73-00-74-00-73-00-2F-00-31-00-00-00""}}"
730,730,2025-02-04 03:21:54.0905921,7042,Info,Service Control Manager,System,448,2720,WIN-TFHMB3RRSQV,5,S-1-5-18,,,,,,,,,,,False,example_files\original\C\Windows\System32\winevt\logs\System.evtx,"Audit success, classic",0,"{""EventData"":{""Data"":[{""@Name"":""param1"",""#text"":""TCP/IP NetBIOS Helper""},{""@Name"":""param2"",""#text"":""stop""},{""@Name"":""param3"",""#text"":""0x40030011""},{""@Name"":""param4"",""#text"":""Operating System: Network Connectivity (Planned)""},{""@Name"":""param5"",""#text"":""None""}]}}"
731,731,2025-02-04 03:21:56.1029956,7036,Info,Service Control Manager,System,448,564,WIN-TFHMB3RRSQV,5,,Service started or stopped,,,Name: TCP/IP NetBIOS Helper | TCP/IP NetBIOS Helper,Status: running,,,,,,False,example_files\original\C\Windows\System32\winevt\logs\System.evtx,"Audit success, classic",0,"{""EventData"":{""Data"":[{""@Name"":""param1"",""#text"":""TCP/IP NetBIOS Helper""},{""@Name"":""param2"",""#text"":""running""}],""Binary"":""6C-00-6D-00-68-00-6F-00-73-00-74-00-73-00-2F-00-34-00-00-00""}}"
732,732,2025-02-04 03:24:37.0484783,7036,Info,Service Control Manager,System,448,3008,WIN-TFHMB3RRSQV,5,,Service started or stopped,,,Name: Multimedia Class Scheduler | Multimedia Class Scheduler,Status: stopped,,,,,,False,example_files\original\C\Windows\System32\winevt\logs\System.evtx,"Audit success, classic",0,"{""EventData"":{""Data"":[{""@Name"":""param1"",""#text"":""Multimedia Class Scheduler""},{""@Name"":""param2"",""#text"":""stopped""}],""Binary"":""4D-00-4D-00-43-00-53-00-53-00-2F-00-31-00-00-00""}}"
733,733,2025-02-04 03:27:55.2312264,56,Error,TermDD,System,0,0,WIN-TFHMB3RRSQV,5,,TermDD,,,"Data: \Device\Termdd, 192.168.11.137",,,,,,,False,example_files\original\C\Windows\System32\winevt\logs\System.evtx,0x80000000000000,0,"{""EventData"":{""Data"":""\\Device\\Termdd, 192.168.11.137"",""Binary"":""00-00-04-00-02-00-2C-00-00-00-00-00-38-00-0A-C0-00-00-00-00-38-00-0A-C0-00-00-00-00-00-00-00-00-00-00-00-00-00-00-00-00-0D-00-00-C0""}}"
734,734,2025-02-04 03:28:08.5692498,7036,Info,Service Control Manager,System,448,2384,WIN-TFHMB3RRSQV,5,,Service started or stopped,,,Name: Multimedia Class Scheduler | Multimedia Class Scheduler,Status: running,,,,,,False,example_files\original\C\Windows\System32\winevt\logs\System.evtx,"Audit success, classic",0,"{""EventData"":{""Data"":[{""@Name"":""param1"",""#text"":""Multimedia Class Scheduler""},{""@Name"":""param2"",""#text"":""running""}],""Binary"":""4D-00-4D-00-43-00-53-00-53-00-2F-00-34-00-00-00""}}"
735,735,2025-02-04 03:28:09.6732521,206,Info,Microsoft-Windows-Application-Experience,System,804,2756,WIN-TFHMB3RRSQV,5,S-1-5-18,,,,,,,,,,,False,example_files\original\C\Windows\System32\winevt\logs\System.evtx,Classic,0,"{""EventData"":""""}"
736,736,2025-02-04 03:28:16.2096636,7036,Info,Service Control Manager,System,448,2240,WIN-TFHMB3RRSQV,5,,Service started or stopped,,,Name: Windows Installer | Windows Installer,Status: running,,,,,,False,example_files\original\C\Windows\System32\winevt\logs\System.evtx,"Audit success, classic",0,"{""EventData"":{""Data"":[{""@Name"":""param1"",""#text"":""Windows Installer""},{""@Name"":""param2"",""#text"":""running""}],""Binary"":""6D-00-73-00-69-00-73-00-65-00-72-00-76-00-65-00-72-00-2F-00-34-00-00-00""}}"
737,737,2025-02-04 03:28:21.1392723,7036,Info,Service Control Manager,System,448,2240,WIN-TFHMB3RRSQV,5,,Service started or stopped,,,Name: Volume Shadow Copy | Volume Shadow Copy,Status: running,,,,,,False,example_files\original\C\Windows\System32\winevt\logs\System.evtx,"Audit success, classic",0,"{""EventData"":{""Data"":[{""@Name"":""param1"",""#text"":""Volume Shadow Copy""},{""@Name"":""param2"",""#text"":""running""}],""Binary"":""56-00-53-00-53-00-2F-00-34-00-00-00""}}"
738,738,2025-02-04 03:28:21.1704723,7036,Info,Service Control Manager,System,448,2240,WIN-TFHMB3RRSQV,5,,Service started or stopped,,,Name: Microsoft Software Shadow Copy Provider | Microsoft Software Shadow Copy Provider,Status: running,,,,,,False,example_files\original\C\Windows\System32\winevt\logs\System.evtx,"Audit success, classic",0,"{""EventData"":{""Data"":[{""@Name"":""param1"",""#text"":""Microsoft Software Shadow Copy Provider""},{""@Name"":""param2"",""#text"":""running""}],""Binary"":""73-00-77-00-70-00-72-00-76-00-2F-00-34-00-00-00""}}"
739,739,2025-02-04 03:28:24.9924790,20001,Info,Microsoft-Windows-UserPnp,System,2140,2656,WIN-TFHMB3RRSQV,5,S-1-5-18,Device installation,,,DriverDescription: Generic volume shadow copy,InstallStatus: Installation Successful,IsDriverOEM: False,UpgradeDevice: False,RebootOption: False,DeviceInstanceID: STORAGE\VOLUMESNAPSHOT\HARDDISKVOLUMESNAPSHOT1,FileRepository\volsnap.inf_amd64_neutral_7499a4fac85b39fc\volsnap.inf,False,example_files\original\C\Windows\System32\winevt\logs\System.evtx,Classic,0,"{""UserData"":{""InstallDeviceID"":{""DriverName"":""FileRepository\\volsnap.inf_amd64_neutral_7499a4fac85b39fc\\volsnap.inf"",""DriverVersion"":""6.1.7600.16385"",""DriverProvider"":""Microsoft"",""DeviceInstanceID"":""STORAGE\\VOLUMESNAPSHOT\\HARDDISKVOLUMESNAPSHOT1"",""SetupClass"":""533c5b84-ec70-11d2-9505-00c04f79deaf"",""RebootOption"":""False"",""UpgradeDevice"":""False"",""IsDriverOEM"":""False"",""InstallStatus"":""0x0"",""DriverDescription"":""Generic volume shadow copy""}}}"
740,740,2025-02-04 03:28:37.9397050,36888,Error,Schannel,System,464,2508,WIN-TFHMB3RRSQV,5,S-1-5-18,,,,,,,,,,,False,example_files\original\C\Windows\System32\winevt\logs\System.evtx,Classic,0,"{""EventData"":{""Data"":[{""@Name"":""AlertDesc"",""#text"":""10""},{""@Name"":""ErrorState"",""#text"":""1203""}]}}"
741,741,2025-02-04 03:28:37.9397050,56,Error,TermDD,System,0,0,WIN-TFHMB3RRSQV,5,,TermDD,,,"Data: \Device\Termdd, 192.168.11.137",,,,,,,False,example_files\original\C\Windows\System32\winevt\logs\System.evtx,0x80000000000000,0,"{""EventData"":{""Data"":""\\Device\\Termdd, 192.168.11.137"",""Binary"":""00-00-04-00-02-00-2C-00-00-00-00-00-38-00-0A-C0-00-00-00-00-38-00-0A-C0-00-00-00-00-00-00-00-00-00-00-00-00-00-00-00-00-04-03-09-80""}}"
742,742,2025-02-04 03:31:28.0748051,7036,Info,Service Control Manager,System,448,2668,WIN-TFHMB3RRSQV,5,,Service started or stopped,,,Name: Volume Shadow Copy | Volume Shadow Copy,Status: stopped,,,,,,False,example_files\original\C\Windows\System32\winevt\logs\System.evtx,"Audit success, classic",0,"{""EventData"":{""Data"":[{""@Name"":""param1"",""#text"":""Volume Shadow Copy""},{""@Name"":""param2"",""#text"":""stopped""}],""Binary"":""56-00-53-00-53-00-2F-00-31-00-00-00""}}"
743,743,2025-02-04 03:33:42.6874415,7036,Info,Service Control Manager,System,448,2172,WIN-TFHMB3RRSQV,5,,Service started or stopped,,,Name: Multimedia Class Scheduler | Multimedia Class Scheduler,Status: stopped,,,,,,False,example_files\original\C\Windows\System32\winevt\logs\System.evtx,"Audit success, classic",0,"{""EventData"":{""Data"":[{""@Name"":""param1"",""#text"":""Multimedia Class Scheduler""},{""@Name"":""param2"",""#text"":""stopped""}],""Binary"":""4D-00-4D-00-43-00-53-00-53-00-2F-00-31-00-00-00""}}"
744,744,2025-02-04 03:34:28.0835213,7036,Info,Service Control Manager,System,448,1096,WIN-TFHMB3RRSQV,5,,Service started or stopped,,,Name: Microsoft Software Shadow Copy Provider | Microsoft Software Shadow Copy Provider,Status: stopped,,,,,,False,example_files\original\C\Windows\System32\winevt\logs\System.evtx,"Audit success, classic",0,"{""EventData"":{""Data"":[{""@Name"":""param1"",""#text"":""Microsoft Software Shadow Copy Provider""},{""@Name"":""param2"",""#text"":""stopped""}],""Binary"":""73-00-77-00-70-00-72-00-76-00-2F-00-31-00-00-00""}}"
745,745,2025-02-04 03:36:29.0000000,1111,Error,Microsoft-Windows-TerminalServices-Printers,System,0,0,WIN-TFHMB3RRSQV,5,,,,,,,,,,,,False,example_files\original\C\Windows\System32\winevt\logs\System.evtx,0x80000000000000,0,"{""EventData"":{""Data"":""Microsoft Print To PDF, Microsoft Print to PDF"",""Binary"":""00-00-00-00-A7-0E-00-00""}}"
746,746,2025-02-04 03:37:45.7826685,7036,Info,Service Control Manager,System,448,2172,WIN-TFHMB3RRSQV,5,,Service started or stopped,,,Name: Multimedia Class Scheduler | Multimedia Class Scheduler,Status: running,,,,,,False,example_files\original\C\Windows\System32\winevt\logs\System.evtx,"Audit success, classic",0,"{""EventData"":{""Data"":[{""@Name"":""param1"",""#text"":""Multimedia Class Scheduler""},{""@Name"":""param2"",""#text"":""running""}],""Binary"":""4D-00-4D-00-43-00-53-00-53-00-2F-00-34-00-00-00""}}"
747,747,2025-02-04 03:38:52.8975884,7036,Info,Service Control Manager,System,448,2172,WIN-TFHMB3RRSQV,5,,Service started or stopped,,,Name: Windows Installer | Windows Installer,Status: stopped,,,,,,False,example_files\original\C\Windows\System32\winevt\logs\System.evtx,"Audit success, classic",0,"{""EventData"":{""Data"":[{""@Name"":""param1"",""#text"":""Windows Installer""},{""@Name"":""param2"",""#text"":""stopped""}],""Binary"":""6D-00-73-00-69-00-73-00-65-00-72-00-76-00-65-00-72-00-2F-00-31-00-00-00""}}"
748,748,2025-02-04 03:38:56.8127963,20003,Info,Microsoft-Windows-UserPnp,System,1724,2440,WIN-TFHMB3RRSQV,5,S-1-5-18,Service installation,,,ServiceName: USBSTOR,AddServiceStatus: Unknown code (0),,UpdateService: True,PrimaryService: True,DeviceInstanceID: USB\VID_048D&amp;PID_1234\4338531081087774140,system32\DRIVERS\USBSTOR.SYS,False,example_files\original\C\Windows\System32\winevt\logs\System.evtx,Classic,0,"{""UserData"":{""AddServiceID"":{""ServiceName"":""USBSTOR"",""DriverFileName"":""system32\\DRIVERS\\USBSTOR.SYS"",""DeviceInstanceID"":""USB\\VID_048D&amp;PID_1234\\4338531081087774140"",""PrimaryService"":""True"",""UpdateService"":""True"",""AddServiceStatus"":""0""}}}"
749,749,2025-02-04 03:38:56.9227965,20001,Info,Microsoft-Windows-UserPnp,System,1724,2440,WIN-TFHMB3RRSQV,5,S-1-5-18,Device installation,,,DriverDescription: USB Mass Storage Device,InstallStatus: Installation Successful,IsDriverOEM: False,UpgradeDevice: False,RebootOption: False,DeviceInstanceID: USB\VID_048D&amp;PID_1234\4338531081087774140,FileRepository\usbstor.inf_amd64_neutral_0725c2806a159a9d\usbstor.inf,False,example_files\original\C\Windows\System32\winevt\logs\System.evtx,Classic,0,"{""UserData"":{""InstallDeviceID"":{""DriverName"":""FileRepository\\usbstor.inf_amd64_neutral_0725c2806a159a9d\\usbstor.inf"",""DriverVersion"":""6.1.7601.17514"",""DriverProvider"":""Microsoft"",""DeviceInstanceID"":""USB\\VID_048D&amp;PID_1234\\4338531081087774140"",""SetupClass"":""36fc9e60-c465-11cf-8056-444553540000"",""RebootOption"":""False"",""UpgradeDevice"":""False"",""IsDriverOEM"":""False"",""InstallStatus"":""0x0"",""DriverDescription"":""USB Mass Storage Device""}}}"
750,750,2025-02-04 03:38:58.0000000,24576,Info,Microsoft-Windows-WPDClassInstaller,System,0,0,WIN-TFHMB3RRSQV,5,,,,,,,,,,,,False,example_files\original\C\Windows\System32\winevt\logs\System.evtx,0x80000000000000,0,"{""EventData"":{""Data"":"""",""Binary"":""""}}"
751,751,2025-02-04 03:38:58.0000000,24577,Info,Microsoft-Windows-WPDClassInstaller,System,0,0,WIN-TFHMB3RRSQV,5,,,,,,,,,,,,False,example_files\original\C\Windows\System32\winevt\logs\System.evtx,0x80000000000000,0,"{""EventData"":{""Data"":""0x00000002, 0x00000002"",""Binary"":""""}}"
752,752,2025-02-04 03:38:58.0000000,24579,Info,Microsoft-Windows-WPDClassInstaller,System,0,0,WIN-TFHMB3RRSQV,5,,,,,,,,,,,,False,example_files\original\C\Windows\System32\winevt\logs\System.evtx,0x80000000000000,0,"{""EventData"":{""Data"":"""",""Binary"":""""}}"
753,753,2025-02-04 03:38:57.1327968,20003,Info,Microsoft-Windows-UserPnp,System,2628,2880,WIN-TFHMB3RRSQV,5,S-1-5-18,Service installation,,,ServiceName: disk,AddServiceStatus: Unknown code (0),,UpdateService: True,PrimaryService: True,DeviceInstanceID: USBSTOR\DISK&amp;VEN_VENDORCO&amp;PROD_PRODUCTCODE&amp;REV_2.00\4338531081087774140&amp;0,system32\DRIVERS\disk.sys,False,example_files\original\C\Windows\System32\winevt\logs\System.evtx,Classic,0,"{""UserData"":{""AddServiceID"":{""ServiceName"":""disk"",""DriverFileName"":""system32\\DRIVERS\\disk.sys"",""DeviceInstanceID"":""USBSTOR\\DISK&amp;VEN_VENDORCO&amp;PROD_PRODUCTCODE&amp;REV_2.00\\4338531081087774140&amp;0"",""PrimaryService"":""True"",""UpdateService"":""True"",""AddServiceStatus"":""0""}}}"
754,754,2025-02-04 03:38:57.2383969,20001,Info,Microsoft-Windows-UserPnp,System,2628,2880,WIN-TFHMB3RRSQV,5,S-1-5-18,Device installation,,,DriverDescription: Disk drive,InstallStatus: Installation Successful,IsDriverOEM: False,UpgradeDevice: False,RebootOption: False,DeviceInstanceID: USBSTOR\DISK&amp;VEN_VENDORCO&amp;PROD_PRODUCTCODE&amp;REV_2.00\4338531081087774140&amp;0,FileRepository\disk.inf_amd64_neutral_10ce25bbc5a9cc43\disk.inf,False,example_files\original\C\Windows\System32\winevt\logs\System.evtx,Classic,0,"{""UserData"":{""InstallDeviceID"":{""DriverName"":""FileRepository\\disk.inf_amd64_neutral_10ce25bbc5a9cc43\\disk.inf"",""DriverVersion"":""6.1.7600.16385"",""DriverProvider"":""Microsoft"",""DeviceInstanceID"":""USBSTOR\\DISK&amp;VEN_VENDORCO&amp;PROD_PRODUCTCODE&amp;REV_2.00\\4338531081087774140&amp;0"",""SetupClass"":""4d36e967-e325-11ce-bfc1-08002be10318"",""RebootOption"":""False"",""UpgradeDevice"":""False"",""IsDriverOEM"":""False"",""InstallStatus"":""0x0"",""DriverDescription"":""Disk drive""}}}"
755,755,2025-02-04 03:38:57.4255973,20003,Info,Microsoft-Windows-UserPnp,System,2972,2072,WIN-TFHMB3RRSQV,5,S-1-5-18,Service installation,,,ServiceName: volsnap,AddServiceStatus: Unknown code (0),,UpdateService: True,PrimaryService: True,DeviceInstanceID: STORAGE\VOLUME\_??_USBSTOR#DISK&amp;VEN_VENDORCO&amp;PROD_PRODUCTCODE&amp;REV_2.00#4338531081087774140&amp;0#{53F56307-B6BF-11D0-94F2-00A0C91EFB8B},system32\DRIVERS\volsnap.sys,False,example_files\original\C\Windows\System32\winevt\logs\System.evtx,Classic,0,"{""UserData"":{""AddServiceID"":{""ServiceName"":""volsnap"",""DriverFileName"":""system32\\DRIVERS\\volsnap.sys"",""DeviceInstanceID"":""STORAGE\\VOLUME\\_??_USBSTOR#DISK&amp;VEN_VENDORCO&amp;PROD_PRODUCTCODE&amp;REV_2.00#4338531081087774140&amp;0#{53F56307-B6BF-11D0-94F2-00A0C91EFB8B}"",""PrimaryService"":""True"",""UpdateService"":""True"",""AddServiceStatus"":""0""}}}"
756,756,2025-02-04 03:38:57.5191974,20001,Info,Microsoft-Windows-UserPnp,System,2972,2072,WIN-TFHMB3RRSQV,5,S-1-5-18,Device installation,,,DriverDescription: Generic volume,InstallStatus: Installation Successful,IsDriverOEM: False,UpgradeDevice: False,RebootOption: False,DeviceInstanceID: STORAGE\VOLUME\_??_USBSTOR#DISK&amp;VEN_VENDORCO&amp;PROD_PRODUCTCODE&amp;REV_2.00#4338531081087774140&amp;0#{53F56307-B6BF-11D0-94F2-00A0C91EFB8B},FileRepository\volume.inf_amd64_neutral_df8bea40ac96ca21\volume.inf,False,example_files\original\C\Windows\System32\winevt\logs\System.evtx,Classic,0,"{""UserData"":{""InstallDeviceID"":{""DriverName"":""FileRepository\\volume.inf_amd64_neutral_df8bea40ac96ca21\\volume.inf"",""DriverVersion"":""6.1.7601.17514"",""DriverProvider"":""Microsoft"",""DeviceInstanceID"":""STORAGE\\VOLUME\\_??_USBSTOR#DISK&amp;VEN_VENDORCO&amp;PROD_PRODUCTCODE&amp;REV_2.00#4338531081087774140&amp;0#{53F56307-B6BF-11D0-94F2-00A0C91EFB8B}"",""SetupClass"":""71a27cdd-812a-11d0-bec7-08002be2092f"",""RebootOption"":""False"",""UpgradeDevice"":""False"",""IsDriverOEM"":""False"",""InstallStatus"":""0x0"",""DriverDescription"":""Generic volume""}}}"
757,757,2025-02-04 03:38:58.0963984,7036,Info,Service Control Manager,System,448,2172,WIN-TFHMB3RRSQV,5,,Service started or stopped,,,Name: Portable Device Enumerator Service | Portable Device Enumerator Service,Status: running,,,,,,False,example_files\original\C\Windows\System32\winevt\logs\System.evtx,"Audit success, classic",0,"{""EventData"":{""Data"":[{""@Name"":""param1"",""#text"":""Portable Device Enumerator Service""},{""@Name"":""param2"",""#text"":""running""}],""Binary"":""57-00-50-00-44-00-42-00-75-00-73-00-45-00-6E-00-75-00-6D-00-2F-00-34-00-00-00""}}"
758,758,2025-02-04 03:38:58.2679987,10000,Info,Microsoft-Windows-DriverFrameworks-UserMode,System,2336,1092,WIN-TFHMB3RRSQV,5,S-1-5-18,Device driver installations begins (Device connection),,,DeviceId: WPDBUSENUMROOT\UMB\2&amp;37C186B&amp;0&amp;STORAGE#VOLUME#_??_USBSTOR#DISK&amp;VEN_VENDORCO&amp;PROD_PRODUCTCODE&amp;REV_2.00#4338531081087774140&amp;0#,,,,,,,False,example_files\original\C\Windows\System32\winevt\logs\System.evtx,0x2000000000000000,0,"{""UserData"":{""UMDFDeviceInstallBegin"":{""@version"":""1.9.0"",""DeviceId"":""WPDBUSENUMROOT\\UMB\\2&amp;37C186B&amp;0&amp;STORAGE#VOLUME#_??_USBSTOR#DISK&amp;VEN_VENDORCO&amp;PROD_PRODUCTCODE&amp;REV_2.00#4338531081087774140&amp;0#""}}}"
759,759,2025-02-04 03:38:58.2835988,10002,Info,Microsoft-Windows-DriverFrameworks-UserMode,System,2336,1092,WIN-TFHMB3RRSQV,5,S-1-5-18,,,,,,,,,,,False,example_files\original\C\Windows\System32\winevt\logs\System.evtx,0x2000000000000000,0,"{""UserData"":{""UMDFServiceInstall"":{""@upgrade"":""True"",""Service"":{""@clsid"":""112de495-ac4c-46f8-b663-6a4266c53313"",""@name"":""WpdFs""},""MinimumFxVersion"":""1.9.0""}}}"
760,760,2025-02-04 03:38:58.2991988,10100,Info,Microsoft-Windows-DriverFrameworks-UserMode,System,2336,1092,WIN-TFHMB3RRSQV,5,S-1-5-18,,,,,,,,,,,False,example_files\original\C\Windows\System32\winevt\logs\System.evtx,0x2000000000000000,0,"{""UserData"":{""UMDFDeviceInstallEnd"":{""FinalStatus"":""0""}}}"
761,761,2025-02-04 03:38:58.3147988,20003,Info,Microsoft-Windows-UserPnp,System,2336,1092,WIN-TFHMB3RRSQV,5,S-1-5-18,Service installation,,,ServiceName: WUDFRd,AddServiceStatus: Unknown code (0),,UpdateService: True,PrimaryService: True,DeviceInstanceID: WPDBUSENUMROOT\UMB\2&amp;37C186B&amp;0&amp;STORAGE#VOLUME#_??_USBSTOR#DISK&amp;VEN_VENDORCO&amp;PROD_PRODUCTCODE&amp;REV_2.00#4338531081087774140&amp;0#,system32\DRIVERS\WUDFRd.sys,False,example_files\original\C\Windows\System32\winevt\logs\System.evtx,Classic,0,"{""UserData"":{""AddServiceID"":{""ServiceName"":""WUDFRd"",""DriverFileName"":""system32\\DRIVERS\\WUDFRd.sys"",""DeviceInstanceID"":""WPDBUSENUMROOT\\UMB\\2&amp;37C186B&amp;0&amp;STORAGE#VOLUME#_??_USBSTOR#DISK&amp;VEN_VENDORCO&amp;PROD_PRODUCTCODE&amp;REV_2.00#4338531081087774140&amp;0#"",""PrimaryService"":""True"",""UpdateService"":""True"",""AddServiceStatus"":""0""}}}"
762,762,2025-02-04 03:38:58.5487992,20001,Info,Microsoft-Windows-UserPnp,System,2336,1092,WIN-TFHMB3RRSQV,5,S-1-5-18,Device installation,,,DriverDescription: WPD FileSystem Volume Driver,InstallStatus: Installation Successful,IsDriverOEM: False,UpgradeDevice: False,RebootOption: False,DeviceInstanceID: WPDBUSENUMROOT\UMB\2&amp;37C186B&amp;0&amp;STORAGE#VOLUME#_??_USBSTOR#DISK&amp;VEN_VENDORCO&amp;PROD_PRODUCTCODE&amp;REV_2.00#4338531081087774140&amp;0#,FileRepository\wpdfs.inf_amd64_neutral_fc4ebadff3a40ae4\wpdfs.inf,False,example_files\original\C\Windows\System32\winevt\logs\System.evtx,Classic,0,"{""UserData"":{""InstallDeviceID"":{""DriverName"":""FileRepository\\wpdfs.inf_amd64_neutral_fc4ebadff3a40ae4\\wpdfs.inf"",""DriverVersion"":""6.1.7600.16385"",""DriverProvider"":""Microsoft"",""DeviceInstanceID"":""WPDBUSENUMROOT\\UMB\\2&amp;37C186B&amp;0&amp;STORAGE#VOLUME#_??_USBSTOR#DISK&amp;VEN_VENDORCO&amp;PROD_PRODUCTCODE&amp;REV_2.00#4338531081087774140&amp;0#"",""SetupClass"":""eec5ad98-8080-425f-922a-dabf3de3f69a"",""RebootOption"":""False"",""UpgradeDevice"":""False"",""IsDriverOEM"":""False"",""InstallStatus"":""0x0"",""DriverDescription"":""WPD FileSystem Volume Driver""}}}"
763,763,2025-02-04 03:39:47.3768850,7045,Info,Service Control Manager,System,448,2172,WIN-TFHMB3RRSQV,5,S-1-5-21-2927126382-3537124110-2073285158-1000,A new service was installed in the system,,,Name: AccessData Driver,StartType: demand start,"Account: ",,,,C:\Users\student\AppData\Local\Temp\ad_driver.sys,False,example_files\original\C\Windows\System32\winevt\logs\System.evtx,"Audit success, classic",0,"{""EventData"":{""Data"":[{""@Name"":""ServiceName"",""#text"":""AccessData Driver""},{""@Name"":""ImagePath"",""#text"":""C:\\Users\\student\\AppData\\Local\\Temp\\ad_driver.sys""},{""@Name"":""ServiceType"",""#text"":""kernel mode driver""},{""@Name"":""StartType"",""#text"":""demand start""},{""@Name"":""AccountName""}]}}"
764,764,2025-02-04 03:40:19.3009414,7045,Info,Service Control Manager,System,448,2172,WIN-TFHMB3RRSQV,5,S-1-5-21-2927126382-3537124110-2073285158-1000,A new service was installed in the system,,,Name: MagnetRAMCapture Driver,StartType: demand start,"Account: ",,,,C:\Users\student\Desktop\tools\MRC3C83.tmp,False,example_files\original\C\Windows\System32\winevt\logs\System.evtx,"Audit success, classic",0,"{""EventData"":{""Data"":[{""@Name"":""ServiceName"",""#text"":""MagnetRAMCapture Driver""},{""@Name"":""ImagePath"",""#text"":""C:\\Users\\student\\Desktop\\tools\\MRC3C83.tmp""},{""@Name"":""ServiceType"",""#text"":""kernel mode driver""},{""@Name"":""StartType"",""#text"":""demand start""},{""@Name"":""AccountName""}]}}"
765,765,2025-02-04 03:45:16.1076643,7036,Info,Service Control Manager,System,448,2344,WIN-TFHMB3RRSQV,5,,Service started or stopped,,,Name: Windows Error Reporting Service | Windows Error Reporting Service,Status: running,,,,,,False,example_files\original\C\Windows\System32\winevt\logs\System.evtx,"Audit success, classic",0,"{""EventData"":{""Data"":[{""@Name"":""param1"",""#text"":""Windows Error Reporting Service""},{""@Name"":""param2"",""#text"":""running""}],""Binary"":""57-00-65-00-72-00-53-00-76-00-63-00-2F-00-34-00-00-00""}}"
766,766,2025-02-04 03:47:03.3590552,7036,Info,Service Control Manager,System,448,1652,WIN-TFHMB3RRSQV,5,,Service started or stopped,,,Name: WinHTTP Web Proxy Auto-Discovery Service | WinHTTP Web Proxy Auto-Discovery Service,Status: stopped,,,,,,False,example_files\original\C\Windows\System32\winevt\logs\System.evtx,"Audit success, classic",0,"{""EventData"":{""Data"":[{""@Name"":""param1"",""#text"":""WinHTTP Web Proxy Auto-Discovery Service""},{""@Name"":""param2"",""#text"":""stopped""}],""Binary"":""57-00-69-00-6E-00-48-00-74-00-74-00-70-00-41-00-75-00-74-00-6F-00-50-00-72-00-6F-00-78-00-79-00-53-00-76-00-63-00-2F-00-31-00-00-00""}}"
767,767,2025-02-04 03:47:16.1354776,7036,Info,Service Control Manager,System,448,1652,WIN-TFHMB3RRSQV,5,,Service started or stopped,,,Name: Windows Error Reporting Service | Windows Error Reporting Service,Status: stopped,,,,,,False,example_files\original\C\Windows\System32\winevt\logs\System.evtx,"Audit success, classic",0,"{""EventData"":{""Data"":[{""@Name"":""param1"",""#text"":""Windows Error Reporting Service""},{""@Name"":""param2"",""#text"":""stopped""}],""Binary"":""57-00-65-00-72-00-53-00-76-00-63-00-2F-00-31-00-00-00""}}"
768,768,2025-02-04 03:47:30.1227023,7036,Info,Service Control Manager,System,448,1652,WIN-TFHMB3RRSQV,5,,Service started or stopped,,,Name: Windows Error Reporting Service | Windows Error Reporting Service,Status: running,,,,,,False,example_files\original\C\Windows\System32\winevt\logs\System.evtx,"Audit success, classic",0,"{""EventData"":{""Data"":[{""@Name"":""param1"",""#text"":""Windows Error Reporting Service""},{""@Name"":""param2"",""#text"":""running""}],""Binary"":""57-00-65-00-72-00-53-00-76-00-63-00-2F-00-34-00-00-00""}}"
769,769,2025-02-04 03:49:30.1493131,7036,Info,Service Control Manager,System,448,652,WIN-TFHMB3RRSQV,5,,Service started or stopped,,,Name: Windows Error Reporting Service | Windows Error Reporting Service,Status: stopped,,,,,,False,example_files\original\C\Windows\System32\winevt\logs\System.evtx,"Audit success, classic",0,"{""EventData"":{""Data"":[{""@Name"":""param1"",""#text"":""Windows Error Reporting Service""},{""@Name"":""param2"",""#text"":""stopped""}],""Binary"":""57-00-65-00-72-00-53-00-76-00-63-00-2F-00-31-00-00-00""}}"
770,770,2025-02-04 03:50:28.7628182,7036,Info,Service Control Manager,System,448,652,WIN-TFHMB3RRSQV,5,,Service started or stopped,,,Name: Application Experience | Application Experience,Status: stopped,,,,,,False,example_files\original\C\Windows\System32\winevt\logs\System.evtx,"Audit success, classic",0,"{""EventData"":{""Data"":[{""@Name"":""param1"",""#text"":""Application Experience""},{""@Name"":""param2"",""#text"":""stopped""}],""Binary"":""41-00-65-00-4C-00-6F-00-6F-00-6B-00-75-00-70-00-53-00-76-00-63-00-2F-00-31-00-00-00""}}"
771,771,2025-02-04 03:50:31.2432225,7036,Info,Service Control Manager,System,448,1892,WIN-TFHMB3RRSQV,5,,Service started or stopped,,,Name: SPP Notification Service | SPP Notification Service,Status: running,,,,,,False,example_files\original\C\Windows\System32\winevt\logs\System.evtx,"Audit success, classic",0,"{""EventData"":{""Data"":[{""@Name"":""param1"",""#text"":""SPP Notification Service""},{""@Name"":""param2"",""#text"":""running""}],""Binary"":""73-00-70-00-70-00-75-00-69-00-6E-00-6F-00-74-00-69-00-66-00-79-00-2F-00-34-00-00-00""}}"
772,772,2025-02-04 03:53:42.0921644,7036,Info,Service Control Manager,System,448,652,WIN-TFHMB3RRSQV,5,,Service started or stopped,,,Name: Application Experience | Application Experience,Status: running,,,,,,False,example_files\original\C\Windows\System32\winevt\logs\System.evtx,"Audit success, classic",0,"{""EventData"":{""Data"":[{""@Name"":""param1"",""#text"":""Application Experience""},{""@Name"":""param2"",""#text"":""running""}],""Binary"":""41-00-65-00-4C-00-6F-00-6F-00-6B-00-75-00-70-00-53-00-76-00-63-00-2F-00-34-00-00-00""}}"
773,773,2025-02-04 03:54:19.9810358,36887,Error,Schannel,System,464,1072,WIN-TFHMB3RRSQV,5,S-1-5-18,,,,,,,,,,,False,example_files\original\C\Windows\System32\winevt\logs\System.evtx,Classic,0,"{""EventData"":{""Data"":{""@Name"":""AlertDesc"",""#text"":""70""}}}"
774,774,2025-02-04 03:54:20.6206370,36887,Error,Schannel,System,464,1072,WIN-TFHMB3RRSQV,5,S-1-5-18,,,,,,,,,,,False,example_files\original\C\Windows\System32\winevt\logs\System.evtx,Classic,0,"{""EventData"":{""Data"":{""@Name"":""AlertDesc"",""#text"":""70""}}}"
775,775,2025-02-04 03:54:21.2446381,36887,Error,Schannel,System,464,1072,WIN-TFHMB3RRSQV,5,S-1-5-18,,,,,,,,,,,False,example_files\original\C\Windows\System32\winevt\logs\System.evtx,Classic,0,"{""EventData"":{""Data"":{""@Name"":""AlertDesc"",""#text"":""40""}}}"
776,776,2025-02-04 03:55:39.6759772,7036,Info,Service Control Manager,System,448,652,WIN-TFHMB3RRSQV,5,,Service started or stopped,,,Name: Microsoft .NET Framework NGEN v2.0.50727_X86 | Microsoft .NET Framework NGEN v2.0.50727_X86,Status: stopped,,,,,,False,example_files\original\C\Windows\System32\winevt\logs\System.evtx,"Audit success, classic",0,"{""EventData"":{""Data"":[{""@Name"":""param1"",""#text"":""Microsoft .NET Framework NGEN v2.0.50727_X86""},{""@Name"":""param2"",""#text"":""stopped""}],""Binary"":""63-00-6C-00-72-00-5F-00-6F-00-70-00-74-00-69-00-6D-00-69-00-7A-00-61-00-74-00-69-00-6F-00-6E-00-5F-00-76-00-32-00-2E-00-30-00-2E-00-35-00-30-00-37-00-32-00-37-00-5F-00-33-00-32-00-2F-00-31-00-00-00""}}"
777,777,2025-02-04 03:55:40.7055790,7036,Info,Service Control Manager,System,448,2728,WIN-TFHMB3RRSQV,5,,Service started or stopped,,,Name: Microsoft .NET Framework NGEN v2.0.50727_X64 | Microsoft .NET Framework NGEN v2.0.50727_X64,Status: stopped,,,,,,False,example_files\original\C\Windows\System32\winevt\logs\System.evtx,"Audit success, classic",0,"{""EventData"":{""Data"":[{""@Name"":""param1"",""#text"":""Microsoft .NET Framework NGEN v2.0.50727_X64""},{""@Name"":""param2"",""#text"":""stopped""}],""Binary"":""63-00-6C-00-72-00-5F-00-6F-00-70-00-74-00-69-00-6D-00-69-00-7A-00-61-00-74-00-69-00-6F-00-6E-00-5F-00-76-00-32-00-2E-00-30-00-2E-00-35-00-30-00-37-00-32-00-37-00-5F-00-36-00-34-00-2F-00-31-00-00-00""}}"
778,778,2025-02-04 03:55:41.8599810,7036,Info,Service Control Manager,System,448,2728,WIN-TFHMB3RRSQV,5,,Service started or stopped,,,Name: Windows Installer | Windows Installer,Status: running,,,,,,False,example_files\original\C\Windows\System32\winevt\logs\System.evtx,"Audit success, classic",0,"{""EventData"":{""Data"":[{""@Name"":""param1"",""#text"":""Windows Installer""},{""@Name"":""param2"",""#text"":""running""}],""Binary"":""6D-00-73-00-69-00-73-00-65-00-72-00-76-00-65-00-72-00-2F-00-34-00-00-00""}}"
779,779,2025-02-04 03:55:44.6055859,27,Info,Microsoft-Windows-WindowsUpdateClient,System,848,2800,WIN-TFHMB3RRSQV,5,S-1-5-18,,,,,,,,,,,False,example_files\original\C\Windows\System32\winevt\logs\System.evtx,State,0,"{""EventData"":""""}"
780,780,2025-02-04 03:55:56.6332070,7040,Info,Service Control Manager,System,448,2728,WIN-TFHMB3RRSQV,5,S-1-5-21-2927126382-3537124110-2073285158-1000,Start type of a service has changed,,,The start type of the Microsoft .NET Framework NGEN v2.0.50727_X64 was changed from auto start to disabled,,,,,,clr_optimization_v2.0.50727_64,False,example_files\original\C\Windows\System32\winevt\logs\System.evtx,"Audit success, classic",0,"{""EventData"":{""Data"":[{""@Name"":""param1"",""#text"":""Microsoft .NET Framework NGEN v2.0.50727_X64""},{""@Name"":""param2"",""#text"":""auto start""},{""@Name"":""param3"",""#text"":""disabled""},{""@Name"":""param4"",""#text"":""clr_optimization_v2.0.50727_64""}]}}"
781,781,2025-02-04 03:55:56.6488070,7040,Info,Service Control Manager,System,448,2728,WIN-TFHMB3RRSQV,5,S-1-5-21-2927126382-3537124110-2073285158-1000,Start type of a service has changed,,,The start type of the Microsoft .NET Framework NGEN v2.0.50727_X86 was changed from auto start to disabled,,,,,,clr_optimization_v2.0.50727_32,False,example_files\original\C\Windows\System32\winevt\logs\System.evtx,"Audit success, classic",0,"{""EventData"":{""Data"":[{""@Name"":""param1"",""#text"":""Microsoft .NET Framework NGEN v2.0.50727_X86""},{""@Name"":""param2"",""#text"":""auto start""},{""@Name"":""param3"",""#text"":""disabled""},{""@Name"":""param4"",""#text"":""clr_optimization_v2.0.50727_32""}]}}"
782,782,2025-02-04 03:56:09.6904299,7045,Info,Service Control Manager,System,448,2508,WIN-TFHMB3RRSQV,5,S-1-5-18,A new service was installed in the system,,,Name: Net.Tcp Listener Adapter,StartType: disabled,Account: NT AUTHORITY\LocalService,,,,C:\Windows\Microsoft.NET\Framework64\v4.0.30319\SMSvcHost.exe,False,example_files\original\C\Windows\System32\winevt\logs\System.evtx,"Audit success, classic",0,"{""EventData"":{""Data"":[{""@Name"":""ServiceName"",""#text"":""Net.Tcp Listener Adapter""},{""@Name"":""ImagePath"",""#text"":""C:\\Windows\\Microsoft.NET\\Framework64\\v4.0.30319\\SMSvcHost.exe""},{""@Name"":""ServiceType"",""#text"":""user mode service""},{""@Name"":""StartType"",""#text"":""disabled""},{""@Name"":""AccountName"",""#text"":""NT AUTHORITY\\LocalService""}]}}"
783,783,2025-02-04 03:56:09.7684301,7045,Info,Service Control Manager,System,448,2508,WIN-TFHMB3RRSQV,5,S-1-5-18,A new service was installed in the system,,,Name: Net.Pipe Listener Adapter,StartType: disabled,Account: NT AUTHORITY\LocalService,,,,C:\Windows\Microsoft.NET\Framework64\v4.0.30319\SMSvcHost.exe,False,example_files\original\C\Windows\System32\winevt\logs\System.evtx,"Audit success, classic",0,"{""EventData"":{""Data"":[{""@Name"":""ServiceName"",""#text"":""Net.Pipe Listener Adapter""},{""@Name"":""ImagePath"",""#text"":""C:\\Windows\\Microsoft.NET\\Framework64\\v4.0.30319\\SMSvcHost.exe""},{""@Name"":""ServiceType"",""#text"":""user mode service""},{""@Name"":""StartType"",""#text"":""disabled""},{""@Name"":""AccountName"",""#text"":""NT AUTHORITY\\LocalService""}]}}"
784,784,2025-02-04 03:56:09.8308302,7045,Info,Service Control Manager,System,448,2508,WIN-TFHMB3RRSQV,5,S-1-5-18,A new service was installed in the system,,,Name: Net.Msmq Listener Adapter,StartType: disabled,Account: NT AUTHORITY\NetworkService,,,,"""C:\Windows\Microsoft.NET\Framework64\v4.0.30319\SMSvcHost.exe"" -NetMsmqActivator",False,example_files\original\C\Windows\System32\winevt\logs\System.evtx,"Audit success, classic",0,"{""EventData"":{""Data"":[{""@Name"":""ServiceName"",""#text"":""Net.Msmq Listener Adapter""},{""@Name"":""ImagePath"",""#text"":""\""C:\\Windows\\Microsoft.NET\\Framework64\\v4.0.30319\\SMSvcHost.exe\"" -NetMsmqActivator""},{""@Name"":""ServiceType"",""#text"":""user mode service""},{""@Name"":""StartType"",""#text"":""disabled""},{""@Name"":""AccountName"",""#text"":""NT AUTHORITY\\NetworkService""}]}}"
785,785,2025-02-04 03:56:11.6092333,7045,Info,Service Control Manager,System,448,2508,WIN-TFHMB3RRSQV,5,S-1-5-18,A new service was installed in the system,,,Name: Microsoft .NET Framework NGEN v4.0.30319_X86,StartType: auto start,Account: LocalSystem,,,,C:\Windows\Microsoft.NET\Framework\v4.0.30319\mscorsvw.exe,False,example_files\original\C\Windows\System32\winevt\logs\System.evtx,"Audit success, classic",0,"{""EventData"":{""Data"":[{""@Name"":""ServiceName"",""#text"":""Microsoft .NET Framework NGEN v4.0.30319_X86""},{""@Name"":""ImagePath"",""#text"":""C:\\Windows\\Microsoft.NET\\Framework\\v4.0.30319\\mscorsvw.exe""},{""@Name"":""ServiceType"",""#text"":""user mode service""},{""@Name"":""StartType"",""#text"":""auto start""},{""@Name"":""AccountName"",""#text"":""LocalSystem""}]}}"
786,786,2025-02-04 03:56:11.6248333,7045,Info,Service Control Manager,System,448,2508,WIN-TFHMB3RRSQV,5,S-1-5-18,A new service was installed in the system,,,Name: Microsoft .NET Framework NGEN v4.0.30319_X64,StartType: auto start,Account: LocalSystem,,,,C:\Windows\Microsoft.NET\Framework64\v4.0.30319\mscorsvw.exe,False,example_files\original\C\Windows\System32\winevt\logs\System.evtx,"Audit success, classic",0,"{""EventData"":{""Data"":[{""@Name"":""ServiceName"",""#text"":""Microsoft .NET Framework NGEN v4.0.30319_X64""},{""@Name"":""ImagePath"",""#text"":""C:\\Windows\\Microsoft.NET\\Framework64\\v4.0.30319\\mscorsvw.exe""},{""@Name"":""ServiceType"",""#text"":""user mode service""},{""@Name"":""StartType"",""#text"":""auto start""},{""@Name"":""AccountName"",""#text"":""LocalSystem""}]}}"
787,787,2025-02-04 03:56:13.0756359,7045,Info,Service Control Manager,System,448,2508,WIN-TFHMB3RRSQV,5,S-1-5-21-2927126382-3537124110-2073285158-1000,A new service was installed in the system,,,Name: ASP.NET State Service,StartType: disabled,Account: LocalSystem,,,,%SystemRoot%\Microsoft.NET\Framework64\v4.0.30319\aspnet_state.exe,False,example_files\original\C\Windows\System32\winevt\logs\System.evtx,"Audit success, classic",0,"{""EventData"":{""Data"":[{""@Name"":""ServiceName"",""#text"":""ASP.NET State Service""},{""@Name"":""ImagePath"",""#text"":""%SystemRoot%\\Microsoft.NET\\Framework64\\v4.0.30319\\aspnet_state.exe""},{""@Name"":""ServiceType"",""#text"":""user mode service""},{""@Name"":""StartType"",""#text"":""disabled""},{""@Name"":""AccountName"",""#text"":""LocalSystem""}]}}"
788,788,2025-02-04 03:56:28.4572629,7036,Info,Service Control Manager,System,448,2508,WIN-TFHMB3RRSQV,5,,Service started or stopped,,,Name: Microsoft .NET Framework NGEN v4.0.30319_X64 | Microsoft .NET Framework NGEN v4.0.30319_X64,Status: running,,,,,,False,example_files\original\C\Windows\System32\winevt\logs\System.evtx,"Audit success, classic",0,"{""EventData"":{""Data"":[{""@Name"":""param1"",""#text"":""Microsoft .NET Framework NGEN v4.0.30319_X64""},{""@Name"":""param2"",""#text"":""running""}],""Binary"":""63-00-6C-00-72-00-5F-00-6F-00-70-00-74-00-69-00-6D-00-69-00-7A-00-61-00-74-00-69-00-6F-00-6E-00-5F-00-76-00-34-00-2E-00-30-00-2E-00-33-00-30-00-33-00-31-00-39-00-5F-00-36-00-34-00-2F-00-34-00-00-00""}}"
789,789,2025-02-04 03:56:45.5080928,7036,Info,Service Control Manager,System,448,2728,WIN-TFHMB3RRSQV,5,,Service started or stopped,,,Name: Microsoft .NET Framework NGEN v4.0.30319_X86 | Microsoft .NET Framework NGEN v4.0.30319_X86,Status: running,,,,,,False,example_files\original\C\Windows\System32\winevt\logs\System.evtx,"Audit success, classic",0,"{""EventData"":{""Data"":[{""@Name"":""param1"",""#text"":""Microsoft .NET Framework NGEN v4.0.30319_X86""},{""@Name"":""param2"",""#text"":""running""}],""Binary"":""63-00-6C-00-72-00-5F-00-6F-00-70-00-74-00-69-00-6D-00-69-00-7A-00-61-00-74-00-69-00-6F-00-6E-00-5F-00-76-00-34-00-2E-00-30-00-2E-00-33-00-30-00-33-00-31-00-39-00-5F-00-33-00-32-00-2F-00-34-00-00-00""}}"
790,790,2025-02-04 03:57:12.9953411,7036,Info,Service Control Manager,System,448,2728,WIN-TFHMB3RRSQV,5,,Service started or stopped,,,Name: Windows Installer | Windows Installer,Status: stopped,,,,,,False,example_files\original\C\Windows\System32\winevt\logs\System.evtx,"Audit success, classic",0,"{""EventData"":{""Data"":[{""@Name"":""param1"",""#text"":""Windows Installer""},{""@Name"":""param2"",""#text"":""stopped""}],""Binary"":""6D-00-73-00-69-00-73-00-65-00-72-00-76-00-65-00-72-00-2F-00-31-00-00-00""}}"
