138,138,2025-02-04 19:10:16.0000000,1004,Info,Microsoft-Windows-Security-SPP,Application,0,0,37L4247F27-25,0,,,,,,,,,,,,False,example_files\original\C\Windows\System32\winevt\logs\Application.evtx,0x80000000000000,0,"{""EventData"":{""Data"":""Windows(R) 7 UL-PHN License (Private), 37c3f4df-ad15-4278-a6c2-b52d7b4a1cea"",""Binary"":""""}}"
139,139,2025-02-04 19:10:16.0000000,1004,Info,Microsoft-Windows-Security-SPP,Application,0,0,37L4247F27-25,0,,,,,,,,,,,,False,example_files\original\C\Windows\System32\winevt\logs\Application.evtx,0x80000000000000,0,"{""EventData"":{""Data"":""Windows(R) 7 Publishing License (Public), 5dd7d45d-e790-40cf-a9f3-3cb7f8f178f0"",""Binary"":""""}}"
140,140,2025-02-04 19:10:16.0000000,1004,Info,Microsoft-Windows-Security-SPP,Application,0,0,37L4247F27-25,0,,,,,,,,,,,,False,example_files\original\C\Windows\System32\winevt\logs\Application.evtx,0x80000000000000,0,"{""EventData"":{""Data"":""Windows(R) 7 Publishing License (Private), dc1de346-9b83-4640-895e-a7945ae7ea0f"",""Binary"":""""}}"
141,141,2025-02-04 19:10:16.0000000,1004,Info,Microsoft-Windows-Security-SPP,Application,0,0,37L4247F27-25,0,,,,,,,,,,,,False,example_files\original\C\Windows\System32\winevt\logs\Application.evtx,0x80000000000000,0,"{""EventData"":{""Data"":""Windows(R) 7 UL-OOB License (Public), f7db92ec-4b50-4c60-932a-d1509d8a0756"",""Binary"":""""}}"
142,142,2025-02-04 19:10:16.0000000,1004,Info,Microsoft-Windows-Security-SPP,Application,0,0,37L4247F27-25,0,,,,,,,,,,,,False,example_files\original\C\Windows\System32\winevt\logs\Application.evtx,0x80000000000000,0,"{""EventData"":{""Data"":""Windows(R) 7 UL-OOB License (Private), 78ebcfbd-b328-4423-9a66-2a3f1be82ed1"",""Binary"":""""}}"
143,143,2025-02-04 19:10:16.0000000,1004,Info,Microsoft-Windows-Security-SPP,Application,0,0,37L4247F27-25,0,,,,,,,,,,,,False,example_files\original\C\Windows\System32\winevt\logs\Application.evtx,0x80000000000000,0,"{""EventData"":{""Data"":""Windows(R) 7 UL-PHN License (Public), 15102dad-3060-41f6-a30d-3662ddaaa95c"",""Binary"":""""}}"
144,144,2025-02-04 19:10:16.0000000,1004,Info,Microsoft-Windows-Security-SPP,Application,0,0,37L4247F27-25,0,,,,,,,,,,,,False,example_files\original\C\Windows\System32\winevt\logs\Application.evtx,0x80000000000000,0,"{""EventData"":{""Data"":""Windows(R) 7 UL-PHN License (Private), b3981e60-7fd4-4303-a59a-9c10cddcb659"",""Binary"":""""}}"
145,145,2025-02-04 19:10:21.0000000,1016,Info,Microsoft-Windows-Security-SPP,Application,0,0,37L4247F27-25,0,,,,,,,,,,,,False,example_files\original\C\Windows\System32\winevt\logs\Application.evtx,0x80000000000000,0,"{""EventData"":{""Data"":""e838d943-63ed-4a0b-9fb1-47152908acc9, 1f1b9482-f4e7-6e74-f791-77a2547afe39"",""Binary"":""""}}"
146,146,2025-02-04 19:10:21.0000000,1025,Info,Microsoft-Windows-Security-SPP,Application,0,0,37L4247F27-25,0,,,,,,,,,,,,False,example_files\original\C\Windows\System32\winevt\logs\Application.evtx,0x80000000000000,0,"{""EventData"":{""Data"":""30, 5"",""Binary"":""""}}"
147,147,2025-02-04 19:10:21.0000000,1033,Info,Microsoft-Windows-Security-SPP,Application,0,0,37L4247F27-25,0,,,,,,,,,,,,False,example_files\original\C\Windows\System32\winevt\logs\Application.evtx,0x80000000000000,0,"{""EventData"":{""Data"":""(IIS-W3SVC-MaxConcurrentRequests) (Microsoft.Windows.Smc-Enabled) (Shell-InBoxGames-FreeCell-EnableGame) (Shell-InBoxGames-Hearts-EnableGame) (Shell-InBoxGames-Minesweeper-EnableGame) (Shell-InBoxGames-PurblePlace-EnableGame) (Shell-InBoxGames-Shanghai-EnableGame) (Shell-InBoxGames-Solitaire-EnableGame) (Shell-InBoxGames-SpiderSolitaire-EnableGame) (Shell-MultiplayerInboxGames-Backgammon-EnableGame) (Shell-MultiplayerInboxGames-Checkers-EnableGame) (Shell-MultiplayerInboxGames-Spades-EnableGame) (Shell-PremiumInBoxGames-Chess-EnableGame) (Telnet-Client-EnableTelnetClient) (Telnet-Server-EnableTelnetServer) (TiffIFilterLicensing-EnableTiffIFilter) , 55c92734-d682-4d71-983e-d6ec3f16059f, e838d943-63ed-4a0b-9fb1-47152908acc9"",""Binary"":""""}}"
148,148,2025-02-04 19:10:21.0000000,1003,Info,Microsoft-Windows-Security-SPP,Application,0,0,37L4247F27-25,1,,,,,,,,,,,,False,example_files\original\C\Windows\System32\winevt\logs\Application.evtx,0x80000000000000,0,"{""EventData"":{""Data"":""55c92734-d682-4d71-983e-d6ec3f16059f, \n1: 4de78642-0f7f-4b61-9392-8add86d70ae8, 1, 0 [(0 [0xC004F014, 0, 0], [(?)(?)(?)(?)(?)(?)])(1 )(2 )]\n2: 50e329f7-a5fa-46b2-85fd-f224e5da7764, 1, 0 [(0 [0xC004F014, 0, 0], [(?)(?)(?)(?)(?)(?)])(1 )(2 )]\n3: 5a79ecd8-d33f-406c-a619-7785899b5d59, 1, 0 [(0 [0xC004F014, 0, 0], [(?)(?)(?)(?)(?)(?)])(1 )(2 )]\n4: 770bc271-8dc1-467d-b574-73cbacbeccd1, 1, 0 [(0 [0xC004F014, 0, 0], [(?)(?)(?)(?)(?)(?)])(1 )(2 )]\n5: 90a61a0d-0b76-4bf1-a8b8-89061855a4c9, 1, 0 [(0 [0xC004F014, 0, 0], [(?)(?)(?)(?)(?)(?)])(1 )(2 )]\n6: 92f9d22a-65f5-49a7-90fe-06491b4fc379, 1, 0 [(0 [0xC004F014, 0, 0], [(?)(?)(?)(?)(?)(?)])(1 )(2 )]\n7: 9abf5984-9c16-46f2-ad1e-7fe15931a8dd, 1, 0 [(0 [0xC004F014, 0, 0], [(?)(?)(?)(?)(?)(?)])(1 )(2 )]\n8: 9ccffaf9-86a2-414e-b031-b2f777720e90, 1, 0 [(0 [0xC004F014, 0, 0], [(?)(?)(?)(?)(?)(?)])(1 )(2 )]\n9: b92e9980-b9d5-4821-9c94-140f632f6312, 1, 0 [(0 [0xC004F014, 0, 0], [(?)(?)(?)(?)(?)(?)])(1 )(2 )]\n10: c1027486-8ae8-4633-9cf9-9658ed80504d, 1, 0 [(0 [0xC004F014, 0, 0], [(?)(?)(?)(?)(?)(?)])(1 )(2 )]\n11: c1e88de3-96c4-4563-ad7d-775f65b1e670, 1, 0 [(0 [0xC004F014, 0, 0], [(?)(?)(?)(?)(?)(?)])(1 )(2 )]\n12: c33001fc-5e9c-4f27-8c05-e0154adb0db4, 1, 0 [(0 [0xC004F014, 0, 0], [(?)(?)(?)(?)(?)(?)])(1 )(2 )]\n13: cf3c5b35-35ff-4c95-9bbd-a188e47ad14c, 1, 0 [(0 [0xC004F014, 0, 0], [(?)(?)(?)(?)(?)(?)])(1 )(2 )]\n14: cff07cac-7534-4cc3-b3f3-99e1a0aa3c20, 1, 0 [(0 [0xC004F014, 0, 0], [(?)(?)(?)(?)(?)(?)])(1 )(2 )]\n15: d188820a-cb63-4bad-a9a2-40b843ee23b7, 1, 0 [(0 [0xC004F014, 0, 0], [(?)(?)(?)(?)(?)(?)])(1 )(2 )]\n16: d8e04254-f9a5-4729-ae86-886de6aa907c, 1, 0 [(0 [0xC004F014, 0, 0], [(?)(?)(?)(?)(?)(?)])(1 )(2 )]\n17: da22eadd-46dc-4056-a287-f5041c852470, 1, 0 [(0 [0xC004F014, 0, 0], [(?)(?)(?)(?)(?)(?)])(1 )(2 )]\n18: e120e868-3df2-464a-95a0-b52fa5ada4bf, 1, 0 [(0 [0xC004F014, 0, 0], [(?)(?)(?)(?)(?)(?)])(1 )(2 )]\n19: e838d943-63ed-4a0b-9fb1-47152908acc9, 1, 0 [(0 )(1 )(2 [0x00000000, 0, 1], [(?)( 5 0x00000000 30 43200)( 1 0x00000000 0 0 msft:rm/algorithm/flags/1.0 0x00000000 0)(?)(?)(?)])]\n20: 4a8149bb-7d61-49f4-8822-82c7bf88d64b, 1, 0 [(0 [0xC004F014, 0, 0], [(?)(?)(?)(?)(?)(?)])(1 )(2 )]\n21: afd5f68f-b70f-4000-a21d-28dbc8be8b07, 1, 0 [(0 [0xC004F014, 0, 0], [(?)(?)(?)(?)(?)(?)])(1 )(2 )]\n\n"",""Binary"":""""}}"
149,149,2025-02-04 19:10:21.0000000,902,LogAlways,Microsoft-Windows-Security-SPP,Application,0,0,37L4247F27-25,1,,,,,,,,,,,,False,example_files\original\C\Windows\System32\winevt\logs\Application.evtx,0x80000000000000,0,"{""EventData"":{""Data"":""6.1.7601.17514"",""Binary"":""""}}"
150,150,2025-02-04 19:10:27.0000000,8195,Info,System Restore,Application,0,0,37L4247F27-25,1,,System Restore has been disabled,,,Data: C:\Windows\system32\oobe\setup.exe,,,,,,,False,example_files\original\C\Windows\System32\winevt\logs\Application.evtx,0x80000000000000,0,"{""EventData"":{""Data"":""C:\\Windows\\system32\\oobe\\setup.exe"",""Binary"":""00-00-00-00-89-00-00-00-83-00-00-00-00-00-00-00-43-86-25-23-07-00-00-00-00-00-00-00-00-00-00-00-00-00-00-00""}}"
151,151,2025-02-04 19:10:27.0000000,8212,Info,VSS,Application,0,0,37L4247F27-25,1,,,,,,,,,,,,False,example_files\original\C\Windows\System32\winevt\logs\Application.evtx,0x80000000000000,0,"{""EventData"":{""Data"":""Registry Writer, {afbab4a2-367d-4d15-a586-71dbb18f8485}, \n\nOperation:\n   Initializing Writer\n\nContext:\n   Writer Class Id: {afbab4a2-367d-4d15-a586-71dbb18f8485}\n   Writer Name: Registry Writer"",""Binary"":""2D-20-43-6F-64-65-3A-20-57-52-54-57-52-54-49-43-30-30-30-30-30-38-33-32-2D-20-43-61-6C-6C-3A-20-57-52-54-57-52-54-49-43-30-30-30-30-30-37-38-33-2D-20-50-49-44-3A-20-20-30-30-30-30-31-34-31-32-2D-20-54-49-44-3A-20-20-30-30-30-30-31-38-31-36-2D-20-43-4D-44-3A-20-20-43-3A-5C-57-69-6E-64-6F-77-73-5C-73-79-73-74-65-6D-33-32-5C-76-73-73-76-63-2E-65-78-65-20-20-20-2D-20-55-73-65-72-3A-20-4E-61-6D-65-3A-20-4E-54-20-41-55-54-48-4F-52-49-54-59-5C-53-59-53-54-45-4D-2C-20-53-49-44-3A-53-2D-31-2D-35-2D-31-38-20""}}"
152,152,2025-02-04 19:10:27.0000000,8212,Info,VSS,Application,0,0,37L4247F27-25,1,,,,,,,,,,,,False,example_files\original\C\Windows\System32\winevt\logs\Application.evtx,0x80000000000000,0,"{""EventData"":{""Data"":""COM+ REGDB Writer, {542da469-d3e1-473c-9f4f-7847f01fc64f}, \n\nOperation:\n   Initializing Writer\n\nContext:\n   Writer Class Id: {542da469-d3e1-473c-9f4f-7847f01fc64f}\n   Writer Name: COM+ REGDB Writer"",""Binary"":""2D-20-43-6F-64-65-3A-20-57-52-54-57-52-54-49-43-30-30-30-30-30-38-33-32-2D-20-43-61-6C-6C-3A-20-57-52-54-57-52-54-49-43-30-30-30-30-30-37-38-33-2D-20-50-49-44-3A-20-20-30-30-30-30-31-34-31-32-2D-20-54-49-44-3A-20-20-30-30-30-30-31-32-30-38-2D-20-43-4D-44-3A-20-20-43-3A-5C-57-69-6E-64-6F-77-73-5C-73-79-73-74-65-6D-33-32-5C-76-73-73-76-63-2E-65-78-65-20-20-20-2D-20-55-73-65-72-3A-20-4E-61-6D-65-3A-20-4E-54-20-41-55-54-48-4F-52-49-54-59-5C-53-59-53-54-45-4D-2C-20-53-49-44-3A-53-2D-31-2D-35-2D-31-38-20""}}"
153,153,2025-02-04 19:10:27.0000000,8212,Info,VSS,Application,0,0,37L4247F27-25,1,,,,,,,,,,,,False,example_files\original\C\Windows\System32\winevt\logs\Application.evtx,0x80000000000000,0,"{""EventData"":{""Data"":""ASR Writer, {be000cbe-11fe-4426-9c58-531aa6355fc4}, \n\nOperation:\n   Initializing Writer\n\nContext:\n   Writer Class Id: {be000cbe-11fe-4426-9c58-531aa6355fc4}\n   Writer Name: ASR Writer"",""Binary"":""2D-20-43-6F-64-65-3A-20-57-52-54-57-52-54-49-43-30-30-30-30-30-38-33-32-2D-20-43-61-6C-6C-3A-20-57-52-54-57-52-54-49-43-30-30-30-30-30-37-38-33-2D-20-50-49-44-3A-20-20-30-30-30-30-31-34-31-32-2D-20-54-49-44-3A-20-20-30-30-30-30-31-32-39-36-2D-20-43-4D-44-3A-20-20-43-3A-5C-57-69-6E-64-6F-77-73-5C-73-79-73-74-65-6D-33-32-5C-76-73-73-76-63-2E-65-78-65-20-20-20-2D-20-55-73-65-72-3A-20-4E-61-6D-65-3A-20-4E-54-20-41-55-54-48-4F-52-49-54-59-5C-53-59-53-54-45-4D-2C-20-53-49-44-3A-53-2D-31-2D-35-2D-31-38-20""}}"
154,154,2025-02-04 19:10:27.0000000,8212,Info,VSS,Application,0,0,37L4247F27-25,1,,,,,,,,,,,,False,example_files\original\C\Windows\System32\winevt\logs\Application.evtx,0x80000000000000,0,"{""EventData"":{""Data"":""Shadow Copy Optimization Writer, {4dc3bdd4-ab48-4d07-adb0-3bee2926fd7f}, \n\nOperation:\n   Initializing Writer\n\nContext:\n   Writer Class Id: {4dc3bdd4-ab48-4d07-adb0-3bee2926fd7f}\n   Writer Name: Shadow Copy Optimization Writer"",""Binary"":""2D-20-43-6F-64-65-3A-20-57-52-54-57-52-54-49-43-30-30-30-30-30-38-33-32-2D-20-43-61-6C-6C-3A-20-57-52-54-57-52-54-49-43-30-30-30-30-30-37-38-33-2D-20-50-49-44-3A-20-20-30-30-30-30-31-34-31-32-2D-20-54-49-44-3A-20-20-30-30-30-30-31-32-30-38-2D-20-43-4D-44-3A-20-20-43-3A-5C-57-69-6E-64-6F-77-73-5C-73-79-73-74-65-6D-33-32-5C-76-73-73-76-63-2E-65-78-65-20-20-20-2D-20-55-73-65-72-3A-20-4E-61-6D-65-3A-20-4E-54-20-41-55-54-48-4F-52-49-54-59-5C-53-59-53-54-45-4D-2C-20-53-49-44-3A-53-2D-31-2D-35-2D-31-38-20""}}"
155,155,2025-02-04 19:10:27.0000000,8196,Info,System Restore,Application,0,0,37L4247F27-25,1,,System Restore has been enabled,,,Data: C:\Windows\system32\oobe\setup.exe,,,,,,,False,example_files\original\C\Windows\System32\winevt\logs\Application.evtx,0x80000000000000,0,"{""EventData"":{""Data"":""C:\\Windows\\system32\\oobe\\setup.exe"",""Binary"":""00-00-00-00-A7-00-00-00-A1-00-00-00-00-00-00-00-2D-2C-19-2F-07-00-00-00-00-00-00-00-00-00-00-00-00-00-00-00""}}"
156,156,2025-02-04 19:10:27.9802274,1532,Info,Microsoft-Windows-User Profiles Service,Application,860,932,37L4247F27-25,1,S-1-5-18,,,,,,,,,,,False,example_files\original\C\Windows\System32\winevt\logs\Application.evtx,Classic,0,"{""EventData"":""""}"
157,157,2025-02-04 03:10:54.0000000,4625,Info,Microsoft-Windows-EventSystem,Application,0,0,WIN-TFHMB3RRSQV,1,,,,,,,,,,,,False,example_files\original\C\Windows\System32\winevt\logs\Application.evtx,0x80000000000000,0,"{""EventData"":{""Data"":[{""@Name"":""param1"",""#text"":""86400""},{""@Name"":""param2"",""#text"":""SuppressDuplicateDuration""},{""@Name"":""param3"",""#text"":""Software\\Microsoft\\EventSystem\\EventLog""}]}}"
158,158,2025-02-04 03:10:54.3926077,1531,Info,Microsoft-Windows-User Profiles Service,Application,944,804,WIN-TFHMB3RRSQV,1,S-1-5-18,,,,,,,,,,,False,example_files\original\C\Windows\System32\winevt\logs\Application.evtx,Classic,0,"{""EventData"":""""}"
159,159,2025-02-04 03:10:55.0000000,5615,LogAlways,Microsoft-Windows-WMI,Application,0,0,WIN-TFHMB3RRSQV,1,,,,,,,,,,,,False,example_files\original\C\Windows\System32\winevt\logs\Application.evtx,0x80000000000000,0,"{""EventData"":{""Data"":"""",""Binary"":""""}}"
160,160,2025-02-04 03:10:55.0000000,5617,LogAlways,Microsoft-Windows-WMI,Application,0,0,WIN-TFHMB3RRSQV,1,,,,,,,,,,,,False,example_files\original\C\Windows\System32\winevt\logs\Application.evtx,0x80000000000000,0,"{""EventData"":{""Data"":"""",""Binary"":""""}}"
161,161,2025-02-04 03:11:00.0000000,1008,Warning,Microsoft-Windows-Search,Application,0,0,WIN-TFHMB3RRSQV,1,,,,,,,,,,,,False,example_files\original\C\Windows\System32\winevt\logs\Application.evtx,0x80000000000000,0,"{""EventData"":{""Data"":[{""@Name"":""ExtraInfo"",""#text"":"", ""},{""@Name"":""Reason"",""#text"":""Full Index Reset""}]}}"
162,162,2025-02-04 03:11:00.0000000,1010,Info,Microsoft-Windows-Search,Application,0,0,WIN-TFHMB3RRSQV,1,,,,,,,,,,,,False,example_files\original\C\Windows\System32\winevt\logs\Application.evtx,0x80000000000000,0,"{""EventData"":{""Data"":{""@Name"":""ExtraInfo"",""#text"":"", ""}}}"
163,163,2025-02-04 03:11:00.0000000,1004,Info,Microsoft-Windows-Search,Application,0,0,WIN-TFHMB3RRSQV,1,,,,,,,,,,,,False,example_files\original\C\Windows\System32\winevt\logs\Application.evtx,0x80000000000000,0,"{""EventData"":{""Data"":[{""@Name"":""ExtraInfo"",""#text"":"", ""},{""@Name"":""Reason"",""#text"":""Full Index Reset""}]}}"
164,164,2025-02-04 03:11:01.0000000,102,Info,ESENT,Application,0,0,WIN-TFHMB3RRSQV,1,,,,,,,,,,,,False,example_files\original\C\Windows\System32\winevt\logs\Application.evtx,0x80000000000000,0,"{""EventData"":{""Data"":""Windows, 1780, Windows: , 0, 6, 01, 7601, 0000"",""Binary"":""""}}"
165,165,2025-02-04 03:11:01.0000000,1005,Info,Microsoft-Windows-Search,Application,0,0,WIN-TFHMB3RRSQV,1,,,,,,,,,,,,False,example_files\original\C\Windows\System32\winevt\logs\Application.evtx,0x80000000000000,0,"{""EventData"":{""Data"":{""@Name"":""ExtraInfo"",""#text"":"", ""}}}"
166,166,2025-02-04 03:11:01.0000000,1003,Info,Microsoft-Windows-Search,Application,0,0,WIN-TFHMB3RRSQV,1,,,,,,,,,,,,False,example_files\original\C\Windows\System32\winevt\logs\Application.evtx,0x80000000000000,0,"{""EventData"":{""Data"":{""@Name"":""ExtraInfo"",""#text"":"", ""}}}"
167,167,2025-02-04 03:11:01.0000000,4101,Info,Microsoft-Windows-Winlogon,Application,0,0,WIN-TFHMB3RRSQV,1,,,,,,,,,,,,False,example_files\original\C\Windows\System32\winevt\logs\Application.evtx,0x80000000000000,0,"{""EventData"":{""Data"":""0x00000000, 0x00000001"",""Binary"":""""}}"
168,168,2025-02-04 03:11:01.0000000,6000,Info,Microsoft-Windows-Winlogon,Application,0,0,WIN-TFHMB3RRSQV,1,,,,,,,,,,,,False,example_files\original\C\Windows\System32\winevt\logs\Application.evtx,0x80000000000000,0,"{""EventData"":{""Data"":""SessionEnv"",""Binary"":""D9-06-00-00""}}"
169,169,2025-02-04 03:11:01.0000000,9003,Info,Desktop Window Manager,Application,0,0,WIN-TFHMB3RRSQV,1,,,,,,,,,,,,False,example_files\original\C\Windows\System32\winevt\logs\Application.evtx,0x80000000000000,0,"{""EventData"":{""Data"":"""",""Binary"":""""}}"
170,170,2025-02-04 03:11:03.0000000,9007,Info,Desktop Window Manager,Application,0,0,WIN-TFHMB3RRSQV,1,,,,,,,,,,,,False,example_files\original\C\Windows\System32\winevt\logs\Application.evtx,0x80000000000000,0,"{""EventData"":{""Data"":"""",""Binary"":""""}}"
171,171,2025-02-04 03:11:05.0000000,102,Info,ESENT,Application,0,0,WIN-TFHMB3RRSQV,1,,,,,,,,,,,,False,example_files\original\C\Windows\System32\winevt\logs\Application.evtx,0x80000000000000,0,"{""EventData"":{""Data"":""WinMail, 2016, WindowsMail0: , 0, 6, 01, 7601, 0000"",""Binary"":""""}}"
172,172,2025-02-04 03:11:05.0000000,210,Info,ESENT,Application,0,0,WIN-TFHMB3RRSQV,1,,,,,,,,,,,,False,example_files\original\C\Windows\System32\winevt\logs\Application.evtx,0x80000000000000,0,"{""EventData"":{""Data"":""WinMail, 2016, WindowsMail0: "",""Binary"":""""}}"
173,173,2025-02-04 03:11:05.0000000,220,Info,ESENT,Application,0,0,WIN-TFHMB3RRSQV,1,,,,,,,,,,,,False,example_files\original\C\Windows\System32\winevt\logs\Application.evtx,0x80000000000000,0,"{""EventData"":{""Data"":""WinMail, 2016, WindowsMail0: , C:\\Users\\student\\AppData\\Local\\Microsoft\\Windows Mail\\WindowsMail.MSMessageStore, 2 Mb"",""Binary"":""""}}"
174,174,2025-02-04 03:11:05.0000000,221,Info,ESENT,Application,0,0,WIN-TFHMB3RRSQV,1,,,,,,,,,,,,False,example_files\original\C\Windows\System32\winevt\logs\Application.evtx,0x80000000000000,0,"{""EventData"":{""Data"":""WinMail, 2016, WindowsMail0: , C:\\Users\\student\\AppData\\Local\\Microsoft\\Windows Mail\\WindowsMail.MSMessageStore"",""Binary"":""""}}"
175,175,2025-02-04 03:11:05.0000000,223,Info,ESENT,Application,0,0,WIN-TFHMB3RRSQV,1,,,,,,,,,,,,False,example_files\original\C\Windows\System32\winevt\logs\Application.evtx,0x80000000000000,0,"{""EventData"":{""Data"":""WinMail, 2016, WindowsMail0: , C:\\Users\\student\\AppData\\Local\\Microsoft\\Windows Mail\\edb00001.log, C:\\Users\\student\\AppData\\Local\\Microsoft\\Windows Mail\\edb00001.log"",""Binary"":""""}}"
176,176,2025-02-04 03:11:05.0000000,225,Info,ESENT,Application,0,0,WIN-TFHMB3RRSQV,1,,,,,,,,,,,,False,example_files\original\C\Windows\System32\winevt\logs\Application.evtx,0x80000000000000,0,"{""EventData"":{""Data"":""WinMail, 2016, WindowsMail0: "",""Binary"":""""}}"
177,177,2025-02-04 03:11:05.0000000,213,Info,ESENT,Application,0,0,WIN-TFHMB3RRSQV,1,,,,,,,,,,,,False,example_files\original\C\Windows\System32\winevt\logs\Application.evtx,0x80000000000000,0,"{""EventData"":{""Data"":""WinMail, 2016, WindowsMail0: "",""Binary"":""""}}"
178,178,2025-02-04 03:11:10.0000000,103,Info,ESENT,Application,0,0,WIN-TFHMB3RRSQV,1,,,,,,,,,,,,False,example_files\original\C\Windows\System32\winevt\logs\Application.evtx,0x80000000000000,0,"{""EventData"":{""Data"":""WinMail, 2016, WindowsMail0: , 0"",""Binary"":""""}}"
179,179,2025-02-04 03:11:12.0000000,102,Info,ESENT,Application,0,0,WIN-TFHMB3RRSQV,1,,,,,,,,,,,,False,example_files\original\C\Windows\System32\winevt\logs\Application.evtx,0x80000000000000,0,"{""EventData"":{""Data"":""WinMail, 2420, WindowsMail0: , 0, 6, 01, 7601, 0000"",""Binary"":""""}}"
180,180,2025-02-04 03:11:12.0000000,103,Info,ESENT,Application,0,0,WIN-TFHMB3RRSQV,1,,,,,,,,,,,,False,example_files\original\C\Windows\System32\winevt\logs\Application.evtx,0x80000000000000,0,"{""EventData"":{""Data"":""WinMail, 2420, WindowsMail0: , 0"",""Binary"":""""}}"
181,181,2025-02-04 03:12:36.0000000,10,Error,Microsoft-Windows-WMI,Application,0,0,WIN-TFHMB3RRSQV,1,,,,,,,,,,,,False,example_files\original\C\Windows\System32\winevt\logs\Application.evtx,0x80000000000000,0,"{""EventData"":{""Data"":""//./root/CIMV2, SELECT * FROM __InstanceModificationEvent WITHIN 60 WHERE TargetInstance ISA \""Win32_Processor\"" AND TargetInstance.LoadPercentage &gt; 99, 0x80041003"",""Binary"":""""}}"
182,182,2025-02-04 03:12:56.0000000,1,Info,SecurityCenter,Application,0,0,WIN-TFHMB3RRSQV,1,,,,,,,,,,,,False,example_files\original\C\Windows\System32\winevt\logs\Application.evtx,0x80000000000000,0,"{""EventData"":{""Data"":"""",""Binary"":""""}}"
183,183,2025-02-04 03:13:02.0000000,1130,LogAlways,.NET Runtime Optimization Service,Application,0,0,WIN-TFHMB3RRSQV,1,,,,,,,,,,,,False,example_files\original\C\Windows\System32\winevt\logs\Application.evtx,0x80000000000000,0,"{""EventData"":{""Data"":"".NET Runtime Optimization Service (2.0.50727.5420) - Installed from repository: AuditPolicyGPManagedStubs.Interop"",""Binary"":""""}}"
184,184,2025-02-04 03:13:03.0000000,1130,LogAlways,.NET Runtime Optimization Service,Application,0,0,WIN-TFHMB3RRSQV,1,,,,,,,,,,,,False,example_files\original\C\Windows\System32\winevt\logs\Application.evtx,0x80000000000000,0,"{""EventData"":{""Data"":"".NET Runtime Optimization Service (2.0.50727.5420) - Installed from repository: BDATunePIA"",""Binary"":""""}}"
185,185,2025-02-04 03:13:03.0000000,1130,LogAlways,.NET Runtime Optimization Service,Application,0,0,WIN-TFHMB3RRSQV,1,,,,,,,,,,,,False,example_files\original\C\Windows\System32\winevt\logs\Application.evtx,0x80000000000000,0,"{""EventData"":{""Data"":"".NET Runtime Optimization Service (2.0.50727.5420) - Installed from repository: ehExtHost32"",""Binary"":""""}}"
186,186,2025-02-04 03:13:03.0000000,1130,LogAlways,.NET Runtime Optimization Service,Application,0,0,WIN-TFHMB3RRSQV,1,,,,,,,,,,,,False,example_files\original\C\Windows\System32\winevt\logs\Application.evtx,0x80000000000000,0,"{""EventData"":{""Data"":"".NET Runtime Optimization Service (2.0.50727.5420) - Installed from repository: Microsoft.MediaCenter"",""Binary"":""""}}"
187,187,2025-02-04 03:13:03.0000000,1130,LogAlways,.NET Runtime Optimization Service,Application,0,0,WIN-TFHMB3RRSQV,1,,,,,,,,,,,,False,example_files\original\C\Windows\System32\winevt\logs\Application.evtx,0x80000000000000,0,"{""EventData"":{""Data"":"".NET Runtime Optimization Service (2.0.50727.5420) - Installed from repository: Microsoft.MediaCenter.UI"",""Binary"":""""}}"
188,188,2025-02-04 03:13:04.0000000,1130,LogAlways,.NET Runtime Optimization Service,Application,0,0,WIN-TFHMB3RRSQV,1,,,,,,,,,,,,False,example_files\original\C\Windows\System32\winevt\logs\Application.evtx,0x80000000000000,0,"{""EventData"":{""Data"":"".NET Runtime Optimization Service (2.0.50727.5420) - Installed from repository: ehiUserXp"",""Binary"":""""}}"
189,189,2025-02-04 03:13:04.0000000,1130,LogAlways,.NET Runtime Optimization Service,Application,0,0,WIN-TFHMB3RRSQV,1,,,,,,,,,,,,False,example_files\original\C\Windows\System32\winevt\logs\Application.evtx,0x80000000000000,0,"{""EventData"":{""Data"":"".NET Runtime Optimization Service (2.0.50727.5420) - Installed from repository: ehRecObj"",""Binary"":""""}}"
190,190,2025-02-04 03:13:04.0000000,1130,LogAlways,.NET Runtime Optimization Service,Application,0,0,WIN-TFHMB3RRSQV,1,,,,,,,,,,,,False,example_files\original\C\Windows\System32\winevt\logs\Application.evtx,0x80000000000000,0,"{""EventData"":{""Data"":"".NET Runtime Optimization Service (2.0.50727.5420) - Installed from repository: ehiProxy"",""Binary"":""""}}"
191,191,2025-02-04 03:13:04.0000000,1130,LogAlways,.NET Runtime Optimization Service,Application,0,0,WIN-TFHMB3RRSQV,1,,,,,,,,,,,,False,example_files\original\C\Windows\System32\winevt\logs\Application.evtx,0x80000000000000,0,"{""EventData"":{""Data"":"".NET Runtime Optimization Service (2.0.50727.5420) - Installed from repository: mcepg"",""Binary"":""""}}"
192,192,2025-02-04 03:13:04.0000000,1130,LogAlways,.NET Runtime Optimization Service,Application,0,0,WIN-TFHMB3RRSQV,1,,,,,,,,,,,,False,example_files\original\C\Windows\System32\winevt\logs\Application.evtx,0x80000000000000,0,"{""EventData"":{""Data"":"".NET Runtime Optimization Service (2.0.50727.5420) - Installed from repository: mcstore"",""Binary"":""""}}"
193,193,2025-02-04 03:13:04.0000000,1130,LogAlways,.NET Runtime Optimization Service,Application,0,0,WIN-TFHMB3RRSQV,1,,,,,,,,,,,,False,example_files\original\C\Windows\System32\winevt\logs\Application.evtx,0x80000000000000,0,"{""EventData"":{""Data"":"".NET Runtime Optimization Service (2.0.50727.5420) - Installed from repository: mcstoredb"",""Binary"":""""}}"
194,194,2025-02-04 03:13:04.0000000,1130,LogAlways,.NET Runtime Optimization Service,Application,0,0,WIN-TFHMB3RRSQV,1,,,,,,,,,,,,False,example_files\original\C\Windows\System32\winevt\logs\Application.evtx,0x80000000000000,0,"{""EventData"":{""Data"":"".NET Runtime Optimization Service (2.0.50727.5420) - Installed from repository: ehiVidCtl"",""Binary"":""""}}"
195,195,2025-02-04 03:13:04.0000000,1130,LogAlways,.NET Runtime Optimization Service,Application,0,0,WIN-TFHMB3RRSQV,1,,,,,,,,,,,,False,example_files\original\C\Windows\System32\winevt\logs\Application.evtx,0x80000000000000,0,"{""EventData"":{""Data"":"".NET Runtime Optimization Service (2.0.50727.5420) - Installed from repository: ehiExtens"",""Binary"":""""}}"
196,196,2025-02-04 03:13:04.0000000,1130,LogAlways,.NET Runtime Optimization Service,Application,0,0,WIN-TFHMB3RRSQV,1,,,,,,,,,,,,False,example_files\original\C\Windows\System32\winevt\logs\Application.evtx,0x80000000000000,0,"{""EventData"":{""Data"":"".NET Runtime Optimization Service (2.0.50727.5420) - Installed from repository: Microsoft.ApplicationId.Framework"",""Binary"":""""}}"
197,197,2025-02-04 03:13:04.0000000,1130,LogAlways,.NET Runtime Optimization Service,Application,0,0,WIN-TFHMB3RRSQV,1,,,,,,,,,,,,False,example_files\original\C\Windows\System32\winevt\logs\Application.evtx,0x80000000000000,0,"{""EventData"":{""Data"":"".NET Runtime Optimization Service (2.0.50727.5420) - Installed from repository: Microsoft.ApplicationId.RuleWizard"",""Binary"":""""}}"
198,198,2025-02-04 03:13:04.0000000,1130,LogAlways,.NET Runtime Optimization Service,Application,0,0,WIN-TFHMB3RRSQV,1,,,,,,,,,,,,False,example_files\original\C\Windows\System32\winevt\logs\Application.evtx,0x80000000000000,0,"{""EventData"":{""Data"":"".NET Runtime Optimization Service (2.0.50727.5420) - Installed from repository: Microsoft.Security.ApplicationId.PolicyManagement.PolicyModel"",""Binary"":""""}}"
199,199,2025-02-04 03:13:05.0000000,1130,LogAlways,.NET Runtime Optimization Service,Application,0,0,WIN-TFHMB3RRSQV,1,,,,,,,,,,,,False,example_files\original\C\Windows\System32\winevt\logs\Application.evtx,0x80000000000000,0,"{""EventData"":{""Data"":"".NET Runtime Optimization Service (2.0.50727.5420) - Installed from repository: Microsoft.Security.ApplicationId.PolicyManagement.XmlHelper"",""Binary"":""""}}"
200,200,2025-02-04 03:13:05.0000000,1130,LogAlways,.NET Runtime Optimization Service,Application,0,0,WIN-TFHMB3RRSQV,1,,,,,,,,,,,,False,example_files\original\C\Windows\System32\winevt\logs\Application.evtx,0x80000000000000,0,"{""EventData"":{""Data"":"".NET Runtime Optimization Service (2.0.50727.5420) - Installed from repository: Microsoft.Security.ApplicationId.PolicyManagement.PolicyManager"",""Binary"":""""}}"
201,201,2025-02-04 03:13:05.0000000,1130,LogAlways,.NET Runtime Optimization Service,Application,0,0,WIN-TFHMB3RRSQV,1,,,,,,,,,,,,False,example_files\original\C\Windows\System32\winevt\logs\Application.evtx,0x80000000000000,0,"{""EventData"":{""Data"":"".NET Runtime Optimization Service (2.0.50727.5420) - Installed from repository: Microsoft.Security.ApplicationId.PolicyManagement.PolicyEngineApi.Interop"",""Binary"":""""}}"
202,202,2025-02-04 03:13:05.0000000,1130,LogAlways,.NET Runtime Optimization Service,Application,0,0,WIN-TFHMB3RRSQV,1,,,,,,,,,,,,False,example_files\original\C\Windows\System32\winevt\logs\Application.evtx,0x80000000000000,0,"{""EventData"":{""Data"":"".NET Runtime Optimization Service (2.0.50727.5420) - Installed from repository: Microsoft.GroupPolicy.AdmTmplEditor"",""Binary"":""""}}"
203,203,2025-02-04 03:13:05.0000000,1130,LogAlways,.NET Runtime Optimization Service,Application,0,0,WIN-TFHMB3RRSQV,1,,,,,,,,,,,,False,example_files\original\C\Windows\System32\winevt\logs\Application.evtx,0x80000000000000,0,"{""EventData"":{""Data"":"".NET Runtime Optimization Service (2.0.50727.5420) - Installed from repository: Microsoft.GroupPolicy.Interop"",""Binary"":""""}}"
204,204,2025-02-04 03:13:05.0000000,1130,LogAlways,.NET Runtime Optimization Service,Application,0,0,WIN-TFHMB3RRSQV,1,,,,,,,,,,,,False,example_files\original\C\Windows\System32\winevt\logs\Application.evtx,0x80000000000000,424,"{""EventData"":{""Data"":"".NET Runtime Optimization Service (2.0.50727.5420) - Installed from repository: Microsoft.GroupPolicy.Reporting"",""Binary"":""""}}"
205,205,2025-02-04 03:13:05.0000000,1130,LogAlways,.NET Runtime Optimization Service,Application,0,0,WIN-TFHMB3RRSQV,1,,,,,,,,,,,,False,example_files\original\C\Windows\System32\winevt\logs\Application.evtx,0x80000000000000,0,"{""EventData"":{""Data"":"".NET Runtime Optimization Service (2.0.50727.5420) - Installed from repository: SecurityAuditPoliciesSnapIn"",""Binary"":""""}}"
206,206,2025-02-04 03:13:06.0000000,1130,LogAlways,.NET Runtime Optimization Service,Application,0,0,WIN-TFHMB3RRSQV,1,,,,,,,,,,,,False,example_files\original\C\Windows\System32\winevt\logs\Application.evtx,0x80000000000000,0,"{""EventData"":{""Data"":"".NET Runtime Optimization Service (2.0.50727.5420) - Installed from repository: Microsoft.Security.ApplicationId.Wizards.AutomaticRuleGenerationWizard"",""Binary"":""""}}"
207,207,2025-02-04 03:13:07.0000000,1130,LogAlways,.NET Runtime Optimization Service,Application,0,0,WIN-TFHMB3RRSQV,1,,,,,,,,,,,,False,example_files\original\C\Windows\System32\winevt\logs\Application.evtx,0x80000000000000,0,"{""EventData"":{""Data"":"".NET Runtime Optimization Service (2.0.50727.5420) - Installed from repository: SrpUxSnapIn"",""Binary"":""""}}"
208,208,2025-02-04 03:13:08.0000000,1130,LogAlways,.NET Runtime Optimization Service,Application,0,0,WIN-TFHMB3RRSQV,1,,,,,,,,,,,,False,example_files\original\C\Windows\System32\winevt\logs\Application.evtx,0x80000000000000,0,"{""EventData"":{""Data"":"".NET Runtime Optimization Service (2.0.50727.5420) - Installed from repository: AuditPolicyGPManagedStubs.Interop"",""Binary"":""""}}"
209,209,2025-02-04 03:13:08.0000000,1130,LogAlways,.NET Runtime Optimization Service,Application,0,0,WIN-TFHMB3RRSQV,1,,,,,,,,,,,,False,example_files\original\C\Windows\System32\winevt\logs\Application.evtx,0x80000000000000,384,"{""EventData"":{""Data"":"".NET Runtime Optimization Service (2.0.50727.5420) - Installed from repository: BDATunePIA"",""Binary"":""""}}"
210,210,2025-02-04 03:13:08.0000000,1130,LogAlways,.NET Runtime Optimization Service,Application,0,0,WIN-TFHMB3RRSQV,1,,,,,,,,,,,,False,example_files\original\C\Windows\System32\winevt\logs\Application.evtx,0x80000000000000,0,"{""EventData"":{""Data"":"".NET Runtime Optimization Service (2.0.50727.5420) - Installed from repository: ehCIR"",""Binary"":""""}}"
211,211,2025-02-04 03:13:08.0000000,1130,LogAlways,.NET Runtime Optimization Service,Application,0,0,WIN-TFHMB3RRSQV,1,,,,,,,,,,,,False,example_files\original\C\Windows\System32\winevt\logs\Application.evtx,0x80000000000000,0,"{""EventData"":{""Data"":"".NET Runtime Optimization Service (2.0.50727.5420) - Installed from repository: ehiProxy"",""Binary"":""""}}"
212,212,2025-02-04 03:13:09.0000000,1130,LogAlways,.NET Runtime Optimization Service,Application,0,0,WIN-TFHMB3RRSQV,1,,,,,,,,,,,,False,example_files\original\C\Windows\System32\winevt\logs\Application.evtx,0x80000000000000,0,"{""EventData"":{""Data"":"".NET Runtime Optimization Service (2.0.50727.5420) - Installed from repository: ehExtHost"",""Binary"":""""}}"
213,213,2025-02-04 03:13:09.0000000,1130,LogAlways,.NET Runtime Optimization Service,Application,0,0,WIN-TFHMB3RRSQV,1,,,,,,,,,,,,False,example_files\original\C\Windows\System32\winevt\logs\Application.evtx,0x80000000000000,0,"{""EventData"":{""Data"":"".NET Runtime Optimization Service (2.0.50727.5420) - Installed from repository: Microsoft.MediaCenter"",""Binary"":""""}}"
214,214,2025-02-04 03:13:09.0000000,1130,LogAlways,.NET Runtime Optimization Service,Application,0,0,WIN-TFHMB3RRSQV,1,,,,,,,,,,,,False,example_files\original\C\Windows\System32\winevt\logs\Application.evtx,0x80000000000000,0,"{""EventData"":{""Data"":"".NET Runtime Optimization Service (2.0.50727.5420) - Installed from repository: Microsoft.MediaCenter.UI"",""Binary"":""""}}"
215,215,2025-02-04 03:13:09.0000000,1130,LogAlways,.NET Runtime Optimization Service,Application,0,0,WIN-TFHMB3RRSQV,1,,,,,,,,,,,,False,example_files\original\C\Windows\System32\winevt\logs\Application.evtx,0x80000000000000,0,"{""EventData"":{""Data"":"".NET Runtime Optimization Service (2.0.50727.5420) - Installed from repository: ehiUserXp"",""Binary"":""""}}"
216,216,2025-02-04 03:13:09.0000000,1130,LogAlways,.NET Runtime Optimization Service,Application,0,0,WIN-TFHMB3RRSQV,1,,,,,,,,,,,,False,example_files\original\C\Windows\System32\winevt\logs\Application.evtx,0x80000000000000,0,"{""EventData"":{""Data"":"".NET Runtime Optimization Service (2.0.50727.5420) - Installed from repository: ehRecObj"",""Binary"":""""}}"
217,217,2025-02-04 03:13:09.0000000,1130,LogAlways,.NET Runtime Optimization Service,Application,0,0,WIN-TFHMB3RRSQV,1,,,,,,,,,,,,False,example_files\original\C\Windows\System32\winevt\logs\Application.evtx,0x80000000000000,0,"{""EventData"":{""Data"":"".NET Runtime Optimization Service (2.0.50727.5420) - Installed from repository: mcepg"",""Binary"":""""}}"
218,218,2025-02-04 03:13:09.0000000,1130,LogAlways,.NET Runtime Optimization Service,Application,0,0,WIN-TFHMB3RRSQV,1,,,,,,,,,,,,False,example_files\original\C\Windows\System32\winevt\logs\Application.evtx,0x80000000000000,0,"{""EventData"":{""Data"":"".NET Runtime Optimization Service (2.0.50727.5420) - Installed from repository: mcstore"",""Binary"":""""}}"
219,219,2025-02-04 03:13:10.0000000,1130,LogAlways,.NET Runtime Optimization Service,Application,0,0,WIN-TFHMB3RRSQV,1,,,,,,,,,,,,False,example_files\original\C\Windows\System32\winevt\logs\Application.evtx,0x80000000000000,0,"{""EventData"":{""Data"":"".NET Runtime Optimization Service (2.0.50727.5420) - Installed from repository: mcstoredb"",""Binary"":""""}}"
220,220,2025-02-04 03:13:10.0000000,1130,LogAlways,.NET Runtime Optimization Service,Application,0,0,WIN-TFHMB3RRSQV,1,,,,,,,,,,,,False,example_files\original\C\Windows\System32\winevt\logs\Application.evtx,0x80000000000000,0,"{""EventData"":{""Data"":"".NET Runtime Optimization Service (2.0.50727.5420) - Installed from repository: ehiVidCtl"",""Binary"":""""}}"
221,221,2025-02-04 03:13:10.0000000,1130,LogAlways,.NET Runtime Optimization Service,Application,0,0,WIN-TFHMB3RRSQV,1,,,,,,,,,,,,False,example_files\original\C\Windows\System32\winevt\logs\Application.evtx,0x80000000000000,0,"{""EventData"":{""Data"":"".NET Runtime Optimization Service (2.0.50727.5420) - Installed from repository: ehiExtens"",""Binary"":""""}}"
222,222,2025-02-04 03:13:10.0000000,1130,LogAlways,.NET Runtime Optimization Service,Application,0,0,WIN-TFHMB3RRSQV,1,,,,,,,,,,,,False,example_files\original\C\Windows\System32\winevt\logs\Application.evtx,0x80000000000000,0,"{""EventData"":{""Data"":"".NET Runtime Optimization Service (2.0.50727.5420) - Installed from repository: ehiActivScp"",""Binary"":""""}}"
223,223,2025-02-04 03:13:10.0000000,1130,LogAlways,.NET Runtime Optimization Service,Application,0,0,WIN-TFHMB3RRSQV,1,,,,,,,,,,,,False,example_files\original\C\Windows\System32\winevt\logs\Application.evtx,0x80000000000000,0,"{""EventData"":{""Data"":"".NET Runtime Optimization Service (2.0.50727.5420) - Installed from repository: ehiBmlDataCarousel"",""Binary"":""""}}"
224,224,2025-02-04 03:13:10.0000000,1130,LogAlways,.NET Runtime Optimization Service,Application,0,0,WIN-TFHMB3RRSQV,1,,,,,,,,,,,,False,example_files\original\C\Windows\System32\winevt\logs\Application.evtx,0x80000000000000,0,"{""EventData"":{""Data"":"".NET Runtime Optimization Service (2.0.50727.5420) - Installed from repository: ehiiTv"",""Binary"":""""}}"
225,225,2025-02-04 03:13:10.0000000,1130,LogAlways,.NET Runtime Optimization Service,Application,0,0,WIN-TFHMB3RRSQV,1,,,,,,,,,,,,False,example_files\original\C\Windows\System32\winevt\logs\Application.evtx,0x80000000000000,0,"{""EventData"":{""Data"":"".NET Runtime Optimization Service (2.0.50727.5420) - Installed from repository: ehiTVMSMusic"",""Binary"":""""}}"
226,226,2025-02-04 03:13:10.0000000,1130,LogAlways,.NET Runtime Optimization Service,Application,0,0,WIN-TFHMB3RRSQV,1,,,,,,,,,,,,False,example_files\original\C\Windows\System32\winevt\logs\Application.evtx,0x80000000000000,0,"{""EventData"":{""Data"":"".NET Runtime Optimization Service (2.0.50727.5420) - Installed from repository: Microsoft.MediaCenter.iTv.Hosting"",""Binary"":""""}}"
227,227,2025-02-04 03:13:10.0000000,1130,LogAlways,.NET Runtime Optimization Service,Application,0,0,WIN-TFHMB3RRSQV,1,,,,,,,,,,,,False,example_files\original\C\Windows\System32\winevt\logs\Application.evtx,0x80000000000000,0,"{""EventData"":{""Data"":"".NET Runtime Optimization Service (2.0.50727.5420) - Installed from repository: ehiUPnP"",""Binary"":""""}}"
228,228,2025-02-04 03:13:11.0000000,1130,LogAlways,.NET Runtime Optimization Service,Application,0,0,WIN-TFHMB3RRSQV,1,,,,,,,,,,,,False,example_files\original\C\Windows\System32\winevt\logs\Application.evtx,0x80000000000000,0,"{""EventData"":{""Data"":"".NET Runtime Optimization Service (2.0.50727.5420) - Installed from repository: ehiwmp"",""Binary"":""""}}"
229,229,2025-02-04 03:13:11.0000000,1130,LogAlways,.NET Runtime Optimization Service,Application,0,0,WIN-TFHMB3RRSQV,1,,,,,,,,,,,,False,example_files\original\C\Windows\System32\winevt\logs\Application.evtx,0x80000000000000,0,"{""EventData"":{""Data"":"".NET Runtime Optimization Service (2.0.50727.5420) - Installed from repository: ehiWUapi"",""Binary"":""""}}"
230,230,2025-02-04 03:13:11.0000000,1130,LogAlways,.NET Runtime Optimization Service,Application,0,0,WIN-TFHMB3RRSQV,1,,,,,,,,,,,,False,example_files\original\C\Windows\System32\winevt\logs\Application.evtx,0x80000000000000,0,"{""EventData"":{""Data"":"".NET Runtime Optimization Service (2.0.50727.5420) - Installed from repository: Microsoft.MediaCenter.Shell"",""Binary"":""""}}"
231,231,2025-02-04 03:13:11.0000000,1130,LogAlways,.NET Runtime Optimization Service,Application,0,0,WIN-TFHMB3RRSQV,1,,,,,,,,,,,,False,example_files\original\C\Windows\System32\winevt\logs\Application.evtx,0x80000000000000,0,"{""EventData"":{""Data"":"".NET Runtime Optimization Service (2.0.50727.5420) - Installed from repository: Microsoft.MediaCenter.Interop"",""Binary"":""""}}"
232,232,2025-02-04 03:13:11.0000000,1130,LogAlways,.NET Runtime Optimization Service,Application,0,0,WIN-TFHMB3RRSQV,1,,,,,,,,,,,,False,example_files\original\C\Windows\System32\winevt\logs\Application.evtx,0x80000000000000,0,"{""EventData"":{""Data"":"".NET Runtime Optimization Service (2.0.50727.5420) - Installed from repository: Microsoft.MediaCenter.ITVVM"",""Binary"":""""}}"
233,233,2025-02-04 03:13:11.0000000,1130,LogAlways,.NET Runtime Optimization Service,Application,0,0,WIN-TFHMB3RRSQV,1,,,,,,,,,,,,False,example_files\original\C\Windows\System32\winevt\logs\Application.evtx,0x80000000000000,0,"{""EventData"":{""Data"":"".NET Runtime Optimization Service (2.0.50727.5420) - Installed from repository: Microsoft.MediaCenter.Playback"",""Binary"":""""}}"
234,234,2025-02-04 03:13:11.0000000,1130,LogAlways,.NET Runtime Optimization Service,Application,0,0,WIN-TFHMB3RRSQV,1,,,,,,,,,,,,False,example_files\original\C\Windows\System32\winevt\logs\Application.evtx,0x80000000000000,0,"{""EventData"":{""Data"":"".NET Runtime Optimization Service (2.0.50727.5420) - Installed from repository: Microsoft.MediaCenter.TV.Tuners.Interop"",""Binary"":""""}}"
235,235,2025-02-04 03:13:11.0000000,1130,LogAlways,.NET Runtime Optimization Service,Application,0,0,WIN-TFHMB3RRSQV,1,,,,,,,,,,,,False,example_files\original\C\Windows\System32\winevt\logs\Application.evtx,0x80000000000000,0,"{""EventData"":{""Data"":"".NET Runtime Optimization Service (2.0.50727.5420) - Installed from repository: Microsoft.MediaCenter.Sports"",""Binary"":""""}}"
236,236,2025-02-04 03:13:11.0000000,1130,LogAlways,.NET Runtime Optimization Service,Application,0,0,WIN-TFHMB3RRSQV,1,,,,,,,,,,,,False,example_files\original\C\Windows\System32\winevt\logs\Application.evtx,0x80000000000000,0,"{""EventData"":{""Data"":"".NET Runtime Optimization Service (2.0.50727.5420) - Installed from repository: ehshell"",""Binary"":""""}}"
237,237,2025-02-04 03:13:11.0000000,1130,LogAlways,.NET Runtime Optimization Service,Application,0,0,WIN-TFHMB3RRSQV,1,,,,,,,,,,,,False,example_files\original\C\Windows\System32\winevt\logs\Application.evtx,0x80000000000000,0,"{""EventData"":{""Data"":"".NET Runtime Optimization Service (2.0.50727.5420) - Installed from repository: Mcx2Dvcs"",""Binary"":""""}}"
238,238,2025-02-04 03:13:11.0000000,1130,LogAlways,.NET Runtime Optimization Service,Application,0,0,WIN-TFHMB3RRSQV,1,,,,,,,,,,,,False,example_files\original\C\Windows\System32\winevt\logs\Application.evtx,0x80000000000000,0,"{""EventData"":{""Data"":"".NET Runtime Optimization Service (2.0.50727.5420) - Installed from repository: Microsoft.MediaCenter.iTv"",""Binary"":""""}}"
239,239,2025-02-04 03:13:11.0000000,1130,LogAlways,.NET Runtime Optimization Service,Application,0,0,WIN-TFHMB3RRSQV,1,,,,,,,,,,,,False,example_files\original\C\Windows\System32\winevt\logs\Application.evtx,0x80000000000000,0,"{""EventData"":{""Data"":"".NET Runtime Optimization Service (2.0.50727.5420) - Installed from repository: Microsoft.MediaCenter.iTv.Media"",""Binary"":""""}}"
240,240,2025-02-04 03:13:12.0000000,1130,LogAlways,.NET Runtime Optimization Service,Application,0,0,WIN-TFHMB3RRSQV,1,,,,,,,,,,,,False,example_files\original\C\Windows\System32\winevt\logs\Application.evtx,0x80000000000000,0,"{""EventData"":{""Data"":"".NET Runtime Optimization Service (2.0.50727.5420) - Installed from repository: LoadMxf"",""Binary"":""""}}"
241,241,2025-02-04 03:13:12.0000000,1130,LogAlways,.NET Runtime Optimization Service,Application,0,0,WIN-TFHMB3RRSQV,1,,,,,,,,,,,,False,example_files\original\C\Windows\System32\winevt\logs\Application.evtx,0x80000000000000,0,"{""EventData"":{""Data"":"".NET Runtime Optimization Service (2.0.50727.5420) - Installed from repository: MCESidebarCtrl"",""Binary"":""""}}"
242,242,2025-02-04 03:13:12.0000000,1130,LogAlways,.NET Runtime Optimization Service,Application,0,0,WIN-TFHMB3RRSQV,1,,,,,,,,,,,,False,example_files\original\C\Windows\System32\winevt\logs\Application.evtx,0x80000000000000,0,"{""EventData"":{""Data"":"".NET Runtime Optimization Service (2.0.50727.5420) - Installed from repository: mcGlidHostObj"",""Binary"":""""}}"
243,243,2025-02-04 03:13:12.0000000,1130,LogAlways,.NET Runtime Optimization Service,Application,0,0,WIN-TFHMB3RRSQV,1,,,,,,,,,,,,False,example_files\original\C\Windows\System32\winevt\logs\Application.evtx,0x80000000000000,0,"{""EventData"":{""Data"":"".NET Runtime Optimization Service (2.0.50727.5420) - Installed from repository: mcplayerinterop"",""Binary"":""""}}"
244,244,2025-02-04 03:13:13.0000000,1130,LogAlways,.NET Runtime Optimization Service,Application,0,0,WIN-TFHMB3RRSQV,1,,,,,,,,,,,,False,example_files\original\C\Windows\System32\winevt\logs\Application.evtx,0x80000000000000,0,"{""EventData"":{""Data"":"".NET Runtime Optimization Service (2.0.50727.5420) - Installed from repository: mcupdate"",""Binary"":""""}}"
245,245,2025-02-04 03:13:13.0000000,1130,LogAlways,.NET Runtime Optimization Service,Application,0,0,WIN-TFHMB3RRSQV,1,,,,,,,,,,,,False,example_files\original\C\Windows\System32\winevt\logs\Application.evtx,0x80000000000000,0,"{""EventData"":{""Data"":"".NET Runtime Optimization Service (2.0.50727.5420) - Installed from repository: Microsoft.ApplicationId.Framework"",""Binary"":""""}}"
246,246,2025-02-04 03:13:13.0000000,1130,LogAlways,.NET Runtime Optimization Service,Application,0,0,WIN-TFHMB3RRSQV,1,,,,,,,,,,,,False,example_files\original\C\Windows\System32\winevt\logs\Application.evtx,0x80000000000000,0,"{""EventData"":{""Data"":"".NET Runtime Optimization Service (2.0.50727.5420) - Installed from repository: Microsoft.ApplicationId.RuleWizard"",""Binary"":""""}}"
247,247,2025-02-04 03:13:13.0000000,1130,LogAlways,.NET Runtime Optimization Service,Application,0,0,WIN-TFHMB3RRSQV,1,,,,,,,,,,,,False,example_files\original\C\Windows\System32\winevt\logs\Application.evtx,0x80000000000000,0,"{""EventData"":{""Data"":"".NET Runtime Optimization Service (2.0.50727.5420) - Installed from repository: Microsoft.Security.ApplicationId.PolicyManagement.PolicyModel"",""Binary"":""""}}"
248,248,2025-02-04 03:13:13.0000000,1130,LogAlways,.NET Runtime Optimization Service,Application,0,0,WIN-TFHMB3RRSQV,1,,,,,,,,,,,,False,example_files\original\C\Windows\System32\winevt\logs\Application.evtx,0x80000000000000,0,"{""EventData"":{""Data"":"".NET Runtime Optimization Service (2.0.50727.5420) - Installed from repository: Microsoft.Security.ApplicationId.PolicyManagement.XmlHelper"",""Binary"":""""}}"
249,249,2025-02-04 03:13:13.0000000,1130,LogAlways,.NET Runtime Optimization Service,Application,0,0,WIN-TFHMB3RRSQV,1,,,,,,,,,,,,False,example_files\original\C\Windows\System32\winevt\logs\Application.evtx,0x80000000000000,0,"{""EventData"":{""Data"":"".NET Runtime Optimization Service (2.0.50727.5420) - Installed from repository: Microsoft.Security.ApplicationId.PolicyManagement.PolicyManager"",""Binary"":""""}}"
250,250,2025-02-04 03:13:13.0000000,1130,LogAlways,.NET Runtime Optimization Service,Application,0,0,WIN-TFHMB3RRSQV,1,,,,,,,,,,,,False,example_files\original\C\Windows\System32\winevt\logs\Application.evtx,0x80000000000000,0,"{""EventData"":{""Data"":"".NET Runtime Optimization Service (2.0.50727.5420) - Installed from repository: Microsoft.Security.ApplicationId.PolicyManagement.PolicyEngineApi.Interop"",""Binary"":""""}}"
251,251,2025-02-04 03:13:13.0000000,1130,LogAlways,.NET Runtime Optimization Service,Application,0,0,WIN-TFHMB3RRSQV,1,,,,,,,,,,,,False,example_files\original\C\Windows\System32\winevt\logs\Application.evtx,0x80000000000000,0,"{""EventData"":{""Data"":"".NET Runtime Optimization Service (2.0.50727.5420) - Installed from repository: Microsoft.GroupPolicy.AdmTmplEditor"",""Binary"":""""}}"
252,252,2025-02-04 03:13:13.0000000,1130,LogAlways,.NET Runtime Optimization Service,Application,0,0,WIN-TFHMB3RRSQV,1,,,,,,,,,,,,False,example_files\original\C\Windows\System32\winevt\logs\Application.evtx,0x80000000000000,0,"{""EventData"":{""Data"":"".NET Runtime Optimization Service (2.0.50727.5420) - Installed from repository: Microsoft.GroupPolicy.Interop"",""Binary"":""""}}"
253,253,2025-02-04 03:13:14.0000000,1130,LogAlways,.NET Runtime Optimization Service,Application,0,0,WIN-TFHMB3RRSQV,1,,,,,,,,,,,,False,example_files\original\C\Windows\System32\winevt\logs\Application.evtx,0x80000000000000,0,"{""EventData"":{""Data"":"".NET Runtime Optimization Service (2.0.50727.5420) - Installed from repository: Microsoft.GroupPolicy.Reporting"",""Binary"":""""}}"
254,254,2025-02-04 03:13:14.0000000,1130,LogAlways,.NET Runtime Optimization Service,Application,0,0,WIN-TFHMB3RRSQV,1,,,,,,,,,,,,False,example_files\original\C\Windows\System32\winevt\logs\Application.evtx,0x80000000000000,0,"{""EventData"":{""Data"":"".NET Runtime Optimization Service (2.0.50727.5420) - Installed from repository: SecurityAuditPoliciesSnapIn"",""Binary"":""""}}"
255,255,2025-02-04 03:13:14.0000000,1130,LogAlways,.NET Runtime Optimization Service,Application,0,0,WIN-TFHMB3RRSQV,1,,,,,,,,,,,,False,example_files\original\C\Windows\System32\winevt\logs\Application.evtx,0x80000000000000,0,"{""EventData"":{""Data"":"".NET Runtime Optimization Service (2.0.50727.5420) - Installed from repository: Microsoft.MediaCenter.Bml"",""Binary"":""""}}"
256,256,2025-02-04 03:13:15.0000000,1130,LogAlways,.NET Runtime Optimization Service,Application,0,0,WIN-TFHMB3RRSQV,1,,,,,,,,,,,,False,example_files\original\C\Windows\System32\winevt\logs\Application.evtx,0x80000000000000,0,"{""EventData"":{""Data"":"".NET Runtime Optimization Service (2.0.50727.5420) - Installed from repository: Microsoft.MediaCenter.Mheg"",""Binary"":""""}}"
257,257,2025-02-04 03:13:15.0000000,1130,LogAlways,.NET Runtime Optimization Service,Application,0,0,WIN-TFHMB3RRSQV,1,,,,,,,,,,,,False,example_files\original\C\Windows\System32\winevt\logs\Application.evtx,0x80000000000000,0,"{""EventData"":{""Data"":"".NET Runtime Optimization Service (2.0.50727.5420) - Installed from repository: Microsoft.Security.ApplicationId.Wizards.AutomaticRuleGenerationWizard"",""Binary"":""""}}"
258,258,2025-02-04 03:13:16.0000000,1130,LogAlways,.NET Runtime Optimization Service,Application,0,0,WIN-TFHMB3RRSQV,1,,,,,,,,,,,,False,example_files\original\C\Windows\System32\winevt\logs\Application.evtx,0x80000000000000,0,"{""EventData"":{""Data"":"".NET Runtime Optimization Service (2.0.50727.5420) - Installed from repository: SrpUxSnapIn"",""Binary"":""""}}"
259,259,2025-02-04 03:13:54.0000000,1005,Info,Microsoft-Windows-CEIP,Application,0,0,WIN-TFHMB3RRSQV,1,,,,,,,,,,,,False,example_files\original\C\Windows\System32\winevt\logs\Application.evtx,0x80000000000000,0,"{""EventData"":""""}"
260,260,2025-02-04 03:14:55.0000000,10,Error,Microsoft-Windows-WMI,Application,0,0,WIN-TFHMB3RRSQV,1,,,,,,,,,,,,False,example_files\original\C\Windows\System32\winevt\logs\Application.evtx,0x80000000000000,0,"{""EventData"":{""Data"":""//./root/CIMV2, SELECT * FROM __InstanceModificationEvent WITHIN 60 WHERE TargetInstance ISA \""Win32_Processor\"" AND TargetInstance.LoadPercentage &gt; 99, 0x80041003"",""Binary"":""""}}"
261,261,2025-02-04 03:15:13.9477106,1001,Info,Microsoft-Windows-LoadPerf,Application,2332,512,WIN-TFHMB3RRSQV,1,S-1-5-18,,,,,,,,,,,False,example_files\original\C\Windows\System32\winevt\logs\Application.evtx,Classic,0,"{""UserData"":{""EventXML"":{""param1"":""WmiApRpl"",""param2"":""WmiApRpl"",""binaryDataSize"":""12"",""binaryData"":""34-19-00-00-35-19-00-00-34-07-00-00""}}}"
