298,298,2025-02-04 19:09:28.7157233,20001,Info,Microsoft-Windows-UserPnp,System,1720,1472,37L4247F27-25,2,S-1-5-18,Device installation,,,DriverDescription: Generic Bus,InstallStatus: Installation Successful,IsDriverOEM: False,UpgradeDevice: False,RebootOption: False,DeviceInstanceID: ACPI\PNP0A05\2A,FileRepository\machine.inf_amd64_neutral_a2f120466549d68b\machine.inf,False,example_files\original\C\Windows\System32\winevt\logs\System.evtx,Classic,0,"{""UserData"":{""InstallDeviceID"":{""DriverName"":""FileRepository\\machine.inf_amd64_neutral_a2f120466549d68b\\machine.inf"",""DriverVersion"":""6.1.7601.17514"",""DriverProvider"":""Microsoft"",""DeviceInstanceID"":""ACPI\\PNP0A05\\2A"",""SetupClass"":""4d36e97d-e325-11ce-bfc1-08002be10318"",""RebootOption"":""False"",""UpgradeDevice"":""False"",""IsDriverOEM"":""False"",""InstallStatus"":""0x0"",""DriverDescription"":""Generic Bus""}}}"
299,299,2025-02-04 19:09:28.9809238,20001,Info,Microsoft-Windows-UserPnp,System,1828,1944,37L4247F27-25,2,S-1-5-18,Device installation,,,DriverDescription: Generic Bus,InstallStatus: Installation Successful,IsDriverOEM: False,UpgradeDevice: False,RebootOption: False,DeviceInstanceID: ACPI\PNP0A05\45,FileRepository\machine.inf_amd64_neutral_a2f120466549d68b\machine.inf,False,example_files\original\C\Windows\System32\winevt\logs\System.evtx,Classic,0,"{""UserData"":{""InstallDeviceID"":{""DriverName"":""FileRepository\\machine.inf_amd64_neutral_a2f120466549d68b\\machine.inf"",""DriverVersion"":""6.1.7601.17514"",""DriverProvider"":""Microsoft"",""DeviceInstanceID"":""ACPI\\PNP0A05\\45"",""SetupClass"":""4d36e97d-e325-11ce-bfc1-08002be10318"",""RebootOption"":""False"",""UpgradeDevice"":""False"",""IsDriverOEM"":""False"",""InstallStatus"":""0x0"",""DriverDescription"":""Generic Bus""}}}"
300,300,2025-02-04 19:09:29.2461243,20001,Info,Microsoft-Windows-UserPnp,System,1724,1940,37L4247F27-25,2,S-1-5-18,Device installation,,,DriverDescription: Generic Bus,InstallStatus: Installation Successful,IsDriverOEM: False,UpgradeDevice: False,RebootOption: False,DeviceInstanceID: ACPI\PNP0A05\46,FileRepository\machine.inf_amd64_neutral_a2f120466549d68b\machine.inf,False,example_files\original\C\Windows\System32\winevt\logs\System.evtx,Classic,0,"{""UserData"":{""InstallDeviceID"":{""DriverName"":""FileRepository\\machine.inf_amd64_neutral_a2f120466549d68b\\machine.inf"",""DriverVersion"":""6.1.7601.17514"",""DriverProvider"":""Microsoft"",""DeviceInstanceID"":""ACPI\\PNP0A05\\46"",""SetupClass"":""4d36e97d-e325-11ce-bfc1-08002be10318"",""RebootOption"":""False"",""UpgradeDevice"":""False"",""IsDriverOEM"":""False"",""InstallStatus"":""0x0"",""DriverDescription"":""Generic Bus""}}}"
301,301,2025-02-04 19:09:29.4489246,20001,Info,Microsoft-Windows-UserPnp,System,1980,1996,37L4247F27-25,2,S-1-5-18,Device installation,,,"DriverDescription: ",InstallStatus: Installation Successful,IsDriverOEM: False,UpgradeDevice: False,RebootOption: False,DeviceInstanceID: PCI\VEN_15AD&amp;DEV_0740&amp;SUBSYS_074015AD&amp;REV_10\3&amp;2B8E0B4B&amp;0&amp;3F,NULL Driver,False,example_files\original\C\Windows\System32\winevt\logs\System.evtx,Classic,0,"{""UserData"":{""InstallDeviceID"":{""DriverName"":""NULL Driver"",""DriverVersion"":""0"",""DriverProvider"":"""",""DeviceInstanceID"":""PCI\\VEN_15AD&amp;DEV_0740&amp;SUBSYS_074015AD&amp;REV_10\\3&amp;2B8E0B4B&amp;0&amp;3F"",""SetupClass"":""00000000-0000-0000-0000-000000000000"",""RebootOption"":""False"",""UpgradeDevice"":""False"",""IsDriverOEM"":""False"",""InstallStatus"":""0x0"",""DriverDescription"":""""}}}"
302,302,2025-02-04 19:09:29.7453251,20001,Info,Microsoft-Windows-UserPnp,System,1776,1820,37L4247F27-25,2,S-1-5-18,Device installation,,,DriverDescription: Generic Bus,InstallStatus: Installation Successful,IsDriverOEM: False,UpgradeDevice: False,RebootOption: False,DeviceInstanceID: ACPI\PNP0A05\2B,FileRepository\machine.inf_amd64_neutral_a2f120466549d68b\machine.inf,False,example_files\original\C\Windows\System32\winevt\logs\System.evtx,Classic,0,"{""UserData"":{""InstallDeviceID"":{""DriverName"":""FileRepository\\machine.inf_amd64_neutral_a2f120466549d68b\\machine.inf"",""DriverVersion"":""6.1.7601.17514"",""DriverProvider"":""Microsoft"",""DeviceInstanceID"":""ACPI\\PNP0A05\\2B"",""SetupClass"":""4d36e97d-e325-11ce-bfc1-08002be10318"",""RebootOption"":""False"",""UpgradeDevice"":""False"",""IsDriverOEM"":""False"",""InstallStatus"":""0x0"",""DriverDescription"":""Generic Bus""}}}"
303,303,2025-02-04 19:09:29.9793255,20003,Info,Microsoft-Windows-UserPnp,System,1972,1824,37L4247F27-25,2,S-1-5-18,Service installation,,,ServiceName: pci,AddServiceStatus: Unknown code (0),,UpdateService: True,PrimaryService: True,DeviceInstanceID: PCI\VEN_15AD&amp;DEV_07A0&amp;SUBSYS_07A015AD&amp;REV_01\3&amp;2B8E0B4B&amp;0&amp;AC,system32\DRIVERS\pci.sys,False,example_files\original\C\Windows\System32\winevt\logs\System.evtx,Classic,0,"{""UserData"":{""AddServiceID"":{""ServiceName"":""pci"",""DriverFileName"":""system32\\DRIVERS\\pci.sys"",""DeviceInstanceID"":""PCI\\VEN_15AD&amp;DEV_07A0&amp;SUBSYS_07A015AD&amp;REV_01\\3&amp;2B8E0B4B&amp;0&amp;AC"",""PrimaryService"":""True"",""UpdateService"":""True"",""AddServiceStatus"":""0""}}}"
304,304,2025-02-04 19:09:30.2289260,20001,Info,Microsoft-Windows-UserPnp,System,1972,1824,37L4247F27-25,2,S-1-5-18,Device installation,,,DriverDescription: PCI Express standard Root Port,InstallStatus: Installation Successful,IsDriverOEM: False,UpgradeDevice: False,RebootOption: False,DeviceInstanceID: PCI\VEN_15AD&amp;DEV_07A0&amp;SUBSYS_07A015AD&amp;REV_01\3&amp;2B8E0B4B&amp;0&amp;AC,FileRepository\machine.inf_amd64_neutral_a2f120466549d68b\machine.inf,False,example_files\original\C\Windows\System32\winevt\logs\System.evtx,Classic,0,"{""UserData"":{""InstallDeviceID"":{""DriverName"":""FileRepository\\machine.inf_amd64_neutral_a2f120466549d68b\\machine.inf"",""DriverVersion"":""6.1.7601.17514"",""DriverProvider"":""Microsoft"",""DeviceInstanceID"":""PCI\\VEN_15AD&amp;DEV_07A0&amp;SUBSYS_07A015AD&amp;REV_01\\3&amp;2B8E0B4B&amp;0&amp;AC"",""SetupClass"":""4d36e97d-e325-11ce-bfc1-08002be10318"",""RebootOption"":""False"",""UpgradeDevice"":""False"",""IsDriverOEM"":""False"",""InstallStatus"":""0x0"",""DriverDescription"":""PCI Express standard Root Port""}}}"
305,305,2025-02-04 19:09:30.4317263,20001,Info,Microsoft-Windows-UserPnp,System,1920,1744,37L4247F27-25,2,S-1-5-18,Device installation,,,DriverDescription: Motherboard resources,InstallStatus: Installation Successful,IsDriverOEM: False,UpgradeDevice: False,RebootOption: False,DeviceInstanceID: ACPI\PNP0C02\4,FileRepository\machine.inf_amd64_neutral_a2f120466549d68b\machine.inf,False,example_files\original\C\Windows\System32\winevt\logs\System.evtx,Classic,0,"{""UserData"":{""InstallDeviceID"":{""DriverName"":""FileRepository\\machine.inf_amd64_neutral_a2f120466549d68b\\machine.inf"",""DriverVersion"":""6.1.7601.17514"",""DriverProvider"":""Microsoft"",""DeviceInstanceID"":""ACPI\\PNP0C02\\4"",""SetupClass"":""4d36e97d-e325-11ce-bfc1-08002be10318"",""RebootOption"":""False"",""UpgradeDevice"":""False"",""IsDriverOEM"":""False"",""InstallStatus"":""0x0"",""DriverDescription"":""Motherboard resources""}}}"
306,306,2025-02-04 19:09:30.6033266,20003,Info,Microsoft-Windows-UserPnp,System,1864,1364,37L4247F27-25,2,S-1-5-18,Service installation,,,ServiceName: pci,AddServiceStatus: Unknown code (0),,UpdateService: True,PrimaryService: True,DeviceInstanceID: PCI\VEN_15AD&amp;DEV_07A0&amp;SUBSYS_07A015AD&amp;REV_01\3&amp;2B8E0B4B&amp;0&amp;BC,system32\DRIVERS\pci.sys,False,example_files\original\C\Windows\System32\winevt\logs\System.evtx,Classic,0,"{""UserData"":{""AddServiceID"":{""ServiceName"":""pci"",""DriverFileName"":""system32\\DRIVERS\\pci.sys"",""DeviceInstanceID"":""PCI\\VEN_15AD&amp;DEV_07A0&amp;SUBSYS_07A015AD&amp;REV_01\\3&amp;2B8E0B4B&amp;0&amp;BC"",""PrimaryService"":""True"",""UpdateService"":""True"",""AddServiceStatus"":""0""}}}"
307,307,2025-02-04 19:09:30.8685271,20001,Info,Microsoft-Windows-UserPnp,System,1864,1364,37L4247F27-25,2,S-1-5-18,Device installation,,,DriverDescription: PCI Express standard Root Port,InstallStatus: Installation Successful,IsDriverOEM: False,UpgradeDevice: False,RebootOption: False,DeviceInstanceID: PCI\VEN_15AD&amp;DEV_07A0&amp;SUBSYS_07A015AD&amp;REV_01\3&amp;2B8E0B4B&amp;0&amp;BC,FileRepository\machine.inf_amd64_neutral_a2f120466549d68b\machine.inf,False,example_files\original\C\Windows\System32\winevt\logs\System.evtx,Classic,0,"{""UserData"":{""InstallDeviceID"":{""DriverName"":""FileRepository\\machine.inf_amd64_neutral_a2f120466549d68b\\machine.inf"",""DriverVersion"":""6.1.7601.17514"",""DriverProvider"":""Microsoft"",""DeviceInstanceID"":""PCI\\VEN_15AD&amp;DEV_07A0&amp;SUBSYS_07A015AD&amp;REV_01\\3&amp;2B8E0B4B&amp;0&amp;BC"",""SetupClass"":""4d36e97d-e325-11ce-bfc1-08002be10318"",""RebootOption"":""False"",""UpgradeDevice"":""False"",""IsDriverOEM"":""False"",""InstallStatus"":""0x0"",""DriverDescription"":""PCI Express standard Root Port""}}}"
308,308,2025-02-04 19:09:30.9777273,20003,Info,Microsoft-Windows-UserPnp,System,1060,2016,37L4247F27-25,2,S-1-5-18,Service installation,,,ServiceName: pci,AddServiceStatus: Unknown code (0),,UpdateService: True,PrimaryService: True,DeviceInstanceID: PCI\VEN_15AD&amp;DEV_07A0&amp;SUBSYS_07A015AD&amp;REV_01\3&amp;2B8E0B4B&amp;0&amp;B4,system32\DRIVERS\pci.sys,False,example_files\original\C\Windows\System32\winevt\logs\System.evtx,Classic,0,"{""UserData"":{""AddServiceID"":{""ServiceName"":""pci"",""DriverFileName"":""system32\\DRIVERS\\pci.sys"",""DeviceInstanceID"":""PCI\\VEN_15AD&amp;DEV_07A0&amp;SUBSYS_07A015AD&amp;REV_01\\3&amp;2B8E0B4B&amp;0&amp;B4"",""PrimaryService"":""True"",""UpdateService"":""True"",""AddServiceStatus"":""0""}}}"
309,309,2025-02-04 19:09:31.3053279,20001,Info,Microsoft-Windows-UserPnp,System,1060,2016,37L4247F27-25,2,S-1-5-18,Device installation,,,DriverDescription: PCI Express standard Root Port,InstallStatus: Installation Successful,IsDriverOEM: False,UpgradeDevice: False,RebootOption: False,DeviceInstanceID: PCI\VEN_15AD&amp;DEV_07A0&amp;SUBSYS_07A015AD&amp;REV_01\3&amp;2B8E0B4B&amp;0&amp;B4,FileRepository\machine.inf_amd64_neutral_a2f120466549d68b\machine.inf,False,example_files\original\C\Windows\System32\winevt\logs\System.evtx,Classic,0,"{""UserData"":{""InstallDeviceID"":{""DriverName"":""FileRepository\\machine.inf_amd64_neutral_a2f120466549d68b\\machine.inf"",""DriverVersion"":""6.1.7601.17514"",""DriverProvider"":""Microsoft"",""DeviceInstanceID"":""PCI\\VEN_15AD&amp;DEV_07A0&amp;SUBSYS_07A015AD&amp;REV_01\\3&amp;2B8E0B4B&amp;0&amp;B4"",""SetupClass"":""4d36e97d-e325-11ce-bfc1-08002be10318"",""RebootOption"":""False"",""UpgradeDevice"":""False"",""IsDriverOEM"":""False"",""InstallStatus"":""0x0"",""DriverDescription"":""PCI Express standard Root Port""}}}"
310,310,2025-02-04 19:09:31.4925282,20003,Info,Microsoft-Windows-UserPnp,System,1136,2000,37L4247F27-25,2,S-1-5-18,Service installation,,,ServiceName: pci,AddServiceStatus: Unknown code (0),,UpdateService: True,PrimaryService: True,DeviceInstanceID: PCI\VEN_15AD&amp;DEV_07A0&amp;SUBSYS_07A015AD&amp;REV_01\3&amp;2B8E0B4B&amp;0&amp;C4,system32\DRIVERS\pci.sys,False,example_files\original\C\Windows\System32\winevt\logs\System.evtx,Classic,0,"{""UserData"":{""AddServiceID"":{""ServiceName"":""pci"",""DriverFileName"":""system32\\DRIVERS\\pci.sys"",""DeviceInstanceID"":""PCI\\VEN_15AD&amp;DEV_07A0&amp;SUBSYS_07A015AD&amp;REV_01\\3&amp;2B8E0B4B&amp;0&amp;C4"",""PrimaryService"":""True"",""UpdateService"":""True"",""AddServiceStatus"":""0""}}}"
311,311,2025-02-04 19:09:31.7421286,20001,Info,Microsoft-Windows-UserPnp,System,1136,2000,37L4247F27-25,2,S-1-5-18,Device installation,,,DriverDescription: PCI Express standard Root Port,InstallStatus: Installation Successful,IsDriverOEM: False,UpgradeDevice: False,RebootOption: False,DeviceInstanceID: PCI\VEN_15AD&amp;DEV_07A0&amp;SUBSYS_07A015AD&amp;REV_01\3&amp;2B8E0B4B&amp;0&amp;C4,FileRepository\machine.inf_amd64_neutral_a2f120466549d68b\machine.inf,False,example_files\original\C\Windows\System32\winevt\logs\System.evtx,Classic,0,"{""UserData"":{""InstallDeviceID"":{""DriverName"":""FileRepository\\machine.inf_amd64_neutral_a2f120466549d68b\\machine.inf"",""DriverVersion"":""6.1.7601.17514"",""DriverProvider"":""Microsoft"",""DeviceInstanceID"":""PCI\\VEN_15AD&amp;DEV_07A0&amp;SUBSYS_07A015AD&amp;REV_01\\3&amp;2B8E0B4B&amp;0&amp;C4"",""SetupClass"":""4d36e97d-e325-11ce-bfc1-08002be10318"",""RebootOption"":""False"",""UpgradeDevice"":""False"",""IsDriverOEM"":""False"",""InstallStatus"":""0x0"",""DriverDescription"":""PCI Express standard Root Port""}}}"
312,312,2025-02-04 19:09:32.0697292,20001,Info,Microsoft-Windows-UserPnp,System,1608,2012,37L4247F27-25,2,S-1-5-18,Device installation,,,DriverDescription: Generic Bus,InstallStatus: Installation Successful,IsDriverOEM: False,UpgradeDevice: False,RebootOption: False,DeviceInstanceID: ACPI\PNP0A05\2C,FileRepository\machine.inf_amd64_neutral_a2f120466549d68b\machine.inf,False,example_files\original\C\Windows\System32\winevt\logs\System.evtx,Classic,0,"{""UserData"":{""InstallDeviceID"":{""DriverName"":""FileRepository\\machine.inf_amd64_neutral_a2f120466549d68b\\machine.inf"",""DriverVersion"":""6.1.7601.17514"",""DriverProvider"":""Microsoft"",""DeviceInstanceID"":""ACPI\\PNP0A05\\2C"",""SetupClass"":""4d36e97d-e325-11ce-bfc1-08002be10318"",""RebootOption"":""False"",""UpgradeDevice"":""False"",""IsDriverOEM"":""False"",""InstallStatus"":""0x0"",""DriverDescription"":""Generic Bus""}}}"
313,313,2025-02-04 19:09:32.4129298,20001,Info,Microsoft-Windows-UserPnp,System,1544,1656,37L4247F27-25,2,S-1-5-18,Device installation,,,DriverDescription: Generic Bus,InstallStatus: Installation Successful,IsDriverOEM: False,UpgradeDevice: False,RebootOption: False,DeviceInstanceID: ACPI\PNP0A05\47,FileRepository\machine.inf_amd64_neutral_a2f120466549d68b\machine.inf,False,example_files\original\C\Windows\System32\winevt\logs\System.evtx,Classic,0,"{""UserData"":{""InstallDeviceID"":{""DriverName"":""FileRepository\\machine.inf_amd64_neutral_a2f120466549d68b\\machine.inf"",""DriverVersion"":""6.1.7601.17514"",""DriverProvider"":""Microsoft"",""DeviceInstanceID"":""ACPI\\PNP0A05\\47"",""SetupClass"":""4d36e97d-e325-11ce-bfc1-08002be10318"",""RebootOption"":""False"",""UpgradeDevice"":""False"",""IsDriverOEM"":""False"",""InstallStatus"":""0x0"",""DriverDescription"":""Generic Bus""}}}"
314,314,2025-02-04 19:09:32.6157302,20003,Info,Microsoft-Windows-UserPnp,System,1684,1668,37L4247F27-25,2,S-1-5-18,Service installation,,,ServiceName: intelide,AddServiceStatus: Unknown code (0),,UpdateService: True,PrimaryService: True,DeviceInstanceID: PCI\VEN_8086&amp;DEV_7111&amp;SUBSYS_197615AD&amp;REV_01\3&amp;2B8E0B4B&amp;0&amp;39,system32\DRIVERS\intelide.sys,False,example_files\original\C\Windows\System32\winevt\logs\System.evtx,Classic,0,"{""UserData"":{""AddServiceID"":{""ServiceName"":""intelide"",""DriverFileName"":""system32\\DRIVERS\\intelide.sys"",""DeviceInstanceID"":""PCI\\VEN_8086&amp;DEV_7111&amp;SUBSYS_197615AD&amp;REV_01\\3&amp;2B8E0B4B&amp;0&amp;39"",""PrimaryService"":""True"",""UpdateService"":""True"",""AddServiceStatus"":""0""}}}"
315,315,2025-02-04 19:09:35.3613350,20001,Info,Microsoft-Windows-UserPnp,System,1684,1668,37L4247F27-25,2,S-1-5-18,Device installation,,,DriverDescription: Intel(R) 82371AB/EB PCI Bus Master IDE Controller,InstallStatus: Installation Successful,IsDriverOEM: False,UpgradeDevice: False,RebootOption: False,DeviceInstanceID: PCI\VEN_8086&amp;DEV_7111&amp;SUBSYS_197615AD&amp;REV_01\3&amp;2B8E0B4B&amp;0&amp;39,FileRepository\mshdc.inf_amd64_neutral_aad30bdeec04ea5e\mshdc.inf,False,example_files\original\C\Windows\System32\winevt\logs\System.evtx,Classic,0,"{""UserData"":{""InstallDeviceID"":{""DriverName"":""FileRepository\\mshdc.inf_amd64_neutral_aad30bdeec04ea5e\\mshdc.inf"",""DriverVersion"":""6.1.7601.17514"",""DriverProvider"":""Microsoft"",""DeviceInstanceID"":""PCI\\VEN_8086&amp;DEV_7111&amp;SUBSYS_197615AD&amp;REV_01\\3&amp;2B8E0B4B&amp;0&amp;39"",""SetupClass"":""4d36e96a-e325-11ce-bfc1-08002be10318"",""RebootOption"":""False"",""UpgradeDevice"":""False"",""IsDriverOEM"":""False"",""InstallStatus"":""0x0"",""DriverDescription"":""Intel(R) 82371AB/EB PCI Bus Master IDE Controller""}}}"
316,316,2025-02-04 19:09:35.6109354,20001,Info,Microsoft-Windows-UserPnp,System,1548,1492,37L4247F27-25,2,S-1-5-18,Device installation,,,DriverDescription: Generic Bus,InstallStatus: Installation Successful,IsDriverOEM: False,UpgradeDevice: False,RebootOption: False,DeviceInstanceID: ACPI\PNP0A05\2D,FileRepository\machine.inf_amd64_neutral_a2f120466549d68b\machine.inf,False,example_files\original\C\Windows\System32\winevt\logs\System.evtx,Classic,0,"{""UserData"":{""InstallDeviceID"":{""DriverName"":""FileRepository\\machine.inf_amd64_neutral_a2f120466549d68b\\machine.inf"",""DriverVersion"":""6.1.7601.17514"",""DriverProvider"":""Microsoft"",""DeviceInstanceID"":""ACPI\\PNP0A05\\2D"",""SetupClass"":""4d36e97d-e325-11ce-bfc1-08002be10318"",""RebootOption"":""False"",""UpgradeDevice"":""False"",""IsDriverOEM"":""False"",""InstallStatus"":""0x0"",""DriverDescription"":""Generic Bus""}}}"
317,317,2025-02-04 19:09:35.8917359,20001,Info,Microsoft-Windows-UserPnp,System,1580,1372,37L4247F27-25,2,S-1-5-18,Device installation,,,DriverDescription: Generic Bus,InstallStatus: Installation Successful,IsDriverOEM: False,UpgradeDevice: False,RebootOption: False,DeviceInstanceID: ACPI\PNP0A05\48,FileRepository\machine.inf_amd64_neutral_a2f120466549d68b\machine.inf,False,example_files\original\C\Windows\System32\winevt\logs\System.evtx,Classic,0,"{""UserData"":{""InstallDeviceID"":{""DriverName"":""FileRepository\\machine.inf_amd64_neutral_a2f120466549d68b\\machine.inf"",""DriverVersion"":""6.1.7601.17514"",""DriverProvider"":""Microsoft"",""DeviceInstanceID"":""ACPI\\PNP0A05\\48"",""SetupClass"":""4d36e97d-e325-11ce-bfc1-08002be10318"",""RebootOption"":""False"",""UpgradeDevice"":""False"",""IsDriverOEM"":""False"",""InstallStatus"":""0x0"",""DriverDescription"":""Generic Bus""}}}"
318,318,2025-02-04 19:09:36.0945363,20001,Info,Microsoft-Windows-UserPnp,System,1636,732,37L4247F27-25,2,S-1-5-18,Device installation,,,DriverDescription: Generic Bus,InstallStatus: Installation Successful,IsDriverOEM: False,UpgradeDevice: False,RebootOption: False,DeviceInstanceID: ACPI\PNP0A05\2E,FileRepository\machine.inf_amd64_neutral_a2f120466549d68b\machine.inf,False,example_files\original\C\Windows\System32\winevt\logs\System.evtx,Classic,0,"{""UserData"":{""InstallDeviceID"":{""DriverName"":""FileRepository\\machine.inf_amd64_neutral_a2f120466549d68b\\machine.inf"",""DriverVersion"":""6.1.7601.17514"",""DriverProvider"":""Microsoft"",""DeviceInstanceID"":""ACPI\\PNP0A05\\2E"",""SetupClass"":""4d36e97d-e325-11ce-bfc1-08002be10318"",""RebootOption"":""False"",""UpgradeDevice"":""False"",""IsDriverOEM"":""False"",""InstallStatus"":""0x0"",""DriverDescription"":""Generic Bus""}}}"
319,319,2025-02-04 19:09:36.3597367,20001,Info,Microsoft-Windows-UserPnp,System,1628,1760,37L4247F27-25,2,S-1-5-18,Device installation,,,DriverDescription: Generic Bus,InstallStatus: Installation Successful,IsDriverOEM: False,UpgradeDevice: False,RebootOption: False,DeviceInstanceID: ACPI\PNP0A05\49,FileRepository\machine.inf_amd64_neutral_a2f120466549d68b\machine.inf,False,example_files\original\C\Windows\System32\winevt\logs\System.evtx,Classic,0,"{""UserData"":{""InstallDeviceID"":{""DriverName"":""FileRepository\\machine.inf_amd64_neutral_a2f120466549d68b\\machine.inf"",""DriverVersion"":""6.1.7601.17514"",""DriverProvider"":""Microsoft"",""DeviceInstanceID"":""ACPI\\PNP0A05\\49"",""SetupClass"":""4d36e97d-e325-11ce-bfc1-08002be10318"",""RebootOption"":""False"",""UpgradeDevice"":""False"",""IsDriverOEM"":""False"",""InstallStatus"":""0x0"",""DriverDescription"":""Generic Bus""}}}"
320,320,2025-02-04 19:09:36.6405372,20001,Info,Microsoft-Windows-UserPnp,System,1552,1676,37L4247F27-25,2,S-1-5-18,Device installation,,,DriverDescription: Generic Bus,InstallStatus: Installation Successful,IsDriverOEM: False,UpgradeDevice: False,RebootOption: False,DeviceInstanceID: ACPI\PNP0A05\2F,FileRepository\machine.inf_amd64_neutral_a2f120466549d68b\machine.inf,False,example_files\original\C\Windows\System32\winevt\logs\System.evtx,Classic,0,"{""UserData"":{""InstallDeviceID"":{""DriverName"":""FileRepository\\machine.inf_amd64_neutral_a2f120466549d68b\\machine.inf"",""DriverVersion"":""6.1.7601.17514"",""DriverProvider"":""Microsoft"",""DeviceInstanceID"":""ACPI\\PNP0A05\\2F"",""SetupClass"":""4d36e97d-e325-11ce-bfc1-08002be10318"",""RebootOption"":""False"",""UpgradeDevice"":""False"",""IsDriverOEM"":""False"",""InstallStatus"":""0x0"",""DriverDescription"":""Generic Bus""}}}"
321,321,2025-02-04 19:09:37.0617380,20001,Info,Microsoft-Windows-UserPnp,System,1376,1536,37L4247F27-25,2,S-1-5-18,Device installation,,,DriverDescription: Generic Bus,InstallStatus: Installation Successful,IsDriverOEM: False,UpgradeDevice: False,RebootOption: False,DeviceInstanceID: ACPI\PNP0A05\4A,FileRepository\machine.inf_amd64_neutral_a2f120466549d68b\machine.inf,False,example_files\original\C\Windows\System32\winevt\logs\System.evtx,Classic,0,"{""UserData"":{""InstallDeviceID"":{""DriverName"":""FileRepository\\machine.inf_amd64_neutral_a2f120466549d68b\\machine.inf"",""DriverVersion"":""6.1.7601.17514"",""DriverProvider"":""Microsoft"",""DeviceInstanceID"":""ACPI\\PNP0A05\\4A"",""SetupClass"":""4d36e97d-e325-11ce-bfc1-08002be10318"",""RebootOption"":""False"",""UpgradeDevice"":""False"",""IsDriverOEM"":""False"",""InstallStatus"":""0x0"",""DriverDescription"":""Generic Bus""}}}"
322,322,2025-02-04 19:09:37.2489383,20003,Info,Microsoft-Windows-UserPnp,System,1712,1556,37L4247F27-25,2,S-1-5-18,Service installation,,,ServiceName: pci,AddServiceStatus: Unknown code (0),,UpdateService: True,PrimaryService: True,DeviceInstanceID: PCI\VEN_15AD&amp;DEV_07A0&amp;SUBSYS_07A015AD&amp;REV_01\3&amp;2B8E0B4B&amp;0&amp;B5,system32\DRIVERS\pci.sys,False,example_files\original\C\Windows\System32\winevt\logs\System.evtx,Classic,0,"{""UserData"":{""AddServiceID"":{""ServiceName"":""pci"",""DriverFileName"":""system32\\DRIVERS\\pci.sys"",""DeviceInstanceID"":""PCI\\VEN_15AD&amp;DEV_07A0&amp;SUBSYS_07A015AD&amp;REV_01\\3&amp;2B8E0B4B&amp;0&amp;B5"",""PrimaryService"":""True"",""UpdateService"":""True"",""AddServiceStatus"":""0""}}}"
323,323,2025-02-04 19:09:37.4205386,20001,Info,Microsoft-Windows-UserPnp,System,1712,1556,37L4247F27-25,2,S-1-5-18,Device installation,,,DriverDescription: PCI Express standard Root Port,InstallStatus: Installation Successful,IsDriverOEM: False,UpgradeDevice: False,RebootOption: False,DeviceInstanceID: PCI\VEN_15AD&amp;DEV_07A0&amp;SUBSYS_07A015AD&amp;REV_01\3&amp;2B8E0B4B&amp;0&amp;B5,FileRepository\machine.inf_amd64_neutral_a2f120466549d68b\machine.inf,False,example_files\original\C\Windows\System32\winevt\logs\System.evtx,Classic,0,"{""UserData"":{""InstallDeviceID"":{""DriverName"":""FileRepository\\machine.inf_amd64_neutral_a2f120466549d68b\\machine.inf"",""DriverVersion"":""6.1.7601.17514"",""DriverProvider"":""Microsoft"",""DeviceInstanceID"":""PCI\\VEN_15AD&amp;DEV_07A0&amp;SUBSYS_07A015AD&amp;REV_01\\3&amp;2B8E0B4B&amp;0&amp;B5"",""SetupClass"":""4d36e97d-e325-11ce-bfc1-08002be10318"",""RebootOption"":""False"",""UpgradeDevice"":""False"",""IsDriverOEM"":""False"",""InstallStatus"":""0x0"",""DriverDescription"":""PCI Express standard Root Port""}}}"
324,324,2025-02-04 19:09:37.6389390,20003,Info,Microsoft-Windows-UserPnp,System,1468,1644,37L4247F27-25,2,S-1-5-18,Service installation,,,ServiceName: pci,AddServiceStatus: Unknown code (0),,UpdateService: True,PrimaryService: True,DeviceInstanceID: PCI\VEN_15AD&amp;DEV_07A0&amp;SUBSYS_07A015AD&amp;REV_01\3&amp;2B8E0B4B&amp;0&amp;AD,system32\DRIVERS\pci.sys,False,example_files\original\C\Windows\System32\winevt\logs\System.evtx,Classic,0,"{""UserData"":{""AddServiceID"":{""ServiceName"":""pci"",""DriverFileName"":""system32\\DRIVERS\\pci.sys"",""DeviceInstanceID"":""PCI\\VEN_15AD&amp;DEV_07A0&amp;SUBSYS_07A015AD&amp;REV_01\\3&amp;2B8E0B4B&amp;0&amp;AD"",""PrimaryService"":""True"",""UpdateService"":""True"",""AddServiceStatus"":""0""}}}"
325,325,2025-02-04 19:09:37.8729394,20001,Info,Microsoft-Windows-UserPnp,System,1468,1644,37L4247F27-25,2,S-1-5-18,Device installation,,,DriverDescription: PCI Express standard Root Port,InstallStatus: Installation Successful,IsDriverOEM: False,UpgradeDevice: False,RebootOption: False,DeviceInstanceID: PCI\VEN_15AD&amp;DEV_07A0&amp;SUBSYS_07A015AD&amp;REV_01\3&amp;2B8E0B4B&amp;0&amp;AD,FileRepository\machine.inf_amd64_neutral_a2f120466549d68b\machine.inf,False,example_files\original\C\Windows\System32\winevt\logs\System.evtx,Classic,0,"{""UserData"":{""InstallDeviceID"":{""DriverName"":""FileRepository\\machine.inf_amd64_neutral_a2f120466549d68b\\machine.inf"",""DriverVersion"":""6.1.7601.17514"",""DriverProvider"":""Microsoft"",""DeviceInstanceID"":""PCI\\VEN_15AD&amp;DEV_07A0&amp;SUBSYS_07A015AD&amp;REV_01\\3&amp;2B8E0B4B&amp;0&amp;AD"",""SetupClass"":""4d36e97d-e325-11ce-bfc1-08002be10318"",""RebootOption"":""False"",""UpgradeDevice"":""False"",""IsDriverOEM"":""False"",""InstallStatus"":""0x0"",""DriverDescription"":""PCI Express standard Root Port""}}}"
326,326,2025-02-04 19:09:38.0757398,20003,Info,Microsoft-Windows-UserPnp,System,1932,2040,37L4247F27-25,2,S-1-5-18,Service installation,,,ServiceName: pci,AddServiceStatus: Unknown code (0),,UpdateService: True,PrimaryService: True,DeviceInstanceID: PCI\VEN_15AD&amp;DEV_07A0&amp;SUBSYS_07A015AD&amp;REV_01\3&amp;2B8E0B4B&amp;0&amp;BD,system32\DRIVERS\pci.sys,False,example_files\original\C\Windows\System32\winevt\logs\System.evtx,Classic,0,"{""UserData"":{""AddServiceID"":{""ServiceName"":""pci"",""DriverFileName"":""system32\\DRIVERS\\pci.sys"",""DeviceInstanceID"":""PCI\\VEN_15AD&amp;DEV_07A0&amp;SUBSYS_07A015AD&amp;REV_01\\3&amp;2B8E0B4B&amp;0&amp;BD"",""PrimaryService"":""True"",""UpdateService"":""True"",""AddServiceStatus"":""0""}}}"
327,327,2025-02-04 19:09:38.1381399,20001,Info,Microsoft-Windows-UserPnp,System,1932,2040,37L4247F27-25,2,S-1-5-18,Device installation,,,DriverDescription: PCI Express standard Root Port,InstallStatus: Installation Successful,IsDriverOEM: False,UpgradeDevice: False,RebootOption: False,DeviceInstanceID: PCI\VEN_15AD&amp;DEV_07A0&amp;SUBSYS_07A015AD&amp;REV_01\3&amp;2B8E0B4B&amp;0&amp;BD,FileRepository\machine.inf_amd64_neutral_a2f120466549d68b\machine.inf,False,example_files\original\C\Windows\System32\winevt\logs\System.evtx,Classic,0,"{""UserData"":{""InstallDeviceID"":{""DriverName"":""FileRepository\\machine.inf_amd64_neutral_a2f120466549d68b\\machine.inf"",""DriverVersion"":""6.1.7601.17514"",""DriverProvider"":""Microsoft"",""DeviceInstanceID"":""PCI\\VEN_15AD&amp;DEV_07A0&amp;SUBSYS_07A015AD&amp;REV_01\\3&amp;2B8E0B4B&amp;0&amp;BD"",""SetupClass"":""4d36e97d-e325-11ce-bfc1-08002be10318"",""RebootOption"":""False"",""UpgradeDevice"":""False"",""IsDriverOEM"":""False"",""InstallStatus"":""0x0"",""DriverDescription"":""PCI Express standard Root Port""}}}"
328,328,2025-02-04 19:09:38.3721403,20001,Info,Microsoft-Windows-UserPnp,System,1852,1984,37L4247F27-25,2,S-1-5-18,Device installation,,,DriverDescription: System speaker,InstallStatus: Installation Successful,IsDriverOEM: False,UpgradeDevice: False,RebootOption: False,DeviceInstanceID: ACPI\PNP0800\4&amp;205AD762&amp;0,FileRepository\machine.inf_amd64_neutral_a2f120466549d68b\machine.inf,False,example_files\original\C\Windows\System32\winevt\logs\System.evtx,Classic,0,"{""UserData"":{""InstallDeviceID"":{""DriverName"":""FileRepository\\machine.inf_amd64_neutral_a2f120466549d68b\\machine.inf"",""DriverVersion"":""6.1.7601.17514"",""DriverProvider"":""Microsoft"",""DeviceInstanceID"":""ACPI\\PNP0800\\4&amp;205AD762&amp;0"",""SetupClass"":""4d36e97d-e325-11ce-bfc1-08002be10318"",""RebootOption"":""False"",""UpgradeDevice"":""False"",""IsDriverOEM"":""False"",""InstallStatus"":""0x0"",""DriverDescription"":""System speaker""}}}"
329,329,2025-02-04 19:09:38.5125405,20003,Info,Microsoft-Windows-UserPnp,System,2004,1824,37L4247F27-25,2,S-1-5-18,Service installation,,,ServiceName: usbuhci,AddServiceStatus: Unknown code (0),,UpdateService: True,PrimaryService: True,DeviceInstanceID: PCI\VEN_15AD&amp;DEV_0774&amp;SUBSYS_197615AD&amp;REV_00\4&amp;3AD87E0A&amp;0&amp;0088,system32\DRIVERS\usbuhci.sys,False,example_files\original\C\Windows\System32\winevt\logs\System.evtx,Classic,0,"{""UserData"":{""AddServiceID"":{""ServiceName"":""usbuhci"",""DriverFileName"":""system32\\DRIVERS\\usbuhci.sys"",""DeviceInstanceID"":""PCI\\VEN_15AD&amp;DEV_0774&amp;SUBSYS_197615AD&amp;REV_00\\4&amp;3AD87E0A&amp;0&amp;0088"",""PrimaryService"":""True"",""UpdateService"":""True"",""AddServiceStatus"":""0""}}}"
330,330,2025-02-04 19:09:40.2441436,20001,Info,Microsoft-Windows-UserPnp,System,2004,1824,37L4247F27-25,2,S-1-5-18,Device installation,,,DriverDescription: Standard Universal PCI to USB Host Controller,InstallStatus: Installation Successful,IsDriverOEM: False,UpgradeDevice: False,RebootOption: False,DeviceInstanceID: PCI\VEN_15AD&amp;DEV_0774&amp;SUBSYS_197615AD&amp;REV_00\4&amp;3AD87E0A&amp;0&amp;0088,FileRepository\usbport.inf_amd64_neutral_f935002f367d5bb0\usbport.inf,False,example_files\original\C\Windows\System32\winevt\logs\System.evtx,Classic,0,"{""UserData"":{""InstallDeviceID"":{""DriverName"":""FileRepository\\usbport.inf_amd64_neutral_f935002f367d5bb0\\usbport.inf"",""DriverVersion"":""6.1.7601.17514"",""DriverProvider"":""Microsoft"",""DeviceInstanceID"":""PCI\\VEN_15AD&amp;DEV_0774&amp;SUBSYS_197615AD&amp;REV_00\\4&amp;3AD87E0A&amp;0&amp;0088"",""SetupClass"":""36fc9e60-c465-11cf-8056-444553540000"",""RebootOption"":""False"",""UpgradeDevice"":""False"",""IsDriverOEM"":""False"",""InstallStatus"":""0x0"",""DriverDescription"":""Standard Universal PCI to USB Host Controller""}}}"
331,331,2025-02-04 19:09:40.4469439,20003,Info,Microsoft-Windows-UserPnp,System,1744,1812,37L4247F27-25,2,S-1-5-18,Service installation,,,ServiceName: atapi,AddServiceStatus: Unknown code (0),,UpdateService: True,PrimaryService: True,DeviceInstanceID: PCIIDE\IDECHANNEL\4&amp;C5D1198&amp;0&amp;0,system32\DRIVERS\atapi.sys,False,example_files\original\C\Windows\System32\winevt\logs\System.evtx,Classic,0,"{""UserData"":{""AddServiceID"":{""ServiceName"":""atapi"",""DriverFileName"":""system32\\DRIVERS\\atapi.sys"",""DeviceInstanceID"":""PCIIDE\\IDECHANNEL\\4&amp;C5D1198&amp;0&amp;0"",""PrimaryService"":""True"",""UpdateService"":""True"",""AddServiceStatus"":""0""}}}"
332,332,2025-02-04 19:09:43.1145486,20001,Info,Microsoft-Windows-UserPnp,System,1744,1812,37L4247F27-25,2,S-1-5-18,Device installation,,,DriverDescription: IDE Channel,InstallStatus: Installation Successful,IsDriverOEM: False,UpgradeDevice: False,RebootOption: False,DeviceInstanceID: PCIIDE\IDECHANNEL\4&amp;C5D1198&amp;0&amp;0,FileRepository\mshdc.inf_amd64_neutral_aad30bdeec04ea5e\mshdc.inf,False,example_files\original\C\Windows\System32\winevt\logs\System.evtx,Classic,0,"{""UserData"":{""InstallDeviceID"":{""DriverName"":""FileRepository\\mshdc.inf_amd64_neutral_aad30bdeec04ea5e\\mshdc.inf"",""DriverVersion"":""6.1.7601.17514"",""DriverProvider"":""Microsoft"",""DeviceInstanceID"":""PCIIDE\\IDECHANNEL\\4&amp;C5D1198&amp;0&amp;0"",""SetupClass"":""4d36e96a-e325-11ce-bfc1-08002be10318"",""RebootOption"":""False"",""UpgradeDevice"":""False"",""IsDriverOEM"":""False"",""InstallStatus"":""0x0"",""DriverDescription"":""IDE Channel""}}}"
333,333,2025-02-04 19:09:43.3017489,20003,Info,Microsoft-Windows-UserPnp,System,2020,1176,37L4247F27-25,2,S-1-5-18,Service installation,,,ServiceName: atapi,AddServiceStatus: Unknown code (0),,UpdateService: True,PrimaryService: True,DeviceInstanceID: PCIIDE\IDECHANNEL\4&amp;C5D1198&amp;0&amp;1,system32\DRIVERS\atapi.sys,False,example_files\original\C\Windows\System32\winevt\logs\System.evtx,Classic,0,"{""UserData"":{""AddServiceID"":{""ServiceName"":""atapi"",""DriverFileName"":""system32\\DRIVERS\\atapi.sys"",""DeviceInstanceID"":""PCIIDE\\IDECHANNEL\\4&amp;C5D1198&amp;0&amp;1"",""PrimaryService"":""True"",""UpdateService"":""True"",""AddServiceStatus"":""0""}}}"
334,334,2025-02-04 19:09:46.1097539,20001,Info,Microsoft-Windows-UserPnp,System,2020,1176,37L4247F27-25,2,S-1-5-18,Device installation,,,DriverDescription: IDE Channel,InstallStatus: Installation Successful,IsDriverOEM: False,UpgradeDevice: False,RebootOption: False,DeviceInstanceID: PCIIDE\IDECHANNEL\4&amp;C5D1198&amp;0&amp;1,FileRepository\mshdc.inf_amd64_neutral_aad30bdeec04ea5e\mshdc.inf,False,example_files\original\C\Windows\System32\winevt\logs\System.evtx,Classic,0,"{""UserData"":{""InstallDeviceID"":{""DriverName"":""FileRepository\\mshdc.inf_amd64_neutral_aad30bdeec04ea5e\\mshdc.inf"",""DriverVersion"":""6.1.7601.17514"",""DriverProvider"":""Microsoft"",""DeviceInstanceID"":""PCIIDE\\IDECHANNEL\\4&amp;C5D1198&amp;0&amp;1"",""SetupClass"":""4d36e96a-e325-11ce-bfc1-08002be10318"",""RebootOption"":""False"",""UpgradeDevice"":""False"",""IsDriverOEM"":""False"",""InstallStatus"":""0x0"",""DriverDescription"":""IDE Channel""}}}"
335,335,2025-02-04 19:09:46.2969542,20003,Info,Microsoft-Windows-UserPnp,System,1864,2016,37L4247F27-25,2,S-1-5-18,Service installation,,,ServiceName: msahci,AddServiceStatus: Unknown code (0),,UpdateService: True,PrimaryService: True,DeviceInstanceID: PCI\VEN_15AD&amp;DEV_07E0&amp;SUBSYS_07E015AD&amp;REV_00\4&amp;3AD87E0A&amp;0&amp;2088,system32\DRIVERS\msahci.sys,False,example_files\original\C\Windows\System32\winevt\logs\System.evtx,Classic,0,"{""UserData"":{""AddServiceID"":{""ServiceName"":""msahci"",""DriverFileName"":""system32\\DRIVERS\\msahci.sys"",""DeviceInstanceID"":""PCI\\VEN_15AD&amp;DEV_07E0&amp;SUBSYS_07E015AD&amp;REV_00\\4&amp;3AD87E0A&amp;0&amp;2088"",""PrimaryService"":""True"",""UpdateService"":""True"",""AddServiceStatus"":""0""}}}"
336,336,2025-02-04 19:09:46.3125542,20003,Info,Microsoft-Windows-UserPnp,System,1864,2016,37L4247F27-25,2,S-1-5-18,Service installation,,,ServiceName: atapi,AddServiceStatus: Unknown code (0),,UpdateService: True,PrimaryService: False,DeviceInstanceID: PCI\VEN_15AD&amp;DEV_07E0&amp;SUBSYS_07E015AD&amp;REV_00\4&amp;3AD87E0A&amp;0&amp;2088,system32\DRIVERS\atapi.sys,False,example_files\original\C\Windows\System32\winevt\logs\System.evtx,Classic,0,"{""UserData"":{""AddServiceID"":{""ServiceName"":""atapi"",""DriverFileName"":""system32\\DRIVERS\\atapi.sys"",""DeviceInstanceID"":""PCI\\VEN_15AD&amp;DEV_07E0&amp;SUBSYS_07E015AD&amp;REV_00\\4&amp;3AD87E0A&amp;0&amp;2088"",""PrimaryService"":""False"",""UpdateService"":""True"",""AddServiceStatus"":""0""}}}"
337,337,2025-02-04 19:09:46.6401548,20001,Info,Microsoft-Windows-UserPnp,System,1864,2016,37L4247F27-25,2,S-1-5-18,Device installation,,,DriverDescription: Standard AHCI 1.0 Serial ATA Controller,InstallStatus: Installation Successful,IsDriverOEM: False,UpgradeDevice: False,RebootOption: False,DeviceInstanceID: PCI\VEN_15AD&amp;DEV_07E0&amp;SUBSYS_07E015AD&amp;REV_00\4&amp;3AD87E0A&amp;0&amp;2088,FileRepository\mshdc.inf_amd64_neutral_aad30bdeec04ea5e\mshdc.inf,False,example_files\original\C\Windows\System32\winevt\logs\System.evtx,Classic,0,"{""UserData"":{""InstallDeviceID"":{""DriverName"":""FileRepository\\mshdc.inf_amd64_neutral_aad30bdeec04ea5e\\mshdc.inf"",""DriverVersion"":""6.1.7601.17514"",""DriverProvider"":""Microsoft"",""DeviceInstanceID"":""PCI\\VEN_15AD&amp;DEV_07E0&amp;SUBSYS_07E015AD&amp;REV_00\\4&amp;3AD87E0A&amp;0&amp;2088"",""SetupClass"":""4d36e96a-e325-11ce-bfc1-08002be10318"",""RebootOption"":""False"",""UpgradeDevice"":""False"",""IsDriverOEM"":""False"",""InstallStatus"":""0x0"",""DriverDescription"":""Standard AHCI 1.0 Serial ATA Controller""}}}"
338,338,2025-02-04 19:09:46.7649550,20003,Info,Microsoft-Windows-UserPnp,System,1060,2000,37L4247F27-25,2,S-1-5-18,Service installation,,,ServiceName: HDAudBus,AddServiceStatus: Unknown code (0),,UpdateService: True,PrimaryService: True,DeviceInstanceID: PCI\VEN_15AD&amp;DEV_1977&amp;SUBSYS_197715AD&amp;REV_09\4&amp;3AD87E0A&amp;0&amp;1088,system32\DRIVERS\HDAudBus.sys,False,example_files\original\C\Windows\System32\winevt\logs\System.evtx,Classic,0,"{""UserData"":{""AddServiceID"":{""ServiceName"":""HDAudBus"",""DriverFileName"":""system32\\DRIVERS\\HDAudBus.sys"",""DeviceInstanceID"":""PCI\\VEN_15AD&amp;DEV_1977&amp;SUBSYS_197715AD&amp;REV_09\\4&amp;3AD87E0A&amp;0&amp;1088"",""PrimaryService"":""True"",""UpdateService"":""True"",""AddServiceStatus"":""0""}}}"
339,339,2025-02-04 19:09:46.9677554,20001,Info,Microsoft-Windows-UserPnp,System,1060,2000,37L4247F27-25,2,S-1-5-18,Device installation,,,DriverDescription: High Definition Audio Controller,InstallStatus: Installation Successful,IsDriverOEM: False,UpgradeDevice: False,RebootOption: False,DeviceInstanceID: PCI\VEN_15AD&amp;DEV_1977&amp;SUBSYS_197715AD&amp;REV_09\4&amp;3AD87E0A&amp;0&amp;1088,FileRepository\hdaudbus.inf_amd64_neutral_4b99fffee061ff26\hdaudbus.inf,False,example_files\original\C\Windows\System32\winevt\logs\System.evtx,Classic,0,"{""UserData"":{""InstallDeviceID"":{""DriverName"":""FileRepository\\hdaudbus.inf_amd64_neutral_4b99fffee061ff26\\hdaudbus.inf"",""DriverVersion"":""6.1.7601.17514"",""DriverProvider"":""Microsoft"",""DeviceInstanceID"":""PCI\\VEN_15AD&amp;DEV_1977&amp;SUBSYS_197715AD&amp;REV_09\\4&amp;3AD87E0A&amp;0&amp;1088"",""SetupClass"":""4d36e97d-e325-11ce-bfc1-08002be10318"",""RebootOption"":""False"",""UpgradeDevice"":""False"",""IsDriverOEM"":""False"",""InstallStatus"":""0x0"",""DriverDescription"":""High Definition Audio Controller""}}}"
340,340,2025-02-04 19:09:47.3109560,20001,Info,Microsoft-Windows-UserPnp,System,1136,2012,37L4247F27-25,2,S-1-5-18,Device installation,,,DriverDescription: Generic Bus,InstallStatus: Installation Successful,IsDriverOEM: False,UpgradeDevice: False,RebootOption: False,DeviceInstanceID: ACPI\PNP0A05\4&amp;205AD762&amp;0,FileRepository\machine.inf_amd64_neutral_a2f120466549d68b\machine.inf,False,example_files\original\C\Windows\System32\winevt\logs\System.evtx,Classic,0,"{""UserData"":{""InstallDeviceID"":{""DriverName"":""FileRepository\\machine.inf_amd64_neutral_a2f120466549d68b\\machine.inf"",""DriverVersion"":""6.1.7601.17514"",""DriverProvider"":""Microsoft"",""DeviceInstanceID"":""ACPI\\PNP0A05\\4&amp;205AD762&amp;0"",""SetupClass"":""4d36e97d-e325-11ce-bfc1-08002be10318"",""RebootOption"":""False"",""UpgradeDevice"":""False"",""IsDriverOEM"":""False"",""InstallStatus"":""0x0"",""DriverDescription"":""Generic Bus""}}}"
341,341,2025-02-04 19:09:47.5293564,20003,Info,Microsoft-Windows-UserPnp,System,1656,1532,37L4247F27-25,2,S-1-5-18,Service installation,,,ServiceName: LSI_SAS,AddServiceStatus: Unknown code (0),,UpdateService: True,PrimaryService: True,DeviceInstanceID: PCI\VEN_1000&amp;DEV_0054&amp;SUBSYS_197615AD&amp;REV_01\4&amp;1F16FEF7&amp;0&amp;00A8,system32\DRIVERS\lsi_sas.sys,False,example_files\original\C\Windows\System32\winevt\logs\System.evtx,Classic,0,"{""UserData"":{""AddServiceID"":{""ServiceName"":""LSI_SAS"",""DriverFileName"":""system32\\DRIVERS\\lsi_sas.sys"",""DeviceInstanceID"":""PCI\\VEN_1000&amp;DEV_0054&amp;SUBSYS_197615AD&amp;REV_01\\4&amp;1F16FEF7&amp;0&amp;00A8"",""PrimaryService"":""True"",""UpdateService"":""True"",""AddServiceStatus"":""0""}}}"
342,342,2025-02-04 19:09:47.6229565,20001,Info,Microsoft-Windows-UserPnp,System,1656,1532,37L4247F27-25,2,S-1-5-18,Device installation,,,"DriverDescription: LSI Adapter, SAS 3000 series, 8-port with 1068",InstallStatus: Installation Successful,IsDriverOEM: False,UpgradeDevice: False,RebootOption: True,DeviceInstanceID: PCI\VEN_1000&amp;DEV_0054&amp;SUBSYS_197615AD&amp;REV_01\4&amp;1F16FEF7&amp;0&amp;00A8,FileRepository\lsi_sas.inf_amd64_neutral_a4d6780f72cbd5b4\lsi_sas.inf,False,example_files\original\C\Windows\System32\winevt\logs\System.evtx,Classic,0,"{""UserData"":{""InstallDeviceID"":{""DriverName"":""FileRepository\\lsi_sas.inf_amd64_neutral_a4d6780f72cbd5b4\\lsi_sas.inf"",""DriverVersion"":""1.28.3.52"",""DriverProvider"":""LSI"",""DeviceInstanceID"":""PCI\\VEN_1000&amp;DEV_0054&amp;SUBSYS_197615AD&amp;REV_01\\4&amp;1F16FEF7&amp;0&amp;00A8"",""SetupClass"":""4d36e97b-e325-11ce-bfc1-08002be10318"",""RebootOption"":""True"",""UpgradeDevice"":""False"",""IsDriverOEM"":""False"",""InstallStatus"":""0x0"",""DriverDescription"":""LSI Adapter, SAS 3000 series, 8-port with 1068""}}}"
343,343,2025-02-04 19:09:47.9037570,7045,Info,Service Control Manager,System,444,516,37L4247F27-25,2,S-1-5-18,A new service was installed in the system,,,Name: Intel(R) PRO/1000 NDIS 6 Adapter Driver,StartType: demand start,"Account: ",,,,system32\DRIVERS\E1G6032E.sys,False,example_files\original\C\Windows\System32\winevt\logs\System.evtx,"Audit success, classic",0,"{""EventData"":{""Data"":[{""@Name"":""ServiceName"",""#text"":""Intel(R) PRO/1000 NDIS 6 Adapter Driver""},{""@Name"":""ImagePath"",""#text"":""system32\\DRIVERS\\E1G6032E.sys""},{""@Name"":""ServiceType"",""#text"":""kernel mode driver""},{""@Name"":""StartType"",""#text"":""demand start""},{""@Name"":""AccountName""}]}}"
344,344,2025-02-04 19:09:47.9193570,20003,Info,Microsoft-Windows-UserPnp,System,1668,1680,37L4247F27-25,2,S-1-5-18,Service installation,,,ServiceName: E1G60,AddServiceStatus: Unknown code (0),,UpdateService: False,PrimaryService: True,DeviceInstanceID: PCI\VEN_8086&amp;DEV_100F&amp;SUBSYS_075015AD&amp;REV_01\4&amp;3AD87E0A&amp;0&amp;0888,system32\DRIVERS\E1G6032E.sys,False,example_files\original\C\Windows\System32\winevt\logs\System.evtx,Classic,0,"{""UserData"":{""AddServiceID"":{""ServiceName"":""E1G60"",""DriverFileName"":""system32\\DRIVERS\\E1G6032E.sys"",""DeviceInstanceID"":""PCI\\VEN_8086&amp;DEV_100F&amp;SUBSYS_075015AD&amp;REV_01\\4&amp;3AD87E0A&amp;0&amp;0888"",""PrimaryService"":""True"",""UpdateService"":""False"",""AddServiceStatus"":""0""}}}"
345,345,2025-02-04 19:09:48.8709587,20001,Info,Microsoft-Windows-UserPnp,System,1668,1680,37L4247F27-25,2,S-1-5-18,Device installation,,,DriverDescription: Intel(R) PRO/1000 MT Network Connection,InstallStatus: Installation Successful,IsDriverOEM: False,UpgradeDevice: False,RebootOption: False,DeviceInstanceID: PCI\VEN_8086&amp;DEV_100F&amp;SUBSYS_075015AD&amp;REV_01\4&amp;3AD87E0A&amp;0&amp;0888,FileRepository\nete1g3e.inf_amd64_neutral_7f08406e40c6ede2\nete1g3e.inf,False,example_files\original\C\Windows\System32\winevt\logs\System.evtx,Classic,0,"{""UserData"":{""InstallDeviceID"":{""DriverName"":""FileRepository\\nete1g3e.inf_amd64_neutral_7f08406e40c6ede2\\nete1g3e.inf"",""DriverVersion"":""8.4.1.0"",""DriverProvider"":""Microsoft"",""DeviceInstanceID"":""PCI\\VEN_8086&amp;DEV_100F&amp;SUBSYS_075015AD&amp;REV_01\\4&amp;3AD87E0A&amp;0&amp;0888"",""SetupClass"":""4d36e972-e325-11ce-bfc1-08002be10318"",""RebootOption"":""False"",""UpgradeDevice"":""False"",""IsDriverOEM"":""False"",""InstallStatus"":""0x0"",""DriverDescription"":""Intel(R) PRO/1000 MT Network Connection""}}}"
346,346,2025-02-04 19:09:48.9645589,20003,Info,Microsoft-Windows-UserPnp,System,860,1768,37L4247F27-25,2,S-1-5-18,Service installation,,,ServiceName: tunnel,AddServiceStatus: Unknown code (0),,UpdateService: True,PrimaryService: True,DeviceInstanceID: ROOT\*ISATAP\0000,system32\DRIVERS\tunnel.sys,False,example_files\original\C\Windows\System32\winevt\logs\System.evtx,Classic,0,"{""UserData"":{""AddServiceID"":{""ServiceName"":""tunnel"",""DriverFileName"":""system32\\DRIVERS\\tunnel.sys"",""DeviceInstanceID"":""ROOT\\*ISATAP\\0000"",""PrimaryService"":""True"",""UpdateService"":""True"",""AddServiceStatus"":""0""}}}"
347,347,2025-02-04 19:09:49.1205592,20001,Info,Microsoft-Windows-UserPnp,System,1688,1492,37L4247F27-25,2,S-1-5-18,Device installation,,,DriverDescription: EISA programmable interrupt controller,InstallStatus: Installation Successful,IsDriverOEM: False,UpgradeDevice: False,RebootOption: False,DeviceInstanceID: ACPI\PNP0001\4&amp;205AD762&amp;0,FileRepository\machine.inf_amd64_neutral_a2f120466549d68b\machine.inf,False,example_files\original\C\Windows\System32\winevt\logs\System.evtx,Classic,648,"{""UserData"":{""InstallDeviceID"":{""DriverName"":""FileRepository\\machine.inf_amd64_neutral_a2f120466549d68b\\machine.inf"",""DriverVersion"":""6.1.7601.17514"",""DriverProvider"":""Microsoft"",""DeviceInstanceID"":""ACPI\\PNP0001\\4&amp;205AD762&amp;0"",""SetupClass"":""4d36e97d-e325-11ce-bfc1-08002be10318"",""RebootOption"":""False"",""UpgradeDevice"":""False"",""IsDriverOEM"":""False"",""InstallStatus"":""0x0"",""DriverDescription"":""EISA programmable interrupt controller""}}}"
348,348,2025-02-04 19:09:49.3545596,20001,Info,Microsoft-Windows-UserPnp,System,1784,1484,37L4247F27-25,2,S-1-5-18,Device installation,,,DriverDescription: System CMOS/real time clock,InstallStatus: Installation Successful,IsDriverOEM: False,UpgradeDevice: False,RebootOption: True,DeviceInstanceID: ACPI\PNP0B00\4&amp;205AD762&amp;0,FileRepository\machine.inf_amd64_neutral_a2f120466549d68b\machine.inf,False,example_files\original\C\Windows\System32\winevt\logs\System.evtx,Classic,0,"{""UserData"":{""InstallDeviceID"":{""DriverName"":""FileRepository\\machine.inf_amd64_neutral_a2f120466549d68b\\machine.inf"",""DriverVersion"":""6.1.7601.17514"",""DriverProvider"":""Microsoft"",""DeviceInstanceID"":""ACPI\\PNP0B00\\4&amp;205AD762&amp;0"",""SetupClass"":""4d36e97d-e325-11ce-bfc1-08002be10318"",""RebootOption"":""True"",""UpgradeDevice"":""False"",""IsDriverOEM"":""False"",""InstallStatus"":""0x0"",""DriverDescription"":""System CMOS/real time clock""}}}"
349,349,2025-02-04 19:09:49.5261599,7036,Info,Service Control Manager,System,444,516,37L4247F27-25,2,,Service started or stopped,,,Name: WinHTTP Web Proxy Auto-Discovery Service | WinHTTP Web Proxy Auto-Discovery Service,Status: running,,,,,,False,example_files\original\C\Windows\System32\winevt\logs\System.evtx,"Audit success, classic",0,"{""EventData"":{""Data"":[{""@Name"":""param1"",""#text"":""WinHTTP Web Proxy Auto-Discovery Service""},{""@Name"":""param2"",""#text"":""running""}],""Binary"":""57-00-69-00-6E-00-48-00-74-00-74-00-70-00-41-00-75-00-74-00-6F-00-50-00-72-00-6F-00-78-00-79-00-53-00-76-00-63-00-2F-00-34-00-00-00""}}"
350,350,2025-02-04 19:09:49.5885600,20001,Info,Microsoft-Windows-UserPnp,System,732,1148,37L4247F27-25,2,S-1-5-18,Device installation,,,DriverDescription: System timer,InstallStatus: Installation Successful,IsDriverOEM: False,UpgradeDevice: False,RebootOption: False,DeviceInstanceID: ACPI\PNP0100\4&amp;205AD762&amp;0,FileRepository\machine.inf_amd64_neutral_a2f120466549d68b\machine.inf,False,example_files\original\C\Windows\System32\winevt\logs\System.evtx,Classic,0,"{""UserData"":{""InstallDeviceID"":{""DriverName"":""FileRepository\\machine.inf_amd64_neutral_a2f120466549d68b\\machine.inf"",""DriverVersion"":""6.1.7601.17514"",""DriverProvider"":""Microsoft"",""DeviceInstanceID"":""ACPI\\PNP0100\\4&amp;205AD762&amp;0"",""SetupClass"":""4d36e97d-e325-11ce-bfc1-08002be10318"",""RebootOption"":""False"",""UpgradeDevice"":""False"",""IsDriverOEM"":""False"",""InstallStatus"":""0x0"",""DriverDescription"":""System timer""}}}"
351,351,2025-02-04 19:09:49.8069604,20001,Info,Microsoft-Windows-UserPnp,System,1616,1964,37L4247F27-25,2,S-1-5-18,Device installation,,,DriverDescription: Motherboard resources,InstallStatus: Installation Successful,IsDriverOEM: False,UpgradeDevice: False,RebootOption: False,DeviceInstanceID: ACPI\PNP0C02\1F,FileRepository\machine.inf_amd64_neutral_a2f120466549d68b\machine.inf,False,example_files\original\C\Windows\System32\winevt\logs\System.evtx,Classic,0,"{""UserData"":{""InstallDeviceID"":{""DriverName"":""FileRepository\\machine.inf_amd64_neutral_a2f120466549d68b\\machine.inf"",""DriverVersion"":""6.1.7601.17514"",""DriverProvider"":""Microsoft"",""DeviceInstanceID"":""ACPI\\PNP0C02\\1F"",""SetupClass"":""4d36e97d-e325-11ce-bfc1-08002be10318"",""RebootOption"":""False"",""UpgradeDevice"":""False"",""IsDriverOEM"":""False"",""InstallStatus"":""0x0"",""DriverDescription"":""Motherboard resources""}}}"
352,352,2025-02-04 19:09:50.0565608,20001,Info,Microsoft-Windows-UserPnp,System,1908,1948,37L4247F27-25,2,S-1-5-18,Device installation,,,DriverDescription: High precision event timer,InstallStatus: Installation Successful,IsDriverOEM: False,UpgradeDevice: False,RebootOption: False,DeviceInstanceID: ACPI\PNP0103\4&amp;205AD762&amp;0,FileRepository\machine.inf_amd64_neutral_a2f120466549d68b\machine.inf,False,example_files\original\C\Windows\System32\winevt\logs\System.evtx,Classic,0,"{""UserData"":{""InstallDeviceID"":{""DriverName"":""FileRepository\\machine.inf_amd64_neutral_a2f120466549d68b\\machine.inf"",""DriverVersion"":""6.1.7601.17514"",""DriverProvider"":""Microsoft"",""DeviceInstanceID"":""ACPI\\PNP0103\\4&amp;205AD762&amp;0"",""SetupClass"":""4d36e97d-e325-11ce-bfc1-08002be10318"",""RebootOption"":""False"",""UpgradeDevice"":""False"",""IsDriverOEM"":""False"",""InstallStatus"":""0x0"",""DriverDescription"":""High precision event timer""}}}"
353,353,2025-02-04 19:09:50.1813610,20003,Info,Microsoft-Windows-UserPnp,System,1936,1904,37L4247F27-25,2,S-1-5-18,Service installation,,,ServiceName: i8042prt,AddServiceStatus: Unknown code (0),,UpdateService: True,PrimaryService: True,DeviceInstanceID: ACPI\VMW0003\4&amp;205AD762&amp;0,system32\DRIVERS\i8042prt.sys,False,example_files\original\C\Windows\System32\winevt\logs\System.evtx,Classic,0,"{""UserData"":{""AddServiceID"":{""ServiceName"":""i8042prt"",""DriverFileName"":""system32\\DRIVERS\\i8042prt.sys"",""DeviceInstanceID"":""ACPI\\VMW0003\\4&amp;205AD762&amp;0"",""PrimaryService"":""True"",""UpdateService"":""True"",""AddServiceStatus"":""0""}}}"
