10,10,2025-02-04 03:18:29.8244276,105,Info,Microsoft-Windows-Diagnosis-DPS,Microsoft-Windows-Diagnosis-DPS/Operational,1140,1496,WIN-TFHMB3RRSQV,0,S-1-5-19,,,,,,,,,,,False,example_files\original\C\Windows\System32\winevt\logs\Microsoft-Windows-Diagnosis-DPS%4Operational.evtx,0x4000000800000000,0,"{""EventData"":{""Data"":[{""@Name"":""ScenarioId"",""#text"":""2698178d-fdad-40ae-9d3c-1371703adc5b""},{""@Name"":""InstanceId"",""#text"":""c15d4766-731b-4e62-8a83-5245371bf30c""},{""@Name"":""OriginalActivityId"",""#text"":""2698178d-fdad-40ae-9d3c-1371703adc5b""},{""@Name"":""DiagnosticModuleImageName"",""#text"":""%SystemRoot%\\system32\\diagperf.dll""},{""@Name"":""DiagnosticModuleId"",""#text"":""15fba3b8-a37a-4f91-bdba-fbb98fe804bf""}]}}"
11,11,2025-02-04 03:20:45.0916709,100,Info,Microsoft-Windows-Diagnosis-DPS,Microsoft-Windows-Diagnosis-DPS/Operational,1140,2364,WIN-TFHMB3RRSQV,0,S-1-5-19,,,,,,,,,,,False,example_files\original\C\Windows\System32\winevt\logs\Microsoft-Windows-Diagnosis-DPS%4Operational.evtx,0x4000000800000000,0,"{""EventData"":{""Data"":[{""@Name"":""ScenarioId"",""#text"":""86432a0b-3c7d-4ddf-a89c-172faa90485d""},{""@Name"":""InstanceId"",""#text"":""5b1462b5-bb3c-4655-a039-c627879c6525""},{""@Name"":""OriginalActivityId"",""#text"":""86432a0b-3c7d-4ddf-a89c-172faa90485d""},{""@Name"":""DiagnosticModuleImageName"",""#text"":""%SystemRoot%\\system32\\diagperf.dll""},{""@Name"":""DiagnosticModuleId"",""#text"":""c8544339-5be9-4f25-862e-485f1b1a6935""}]}}"
12,12,2025-02-04 03:20:45.0916709,105,Info,Microsoft-Windows-Diagnosis-DPS,Microsoft-Windows-Diagnosis-DPS/Operational,1140,2364,WIN-TFHMB3RRSQV,0,S-1-5-19,,,,,,,,,,,False,example_files\original\C\Windows\System32\winevt\logs\Microsoft-Windows-Diagnosis-DPS%4Operational.evtx,0x4000000800000000,0,"{""EventData"":{""Data"":[{""@Name"":""ScenarioId"",""#text"":""86432a0b-3c7d-4ddf-a89c-172faa90485d""},{""@Name"":""InstanceId"",""#text"":""5b1462b5-bb3c-4655-a039-c627879c6525""},{""@Name"":""OriginalActivityId"",""#text"":""86432a0b-3c7d-4ddf-a89c-172faa90485d""},{""@Name"":""DiagnosticModuleImageName"",""#text"":""%SystemRoot%\\system32\\diagperf.dll""},{""@Name"":""DiagnosticModuleId"",""#text"":""c8544339-5be9-4f25-862e-485f1b1a6935""}]}}"
13,13,2025-02-04 03:20:45.1384709,110,Info,Microsoft-Windows-Diagnosis-DPS,Microsoft-Windows-Diagnosis-DPS/Operational,1140,1496,WIN-TFHMB3RRSQV,0,S-1-5-19,,,,,,,,,,,False,example_files\original\C\Windows\System32\winevt\logs\Microsoft-Windows-Diagnosis-DPS%4Operational.evtx,0x4000000800000000,0,"{""EventData"":{""Data"":[{""@Name"":""ScenarioId"",""#text"":""2698178d-fdad-40ae-9d3c-1371703adc5b""},{""@Name"":""InstanceId"",""#text"":""c15d4766-731b-4e62-8a83-5245371bf30c""},{""@Name"":""OriginalActivityId"",""#text"":""2698178d-fdad-40ae-9d3c-1371703adc5b""},{""@Name"":""DiagnosticModuleImageName"",""#text"":""%SystemRoot%\\system32\\diagperf.dll""},{""@Name"":""DiagnosticModuleId"",""#text"":""15fba3b8-a37a-4f91-bdba-fbb98fe804bf""}]}}"
14,14,2025-02-04 03:20:45.2164711,110,Info,Microsoft-Windows-Diagnosis-DPS,Microsoft-Windows-Diagnosis-DPS/Operational,1140,1496,WIN-TFHMB3RRSQV,0,S-1-5-19,,,,,,,,,,,False,example_files\original\C\Windows\System32\winevt\logs\Microsoft-Windows-Diagnosis-DPS%4Operational.evtx,0x4000000800000000,0,"{""EventData"":{""Data"":[{""@Name"":""ScenarioId"",""#text"":""86432a0b-3c7d-4ddf-a89c-172faa90485d""},{""@Name"":""InstanceId"",""#text"":""5b1462b5-bb3c-4655-a039-c627879c6525""},{""@Name"":""OriginalActivityId"",""#text"":""86432a0b-3c7d-4ddf-a89c-172faa90485d""},{""@Name"":""DiagnosticModuleImageName"",""#text"":""%SystemRoot%\\system32\\diagperf.dll""},{""@Name"":""DiagnosticModuleId"",""#text"":""c8544339-5be9-4f25-862e-485f1b1a6935""}]}}"
1,1,2025-02-04 03:20:45.2164711,100,Warning,Microsoft-Windows-Diagnostics-Performance,Microsoft-Windows-Diagnostics-Performance/Operational,1140,1212,WIN-TFHMB3RRSQV,0,S-1-5-19,Windows System was started,,,BootStartTime: 2025-02-04 03:18:19.5936002,BootEndTime: 2025-02-04 03:20:43.1572675,BootTime: 22744ms,,,,,False,example_files\original\C\Windows\System32\winevt\logs\Microsoft-Windows-Diagnostics-Performance%4Operational.evtx,0x8000000000010000,0,"{""EventData"":{""Data"":[{""@Name"":""BootTsVersion"",""#text"":""2""},{""@Name"":""BootStartTime"",""#text"":""2025-02-04 03:18:19.5936002""},{""@Name"":""BootEndTime"",""#text"":""2025-02-04 03:20:43.1572675""},{""@Name"":""SystemBootInstance"",""#text"":""6""},{""@Name"":""UserBootInstance"",""#text"":""1""},{""@Name"":""BootTime"",""#text"":""22744""},{""@Name"":""MainPathBootTime"",""#text"":""10244""},{""@Name"":""BootKernelInitTime"",""#text"":""14""},{""@Name"":""BootDriverInitTime"",""#text"":""2482""},{""@Name"":""BootDevicesInitTime"",""#text"":""5180""},{""@Name"":""BootPrefetchInitTime"",""#text"":""2785""},{""@Name"":""BootPrefetchBytes"",""#text"":""644194304""},{""@Name"":""BootAutoChkTime"",""#text"":""0""},{""@Name"":""BootSmssInitTime"",""#text"":""851""},{""@Name"":""BootCriticalServicesInitTime"",""#text"":""452""},{""@Name"":""BootUserProfileProcessingTime"",""#text"":""72""},{""@Name"":""BootMachineProfileProcessingTime"",""#text"":""58""},{""@Name"":""BootExplorerInitTime"",""#text"":""584""},{""@Name"":""BootNumStartupApps"",""#text"":""0""},{""@Name"":""BootPostBootTime"",""#text"":""12500""},{""@Name"":""BootIsRebootAfterInstall"",""#text"":""False""},{""@Name"":""BootRootCauseStepImprovementBits"",""#text"":""0""},{""@Name"":""BootRootCauseGradualImprovementBits"",""#text"":""0""},{""@Name"":""BootRootCauseStepDegradationBits"",""#text"":""0""},{""@Name"":""BootRootCauseGradualDegradationBits"",""#text"":""0""},{""@Name"":""BootIsDegradation"",""#text"":""False""},{""@Name"":""BootIsStepDegradation"",""#text"":""False""},{""@Name"":""BootIsGradualDegradation"",""#text"":""False""},{""@Name"":""BootImprovementDelta"",""#text"":""0""},{""@Name"":""BootDegradationDelta"",""#text"":""0""},{""@Name"":""BootIsRootCauseIdentified"",""#text"":""False""},{""@Name"":""OSLoaderDuration"",""#text"":""802""},{""@Name"":""BootPNPInitStartTimeMS"",""#text"":""14""},{""@Name"":""BootPNPInitDuration"",""#text"":""5214""},{""@Name"":""OtherKernelInitDuration"",""#text"":""540""},{""@Name"":""SystemPNPInitStartTimeMS"",""#text"":""5749""},{""@Name"":""SystemPNPInitDuration"",""#text"":""2448""},{""@Name"":""SessionInitStartTimeMS"",""#text"":""8203""},{""@Name"":""Session0InitDuration"",""#text"":""252""},{""@Name"":""Session1InitDuration"",""#text"":""48""},{""@Name"":""SessionInitOtherDuration"",""#text"":""549""},{""@Name"":""WinLogonStartTimeMS"",""#text"":""9055""},{""@Name"":""OtherLogonInitActivityDuration"",""#text"":""474""},{""@Name"":""UserLogonWaitDuration"",""#text"":""43309""}]}}"
1,1,2025-02-04 03:15:31.6553416,1000,Info,Microsoft-Windows-DriverFrameworks-UserMode,Microsoft-Windows-DriverFrameworks-UserMode/Operational,920,2448,WIN-TFHMB3RRSQV,0,S-1-5-18,,,,,,,,,,,False,example_files\original\C\Windows\System32\winevt\logs\Microsoft-Windows-DriverFrameworks-UserMode%4Operational.evtx,Classic,0,"{""UserData"":{""UMDFDriverManagerStart"":{""Version"":""6.1.7601.17514. (win7sp1_rtm.101119-1850)""}}}"
2,2,2025-02-04 03:15:31.9517421,1003,Info,Microsoft-Windows-DriverFrameworks-UserMode,Microsoft-Windows-DriverFrameworks-UserMode/Operational,920,2468,WIN-TFHMB3RRSQV,0,S-1-5-18,,,,,,,,,,,False,example_files\original\C\Windows\System32\winevt\logs\Microsoft-Windows-DriverFrameworks-UserMode%4Operational.evtx,Classic,0,"{""UserData"":{""UMDFDriverManagerHostCreateStart"":{""@lifetime"":""088af59c-8d68-4e63-9e17-c7d05b68af66"",""HostGuid"":""{193a1820-d9ac-4997-8c55-be817523f6aa}"",""DeviceInstanceId"":""WPDBUSENUMROOT.UMB.2&amp;37C186B&amp;0&amp;STORAGE#VOLUME#_??_USBSTOR#DISK&amp;VEN_VENDORCO&amp;PROD_PRODUCTCODE&amp;REV_2.00#1826141146906015335&amp;0#""}}}"
3,3,2025-02-04 03:15:31.9517421,2000,Info,Microsoft-Windows-DriverFrameworks-UserMode,Microsoft-Windows-DriverFrameworks-UserMode/Operational,576,2452,WIN-TFHMB3RRSQV,0,S-1-5-19,,,,,,,,,,,False,example_files\original\C\Windows\System32\winevt\logs\Microsoft-Windows-DriverFrameworks-UserMode%4Operational.evtx,Classic,0,"{""UserData"":{""UMDFHostStartupBegin"":{""@lifetime"":""088af59c-8d68-4e63-9e17-c7d05b68af66""}}}"
4,4,2025-02-04 03:15:31.9517421,2001,Info,Microsoft-Windows-DriverFrameworks-UserMode,Microsoft-Windows-DriverFrameworks-UserMode/Operational,576,2452,WIN-TFHMB3RRSQV,0,S-1-5-19,,,,,,,,,,,False,example_files\original\C\Windows\System32\winevt\logs\Microsoft-Windows-DriverFrameworks-UserMode%4Operational.evtx,Classic,0,"{""UserData"":{""UMDFHostStartupEnd"":{""@lifetime"":""088af59c-8d68-4e63-9e17-c7d05b68af66"",""FinalStatus"":""0""}}}"
5,5,2025-02-04 03:15:31.9673422,1004,Info,Microsoft-Windows-DriverFrameworks-UserMode,Microsoft-Windows-DriverFrameworks-UserMode/Operational,920,2468,WIN-TFHMB3RRSQV,0,S-1-5-18,,,,,,,,,,,False,example_files\original\C\Windows\System32\winevt\logs\Microsoft-Windows-DriverFrameworks-UserMode%4Operational.evtx,Classic,0,"{""UserData"":{""UMDFDriverManagerHostCreateEnd"":{""@lifetime"":""088af59c-8d68-4e63-9e17-c7d05b68af66"",""FinalStatus"":""0""}}}"
6,6,2025-02-04 03:15:31.9985422,2003,Info,Microsoft-Windows-DriverFrameworks-UserMode,Microsoft-Windows-DriverFrameworks-UserMode/Operational,576,1980,WIN-TFHMB3RRSQV,0,S-1-5-19,,,,,,,,,,,False,example_files\original\C\Windows\System32\winevt\logs\Microsoft-Windows-DriverFrameworks-UserMode%4Operational.evtx,Classic,0,"{""UserData"":{""UMDFHostDeviceArrivalBegin"":{""@instance"":""WPDBUSENUMROOT\\UMB\\2&37C186B&0&STORAGE#VOLUME#_??_USBSTOR#DISK&VEN_VENDORCO&PROD_PRODUCTCODE&REV_2.00#1826141146906015335&0#"",""@lifetime"":""088af59c-8d68-4e63-9e17-c7d05b68af66""}}}"
7,7,2025-02-04 03:15:31.9985422,2010,Info,Microsoft-Windows-DriverFrameworks-UserMode,Microsoft-Windows-DriverFrameworks-UserMode/Operational,576,1980,WIN-TFHMB3RRSQV,0,S-1-5-19,,,,,,,,,,,False,example_files\original\C\Windows\System32\winevt\logs\Microsoft-Windows-DriverFrameworks-UserMode%4Operational.evtx,Classic,0,"{""UserData"":{""UMDFHostDeviceArrivalEnd"":{""@instance"":""WPDBUSENUMROOT\\UMB\\2&37C186B&0&STORAGE#VOLUME#_??_USBSTOR#DISK&VEN_VENDORCO&PROD_PRODUCTCODE&REV_2.00#1826141146906015335&0#"",""@lifetime"":""088af59c-8d68-4e63-9e17-c7d05b68af66"",""FinalStatus"":""0""}}}"
8,8,2025-02-04 03:15:31.9985422,2004,Verbose,Microsoft-Windows-DriverFrameworks-UserMode,Microsoft-Windows-DriverFrameworks-UserMode/Operational,576,1980,WIN-TFHMB3RRSQV,0,S-1-5-19,,,,,,,,,,,False,example_files\original\C\Windows\System32\winevt\logs\Microsoft-Windows-DriverFrameworks-UserMode%4Operational.evtx,Classic,0,"{""UserData"":{""UMDFHostAddDeviceBegin"":{""@instance"":""WPDBUSENUMROOT\\UMB\\2&37C186B&0&STORAGE#VOLUME#_??_USBSTOR#DISK&VEN_VENDORCO&PROD_PRODUCTCODE&REV_2.00#1826141146906015335&0#"",""@lifetime"":""088af59c-8d68-4e63-9e17-c7d05b68af66"",""Level"":""0"",""Service"":""WpdFs"",""DriverClsid"":""112de495-ac4c-46f8-b663-6a4266c53313""}}}"
9,9,2025-02-04 03:15:31.9985422,2005,Verbose,Microsoft-Windows-DriverFrameworks-UserMode,Microsoft-Windows-DriverFrameworks-UserMode/Operational,576,1980,WIN-TFHMB3RRSQV,0,S-1-5-19,,,,,,,,,,,False,example_files\original\C\Windows\System32\winevt\logs\Microsoft-Windows-DriverFrameworks-UserMode%4Operational.evtx,Classic,0,"{""UserData"":{""UMDFHostModuleLoad"":{""@instance"":""WPDBUSENUMROOT\\UMB\\2&37C186B&0&STORAGE#VOLUME#_??_USBSTOR#DISK&VEN_VENDORCO&PROD_PRODUCTCODE&REV_2.00#1826141146906015335&0#"",""@lifetime"":""088af59c-8d68-4e63-9e17-c7d05b68af66"",""ModulePath"":""C:\\Windows\\system32\\WUDFx.dll"",""CompanyName"":""Microsoft Corporation"",""FileDescription"":""WDF:UMDF Framework Library"",""FileVersion"":""6.1.7601.17514 (win7sp1_rtm.101119-1850)""}}}"
10,10,2025-02-04 03:15:31.9985422,2005,Verbose,Microsoft-Windows-DriverFrameworks-UserMode,Microsoft-Windows-DriverFrameworks-UserMode/Operational,576,1980,WIN-TFHMB3RRSQV,0,S-1-5-19,,,,,,,,,,,False,example_files\original\C\Windows\System32\winevt\logs\Microsoft-Windows-DriverFrameworks-UserMode%4Operational.evtx,Classic,0,"{""UserData"":{""UMDFHostModuleLoad"":{""@instance"":""WPDBUSENUMROOT\\UMB\\2&37C186B&0&STORAGE#VOLUME#_??_USBSTOR#DISK&VEN_VENDORCO&PROD_PRODUCTCODE&REV_2.00#1826141146906015335&0#"",""@lifetime"":""088af59c-8d68-4e63-9e17-c7d05b68af66"",""ModulePath"":""C:\\Windows\\System32\\drivers\\UMDF\\WpdFs.dll"",""CompanyName"":""Microsoft Corporation"",""FileDescription"":""Windows Portable Device File System Driver"",""FileVersion"":""6.1.7600.16385 (win7_rtm.090713-1255)""}}}"
11,11,2025-02-04 03:15:31.9985422,2005,Verbose,Microsoft-Windows-DriverFrameworks-UserMode,Microsoft-Windows-DriverFrameworks-UserMode/Operational,576,1980,WIN-TFHMB3RRSQV,0,S-1-5-19,,,,,,,,,,,False,example_files\original\C\Windows\System32\winevt\logs\Microsoft-Windows-DriverFrameworks-UserMode%4Operational.evtx,Classic,0,"{""UserData"":{""UMDFHostModuleLoad"":{""@instance"":""WPDBUSENUMROOT\\UMB\\2&37C186B&0&STORAGE#VOLUME#_??_USBSTOR#DISK&VEN_VENDORCO&PROD_PRODUCTCODE&REV_2.00#1826141146906015335&0#"",""@lifetime"":""088af59c-8d68-4e63-9e17-c7d05b68af66"",""ModulePath"":""C:\\Windows\\system32\\wmvcore.dll"",""CompanyName"":""Microsoft Corporation"",""FileDescription"":""Windows Media Playback/Authoring DLL"",""FileVersion"":""12.0.7601.17514 (win7sp1_rtm.101119-1850)""}}}"
12,12,2025-02-04 03:15:31.9985422,2005,Verbose,Microsoft-Windows-DriverFrameworks-UserMode,Microsoft-Windows-DriverFrameworks-UserMode/Operational,576,1980,WIN-TFHMB3RRSQV,0,S-1-5-19,,,,,,,,,,,False,example_files\original\C\Windows\System32\winevt\logs\Microsoft-Windows-DriverFrameworks-UserMode%4Operational.evtx,Classic,0,"{""UserData"":{""UMDFHostModuleLoad"":{""@instance"":""WPDBUSENUMROOT\\UMB\\2&37C186B&0&STORAGE#VOLUME#_??_USBSTOR#DISK&VEN_VENDORCO&PROD_PRODUCTCODE&REV_2.00#1826141146906015335&0#"",""@lifetime"":""088af59c-8d68-4e63-9e17-c7d05b68af66"",""ModulePath"":""C:\\Windows\\system32\\WMASF.DLL"",""CompanyName"":""Microsoft Corporation"",""FileDescription"":""Windows Media ASF DLL"",""FileVersion"":""12.0.7600.16385 (win7_rtm.090713-1255)""}}}"
13,13,2025-02-04 03:15:31.9985422,2005,Verbose,Microsoft-Windows-DriverFrameworks-UserMode,Microsoft-Windows-DriverFrameworks-UserMode/Operational,576,1980,WIN-TFHMB3RRSQV,0,S-1-5-19,,,,,,,,,,,False,example_files\original\C\Windows\System32\winevt\logs\Microsoft-Windows-DriverFrameworks-UserMode%4Operational.evtx,Classic,0,"{""UserData"":{""UMDFHostModuleLoad"":{""@instance"":""WPDBUSENUMROOT\\UMB\\2&37C186B&0&STORAGE#VOLUME#_??_USBSTOR#DISK&VEN_VENDORCO&PROD_PRODUCTCODE&REV_2.00#1826141146906015335&0#"",""@lifetime"":""088af59c-8d68-4e63-9e17-c7d05b68af66"",""ModulePath"":""C:\\Windows\\WinSxS\\amd64_microsoft.windows.gdiplus_6595b64144ccf1df_1.1.7601.17514_none_2b24536c71ed437a\\gdiplus.dll"",""CompanyName"":""Microsoft Corporation"",""FileDescription"":""Microsoft GDI+"",""FileVersion"":""6.1.7601.17514 (win7sp1_rtm.101119-1850)""}}}"
14,14,2025-02-04 03:15:31.9985422,2006,Verbose,Microsoft-Windows-DriverFrameworks-UserMode,Microsoft-Windows-DriverFrameworks-UserMode/Operational,576,1980,WIN-TFHMB3RRSQV,0,S-1-5-19,,,,,,,,,,,False,example_files\original\C\Windows\System32\winevt\logs\Microsoft-Windows-DriverFrameworks-UserMode%4Operational.evtx,Classic,0,"{""UserData"":{""UMDFHostAddDeviceEnd"":{""@instance"":""WPDBUSENUMROOT\\UMB\\2&37C186B&0&STORAGE#VOLUME#_??_USBSTOR#DISK&VEN_VENDORCO&PROD_PRODUCTCODE&REV_2.00#1826141146906015335&0#"",""@lifetime"":""088af59c-8d68-4e63-9e17-c7d05b68af66"",""Level"":""0"",""FinalStatus"":""0""}}}"
15,15,2025-02-04 03:15:31.9985422,2100,Info,Microsoft-Windows-DriverFrameworks-UserMode,Microsoft-Windows-DriverFrameworks-UserMode/Operational,576,1980,WIN-TFHMB3RRSQV,0,S-1-5-19,USB Connection,,,"InstanceId: ","LifetimeId: ",,,,,,False,example_files\original\C\Windows\System32\winevt\logs\Microsoft-Windows-DriverFrameworks-UserMode%4Operational.evtx,Classic,0,"{""UserData"":{""UMDFHostDeviceRequest"":{""@instance"":""WPDBUSENUMROOT\\UMB\\2&37C186B&0&STORAGE#VOLUME#_??_USBSTOR#DISK&VEN_VENDORCO&PROD_PRODUCTCODE&REV_2.00#1826141146906015335&0#"",""@lifetime"":""088af59c-8d68-4e63-9e17-c7d05b68af66"",""Request"":{""@major"":""27"",""@minor"":""0"",""Argument"":[""0x0"",""0x0"",""0x0"",""0x0""]},""Status"":""3221225659""}}}"
16,16,2025-02-04 03:15:31.9985422,2105,Info,Microsoft-Windows-DriverFrameworks-UserMode,Microsoft-Windows-DriverFrameworks-UserMode/Operational,576,1980,WIN-TFHMB3RRSQV,0,S-1-5-19,,,,,,,,,,,False,example_files\original\C\Windows\System32\winevt\logs\Microsoft-Windows-DriverFrameworks-UserMode%4Operational.evtx,Classic,0,"{""UserData"":{""UMDFHostDeviceRequest"":{""@instance"":""WPDBUSENUMROOT\\UMB\\2&37C186B&0&STORAGE#VOLUME#_??_USBSTOR#DISK&VEN_VENDORCO&PROD_PRODUCTCODE&REV_2.00#1826141146906015335&0#"",""@lifetime"":""088af59c-8d68-4e63-9e17-c7d05b68af66"",""Request"":{""@major"":""27"",""@minor"":""0"",""Argument"":[""0x0"",""0x0"",""0x0"",""0x0""]},""Status"":""3221225659""}}}"
17,17,2025-02-04 03:15:31.9985422,2106,Info,Microsoft-Windows-DriverFrameworks-UserMode,Microsoft-Windows-DriverFrameworks-UserMode/Operational,576,1980,WIN-TFHMB3RRSQV,0,S-1-5-19,,,,,,,,,,,False,example_files\original\C\Windows\System32\winevt\logs\Microsoft-Windows-DriverFrameworks-UserMode%4Operational.evtx,Classic,0,"{""UserData"":{""UMDFHostDeviceRequest"":{""@instance"":""WPDBUSENUMROOT\\UMB\\2&37C186B&0&STORAGE#VOLUME#_??_USBSTOR#DISK&VEN_VENDORCO&PROD_PRODUCTCODE&REV_2.00#1826141146906015335&0#"",""@lifetime"":""088af59c-8d68-4e63-9e17-c7d05b68af66"",""Request"":{""@major"":""27"",""@minor"":""0"",""Argument"":[""0x0"",""0x0"",""0x0"",""0x0""]},""Status"":""0""}}}"
18,18,2025-02-04 03:15:32.0297423,2101,Info,Microsoft-Windows-DriverFrameworks-UserMode,Microsoft-Windows-DriverFrameworks-UserMode/Operational,576,1980,WIN-TFHMB3RRSQV,0,S-1-5-19,,,,,,,,,,,False,example_files\original\C\Windows\System32\winevt\logs\Microsoft-Windows-DriverFrameworks-UserMode%4Operational.evtx,Classic,0,"{""UserData"":{""UMDFHostDeviceRequest"":{""@instance"":""WPDBUSENUMROOT\\UMB\\2&37C186B&0&STORAGE#VOLUME#_??_USBSTOR#DISK&VEN_VENDORCO&PROD_PRODUCTCODE&REV_2.00#1826141146906015335&0#"",""@lifetime"":""088af59c-8d68-4e63-9e17-c7d05b68af66"",""Request"":{""@major"":""27"",""@minor"":""0"",""Argument"":[""0x0"",""0x1B"",""0x0"",""0x0""]},""Status"":""0""}}}"
19,19,2025-02-04 03:15:32.0297423,2100,Info,Microsoft-Windows-DriverFrameworks-UserMode,Microsoft-Windows-DriverFrameworks-UserMode/Operational,576,2092,WIN-TFHMB3RRSQV,0,S-1-5-19,USB Connection,,,"InstanceId: ","LifetimeId: ",,,,,,False,example_files\original\C\Windows\System32\winevt\logs\Microsoft-Windows-DriverFrameworks-UserMode%4Operational.evtx,Classic,0,"{""UserData"":{""UMDFHostDeviceRequest"":{""@instance"":""WPDBUSENUMROOT\\UMB\\2&37C186B&0&STORAGE#VOLUME#_??_USBSTOR#DISK&VEN_VENDORCO&PROD_PRODUCTCODE&REV_2.00#1826141146906015335&0#"",""@lifetime"":""088af59c-8d68-4e63-9e17-c7d05b68af66"",""Request"":{""@major"":""27"",""@minor"":""9"",""Argument"":[""0x10040"",""0xFFFFFFFFFFFFFFFF"",""0x0"",""0x0""]},""Status"":""3221225659""}}}"
20,20,2025-02-04 03:15:32.0297423,2105,Info,Microsoft-Windows-DriverFrameworks-UserMode,Microsoft-Windows-DriverFrameworks-UserMode/Operational,576,2092,WIN-TFHMB3RRSQV,0,S-1-5-19,,,,,,,,,,,False,example_files\original\C\Windows\System32\winevt\logs\Microsoft-Windows-DriverFrameworks-UserMode%4Operational.evtx,Classic,0,"{""UserData"":{""UMDFHostDeviceRequest"":{""@instance"":""WPDBUSENUMROOT\\UMB\\2&37C186B&0&STORAGE#VOLUME#_??_USBSTOR#DISK&VEN_VENDORCO&PROD_PRODUCTCODE&REV_2.00#1826141146906015335&0#"",""@lifetime"":""088af59c-8d68-4e63-9e17-c7d05b68af66"",""Request"":{""@major"":""27"",""@minor"":""9"",""Argument"":[""0x10040"",""0xFFFFFFFFFFFFFFFF"",""0x0"",""0x0""]},""Status"":""3221225659""}}}"
21,21,2025-02-04 03:15:32.0297423,2106,Info,Microsoft-Windows-DriverFrameworks-UserMode,Microsoft-Windows-DriverFrameworks-UserMode/Operational,576,2092,WIN-TFHMB3RRSQV,0,S-1-5-19,,,,,,,,,,,False,example_files\original\C\Windows\System32\winevt\logs\Microsoft-Windows-DriverFrameworks-UserMode%4Operational.evtx,Classic,0,"{""UserData"":{""UMDFHostDeviceRequest"":{""@instance"":""WPDBUSENUMROOT\\UMB\\2&37C186B&0&STORAGE#VOLUME#_??_USBSTOR#DISK&VEN_VENDORCO&PROD_PRODUCTCODE&REV_2.00#1826141146906015335&0#"",""@lifetime"":""088af59c-8d68-4e63-9e17-c7d05b68af66"",""Request"":{""@major"":""27"",""@minor"":""9"",""Argument"":[""0x10040"",""0xFFFFFFFFFFFFFFFF"",""0x0"",""0x0""]},""Status"":""0""}}}"
22,22,2025-02-04 03:15:32.0297423,2101,Info,Microsoft-Windows-DriverFrameworks-UserMode,Microsoft-Windows-DriverFrameworks-UserMode/Operational,576,2092,WIN-TFHMB3RRSQV,0,S-1-5-19,,,,,,,,,,,False,example_files\original\C\Windows\System32\winevt\logs\Microsoft-Windows-DriverFrameworks-UserMode%4Operational.evtx,Classic,0,"{""UserData"":{""UMDFHostDeviceRequest"":{""@instance"":""WPDBUSENUMROOT\\UMB\\2&37C186B&0&STORAGE#VOLUME#_??_USBSTOR#DISK&VEN_VENDORCO&PROD_PRODUCTCODE&REV_2.00#1826141146906015335&0#"",""@lifetime"":""088af59c-8d68-4e63-9e17-c7d05b68af66"",""Request"":{""@major"":""27"",""@minor"":""9"",""Argument"":[""0xA9100010040"",""0xFFFFFFFFFFFFFFFF"",""0x200000000"",""0x300000002""]},""Status"":""0""}}}"
23,23,2025-02-04 03:15:32.0297423,2100,Info,Microsoft-Windows-DriverFrameworks-UserMode,Microsoft-Windows-DriverFrameworks-UserMode/Operational,576,1980,WIN-TFHMB3RRSQV,0,S-1-5-19,USB Connection,,,"InstanceId: ","LifetimeId: ",,,,,,False,example_files\original\C\Windows\System32\winevt\logs\Microsoft-Windows-DriverFrameworks-UserMode%4Operational.evtx,Classic,0,"{""UserData"":{""UMDFHostDeviceRequest"":{""@instance"":""WPDBUSENUMROOT\\UMB\\2&37C186B&0&STORAGE#VOLUME#_??_USBSTOR#DISK&VEN_VENDORCO&PROD_PRODUCTCODE&REV_2.00#1826141146906015335&0#"",""@lifetime"":""088af59c-8d68-4e63-9e17-c7d05b68af66"",""Request"":{""@major"":""27"",""@minor"":""20"",""Argument"":[""0x0"",""0x0"",""0x0"",""0x0""]},""Status"":""3221225659""}}}"
24,24,2025-02-04 03:15:32.0297423,2105,Info,Microsoft-Windows-DriverFrameworks-UserMode,Microsoft-Windows-DriverFrameworks-UserMode/Operational,576,1980,WIN-TFHMB3RRSQV,0,S-1-5-19,,,,,,,,,,,False,example_files\original\C\Windows\System32\winevt\logs\Microsoft-Windows-DriverFrameworks-UserMode%4Operational.evtx,Classic,0,"{""UserData"":{""UMDFHostDeviceRequest"":{""@instance"":""WPDBUSENUMROOT\\UMB\\2&37C186B&0&STORAGE#VOLUME#_??_USBSTOR#DISK&VEN_VENDORCO&PROD_PRODUCTCODE&REV_2.00#1826141146906015335&0#"",""@lifetime"":""088af59c-8d68-4e63-9e17-c7d05b68af66"",""Request"":{""@major"":""27"",""@minor"":""20"",""Argument"":[""0x0"",""0x0"",""0x0"",""0x0""]},""Status"":""3221225659""}}}"
25,25,2025-02-04 03:15:32.0297423,2106,Info,Microsoft-Windows-DriverFrameworks-UserMode,Microsoft-Windows-DriverFrameworks-UserMode/Operational,576,1980,WIN-TFHMB3RRSQV,0,S-1-5-19,,,,,,,,,,,False,example_files\original\C\Windows\System32\winevt\logs\Microsoft-Windows-DriverFrameworks-UserMode%4Operational.evtx,Classic,0,"{""UserData"":{""UMDFHostDeviceRequest"":{""@instance"":""WPDBUSENUMROOT\\UMB\\2&37C186B&0&STORAGE#VOLUME#_??_USBSTOR#DISK&VEN_VENDORCO&PROD_PRODUCTCODE&REV_2.00#1826141146906015335&0#"",""@lifetime"":""088af59c-8d68-4e63-9e17-c7d05b68af66"",""Request"":{""@major"":""27"",""@minor"":""20"",""Argument"":[""0x0"",""0x0"",""0x0"",""0x0""]},""Status"":""0""}}}"
26,26,2025-02-04 03:15:32.0297423,2101,Info,Microsoft-Windows-DriverFrameworks-UserMode,Microsoft-Windows-DriverFrameworks-UserMode/Operational,576,1980,WIN-TFHMB3RRSQV,0,S-1-5-19,,,,,,,,,,,False,example_files\original\C\Windows\System32\winevt\logs\Microsoft-Windows-DriverFrameworks-UserMode%4Operational.evtx,Classic,0,"{""UserData"":{""UMDFHostDeviceRequest"":{""@instance"":""WPDBUSENUMROOT\\UMB\\2&37C186B&0&STORAGE#VOLUME#_??_USBSTOR#DISK&VEN_VENDORCO&PROD_PRODUCTCODE&REV_2.00#1826141146906015335&0#"",""@lifetime"":""088af59c-8d68-4e63-9e17-c7d05b68af66"",""Request"":{""@major"":""27"",""@minor"":""20"",""Argument"":[""0x0"",""0x141B"",""0x0"",""0x0""]},""Status"":""0""}}}"
27,27,2025-02-04 03:17:29.0917500,2100,Info,Microsoft-Windows-DriverFrameworks-UserMode,Microsoft-Windows-DriverFrameworks-UserMode/Operational,576,2092,WIN-TFHMB3RRSQV,0,S-1-5-19,USB Connection,,,"InstanceId: ","LifetimeId: ",,,,,,False,example_files\original\C\Windows\System32\winevt\logs\Microsoft-Windows-DriverFrameworks-UserMode%4Operational.evtx,Classic,0,"{""UserData"":{""UMDFHostDeviceRequest"":{""@instance"":""WPDBUSENUMROOT\\UMB\\2&37C186B&0&STORAGE#VOLUME#_??_USBSTOR#DISK&VEN_VENDORCO&PROD_PRODUCTCODE&REV_2.00#1826141146906015335&0#"",""@lifetime"":""088af59c-8d68-4e63-9e17-c7d05b68af66"",""Request"":{""@major"":""22"",""@minor"":""3"",""Argument"":[""0x16600"",""0x600000006"",""0x0"",""0x0""]},""Status"":""3221225659""}}}"
28,28,2025-02-04 03:17:29.0917500,2102,Info,Microsoft-Windows-DriverFrameworks-UserMode,Microsoft-Windows-DriverFrameworks-UserMode/Operational,576,2092,WIN-TFHMB3RRSQV,0,S-1-5-19,,,,,,,,,,,False,example_files\original\C\Windows\System32\winevt\logs\Microsoft-Windows-DriverFrameworks-UserMode%4Operational.evtx,Classic,0,"{""UserData"":{""UMDFHostDeviceRequest"":{""@instance"":""WPDBUSENUMROOT\\UMB\\2&37C186B&0&STORAGE#VOLUME#_??_USBSTOR#DISK&VEN_VENDORCO&PROD_PRODUCTCODE&REV_2.00#1826141146906015335&0#"",""@lifetime"":""088af59c-8d68-4e63-9e17-c7d05b68af66"",""Request"":{""@major"":""22"",""@minor"":""3"",""Argument"":[""0x16600"",""0x600000006"",""0x0"",""0x0""]},""Status"":""3221225659""}}}"
29,29,2025-02-04 03:18:29.1720170,1000,Info,Microsoft-Windows-DriverFrameworks-UserMode,Microsoft-Windows-DriverFrameworks-UserMode/Operational,804,372,WIN-TFHMB3RRSQV,0,S-1-5-18,,,,,,,,,,,False,example_files\original\C\Windows\System32\winevt\logs\Microsoft-Windows-DriverFrameworks-UserMode%4Operational.evtx,Classic,0,"{""UserData"":{""UMDFDriverManagerStart"":{""Version"":""6.1.7601.17514. (win7sp1_rtm.101119-1850)""}}}"
30,30,2025-02-04 03:38:58.3927990,1003,Info,Microsoft-Windows-DriverFrameworks-UserMode,Microsoft-Windows-DriverFrameworks-UserMode/Operational,804,440,WIN-TFHMB3RRSQV,0,S-1-5-18,,,,,,,,,,,False,example_files\original\C\Windows\System32\winevt\logs\Microsoft-Windows-DriverFrameworks-UserMode%4Operational.evtx,Classic,0,"{""UserData"":{""UMDFDriverManagerHostCreateStart"":{""@lifetime"":""0edc8ee7-c105-4666-8875-75b1e175908e"",""HostGuid"":""{193a1820-d9ac-4997-8c55-be817523f6aa}"",""DeviceInstanceId"":""WPDBUSENUMROOT.UMB.2&amp;37C186B&amp;0&amp;STORAGE#VOLUME#_??_USBSTOR#DISK&amp;VEN_VENDORCO&amp;PROD_PRODUCTCODE&amp;REV_2.00#4338531081087774140&amp;0#""}}}"
31,31,2025-02-04 03:38:58.4083990,2000,Info,Microsoft-Windows-DriverFrameworks-UserMode,Microsoft-Windows-DriverFrameworks-UserMode/Operational,1160,2712,WIN-TFHMB3RRSQV,0,S-1-5-19,,,,,,,,,,,False,example_files\original\C\Windows\System32\winevt\logs\Microsoft-Windows-DriverFrameworks-UserMode%4Operational.evtx,Classic,0,"{""UserData"":{""UMDFHostStartupBegin"":{""@lifetime"":""0edc8ee7-c105-4666-8875-75b1e175908e""}}}"
32,32,2025-02-04 03:38:58.4083990,2001,Info,Microsoft-Windows-DriverFrameworks-UserMode,Microsoft-Windows-DriverFrameworks-UserMode/Operational,1160,2712,WIN-TFHMB3RRSQV,0,S-1-5-19,,,,,,,,,,,False,example_files\original\C\Windows\System32\winevt\logs\Microsoft-Windows-DriverFrameworks-UserMode%4Operational.evtx,Classic,0,"{""UserData"":{""UMDFHostStartupEnd"":{""@lifetime"":""0edc8ee7-c105-4666-8875-75b1e175908e"",""FinalStatus"":""0""}}}"
33,33,2025-02-04 03:38:58.4395990,1004,Info,Microsoft-Windows-DriverFrameworks-UserMode,Microsoft-Windows-DriverFrameworks-UserMode/Operational,804,440,WIN-TFHMB3RRSQV,0,S-1-5-18,,,,,,,,,,,False,example_files\original\C\Windows\System32\winevt\logs\Microsoft-Windows-DriverFrameworks-UserMode%4Operational.evtx,Classic,0,"{""UserData"":{""UMDFDriverManagerHostCreateEnd"":{""@lifetime"":""0edc8ee7-c105-4666-8875-75b1e175908e"",""FinalStatus"":""0""}}}"
34,34,2025-02-04 03:38:58.4707991,2003,Info,Microsoft-Windows-DriverFrameworks-UserMode,Microsoft-Windows-DriverFrameworks-UserMode/Operational,1160,2864,WIN-TFHMB3RRSQV,0,S-1-5-19,,,,,,,,,,,False,example_files\original\C\Windows\System32\winevt\logs\Microsoft-Windows-DriverFrameworks-UserMode%4Operational.evtx,Classic,0,"{""UserData"":{""UMDFHostDeviceArrivalBegin"":{""@instance"":""WPDBUSENUMROOT\\UMB\\2&37C186B&0&STORAGE#VOLUME#_??_USBSTOR#DISK&VEN_VENDORCO&PROD_PRODUCTCODE&REV_2.00#4338531081087774140&0#"",""@lifetime"":""0edc8ee7-c105-4666-8875-75b1e175908e""}}}"
35,35,2025-02-04 03:38:58.4707991,2010,Info,Microsoft-Windows-DriverFrameworks-UserMode,Microsoft-Windows-DriverFrameworks-UserMode/Operational,1160,2864,WIN-TFHMB3RRSQV,0,S-1-5-19,,,,,,,,,,,False,example_files\original\C\Windows\System32\winevt\logs\Microsoft-Windows-DriverFrameworks-UserMode%4Operational.evtx,Classic,0,"{""UserData"":{""UMDFHostDeviceArrivalEnd"":{""@instance"":""WPDBUSENUMROOT\\UMB\\2&37C186B&0&STORAGE#VOLUME#_??_USBSTOR#DISK&VEN_VENDORCO&PROD_PRODUCTCODE&REV_2.00#4338531081087774140&0#"",""@lifetime"":""0edc8ee7-c105-4666-8875-75b1e175908e"",""FinalStatus"":""0""}}}"
36,36,2025-02-04 03:38:58.4707991,2004,Verbose,Microsoft-Windows-DriverFrameworks-UserMode,Microsoft-Windows-DriverFrameworks-UserMode/Operational,1160,2864,WIN-TFHMB3RRSQV,0,S-1-5-19,,,,,,,,,,,False,example_files\original\C\Windows\System32\winevt\logs\Microsoft-Windows-DriverFrameworks-UserMode%4Operational.evtx,Classic,0,"{""UserData"":{""UMDFHostAddDeviceBegin"":{""@instance"":""WPDBUSENUMROOT\\UMB\\2&37C186B&0&STORAGE#VOLUME#_??_USBSTOR#DISK&VEN_VENDORCO&PROD_PRODUCTCODE&REV_2.00#4338531081087774140&0#"",""@lifetime"":""0edc8ee7-c105-4666-8875-75b1e175908e"",""Level"":""0"",""Service"":""WpdFs"",""DriverClsid"":""112de495-ac4c-46f8-b663-6a4266c53313""}}}"
37,37,2025-02-04 03:38:58.4707991,2005,Verbose,Microsoft-Windows-DriverFrameworks-UserMode,Microsoft-Windows-DriverFrameworks-UserMode/Operational,1160,2864,WIN-TFHMB3RRSQV,0,S-1-5-19,,,,,,,,,,,False,example_files\original\C\Windows\System32\winevt\logs\Microsoft-Windows-DriverFrameworks-UserMode%4Operational.evtx,Classic,0,"{""UserData"":{""UMDFHostModuleLoad"":{""@instance"":""WPDBUSENUMROOT\\UMB\\2&37C186B&0&STORAGE#VOLUME#_??_USBSTOR#DISK&VEN_VENDORCO&PROD_PRODUCTCODE&REV_2.00#4338531081087774140&0#"",""@lifetime"":""0edc8ee7-c105-4666-8875-75b1e175908e"",""ModulePath"":""C:\\Windows\\system32\\WUDFx.dll"",""CompanyName"":""Microsoft Corporation"",""FileDescription"":""WDF:UMDF Framework Library"",""FileVersion"":""6.1.7601.17514 (win7sp1_rtm.101119-1850)""}}}"
38,38,2025-02-04 03:38:58.4707991,2005,Verbose,Microsoft-Windows-DriverFrameworks-UserMode,Microsoft-Windows-DriverFrameworks-UserMode/Operational,1160,2864,WIN-TFHMB3RRSQV,0,S-1-5-19,,,,,,,,,,,False,example_files\original\C\Windows\System32\winevt\logs\Microsoft-Windows-DriverFrameworks-UserMode%4Operational.evtx,Classic,0,"{""UserData"":{""UMDFHostModuleLoad"":{""@instance"":""WPDBUSENUMROOT\\UMB\\2&37C186B&0&STORAGE#VOLUME#_??_USBSTOR#DISK&VEN_VENDORCO&PROD_PRODUCTCODE&REV_2.00#4338531081087774140&0#"",""@lifetime"":""0edc8ee7-c105-4666-8875-75b1e175908e"",""ModulePath"":""C:\\Windows\\System32\\drivers\\UMDF\\WpdFs.dll"",""CompanyName"":""Microsoft Corporation"",""FileDescription"":""Windows Portable Device File System Driver"",""FileVersion"":""6.1.7600.16385 (win7_rtm.090713-1255)""}}}"
39,39,2025-02-04 03:38:58.4707991,2005,Verbose,Microsoft-Windows-DriverFrameworks-UserMode,Microsoft-Windows-DriverFrameworks-UserMode/Operational,1160,2864,WIN-TFHMB3RRSQV,0,S-1-5-19,,,,,,,,,,,False,example_files\original\C\Windows\System32\winevt\logs\Microsoft-Windows-DriverFrameworks-UserMode%4Operational.evtx,Classic,0,"{""UserData"":{""UMDFHostModuleLoad"":{""@instance"":""WPDBUSENUMROOT\\UMB\\2&37C186B&0&STORAGE#VOLUME#_??_USBSTOR#DISK&VEN_VENDORCO&PROD_PRODUCTCODE&REV_2.00#4338531081087774140&0#"",""@lifetime"":""0edc8ee7-c105-4666-8875-75b1e175908e"",""ModulePath"":""C:\\Windows\\system32\\wmvcore.dll"",""CompanyName"":""Microsoft Corporation"",""FileDescription"":""Windows Media Playback/Authoring DLL"",""FileVersion"":""12.0.7601.17514 (win7sp1_rtm.101119-1850)""}}}"
40,40,2025-02-04 03:38:58.4707991,2005,Verbose,Microsoft-Windows-DriverFrameworks-UserMode,Microsoft-Windows-DriverFrameworks-UserMode/Operational,1160,2864,WIN-TFHMB3RRSQV,0,S-1-5-19,,,,,,,,,,,False,example_files\original\C\Windows\System32\winevt\logs\Microsoft-Windows-DriverFrameworks-UserMode%4Operational.evtx,Classic,0,"{""UserData"":{""UMDFHostModuleLoad"":{""@instance"":""WPDBUSENUMROOT\\UMB\\2&37C186B&0&STORAGE#VOLUME#_??_USBSTOR#DISK&VEN_VENDORCO&PROD_PRODUCTCODE&REV_2.00#4338531081087774140&0#"",""@lifetime"":""0edc8ee7-c105-4666-8875-75b1e175908e"",""ModulePath"":""C:\\Windows\\system32\\WMASF.DLL"",""CompanyName"":""Microsoft Corporation"",""FileDescription"":""Windows Media ASF DLL"",""FileVersion"":""12.0.7600.16385 (win7_rtm.090713-1255)""}}}"
41,41,2025-02-04 03:38:58.4707991,2005,Verbose,Microsoft-Windows-DriverFrameworks-UserMode,Microsoft-Windows-DriverFrameworks-UserMode/Operational,1160,2864,WIN-TFHMB3RRSQV,0,S-1-5-19,,,,,,,,,,,False,example_files\original\C\Windows\System32\winevt\logs\Microsoft-Windows-DriverFrameworks-UserMode%4Operational.evtx,Classic,0,"{""UserData"":{""UMDFHostModuleLoad"":{""@instance"":""WPDBUSENUMROOT\\UMB\\2&37C186B&0&STORAGE#VOLUME#_??_USBSTOR#DISK&VEN_VENDORCO&PROD_PRODUCTCODE&REV_2.00#4338531081087774140&0#"",""@lifetime"":""0edc8ee7-c105-4666-8875-75b1e175908e"",""ModulePath"":""C:\\Windows\\WinSxS\\amd64_microsoft.windows.gdiplus_6595b64144ccf1df_1.1.7601.17514_none_2b24536c71ed437a\\gdiplus.dll"",""CompanyName"":""Microsoft Corporation"",""FileDescription"":""Microsoft GDI+"",""FileVersion"":""6.1.7601.17514 (win7sp1_rtm.101119-1850)""}}}"
42,42,2025-02-04 03:38:58.4707991,2006,Verbose,Microsoft-Windows-DriverFrameworks-UserMode,Microsoft-Windows-DriverFrameworks-UserMode/Operational,1160,2864,WIN-TFHMB3RRSQV,0,S-1-5-19,,,,,,,,,,,False,example_files\original\C\Windows\System32\winevt\logs\Microsoft-Windows-DriverFrameworks-UserMode%4Operational.evtx,Classic,0,"{""UserData"":{""UMDFHostAddDeviceEnd"":{""@instance"":""WPDBUSENUMROOT\\UMB\\2&37C186B&0&STORAGE#VOLUME#_??_USBSTOR#DISK&VEN_VENDORCO&PROD_PRODUCTCODE&REV_2.00#4338531081087774140&0#"",""@lifetime"":""0edc8ee7-c105-4666-8875-75b1e175908e"",""Level"":""0"",""FinalStatus"":""0""}}}"
43,43,2025-02-04 03:38:58.4707991,2100,Info,Microsoft-Windows-DriverFrameworks-UserMode,Microsoft-Windows-DriverFrameworks-UserMode/Operational,1160,2864,WIN-TFHMB3RRSQV,0,S-1-5-19,USB Connection,,,"InstanceId: ","LifetimeId: ",,,,,,False,example_files\original\C\Windows\System32\winevt\logs\Microsoft-Windows-DriverFrameworks-UserMode%4Operational.evtx,Classic,0,"{""UserData"":{""UMDFHostDeviceRequest"":{""@instance"":""WPDBUSENUMROOT\\UMB\\2&37C186B&0&STORAGE#VOLUME#_??_USBSTOR#DISK&VEN_VENDORCO&PROD_PRODUCTCODE&REV_2.00#4338531081087774140&0#"",""@lifetime"":""0edc8ee7-c105-4666-8875-75b1e175908e"",""Request"":{""@major"":""27"",""@minor"":""0"",""Argument"":[""0x0"",""0x0"",""0x0"",""0x0""]},""Status"":""3221225659""}}}"
44,44,2025-02-04 03:38:58.4707991,2105,Info,Microsoft-Windows-DriverFrameworks-UserMode,Microsoft-Windows-DriverFrameworks-UserMode/Operational,1160,2864,WIN-TFHMB3RRSQV,0,S-1-5-19,,,,,,,,,,,False,example_files\original\C\Windows\System32\winevt\logs\Microsoft-Windows-DriverFrameworks-UserMode%4Operational.evtx,Classic,0,"{""UserData"":{""UMDFHostDeviceRequest"":{""@instance"":""WPDBUSENUMROOT\\UMB\\2&37C186B&0&STORAGE#VOLUME#_??_USBSTOR#DISK&VEN_VENDORCO&PROD_PRODUCTCODE&REV_2.00#4338531081087774140&0#"",""@lifetime"":""0edc8ee7-c105-4666-8875-75b1e175908e"",""Request"":{""@major"":""27"",""@minor"":""0"",""Argument"":[""0x0"",""0x0"",""0x0"",""0x0""]},""Status"":""3221225659""}}}"
45,45,2025-02-04 03:38:58.4707991,2106,Info,Microsoft-Windows-DriverFrameworks-UserMode,Microsoft-Windows-DriverFrameworks-UserMode/Operational,1160,2864,WIN-TFHMB3RRSQV,0,S-1-5-19,,,,,,,,,,,False,example_files\original\C\Windows\System32\winevt\logs\Microsoft-Windows-DriverFrameworks-UserMode%4Operational.evtx,Classic,0,"{""UserData"":{""UMDFHostDeviceRequest"":{""@instance"":""WPDBUSENUMROOT\\UMB\\2&37C186B&0&STORAGE#VOLUME#_??_USBSTOR#DISK&VEN_VENDORCO&PROD_PRODUCTCODE&REV_2.00#4338531081087774140&0#"",""@lifetime"":""0edc8ee7-c105-4666-8875-75b1e175908e"",""Request"":{""@major"":""27"",""@minor"":""0"",""Argument"":[""0x0"",""0x0"",""0x0"",""0x0""]},""Status"":""0""}}}"
46,46,2025-02-04 03:38:58.4707991,2101,Info,Microsoft-Windows-DriverFrameworks-UserMode,Microsoft-Windows-DriverFrameworks-UserMode/Operational,1160,2864,WIN-TFHMB3RRSQV,0,S-1-5-19,,,,,,,,,,,False,example_files\original\C\Windows\System32\winevt\logs\Microsoft-Windows-DriverFrameworks-UserMode%4Operational.evtx,Classic,0,"{""UserData"":{""UMDFHostDeviceRequest"":{""@instance"":""WPDBUSENUMROOT\\UMB\\2&37C186B&0&STORAGE#VOLUME#_??_USBSTOR#DISK&VEN_VENDORCO&PROD_PRODUCTCODE&REV_2.00#4338531081087774140&0#"",""@lifetime"":""0edc8ee7-c105-4666-8875-75b1e175908e"",""Request"":{""@major"":""27"",""@minor"":""0"",""Argument"":[""0x0"",""0x1B"",""0x0"",""0x0""]},""Status"":""0""}}}"
47,47,2025-02-04 03:38:58.4707991,2100,Info,Microsoft-Windows-DriverFrameworks-UserMode,Microsoft-Windows-DriverFrameworks-UserMode/Operational,1160,2288,WIN-TFHMB3RRSQV,0,S-1-5-19,USB Connection,,,"InstanceId: ","LifetimeId: ",,,,,,False,example_files\original\C\Windows\System32\winevt\logs\Microsoft-Windows-DriverFrameworks-UserMode%4Operational.evtx,Classic,0,"{""UserData"":{""UMDFHostDeviceRequest"":{""@instance"":""WPDBUSENUMROOT\\UMB\\2&37C186B&0&STORAGE#VOLUME#_??_USBSTOR#DISK&VEN_VENDORCO&PROD_PRODUCTCODE&REV_2.00#4338531081087774140&0#"",""@lifetime"":""0edc8ee7-c105-4666-8875-75b1e175908e"",""Request"":{""@major"":""27"",""@minor"":""9"",""Argument"":[""0x10040"",""0xFFFFFFFFFFFFFFFF"",""0x0"",""0x0""]},""Status"":""3221225659""}}}"
48,48,2025-02-04 03:38:58.4707991,2105,Info,Microsoft-Windows-DriverFrameworks-UserMode,Microsoft-Windows-DriverFrameworks-UserMode/Operational,1160,2288,WIN-TFHMB3RRSQV,0,S-1-5-19,,,,,,,,,,,False,example_files\original\C\Windows\System32\winevt\logs\Microsoft-Windows-DriverFrameworks-UserMode%4Operational.evtx,Classic,0,"{""UserData"":{""UMDFHostDeviceRequest"":{""@instance"":""WPDBUSENUMROOT\\UMB\\2&37C186B&0&STORAGE#VOLUME#_??_USBSTOR#DISK&VEN_VENDORCO&PROD_PRODUCTCODE&REV_2.00#4338531081087774140&0#"",""@lifetime"":""0edc8ee7-c105-4666-8875-75b1e175908e"",""Request"":{""@major"":""27"",""@minor"":""9"",""Argument"":[""0x10040"",""0xFFFFFFFFFFFFFFFF"",""0x0"",""0x0""]},""Status"":""3221225659""}}}"
49,49,2025-02-04 03:38:58.4707991,2106,Info,Microsoft-Windows-DriverFrameworks-UserMode,Microsoft-Windows-DriverFrameworks-UserMode/Operational,1160,2288,WIN-TFHMB3RRSQV,0,S-1-5-19,,,,,,,,,,,False,example_files\original\C\Windows\System32\winevt\logs\Microsoft-Windows-DriverFrameworks-UserMode%4Operational.evtx,Classic,0,"{""UserData"":{""UMDFHostDeviceRequest"":{""@instance"":""WPDBUSENUMROOT\\UMB\\2&37C186B&0&STORAGE#VOLUME#_??_USBSTOR#DISK&VEN_VENDORCO&PROD_PRODUCTCODE&REV_2.00#4338531081087774140&0#"",""@lifetime"":""0edc8ee7-c105-4666-8875-75b1e175908e"",""Request"":{""@major"":""27"",""@minor"":""9"",""Argument"":[""0x10040"",""0xFFFFFFFFFFFFFFFF"",""0x0"",""0x0""]},""Status"":""0""}}}"
50,50,2025-02-04 03:38:58.4707991,2101,Info,Microsoft-Windows-DriverFrameworks-UserMode,Microsoft-Windows-DriverFrameworks-UserMode/Operational,1160,2288,WIN-TFHMB3RRSQV,0,S-1-5-19,,,,,,,,,,,False,example_files\original\C\Windows\System32\winevt\logs\Microsoft-Windows-DriverFrameworks-UserMode%4Operational.evtx,Classic,0,"{""UserData"":{""UMDFHostDeviceRequest"":{""@instance"":""WPDBUSENUMROOT\\UMB\\2&37C186B&0&STORAGE#VOLUME#_??_USBSTOR#DISK&VEN_VENDORCO&PROD_PRODUCTCODE&REV_2.00#4338531081087774140&0#"",""@lifetime"":""0edc8ee7-c105-4666-8875-75b1e175908e"",""Request"":{""@major"":""27"",""@minor"":""9"",""Argument"":[""0xA9100010040"",""0xFFFFFFFFFFFFFFFF"",""0x200000000"",""0x300000002""]},""Status"":""0""}}}"
51,51,2025-02-04 03:38:58.4707991,2100,Info,Microsoft-Windows-DriverFrameworks-UserMode,Microsoft-Windows-DriverFrameworks-UserMode/Operational,1160,2864,WIN-TFHMB3RRSQV,0,S-1-5-19,USB Connection,,,"InstanceId: ","LifetimeId: ",,,,,,False,example_files\original\C\Windows\System32\winevt\logs\Microsoft-Windows-DriverFrameworks-UserMode%4Operational.evtx,Classic,0,"{""UserData"":{""UMDFHostDeviceRequest"":{""@instance"":""WPDBUSENUMROOT\\UMB\\2&37C186B&0&STORAGE#VOLUME#_??_USBSTOR#DISK&VEN_VENDORCO&PROD_PRODUCTCODE&REV_2.00#4338531081087774140&0#"",""@lifetime"":""0edc8ee7-c105-4666-8875-75b1e175908e"",""Request"":{""@major"":""27"",""@minor"":""20"",""Argument"":[""0x0"",""0x0"",""0x0"",""0x0""]},""Status"":""3221225659""}}}"
52,52,2025-02-04 03:38:58.4707991,2105,Info,Microsoft-Windows-DriverFrameworks-UserMode,Microsoft-Windows-DriverFrameworks-UserMode/Operational,1160,2864,WIN-TFHMB3RRSQV,0,S-1-5-19,,,,,,,,,,,False,example_files\original\C\Windows\System32\winevt\logs\Microsoft-Windows-DriverFrameworks-UserMode%4Operational.evtx,Classic,0,"{""UserData"":{""UMDFHostDeviceRequest"":{""@instance"":""WPDBUSENUMROOT\\UMB\\2&37C186B&0&STORAGE#VOLUME#_??_USBSTOR#DISK&VEN_VENDORCO&PROD_PRODUCTCODE&REV_2.00#4338531081087774140&0#"",""@lifetime"":""0edc8ee7-c105-4666-8875-75b1e175908e"",""Request"":{""@major"":""27"",""@minor"":""20"",""Argument"":[""0x0"",""0x0"",""0x0"",""0x0""]},""Status"":""3221225659""}}}"
53,53,2025-02-04 03:38:58.4707991,2106,Info,Microsoft-Windows-DriverFrameworks-UserMode,Microsoft-Windows-DriverFrameworks-UserMode/Operational,1160,2864,WIN-TFHMB3RRSQV,0,S-1-5-19,,,,,,,,,,,False,example_files\original\C\Windows\System32\winevt\logs\Microsoft-Windows-DriverFrameworks-UserMode%4Operational.evtx,Classic,0,"{""UserData"":{""UMDFHostDeviceRequest"":{""@instance"":""WPDBUSENUMROOT\\UMB\\2&37C186B&0&STORAGE#VOLUME#_??_USBSTOR#DISK&VEN_VENDORCO&PROD_PRODUCTCODE&REV_2.00#4338531081087774140&0#"",""@lifetime"":""0edc8ee7-c105-4666-8875-75b1e175908e"",""Request"":{""@major"":""27"",""@minor"":""20"",""Argument"":[""0x0"",""0x0"",""0x0"",""0x0""]},""Status"":""0""}}}"
54,54,2025-02-04 03:38:58.4707991,2101,Info,Microsoft-Windows-DriverFrameworks-UserMode,Microsoft-Windows-DriverFrameworks-UserMode/Operational,1160,2864,WIN-TFHMB3RRSQV,0,S-1-5-19,,,,,,,,,,,False,example_files\original\C\Windows\System32\winevt\logs\Microsoft-Windows-DriverFrameworks-UserMode%4Operational.evtx,Classic,0,"{""UserData"":{""UMDFHostDeviceRequest"":{""@instance"":""WPDBUSENUMROOT\\UMB\\2&37C186B&0&STORAGE#VOLUME#_??_USBSTOR#DISK&VEN_VENDORCO&PROD_PRODUCTCODE&REV_2.00#4338531081087774140&0#"",""@lifetime"":""0edc8ee7-c105-4666-8875-75b1e175908e"",""Request"":{""@major"":""27"",""@minor"":""20"",""Argument"":[""0x0"",""0x141B"",""0x0"",""0x0""]},""Status"":""0""}}}"
55,55,2025-02-04 03:53:32.0861420,2100,Info,Microsoft-Windows-DriverFrameworks-UserMode,Microsoft-Windows-DriverFrameworks-UserMode/Operational,1160,2864,WIN-TFHMB3RRSQV,0,S-1-5-19,USB Connection,,,"InstanceId: ","LifetimeId: ",,,,,,False,example_files\original\C\Windows\System32\winevt\logs\Microsoft-Windows-DriverFrameworks-UserMode%4Operational.evtx,Classic,0,"{""UserData"":{""UMDFHostDeviceRequest"":{""@instance"":""WPDBUSENUMROOT\\UMB\\2&37C186B&0&STORAGE#VOLUME#_??_USBSTOR#DISK&VEN_VENDORCO&PROD_PRODUCTCODE&REV_2.00#4338531081087774140&0#"",""@lifetime"":""0edc8ee7-c105-4666-8875-75b1e175908e"",""Request"":{""@major"":""27"",""@minor"":""23"",""Argument"":[""0x0"",""0x0"",""0x0"",""0x0""]},""Status"":""3221225659""}}}"
56,56,2025-02-04 03:53:32.0861420,2102,Info,Microsoft-Windows-DriverFrameworks-UserMode,Microsoft-Windows-DriverFrameworks-UserMode/Operational,1160,2864,WIN-TFHMB3RRSQV,0,S-1-5-19,,,,,,,,,,,False,example_files\original\C\Windows\System32\winevt\logs\Microsoft-Windows-DriverFrameworks-UserMode%4Operational.evtx,Classic,0,"{""UserData"":{""UMDFHostDeviceRequest"":{""@instance"":""WPDBUSENUMROOT\\UMB\\2&37C186B&0&STORAGE#VOLUME#_??_USBSTOR#DISK&VEN_VENDORCO&PROD_PRODUCTCODE&REV_2.00#4338531081087774140&0#"",""@lifetime"":""0edc8ee7-c105-4666-8875-75b1e175908e"",""Request"":{""@major"":""27"",""@minor"":""23"",""Argument"":[""0x0"",""0x0"",""0x0"",""0x0""]},""Status"":""3221225659""}}}"
57,57,2025-02-04 03:53:32.1485421,2100,Info,Microsoft-Windows-DriverFrameworks-UserMode,Microsoft-Windows-DriverFrameworks-UserMode/Operational,1160,2864,WIN-TFHMB3RRSQV,0,S-1-5-19,USB Connection,,,"InstanceId: ","LifetimeId: ",,,,,,False,example_files\original\C\Windows\System32\winevt\logs\Microsoft-Windows-DriverFrameworks-UserMode%4Operational.evtx,Classic,0,"{""UserData"":{""UMDFHostDeviceRequest"":{""@instance"":""WPDBUSENUMROOT\\UMB\\2&37C186B&0&STORAGE#VOLUME#_??_USBSTOR#DISK&VEN_VENDORCO&PROD_PRODUCTCODE&REV_2.00#4338531081087774140&0#"",""@lifetime"":""0edc8ee7-c105-4666-8875-75b1e175908e"",""Request"":{""@major"":""27"",""@minor"":""2"",""Argument"":[""0x0"",""0x0"",""0x0"",""0x0""]},""Status"":""3221225659""}}}"
58,58,2025-02-04 03:53:32.1485421,2102,Info,Microsoft-Windows-DriverFrameworks-UserMode,Microsoft-Windows-DriverFrameworks-UserMode/Operational,1160,2864,WIN-TFHMB3RRSQV,0,S-1-5-19,,,,,,,,,,,False,example_files\original\C\Windows\System32\winevt\logs\Microsoft-Windows-DriverFrameworks-UserMode%4Operational.evtx,Classic,0,"{""UserData"":{""UMDFHostDeviceRequest"":{""@instance"":""WPDBUSENUMROOT\\UMB\\2&37C186B&0&STORAGE#VOLUME#_??_USBSTOR#DISK&VEN_VENDORCO&PROD_PRODUCTCODE&REV_2.00#4338531081087774140&0#"",""@lifetime"":""0edc8ee7-c105-4666-8875-75b1e175908e"",""Request"":{""@major"":""27"",""@minor"":""2"",""Argument"":[""0x0"",""0x0"",""0x0"",""0x0""]},""Status"":""3221225659""}}}"
59,59,2025-02-04 03:53:32.1485421,1006,Info,Microsoft-Windows-DriverFrameworks-UserMode,Microsoft-Windows-DriverFrameworks-UserMode/Operational,804,440,WIN-TFHMB3RRSQV,0,S-1-5-18,,,,,,,,,,,False,example_files\original\C\Windows\System32\winevt\logs\Microsoft-Windows-DriverFrameworks-UserMode%4Operational.evtx,Classic,0,"{""UserData"":{""UMDFDriverManagerHostShutdown"":{""@lifetime"":""0edc8ee7-c105-4666-8875-75b1e175908e""}}}"
60,60,2025-02-04 03:53:32.1485421,2900,Info,Microsoft-Windows-DriverFrameworks-UserMode,Microsoft-Windows-DriverFrameworks-UserMode/Operational,1160,2864,WIN-TFHMB3RRSQV,0,S-1-5-19,,,,,,,,,,,False,example_files\original\C\Windows\System32\winevt\logs\Microsoft-Windows-DriverFrameworks-UserMode%4Operational.evtx,Classic,0,"{""UserData"":{""UMDFHostShutdown"":{""@lifetime"":""0edc8ee7-c105-4666-8875-75b1e175908e""}}}"
61,61,2025-02-04 03:53:32.1485421,2901,Info,Microsoft-Windows-DriverFrameworks-UserMode,Microsoft-Windows-DriverFrameworks-UserMode/Operational,1160,2712,WIN-TFHMB3RRSQV,0,S-1-5-19,,,,,,,,,,,False,example_files\original\C\Windows\System32\winevt\logs\Microsoft-Windows-DriverFrameworks-UserMode%4Operational.evtx,Classic,0,"{""UserData"":{""UMDFHostShutdown"":{""@lifetime"":""0edc8ee7-c105-4666-8875-75b1e175908e""}}}"
62,62,2025-02-04 03:53:32.1641422,1008,Info,Microsoft-Windows-DriverFrameworks-UserMode,Microsoft-Windows-DriverFrameworks-UserMode/Operational,804,440,WIN-TFHMB3RRSQV,0,S-1-5-18,,,,,,,,,,,False,example_files\original\C\Windows\System32\winevt\logs\Microsoft-Windows-DriverFrameworks-UserMode%4Operational.evtx,Classic,0,"{""UserData"":{""UMDFDriverManagerHostShutdown"":{""@lifetime"":""0edc8ee7-c105-4666-8875-75b1e175908e"",""TerminateStatus"":""0"",""ExitCode"":""0""}}}"
63,63,2025-02-04 03:54:53.5250957,1003,Info,Microsoft-Windows-DriverFrameworks-UserMode,Microsoft-Windows-DriverFrameworks-UserMode/Operational,804,440,WIN-TFHMB3RRSQV,0,S-1-5-18,,,,,,,,,,,False,example_files\original\C\Windows\System32\winevt\logs\Microsoft-Windows-DriverFrameworks-UserMode%4Operational.evtx,Classic,0,"{""UserData"":{""UMDFDriverManagerHostCreateStart"":{""@lifetime"":""5ff795be-ef92-4def-8408-53c5f3a9419d"",""HostGuid"":""{193a1820-d9ac-4997-8c55-be817523f6aa}"",""DeviceInstanceId"":""WPDBUSENUMROOT.UMB.2&amp;37C186B&amp;0&amp;STORAGE#VOLUME#_??_USBSTOR#DISK&amp;VEN_VENDORCO&amp;PROD_PRODUCTCODE&amp;REV_2.00#1826141146906015335&amp;0#""}}}"
64,64,2025-02-04 03:54:53.5562957,2000,Info,Microsoft-Windows-DriverFrameworks-UserMode,Microsoft-Windows-DriverFrameworks-UserMode/Operational,2628,2968,WIN-TFHMB3RRSQV,0,S-1-5-19,,,,,,,,,,,False,example_files\original\C\Windows\System32\winevt\logs\Microsoft-Windows-DriverFrameworks-UserMode%4Operational.evtx,Classic,0,"{""UserData"":{""UMDFHostStartupBegin"":{""@lifetime"":""5ff795be-ef92-4def-8408-53c5f3a9419d""}}}"
65,65,2025-02-04 03:54:53.5562957,2001,Info,Microsoft-Windows-DriverFrameworks-UserMode,Microsoft-Windows-DriverFrameworks-UserMode/Operational,2628,2968,WIN-TFHMB3RRSQV,0,S-1-5-19,,,,,,,,,,,False,example_files\original\C\Windows\System32\winevt\logs\Microsoft-Windows-DriverFrameworks-UserMode%4Operational.evtx,Classic,0,"{""UserData"":{""UMDFHostStartupEnd"":{""@lifetime"":""5ff795be-ef92-4def-8408-53c5f3a9419d"",""FinalStatus"":""0""}}}"
66,66,2025-02-04 03:54:53.5718958,1004,Info,Microsoft-Windows-DriverFrameworks-UserMode,Microsoft-Windows-DriverFrameworks-UserMode/Operational,804,440,WIN-TFHMB3RRSQV,0,S-1-5-18,,,,,,,,,,,False,example_files\original\C\Windows\System32\winevt\logs\Microsoft-Windows-DriverFrameworks-UserMode%4Operational.evtx,Classic,0,"{""UserData"":{""UMDFDriverManagerHostCreateEnd"":{""@lifetime"":""5ff795be-ef92-4def-8408-53c5f3a9419d"",""FinalStatus"":""0""}}}"
67,67,2025-02-04 03:54:53.5874958,2003,Info,Microsoft-Windows-DriverFrameworks-UserMode,Microsoft-Windows-DriverFrameworks-UserMode/Operational,2628,668,WIN-TFHMB3RRSQV,0,S-1-5-19,,,,,,,,,,,False,example_files\original\C\Windows\System32\winevt\logs\Microsoft-Windows-DriverFrameworks-UserMode%4Operational.evtx,Classic,0,"{""UserData"":{""UMDFHostDeviceArrivalBegin"":{""@instance"":""WPDBUSENUMROOT\\UMB\\2&37C186B&0&STORAGE#VOLUME#_??_USBSTOR#DISK&VEN_VENDORCO&PROD_PRODUCTCODE&REV_2.00#1826141146906015335&0#"",""@lifetime"":""5ff795be-ef92-4def-8408-53c5f3a9419d""}}}"
