413,413,2025-02-04 19:10:00.2277787,20001,Info,Microsoft-Windows-UserPnp,System,868,1572,37L4247F27-25,3,S-1-5-18,Device installation,,,DriverDescription: IDE Channel,InstallStatus: Installation Successful,IsDriverOEM: False,UpgradeDevice: False,RebootOption: False,DeviceInstanceID: PCIIDE\IDECHANNEL\5&amp;12368B4A&amp;0&amp;22,FileRepository\mshdc.inf_amd64_neutral_aad30bdeec04ea5e\mshdc.inf,False,example_files\original\C\Windows\System32\winevt\logs\System.evtx,Classic,0,"{""UserData"":{""InstallDeviceID"":{""DriverName"":""FileRepository\\mshdc.inf_amd64_neutral_aad30bdeec04ea5e\\mshdc.inf"",""DriverVersion"":""6.1.7601.17514"",""DriverProvider"":""Microsoft"",""DeviceInstanceID"":""PCIIDE\\IDECHANNEL\\5&amp;12368B4A&amp;0&amp;22"",""SetupClass"":""4d36e96a-e325-11ce-bfc1-08002be10318"",""RebootOption"":""False"",""UpgradeDevice"":""False"",""IsDriverOEM"":""False"",""InstallStatus"":""0x0"",""DriverDescription"":""IDE Channel""}}}"
414,414,2025-02-04 19:10:00.3525789,20003,Info,Microsoft-Windows-UserPnp,System,1356,1308,37L4247F27-25,3,S-1-5-18,Service installation,,,ServiceName: disk,AddServiceStatus: Unknown code (0),,UpdateService: True,PrimaryService: True,DeviceInstanceID: SCSI\DISK&amp;VEN_VMWARE_&amp;PROD_VMWARE_VIRTUAL_S\5&amp;22BE343F&amp;0&amp;000000,system32\DRIVERS\disk.sys,False,example_files\original\C\Windows\System32\winevt\logs\System.evtx,Classic,0,"{""UserData"":{""AddServiceID"":{""ServiceName"":""disk"",""DriverFileName"":""system32\\DRIVERS\\disk.sys"",""DeviceInstanceID"":""SCSI\\DISK&amp;VEN_VMWARE_&amp;PROD_VMWARE_VIRTUAL_S\\5&amp;22BE343F&amp;0&amp;000000"",""PrimaryService"":""True"",""UpdateService"":""True"",""AddServiceStatus"":""0""}}}"
415,415,2025-02-04 19:10:00.4461791,20001,Info,Microsoft-Windows-UserPnp,System,1356,1308,37L4247F27-25,3,S-1-5-18,Device installation,,,DriverDescription: Disk drive,InstallStatus: Installation Successful,IsDriverOEM: False,UpgradeDevice: False,RebootOption: False,DeviceInstanceID: SCSI\DISK&amp;VEN_VMWARE_&amp;PROD_VMWARE_VIRTUAL_S\5&amp;22BE343F&amp;0&amp;000000,FileRepository\disk.inf_amd64_neutral_10ce25bbc5a9cc43\disk.inf,False,example_files\original\C\Windows\System32\winevt\logs\System.evtx,Classic,0,"{""UserData"":{""InstallDeviceID"":{""DriverName"":""FileRepository\\disk.inf_amd64_neutral_10ce25bbc5a9cc43\\disk.inf"",""DriverVersion"":""6.1.7600.16385"",""DriverProvider"":""Microsoft"",""DeviceInstanceID"":""SCSI\\DISK&amp;VEN_VMWARE_&amp;PROD_VMWARE_VIRTUAL_S\\5&amp;22BE343F&amp;0&amp;000000"",""SetupClass"":""4d36e967-e325-11ce-bfc1-08002be10318"",""RebootOption"":""False"",""UpgradeDevice"":""False"",""IsDriverOEM"":""False"",""InstallStatus"":""0x0"",""DriverDescription"":""Disk drive""}}}"
416,416,2025-02-04 19:10:00.6177794,20003,Info,Microsoft-Windows-UserPnp,System,780,1312,37L4247F27-25,3,S-1-5-18,Service installation,,,ServiceName: atapi,AddServiceStatus: Unknown code (0),,UpdateService: True,PrimaryService: True,DeviceInstanceID: PCIIDE\IDECHANNEL\5&amp;12368B4A&amp;0&amp;1,system32\DRIVERS\atapi.sys,False,example_files\original\C\Windows\System32\winevt\logs\System.evtx,Classic,0,"{""UserData"":{""AddServiceID"":{""ServiceName"":""atapi"",""DriverFileName"":""system32\\DRIVERS\\atapi.sys"",""DeviceInstanceID"":""PCIIDE\\IDECHANNEL\\5&amp;12368B4A&amp;0&amp;1"",""PrimaryService"":""True"",""UpdateService"":""True"",""AddServiceStatus"":""0""}}}"
417,417,2025-02-04 19:10:00.8205797,20001,Info,Microsoft-Windows-UserPnp,System,780,1312,37L4247F27-25,3,S-1-5-18,Device installation,,,DriverDescription: IDE Channel,InstallStatus: Installation Successful,IsDriverOEM: False,UpgradeDevice: False,RebootOption: False,DeviceInstanceID: PCIIDE\IDECHANNEL\5&amp;12368B4A&amp;0&amp;1,FileRepository\mshdc.inf_amd64_neutral_aad30bdeec04ea5e\mshdc.inf,False,example_files\original\C\Windows\System32\winevt\logs\System.evtx,Classic,0,"{""UserData"":{""InstallDeviceID"":{""DriverName"":""FileRepository\\mshdc.inf_amd64_neutral_aad30bdeec04ea5e\\mshdc.inf"",""DriverVersion"":""6.1.7601.17514"",""DriverProvider"":""Microsoft"",""DeviceInstanceID"":""PCIIDE\\IDECHANNEL\\5&amp;12368B4A&amp;0&amp;1"",""SetupClass"":""4d36e96a-e325-11ce-bfc1-08002be10318"",""RebootOption"":""False"",""UpgradeDevice"":""False"",""IsDriverOEM"":""False"",""InstallStatus"":""0x0"",""DriverDescription"":""IDE Channel""}}}"
418,418,2025-02-04 19:10:00.9453799,20003,Info,Microsoft-Windows-UserPnp,System,1508,1420,37L4247F27-25,3,S-1-5-18,Service installation,,,ServiceName: atapi,AddServiceStatus: Unknown code (0),,UpdateService: True,PrimaryService: True,DeviceInstanceID: PCIIDE\IDECHANNEL\5&amp;12368B4A&amp;0&amp;23,system32\DRIVERS\atapi.sys,False,example_files\original\C\Windows\System32\winevt\logs\System.evtx,Classic,0,"{""UserData"":{""AddServiceID"":{""ServiceName"":""atapi"",""DriverFileName"":""system32\\DRIVERS\\atapi.sys"",""DeviceInstanceID"":""PCIIDE\\IDECHANNEL\\5&amp;12368B4A&amp;0&amp;23"",""PrimaryService"":""True"",""UpdateService"":""True"",""AddServiceStatus"":""0""}}}"
419,419,2025-02-04 19:10:01.2417804,20001,Info,Microsoft-Windows-UserPnp,System,1508,1420,37L4247F27-25,3,S-1-5-18,Device installation,,,DriverDescription: IDE Channel,InstallStatus: Installation Successful,IsDriverOEM: False,UpgradeDevice: False,RebootOption: False,DeviceInstanceID: PCIIDE\IDECHANNEL\5&amp;12368B4A&amp;0&amp;23,FileRepository\mshdc.inf_amd64_neutral_aad30bdeec04ea5e\mshdc.inf,False,example_files\original\C\Windows\System32\winevt\logs\System.evtx,Classic,0,"{""UserData"":{""InstallDeviceID"":{""DriverName"":""FileRepository\\mshdc.inf_amd64_neutral_aad30bdeec04ea5e\\mshdc.inf"",""DriverVersion"":""6.1.7601.17514"",""DriverProvider"":""Microsoft"",""DeviceInstanceID"":""PCIIDE\\IDECHANNEL\\5&amp;12368B4A&amp;0&amp;23"",""SetupClass"":""4d36e96a-e325-11ce-bfc1-08002be10318"",""RebootOption"":""False"",""UpgradeDevice"":""False"",""IsDriverOEM"":""False"",""InstallStatus"":""0x0"",""DriverDescription"":""IDE Channel""}}}"
420,420,2025-02-04 19:10:01.3509806,20003,Info,Microsoft-Windows-UserPnp,System,1060,1528,37L4247F27-25,3,S-1-5-18,Service installation,,,ServiceName: atapi,AddServiceStatus: Unknown code (0),,UpdateService: True,PrimaryService: True,DeviceInstanceID: PCIIDE\IDECHANNEL\5&amp;12368B4A&amp;0&amp;10,system32\DRIVERS\atapi.sys,False,example_files\original\C\Windows\System32\winevt\logs\System.evtx,Classic,0,"{""UserData"":{""AddServiceID"":{""ServiceName"":""atapi"",""DriverFileName"":""system32\\DRIVERS\\atapi.sys"",""DeviceInstanceID"":""PCIIDE\\IDECHANNEL\\5&amp;12368B4A&amp;0&amp;10"",""PrimaryService"":""True"",""UpdateService"":""True"",""AddServiceStatus"":""0""}}}"
421,421,2025-02-04 19:10:01.6473812,20001,Info,Microsoft-Windows-UserPnp,System,1060,1528,37L4247F27-25,3,S-1-5-18,Device installation,,,DriverDescription: IDE Channel,InstallStatus: Installation Successful,IsDriverOEM: False,UpgradeDevice: False,RebootOption: False,DeviceInstanceID: PCIIDE\IDECHANNEL\5&amp;12368B4A&amp;0&amp;10,FileRepository\mshdc.inf_amd64_neutral_aad30bdeec04ea5e\mshdc.inf,False,example_files\original\C\Windows\System32\winevt\logs\System.evtx,Classic,0,"{""UserData"":{""InstallDeviceID"":{""DriverName"":""FileRepository\\mshdc.inf_amd64_neutral_aad30bdeec04ea5e\\mshdc.inf"",""DriverVersion"":""6.1.7601.17514"",""DriverProvider"":""Microsoft"",""DeviceInstanceID"":""PCIIDE\\IDECHANNEL\\5&amp;12368B4A&amp;0&amp;10"",""SetupClass"":""4d36e96a-e325-11ce-bfc1-08002be10318"",""RebootOption"":""False"",""UpgradeDevice"":""False"",""IsDriverOEM"":""False"",""InstallStatus"":""0x0"",""DriverDescription"":""IDE Channel""}}}"
422,422,2025-02-04 19:10:01.8345815,20003,Info,Microsoft-Windows-UserPnp,System,1700,1136,37L4247F27-25,3,S-1-5-18,Service installation,,,ServiceName: atapi,AddServiceStatus: Unknown code (0),,UpdateService: True,PrimaryService: True,DeviceInstanceID: PCIIDE\IDECHANNEL\5&amp;12368B4A&amp;0&amp;24,system32\DRIVERS\atapi.sys,False,example_files\original\C\Windows\System32\winevt\logs\System.evtx,Classic,0,"{""UserData"":{""AddServiceID"":{""ServiceName"":""atapi"",""DriverFileName"":""system32\\DRIVERS\\atapi.sys"",""DeviceInstanceID"":""PCIIDE\\IDECHANNEL\\5&amp;12368B4A&amp;0&amp;24"",""PrimaryService"":""True"",""UpdateService"":""True"",""AddServiceStatus"":""0""}}}"
423,423,2025-02-04 19:10:02.0685819,20001,Info,Microsoft-Windows-UserPnp,System,1700,1136,37L4247F27-25,3,S-1-5-18,Device installation,,,DriverDescription: IDE Channel,InstallStatus: Installation Successful,IsDriverOEM: False,UpgradeDevice: False,RebootOption: False,DeviceInstanceID: PCIIDE\IDECHANNEL\5&amp;12368B4A&amp;0&amp;24,FileRepository\mshdc.inf_amd64_neutral_aad30bdeec04ea5e\mshdc.inf,False,example_files\original\C\Windows\System32\winevt\logs\System.evtx,Classic,0,"{""UserData"":{""InstallDeviceID"":{""DriverName"":""FileRepository\\mshdc.inf_amd64_neutral_aad30bdeec04ea5e\\mshdc.inf"",""DriverVersion"":""6.1.7601.17514"",""DriverProvider"":""Microsoft"",""DeviceInstanceID"":""PCIIDE\\IDECHANNEL\\5&amp;12368B4A&amp;0&amp;24"",""SetupClass"":""4d36e96a-e325-11ce-bfc1-08002be10318"",""RebootOption"":""False"",""UpgradeDevice"":""False"",""IsDriverOEM"":""False"",""InstallStatus"":""0x0"",""DriverDescription"":""IDE Channel""}}}"
424,424,2025-02-04 19:10:02.1933821,20003,Info,Microsoft-Windows-UserPnp,System,1656,1540,37L4247F27-25,3,S-1-5-18,Service installation,,,ServiceName: atapi,AddServiceStatus: Unknown code (0),,UpdateService: True,PrimaryService: True,DeviceInstanceID: PCIIDE\IDECHANNEL\5&amp;12368B4A&amp;0&amp;11,system32\DRIVERS\atapi.sys,False,example_files\original\C\Windows\System32\winevt\logs\System.evtx,Classic,0,"{""UserData"":{""AddServiceID"":{""ServiceName"":""atapi"",""DriverFileName"":""system32\\DRIVERS\\atapi.sys"",""DeviceInstanceID"":""PCIIDE\\IDECHANNEL\\5&amp;12368B4A&amp;0&amp;11"",""PrimaryService"":""True"",""UpdateService"":""True"",""AddServiceStatus"":""0""}}}"
425,425,2025-02-04 19:10:02.4897826,20001,Info,Microsoft-Windows-UserPnp,System,1656,1540,37L4247F27-25,3,S-1-5-18,Device installation,,,DriverDescription: IDE Channel,InstallStatus: Installation Successful,IsDriverOEM: False,UpgradeDevice: False,RebootOption: False,DeviceInstanceID: PCIIDE\IDECHANNEL\5&amp;12368B4A&amp;0&amp;11,FileRepository\mshdc.inf_amd64_neutral_aad30bdeec04ea5e\mshdc.inf,False,example_files\original\C\Windows\System32\winevt\logs\System.evtx,Classic,0,"{""UserData"":{""InstallDeviceID"":{""DriverName"":""FileRepository\\mshdc.inf_amd64_neutral_aad30bdeec04ea5e\\mshdc.inf"",""DriverVersion"":""6.1.7601.17514"",""DriverProvider"":""Microsoft"",""DeviceInstanceID"":""PCIIDE\\IDECHANNEL\\5&amp;12368B4A&amp;0&amp;11"",""SetupClass"":""4d36e96a-e325-11ce-bfc1-08002be10318"",""RebootOption"":""False"",""UpgradeDevice"":""False"",""IsDriverOEM"":""False"",""InstallStatus"":""0x0"",""DriverDescription"":""IDE Channel""}}}"
426,426,2025-02-04 19:10:02.6925830,20003,Info,Microsoft-Windows-UserPnp,System,1156,1716,37L4247F27-25,3,S-1-5-18,Service installation,,,ServiceName: atapi,AddServiceStatus: Unknown code (0),,UpdateService: True,PrimaryService: True,DeviceInstanceID: PCIIDE\IDECHANNEL\5&amp;12368B4A&amp;0&amp;25,system32\DRIVERS\atapi.sys,False,example_files\original\C\Windows\System32\winevt\logs\System.evtx,Classic,0,"{""UserData"":{""AddServiceID"":{""ServiceName"":""atapi"",""DriverFileName"":""system32\\DRIVERS\\atapi.sys"",""DeviceInstanceID"":""PCIIDE\\IDECHANNEL\\5&amp;12368B4A&amp;0&amp;25"",""PrimaryService"":""True"",""UpdateService"":""True"",""AddServiceStatus"":""0""}}}"
427,427,2025-02-04 19:10:02.9265834,20001,Info,Microsoft-Windows-UserPnp,System,1156,1716,37L4247F27-25,3,S-1-5-18,Device installation,,,DriverDescription: IDE Channel,InstallStatus: Installation Successful,IsDriverOEM: False,UpgradeDevice: False,RebootOption: False,DeviceInstanceID: PCIIDE\IDECHANNEL\5&amp;12368B4A&amp;0&amp;25,FileRepository\mshdc.inf_amd64_neutral_aad30bdeec04ea5e\mshdc.inf,False,example_files\original\C\Windows\System32\winevt\logs\System.evtx,Classic,0,"{""UserData"":{""InstallDeviceID"":{""DriverName"":""FileRepository\\mshdc.inf_amd64_neutral_aad30bdeec04ea5e\\mshdc.inf"",""DriverVersion"":""6.1.7601.17514"",""DriverProvider"":""Microsoft"",""DeviceInstanceID"":""PCIIDE\\IDECHANNEL\\5&amp;12368B4A&amp;0&amp;25"",""SetupClass"":""4d36e96a-e325-11ce-bfc1-08002be10318"",""RebootOption"":""False"",""UpgradeDevice"":""False"",""IsDriverOEM"":""False"",""InstallStatus"":""0x0"",""DriverDescription"":""IDE Channel""}}}"
428,428,2025-02-04 19:10:03.0357836,20003,Info,Microsoft-Windows-UserPnp,System,640,1944,37L4247F27-25,3,S-1-5-18,Service installation,,,ServiceName: atapi,AddServiceStatus: Unknown code (0),,UpdateService: True,PrimaryService: True,DeviceInstanceID: PCIIDE\IDECHANNEL\5&amp;12368B4A&amp;0&amp;12,system32\DRIVERS\atapi.sys,False,example_files\original\C\Windows\System32\winevt\logs\System.evtx,Classic,0,"{""UserData"":{""AddServiceID"":{""ServiceName"":""atapi"",""DriverFileName"":""system32\\DRIVERS\\atapi.sys"",""DeviceInstanceID"":""PCIIDE\\IDECHANNEL\\5&amp;12368B4A&amp;0&amp;12"",""PrimaryService"":""True"",""UpdateService"":""True"",""AddServiceStatus"":""0""}}}"
429,429,2025-02-04 19:10:03.3321841,20001,Info,Microsoft-Windows-UserPnp,System,640,1944,37L4247F27-25,3,S-1-5-18,Device installation,,,DriverDescription: IDE Channel,InstallStatus: Installation Successful,IsDriverOEM: False,UpgradeDevice: False,RebootOption: False,DeviceInstanceID: PCIIDE\IDECHANNEL\5&amp;12368B4A&amp;0&amp;12,FileRepository\mshdc.inf_amd64_neutral_aad30bdeec04ea5e\mshdc.inf,False,example_files\original\C\Windows\System32\winevt\logs\System.evtx,Classic,0,"{""UserData"":{""InstallDeviceID"":{""DriverName"":""FileRepository\\mshdc.inf_amd64_neutral_aad30bdeec04ea5e\\mshdc.inf"",""DriverVersion"":""6.1.7601.17514"",""DriverProvider"":""Microsoft"",""DeviceInstanceID"":""PCIIDE\\IDECHANNEL\\5&amp;12368B4A&amp;0&amp;12"",""SetupClass"":""4d36e96a-e325-11ce-bfc1-08002be10318"",""RebootOption"":""False"",""UpgradeDevice"":""False"",""IsDriverOEM"":""False"",""InstallStatus"":""0x0"",""DriverDescription"":""IDE Channel""}}}"
430,430,2025-02-04 19:10:03.5193844,20003,Info,Microsoft-Windows-UserPnp,System,1940,1788,37L4247F27-25,3,S-1-5-18,Service installation,,,ServiceName: atapi,AddServiceStatus: Unknown code (0),,UpdateService: True,PrimaryService: True,DeviceInstanceID: PCIIDE\IDECHANNEL\5&amp;12368B4A&amp;0&amp;26,system32\DRIVERS\atapi.sys,False,example_files\original\C\Windows\System32\winevt\logs\System.evtx,Classic,0,"{""UserData"":{""AddServiceID"":{""ServiceName"":""atapi"",""DriverFileName"":""system32\\DRIVERS\\atapi.sys"",""DeviceInstanceID"":""PCIIDE\\IDECHANNEL\\5&amp;12368B4A&amp;0&amp;26"",""PrimaryService"":""True"",""UpdateService"":""True"",""AddServiceStatus"":""0""}}}"
431,431,2025-02-04 19:10:03.7689849,20001,Info,Microsoft-Windows-UserPnp,System,1940,1788,37L4247F27-25,3,S-1-5-18,Device installation,,,DriverDescription: IDE Channel,InstallStatus: Installation Successful,IsDriverOEM: False,UpgradeDevice: False,RebootOption: False,DeviceInstanceID: PCIIDE\IDECHANNEL\5&amp;12368B4A&amp;0&amp;26,FileRepository\mshdc.inf_amd64_neutral_aad30bdeec04ea5e\mshdc.inf,False,example_files\original\C\Windows\System32\winevt\logs\System.evtx,Classic,0,"{""UserData"":{""InstallDeviceID"":{""DriverName"":""FileRepository\\mshdc.inf_amd64_neutral_aad30bdeec04ea5e\\mshdc.inf"",""DriverVersion"":""6.1.7601.17514"",""DriverProvider"":""Microsoft"",""DeviceInstanceID"":""PCIIDE\\IDECHANNEL\\5&amp;12368B4A&amp;0&amp;26"",""SetupClass"":""4d36e96a-e325-11ce-bfc1-08002be10318"",""RebootOption"":""False"",""UpgradeDevice"":""False"",""IsDriverOEM"":""False"",""InstallStatus"":""0x0"",""DriverDescription"":""IDE Channel""}}}"
432,432,2025-02-04 19:10:03.9405852,20003,Info,Microsoft-Windows-UserPnp,System,1996,1784,37L4247F27-25,3,S-1-5-18,Service installation,,,ServiceName: atapi,AddServiceStatus: Unknown code (0),,UpdateService: True,PrimaryService: True,DeviceInstanceID: PCIIDE\IDECHANNEL\5&amp;12368B4A&amp;0&amp;13,system32\DRIVERS\atapi.sys,False,example_files\original\C\Windows\System32\winevt\logs\System.evtx,Classic,0,"{""UserData"":{""AddServiceID"":{""ServiceName"":""atapi"",""DriverFileName"":""system32\\DRIVERS\\atapi.sys"",""DeviceInstanceID"":""PCIIDE\\IDECHANNEL\\5&amp;12368B4A&amp;0&amp;13"",""PrimaryService"":""True"",""UpdateService"":""True"",""AddServiceStatus"":""0""}}}"
433,433,2025-02-04 19:10:04.1121855,20001,Info,Microsoft-Windows-UserPnp,System,1996,1784,37L4247F27-25,3,S-1-5-18,Device installation,,,DriverDescription: IDE Channel,InstallStatus: Installation Successful,IsDriverOEM: False,UpgradeDevice: False,RebootOption: False,DeviceInstanceID: PCIIDE\IDECHANNEL\5&amp;12368B4A&amp;0&amp;13,FileRepository\mshdc.inf_amd64_neutral_aad30bdeec04ea5e\mshdc.inf,False,example_files\original\C\Windows\System32\winevt\logs\System.evtx,Classic,0,"{""UserData"":{""InstallDeviceID"":{""DriverName"":""FileRepository\\mshdc.inf_amd64_neutral_aad30bdeec04ea5e\\mshdc.inf"",""DriverVersion"":""6.1.7601.17514"",""DriverProvider"":""Microsoft"",""DeviceInstanceID"":""PCIIDE\\IDECHANNEL\\5&amp;12368B4A&amp;0&amp;13"",""SetupClass"":""4d36e96a-e325-11ce-bfc1-08002be10318"",""RebootOption"":""False"",""UpgradeDevice"":""False"",""IsDriverOEM"":""False"",""InstallStatus"":""0x0"",""DriverDescription"":""IDE Channel""}}}"
434,434,2025-02-04 19:10:04.1901856,20003,Info,Microsoft-Windows-UserPnp,System,1748,1652,37L4247F27-25,3,S-1-5-18,Service installation,,,ServiceName: atapi,AddServiceStatus: Unknown code (0),,UpdateService: True,PrimaryService: True,DeviceInstanceID: PCIIDE\IDECHANNEL\5&amp;12368B4A&amp;0&amp;27,system32\DRIVERS\atapi.sys,False,example_files\original\C\Windows\System32\winevt\logs\System.evtx,Classic,0,"{""UserData"":{""AddServiceID"":{""ServiceName"":""atapi"",""DriverFileName"":""system32\\DRIVERS\\atapi.sys"",""DeviceInstanceID"":""PCIIDE\\IDECHANNEL\\5&amp;12368B4A&amp;0&amp;27"",""PrimaryService"":""True"",""UpdateService"":""True"",""AddServiceStatus"":""0""}}}"
435,435,2025-02-04 19:10:04.4865861,20001,Info,Microsoft-Windows-UserPnp,System,1748,1652,37L4247F27-25,3,S-1-5-18,Device installation,,,DriverDescription: IDE Channel,InstallStatus: Installation Successful,IsDriverOEM: False,UpgradeDevice: False,RebootOption: False,DeviceInstanceID: PCIIDE\IDECHANNEL\5&amp;12368B4A&amp;0&amp;27,FileRepository\mshdc.inf_amd64_neutral_aad30bdeec04ea5e\mshdc.inf,False,example_files\original\C\Windows\System32\winevt\logs\System.evtx,Classic,0,"{""UserData"":{""InstallDeviceID"":{""DriverName"":""FileRepository\\mshdc.inf_amd64_neutral_aad30bdeec04ea5e\\mshdc.inf"",""DriverVersion"":""6.1.7601.17514"",""DriverProvider"":""Microsoft"",""DeviceInstanceID"":""PCIIDE\\IDECHANNEL\\5&amp;12368B4A&amp;0&amp;27"",""SetupClass"":""4d36e96a-e325-11ce-bfc1-08002be10318"",""RebootOption"":""False"",""UpgradeDevice"":""False"",""IsDriverOEM"":""False"",""InstallStatus"":""0x0"",""DriverDescription"":""IDE Channel""}}}"
436,436,2025-02-04 19:10:04.6113864,20003,Info,Microsoft-Windows-UserPnp,System,1752,1512,37L4247F27-25,3,S-1-5-18,Service installation,,,ServiceName: atapi,AddServiceStatus: Unknown code (0),,UpdateService: True,PrimaryService: True,DeviceInstanceID: PCIIDE\IDECHANNEL\5&amp;12368B4A&amp;0&amp;14,system32\DRIVERS\atapi.sys,False,example_files\original\C\Windows\System32\winevt\logs\System.evtx,Classic,0,"{""UserData"":{""AddServiceID"":{""ServiceName"":""atapi"",""DriverFileName"":""system32\\DRIVERS\\atapi.sys"",""DeviceInstanceID"":""PCIIDE\\IDECHANNEL\\5&amp;12368B4A&amp;0&amp;14"",""PrimaryService"":""True"",""UpdateService"":""True"",""AddServiceStatus"":""0""}}}"
437,437,2025-02-04 19:10:04.8609868,20001,Info,Microsoft-Windows-UserPnp,System,1752,1512,37L4247F27-25,3,S-1-5-18,Device installation,,,DriverDescription: IDE Channel,InstallStatus: Installation Successful,IsDriverOEM: False,UpgradeDevice: False,RebootOption: False,DeviceInstanceID: PCIIDE\IDECHANNEL\5&amp;12368B4A&amp;0&amp;14,FileRepository\mshdc.inf_amd64_neutral_aad30bdeec04ea5e\mshdc.inf,False,example_files\original\C\Windows\System32\winevt\logs\System.evtx,Classic,0,"{""UserData"":{""InstallDeviceID"":{""DriverName"":""FileRepository\\mshdc.inf_amd64_neutral_aad30bdeec04ea5e\\mshdc.inf"",""DriverVersion"":""6.1.7601.17514"",""DriverProvider"":""Microsoft"",""DeviceInstanceID"":""PCIIDE\\IDECHANNEL\\5&amp;12368B4A&amp;0&amp;14"",""SetupClass"":""4d36e96a-e325-11ce-bfc1-08002be10318"",""RebootOption"":""False"",""UpgradeDevice"":""False"",""IsDriverOEM"":""False"",""InstallStatus"":""0x0"",""DriverDescription"":""IDE Channel""}}}"
438,438,2025-02-04 19:10:04.9701870,20003,Info,Microsoft-Windows-UserPnp,System,1728,1616,37L4247F27-25,3,S-1-5-18,Service installation,,,ServiceName: usbhub,AddServiceStatus: Unknown code (0),,UpdateService: True,PrimaryService: True,DeviceInstanceID: USB\ROOT_HUB\5&amp;3BB57B&amp;0,system32\DRIVERS\usbhub.sys,False,example_files\original\C\Windows\System32\winevt\logs\System.evtx,Classic,0,"{""UserData"":{""AddServiceID"":{""ServiceName"":""usbhub"",""DriverFileName"":""system32\\DRIVERS\\usbhub.sys"",""DeviceInstanceID"":""USB\\ROOT_HUB\\5&amp;3BB57B&amp;0"",""PrimaryService"":""True"",""UpdateService"":""True"",""AddServiceStatus"":""0""}}}"
439,439,2025-02-04 19:10:06.9201904,20001,Info,Microsoft-Windows-UserPnp,System,1728,1616,37L4247F27-25,3,S-1-5-18,Device installation,,,DriverDescription: USB Root Hub,InstallStatus: Installation Successful,IsDriverOEM: False,UpgradeDevice: False,RebootOption: False,DeviceInstanceID: USB\ROOT_HUB\5&amp;3BB57B&amp;0,FileRepository\usbport.inf_amd64_neutral_f935002f367d5bb0\usbport.inf,False,example_files\original\C\Windows\System32\winevt\logs\System.evtx,Classic,0,"{""UserData"":{""InstallDeviceID"":{""DriverName"":""FileRepository\\usbport.inf_amd64_neutral_f935002f367d5bb0\\usbport.inf"",""DriverVersion"":""6.1.7601.17514"",""DriverProvider"":""Microsoft"",""DeviceInstanceID"":""USB\\ROOT_HUB\\5&amp;3BB57B&amp;0"",""SetupClass"":""36fc9e60-c465-11cf-8056-444553540000"",""RebootOption"":""False"",""UpgradeDevice"":""False"",""IsDriverOEM"":""False"",""InstallStatus"":""0x0"",""DriverDescription"":""USB Root Hub""}}}"
440,440,2025-02-04 19:10:07.0761907,20003,Info,Microsoft-Windows-UserPnp,System,1736,2016,37L4247F27-25,3,S-1-5-18,Service installation,,,ServiceName: atapi,AddServiceStatus: Unknown code (0),,UpdateService: True,PrimaryService: True,DeviceInstanceID: PCIIDE\IDECHANNEL\5&amp;12368B4A&amp;0&amp;28,system32\DRIVERS\atapi.sys,False,example_files\original\C\Windows\System32\winevt\logs\System.evtx,Classic,0,"{""UserData"":{""AddServiceID"":{""ServiceName"":""atapi"",""DriverFileName"":""system32\\DRIVERS\\atapi.sys"",""DeviceInstanceID"":""PCIIDE\\IDECHANNEL\\5&amp;12368B4A&amp;0&amp;28"",""PrimaryService"":""True"",""UpdateService"":""True"",""AddServiceStatus"":""0""}}}"
441,441,2025-02-04 19:10:07.3725912,20001,Info,Microsoft-Windows-UserPnp,System,1736,2016,37L4247F27-25,3,S-1-5-18,Device installation,,,DriverDescription: IDE Channel,InstallStatus: Installation Successful,IsDriverOEM: False,UpgradeDevice: False,RebootOption: False,DeviceInstanceID: PCIIDE\IDECHANNEL\5&amp;12368B4A&amp;0&amp;28,FileRepository\mshdc.inf_amd64_neutral_aad30bdeec04ea5e\mshdc.inf,False,example_files\original\C\Windows\System32\winevt\logs\System.evtx,Classic,0,"{""UserData"":{""InstallDeviceID"":{""DriverName"":""FileRepository\\mshdc.inf_amd64_neutral_aad30bdeec04ea5e\\mshdc.inf"",""DriverVersion"":""6.1.7601.17514"",""DriverProvider"":""Microsoft"",""DeviceInstanceID"":""PCIIDE\\IDECHANNEL\\5&amp;12368B4A&amp;0&amp;28"",""SetupClass"":""4d36e96a-e325-11ce-bfc1-08002be10318"",""RebootOption"":""False"",""UpgradeDevice"":""False"",""IsDriverOEM"":""False"",""InstallStatus"":""0x0"",""DriverDescription"":""IDE Channel""}}}"
442,442,2025-02-04 19:10:07.5441915,20003,Info,Microsoft-Windows-UserPnp,System,2008,1848,37L4247F27-25,3,S-1-5-18,Service installation,,,ServiceName: usbhub,AddServiceStatus: Unknown code (0),,UpdateService: True,PrimaryService: True,DeviceInstanceID: USB\ROOT_HUB20\5&amp;299E1C9F&amp;0,system32\DRIVERS\usbhub.sys,False,example_files\original\C\Windows\System32\winevt\logs\System.evtx,Classic,0,"{""UserData"":{""AddServiceID"":{""ServiceName"":""usbhub"",""DriverFileName"":""system32\\DRIVERS\\usbhub.sys"",""DeviceInstanceID"":""USB\\ROOT_HUB20\\5&amp;299E1C9F&amp;0"",""PrimaryService"":""True"",""UpdateService"":""True"",""AddServiceStatus"":""0""}}}"
443,443,2025-02-04 19:10:07.6377917,20001,Info,Microsoft-Windows-UserPnp,System,2008,1848,37L4247F27-25,3,S-1-5-18,Device installation,,,DriverDescription: USB Root Hub,InstallStatus: Installation Successful,IsDriverOEM: False,UpgradeDevice: False,RebootOption: False,DeviceInstanceID: USB\ROOT_HUB20\5&amp;299E1C9F&amp;0,FileRepository\usbport.inf_amd64_neutral_f935002f367d5bb0\usbport.inf,False,example_files\original\C\Windows\System32\winevt\logs\System.evtx,Classic,0,"{""UserData"":{""InstallDeviceID"":{""DriverName"":""FileRepository\\usbport.inf_amd64_neutral_f935002f367d5bb0\\usbport.inf"",""DriverVersion"":""6.1.7601.17514"",""DriverProvider"":""Microsoft"",""DeviceInstanceID"":""USB\\ROOT_HUB20\\5&amp;299E1C9F&amp;0"",""SetupClass"":""36fc9e60-c465-11cf-8056-444553540000"",""RebootOption"":""False"",""UpgradeDevice"":""False"",""IsDriverOEM"":""False"",""InstallStatus"":""0x0"",""DriverDescription"":""USB Root Hub""}}}"
444,444,2025-02-04 19:10:07.8249920,20003,Info,Microsoft-Windows-UserPnp,System,1908,1888,37L4247F27-25,3,S-1-5-18,Service installation,,,ServiceName: atapi,AddServiceStatus: Unknown code (0),,UpdateService: True,PrimaryService: True,DeviceInstanceID: PCIIDE\IDECHANNEL\5&amp;12368B4A&amp;0&amp;15,system32\DRIVERS\atapi.sys,False,example_files\original\C\Windows\System32\winevt\logs\System.evtx,Classic,0,"{""UserData"":{""AddServiceID"":{""ServiceName"":""atapi"",""DriverFileName"":""system32\\DRIVERS\\atapi.sys"",""DeviceInstanceID"":""PCIIDE\\IDECHANNEL\\5&amp;12368B4A&amp;0&amp;15"",""PrimaryService"":""True"",""UpdateService"":""True"",""AddServiceStatus"":""0""}}}"
445,445,2025-02-04 19:10:08.3085929,20001,Info,Microsoft-Windows-UserPnp,System,1908,1888,37L4247F27-25,3,S-1-5-18,Device installation,,,DriverDescription: IDE Channel,InstallStatus: Installation Successful,IsDriverOEM: False,UpgradeDevice: False,RebootOption: False,DeviceInstanceID: PCIIDE\IDECHANNEL\5&amp;12368B4A&amp;0&amp;15,FileRepository\mshdc.inf_amd64_neutral_aad30bdeec04ea5e\mshdc.inf,False,example_files\original\C\Windows\System32\winevt\logs\System.evtx,Classic,0,"{""UserData"":{""InstallDeviceID"":{""DriverName"":""FileRepository\\mshdc.inf_amd64_neutral_aad30bdeec04ea5e\\mshdc.inf"",""DriverVersion"":""6.1.7601.17514"",""DriverProvider"":""Microsoft"",""DeviceInstanceID"":""PCIIDE\\IDECHANNEL\\5&amp;12368B4A&amp;0&amp;15"",""SetupClass"":""4d36e96a-e325-11ce-bfc1-08002be10318"",""RebootOption"":""False"",""UpgradeDevice"":""False"",""IsDriverOEM"":""False"",""InstallStatus"":""0x0"",""DriverDescription"":""IDE Channel""}}}"
446,446,2025-02-04 19:10:08.4957932,20003,Info,Microsoft-Windows-UserPnp,System,1176,1744,37L4247F27-25,3,S-1-5-18,Service installation,,,ServiceName: atapi,AddServiceStatus: Unknown code (0),,UpdateService: True,PrimaryService: True,DeviceInstanceID: PCIIDE\IDECHANNEL\5&amp;12368B4A&amp;0&amp;29,system32\DRIVERS\atapi.sys,False,example_files\original\C\Windows\System32\winevt\logs\System.evtx,Classic,0,"{""UserData"":{""AddServiceID"":{""ServiceName"":""atapi"",""DriverFileName"":""system32\\DRIVERS\\atapi.sys"",""DeviceInstanceID"":""PCIIDE\\IDECHANNEL\\5&amp;12368B4A&amp;0&amp;29"",""PrimaryService"":""True"",""UpdateService"":""True"",""AddServiceStatus"":""0""}}}"
447,447,2025-02-04 19:10:08.7297936,20001,Info,Microsoft-Windows-UserPnp,System,1176,1744,37L4247F27-25,3,S-1-5-18,Device installation,,,DriverDescription: IDE Channel,InstallStatus: Installation Successful,IsDriverOEM: False,UpgradeDevice: False,RebootOption: False,DeviceInstanceID: PCIIDE\IDECHANNEL\5&amp;12368B4A&amp;0&amp;29,FileRepository\mshdc.inf_amd64_neutral_aad30bdeec04ea5e\mshdc.inf,False,example_files\original\C\Windows\System32\winevt\logs\System.evtx,Classic,0,"{""UserData"":{""InstallDeviceID"":{""DriverName"":""FileRepository\\mshdc.inf_amd64_neutral_aad30bdeec04ea5e\\mshdc.inf"",""DriverVersion"":""6.1.7601.17514"",""DriverProvider"":""Microsoft"",""DeviceInstanceID"":""PCIIDE\\IDECHANNEL\\5&amp;12368B4A&amp;0&amp;29"",""SetupClass"":""4d36e96a-e325-11ce-bfc1-08002be10318"",""RebootOption"":""False"",""UpgradeDevice"":""False"",""IsDriverOEM"":""False"",""InstallStatus"":""0x0"",""DriverDescription"":""IDE Channel""}}}"
448,448,2025-02-04 19:10:08.9169939,20003,Info,Microsoft-Windows-UserPnp,System,1916,1580,37L4247F27-25,3,S-1-5-18,Service installation,,,ServiceName: atapi,AddServiceStatus: Unknown code (0),,UpdateService: True,PrimaryService: True,DeviceInstanceID: PCIIDE\IDECHANNEL\5&amp;12368B4A&amp;0&amp;16,system32\DRIVERS\atapi.sys,False,example_files\original\C\Windows\System32\winevt\logs\System.evtx,Classic,0,"{""UserData"":{""AddServiceID"":{""ServiceName"":""atapi"",""DriverFileName"":""system32\\DRIVERS\\atapi.sys"",""DeviceInstanceID"":""PCIIDE\\IDECHANNEL\\5&amp;12368B4A&amp;0&amp;16"",""PrimaryService"":""True"",""UpdateService"":""True"",""AddServiceStatus"":""0""}}}"
449,449,2025-02-04 19:10:09.1509943,20001,Info,Microsoft-Windows-UserPnp,System,1916,1580,37L4247F27-25,3,S-1-5-18,Device installation,,,DriverDescription: IDE Channel,InstallStatus: Installation Successful,IsDriverOEM: False,UpgradeDevice: False,RebootOption: False,DeviceInstanceID: PCIIDE\IDECHANNEL\5&amp;12368B4A&amp;0&amp;16,FileRepository\mshdc.inf_amd64_neutral_aad30bdeec04ea5e\mshdc.inf,False,example_files\original\C\Windows\System32\winevt\logs\System.evtx,Classic,0,"{""UserData"":{""InstallDeviceID"":{""DriverName"":""FileRepository\\mshdc.inf_amd64_neutral_aad30bdeec04ea5e\\mshdc.inf"",""DriverVersion"":""6.1.7601.17514"",""DriverProvider"":""Microsoft"",""DeviceInstanceID"":""PCIIDE\\IDECHANNEL\\5&amp;12368B4A&amp;0&amp;16"",""SetupClass"":""4d36e96a-e325-11ce-bfc1-08002be10318"",""RebootOption"":""False"",""UpgradeDevice"":""False"",""IsDriverOEM"":""False"",""InstallStatus"":""0x0"",""DriverDescription"":""IDE Channel""}}}"
450,450,2025-02-04 19:10:09.2757946,20003,Info,Microsoft-Windows-UserPnp,System,1956,104,37L4247F27-25,3,S-1-5-18,Service installation,,,ServiceName: cdrom,AddServiceStatus: Unknown code (0),,UpdateService: True,PrimaryService: True,DeviceInstanceID: IDE\CDROMNECVMWAR_VMWARE_SATA_CD01_______________1.00____\6&amp;2848384C&amp;0&amp;1.0.0,system32\DRIVERS\cdrom.sys,False,example_files\original\C\Windows\System32\winevt\logs\System.evtx,Classic,0,"{""UserData"":{""AddServiceID"":{""ServiceName"":""cdrom"",""DriverFileName"":""system32\\DRIVERS\\cdrom.sys"",""DeviceInstanceID"":""IDE\\CDROMNECVMWAR_VMWARE_SATA_CD01_______________1.00____\\6&amp;2848384C&amp;0&amp;1.0.0"",""PrimaryService"":""True"",""UpdateService"":""True"",""AddServiceStatus"":""0""}}}"
451,451,2025-02-04 19:10:09.4785949,20001,Info,Microsoft-Windows-UserPnp,System,1956,104,37L4247F27-25,3,S-1-5-18,Device installation,,,DriverDescription: CD-ROM Drive,InstallStatus: Installation Successful,IsDriverOEM: False,UpgradeDevice: False,RebootOption: False,DeviceInstanceID: IDE\CDROMNECVMWAR_VMWARE_SATA_CD01_______________1.00____\6&amp;2848384C&amp;0&amp;1.0.0,FileRepository\cdrom.inf_amd64_neutral_0b3d0d1942ab684b\cdrom.inf,False,example_files\original\C\Windows\System32\winevt\logs\System.evtx,Classic,0,"{""UserData"":{""InstallDeviceID"":{""DriverName"":""FileRepository\\cdrom.inf_amd64_neutral_0b3d0d1942ab684b\\cdrom.inf"",""DriverVersion"":""6.1.7601.17514"",""DriverProvider"":""Microsoft"",""DeviceInstanceID"":""IDE\\CDROMNECVMWAR_VMWARE_SATA_CD01_______________1.00____\\6&amp;2848384C&amp;0&amp;1.0.0"",""SetupClass"":""4d36e965-e325-11ce-bfc1-08002be10318"",""RebootOption"":""False"",""UpgradeDevice"":""False"",""IsDriverOEM"":""False"",""InstallStatus"":""0x0"",""DriverDescription"":""CD-ROM Drive""}}}"
452,452,2025-02-04 19:10:09.6189952,20003,Info,Microsoft-Windows-UserPnp,System,1208,716,37L4247F27-25,3,S-1-5-18,Service installation,,,ServiceName: usbhub,AddServiceStatus: Unknown code (0),,UpdateService: True,PrimaryService: True,DeviceInstanceID: USB\VID_0E0F&amp;PID_0002\6&amp;B77DA92&amp;0&amp;2,system32\DRIVERS\usbhub.sys,False,example_files\original\C\Windows\System32\winevt\logs\System.evtx,Classic,0,"{""UserData"":{""AddServiceID"":{""ServiceName"":""usbhub"",""DriverFileName"":""system32\\DRIVERS\\usbhub.sys"",""DeviceInstanceID"":""USB\\VID_0E0F&amp;PID_0002\\6&amp;B77DA92&amp;0&amp;2"",""PrimaryService"":""True"",""UpdateService"":""True"",""AddServiceStatus"":""0""}}}"
453,453,2025-02-04 19:10:10.6797970,20001,Info,Microsoft-Windows-UserPnp,System,1208,716,37L4247F27-25,3,S-1-5-18,Device installation,,,DriverDescription: Generic USB Hub,InstallStatus: Installation Successful,IsDriverOEM: False,UpgradeDevice: False,RebootOption: False,DeviceInstanceID: USB\VID_0E0F&amp;PID_0002\6&amp;B77DA92&amp;0&amp;2,FileRepository\usb.inf_amd64_neutral_269d7150439b3372\usb.inf,False,example_files\original\C\Windows\System32\winevt\logs\System.evtx,Classic,0,"{""UserData"":{""InstallDeviceID"":{""DriverName"":""FileRepository\\usb.inf_amd64_neutral_269d7150439b3372\\usb.inf"",""DriverVersion"":""6.1.7601.17514"",""DriverProvider"":""Microsoft"",""DeviceInstanceID"":""USB\\VID_0E0F&amp;PID_0002\\6&amp;B77DA92&amp;0&amp;2"",""SetupClass"":""36fc9e60-c465-11cf-8056-444553540000"",""RebootOption"":""False"",""UpgradeDevice"":""False"",""IsDriverOEM"":""False"",""InstallStatus"":""0x0"",""DriverDescription"":""Generic USB Hub""}}}"
454,454,2025-02-04 19:10:10.8201973,20003,Info,Microsoft-Windows-UserPnp,System,1268,1816,37L4247F27-25,3,S-1-5-18,Service installation,,,ServiceName: flpydisk,AddServiceStatus: Unknown code (0),,UpdateService: True,PrimaryService: True,DeviceInstanceID: FDC\GENERIC_FLOPPY_DRIVE\6&amp;3B4C39BD&amp;0&amp;0,system32\DRIVERS\flpydisk.sys,False,example_files\original\C\Windows\System32\winevt\logs\System.evtx,Classic,0,"{""UserData"":{""AddServiceID"":{""ServiceName"":""flpydisk"",""DriverFileName"":""system32\\DRIVERS\\flpydisk.sys"",""DeviceInstanceID"":""FDC\\GENERIC_FLOPPY_DRIVE\\6&amp;3B4C39BD&amp;0&amp;0"",""PrimaryService"":""True"",""UpdateService"":""True"",""AddServiceStatus"":""0""}}}"
455,455,2025-02-04 19:10:10.8981974,20001,Info,Microsoft-Windows-UserPnp,System,1268,1816,37L4247F27-25,3,S-1-5-18,Device installation,,,DriverDescription: Floppy disk drive,InstallStatus: Installation Successful,IsDriverOEM: False,UpgradeDevice: False,RebootOption: False,DeviceInstanceID: FDC\GENERIC_FLOPPY_DRIVE\6&amp;3B4C39BD&amp;0&amp;0,FileRepository\flpydisk.inf_amd64_neutral_f54222cc59267e1e\flpydisk.inf,False,example_files\original\C\Windows\System32\winevt\logs\System.evtx,Classic,0,"{""UserData"":{""InstallDeviceID"":{""DriverName"":""FileRepository\\flpydisk.inf_amd64_neutral_f54222cc59267e1e\\flpydisk.inf"",""DriverVersion"":""6.1.7600.16385"",""DriverProvider"":""Microsoft"",""DeviceInstanceID"":""FDC\\GENERIC_FLOPPY_DRIVE\\6&amp;3B4C39BD&amp;0&amp;0"",""SetupClass"":""4d36e980-e325-11ce-bfc1-08002be10318"",""RebootOption"":""False"",""UpgradeDevice"":""False"",""IsDriverOEM"":""False"",""InstallStatus"":""0x0"",""DriverDescription"":""Floppy disk drive""}}}"
456,456,2025-02-04 19:10:11.0541977,20003,Info,Microsoft-Windows-UserPnp,System,1304,1036,37L4247F27-25,3,S-1-5-18,Service installation,,,ServiceName: usbccgp,AddServiceStatus: Unknown code (0),,UpdateService: True,PrimaryService: True,DeviceInstanceID: USB\VID_0E0F&amp;PID_0003\6&amp;B77DA92&amp;0&amp;1,system32\DRIVERS\usbccgp.sys,False,example_files\original\C\Windows\System32\winevt\logs\System.evtx,Classic,0,"{""UserData"":{""AddServiceID"":{""ServiceName"":""usbccgp"",""DriverFileName"":""system32\\DRIVERS\\usbccgp.sys"",""DeviceInstanceID"":""USB\\VID_0E0F&amp;PID_0003\\6&amp;B77DA92&amp;0&amp;1"",""PrimaryService"":""True"",""UpdateService"":""True"",""AddServiceStatus"":""0""}}}"
457,457,2025-02-04 19:10:11.5065985,20001,Info,Microsoft-Windows-UserPnp,System,1304,1036,37L4247F27-25,3,S-1-5-18,Device installation,,,DriverDescription: USB Composite Device,InstallStatus: Installation Successful,IsDriverOEM: False,UpgradeDevice: False,RebootOption: False,DeviceInstanceID: USB\VID_0E0F&amp;PID_0003\6&amp;B77DA92&amp;0&amp;1,FileRepository\usb.inf_amd64_neutral_269d7150439b3372\usb.inf,False,example_files\original\C\Windows\System32\winevt\logs\System.evtx,Classic,0,"{""UserData"":{""InstallDeviceID"":{""DriverName"":""FileRepository\\usb.inf_amd64_neutral_269d7150439b3372\\usb.inf"",""DriverVersion"":""6.1.7601.17514"",""DriverProvider"":""Microsoft"",""DeviceInstanceID"":""USB\\VID_0E0F&amp;PID_0003\\6&amp;B77DA92&amp;0&amp;1"",""SetupClass"":""36fc9e60-c465-11cf-8056-444553540000"",""RebootOption"":""False"",""UpgradeDevice"":""False"",""IsDriverOEM"":""False"",""InstallStatus"":""0x0"",""DriverDescription"":""USB Composite Device""}}}"
458,458,2025-02-04 19:10:11.6625988,20003,Info,Microsoft-Windows-UserPnp,System,1508,1528,37L4247F27-25,3,S-1-5-18,Service installation,,,ServiceName: HidUsb,AddServiceStatus: Unknown code (0),,UpdateService: True,PrimaryService: True,DeviceInstanceID: USB\VID_0E0F&amp;PID_0003&amp;MI_00\7&amp;2A7D3009&amp;0&amp;0000,system32\DRIVERS\hidusb.sys,False,example_files\original\C\Windows\System32\winevt\logs\System.evtx,Classic,0,"{""UserData"":{""AddServiceID"":{""ServiceName"":""HidUsb"",""DriverFileName"":""system32\\DRIVERS\\hidusb.sys"",""DeviceInstanceID"":""USB\\VID_0E0F&amp;PID_0003&amp;MI_00\\7&amp;2A7D3009&amp;0&amp;0000"",""PrimaryService"":""True"",""UpdateService"":""True"",""AddServiceStatus"":""0""}}}"
459,459,2025-02-04 19:10:11.9277992,20001,Info,Microsoft-Windows-UserPnp,System,1508,1528,37L4247F27-25,3,S-1-5-18,Device installation,,,DriverDescription: USB Input Device,InstallStatus: Installation Successful,IsDriverOEM: False,UpgradeDevice: False,RebootOption: False,DeviceInstanceID: USB\VID_0E0F&amp;PID_0003&amp;MI_00\7&amp;2A7D3009&amp;0&amp;0000,FileRepository\input.inf_amd64_neutral_8693053514b10ee9\input.inf,False,example_files\original\C\Windows\System32\winevt\logs\System.evtx,Classic,0,"{""UserData"":{""InstallDeviceID"":{""DriverName"":""FileRepository\\input.inf_amd64_neutral_8693053514b10ee9\\input.inf"",""DriverVersion"":""6.1.7601.17514"",""DriverProvider"":""Microsoft"",""DeviceInstanceID"":""USB\\VID_0E0F&amp;PID_0003&amp;MI_00\\7&amp;2A7D3009&amp;0&amp;0000"",""SetupClass"":""745a17a0-74d3-11d0-b6fe-00a0c90f57da"",""RebootOption"":""False"",""UpgradeDevice"":""False"",""IsDriverOEM"":""False"",""InstallStatus"":""0x0"",""DriverDescription"":""USB Input Device""}}}"
460,460,2025-02-04 19:10:12.0837995,20003,Info,Microsoft-Windows-UserPnp,System,1492,1060,37L4247F27-25,3,S-1-5-18,Service installation,,,ServiceName: HidUsb,AddServiceStatus: Unknown code (0),,UpdateService: True,PrimaryService: True,DeviceInstanceID: USB\VID_0E0F&amp;PID_0003&amp;MI_01\7&amp;2A7D3009&amp;0&amp;0001,system32\DRIVERS\hidusb.sys,False,example_files\original\C\Windows\System32\winevt\logs\System.evtx,Classic,0,"{""UserData"":{""AddServiceID"":{""ServiceName"":""HidUsb"",""DriverFileName"":""system32\\DRIVERS\\hidusb.sys"",""DeviceInstanceID"":""USB\\VID_0E0F&amp;PID_0003&amp;MI_01\\7&amp;2A7D3009&amp;0&amp;0001"",""PrimaryService"":""True"",""UpdateService"":""True"",""AddServiceStatus"":""0""}}}"
461,461,2025-02-04 19:10:12.2709998,20001,Info,Microsoft-Windows-UserPnp,System,1492,1060,37L4247F27-25,3,S-1-5-18,Device installation,,,DriverDescription: USB Input Device,InstallStatus: Installation Successful,IsDriverOEM: False,UpgradeDevice: False,RebootOption: False,DeviceInstanceID: USB\VID_0E0F&amp;PID_0003&amp;MI_01\7&amp;2A7D3009&amp;0&amp;0001,FileRepository\input.inf_amd64_neutral_8693053514b10ee9\input.inf,False,example_files\original\C\Windows\System32\winevt\logs\System.evtx,Classic,0,"{""UserData"":{""InstallDeviceID"":{""DriverName"":""FileRepository\\input.inf_amd64_neutral_8693053514b10ee9\\input.inf"",""DriverVersion"":""6.1.7601.17514"",""DriverProvider"":""Microsoft"",""DeviceInstanceID"":""USB\\VID_0E0F&amp;PID_0003&amp;MI_01\\7&amp;2A7D3009&amp;0&amp;0001"",""SetupClass"":""745a17a0-74d3-11d0-b6fe-00a0c90f57da"",""RebootOption"":""False"",""UpgradeDevice"":""False"",""IsDriverOEM"":""False"",""InstallStatus"":""0x0"",""DriverDescription"":""USB Input Device""}}}"
462,462,2025-02-04 19:10:12.4582001,20003,Info,Microsoft-Windows-UserPnp,System,1540,1868,37L4247F27-25,3,S-1-5-18,Service installation,,,ServiceName: mouhid,AddServiceStatus: Unknown code (0),,UpdateService: True,PrimaryService: True,DeviceInstanceID: HID\VID_0E0F&amp;PID_0003&amp;MI_00\8&amp;17BE0303&amp;0&amp;0000,system32\DRIVERS\mouhid.sys,False,example_files\original\C\Windows\System32\winevt\logs\System.evtx,Classic,0,"{""UserData"":{""AddServiceID"":{""ServiceName"":""mouhid"",""DriverFileName"":""system32\\DRIVERS\\mouhid.sys"",""DeviceInstanceID"":""HID\\VID_0E0F&amp;PID_0003&amp;MI_00\\8&amp;17BE0303&amp;0&amp;0000"",""PrimaryService"":""True"",""UpdateService"":""True"",""AddServiceStatus"":""0""}}}"
463,463,2025-02-04 19:10:12.4582001,20003,Info,Microsoft-Windows-UserPnp,System,1540,1868,37L4247F27-25,3,S-1-5-18,Service installation,,,ServiceName: mouclass,AddServiceStatus: Unknown code (0),,UpdateService: True,PrimaryService: False,DeviceInstanceID: HID\VID_0E0F&amp;PID_0003&amp;MI_00\8&amp;17BE0303&amp;0&amp;0000,system32\DRIVERS\mouclass.sys,False,example_files\original\C\Windows\System32\winevt\logs\System.evtx,Classic,0,"{""UserData"":{""AddServiceID"":{""ServiceName"":""mouclass"",""DriverFileName"":""system32\\DRIVERS\\mouclass.sys"",""DeviceInstanceID"":""HID\\VID_0E0F&amp;PID_0003&amp;MI_00\\8&amp;17BE0303&amp;0&amp;0000"",""PrimaryService"":""False"",""UpdateService"":""True"",""AddServiceStatus"":""0""}}}"
464,464,2025-02-04 19:10:12.6298004,20001,Info,Microsoft-Windows-UserPnp,System,1540,1868,37L4247F27-25,3,S-1-5-18,Device installation,,,DriverDescription: HID-compliant mouse,InstallStatus: Installation Successful,IsDriverOEM: False,UpgradeDevice: False,RebootOption: False,DeviceInstanceID: HID\VID_0E0F&amp;PID_0003&amp;MI_00\8&amp;17BE0303&amp;0&amp;0000,FileRepository\msmouse.inf_amd64_neutral_7a5f47d3150cc0eb\msmouse.inf,False,example_files\original\C\Windows\System32\winevt\logs\System.evtx,Classic,0,"{""UserData"":{""InstallDeviceID"":{""DriverName"":""FileRepository\\msmouse.inf_amd64_neutral_7a5f47d3150cc0eb\\msmouse.inf"",""DriverVersion"":""6.1.7600.16385"",""DriverProvider"":""Microsoft"",""DeviceInstanceID"":""HID\\VID_0E0F&amp;PID_0003&amp;MI_00\\8&amp;17BE0303&amp;0&amp;0000"",""SetupClass"":""4d36e96f-e325-11ce-bfc1-08002be10318"",""RebootOption"":""False"",""UpgradeDevice"":""False"",""IsDriverOEM"":""False"",""InstallStatus"":""0x0"",""DriverDescription"":""HID-compliant mouse""}}}"
465,465,2025-02-04 19:10:12.7546007,20003,Info,Microsoft-Windows-UserPnp,System,2032,1828,37L4247F27-25,3,S-1-5-18,Service installation,,,ServiceName: mouhid,AddServiceStatus: Unknown code (0),,UpdateService: True,PrimaryService: True,DeviceInstanceID: HID\VID_0E0F&amp;PID_0003&amp;MI_01\8&amp;2F818F48&amp;0&amp;0000,system32\DRIVERS\mouhid.sys,False,example_files\original\C\Windows\System32\winevt\logs\System.evtx,Classic,0,"{""UserData"":{""AddServiceID"":{""ServiceName"":""mouhid"",""DriverFileName"":""system32\\DRIVERS\\mouhid.sys"",""DeviceInstanceID"":""HID\\VID_0E0F&amp;PID_0003&amp;MI_01\\8&amp;2F818F48&amp;0&amp;0000"",""PrimaryService"":""True"",""UpdateService"":""True"",""AddServiceStatus"":""0""}}}"
466,466,2025-02-04 19:10:12.7702007,20003,Info,Microsoft-Windows-UserPnp,System,2032,1828,37L4247F27-25,3,S-1-5-18,Service installation,,,ServiceName: mouclass,AddServiceStatus: Unknown code (0),,UpdateService: True,PrimaryService: False,DeviceInstanceID: HID\VID_0E0F&amp;PID_0003&amp;MI_01\8&amp;2F818F48&amp;0&amp;0000,system32\DRIVERS\mouclass.sys,False,example_files\original\C\Windows\System32\winevt\logs\System.evtx,Classic,0,"{""UserData"":{""AddServiceID"":{""ServiceName"":""mouclass"",""DriverFileName"":""system32\\DRIVERS\\mouclass.sys"",""DeviceInstanceID"":""HID\\VID_0E0F&amp;PID_0003&amp;MI_01\\8&amp;2F818F48&amp;0&amp;0000"",""PrimaryService"":""False"",""UpdateService"":""True"",""AddServiceStatus"":""0""}}}"
467,467,2025-02-04 19:10:12.9418010,20001,Info,Microsoft-Windows-UserPnp,System,2032,1828,37L4247F27-25,3,S-1-5-18,Device installation,,,DriverDescription: HID-compliant mouse,InstallStatus: Installation Successful,IsDriverOEM: False,UpgradeDevice: False,RebootOption: False,DeviceInstanceID: HID\VID_0E0F&amp;PID_0003&amp;MI_01\8&amp;2F818F48&amp;0&amp;0000,FileRepository\msmouse.inf_amd64_neutral_7a5f47d3150cc0eb\msmouse.inf,False,example_files\original\C\Windows\System32\winevt\logs\System.evtx,Classic,0,"{""UserData"":{""InstallDeviceID"":{""DriverName"":""FileRepository\\msmouse.inf_amd64_neutral_7a5f47d3150cc0eb\\msmouse.inf"",""DriverVersion"":""6.1.7600.16385"",""DriverProvider"":""Microsoft"",""DeviceInstanceID"":""HID\\VID_0E0F&amp;PID_0003&amp;MI_01\\8&amp;2F818F48&amp;0&amp;0000"",""SetupClass"":""4d36e96f-e325-11ce-bfc1-08002be10318"",""RebootOption"":""False"",""UpgradeDevice"":""False"",""IsDriverOEM"":""False"",""InstallStatus"":""0x0"",""DriverDescription"":""HID-compliant mouse""}}}"
468,468,2025-02-04 19:10:15.3598052,7036,Info,Service Control Manager,System,444,516,37L4247F27-25,3,,Service started or stopped,,,Name: Software Protection | Software Protection,Status: running,,,,,,False,example_files\original\C\Windows\System32\winevt\logs\System.evtx,"Audit success, classic",0,"{""EventData"":{""Data"":[{""@Name"":""param1"",""#text"":""Software Protection""},{""@Name"":""param2"",""#text"":""running""}],""Binary"":""73-00-70-00-70-00-73-00-76-00-63-00-2F-00-34-00-00-00""}}"
469,469,2025-02-04 19:10:22.0678170,20003,Info,Microsoft-Windows-UserPnp,System,1784,1600,37L4247F27-25,3,S-1-5-18,Service installation,,,ServiceName: rdpbus,AddServiceStatus: Unknown code (0),,UpdateService: True,PrimaryService: True,DeviceInstanceID: ROOT\RDPBUS\0000,system32\DRIVERS\rdpbus.sys,False,example_files\original\C\Windows\System32\winevt\logs\System.evtx,Classic,0,"{""UserData"":{""AddServiceID"":{""ServiceName"":""rdpbus"",""DriverFileName"":""system32\\DRIVERS\\rdpbus.sys"",""DeviceInstanceID"":""ROOT\\RDPBUS\\0000"",""PrimaryService"":""True"",""UpdateService"":""True"",""AddServiceStatus"":""0""}}}"
470,470,2025-02-04 19:10:22.0834171,20001,Info,Microsoft-Windows-UserPnp,System,1784,1600,37L4247F27-25,3,S-1-5-18,Device installation,,,DriverDescription: Remote Desktop Device Redirector Bus,InstallStatus: Installation Successful,IsDriverOEM: False,UpgradeDevice: False,RebootOption: False,DeviceInstanceID: ROOT\RDPBUS\0000,FileRepository\rdpbus.inf_amd64_neutral_3b741ca76444b9c3\rdpbus.inf,False,example_files\original\C\Windows\System32\winevt\logs\System.evtx,Classic,0,"{""UserData"":{""InstallDeviceID"":{""DriverName"":""FileRepository\\rdpbus.inf_amd64_neutral_3b741ca76444b9c3\\rdpbus.inf"",""DriverVersion"":""6.1.7600.16385"",""DriverProvider"":""Microsoft"",""DeviceInstanceID"":""ROOT\\RDPBUS\\0000"",""SetupClass"":""4d36e97d-e325-11ce-bfc1-08002be10318"",""RebootOption"":""False"",""UpgradeDevice"":""False"",""IsDriverOEM"":""False"",""InstallStatus"":""0x0"",""DriverDescription"":""Remote Desktop Device Redirector Bus""}}}"
471,471,2025-02-04 19:10:23.4406194,15007,Info,Microsoft-Windows-HttpEvent,System,4,52,37L4247F27-25,3,,,,,,,,,,,,False,example_files\original\C\Windows\System32\winevt\logs\System.evtx,0x80000000000000,0,"{""EventData"":{""Data"":[{""@Name"":""DeviceObject"",""#text"":""\\Device\\Http\\ReqQueue""},{""@Name"":""Url"",""#text"":""http://+:80/116B50EB-ECE2-41ac-8429-9F9E963361B7/""}]}}"
