631,631,2025-02-04 03:17:27.3601469,50037,Info,Microsoft-Windows-Dhcp-Client,System,992,1076,WIN-TFHMB3RRSQV,4,S-1-5-19,,,,,,,,,,,False,example_files\original\C\Windows\System32\winevt\logs\System.evtx,0x2000000000000000,0,"{""EventData"":{""Data"":{""@Name"":""DwordVal"",""#text"":""1""}}}"
632,632,2025-02-04 03:17:27.3601469,7036,Info,Service Control Manager,System,396,2248,WIN-TFHMB3RRSQV,4,,Service started or stopped,,,Name: DHCP Client | DHCP Client,Status: stopped,,,,,,False,example_files\original\C\Windows\System32\winevt\logs\System.evtx,"Audit success, classic",0,"{""EventData"":{""Data"":[{""@Name"":""param1"",""#text"":""DHCP Client""},{""@Name"":""param2"",""#text"":""stopped""}],""Binary"":""44-00-68-00-63-00-70-00-2F-00-31-00-00-00""}}"
633,633,2025-02-04 03:17:27.3601469,7036,Info,Service Control Manager,System,396,3048,WIN-TFHMB3RRSQV,4,,Service started or stopped,,,Name: Remote Desktop Services UserMode Port Redirector | Remote Desktop Services UserMode Port Redirector,Status: stopped,,,,,,False,example_files\original\C\Windows\System32\winevt\logs\System.evtx,"Audit success, classic",0,"{""EventData"":{""Data"":[{""@Name"":""param1"",""#text"":""Remote Desktop Services UserMode Port Redirector""},{""@Name"":""param2"",""#text"":""stopped""}],""Binary"":""55-00-6D-00-52-00-64-00-70-00-53-00-65-00-72-00-76-00-69-00-63-00-65-00-2F-00-31-00-00-00""}}"
634,634,2025-02-04 03:17:27.3601469,7036,Info,Service Control Manager,System,396,3048,WIN-TFHMB3RRSQV,4,,Service started or stopped,,,Name: Distributed Link Tracking Client | Distributed Link Tracking Client,Status: stopped,,,,,,False,example_files\original\C\Windows\System32\winevt\logs\System.evtx,"Audit success, classic",0,"{""EventData"":{""Data"":[{""@Name"":""param1"",""#text"":""Distributed Link Tracking Client""},{""@Name"":""param2"",""#text"":""stopped""}],""Binary"":""54-00-72-00-6B-00-57-00-6B-00-73-00-2F-00-31-00-00-00""}}"
635,635,2025-02-04 03:17:27.3601469,7036,Info,Service Control Manager,System,396,2248,WIN-TFHMB3RRSQV,4,,Service started or stopped,,,Name: Windows Management Instrumentation | Windows Management Instrumentation,Status: stopped,,,,,,False,example_files\original\C\Windows\System32\winevt\logs\System.evtx,"Audit success, classic",0,"{""EventData"":{""Data"":[{""@Name"":""param1"",""#text"":""Windows Management Instrumentation""},{""@Name"":""param2"",""#text"":""stopped""}],""Binary"":""57-00-69-00-6E-00-6D-00-67-00-6D-00-74-00-2F-00-31-00-00-00""}}"
636,636,2025-02-04 03:17:27.3757470,7036,Info,Service Control Manager,System,396,2248,WIN-TFHMB3RRSQV,4,,Service started or stopped,,,Name: Desktop Window Manager Session Manager | Desktop Window Manager Session Manager,Status: stopped,,,,,,False,example_files\original\C\Windows\System32\winevt\logs\System.evtx,"Audit success, classic",0,"{""EventData"":{""Data"":[{""@Name"":""param1"",""#text"":""Desktop Window Manager Session Manager""},{""@Name"":""param2"",""#text"":""stopped""}],""Binary"":""55-00-78-00-53-00-6D-00-73-00-2F-00-31-00-00-00""}}"
637,637,2025-02-04 03:17:27.4693471,7036,Info,Service Control Manager,System,396,2248,WIN-TFHMB3RRSQV,4,,Service started or stopped,,,Name: Windows Modules Installer | Windows Modules Installer,Status: stopped,,,,,,False,example_files\original\C\Windows\System32\winevt\logs\System.evtx,"Audit success, classic",0,"{""EventData"":{""Data"":[{""@Name"":""param1"",""#text"":""Windows Modules Installer""},{""@Name"":""param2"",""#text"":""stopped""}],""Binary"":""54-00-72-00-75-00-73-00-74-00-65-00-64-00-49-00-6E-00-73-00-74-00-61-00-6C-00-6C-00-65-00-72-00-2F-00-31-00-00-00""}}"
638,638,2025-02-04 03:17:27.5473473,7036,Info,Service Control Manager,System,396,3048,WIN-TFHMB3RRSQV,4,,Service started or stopped,,,Name: SSDP Discovery | SSDP Discovery,Status: stopped,,,,,,False,example_files\original\C\Windows\System32\winevt\logs\System.evtx,"Audit success, classic",0,"{""EventData"":{""Data"":[{""@Name"":""param1"",""#text"":""SSDP Discovery""},{""@Name"":""param2"",""#text"":""stopped""}],""Binary"":""53-00-53-00-44-00-50-00-53-00-52-00-56-00-2F-00-31-00-00-00""}}"
639,639,2025-02-04 03:17:27.5785473,7036,Info,Service Control Manager,System,396,3048,WIN-TFHMB3RRSQV,4,,Service started or stopped,,,Name: Software Protection | Software Protection,Status: stopped,,,,,,False,example_files\original\C\Windows\System32\winevt\logs\System.evtx,"Audit success, classic",0,"{""EventData"":{""Data"":[{""@Name"":""param1"",""#text"":""Software Protection""},{""@Name"":""param2"",""#text"":""stopped""}],""Binary"":""73-00-70-00-70-00-73-00-76-00-63-00-2F-00-31-00-00-00""}}"
640,640,2025-02-04 03:18:28.0000000,6009,Info,EventLog,System,0,0,WIN-TFHMB3RRSQV,4,,,,,,,,,,,,False,example_files\original\C\Windows\System32\winevt\logs\System.evtx,0x80000000000000,0,"{""EventData"":{""Data"":""6.01., 7601, Service Pack 1, Multiprocessor Free, 17514"",""Binary"":""""}}"
641,641,2025-02-04 03:18:28.0000000,6005,Info,EventLog,System,0,0,WIN-TFHMB3RRSQV,4,,The Event log service was started,,,Computer: WIN-TFHMB3RRSQV,,,,,,,False,example_files\original\C\Windows\System32\winevt\logs\System.evtx,0x80000000000000,0,"{""EventData"":{""Data"":"""",""Binary"":""E9-07-02-00-02-00-04-00-03-00-12-00-1C-00-C9-03-00-00-00-00-00-00-00-00""}}"
642,642,2025-02-04 03:18:28.0000000,6013,Info,EventLog,System,0,0,WIN-TFHMB3RRSQV,4,,System uptime,,,The system uptime is 9 seconds,"TimeZone: 60, -480 China Standard Time",,,,,,False,example_files\original\C\Windows\System32\winevt\logs\System.evtx,0x80000000000000,0,"{""EventData"":{""Data"":""9, 60, -480 China Standard Time"",""Binary"":""31-00-2E-00-31-00-00-00-30-00-00-00-57-00-69-00-6E-00-64-00-6F-00-77-00-73-00-20-00-37-00-20-00-50-00-72-00-6F-00-66-00-65-00-73-00-73-00-69-00-6F-00-6E-00-61-00-6C-00-00-00-36-00-2E-00-31-00-2E-00-37-00-36-00-30-00-31-00-20-00-42-00-75-00-69-00-6C-00-64-00-20-00-37-00-36-00-30-00-31-00-20-00-53-00-65-00-72-00-76-00-69-00-63-00-65-00-20-00-50-00-61-00-63-00-6B-00-20-00-31-00-00-00-4D-00-75-00-6C-00-74-00-69-00-70-00-72-00-6F-00-63-00-65-00-73-00-73-00-6F-00-72-00-20-00-46-00-72-00-65-00-65-00-00-00-37-00-36-00-30-00-31-00-2E-00-77-00-69-00-6E-00-37-00-73-00-70-00-31-00-5F-00-72-00-74-00-6D-00-2E-00-31-00-30-00-31-00-31-00-31-00-39-00-2D-00-31-00-38-00-35-00-30-00-00-00-36-00-37-00-61-00-31-00-38-00-35-00-34-00-34-00-00-00-4E-00-6F-00-74-00-20-00-41-00-76-00-61-00-69-00-6C-00-61-00-62-00-6C-00-65-00-00-00-4E-00-6F-00-74-00-20-00-41-00-76-00-61-00-69-00-6C-00-61-00-62-00-6C-00-65-00-00-00-39-00-00-00-32-00-00-00-32-00-30-00-34-00-38-00-00-00-34-00-30-00-39-00-00-00-57-00-49-00-4E-00-2D-00-54-00-46-00-48-00-4D-00-42-00-33-00-52-00-52-00-53-00-51-00-56-00-00-00-00-00""}}"
643,643,2025-02-04 03:17:27.5941473,7036,Info,Service Control Manager,System,396,3048,WIN-TFHMB3RRSQV,4,,Service started or stopped,,,Name: Windows Event Log | Windows Event Log,Status: stopped,,,,,,False,example_files\original\C\Windows\System32\winevt\logs\System.evtx,"Audit success, classic",0,"{""EventData"":{""Data"":[{""@Name"":""param1"",""#text"":""Windows Event Log""},{""@Name"":""param2"",""#text"":""stopped""}],""Binary"":""65-00-76-00-65-00-6E-00-74-00-6C-00-6F-00-67-00-2F-00-31-00-00-00""}}"
644,644,2025-02-04 03:17:27.5941473,7036,Info,Service Control Manager,System,396,3048,WIN-TFHMB3RRSQV,4,,Service started or stopped,,,Name: Windows Defender | Windows Defender,Status: stopped,,,,,,False,example_files\original\C\Windows\System32\winevt\logs\System.evtx,"Audit success, classic",0,"{""EventData"":{""Data"":[{""@Name"":""param1"",""#text"":""Windows Defender""},{""@Name"":""param2"",""#text"":""stopped""}],""Binary"":""57-00-69-00-6E-00-44-00-65-00-66-00-65-00-6E-00-64-00-2F-00-31-00-00-00""}}"
645,645,2025-02-04 03:17:27.5941473,7036,Info,Service Control Manager,System,396,3048,WIN-TFHMB3RRSQV,4,,Service started or stopped,,,Name: Superfetch | Superfetch,Status: stopped,,,,,,False,example_files\original\C\Windows\System32\winevt\logs\System.evtx,"Audit success, classic",0,"{""EventData"":{""Data"":[{""@Name"":""param1"",""#text"":""Superfetch""},{""@Name"":""param2"",""#text"":""stopped""}],""Binary"":""53-00-79-00-73-00-4D-00-61-00-69-00-6E-00-2F-00-31-00-00-00""}}"
646,646,2025-02-04 03:17:27.6097474,7036,Info,Service Control Manager,System,396,3048,WIN-TFHMB3RRSQV,4,,Service started or stopped,,,Name: Cryptographic Services | Cryptographic Services,Status: stopped,,,,,,False,example_files\original\C\Windows\System32\winevt\logs\System.evtx,"Audit success, classic",0,"{""EventData"":{""Data"":[{""@Name"":""param1"",""#text"":""Cryptographic Services""},{""@Name"":""param2"",""#text"":""stopped""}],""Binary"":""43-00-72-00-79-00-70-00-74-00-53-00-76-00-63-00-2F-00-31-00-00-00""}}"
647,647,2025-02-04 03:17:27.6097474,7036,Info,Service Control Manager,System,396,3048,WIN-TFHMB3RRSQV,4,,Service started or stopped,,,Name: Remote Desktop Services | Remote Desktop Services,Status: stopped,,,,,,False,example_files\original\C\Windows\System32\winevt\logs\System.evtx,"Audit success, classic",0,"{""EventData"":{""Data"":[{""@Name"":""param1"",""#text"":""Remote Desktop Services""},{""@Name"":""param2"",""#text"":""stopped""}],""Binary"":""54-00-65-00-72-00-6D-00-53-00-65-00-72-00-76-00-69-00-63-00-65-00-2F-00-31-00-00-00""}}"
648,648,2025-02-04 03:17:27.6097474,7036,Info,Service Control Manager,System,396,3048,WIN-TFHMB3RRSQV,4,,Service started or stopped,,,Name: Security Center | Security Center,Status: stopped,,,,,,False,example_files\original\C\Windows\System32\winevt\logs\System.evtx,"Audit success, classic",0,"{""EventData"":{""Data"":[{""@Name"":""param1"",""#text"":""Security Center""},{""@Name"":""param2"",""#text"":""stopped""}],""Binary"":""77-00-73-00-63-00-73-00-76-00-63-00-2F-00-31-00-00-00""}}"
649,649,2025-02-04 03:17:27.8749478,20010,Info,Microsoft-Windows-UserPnp,System,556,620,WIN-TFHMB3RRSQV,4,S-1-5-18,,,,,,,,,,,False,example_files\original\C\Windows\System32\winevt\logs\System.evtx,Classic,0,"{""UserData"":{""INFO_PNP_STATE"":{""InstallSubsystemState"":""False"",""CachingSubsystemState"":""False""}}}"
650,650,2025-02-04 03:17:27.8749478,7036,Info,Service Control Manager,System,396,2248,WIN-TFHMB3RRSQV,4,,Service started or stopped,,,Name: Plug and Play | Plug and Play,Status: stopped,,,,,,False,example_files\original\C\Windows\System32\winevt\logs\System.evtx,"Audit success, classic",0,"{""EventData"":{""Data"":[{""@Name"":""param1"",""#text"":""Plug and Play""},{""@Name"":""param2"",""#text"":""stopped""}],""Binary"":""50-00-6C-00-75-00-67-00-50-00-6C-00-61-00-79-00-2F-00-31-00-00-00""}}"
651,651,2025-02-04 03:17:28.8733496,7036,Info,Service Control Manager,System,396,2248,WIN-TFHMB3RRSQV,5,,Service started or stopped,,,Name: Windows Search | Windows Search,Status: stopped,,,,,,False,example_files\original\C\Windows\System32\winevt\logs\System.evtx,"Audit success, classic",0,"{""EventData"":{""Data"":[{""@Name"":""param1"",""#text"":""Windows Search""},{""@Name"":""param2"",""#text"":""stopped""}],""Binary"":""57-00-53-00-65-00-61-00-72-00-63-00-68-00-2F-00-31-00-00-00""}}"
652,652,2025-02-04 03:17:29.0917500,109,Info,Microsoft-Windows-Kernel-Power,System,348,352,WIN-TFHMB3RRSQV,5,,,,,,,,,,,,False,example_files\original\C\Windows\System32\winevt\logs\System.evtx,0x8000000000000004,0,"{""EventData"":{""Data"":[{""@Name"":""ShutdownActionType"",""#text"":""6""},{""@Name"":""ShutdownEventCode"",""#text"":""0""},{""@Name"":""ShutdownReason"",""#text"":""0""}]}}"
653,653,2025-02-04 03:17:29.3725505,13,Info,Microsoft-Windows-Kernel-General,System,4,40,WIN-TFHMB3RRSQV,5,,OS was shutdown,,,StopTime: 2025-02-04 03:17:29.3725505,"BootMode: ",,,,,,False,example_files\original\C\Windows\System32\winevt\logs\System.evtx,Classic,0,"{""EventData"":{""Data"":{""@Name"":""StopTime"",""#text"":""2025-02-04 03:17:29.3725505""}}}"
654,654,2025-02-04 03:18:19.6092002,12,Info,Microsoft-Windows-Kernel-General,System,4,8,WIN-TFHMB3RRSQV,5,S-1-5-18,OS was started,,,StartTime: 2025-02-04 03:18:19.3751998,BootMode: Normal boot,,,,,,False,example_files\original\C\Windows\System32\winevt\logs\System.evtx,Classic,0,"{""EventData"":{""Data"":[{""@Name"":""MajorVersion"",""#text"":""6""},{""@Name"":""MinorVersion"",""#text"":""1""},{""@Name"":""BuildVersion"",""#text"":""7601""},{""@Name"":""QfeVersion"",""#text"":""17514""},{""@Name"":""ServiceVersion"",""#text"":""1""},{""@Name"":""BootMode"",""#text"":""0""},{""@Name"":""StartTime"",""#text"":""2025-02-04 03:18:19.3751998""}]}}"
655,655,2025-02-04 03:18:24.7572092,6,Info,Microsoft-Windows-FilterManager,System,4,8,WIN-TFHMB3RRSQV,5,S-1-5-18,,,,,,,,,,,False,example_files\original\C\Windows\System32\winevt\logs\System.evtx,Classic,0,"{""EventData"":{""Data"":[{""@Name"":""FinalStatus"",""#text"":""0x0""},{""@Name"":""DeviceVersionMajor"",""#text"":""6""},{""@Name"":""DeviceVersionMinor"",""#text"":""1""},{""@Name"":""DeviceNameLength"",""#text"":""8""},{""@Name"":""DeviceName"",""#text"":""FileInfo""},{""@Name"":""DeviceTime"",""#text"":""2009-07-14 07:34:25.0000000""}]}}"
656,656,2025-02-04 03:18:28.3140155,26,Info,Microsoft-Windows-Kernel-Processor-Power,System,4,60,WIN-TFHMB3RRSQV,5,S-1-5-18,,,,,,,,,,,False,example_files\original\C\Windows\System32\winevt\logs\System.evtx,Classic,0,"{""EventData"":{""Data"":[{""@Name"":""Group"",""#text"":""0""},{""@Name"":""Number"",""#text"":""0""},{""@Name"":""IdleStateCount"",""#text"":""1""},{""@Name"":""PerfStateCount"",""#text"":""0""},{""@Name"":""ThrottleStateCount"",""#text"":""0""}],""ComplexData"":[{""@Name"":""IdleState"",""#text"":""01""},{""@Name"":""PerfState""}]}}"
657,657,2025-02-04 03:18:28.3140155,26,Info,Microsoft-Windows-Kernel-Processor-Power,System,4,60,WIN-TFHMB3RRSQV,5,S-1-5-18,,,,,,,,,,,False,example_files\original\C\Windows\System32\winevt\logs\System.evtx,Classic,0,"{""EventData"":{""Data"":[{""@Name"":""Group"",""#text"":""0""},{""@Name"":""Number"",""#text"":""1""},{""@Name"":""IdleStateCount"",""#text"":""1""},{""@Name"":""PerfStateCount"",""#text"":""0""},{""@Name"":""ThrottleStateCount"",""#text"":""0""}],""ComplexData"":[{""@Name"":""IdleState"",""#text"":""01""},{""@Name"":""PerfState""}]}}"
658,658,2025-02-04 03:18:28.8444164,7036,Info,Service Control Manager,System,448,564,WIN-TFHMB3RRSQV,5,,Service started or stopped,,,Name: Plug and Play | Plug and Play,Status: running,,,,,,False,example_files\original\C\Windows\System32\winevt\logs\System.evtx,"Audit success, classic",0,"{""EventData"":{""Data"":[{""@Name"":""param1"",""#text"":""Plug and Play""},{""@Name"":""param2"",""#text"":""running""}],""Binary"":""50-00-6C-00-75-00-67-00-50-00-6C-00-61-00-79-00-2F-00-34-00-00-00""}}"
659,659,2025-02-04 03:18:28.8444164,20010,Info,Microsoft-Windows-UserPnp,System,584,600,WIN-TFHMB3RRSQV,5,S-1-5-18,,,,,,,,,,,False,example_files\original\C\Windows\System32\winevt\logs\System.evtx,Classic,0,"{""UserData"":{""INFO_PNP_STATE"":{""InstallSubsystemState"":""True"",""CachingSubsystemState"":""True""}}}"
660,660,2025-02-04 03:18:28.8756165,7036,Info,Service Control Manager,System,448,564,WIN-TFHMB3RRSQV,5,,Service started or stopped,,,Name: Power | Power,Status: running,,,,,,False,example_files\original\C\Windows\System32\winevt\logs\System.evtx,"Audit success, classic",0,"{""EventData"":{""Data"":[{""@Name"":""param1"",""#text"":""Power""},{""@Name"":""param2"",""#text"":""running""}],""Binary"":""50-00-6F-00-77-00-65-00-72-00-2F-00-34-00-00-00""}}"
661,661,2025-02-04 03:18:28.8912165,6,Info,Microsoft-Windows-FilterManager,System,4,64,WIN-TFHMB3RRSQV,5,S-1-5-18,,,,,,,,,,,False,example_files\original\C\Windows\System32\winevt\logs\System.evtx,Classic,0,"{""EventData"":{""Data"":[{""@Name"":""FinalStatus"",""#text"":""0x0""},{""@Name"":""DeviceVersionMajor"",""#text"":""6""},{""@Name"":""DeviceVersionMinor"",""#text"":""1""},{""@Name"":""DeviceNameLength"",""#text"":""5""},{""@Name"":""DeviceName"",""#text"":""luafv""},{""@Name"":""DeviceTime"",""#text"":""2009-07-14 07:26:13.0000000""}]}}"
662,662,2025-02-04 03:18:28.8912165,7036,Info,Service Control Manager,System,448,564,WIN-TFHMB3RRSQV,5,,Service started or stopped,,,Name: DCOM Server Process Launcher | DCOM Server Process Launcher,Status: running,,,,,,False,example_files\original\C\Windows\System32\winevt\logs\System.evtx,"Audit success, classic",0,"{""EventData"":{""Data"":[{""@Name"":""param1"",""#text"":""DCOM Server Process Launcher""},{""@Name"":""param2"",""#text"":""running""}],""Binary"":""44-00-63-00-6F-00-6D-00-4C-00-61-00-75-00-6E-00-63-00-68-00-2F-00-34-00-00-00""}}"
663,663,2025-02-04 03:18:28.9068165,7036,Info,Service Control Manager,System,448,564,WIN-TFHMB3RRSQV,5,,Service started or stopped,,,Name: RPC Endpoint Mapper | RPC Endpoint Mapper,Status: running,,,,,,False,example_files\original\C\Windows\System32\winevt\logs\System.evtx,"Audit success, classic",0,"{""EventData"":{""Data"":[{""@Name"":""param1"",""#text"":""RPC Endpoint Mapper""},{""@Name"":""param2"",""#text"":""running""}],""Binary"":""52-00-70-00-63-00-45-00-70-00-74-00-4D-00-61-00-70-00-70-00-65-00-72-00-2F-00-34-00-00-00""}}"
664,664,2025-02-04 03:18:28.9224166,7036,Info,Service Control Manager,System,448,564,WIN-TFHMB3RRSQV,5,,Service started or stopped,,,Name: Remote Procedure Call (RPC) | Remote Procedure Call (RPC),Status: running,,,,,,False,example_files\original\C\Windows\System32\winevt\logs\System.evtx,"Audit success, classic",0,"{""EventData"":{""Data"":[{""@Name"":""param1"",""#text"":""Remote Procedure Call (RPC)""},{""@Name"":""param2"",""#text"":""running""}],""Binary"":""52-00-70-00-63-00-53-00-73-00-2F-00-34-00-00-00""}}"
665,665,2025-02-04 03:18:28.9848167,7036,Info,Service Control Manager,System,448,560,WIN-TFHMB3RRSQV,5,,Service started or stopped,,,Name: Windows Event Log | Windows Event Log,Status: running,,,,,,False,example_files\original\C\Windows\System32\winevt\logs\System.evtx,"Audit success, classic",0,"{""EventData"":{""Data"":[{""@Name"":""param1"",""#text"":""Windows Event Log""},{""@Name"":""param2"",""#text"":""running""}],""Binary"":""65-00-76-00-65-00-6E-00-74-00-6C-00-6F-00-67-00-2F-00-34-00-00-00""}}"
666,666,2025-02-04 03:18:29.0472168,7036,Info,Service Control Manager,System,448,560,WIN-TFHMB3RRSQV,5,,Service started or stopped,,,Name: Multimedia Class Scheduler | Multimedia Class Scheduler,Status: running,,,,,,False,example_files\original\C\Windows\System32\winevt\logs\System.evtx,"Audit success, classic",0,"{""EventData"":{""Data"":[{""@Name"":""param1"",""#text"":""Multimedia Class Scheduler""},{""@Name"":""param2"",""#text"":""running""}],""Binary"":""4D-00-4D-00-43-00-53-00-53-00-2F-00-34-00-00-00""}}"
667,667,2025-02-04 03:18:29.0628168,7036,Info,Service Control Manager,System,448,560,WIN-TFHMB3RRSQV,5,,Service started or stopped,,,Name: Windows Audio Endpoint Builder | Windows Audio Endpoint Builder,Status: running,,,,,,False,example_files\original\C\Windows\System32\winevt\logs\System.evtx,"Audit success, classic",0,"{""EventData"":{""Data"":[{""@Name"":""param1"",""#text"":""Windows Audio Endpoint Builder""},{""@Name"":""param2"",""#text"":""running""}],""Binary"":""41-00-75-00-64-00-69-00-6F-00-45-00-6E-00-64-00-70-00-6F-00-69-00-6E-00-74-00-42-00-75-00-69-00-6C-00-64-00-65-00-72-00-2F-00-34-00-00-00""}}"
668,668,2025-02-04 03:18:29.1096169,7036,Info,Service Control Manager,System,448,560,WIN-TFHMB3RRSQV,5,,Service started or stopped,,,Name: Windows Audio | Windows Audio,Status: running,,,,,,False,example_files\original\C\Windows\System32\winevt\logs\System.evtx,"Audit success, classic",0,"{""EventData"":{""Data"":[{""@Name"":""param1"",""#text"":""Windows Audio""},{""@Name"":""param2"",""#text"":""running""}],""Binary"":""41-00-75-00-64-00-69-00-6F-00-53-00-72-00-76-00-2F-00-34-00-00-00""}}"
669,669,2025-02-04 03:18:29.1408169,7036,Info,Service Control Manager,System,448,564,WIN-TFHMB3RRSQV,5,,Service started or stopped,,,Name: Themes | Themes,Status: running,,,,,,False,example_files\original\C\Windows\System32\winevt\logs\System.evtx,"Audit success, classic",0,"{""EventData"":{""Data"":[{""@Name"":""param1"",""#text"":""Themes""},{""@Name"":""param2"",""#text"":""running""}],""Binary"":""54-00-68-00-65-00-6D-00-65-00-73-00-2F-00-34-00-00-00""}}"
670,670,2025-02-04 03:18:29.1408169,7036,Info,Service Control Manager,System,448,560,WIN-TFHMB3RRSQV,5,,Service started or stopped,,,Name: Group Policy Client | Group Policy Client,Status: running,,,,,,False,example_files\original\C\Windows\System32\winevt\logs\System.evtx,"Audit success, classic",0,"{""EventData"":{""Data"":[{""@Name"":""param1"",""#text"":""Group Policy Client""},{""@Name"":""param2"",""#text"":""running""}],""Binary"":""67-00-70-00-73-00-76-00-63-00-2F-00-34-00-00-00""}}"
671,671,2025-02-04 03:18:29.1408169,7036,Info,Service Control Manager,System,448,560,WIN-TFHMB3RRSQV,5,,Service started or stopped,,,Name: User Profile Service | User Profile Service,Status: running,,,,,,False,example_files\original\C\Windows\System32\winevt\logs\System.evtx,"Audit success, classic",0,"{""EventData"":{""Data"":[{""@Name"":""param1"",""#text"":""User Profile Service""},{""@Name"":""param2"",""#text"":""running""}],""Binary"":""50-00-72-00-6F-00-66-00-53-00-76-00-63-00-2F-00-34-00-00-00""}}"
672,672,2025-02-04 03:18:29.1564170,7036,Info,Service Control Manager,System,448,564,WIN-TFHMB3RRSQV,5,,Service started or stopped,,,Name: Offline Files | Offline Files,Status: running,,,,,,False,example_files\original\C\Windows\System32\winevt\logs\System.evtx,"Audit success, classic",0,"{""EventData"":{""Data"":[{""@Name"":""param1"",""#text"":""Offline Files""},{""@Name"":""param2"",""#text"":""running""}],""Binary"":""43-00-73-00-63-00-53-00-65-00-72-00-76-00-69-00-63-00-65-00-2F-00-34-00-00-00""}}"
673,673,2025-02-04 03:18:29.1564170,7036,Info,Service Control Manager,System,448,564,WIN-TFHMB3RRSQV,5,,Service started or stopped,,,Name: COM+ Event System | COM+ Event System,Status: running,,,,,,False,example_files\original\C\Windows\System32\winevt\logs\System.evtx,"Audit success, classic",0,"{""EventData"":{""Data"":[{""@Name"":""param1"",""#text"":""COM+ Event System""},{""@Name"":""param2"",""#text"":""running""}],""Binary"":""45-00-76-00-65-00-6E-00-74-00-53-00-79-00-73-00-74-00-65-00-6D-00-2F-00-34-00-00-00""}}"
674,674,2025-02-04 03:18:29.1564170,7036,Info,Service Control Manager,System,448,564,WIN-TFHMB3RRSQV,5,,Service started or stopped,,,Name: System Event Notification Service | System Event Notification Service,Status: running,,,,,,False,example_files\original\C\Windows\System32\winevt\logs\System.evtx,"Audit success, classic",0,"{""EventData"":{""Data"":[{""@Name"":""param1"",""#text"":""System Event Notification Service""},{""@Name"":""param2"",""#text"":""running""}],""Binary"":""53-00-45-00-4E-00-53-00-2F-00-34-00-00-00""}}"
675,675,2025-02-04 03:18:29.1564170,7036,Info,Service Control Manager,System,448,564,WIN-TFHMB3RRSQV,5,,Service started or stopped,,,Name: Desktop Window Manager Session Manager | Desktop Window Manager Session Manager,Status: running,,,,,,False,example_files\original\C\Windows\System32\winevt\logs\System.evtx,"Audit success, classic",0,"{""EventData"":{""Data"":[{""@Name"":""param1"",""#text"":""Desktop Window Manager Session Manager""},{""@Name"":""param2"",""#text"":""running""}],""Binary"":""55-00-78-00-53-00-6D-00-73-00-2F-00-34-00-00-00""}}"
676,676,2025-02-04 03:18:29.1720170,7036,Info,Service Control Manager,System,448,560,WIN-TFHMB3RRSQV,5,,Service started or stopped,,,Name: Security Accounts Manager | Security Accounts Manager,Status: running,,,,,,False,example_files\original\C\Windows\System32\winevt\logs\System.evtx,"Audit success, classic",0,"{""EventData"":{""Data"":[{""@Name"":""param1"",""#text"":""Security Accounts Manager""},{""@Name"":""param2"",""#text"":""running""}],""Binary"":""53-00-61-00-6D-00-53-00-73-00-2F-00-34-00-00-00""}}"
677,677,2025-02-04 03:18:29.1876170,7036,Info,Service Control Manager,System,448,560,WIN-TFHMB3RRSQV,5,,Service started or stopped,,,Name: Windows Driver Foundation - User-mode Driver Framework | Windows Driver Foundation - User-mode Driver Framework,Status: running,,,,,,False,example_files\original\C\Windows\System32\winevt\logs\System.evtx,"Audit success, classic",0,"{""EventData"":{""Data"":[{""@Name"":""param1"",""#text"":""Windows Driver Foundation - User-mode Driver Framework""},{""@Name"":""param2"",""#text"":""running""}],""Binary"":""77-00-75-00-64-00-66-00-73-00-76-00-63-00-2F-00-34-00-00-00""}}"
678,678,2025-02-04 03:18:29.2812172,7036,Info,Service Control Manager,System,448,556,WIN-TFHMB3RRSQV,5,,Service started or stopped,,,Name: Network Store Interface Service | Network Store Interface Service,Status: running,,,,,,False,example_files\original\C\Windows\System32\winevt\logs\System.evtx,"Audit success, classic",0,"{""EventData"":{""Data"":[{""@Name"":""param1"",""#text"":""Network Store Interface Service""},{""@Name"":""param2"",""#text"":""running""}],""Binary"":""6E-00-73-00-69-00-2F-00-34-00-00-00""}}"
679,679,2025-02-04 03:18:29.2812172,7036,Info,Service Control Manager,System,448,564,WIN-TFHMB3RRSQV,5,,Service started or stopped,,,Name: TCP/IP NetBIOS Helper | TCP/IP NetBIOS Helper,Status: running,,,,,,False,example_files\original\C\Windows\System32\winevt\logs\System.evtx,"Audit success, classic",0,"{""EventData"":{""Data"":[{""@Name"":""param1"",""#text"":""TCP/IP NetBIOS Helper""},{""@Name"":""param2"",""#text"":""running""}],""Binary"":""6C-00-6D-00-68-00-6F-00-73-00-74-00-73-00-2F-00-34-00-00-00""}}"
680,680,2025-02-04 03:18:29.2812172,50036,Info,Microsoft-Windows-Dhcp-Client,System,720,972,WIN-TFHMB3RRSQV,5,S-1-5-19,,,,,,,,,,,False,example_files\original\C\Windows\System32\winevt\logs\System.evtx,0x2000000000000000,0,"{""EventData"":""""}"
681,681,2025-02-04 03:18:29.2968172,51046,Info,Microsoft-Windows-DHCPv6-Client,System,720,372,WIN-TFHMB3RRSQV,5,S-1-5-19,,,,,,,,,,,False,example_files\original\C\Windows\System32\winevt\logs\System.evtx,0x2000000000000000,0,"{""EventData"":""""}"
682,682,2025-02-04 03:18:29.2968172,7036,Info,Service Control Manager,System,448,556,WIN-TFHMB3RRSQV,5,,Service started or stopped,,,Name: DHCP Client | DHCP Client,Status: running,,,,,,False,example_files\original\C\Windows\System32\winevt\logs\System.evtx,"Audit success, classic",0,"{""EventData"":{""Data"":[{""@Name"":""param1"",""#text"":""DHCP Client""},{""@Name"":""param2"",""#text"":""running""}],""Binary"":""44-00-68-00-63-00-70-00-2F-00-34-00-00-00""}}"
683,683,2025-02-04 03:18:29.3224178,7036,Info,Service Control Manager,System,448,564,WIN-TFHMB3RRSQV,5,,Service started or stopped,,,Name: DNS Client | DNS Client,Status: running,,,,,,False,example_files\original\C\Windows\System32\winevt\logs\System.evtx,"Audit success, classic",0,"{""EventData"":{""Data"":[{""@Name"":""param1"",""#text"":""DNS Client""},{""@Name"":""param2"",""#text"":""running""}],""Binary"":""44-00-6E-00-73-00-63-00-61-00-63-00-68-00-65-00-2F-00-34-00-00-00""}}"
684,684,2025-02-04 03:18:29.3334184,7036,Info,Service Control Manager,System,448,564,WIN-TFHMB3RRSQV,5,,Service started or stopped,,,Name: Shell Hardware Detection | Shell Hardware Detection,Status: running,,,,,,False,example_files\original\C\Windows\System32\winevt\logs\System.evtx,"Audit success, classic",0,"{""EventData"":{""Data"":[{""@Name"":""param1"",""#text"":""Shell Hardware Detection""},{""@Name"":""param2"",""#text"":""running""}],""Binary"":""53-00-68-00-65-00-6C-00-6C-00-48-00-57-00-44-00-65-00-74-00-65-00-63-00-74-00-69-00-6F-00-6E-00-2F-00-34-00-00-00""}}"
685,685,2025-02-04 03:18:29.4724197,7036,Info,Service Control Manager,System,448,564,WIN-TFHMB3RRSQV,5,,Service started or stopped,,,Name: Task Scheduler | Task Scheduler,Status: running,,,,,,False,example_files\original\C\Windows\System32\winevt\logs\System.evtx,"Audit success, classic",0,"{""EventData"":{""Data"":[{""@Name"":""param1"",""#text"":""Task Scheduler""},{""@Name"":""param2"",""#text"":""running""}],""Binary"":""53-00-63-00-68-00-65-00-64-00-75-00-6C-00-65-00-2F-00-34-00-00-00""}}"
686,686,2025-02-04 03:18:29.4924197,7036,Info,Service Control Manager,System,448,556,WIN-TFHMB3RRSQV,5,,Service started or stopped,,,Name: Print Spooler | Print Spooler,Status: running,,,,,,False,example_files\original\C\Windows\System32\winevt\logs\System.evtx,"Audit success, classic",0,"{""EventData"":{""Data"":[{""@Name"":""param1"",""#text"":""Print Spooler""},{""@Name"":""param2"",""#text"":""running""}],""Binary"":""53-00-70-00-6F-00-6F-00-6C-00-65-00-72-00-2F-00-34-00-00-00""}}"
687,687,2025-02-04 03:18:29.5524198,7036,Info,Service Control Manager,System,448,556,WIN-TFHMB3RRSQV,5,,Service started or stopped,,,Name: Base Filtering Engine | Base Filtering Engine,Status: running,,,,,,False,example_files\original\C\Windows\System32\winevt\logs\System.evtx,"Audit success, classic",0,"{""EventData"":{""Data"":[{""@Name"":""param1"",""#text"":""Base Filtering Engine""},{""@Name"":""param2"",""#text"":""running""}],""Binary"":""42-00-46-00-45-00-2F-00-34-00-00-00""}}"
688,688,2025-02-04 03:18:29.5724198,7036,Info,Service Control Manager,System,448,556,WIN-TFHMB3RRSQV,5,,Service started or stopped,,,Name: Windows Firewall | Windows Firewall,Status: running,,,,,,False,example_files\original\C\Windows\System32\winevt\logs\System.evtx,"Audit success, classic",0,"{""EventData"":{""Data"":[{""@Name"":""param1"",""#text"":""Windows Firewall""},{""@Name"":""param2"",""#text"":""running""}],""Binary"":""4D-00-70-00-73-00-53-00-76-00-63-00-2F-00-34-00-00-00""}}"
689,689,2025-02-04 03:18:29.5824199,7036,Info,Service Control Manager,System,448,556,WIN-TFHMB3RRSQV,5,,Service started or stopped,,,Name: Workstation | Workstation,Status: running,,,,,,False,example_files\original\C\Windows\System32\winevt\logs\System.evtx,"Audit success, classic",0,"{""EventData"":{""Data"":[{""@Name"":""param1"",""#text"":""Workstation""},{""@Name"":""param2"",""#text"":""running""}],""Binary"":""4C-00-61-00-6E-00-6D-00-61-00-6E-00-57-00-6F-00-72-00-6B-00-73-00-74-00-61-00-74-00-69-00-6F-00-6E-00-2F-00-34-00-00-00""}}"
690,690,2025-02-04 03:18:29.5924199,7036,Info,Service Control Manager,System,448,556,WIN-TFHMB3RRSQV,5,,Service started or stopped,,,Name: Cryptographic Services | Cryptographic Services,Status: running,,,,,,False,example_files\original\C\Windows\System32\winevt\logs\System.evtx,"Audit success, classic",0,"{""EventData"":{""Data"":[{""@Name"":""param1"",""#text"":""Cryptographic Services""},{""@Name"":""param2"",""#text"":""running""}],""Binary"":""43-00-72-00-79-00-70-00-74-00-53-00-76-00-63-00-2F-00-34-00-00-00""}}"
691,691,2025-02-04 03:18:29.6224199,7036,Info,Service Control Manager,System,448,564,WIN-TFHMB3RRSQV,5,,Service started or stopped,,,Name: Diagnostic Policy Service | Diagnostic Policy Service,Status: running,,,,,,False,example_files\original\C\Windows\System32\winevt\logs\System.evtx,"Audit success, classic",0,"{""EventData"":{""Data"":[{""@Name"":""param1"",""#text"":""Diagnostic Policy Service""},{""@Name"":""param2"",""#text"":""running""}],""Binary"":""44-00-50-00-53-00-2F-00-34-00-00-00""}}"
692,692,2025-02-04 03:18:29.6224199,201,Info,Microsoft-Windows-Application-Experience,System,804,1252,WIN-TFHMB3RRSQV,5,S-1-5-18,,,,,,,,,,,False,example_files\original\C\Windows\System32\winevt\logs\System.evtx,Classic,0,"{""EventData"":""""}"
693,693,2025-02-04 03:18:29.6224199,7036,Info,Service Control Manager,System,448,556,WIN-TFHMB3RRSQV,5,,Service started or stopped,,,Name: Program Compatibility Assistant Service | Program Compatibility Assistant Service,Status: running,,,,,,False,example_files\original\C\Windows\System32\winevt\logs\System.evtx,"Audit success, classic",0,"{""EventData"":{""Data"":[{""@Name"":""param1"",""#text"":""Program Compatibility Assistant Service""},{""@Name"":""param2"",""#text"":""running""}],""Binary"":""50-00-63-00-61-00-53-00-76-00-63-00-2F-00-34-00-00-00""}}"
694,694,2025-02-04 03:18:29.6384203,7036,Info,Service Control Manager,System,448,556,WIN-TFHMB3RRSQV,5,,Service started or stopped,,,Name: Superfetch | Superfetch,Status: running,,,,,,False,example_files\original\C\Windows\System32\winevt\logs\System.evtx,"Audit success, classic",0,"{""EventData"":{""Data"":[{""@Name"":""param1"",""#text"":""Superfetch""},{""@Name"":""param2"",""#text"":""running""}],""Binary"":""53-00-79-00-73-00-4D-00-61-00-69-00-6E-00-2F-00-34-00-00-00""}}"
695,695,2025-02-04 03:18:29.6594215,7036,Info,Service Control Manager,System,448,556,WIN-TFHMB3RRSQV,5,,Service started or stopped,,,Name: Network Location Awareness | Network Location Awareness,Status: running,,,,,,False,example_files\original\C\Windows\System32\winevt\logs\System.evtx,"Audit success, classic",0,"{""EventData"":{""Data"":[{""@Name"":""param1"",""#text"":""Network Location Awareness""},{""@Name"":""param2"",""#text"":""running""}],""Binary"":""4E-00-6C-00-61-00-53-00-76-00-63-00-2F-00-34-00-00-00""}}"
696,696,2025-02-04 03:18:29.6634217,7036,Info,Service Control Manager,System,448,556,WIN-TFHMB3RRSQV,5,,Service started or stopped,,,Name: Distributed Link Tracking Client | Distributed Link Tracking Client,Status: running,,,,,,False,example_files\original\C\Windows\System32\winevt\logs\System.evtx,"Audit success, classic",0,"{""EventData"":{""Data"":[{""@Name"":""param1"",""#text"":""Distributed Link Tracking Client""},{""@Name"":""param2"",""#text"":""running""}],""Binary"":""54-00-72-00-6B-00-57-00-6B-00-73-00-2F-00-34-00-00-00""}}"
697,697,2025-02-04 03:18:29.6794226,7036,Info,Service Control Manager,System,448,556,WIN-TFHMB3RRSQV,5,,Service started or stopped,,,Name: Windows Management Instrumentation | Windows Management Instrumentation,Status: running,,,,,,False,example_files\original\C\Windows\System32\winevt\logs\System.evtx,"Audit success, classic",0,"{""EventData"":{""Data"":[{""@Name"":""param1"",""#text"":""Windows Management Instrumentation""},{""@Name"":""param2"",""#text"":""running""}],""Binary"":""57-00-69-00-6E-00-6D-00-67-00-6D-00-74-00-2F-00-34-00-00-00""}}"
698,698,2025-02-04 03:18:29.6844229,7036,Info,Service Control Manager,System,448,556,WIN-TFHMB3RRSQV,5,,Service started or stopped,,,Name: IP Helper | IP Helper,Status: running,,,,,,False,example_files\original\C\Windows\System32\winevt\logs\System.evtx,"Audit success, classic",0,"{""EventData"":{""Data"":[{""@Name"":""param1"",""#text"":""IP Helper""},{""@Name"":""param2"",""#text"":""running""}],""Binary"":""69-00-70-00-68-00-6C-00-70-00-73-00-76-00-63-00-2F-00-34-00-00-00""}}"
699,699,2025-02-04 03:18:29.7744275,7036,Info,Service Control Manager,System,448,568,WIN-TFHMB3RRSQV,5,,Service started or stopped,,,Name: Server | Server,Status: running,,,,,,False,example_files\original\C\Windows\System32\winevt\logs\System.evtx,"Audit success, classic",0,"{""EventData"":{""Data"":[{""@Name"":""param1"",""#text"":""Server""},{""@Name"":""param2"",""#text"":""running""}],""Binary"":""4C-00-61-00-6E-00-6D-00-61-00-6E-00-53-00-65-00-72-00-76-00-65-00-72-00-2F-00-34-00-00-00""}}"
700,700,2025-02-04 03:18:29.8044275,7036,Info,Service Control Manager,System,448,576,WIN-TFHMB3RRSQV,5,,Service started or stopped,,,Name: Network List Service | Network List Service,Status: running,,,,,,False,example_files\original\C\Windows\System32\winevt\logs\System.evtx,"Audit success, classic",0,"{""EventData"":{""Data"":[{""@Name"":""param1"",""#text"":""Network List Service""},{""@Name"":""param2"",""#text"":""running""}],""Binary"":""6E-00-65-00-74-00-70-00-72-00-6F-00-66-00-6D-00-2F-00-34-00-00-00""}}"
701,701,2025-02-04 03:18:29.8144275,7036,Info,Service Control Manager,System,448,564,WIN-TFHMB3RRSQV,5,,Service started or stopped,,,Name: Diagnostic Service Host | Diagnostic Service Host,Status: running,,,,,,False,example_files\original\C\Windows\System32\winevt\logs\System.evtx,"Audit success, classic",0,"{""EventData"":{""Data"":[{""@Name"":""param1"",""#text"":""Diagnostic Service Host""},{""@Name"":""param2"",""#text"":""running""}],""Binary"":""57-00-64-00-69-00-53-00-65-00-72-00-76-00-69-00-63-00-65-00-48-00-6F-00-73-00-74-00-2F-00-34-00-00-00""}}"
702,702,2025-02-04 03:18:29.8244276,7036,Info,Service Control Manager,System,448,564,WIN-TFHMB3RRSQV,5,,Service started or stopped,,,Name: Diagnostic System Host | Diagnostic System Host,Status: running,,,,,,False,example_files\original\C\Windows\System32\winevt\logs\System.evtx,"Audit success, classic",296,"{""EventData"":{""Data"":[{""@Name"":""param1"",""#text"":""Diagnostic System Host""},{""@Name"":""param2"",""#text"":""running""}],""Binary"":""57-00-64-00-69-00-53-00-79-00-73-00-74-00-65-00-6D-00-48-00-6F-00-73-00-74-00-2F-00-34-00-00-00""}}"
703,703,2025-02-04 03:18:29.8664288,7036,Info,Service Control Manager,System,448,564,WIN-TFHMB3RRSQV,5,,Service started or stopped,,,Name: Remote Desktop Services | Remote Desktop Services,Status: running,,,,,,False,example_files\original\C\Windows\System32\winevt\logs\System.evtx,"Audit success, classic",0,"{""EventData"":{""Data"":[{""@Name"":""param1"",""#text"":""Remote Desktop Services""},{""@Name"":""param2"",""#text"":""running""}],""Binary"":""54-00-65-00-72-00-6D-00-53-00-65-00-72-00-76-00-69-00-63-00-65-00-2F-00-34-00-00-00""}}"
704,704,2025-02-04 03:18:29.8714291,7036,Info,Service Control Manager,System,448,564,WIN-TFHMB3RRSQV,5,,Service started or stopped,,,Name: Portable Device Enumerator Service | Portable Device Enumerator Service,Status: running,,,,,,False,example_files\original\C\Windows\System32\winevt\logs\System.evtx,"Audit success, classic",312,"{""EventData"":{""Data"":[{""@Name"":""param1"",""#text"":""Portable Device Enumerator Service""},{""@Name"":""param2"",""#text"":""running""}],""Binary"":""57-00-50-00-44-00-42-00-75-00-73-00-45-00-6E-00-75-00-6D-00-2F-00-34-00-00-00""}}"
705,705,2025-02-04 03:18:29.9364317,7036,Info,Service Control Manager,System,448,576,WIN-TFHMB3RRSQV,5,,Service started or stopped,,,Name: Remote Desktop Services UserMode Port Redirector | Remote Desktop Services UserMode Port Redirector,Status: running,,,,,,False,example_files\original\C\Windows\System32\winevt\logs\System.evtx,"Audit success, classic",0,"{""EventData"":{""Data"":[{""@Name"":""param1"",""#text"":""Remote Desktop Services UserMode Port Redirector""},{""@Name"":""param2"",""#text"":""running""}],""Binary"":""55-00-6D-00-52-00-64-00-70-00-53-00-65-00-72-00-76-00-69-00-63-00-65-00-2F-00-34-00-00-00""}}"
706,706,2025-02-04 03:18:29.9564318,7036,Info,Service Control Manager,System,448,564,WIN-TFHMB3RRSQV,5,,Service started or stopped,,,Name: Certificate Propagation | Certificate Propagation,Status: running,,,,,,False,example_files\original\C\Windows\System32\winevt\logs\System.evtx,"Audit success, classic",0,"{""EventData"":{""Data"":[{""@Name"":""param1"",""#text"":""Certificate Propagation""},{""@Name"":""param2"",""#text"":""running""}],""Binary"":""43-00-65-00-72-00-74-00-50-00-72-00-6F-00-70-00-53-00-76-00-63-00-2F-00-34-00-00-00""}}"
707,707,2025-02-04 03:18:30.0264319,7036,Info,Service Control Manager,System,448,564,WIN-TFHMB3RRSQV,5,,Service started or stopped,,,Name: Remote Desktop Configuration | Remote Desktop Configuration,Status: running,,,,,,False,example_files\original\C\Windows\System32\winevt\logs\System.evtx,"Audit success, classic",0,"{""EventData"":{""Data"":[{""@Name"":""param1"",""#text"":""Remote Desktop Configuration""},{""@Name"":""param2"",""#text"":""running""}],""Binary"":""53-00-65-00-73-00-73-00-69-00-6F-00-6E-00-45-00-6E-00-76-00-2F-00-34-00-00-00""}}"
708,708,2025-02-04 03:18:33.3464365,7036,Info,Service Control Manager,System,448,564,WIN-TFHMB3RRSQV,5,,Service started or stopped,,,Name: WinHTTP Web Proxy Auto-Discovery Service | WinHTTP Web Proxy Auto-Discovery Service,Status: running,,,,,,False,example_files\original\C\Windows\System32\winevt\logs\System.evtx,"Audit success, classic",0,"{""EventData"":{""Data"":[{""@Name"":""param1"",""#text"":""WinHTTP Web Proxy Auto-Discovery Service""},{""@Name"":""param2"",""#text"":""running""}],""Binary"":""57-00-69-00-6E-00-48-00-74-00-74-00-70-00-41-00-75-00-74-00-6F-00-50-00-72-00-6F-00-78-00-79-00-53-00-76-00-63-00-2F-00-34-00-00-00""}}"
